<?xml version="1.0" encoding="utf-8"?>
<Root CoveredStatements="1306" TotalStatements="4781" CoveragePercent="27" ReportType="DetailedXml" DotCoverVersion="2023.2.3">
  <FileIndices>
    <File Index="1" Name="D:\Codes\CoffeeSpace\CoffeeSpace.ProductApi\Application\Contracts\Requests\CreateProductRequest.cs" ChecksumAlgorithm="SHA256" Checksum="083C6C9885E41D25335F0E2BEDDAEAB8ACC9BCED22B1A0B2BEC30A73D9B14ADC" />
    <File Index="2" Name="D:\Codes\CoffeeSpace\CoffeeSpace.ProductApi\Application\Contracts\Requests\DeleteProductByIdRequest.cs" ChecksumAlgorithm="SHA256" Checksum="E9B2E948891540AAE97C54315CE46697357C31A04AA28EFB076BD6691284AE9E" />
    <File Index="3" Name="D:\Codes\CoffeeSpace\CoffeeSpace.ProductApi\Application\Contracts\Requests\GetPagedProductsRequest.cs" ChecksumAlgorithm="SHA256" Checksum="7D72376308BA4ED70EE74AF4D500FC97EF83038EDF53E2B1AD5D5B301E49FB29" />
    <File Index="4" Name="D:\Codes\CoffeeSpace\CoffeeSpace.ProductApi\Application\Contracts\Requests\GetProductByIdRequest.cs" ChecksumAlgorithm="SHA256" Checksum="0C5C6308C7237CC7B06C26D16454E2B073EE83227AEA155C5B3DA0A3D848A014" />
    <File Index="5" Name="D:\Codes\CoffeeSpace\CoffeeSpace.ProductApi\Application\Contracts\Requests\UpdateProductRequest.cs" ChecksumAlgorithm="SHA256" Checksum="3BE9CB85A268196A03D274BF42FF007BD3592BB380735DC00069397D4F9A0211" />
    <File Index="6" Name="D:\Codes\CoffeeSpace\CoffeeSpace.ProductApi\Application\Contracts\Responses\ProductResponse.cs" ChecksumAlgorithm="SHA256" Checksum="E8E24F7E61C01F6327E36D41AC3B9F5BCB804D0F325F8591E930C50CBBE2032C" />
    <File Index="7" Name="D:\Codes\CoffeeSpace\CoffeeSpace.ProductApi\Application\Extensions\ApiVersionExtensions.cs" ChecksumAlgorithm="SHA256" Checksum="D70F53C8EF5D9614A8A3C4E671AE6B7D13AB2442D08A6FCD609F44DBF02CEB76" />
    <File Index="8" Name="D:\Codes\CoffeeSpace\CoffeeSpace.ProductApi\Application\Extensions\HealthChecksExtensions.cs" ChecksumAlgorithm="SHA256" Checksum="5AEFB4BB5FC78476479BB225CA36E8B316A75914460DE63D4A58A89A4C768622" />
    <File Index="9" Name="D:\Codes\CoffeeSpace\CoffeeSpace.ProductApi\Application\Extensions\PagedListExtensions.cs" ChecksumAlgorithm="SHA256" Checksum="39786AA8F8A2011C9766027F616893FDE68414B928ED73DBC4548D89C7DB90FE" />
    <File Index="10" Name="D:\Codes\CoffeeSpace\CoffeeSpace.ProductApi\Application\Helpers\ApiEndpoints.cs" ChecksumAlgorithm="SHA256" Checksum="6B8356D40914E47CC7A0BDDE1808A35E8DB7E18204957E9AFAE05CD004523508" />
    <File Index="11" Name="D:\Codes\CoffeeSpace\CoffeeSpace.ProductApi\Application\Helpers\CacheKeys.cs" ChecksumAlgorithm="SHA256" Checksum="54803A9839E3A8950F87641DE9090F4552E76AA51F2F4A6B74B407E40EFA5F0D" />
    <File Index="12" Name="D:\Codes\CoffeeSpace\CoffeeSpace.ProductApi\Application\Helpers\PagedList.cs" ChecksumAlgorithm="SHA256" Checksum="7E2E9C9F16CD694D9A4890263F4DCABA9DAFBCF97C94FE7408FDC2FCA9B97CD3" />
    <File Index="13" Name="D:\Codes\CoffeeSpace\CoffeeSpace.ProductApi\Application\Mapping\ProductMappingConfig.cs" ChecksumAlgorithm="SHA256" Checksum="16A1826C276F911023B1C50635BEB65F3B6D61E3DC04E9CB5C3F47A3A8BF3619" />
    <File Index="14" Name="D:\Codes\CoffeeSpace\CoffeeSpace.ProductApi\Application\Messages\Consumers\OrderStockValidationConsumer.cs" ChecksumAlgorithm="SHA256" Checksum="6EBCB4C2E2182D5050A31A9EFFB28FBD8B844F152CED49C6F31424986E520803" />
    <File Index="15" Name="D:\Codes\CoffeeSpace\CoffeeSpace.ProductApi\Application\Repositories\Abstractions\IProductRepository.cs" ChecksumAlgorithm="SHA256" Checksum="548400AA5AF3A2FCABAC7A1DFEB58BCFB456210124F3F52D7E410257C1C4B069" />
    <File Index="16" Name="D:\Codes\CoffeeSpace\CoffeeSpace.ProductApi\Application\Repositories\CachedProductRepository.cs" ChecksumAlgorithm="SHA256" Checksum="132A58EECC8EDECD94A6D11F832829C21BFE4871892211EC3A66A64445C8622F" />
    <File Index="17" Name="D:\Codes\CoffeeSpace\CoffeeSpace.ProductApi\Application\Repositories\ProductRepository.cs" ChecksumAlgorithm="SHA256" Checksum="235128A69ADAEA80A0C1C32A7CAA7A7FA903BA49A7D990736EDA9BE09E1EB10E" />
    <File Index="18" Name="D:\Codes\CoffeeSpace\CoffeeSpace.ProductApi\Application\Validators\CreateProductRequestValidator.cs" ChecksumAlgorithm="SHA256" Checksum="DE480C396A89EC653E947B5F610CA6F2B63F9ABEF8605455A141B4540857F7BE" />
    <File Index="19" Name="D:\Codes\CoffeeSpace\CoffeeSpace.ProductApi\Application\Validators\ProductResponseValidator.cs" ChecksumAlgorithm="SHA256" Checksum="02CADB9B23DA9E24CCA78A6770974B2481A6EF34EB1E56A08928324EFD425AF6" />
    <File Index="20" Name="D:\Codes\CoffeeSpace\CoffeeSpace.ProductApi\Application\Validators\UpdateProductRequestValidator.cs" ChecksumAlgorithm="SHA256" Checksum="92572223E40D18DA4A5203807FF7C3FF4AE9529BB95747DEFB7EAC2CD644CB1F" />
    <File Index="21" Name="D:\Codes\CoffeeSpace\CoffeeSpace.ProductApi\Controllers\ProductsController.cs" ChecksumAlgorithm="SHA256" Checksum="972669584AC91E0D6B82E707133DD77E08F4E3F6177F19A283C198D47C269BE0" />
    <File Index="22" Name="D:\Codes\CoffeeSpace\CoffeeSpace.ProductApi\Persistence\Abstractions\IProductDbContext.cs" ChecksumAlgorithm="SHA256" Checksum="6B34A49C2FCFA0F189F1ADF387809BD4EA5F1ABD3D32D3D97D595B0F06961880" />
    <File Index="23" Name="D:\Codes\CoffeeSpace\CoffeeSpace.ProductApi\Persistence\Configurations\ProductConfiguration.cs" ChecksumAlgorithm="SHA256" Checksum="713FA9838C86B8E215211FA9B3D9D489C19EC4C9AC8A1964D7B064AF39D73984" />
    <File Index="24" Name="D:\Codes\CoffeeSpace\CoffeeSpace.ProductApi\Persistence\Migrations\20230617104041_Init.cs" ChecksumAlgorithm="SHA256" Checksum="DCD8B4555F4ED8621101020721988C05486A146C59A733347AAC73F6B829347F" />
    <File Index="25" Name="D:\Codes\CoffeeSpace\CoffeeSpace.ProductApi\Persistence\Migrations\20230617104041_Init.Designer.cs" ChecksumAlgorithm="SHA256" Checksum="87D9384B7E4D9680D2EC58433CCE1D7CB0BABA2AC32CE24EC270A82A1876F595" />
    <File Index="26" Name="D:\Codes\CoffeeSpace\CoffeeSpace.ProductApi\Persistence\Migrations\20230621203400_Increased_MaxSizeOf_Description.cs" ChecksumAlgorithm="SHA256" Checksum="3DB56F203350305798C2B3029B1342C77BDB08D9C0D087959DDC7E374F475AFC" />
    <File Index="27" Name="D:\Codes\CoffeeSpace\CoffeeSpace.ProductApi\Persistence\Migrations\20230621203400_Increased_MaxSizeOf_Description.Designer.cs" ChecksumAlgorithm="SHA256" Checksum="1A1DBC36484F6A48CD6DA4162DBB35D68D58F07E63D4245ADCCA186713783C6A" />
    <File Index="28" Name="D:\Codes\CoffeeSpace\CoffeeSpace.ProductApi\Persistence\Migrations\ProductDbContextModelSnapshot.cs" ChecksumAlgorithm="SHA256" Checksum="45BBC140660CB56861F3559DBB85F2474068C90A0F280B4021D0CBBEC0D1191F" />
    <File Index="29" Name="D:\Codes\CoffeeSpace\CoffeeSpace.ProductApi\Persistence\ProductDbContext.cs" ChecksumAlgorithm="SHA256" Checksum="F6543CA1925FF9E466D3D2E43C715E9F749CE02C1596A4A179363881FB54EBD5" />
    <File Index="30" Name="D:\Codes\CoffeeSpace\CoffeeSpace.ProductApi\Program.cs" ChecksumAlgorithm="SHA256" Checksum="DA52949A59C3E1B8DAF2B1EDD9B0670E985F6CA6751C84408B6F1EA11AEE09E9" />
    <File Index="31" Name="D:\Codes\CoffeeSpace\CoffeeSpace.ProductApi\obj\Debug\net7.0\CoffeeSpace.ProductApi.GlobalUsings.g.cs" ChecksumAlgorithm="SHA256" Checksum="1BC1691037C29525F4B104FE05A77BBEF040A27CCE2AB784ED28226F8C8B5E35" />
    <File Index="32" Name="D:\Codes\CoffeeSpace\CoffeeSpace.ProductApi\obj\Debug\net7.0\.NETCoreApp,Version=v7.0.AssemblyAttributes.cs" ChecksumAlgorithm="SHA256" Checksum="9596DA901062CF5ADD81D66C23696CA92BBFA59C82FE10F4F06D45292E2CB0FF" />
    <File Index="33" Name="D:\Codes\CoffeeSpace\CoffeeSpace.ProductApi\obj\Debug\net7.0\CoffeeSpace.ProductApi.AssemblyInfo.cs" ChecksumAlgorithm="SHA256" Checksum="1808AFE512118A1B1A54FF9A717C93CAFDA23ACAEF95847188D3A3FB35744FB1" />
    <File Index="34" Name="D:\Codes\CoffeeSpace\CoffeeSpace.ProductApi\obj\Debug\net7.0\CoffeeSpace.ProductApi.MvcApplicationPartsAssemblyInfo.cs" ChecksumAlgorithm="SHA256" Checksum="4EE67F18671965F31BB2416794D02DD3A338FD29CE768FAAD1EC304120378AD4" />
    <File Index="35" Name="D:\Codes\CoffeeSpace\CoffeeSpace.ProductApi\Riok.Mapperly\Riok.Mapperly.MapperGenerator\ProductMappingConfig.g.cs" ChecksumAlgorithm="SHA1" Checksum="112A12A76CCC121F90B30797471C956B06F32D96" />
    <File Index="36" Name="D:\Codes\CoffeeSpace\CoffeeSpace.ShipmentService\Consumers\RequestOrderShipmentConsumer.cs" ChecksumAlgorithm="SHA256" Checksum="4E338F9D0F245E3D09B3D589586F4096562713EF0D75F0D4D01FB4E025856F1C" />
    <File Index="37" Name="D:\Codes\CoffeeSpace\CoffeeSpace.ShipmentService\Program.cs" ChecksumAlgorithm="SHA256" Checksum="90043642C7114B655C79CB957D77309E37C2EFED2D8DE7268F3D5A4BA4CBFE06" />
    <File Index="38" Name="D:\Codes\CoffeeSpace\CoffeeSpace.ShipmentService\obj\Debug\net7.0\CoffeeSpace.ShipmentService.GlobalUsings.g.cs" ChecksumAlgorithm="SHA256" Checksum="1BC1691037C29525F4B104FE05A77BBEF040A27CCE2AB784ED28226F8C8B5E35" />
    <File Index="39" Name="D:\Codes\CoffeeSpace\CoffeeSpace.ShipmentService\obj\Debug\net7.0\.NETCoreApp,Version=v7.0.AssemblyAttributes.cs" ChecksumAlgorithm="SHA256" Checksum="9596DA901062CF5ADD81D66C23696CA92BBFA59C82FE10F4F06D45292E2CB0FF" />
    <File Index="40" Name="D:\Codes\CoffeeSpace\CoffeeSpace.ShipmentService\obj\Debug\net7.0\CoffeeSpace.ShipmentService.AssemblyInfo.cs" ChecksumAlgorithm="SHA256" Checksum="CFADFDEDE864570342676F29BCF34A8ED9B3921872D1D0F7DECF14A2BFF89961" />
    <File Index="41" Name="D:\Codes\CoffeeSpace\CoffeeSpace.ShipmentService\obj\Debug\net7.0\CoffeeSpace.ShipmentService.MvcApplicationPartsAssemblyInfo.cs" ChecksumAlgorithm="SHA256" Checksum="6488EDCDB8CF046D273B787929D04536A29E266E11827C176D6B34F451C78224" />
    <File Index="42" Name="D:\Codes\CoffeeSpace\CoffeeSpace.ApiGateway\Extensions\AzureKeyVaultExtensions.cs" ChecksumAlgorithm="SHA256" Checksum="5F52377DCE82089E272901735D8DA745DC63E83686DDA3A4BC4C1E9FB7FEF9C9" />
    <File Index="43" Name="D:\Codes\CoffeeSpace\CoffeeSpace.ApiGateway\Extensions\JwtBearerExtensions.cs" ChecksumAlgorithm="SHA256" Checksum="9ABEE43AEDEA0C7DC1364850BD0AA37110E1A97CAE45200C3FBD20465513EB29" />
    <File Index="44" Name="D:\Codes\CoffeeSpace\CoffeeSpace.ApiGateway\Program.cs" ChecksumAlgorithm="SHA256" Checksum="2E724BE76B844A2326F352BE52817732A7669B4F0768AF57CFAD0D8B28ED1218" />
    <File Index="45" Name="D:\Codes\CoffeeSpace\CoffeeSpace.ApiGateway\Services\PrefixKeyVaultSecretManager.cs" ChecksumAlgorithm="SHA256" Checksum="8EF1C8BC970E9B89868CD088F8A52C177C913D3FC8EF811D7BDB4CF7A2951ECB" />
    <File Index="46" Name="D:\Codes\CoffeeSpace\CoffeeSpace.ApiGateway\obj\Debug\net7.0\CoffeeSpace.ApiGateway.GlobalUsings.g.cs" ChecksumAlgorithm="SHA256" Checksum="1BC1691037C29525F4B104FE05A77BBEF040A27CCE2AB784ED28226F8C8B5E35" />
    <File Index="47" Name="D:\Codes\CoffeeSpace\CoffeeSpace.ApiGateway\obj\Debug\net7.0\.NETCoreApp,Version=v7.0.AssemblyAttributes.cs" ChecksumAlgorithm="SHA256" Checksum="9596DA901062CF5ADD81D66C23696CA92BBFA59C82FE10F4F06D45292E2CB0FF" />
    <File Index="48" Name="D:\Codes\CoffeeSpace\CoffeeSpace.ApiGateway\obj\Debug\net7.0\CoffeeSpace.ApiGateway.AssemblyInfo.cs" ChecksumAlgorithm="SHA256" Checksum="C3B137A8D3B6621E80BE6859E160E2FAB58058621DE9F6376B11D5635AC68664" />
    <File Index="49" Name="D:\Codes\CoffeeSpace\CoffeeSpace.ApiGateway\obj\Debug\net7.0\CoffeeSpace.ApiGateway.MvcApplicationPartsAssemblyInfo.cs" ChecksumAlgorithm="SHA256" Checksum="3982ED1EEDD48CE2BD16E68937A5DB71402E4D3863E6CEB414A4DE910A9555D4" />
    <File Index="50" Name="D:\Codes\CoffeeSpace\CoffeeSpace.IdentityApi\Application\Contracts\Requests\Login\LoginRequest.cs" ChecksumAlgorithm="SHA256" Checksum="4B8A678546A81D097CE5680B853767632D5CC6AF2BF8C4A4FA3D1EAA422DC0CB" />
    <File Index="51" Name="D:\Codes\CoffeeSpace\CoffeeSpace.IdentityApi\Application\Contracts\Requests\Register\RegisterRequest.cs" ChecksumAlgorithm="SHA256" Checksum="D00B4CB0406CC8E5E5D67A748368FEE06F6F68B69274190C48895461839CBE5A" />
    <File Index="52" Name="D:\Codes\CoffeeSpace\CoffeeSpace.IdentityApi\Application\Extensions\ApiVersionExtensions.cs" ChecksumAlgorithm="SHA256" Checksum="3888E2485A0C5CD2D5787F4F36E284C02C40CBCF2C993C2C0E9DEBDFF72AE2CE" />
    <File Index="53" Name="D:\Codes\CoffeeSpace\CoffeeSpace.IdentityApi\Application\Extensions\HealthChecksExtensions.cs" ChecksumAlgorithm="SHA256" Checksum="E5617F3748053E0CC17E70ABA514CDEBF3C36F6F5FADB9F13DDBF9B0A60A1512" />
    <File Index="54" Name="D:\Codes\CoffeeSpace\CoffeeSpace.IdentityApi\Application\Extensions\IdentityExtensions.cs" ChecksumAlgorithm="SHA256" Checksum="EEC1102FEF60DD93155061426077622F476AB15E6CC3D48F5C704AF5E6F80C62" />
    <File Index="55" Name="D:\Codes\CoffeeSpace\CoffeeSpace.IdentityApi\Application\Helpers\ApiEndpoints.cs" ChecksumAlgorithm="SHA256" Checksum="E32B56FC36B45E5B9E2A3128F76531A8B298E398871A0691EC93450B73ECA9A3" />
    <File Index="56" Name="D:\Codes\CoffeeSpace\CoffeeSpace.IdentityApi\Application\Mapping\ApplicationUserMappingProfile.cs" ChecksumAlgorithm="SHA256" Checksum="50D08E406F3F81413211A784F7F2A6DED3B46230C8681983E170270C8CF40673" />
    <File Index="57" Name="D:\Codes\CoffeeSpace\CoffeeSpace.IdentityApi\Application\Messages\Consumers\DeleteBuyerConsumer.cs" ChecksumAlgorithm="SHA256" Checksum="CB4C08034CD834D78894767C9FCF2E3A9A18E3FED12F29788BFA0C5024657B91" />
    <File Index="58" Name="D:\Codes\CoffeeSpace\CoffeeSpace.IdentityApi\Application\Messages\Consumers\UpdateBuyerConsumer.cs" ChecksumAlgorithm="SHA256" Checksum="AACE881864F58DF84E887D58664145D495D4E53A43C4EE58267E22626618E6A2" />
    <File Index="59" Name="D:\Codes\CoffeeSpace\CoffeeSpace.IdentityApi\Application\Models\ApplicationUser.cs" ChecksumAlgorithm="SHA256" Checksum="243C2E4A0F06014151BD3C0C0B53322B30A3FEB502BD85E22D407F467B3F4A21" />
    <File Index="60" Name="D:\Codes\CoffeeSpace\CoffeeSpace.IdentityApi\Application\Services\Abstractions\IAuthService.cs" ChecksumAlgorithm="SHA256" Checksum="4C55C15680018D2AA2F107E6A604BAAE393EBDA1E4EDA6F77282221FC3F6F192" />
    <File Index="61" Name="D:\Codes\CoffeeSpace\CoffeeSpace.IdentityApi\Application\Services\Abstractions\ITokenWriter.cs" ChecksumAlgorithm="SHA256" Checksum="41252868936400711D1FC2707BCD8C6F6FCC72D32DA0C7DF170BB5A22EB059BC" />
    <File Index="62" Name="D:\Codes\CoffeeSpace\CoffeeSpace.IdentityApi\Application\Services\AuthService.cs" ChecksumAlgorithm="SHA256" Checksum="EC1214AB635EFAAD75899C333F1392AF52767798CCA0FD1347DEFAE22F0520D5" />
    <File Index="63" Name="D:\Codes\CoffeeSpace\CoffeeSpace.IdentityApi\Application\Services\TokenWriter.cs" ChecksumAlgorithm="SHA256" Checksum="38D16AC4C98C0043D71CB0ACF865EC47950A8DC27887C845967DCAF6849E98DC" />
    <File Index="64" Name="D:\Codes\CoffeeSpace\CoffeeSpace.IdentityApi\Application\Validators\LoginRequestValidator.cs" ChecksumAlgorithm="SHA256" Checksum="3A90F177C3FA39CB37D9CBE739714BA4F5B7A854B82CD68131AD903E730F668F" />
    <File Index="65" Name="D:\Codes\CoffeeSpace\CoffeeSpace.IdentityApi\Application\Validators\RegisterRequestValidator.cs" ChecksumAlgorithm="SHA256" Checksum="02816E9E2E048C4D13E9A7319B7CFC9D9EA4D78A0C6823969202A0AA4C71DA0D" />
    <File Index="66" Name="D:\Codes\CoffeeSpace\CoffeeSpace.IdentityApi\Controllers\AuthController.cs" ChecksumAlgorithm="SHA256" Checksum="D96D6AC3930918D856E9DA73E8C03558A2C6C04016587BA1636EE13095DE51E3" />
    <File Index="67" Name="D:\Codes\CoffeeSpace\CoffeeSpace.IdentityApi\Filters\ApiKeyAuthorizationFilter.cs" ChecksumAlgorithm="SHA256" Checksum="4C011DF8ED6F5ADCB314F2C20DB20E2B1F32388F6BBC83AA51A91C6D38D906CC" />
    <File Index="68" Name="D:\Codes\CoffeeSpace\CoffeeSpace.IdentityApi\Persistence\ApplicationUsersDbContext.cs" ChecksumAlgorithm="SHA256" Checksum="1711D2FE20DA08D711110E7104C8FE4DFB25BF4DAB24656C65271036487B3CF8" />
    <File Index="69" Name="D:\Codes\CoffeeSpace\CoffeeSpace.IdentityApi\Persistence\Migrations\ApplicationUsersDbContextModelSnapshot.cs" ChecksumAlgorithm="SHA256" Checksum="8D276AB17A5A363BE9063221FCFE6775C46AFDC36FC08FFAD44F034A14500BB9" />
    <File Index="70" Name="D:\Codes\CoffeeSpace\CoffeeSpace.IdentityApi\Persistence\Migrations\Init.cs" ChecksumAlgorithm="SHA256" Checksum="6DD18264896577A44EECFB446A3EAA0DE059FDD35512C6AFD08673913E14E641" />
    <File Index="71" Name="D:\Codes\CoffeeSpace\CoffeeSpace.IdentityApi\Persistence\Migrations\Init.Designer.cs" ChecksumAlgorithm="SHA256" Checksum="B34322A50B0C88ED10FF6CA6AF79691BFF7ECF47E28804E08D2EA01C0DF112E1" />
    <File Index="72" Name="D:\Codes\CoffeeSpace\CoffeeSpace.IdentityApi\Program.cs" ChecksumAlgorithm="SHA256" Checksum="C9715D73003F3DB5E6D3BC784982B1C23CE9209A7BF622E2D99C3A7BE1A47FF1" />
    <File Index="73" Name="D:\Codes\CoffeeSpace\CoffeeSpace.IdentityApi\Settings\ApiKeySettings.cs" ChecksumAlgorithm="SHA256" Checksum="C5F485C8500C8C1AD9A679B7BA222A640A2172374909CADAEDCBE5677738DD9D" />
    <File Index="74" Name="D:\Codes\CoffeeSpace\CoffeeSpace.IdentityApi\obj\Debug\net7.0\CoffeeSpace.IdentityApi.GlobalUsings.g.cs" ChecksumAlgorithm="SHA256" Checksum="1BC1691037C29525F4B104FE05A77BBEF040A27CCE2AB784ED28226F8C8B5E35" />
    <File Index="75" Name="D:\Codes\CoffeeSpace\CoffeeSpace.IdentityApi\obj\Debug\net7.0\.NETCoreApp,Version=v7.0.AssemblyAttributes.cs" ChecksumAlgorithm="SHA256" Checksum="9596DA901062CF5ADD81D66C23696CA92BBFA59C82FE10F4F06D45292E2CB0FF" />
    <File Index="76" Name="D:\Codes\CoffeeSpace\CoffeeSpace.IdentityApi\obj\Debug\net7.0\CoffeeSpace.IdentityApi.AssemblyInfo.cs" ChecksumAlgorithm="SHA256" Checksum="0C47F50EDDA0E927AD5806204D253789ECF1F3FB415E4FBDD55F30C3DB8C8064" />
    <File Index="77" Name="D:\Codes\CoffeeSpace\CoffeeSpace.IdentityApi\obj\Debug\net7.0\CoffeeSpace.IdentityApi.MvcApplicationPartsAssemblyInfo.cs" ChecksumAlgorithm="SHA256" Checksum="4EE67F18671965F31BB2416794D02DD3A338FD29CE768FAAD1EC304120378AD4" />
    <File Index="78" Name="D:\Codes\CoffeeSpace\CoffeeSpace.IdentityApi\Riok.Mapperly\Riok.Mapperly.MapperGenerator\ApplicationUserMappingProfile.g.cs" ChecksumAlgorithm="SHA1" Checksum="903A8721954AB5788D172A27330696D78C77ABAF" />
    <File Index="79" Name="D:\Codes\CoffeeSpace\CoffeeSpace.PaymentService\Consumers\OrderPaymentValidationConsumer.cs" ChecksumAlgorithm="SHA256" Checksum="7600339A49BAF87D881779058389633169550CAA30AA80534E1DD39DB2559298" />
    <File Index="80" Name="D:\Codes\CoffeeSpace\CoffeeSpace.PaymentService\Contracts\Requests\CapturePaypalPaymentRequest.cs" ChecksumAlgorithm="SHA256" Checksum="FF94A5F6F0483231FC6118A43EA76A26775564E3EE80E3CA4B9D7C3CC55D4237" />
    <File Index="81" Name="D:\Codes\CoffeeSpace\CoffeeSpace.PaymentService\Contracts\Requests\GetPaypalOrderByOrderIdRequest.cs" ChecksumAlgorithm="SHA256" Checksum="35DC67F27FA8A8C8FA1853CB6C4BDC394E6719ADC1CC5019E0673C8800609C06" />
    <File Index="82" Name="D:\Codes\CoffeeSpace\CoffeeSpace.PaymentService\Contracts\Requests\GetPaypalOrderByPaypalOrderIdRequest.cs" ChecksumAlgorithm="SHA256" Checksum="056B91D6C22EA85868C7CC8218509EB5D4E4824A89EE12CA1D0D26EDED887180" />
    <File Index="83" Name="D:\Codes\CoffeeSpace\CoffeeSpace.PaymentService\Contracts\Responses\PaypalOrderInformationResponse.cs" ChecksumAlgorithm="SHA256" Checksum="AF7355045E0D003BE3221A4ACC5DB79AD4B62FF8F193F317D876FDE0C449F514" />
    <File Index="84" Name="D:\Codes\CoffeeSpace\CoffeeSpace.PaymentService\Endpoints\CapturePaypalPaymentEndpoint.cs" ChecksumAlgorithm="SHA256" Checksum="8E7FCAE32B3280C11196D1FB648EC5D24598880D2F25A7E8D5EA04DE93E0F6E4" />
    <File Index="85" Name="D:\Codes\CoffeeSpace\CoffeeSpace.PaymentService\Endpoints\GetPaypalOrderByOrderIdEndpoint.cs" ChecksumAlgorithm="SHA256" Checksum="8F227821C0EED076BE113ACF802019EE5ACF0C91B5A82DAC0B97C9D565886144" />
    <File Index="86" Name="D:\Codes\CoffeeSpace\CoffeeSpace.PaymentService\Extensions\HealthChecksExtensions.cs" ChecksumAlgorithm="SHA256" Checksum="199D43A4A213A19FE9127FA585A374C7113B8F61128767F9683AEBCA4331484C" />
    <File Index="87" Name="D:\Codes\CoffeeSpace\CoffeeSpace.PaymentService\Extensions\PayPalOrderRequestBuilder.cs" ChecksumAlgorithm="SHA256" Checksum="49B46EAE729385A8DA58D7F697E21EA20EA035D90CA8FAEF7C76316397C4F4C3" />
    <File Index="88" Name="D:\Codes\CoffeeSpace\CoffeeSpace.PaymentService\Helpers\ApiEndpoints.cs" ChecksumAlgorithm="SHA256" Checksum="1C6530D9570B27CDEA5839CD9D88D5DE4083A6FFFB62FC898FA0B3A7AE03CA22" />
    <File Index="89" Name="D:\Codes\CoffeeSpace\CoffeeSpace.PaymentService\Helpers\PaymentConstants.cs" ChecksumAlgorithm="SHA256" Checksum="F762D710465595EEDB6E44B1AA50F5F17AA7DFE220B19643F4B5A8E2E8DA86D7" />
    <File Index="90" Name="D:\Codes\CoffeeSpace\CoffeeSpace.PaymentService\Mappers\PaypalOrderInformationMapper.cs" ChecksumAlgorithm="SHA256" Checksum="EA2B28449007D72F099D997BED6CAB96522F27C6928330F2C9790A7EEF5045A9" />
    <File Index="91" Name="D:\Codes\CoffeeSpace\CoffeeSpace.PaymentService\MediatorConfiguration.cs" ChecksumAlgorithm="SHA256" Checksum="C35D38E1901E19C68467B77C1390D9883E1544B4AEDA7153EBA2F5E7E51F4071" />
    <File Index="92" Name="D:\Codes\CoffeeSpace\CoffeeSpace.PaymentService\Messages\Commands\CapturePaypalOrderCommand.cs" ChecksumAlgorithm="SHA256" Checksum="ECA10356364A11BCF8E11A35ED36570C65AA81B7AC4708C2C4F3E2DEE4CAC0C6" />
    <File Index="93" Name="D:\Codes\CoffeeSpace\CoffeeSpace.PaymentService\Messages\Commands\CreatePaypalOrderCommand.cs" ChecksumAlgorithm="SHA256" Checksum="EC1549B3E8DF54AE17DFE15B1EEA99ED60C5E53A4A3DEEBA332125D69B3DB54A" />
    <File Index="94" Name="D:\Codes\CoffeeSpace\CoffeeSpace.PaymentService\Messages\Commands\Handlers\CapturePaypalOrderCommandHandler.cs" ChecksumAlgorithm="SHA256" Checksum="03F2AAA0C3401A9072AF338070A4701A0E7E86F1363C2225CF19D92833C30A27" />
    <File Index="95" Name="D:\Codes\CoffeeSpace\CoffeeSpace.PaymentService\Messages\Commands\Handlers\CreatePaypalOrderCommandHandler.cs" ChecksumAlgorithm="SHA256" Checksum="2F26084B8068E66586E8B5ABB1DE18B82C925183BC6276CDA6D803E739641B10" />
    <File Index="96" Name="D:\Codes\CoffeeSpace\CoffeeSpace.PaymentService\Messages\Notifications\Handlers\OrderPaymentCapturedNotificationHandler.cs" ChecksumAlgorithm="SHA256" Checksum="DBC27E8E116394C4911FAD3762542050FD7ECE6E5970D0691BBF1E6F5129EE13" />
    <File Index="97" Name="D:\Codes\CoffeeSpace\CoffeeSpace.PaymentService\Messages\Notifications\OrderPaymentCapturedNotification.cs" ChecksumAlgorithm="SHA256" Checksum="F0010B9C95DEF8CCDA78EDD9CE524E1E9D093CA2973365A102EC27EE0F14373B" />
    <File Index="98" Name="D:\Codes\CoffeeSpace\CoffeeSpace.PaymentService\Messages\PipelineBehaviours\CapturePaypalOrderPipelineBehaviour.cs" ChecksumAlgorithm="SHA256" Checksum="B87637597775A97D2E94E31C283BA0A718C0CBC83BF7372A2DB795752262E877" />
    <File Index="99" Name="D:\Codes\CoffeeSpace\CoffeeSpace.PaymentService\Messages\PipelineBehaviours\CreateOrderInformationPipelineBehaviour.cs" ChecksumAlgorithm="SHA256" Checksum="E5A1361D7BCFC752F3FC583E104481DB612F8F9420A484FC5F6609B326FC41DD" />
    <File Index="100" Name="D:\Codes\CoffeeSpace\CoffeeSpace.PaymentService\Messages\PipelineBehaviours\IPipelineAssemblyMarker.cs" ChecksumAlgorithm="SHA256" Checksum="E2BF2A2A1074D8F681AD776D4E63F7F74B1E595E9EA5B175BCAACCBA03D6F66E" />
    <File Index="101" Name="D:\Codes\CoffeeSpace\CoffeeSpace.PaymentService\Messages\Queries\GetPaypalOrderInformationByOrderIdQuery.cs" ChecksumAlgorithm="SHA256" Checksum="7EF680AFCB367BCC54FE1B11FC70A57697290B5A7BEB767F546D860B9E8A2D88" />
    <File Index="102" Name="D:\Codes\CoffeeSpace\CoffeeSpace.PaymentService\Messages\Queries\Handlers\GetPaypalOrderInformationByIdQueryHandler.cs" ChecksumAlgorithm="SHA256" Checksum="DBE9268BC2669157581DFDC85B2BC412D0E7FC4D66FD42F88D56E844CB3E9D2F" />
    <File Index="103" Name="D:\Codes\CoffeeSpace\CoffeeSpace.PaymentService\Models\PaypalOrderInformation.cs" ChecksumAlgorithm="SHA256" Checksum="829DE2E1058C6EE872BDCF0C6425BBF7C49413194C8E6E669DC2DCB015080BAC" />
    <File Index="104" Name="D:\Codes\CoffeeSpace\CoffeeSpace.PaymentService\Persistence\Abstractions\IPaymentDbContext.cs" ChecksumAlgorithm="SHA256" Checksum="F5FB0B5345D2EE093DF8F4C773A4DDF15EFB9A087107855FB21249A0781D7475" />
    <File Index="105" Name="D:\Codes\CoffeeSpace\CoffeeSpace.PaymentService\Persistence\Configurations\OrderConfiguration.cs" ChecksumAlgorithm="SHA256" Checksum="F94F9096FD4AFC85BE9CD2BB6A7EDB504FE3043BEA8197A2609654BA9B43933F" />
    <File Index="106" Name="D:\Codes\CoffeeSpace\CoffeeSpace.PaymentService\Persistence\Configurations\PaypalOrderInformationConfiguration.cs" ChecksumAlgorithm="SHA256" Checksum="72865E1FB17AF64C7596BD795CEB7EC0E988EC1B7D97554FE650CBC04B54B3B3" />
    <File Index="107" Name="D:\Codes\CoffeeSpace\CoffeeSpace.PaymentService\Persistence\Configurations\PurchaseUnitConfiguration.cs" ChecksumAlgorithm="SHA256" Checksum="EA105E6DBC76CC101B8370DB28216C883CDF142BF8CC4E76D7A3141AAB1028A2" />
    <File Index="108" Name="D:\Codes\CoffeeSpace\CoffeeSpace.PaymentService\Persistence\Migrations\20231004154239_Added_PaypalOrder_Model.cs" ChecksumAlgorithm="SHA256" Checksum="71DCB1F18ECD68004752436E41BCD237EF1161C9C7AD2EA80DB12F73B077F811" />
    <File Index="109" Name="D:\Codes\CoffeeSpace\CoffeeSpace.PaymentService\Persistence\Migrations\20231004154239_Added_PaypalOrder_Model.Designer.cs" ChecksumAlgorithm="SHA256" Checksum="F9804FDC139C2CAF20BCDD821AB0DDF122B4E76452AFC017DB23BEA98B5DC302" />
    <File Index="110" Name="D:\Codes\CoffeeSpace\CoffeeSpace.PaymentService\Persistence\Migrations\20231004161937_Updated_PaypalOrder_Model.cs" ChecksumAlgorithm="SHA256" Checksum="D090773B7EA837D5A5A3FA16DBAE61EB4955AC778C337FB9F448856BA4C2EE0F" />
    <File Index="111" Name="D:\Codes\CoffeeSpace\CoffeeSpace.PaymentService\Persistence\Migrations\20231004161937_Updated_PaypalOrder_Model.Designer.cs" ChecksumAlgorithm="SHA256" Checksum="7CD218643D672E6519E51C54F48CF05B476CD62BE435DB50C034910187E56484" />
    <File Index="112" Name="D:\Codes\CoffeeSpace\CoffeeSpace.PaymentService\Persistence\Migrations\20231004201513_Removed_Required_Constraint.cs" ChecksumAlgorithm="SHA256" Checksum="56934D561760B627F49CBF74BE9583369E8F94AD4154C1BA1849FE67320C2570" />
    <File Index="113" Name="D:\Codes\CoffeeSpace\CoffeeSpace.PaymentService\Persistence\Migrations\20231004201513_Removed_Required_Constraint.Designer.cs" ChecksumAlgorithm="SHA256" Checksum="42A46941A8D49A9C10019733FB3456B7510AEAFEB72DEB039074871DAAD3C3A0" />
    <File Index="114" Name="D:\Codes\CoffeeSpace\CoffeeSpace.PaymentService\Persistence\Migrations\PaymentDbContextModelSnapshot.cs" ChecksumAlgorithm="SHA256" Checksum="C4F8CBF94244E76B9D19510D9C2B1620578A9E7A5B5781CB098555A5BE3E97BF" />
    <File Index="115" Name="D:\Codes\CoffeeSpace\CoffeeSpace.PaymentService\Persistence\PaymentDbContext.cs" ChecksumAlgorithm="SHA256" Checksum="0BDA0724BD90A3FBD14AB7BA691F94DEDECAE0011A4DE1B1A513E492E40ED06E" />
    <File Index="116" Name="D:\Codes\CoffeeSpace\CoffeeSpace.PaymentService\Program.cs" ChecksumAlgorithm="SHA256" Checksum="CA59B544832351C2C8ED791C4A20FC5BFF8BF1EB3552F678E5ED9009A8E15326" />
    <File Index="117" Name="D:\Codes\CoffeeSpace\CoffeeSpace.PaymentService\Repositories\Abstractions\IPaymentRepository.cs" ChecksumAlgorithm="SHA256" Checksum="88E831E11B3A02CB51C90D7D6F9D4E169FAEF2313388991F7CF07DE771A5F08F" />
    <File Index="118" Name="D:\Codes\CoffeeSpace\CoffeeSpace.PaymentService\Repositories\PaymentRepository.cs" ChecksumAlgorithm="SHA256" Checksum="D5028E9D0124C66F7A22B6C8AB0A793DDE0B746D31F191F55D751246A6090243" />
    <File Index="119" Name="D:\Codes\CoffeeSpace\CoffeeSpace.PaymentService\Services\Abstractions\IPaymentService.cs" ChecksumAlgorithm="SHA256" Checksum="2159D8B51857EF5538AA6DCCE23AD0961B2026EAB5EFC9D8A73849B8CA3D56AA" />
    <File Index="120" Name="D:\Codes\CoffeeSpace\CoffeeSpace.PaymentService\Services\PaymentService.cs" ChecksumAlgorithm="SHA256" Checksum="DF15FF20F0B686D2FBAE5E246D13164053633184850A30D6AF6D80907DB41F75" />
    <File Index="121" Name="D:\Codes\CoffeeSpace\CoffeeSpace.PaymentService\Settings\PaypalAuthenticationSettings.cs" ChecksumAlgorithm="SHA256" Checksum="AF797F4D2BB838208F60A642ACADBCBE80121071E28B06291E2A731C59AFAE22" />
    <File Index="122" Name="D:\Codes\CoffeeSpace\CoffeeSpace.PaymentService\obj\Debug\net7.0\CoffeeSpace.PaymentService.GlobalUsings.g.cs" ChecksumAlgorithm="SHA256" Checksum="1BC1691037C29525F4B104FE05A77BBEF040A27CCE2AB784ED28226F8C8B5E35" />
    <File Index="123" Name="D:\Codes\CoffeeSpace\CoffeeSpace.PaymentService\obj\Debug\net7.0\.NETCoreApp,Version=v7.0.AssemblyAttributes.cs" ChecksumAlgorithm="SHA256" Checksum="9596DA901062CF5ADD81D66C23696CA92BBFA59C82FE10F4F06D45292E2CB0FF" />
    <File Index="124" Name="D:\Codes\CoffeeSpace\CoffeeSpace.PaymentService\obj\Debug\net7.0\CoffeeSpace.PaymentService.AssemblyInfo.cs" ChecksumAlgorithm="SHA256" Checksum="E4B6C93B02247722B3E8F025A7EF135E256B6F12DE587D199B86454CB2710A44" />
    <File Index="125" Name="D:\Codes\CoffeeSpace\CoffeeSpace.PaymentService\obj\Debug\net7.0\CoffeeSpace.PaymentService.MvcApplicationPartsAssemblyInfo.cs" ChecksumAlgorithm="SHA256" Checksum="5C178DBA71AEB6BE5D641E79131C7A5120C57CBAD6AB87A1FB75ED6113CBCD2A" />
    <File Index="126" Name="D:\Codes\CoffeeSpace\CoffeeSpace.PaymentService\Mediator.SourceGenerator.Roslyn40\Mediator.SourceGenerator.IncrementalMediatorGenerator\MediatorOptions.g.cs" ChecksumAlgorithm="SHA1" Checksum="BF4A591AC4A81F66D61D617E9717779D6CE42DA3" />
    <File Index="127" Name="D:\Codes\CoffeeSpace\CoffeeSpace.PaymentService\Mediator.SourceGenerator.Roslyn40\Mediator.SourceGenerator.IncrementalMediatorGenerator\MediatorOptionsAttribute.g.cs" ChecksumAlgorithm="SHA1" Checksum="4A401E4F4372D559DD005B1492DCBCE7B56F5736" />
    <File Index="128" Name="D:\Codes\CoffeeSpace\CoffeeSpace.PaymentService\Mediator.SourceGenerator.Roslyn40\Mediator.SourceGenerator.IncrementalMediatorGenerator\Mediator.g.cs" ChecksumAlgorithm="SHA1" Checksum="A2E712AA851461F4B44A723FCDC4B0E9D34ECE63" />
    <File Index="129" Name="D:\Codes\CoffeeSpace\CoffeeSpace.Core\Attributes\Decorator.cs" ChecksumAlgorithm="SHA256" Checksum="C3F3F161398A0F978DEA71CB2CDAEC0D4DF52AD3B428737B7A11D10106C0D26C" />
    <File Index="130" Name="D:\Codes\CoffeeSpace\CoffeeSpace.Core\Extensions\ApplicationDbExtensions.cs" ChecksumAlgorithm="SHA256" Checksum="91EC66E74B244B079D45215EBB661BD6358A4537F5BFF713061A4713F3D63B7A" />
    <File Index="131" Name="D:\Codes\CoffeeSpace\CoffeeSpace.Core\Extensions\ApplicationServiceExtensions.cs" ChecksumAlgorithm="SHA256" Checksum="AA2DEDBAF58C9845DB19C0866EFC96DA81CD222997E286EDC38526C5F222F766" />
    <File Index="132" Name="D:\Codes\CoffeeSpace\CoffeeSpace.Core\Extensions\AzureKeyVaultExtensions.cs" ChecksumAlgorithm="SHA256" Checksum="1B5CC84641008402D4372519DE534A1E82B81D930D8F263C541DE6E4353E9ADF" />
    <File Index="133" Name="D:\Codes\CoffeeSpace\CoffeeSpace.Core\Extensions\DbContextExtensions.cs" ChecksumAlgorithm="SHA256" Checksum="E7EB89F59D375CD5208C452B446D340ECCD3993D8AAC9D26FD87363CFC0D0662" />
    <File Index="134" Name="D:\Codes\CoffeeSpace\CoffeeSpace.Core\Extensions\DbContextSettingsExtensions.cs" ChecksumAlgorithm="SHA256" Checksum="AEAFB4F719C4FFC9867EFAD1405181A54F5915F20932B730F5D2F36A4EBF84E3" />
    <File Index="135" Name="D:\Codes\CoffeeSpace\CoffeeSpace.Core\Extensions\JwtBearerExtensions.cs" ChecksumAlgorithm="SHA256" Checksum="DCC5C7B5BCEC7A19D6997F566BCAA9C60564C3C736CD0F163261D750D3F882A0" />
    <File Index="136" Name="D:\Codes\CoffeeSpace\CoffeeSpace.Core\Extensions\RateLimiterExtensions.cs" ChecksumAlgorithm="SHA256" Checksum="2529A5844C1E789F1B9E29C967FBBB2193B96703D39028AA0A333A60C4D5F5EC" />
    <File Index="137" Name="D:\Codes\CoffeeSpace\CoffeeSpace.Core\Extensions\SerilogExtensions.cs" ChecksumAlgorithm="SHA256" Checksum="224974AF3C346446B5280AAFCD5952D8C6FF6238E2EB27CC76E75382AA0C37C6" />
    <File Index="138" Name="D:\Codes\CoffeeSpace\CoffeeSpace.Core\Managers\PrefixKeyVaultSecretManager.cs" ChecksumAlgorithm="SHA256" Checksum="64EB810291E482FA1314A5E3FEABFBD8959C20534809422F8516341737EB39C3" />
    <File Index="139" Name="D:\Codes\CoffeeSpace\CoffeeSpace.Core\Services\Abstractions\ICacheService.cs" ChecksumAlgorithm="SHA256" Checksum="08FF4C9BC8FD8ABDF17BD3BF028C34638EC1C761A72553DE0A77ABEF712800D0" />
    <File Index="140" Name="D:\Codes\CoffeeSpace\CoffeeSpace.Core\Services\CacheService.cs" ChecksumAlgorithm="SHA256" Checksum="B3347EE5BF8068E284A84B7815908A6CBC765AA4BB26C863BA3E44F98F01E50F" />
    <File Index="141" Name="D:\Codes\CoffeeSpace\CoffeeSpace.Core\Settings\AwsMessagingSettings.cs" ChecksumAlgorithm="SHA256" Checksum="0F6329DC83299C513993030BC09A4CF95C7914A1739CAA504A4398CEF2FB0C9C" />
    <File Index="142" Name="D:\Codes\CoffeeSpace\CoffeeSpace.Core\Settings\JwtSettings.cs" ChecksumAlgorithm="SHA256" Checksum="C3228AD18F958874626BE10763E35D8191FBEF840DF48BCE093F763CD16D138A" />
    <File Index="143" Name="D:\Codes\CoffeeSpace\CoffeeSpace.Core\Settings\PostgresDbContextSettings.cs" ChecksumAlgorithm="SHA256" Checksum="5CDF7F8D8C1F1615F057210AC8F85E57A5231749438FEE5A6D6F3D5DF2BF1E2D" />
    <File Index="144" Name="D:\Codes\CoffeeSpace\CoffeeSpace.Core\Settings\RabbitMqSettings.cs" ChecksumAlgorithm="SHA256" Checksum="F163FA9BBB7F6ED1B3757F7C1DEAA7334C09315DBE0313B7677A6B21A8D77178" />
    <File Index="145" Name="D:\Codes\CoffeeSpace\CoffeeSpace.Core\obj\Debug\net7.0\CoffeeSpace.Core.GlobalUsings.g.cs" ChecksumAlgorithm="SHA256" Checksum="F3F134E9E825E3E7268090F58B1AF2BDA2DE513F61A09C56F48B9B8D08612ABC" />
    <File Index="146" Name="D:\Codes\CoffeeSpace\CoffeeSpace.Core\obj\Debug\net7.0\.NETCoreApp,Version=v7.0.AssemblyAttributes.cs" ChecksumAlgorithm="SHA256" Checksum="9596DA901062CF5ADD81D66C23696CA92BBFA59C82FE10F4F06D45292E2CB0FF" />
    <File Index="147" Name="D:\Codes\CoffeeSpace\CoffeeSpace.Core\obj\Debug\net7.0\CoffeeSpace.Core.AssemblyInfo.cs" ChecksumAlgorithm="SHA256" Checksum="915127B4B4792ABE28D4C4FB8BD7D96C2854CAFF3A7D50061A5DAA44B5BD6A15" />
    <File Index="148" Name="D:\Codes\CoffeeSpace\tests\Unit Tests\CoffeeSpace.IdentityApi.Tests\Consumers\DeleteBuyerConsumerTests.cs" ChecksumAlgorithm="SHA256" Checksum="C3C26A863AB5373B6A5CA4DEDA18D0C80DE424B040ED27241BC496BBE023A4C4" />
    <File Index="149" Name="D:\Codes\CoffeeSpace\tests\Unit Tests\CoffeeSpace.IdentityApi.Tests\Consumers\UpdateBuyerConsumerTests.cs" ChecksumAlgorithm="SHA256" Checksum="540854AFCE9026C82583DB8A6805E487B98B2CCEA9112ED1741F51097E5F8F98" />
    <File Index="150" Name="D:\Codes\CoffeeSpace\tests\Unit Tests\CoffeeSpace.IdentityApi.Tests\Services\AuthServiceTests.cs" ChecksumAlgorithm="SHA256" Checksum="3D6714F73DCEC6400726548855E9807AC4E254C1CFF6571970F022E088679272" />
    <File Index="151" Name="D:\Codes\CoffeeSpace\tests\Unit Tests\CoffeeSpace.IdentityApi.Tests\Services\TokenWriterTests.cs" ChecksumAlgorithm="SHA256" Checksum="6507B9704C7C9A123751BD0A95D62DB0811ED2FB33D7065D0F6FB29D5AA4BBD0" />
    <File Index="152" Name="D:\Codes\CoffeeSpace\tests\Unit Tests\CoffeeSpace.IdentityApi.Tests\Validators\LoginRequestValidatorTests.cs" ChecksumAlgorithm="SHA256" Checksum="6F43F3A6935479BA9DC32FC2D2F3F7E634FE01F19DB500D1469C4A944D6DFF19" />
    <File Index="153" Name="D:\Codes\CoffeeSpace\tests\Unit Tests\CoffeeSpace.IdentityApi.Tests\Validators\RegisterRequestValidatorTests.cs" ChecksumAlgorithm="SHA256" Checksum="6D88214712DAF61A630E72559D772362938C60626E9F0E3A2971230C229070D8" />
    <File Index="154" Name="C:\Users\nikit\.nuget\packages\microsoft.net.test.sdk\17.7.2\build\netcoreapp3.1\Microsoft.NET.Test.Sdk.Program.cs" ChecksumAlgorithm="SHA256" Checksum="D66F12F9433816A8C7DC1B2ACB9E1010F5418F5EEB51E80F1DF57AA1DCAB8D8A" />
    <File Index="155" Name="D:\Codes\CoffeeSpace\tests\Unit Tests\CoffeeSpace.IdentityApi.Tests\obj\Debug\net7.0\CoffeeSpace.IdentityApi.Tests.GlobalUsings.g.cs" ChecksumAlgorithm="SHA256" Checksum="F3F134E9E825E3E7268090F58B1AF2BDA2DE513F61A09C56F48B9B8D08612ABC" />
    <File Index="156" Name="D:\Codes\CoffeeSpace\tests\Unit Tests\CoffeeSpace.IdentityApi.Tests\obj\Debug\net7.0\.NETCoreApp,Version=v7.0.AssemblyAttributes.cs" ChecksumAlgorithm="SHA256" Checksum="9596DA901062CF5ADD81D66C23696CA92BBFA59C82FE10F4F06D45292E2CB0FF" />
    <File Index="157" Name="D:\Codes\CoffeeSpace\tests\Unit Tests\CoffeeSpace.IdentityApi.Tests\obj\Debug\net7.0\CoffeeSpace.IdentityApi.Tests.AssemblyInfo.cs" ChecksumAlgorithm="SHA256" Checksum="ACAAC7F85D1C7202550F61890E69DF2515EFCEA6EB40D98303485816FFF34F46" />
    <File Index="158" Name="D:\Codes\CoffeeSpace\tests\Unit Tests\CoffeeSpace.OrderingApi.Tests\Consumers\RegisterNewBuyerConsumerTests.cs" ChecksumAlgorithm="SHA256" Checksum="DF52CFF92766E37DC023D20AFD295A1DC8C38785481AACFE6F20530D5FBCBA44" />
    <File Index="159" Name="D:\Codes\CoffeeSpace\tests\Unit Tests\CoffeeSpace.OrderingApi.Tests\Consumers\UpdateOrderStatusConsumerTests.cs" ChecksumAlgorithm="SHA256" Checksum="5001784C296823DAD52DC2337B0B58B81F7F75AABB5DCF7C785DB55704ADB24E" />
    <File Index="160" Name="D:\Codes\CoffeeSpace\tests\Unit Tests\CoffeeSpace.OrderingApi.Tests\Repositories\BuyerRepositoryTests.cs" ChecksumAlgorithm="SHA256" Checksum="AD02ACC2D821A89D6EB996E94F3C9FF8416C02D1D1AD13114E3FC3319D2FE307" />
    <File Index="161" Name="D:\Codes\CoffeeSpace\tests\Unit Tests\CoffeeSpace.OrderingApi.Tests\Repositories\OrderRepositoryTests.cs" ChecksumAlgorithm="SHA256" Checksum="F9C96EA4E33823CF227BFFA3D39071E04186E23FF1B6599D42DA8B8AC2005001" />
    <File Index="162" Name="D:\Codes\CoffeeSpace\tests\Unit Tests\CoffeeSpace.OrderingApi.Tests\Sagas\OrderStateMachineTests.cs" ChecksumAlgorithm="SHA256" Checksum="C881265B2C7B8FA50F390CCAB4B0E5305EBAE9E1F24F2C74D8496E082C4133A4" />
    <File Index="163" Name="D:\Codes\CoffeeSpace\tests\Unit Tests\CoffeeSpace.OrderingApi.Tests\Services\BuyerServiceTests.cs" ChecksumAlgorithm="SHA256" Checksum="CD4B695AE7D10C5A23039EE9E7889B811BCACC1DF762A2F1C604B68FE138F47F" />
    <File Index="164" Name="D:\Codes\CoffeeSpace\tests\Unit Tests\CoffeeSpace.OrderingApi.Tests\Services\OrderServiceTests.cs" ChecksumAlgorithm="SHA256" Checksum="94978CDB7BE95DEE846E94D51D0C4B7BF530E1F38D83DE8B8C0F77FAE230770B" />
    <File Index="165" Name="D:\Codes\CoffeeSpace\tests\Unit Tests\CoffeeSpace.OrderingApi.Tests\Validators\Buyers\BuyerResponseValidatorTests.cs" ChecksumAlgorithm="SHA256" Checksum="A1272DBFE3E9B3AC4DA79641CB9A1858656DA89561A4A88CD695D1FED4F26158" />
    <File Index="166" Name="D:\Codes\CoffeeSpace\tests\Unit Tests\CoffeeSpace.OrderingApi.Tests\Validators\Buyers\CreateBuyerRequestValidatorTests.cs" ChecksumAlgorithm="SHA256" Checksum="711AF36E7FA4DF89DF4342AB9982B6A4DCCD93D0BEC12D79BD231EBB97F970D6" />
    <File Index="167" Name="D:\Codes\CoffeeSpace\tests\Unit Tests\CoffeeSpace.OrderingApi.Tests\Validators\Buyers\UpdateBuyerRequestValidatorTests.cs" ChecksumAlgorithm="SHA256" Checksum="8654BCC11F1D68B9B74C475E3913199E2830765A97BDFCD69AEE39F4E85E9683" />
    <File Index="168" Name="D:\Codes\CoffeeSpace\tests\Unit Tests\CoffeeSpace.OrderingApi.Tests\Validators\Orders\CreateOrderRequestValidatorTests.cs" ChecksumAlgorithm="SHA256" Checksum="58EABD51378412775184A7A95EF3A4737971FA4C6198E73C8939357BA277B90F" />
    <File Index="169" Name="D:\Codes\CoffeeSpace\tests\Unit Tests\CoffeeSpace.OrderingApi.Tests\Validators\Orders\OrderResponseValidatorTests.cs" ChecksumAlgorithm="SHA256" Checksum="306BC9B26CA4E5DAF1CC0FA36C5D539F238240148B38FA8B580D5A14664493FF" />
    <File Index="170" Name="D:\Codes\CoffeeSpace\tests\Unit Tests\CoffeeSpace.OrderingApi.Tests\obj\Debug\net7.0\CoffeeSpace.OrderingApi.Tests.GlobalUsings.g.cs" ChecksumAlgorithm="SHA256" Checksum="F3F134E9E825E3E7268090F58B1AF2BDA2DE513F61A09C56F48B9B8D08612ABC" />
    <File Index="171" Name="D:\Codes\CoffeeSpace\tests\Unit Tests\CoffeeSpace.OrderingApi.Tests\obj\Debug\net7.0\.NETCoreApp,Version=v7.0.AssemblyAttributes.cs" ChecksumAlgorithm="SHA256" Checksum="9596DA901062CF5ADD81D66C23696CA92BBFA59C82FE10F4F06D45292E2CB0FF" />
    <File Index="172" Name="D:\Codes\CoffeeSpace\tests\Unit Tests\CoffeeSpace.OrderingApi.Tests\obj\Debug\net7.0\CoffeeSpace.OrderingApi.Tests.AssemblyInfo.cs" ChecksumAlgorithm="SHA256" Checksum="DDAE8101E8560CA719377B97369960EDD9514910654F75BAB31DE934E16B6800" />
    <File Index="173" Name="D:\Codes\CoffeeSpace\CoffeeSpace.OrderingApi\Application\Contracts\Requests\Addresses\CreateAddressRequest.cs" ChecksumAlgorithm="SHA256" Checksum="44D1D3EA997D3B3031CF4BD1251F9B90CFC21039A304C0C84244F175392EC838" />
    <File Index="174" Name="D:\Codes\CoffeeSpace\CoffeeSpace.OrderingApi\Application\Contracts\Requests\Addresses\UpdateAddressRequest.cs" ChecksumAlgorithm="SHA256" Checksum="CE64A2EF957B42052352ED1664D63D09C7CB998823BBAFD264440095AC28A9CA" />
    <File Index="175" Name="D:\Codes\CoffeeSpace\CoffeeSpace.OrderingApi\Application\Contracts\Requests\Buyers\CreateBuyerRequest.cs" ChecksumAlgorithm="SHA256" Checksum="C5D6C8B3489772F71F17D771397B7AAA5FC9D74853473ADF77C8D4DF6FEA97E4" />
    <File Index="176" Name="D:\Codes\CoffeeSpace\CoffeeSpace.OrderingApi\Application\Contracts\Requests\Buyers\DeleteBuyerByIdRequest.cs" ChecksumAlgorithm="SHA256" Checksum="AB4C3725BDEF97A6C6E694F26C56C55AB7F4F78B16427DC667BB2788CC11A706" />
    <File Index="177" Name="D:\Codes\CoffeeSpace\CoffeeSpace.OrderingApi\Application\Contracts\Requests\Buyers\GetBuyerByEmailRequest.cs" ChecksumAlgorithm="SHA256" Checksum="86BC59203BFF46D308F4B9CBD861946B5BEFBFBA713403AAD60DB9A84921E86A" />
    <File Index="178" Name="D:\Codes\CoffeeSpace\CoffeeSpace.OrderingApi\Application\Contracts\Requests\Buyers\GetBuyerByIdRequest.cs" ChecksumAlgorithm="SHA256" Checksum="D17526A1D0BC5BB53E0E264F8AF1879AB89247ED034B860F00BD97A2C387E308" />
    <File Index="179" Name="D:\Codes\CoffeeSpace\CoffeeSpace.OrderingApi\Application\Contracts\Requests\Buyers\UpdateBuyerRequest.cs" ChecksumAlgorithm="SHA256" Checksum="68B254A270B67B34023D31DA3B2355164B54CC5CE63553D63BFA0FE7EAFA37E8" />
    <File Index="180" Name="D:\Codes\CoffeeSpace\CoffeeSpace.OrderingApi\Application\Contracts\Requests\Orders\CreateOrderRequest.cs" ChecksumAlgorithm="SHA256" Checksum="1283C751FD23109AA9EAFE8DE9071DCC83E741CAC994B27E9723A59D8BA288DC" />
    <File Index="181" Name="D:\Codes\CoffeeSpace\CoffeeSpace.OrderingApi\Application\Contracts\Requests\Orders\DeleteOrderRequest.cs" ChecksumAlgorithm="SHA256" Checksum="CD81C52441469ED2F6BF896B9B0F63122ED294568F67FAD742408DFA87E65000" />
    <File Index="182" Name="D:\Codes\CoffeeSpace\CoffeeSpace.OrderingApi\Application\Contracts\Requests\Orders\GetAllOrdersByBuyerIdRequest.cs" ChecksumAlgorithm="SHA256" Checksum="E6A04BB1A482083989D0793FD95BAA23573CD0766D3106671C9A2233B0879C5C" />
    <File Index="183" Name="D:\Codes\CoffeeSpace\CoffeeSpace.OrderingApi\Application\Contracts\Requests\Orders\GetOrderByIdRequest.cs" ChecksumAlgorithm="SHA256" Checksum="B7E8253D848D2D822C99DD4E19376AD2C2946FD0F5E2AFB6548A73DB195664B8" />
    <File Index="184" Name="D:\Codes\CoffeeSpace\CoffeeSpace.OrderingApi\Application\Contracts\Responses\Addressses\AddressResponse.cs" ChecksumAlgorithm="SHA256" Checksum="436A8D36A0C377CEA4DE73E66FBF5C32B39AE4163FAFCAAFFDACF70CEF694089" />
    <File Index="185" Name="D:\Codes\CoffeeSpace\CoffeeSpace.OrderingApi\Application\Contracts\Responses\Buyers\BuyerResponse.cs" ChecksumAlgorithm="SHA256" Checksum="E17666274586955FE63A8FFF86197095A673F7C14F7E07358CA7DB95602CE734" />
    <File Index="186" Name="D:\Codes\CoffeeSpace\CoffeeSpace.OrderingApi\Application\Contracts\Responses\Orders\OrderResponse.cs" ChecksumAlgorithm="SHA256" Checksum="1729D1B11EE6E26C140FB74757A491D6B4CC8C600CBF7CAAF6721BDAB4C729BC" />
    <File Index="187" Name="D:\Codes\CoffeeSpace\CoffeeSpace.OrderingApi\Application\Extensions\ApiVersionExtensions.cs" ChecksumAlgorithm="SHA256" Checksum="62E1D79AFE8E309C17967DF07C99CC309843AE8F18F84BC3BC5FFBC3CE8BBE41" />
    <File Index="188" Name="D:\Codes\CoffeeSpace\CoffeeSpace.OrderingApi\Application\Extensions\HealthChecksExtensions.cs" ChecksumAlgorithm="SHA256" Checksum="259C623004C621DE0A60212D7D4690A4C57E3AB26E961EB90608AC1AFC22E8C6" />
    <File Index="189" Name="D:\Codes\CoffeeSpace\CoffeeSpace.OrderingApi\Application\Helpers\ApiEndpoints.cs" ChecksumAlgorithm="SHA256" Checksum="06A62D807AD1C08820BB21BE232CA2F5C04198BE6A3A4A6742DFD269C4852458" />
    <File Index="190" Name="D:\Codes\CoffeeSpace\CoffeeSpace.OrderingApi\Application\Helpers\CacheKeys.cs" ChecksumAlgorithm="SHA256" Checksum="F022690A58CA9541A41882F71F35D258833E051F51FFE8A6C23C4911B4E2D147" />
    <File Index="191" Name="D:\Codes\CoffeeSpace\CoffeeSpace.OrderingApi\Application\Mapping\BuyerMappingProfile.cs" ChecksumAlgorithm="SHA256" Checksum="C0DB1DD45FD0779F4289F0335ADC0F7B57BE0C63CC6EAD99141A629C25288352" />
    <File Index="192" Name="D:\Codes\CoffeeSpace\CoffeeSpace.OrderingApi\Application\Mapping\OrderItemMappingProfile.cs" ChecksumAlgorithm="SHA256" Checksum="0611C94E79677E0ABCC4CC627C10F71759168B68D5CEF9AC5279BBF23A97ACDA" />
    <File Index="193" Name="D:\Codes\CoffeeSpace\CoffeeSpace.OrderingApi\Application\Mapping\OrderMappingProfile.cs" ChecksumAlgorithm="SHA256" Checksum="7BAD86DE1DB80922E28C8389D2DE5DE7C4692BE15028A5D1EE34F5F298FEF093" />
    <File Index="194" Name="D:\Codes\CoffeeSpace\CoffeeSpace.OrderingApi\Application\Messaging\Masstransit\Consumers\PaymentPageInitializedConsumer.cs" ChecksumAlgorithm="SHA256" Checksum="03FF8F0BF7498F3EB149D42F8ED2444C2CBACDAA86D6720C92673590DB1E1A24" />
    <File Index="195" Name="D:\Codes\CoffeeSpace\CoffeeSpace.OrderingApi\Application\Messaging\Masstransit\Consumers\RegisterNewBuyerConsumer.cs" ChecksumAlgorithm="SHA256" Checksum="40DC67D2CC26A60BD926FC0B4E073AB1311DD9EE47A6662C7CEF644125867AE8" />
    <File Index="196" Name="D:\Codes\CoffeeSpace\CoffeeSpace.OrderingApi\Application\Messaging\Masstransit\Consumers\UpdateOrderStatusConsumer.cs" ChecksumAlgorithm="SHA256" Checksum="B0055ACE75C957A52E62A9CDFB18B55CB46A7E12F02D77C76C713055BAB8D2C0" />
    <File Index="197" Name="D:\Codes\CoffeeSpace\CoffeeSpace.OrderingApi\Application\Messaging\Masstransit\Sagas\Definitions\OrderStateDefinition.cs" ChecksumAlgorithm="SHA256" Checksum="38A309C18F6D8F1488CD0C9AA6916A1BB69D08F4D93EE5BC73699090801BE21D" />
    <File Index="198" Name="D:\Codes\CoffeeSpace\CoffeeSpace.OrderingApi\Application\Messaging\Masstransit\Sagas\OrderStateInstance.cs" ChecksumAlgorithm="SHA256" Checksum="FDDDB0D74C9483FBDBF031B83A0F8FE99A8F79E280705B00CDDDB96ED6C0C543" />
    <File Index="199" Name="D:\Codes\CoffeeSpace\CoffeeSpace.OrderingApi\Application\Messaging\Masstransit\Sagas\OrderStateMachine.cs" ChecksumAlgorithm="SHA256" Checksum="3B9B5D636130A1EC514D8178079586CE2C606112EB93261CAB53E5883AE9C10E" />
    <File Index="200" Name="D:\Codes\CoffeeSpace\CoffeeSpace.OrderingApi\Application\Messaging\Mediator\Notifications\Buyers\CreateBuyerNotification.cs" ChecksumAlgorithm="SHA256" Checksum="DBD7C1E13AE7DBF33B126E222977048CCAD7BA7827E2097E79DC6F9558E3EC21" />
    <File Index="201" Name="D:\Codes\CoffeeSpace\CoffeeSpace.OrderingApi\Application\Messaging\Mediator\Notifications\Buyers\DeleteBuyerNotification.cs" ChecksumAlgorithm="SHA256" Checksum="49246525B8E7EEC6F71EFD28B95F4413C9328CC69321CB5CB603458DB825632F" />
    <File Index="202" Name="D:\Codes\CoffeeSpace\CoffeeSpace.OrderingApi\Application\Messaging\Mediator\Notifications\Buyers\Handlers\BuyerCacheNotificationHandlers.cs" ChecksumAlgorithm="SHA256" Checksum="A7D45A746D9BCD3BA53C8126AA3520A7087CCB32711383F32A834BDD52FC376A" />
    <File Index="203" Name="D:\Codes\CoffeeSpace\CoffeeSpace.OrderingApi\Application\Messaging\Mediator\Notifications\Buyers\UpdateBuyerNotification.cs" ChecksumAlgorithm="SHA256" Checksum="C0344ABDE5EA654D1E10E2B504B629624AEB193AF40D41D81083A7A73D5D83C3" />
    <File Index="204" Name="D:\Codes\CoffeeSpace\CoffeeSpace.OrderingApi\Application\Messaging\Mediator\Notifications\Orders\CreateOrderNotification.cs" ChecksumAlgorithm="SHA256" Checksum="B9B5AFA19818A18DB26EDCC213D4EB9B735B7277E967F3D96564D5188E91187F" />
    <File Index="205" Name="D:\Codes\CoffeeSpace\CoffeeSpace.OrderingApi\Application\Messaging\Mediator\Notifications\Orders\DeleteOrderNotification.cs" ChecksumAlgorithm="SHA256" Checksum="7DC7C8CC57301DF41684935EEF72C72A9DF21797A187278F3B57A818DADDD4A9" />
    <File Index="206" Name="D:\Codes\CoffeeSpace\CoffeeSpace.OrderingApi\Application\Messaging\Mediator\Notifications\Orders\Handlers\OrderCacheNotificationHandler.cs" ChecksumAlgorithm="SHA256" Checksum="CD00F3ACB6C1588EA40C6591B397C36B7A0177AF0556245108D52027ED8BD33B" />
    <File Index="207" Name="D:\Codes\CoffeeSpace\CoffeeSpace.OrderingApi\Application\Messaging\Mediator\Notifications\Orders\UpdateOrderNotification.cs" ChecksumAlgorithm="SHA256" Checksum="1DD251FB2AA9E302760291C29263687AC21D5125B1D568155300EE7E57F43EBA" />
    <File Index="208" Name="D:\Codes\CoffeeSpace\CoffeeSpace.OrderingApi\Application\Repositories\Abstractions\IBuyerRepository.cs" ChecksumAlgorithm="SHA256" Checksum="C1A9EF6B0E4FE2756E1A94830DA6D27BCE97E51CB621D6AF2FA6B19597F145C2" />
    <File Index="209" Name="D:\Codes\CoffeeSpace\CoffeeSpace.OrderingApi\Application\Repositories\Abstractions\IOrderRepository.cs" ChecksumAlgorithm="SHA256" Checksum="921307FCD9A6D9CEBFD146D1B400AA45F5F0BD7EEAF14AAC93FF692A6D834B3C" />
    <File Index="210" Name="D:\Codes\CoffeeSpace\CoffeeSpace.OrderingApi\Application\Repositories\Abstractions\IRepository.cs" ChecksumAlgorithm="SHA256" Checksum="EBC6AE361BB21FD6CBAF39371184255E488653F246FB4AEDD443135E18673914" />
    <File Index="211" Name="D:\Codes\CoffeeSpace\CoffeeSpace.OrderingApi\Application\Repositories\BuyerRepository.cs" ChecksumAlgorithm="SHA256" Checksum="7404A23A33707F3CD7D3F2453E8EC1D7326AE11D673BE040327FE8F272173D04" />
    <File Index="212" Name="D:\Codes\CoffeeSpace\CoffeeSpace.OrderingApi\Application\Repositories\OrderRepository.cs" ChecksumAlgorithm="SHA256" Checksum="1ADE1C729A1F3584E442C53F5AB42F19FE99903DE863CD4BDDF5DF724174CDE2" />
    <File Index="213" Name="D:\Codes\CoffeeSpace\CoffeeSpace.OrderingApi\Application\Services\Abstractions\IBuyerService.cs" ChecksumAlgorithm="SHA256" Checksum="BEF9AD1E1B76566D62D78915B83806F072845F46752B42AD6D4F401660485A15" />
    <File Index="214" Name="D:\Codes\CoffeeSpace\CoffeeSpace.OrderingApi\Application\Services\Abstractions\IOrderService.cs" ChecksumAlgorithm="SHA256" Checksum="64F5E331F67BBAC1F40E38831382B27D46CD6232EC11401518E770BF304AD324" />
    <File Index="215" Name="D:\Codes\CoffeeSpace\CoffeeSpace.OrderingApi\Application\Services\BuyerService.cs" ChecksumAlgorithm="SHA256" Checksum="A57ED92DF22E149035FE62285F80D9207E3C988DC367673FF088EAEA862A30FB" />
    <File Index="216" Name="D:\Codes\CoffeeSpace\CoffeeSpace.OrderingApi\Application\Services\Decorators\CachedBuyerService.cs" ChecksumAlgorithm="SHA256" Checksum="D1C3E640642B9D69458E928CAE0C2A431E10A2706214094DF404EE2B8CEBB60A" />
    <File Index="217" Name="D:\Codes\CoffeeSpace\CoffeeSpace.OrderingApi\Application\Services\Decorators\CachedOrderService.cs" ChecksumAlgorithm="SHA256" Checksum="D4C26ACC95B0F362472065E084197176CA08C3FD0270B60DA74490AE056F7D85" />
    <File Index="218" Name="D:\Codes\CoffeeSpace\CoffeeSpace.OrderingApi\Application\Services\OrderService.cs" ChecksumAlgorithm="SHA256" Checksum="01C8EC2041F62EA659727D69DF4696B85BD6CF065214797401437A38B7FF8519" />
    <File Index="219" Name="D:\Codes\CoffeeSpace\CoffeeSpace.OrderingApi\Application\SignalRHubs\Abstraction\IOrderingHub.cs" ChecksumAlgorithm="SHA256" Checksum="1AF47397805E8C916AEEFA23D2322CAB50C29F2B2DFD3D01C5F9A8EBC57F7658" />
    <File Index="220" Name="D:\Codes\CoffeeSpace\CoffeeSpace.OrderingApi\Application\SignalRHubs\OrderingHub.cs" ChecksumAlgorithm="SHA256" Checksum="F3E85914C1961C4D70181B0FA8D00ABCD5C32B5245089CAB551A6B6AC234F718" />
    <File Index="221" Name="D:\Codes\CoffeeSpace\CoffeeSpace.OrderingApi\Application\Validators\Buyers\BuyerResponseValidator.cs" ChecksumAlgorithm="SHA256" Checksum="935756F82FC8CC8988F686ED70ADDA3124E2DD737EA5CB4CB17C146ADA46E7E2" />
    <File Index="222" Name="D:\Codes\CoffeeSpace\CoffeeSpace.OrderingApi\Application\Validators\Buyers\CreateBuyerRequestValidator.cs" ChecksumAlgorithm="SHA256" Checksum="4180BEAFB4C174859932A7E05A9231EC0BBD3364CC4D09B0C22BBA0C16260530" />
    <File Index="223" Name="D:\Codes\CoffeeSpace\CoffeeSpace.OrderingApi\Application\Validators\Buyers\UpdateBuyerRequestValidator.cs" ChecksumAlgorithm="SHA256" Checksum="0705A37B8CE6DF93709BEE4720F7A5DB04D489366E9B92E61ECC0D1D3B6572C2" />
    <File Index="224" Name="D:\Codes\CoffeeSpace\CoffeeSpace.OrderingApi\Application\Validators\IValidatorMarker.cs" ChecksumAlgorithm="SHA256" Checksum="63345C68180F5D925CB8368596332D82D3A7D91ECB92C74D5F4400EC57630388" />
    <File Index="225" Name="D:\Codes\CoffeeSpace\CoffeeSpace.OrderingApi\Application\Validators\Orders\CreateOrderRequestValidator.cs" ChecksumAlgorithm="SHA256" Checksum="3E580B5CF82B9DC11A9DD85770D2F35FAB7D8B2802541C3A7FA6CA0B992922D6" />
    <File Index="226" Name="D:\Codes\CoffeeSpace\CoffeeSpace.OrderingApi\Application\Validators\Orders\OrderItemValidator.cs" ChecksumAlgorithm="SHA256" Checksum="4D275BAA846DA471239E47AAA73C767556F832C3457373F430E85B9325FBFC8A" />
    <File Index="227" Name="D:\Codes\CoffeeSpace\CoffeeSpace.OrderingApi\Application\Validators\Orders\OrderResponseValidator.cs" ChecksumAlgorithm="SHA256" Checksum="972DE446F3FF64261636C518618FF2AF73D44C0EE3DE56EBBDE22D14C1241EA9" />
    <File Index="228" Name="D:\Codes\CoffeeSpace\CoffeeSpace.OrderingApi\Controllers\BuyersController.cs" ChecksumAlgorithm="SHA256" Checksum="3651F6E8DA6F2860F618C0759AF4F9AA109ABB765E5C3DC5427813AB6B5B9B49" />
    <File Index="229" Name="D:\Codes\CoffeeSpace\CoffeeSpace.OrderingApi\Controllers\OrdersController.cs" ChecksumAlgorithm="SHA256" Checksum="7F3B836A3FEF384968EF14A706BF16827E9DBD2B64F60DAD85FC247428A24B51" />
    <File Index="230" Name="D:\Codes\CoffeeSpace\CoffeeSpace.OrderingApi\MediatorConfiguration.cs" ChecksumAlgorithm="SHA256" Checksum="C35D38E1901E19C68467B77C1390D9883E1544B4AEDA7153EBA2F5E7E51F4071" />
    <File Index="231" Name="D:\Codes\CoffeeSpace\CoffeeSpace.OrderingApi\Persistence\Abstractions\IOrderingDbContext.cs" ChecksumAlgorithm="SHA256" Checksum="F2D31A7E3522BF3B4E34413ABAF0CFD84741F21519B5006391E18A4C4BF13312" />
    <File Index="232" Name="D:\Codes\CoffeeSpace\CoffeeSpace.OrderingApi\Persistence\Configurations\AddressConfiguration.cs" ChecksumAlgorithm="SHA256" Checksum="EE4A40FA9B66D06289943EFC5CB249F741F651C2F654484BD97C1A1EF0EE80FA" />
    <File Index="233" Name="D:\Codes\CoffeeSpace\CoffeeSpace.OrderingApi\Persistence\Configurations\BuyerConfiguration.cs" ChecksumAlgorithm="SHA256" Checksum="341B56AE7ADF5F744BFD631433F7F4025412EB521D9403EEDEFBBE9C623DE050" />
    <File Index="234" Name="D:\Codes\CoffeeSpace\CoffeeSpace.OrderingApi\Persistence\Configurations\OrderConfiguration.cs" ChecksumAlgorithm="SHA256" Checksum="7205A2397FF42ACE234B4A8EA0A16B908F4B29F7AA78EC57601E37D310781C6E" />
    <File Index="235" Name="D:\Codes\CoffeeSpace\CoffeeSpace.OrderingApi\Persistence\Configurations\OrderItemConfiguration.cs" ChecksumAlgorithm="SHA256" Checksum="A4899EB5BEE38E83B94BB354C0F11C24212AF219DEBB6D36EBFD5734B6269023" />
    <File Index="236" Name="D:\Codes\CoffeeSpace\CoffeeSpace.OrderingApi\Persistence\Configurations\OrderStateMap.cs" ChecksumAlgorithm="SHA256" Checksum="FEAFD57EC54E32CBFE4E79DC6199B8E156E6FF00CBB18D82E166408625362EA2" />
    <File Index="237" Name="D:\Codes\CoffeeSpace\CoffeeSpace.OrderingApi\Persistence\Migrations\OrderingDb\20230617102508_Initial.cs" ChecksumAlgorithm="SHA256" Checksum="7311467264031317DC7B15F49746710280C22898FE075ED26955F893D17D9632" />
    <File Index="238" Name="D:\Codes\CoffeeSpace\CoffeeSpace.OrderingApi\Persistence\Migrations\OrderingDb\20230617102508_Initial.Designer.cs" ChecksumAlgorithm="SHA256" Checksum="8B36C433489BCEF808E0DF37F6FD3A0AE4712B9CCF7675790621E5B872B422BE" />
    <File Index="239" Name="D:\Codes\CoffeeSpace\CoffeeSpace.OrderingApi\Persistence\Migrations\OrderingDb\20230911205935_IncreaseSizeOf_ProductDescription.cs" ChecksumAlgorithm="SHA256" Checksum="769BBBC5271FEF174D7DD82FC7BA118EC4F211DD8DDAED8B1BF64E08C164189A" />
    <File Index="240" Name="D:\Codes\CoffeeSpace\CoffeeSpace.OrderingApi\Persistence\Migrations\OrderingDb\20230911205935_IncreaseSizeOf_ProductDescription.Designer.cs" ChecksumAlgorithm="SHA256" Checksum="A1C1C8A2A2FA4B1BDBE8DE0BD7E883D6C945C7868A82C4B9E7E179DE221B59BC" />
    <File Index="241" Name="D:\Codes\CoffeeSpace\CoffeeSpace.OrderingApi\Persistence\Migrations\OrderingDb\20230922191813_Added_OrderItem_Quantity.cs" ChecksumAlgorithm="SHA256" Checksum="1B121E6FA661A1B8C7838B2B9A35669F9A2D587F9535B524FE7D10769BDBA6BF" />
    <File Index="242" Name="D:\Codes\CoffeeSpace\CoffeeSpace.OrderingApi\Persistence\Migrations\OrderingDb\20230922191813_Added_OrderItem_Quantity.Designer.cs" ChecksumAlgorithm="SHA256" Checksum="FEF52F241F706D443067A2268E5FD9F5558FD072FEFB04C365B6A6F95D39410E" />
    <File Index="243" Name="D:\Codes\CoffeeSpace\CoffeeSpace.OrderingApi\Persistence\Migrations\OrderingDb\20231005165519_Remove_PaymentInfo.cs" ChecksumAlgorithm="SHA256" Checksum="ECF4B712E2CBF123D1F4F713FF19C80C84B4438D9147118BB8C2743BE4D14271" />
    <File Index="244" Name="D:\Codes\CoffeeSpace\CoffeeSpace.OrderingApi\Persistence\Migrations\OrderingDb\20231005165519_Remove_PaymentInfo.Designer.cs" ChecksumAlgorithm="SHA256" Checksum="0C37D63782EE512765DCAE0E90F9D255E0F1A98C60435E66965CF131B51CAC5E" />
    <File Index="245" Name="D:\Codes\CoffeeSpace\CoffeeSpace.OrderingApi\Persistence\Migrations\OrderingDb\OrderingDbContextModelSnapshot.cs" ChecksumAlgorithm="SHA256" Checksum="E0257FA3124540511CA52619110A4A21FFDBC1ED0313B2CAFAD2B265E74AE90B" />
    <File Index="246" Name="D:\Codes\CoffeeSpace\CoffeeSpace.OrderingApi\Persistence\Migrations\SagaDb\20230617103242_Initial.cs" ChecksumAlgorithm="SHA256" Checksum="CB8F9E72765B5AAE1B25D89EC779AD859B079A0739010B906915CB8621F5D755" />
    <File Index="247" Name="D:\Codes\CoffeeSpace\CoffeeSpace.OrderingApi\Persistence\Migrations\SagaDb\20230617103242_Initial.Designer.cs" ChecksumAlgorithm="SHA256" Checksum="D1BE76D2C2E12EF66387D30AF757ADBCD4093E51263B8B20C1668F9BD74468F1" />
    <File Index="248" Name="D:\Codes\CoffeeSpace\CoffeeSpace.OrderingApi\Persistence\Migrations\SagaDb\20230619152335_Added_BusOutbox.cs" ChecksumAlgorithm="SHA256" Checksum="755D332F5251630444D3E08437DE450822641ADD4F17EF822475085753E8180D" />
    <File Index="249" Name="D:\Codes\CoffeeSpace\CoffeeSpace.OrderingApi\Persistence\Migrations\SagaDb\20230619152335_Added_BusOutbox.Designer.cs" ChecksumAlgorithm="SHA256" Checksum="B02C0656F0ECA2871A72022808391101EE62B9E33EEB5A4B85D3D7881E5B6274" />
    <File Index="250" Name="D:\Codes\CoffeeSpace\CoffeeSpace.OrderingApi\Persistence\Migrations\SagaDb\20230910204202_Update_BusOutbox.cs" ChecksumAlgorithm="SHA256" Checksum="7D4710F2034EFAB794D89FBAC45005ED76A4C00AB0E1D53253EFC16115847883" />
    <File Index="251" Name="D:\Codes\CoffeeSpace\CoffeeSpace.OrderingApi\Persistence\Migrations\SagaDb\20230910204202_Update_BusOutbox.Designer.cs" ChecksumAlgorithm="SHA256" Checksum="004E7F69172E1AA4CA13623D9088F1B383AC615AD7CFCC65B74AC090BDC9DC93" />
    <File Index="252" Name="D:\Codes\CoffeeSpace\CoffeeSpace.OrderingApi\Persistence\Migrations\SagaDb\20231005165925_ChangeStatusTypeToText.cs" ChecksumAlgorithm="SHA256" Checksum="B963F1EC341B814FFBC8EB490038B08799D3DA5086E9CBD2351437A90ED89023" />
    <File Index="253" Name="D:\Codes\CoffeeSpace\CoffeeSpace.OrderingApi\Persistence\Migrations\SagaDb\20231005165925_ChangeStatusTypeToText.Designer.cs" ChecksumAlgorithm="SHA256" Checksum="32DA971E30074386C4F7499AE6628B9CB612B104822246B33E77A6C070BF4A2C" />
    <File Index="254" Name="D:\Codes\CoffeeSpace\CoffeeSpace.OrderingApi\Persistence\Migrations\SagaDb\OrderStateSagaDbContextModelSnapshot.cs" ChecksumAlgorithm="SHA256" Checksum="D2F82662C3CE7902282EB6FA23E87D8680AE6B2D23686B5566928F18F388CF55" />
    <File Index="255" Name="D:\Codes\CoffeeSpace\CoffeeSpace.OrderingApi\Persistence\OrderingDbContext.cs" ChecksumAlgorithm="SHA256" Checksum="A89A40E338CBB838698CD767EA3D2617446140AACF60D0947245CD900FCC4B7E" />
    <File Index="256" Name="D:\Codes\CoffeeSpace\CoffeeSpace.OrderingApi\Persistence\OrderStateSagaDbContext.cs" ChecksumAlgorithm="SHA256" Checksum="EC007234E55506FEDDDB67477FE2404C1606FBA8451FC110FB3C064051078772" />
    <File Index="257" Name="D:\Codes\CoffeeSpace\CoffeeSpace.OrderingApi\Program.cs" ChecksumAlgorithm="SHA256" Checksum="B5941FEF58A75C69CC847C3BEDD7A1056C689B3269F1C259C9DF1C90E3D064D2" />
    <File Index="258" Name="D:\Codes\CoffeeSpace\CoffeeSpace.OrderingApi\obj\Debug\net7.0\CoffeeSpace.OrderingApi.GlobalUsings.g.cs" ChecksumAlgorithm="SHA256" Checksum="1BC1691037C29525F4B104FE05A77BBEF040A27CCE2AB784ED28226F8C8B5E35" />
    <File Index="259" Name="D:\Codes\CoffeeSpace\CoffeeSpace.OrderingApi\obj\Debug\net7.0\.NETCoreApp,Version=v7.0.AssemblyAttributes.cs" ChecksumAlgorithm="SHA256" Checksum="9596DA901062CF5ADD81D66C23696CA92BBFA59C82FE10F4F06D45292E2CB0FF" />
    <File Index="260" Name="D:\Codes\CoffeeSpace\CoffeeSpace.OrderingApi\obj\Debug\net7.0\CoffeeSpace.OrderingApi.AssemblyInfo.cs" ChecksumAlgorithm="SHA256" Checksum="A92EDCF301F2A04BA7685FE1377CC3EE32AB9B659A1ACC1A6E1A3306133D2BE9" />
    <File Index="261" Name="D:\Codes\CoffeeSpace\CoffeeSpace.OrderingApi\obj\Debug\net7.0\CoffeeSpace.OrderingApi.MvcApplicationPartsAssemblyInfo.cs" ChecksumAlgorithm="SHA256" Checksum="4EE67F18671965F31BB2416794D02DD3A338FD29CE768FAAD1EC304120378AD4" />
    <File Index="262" Name="D:\Codes\CoffeeSpace\CoffeeSpace.OrderingApi\Mediator.SourceGenerator.Roslyn40\Mediator.SourceGenerator.IncrementalMediatorGenerator\MediatorOptions.g.cs" ChecksumAlgorithm="SHA1" Checksum="BF4A591AC4A81F66D61D617E9717779D6CE42DA3" />
    <File Index="263" Name="D:\Codes\CoffeeSpace\CoffeeSpace.OrderingApi\Mediator.SourceGenerator.Roslyn40\Mediator.SourceGenerator.IncrementalMediatorGenerator\MediatorOptionsAttribute.g.cs" ChecksumAlgorithm="SHA1" Checksum="4A401E4F4372D559DD005B1492DCBCE7B56F5736" />
    <File Index="264" Name="D:\Codes\CoffeeSpace\CoffeeSpace.OrderingApi\Mediator.SourceGenerator.Roslyn40\Mediator.SourceGenerator.IncrementalMediatorGenerator\Mediator.g.cs" ChecksumAlgorithm="SHA1" Checksum="39C9CF9BBBA5DE629767CEE9D54C4154E6097A5F" />
    <File Index="265" Name="D:\Codes\CoffeeSpace\CoffeeSpace.OrderingApi\Riok.Mapperly\Riok.Mapperly.MapperGenerator\BuyerMappingProfile.g.cs" ChecksumAlgorithm="SHA1" Checksum="A22579A638D1A29039851D68F4D6B72D21E4BCC5" />
    <File Index="266" Name="D:\Codes\CoffeeSpace\CoffeeSpace.OrderingApi\Riok.Mapperly\Riok.Mapperly.MapperGenerator\OrderItemMappingProfile.g.cs" ChecksumAlgorithm="SHA1" Checksum="419AF0BF0C78506536E4CE5CBAB2DD2D29A30356" />
    <File Index="267" Name="D:\Codes\CoffeeSpace\CoffeeSpace.OrderingApi\Riok.Mapperly\Riok.Mapperly.MapperGenerator\OrderMappingProfile.g.cs" ChecksumAlgorithm="SHA1" Checksum="715E3C1956E78582DAA40856CE29474D078ECCB9" />
    <File Index="268" Name="D:\Codes\CoffeeSpace\tests\Unit Tests\CoffeeSpace.PaymentService.Tests\Consumers\OrderPaymentValidationConsumerTests.cs" ChecksumAlgorithm="SHA256" Checksum="6C84F547DC3D699BFB0FE88F2E3FC4529ABE6BD921496D13504F0F516A219819" />
    <File Index="269" Name="D:\Codes\CoffeeSpace\tests\Unit Tests\CoffeeSpace.PaymentService.Tests\Repositories\PaymentRepositoryTests.cs" ChecksumAlgorithm="SHA256" Checksum="A2489BF71AA5AE847D65019BFFCB7D355BD3FFB726BE5919C1222FAF7D536D39" />
    <File Index="270" Name="D:\Codes\CoffeeSpace\tests\Unit Tests\CoffeeSpace.PaymentService.Tests\Services\PaymentServiceTests.cs" ChecksumAlgorithm="SHA256" Checksum="8E6E12B15E247A124D9CA10646DA2018ED9C8932C112B1B60FED78ACCD85FDA2" />
    <File Index="271" Name="D:\Codes\CoffeeSpace\tests\Unit Tests\CoffeeSpace.PaymentService.Tests\obj\Debug\net7.0\CoffeeSpace.PaymentService.Tests.GlobalUsings.g.cs" ChecksumAlgorithm="SHA256" Checksum="F3F134E9E825E3E7268090F58B1AF2BDA2DE513F61A09C56F48B9B8D08612ABC" />
    <File Index="272" Name="D:\Codes\CoffeeSpace\tests\Unit Tests\CoffeeSpace.PaymentService.Tests\obj\Debug\net7.0\.NETCoreApp,Version=v7.0.AssemblyAttributes.cs" ChecksumAlgorithm="SHA256" Checksum="9596DA901062CF5ADD81D66C23696CA92BBFA59C82FE10F4F06D45292E2CB0FF" />
    <File Index="273" Name="D:\Codes\CoffeeSpace\tests\Unit Tests\CoffeeSpace.PaymentService.Tests\obj\Debug\net7.0\CoffeeSpace.PaymentService.Tests.AssemblyInfo.cs" ChecksumAlgorithm="SHA256" Checksum="DFE50DB3D335FF5BFE3205EFF4D73B59A4DA8D0F3BDEF03A07905B1939A020D7" />
    <File Index="274" Name="D:\Codes\CoffeeSpace\tests\Unit Tests\CoffeeSpace.ProductApi.Tests\Consumers\OrderStockValidationConsumerTests.cs" ChecksumAlgorithm="SHA256" Checksum="3638FD036F3785EF9185F5C775003C561EDD1D754C39CB389F0DD52987D233F5" />
    <File Index="275" Name="D:\Codes\CoffeeSpace\tests\Unit Tests\CoffeeSpace.ProductApi.Tests\Repositories\CachedProductRepositoryTests.cs" ChecksumAlgorithm="SHA256" Checksum="6CF9512BAC1A46F12795ABF84F69659215D7223B75F2F55AC875C68A140A3142" />
    <File Index="276" Name="D:\Codes\CoffeeSpace\tests\Unit Tests\CoffeeSpace.ProductApi.Tests\Repositories\ProductRepositoryTests.cs" ChecksumAlgorithm="SHA256" Checksum="1C7754D67062B8B0FBC8047021DC2186A46E0F9A629D60DD6F1BCE2C01E73842" />
    <File Index="277" Name="D:\Codes\CoffeeSpace\tests\Unit Tests\CoffeeSpace.ProductApi.Tests\Validators\CreateProductRequestValidatorTests.cs" ChecksumAlgorithm="SHA256" Checksum="30652AEF75C11BD3C7682D03F308088B7D9DA2A1CE26A2A18078F86A6EF0BA2B" />
    <File Index="278" Name="D:\Codes\CoffeeSpace\tests\Unit Tests\CoffeeSpace.ProductApi.Tests\Validators\ProductResponseValidatorTests.cs" ChecksumAlgorithm="SHA256" Checksum="D8BD460AC734766BA0F0B4F074B8C01C90C367055525EB4CD4743B0456396474" />
    <File Index="279" Name="D:\Codes\CoffeeSpace\tests\Unit Tests\CoffeeSpace.ProductApi.Tests\Validators\UpdateProductRequestValidatorTests.cs" ChecksumAlgorithm="SHA256" Checksum="FAF7B2F48CC6BD17F6C99417DD16EE16C9DF62B1932FF60FB807CF98FAC5FD5C" />
    <File Index="280" Name="D:\Codes\CoffeeSpace\tests\Unit Tests\CoffeeSpace.ProductApi.Tests\obj\Debug\net7.0\CoffeeSpace.ProductApi.Tests.GlobalUsings.g.cs" ChecksumAlgorithm="SHA256" Checksum="F3F134E9E825E3E7268090F58B1AF2BDA2DE513F61A09C56F48B9B8D08612ABC" />
    <File Index="281" Name="D:\Codes\CoffeeSpace\tests\Unit Tests\CoffeeSpace.ProductApi.Tests\obj\Debug\net7.0\.NETCoreApp,Version=v7.0.AssemblyAttributes.cs" ChecksumAlgorithm="SHA256" Checksum="9596DA901062CF5ADD81D66C23696CA92BBFA59C82FE10F4F06D45292E2CB0FF" />
    <File Index="282" Name="D:\Codes\CoffeeSpace\tests\Unit Tests\CoffeeSpace.ProductApi.Tests\obj\Debug\net7.0\CoffeeSpace.ProductApi.Tests.AssemblyInfo.cs" ChecksumAlgorithm="SHA256" Checksum="B8B5830432F061224439C05ADF56FF4E86A1EE91DA81141234780B1688E2CD29" />
    <File Index="283" Name="D:\Codes\CoffeeSpace\tests\Integration Tests\CoffeeSpace.ProductApi.Tests.Integration\Controllers\ProductsApiControllerTests.cs" ChecksumAlgorithm="SHA256" Checksum="20F36409DCBFFEF3FEDE4B25618D00ABA775E5451E1663D2F88E2D582D01E574" />
    <File Index="284" Name="D:\Codes\CoffeeSpace\tests\Integration Tests\CoffeeSpace.ProductApi.Tests.Integration\Fakers\CreateProductRequestFaker.cs" ChecksumAlgorithm="SHA256" Checksum="F14E821391B63773F3FEA177C367E6CFB6FEF6EEF2E12BA2A29F119559053668" />
    <File Index="285" Name="D:\Codes\CoffeeSpace\tests\Integration Tests\CoffeeSpace.ProductApi.Tests.Integration\Fakers\ProductFaker.cs" ChecksumAlgorithm="SHA256" Checksum="F7AA69B2E20E8C6360CCE4439584F038D853D403F265EAF63CBD7FC305D81897" />
    <File Index="286" Name="D:\Codes\CoffeeSpace\tests\Integration Tests\CoffeeSpace.ProductApi.Tests.Integration\Fakers\UpdateProductRequestFaker.cs" ChecksumAlgorithm="SHA256" Checksum="7328127A650C22233C4BD9D9EABBC06DF936ACE8E2040B9E1529865B3EC485D1" />
    <File Index="287" Name="D:\Codes\CoffeeSpace\tests\Integration Tests\CoffeeSpace.ProductApi.Tests.Integration\Fixtures\ProductApiFactory.cs" ChecksumAlgorithm="SHA256" Checksum="D3E3F86F030ED5C555572C0F4BBCEAC35FE8FF5EC59968EE88BD892969357356" />
    <File Index="288" Name="D:\Codes\CoffeeSpace\tests\Integration Tests\CoffeeSpace.ProductApi.Tests.Integration\obj\Debug\net7.0\CoffeeSpace.ProductApi.Tests.Integration.GlobalUsings.g.cs" ChecksumAlgorithm="SHA256" Checksum="C993D12FF0AF5D756D01FD6DB55AC8843EEDB52F85DDE667566020259BF98408" />
    <File Index="289" Name="D:\Codes\CoffeeSpace\tests\Integration Tests\CoffeeSpace.ProductApi.Tests.Integration\obj\Debug\net7.0\Verify.Attributes.cs" ChecksumAlgorithm="SHA256" Checksum="6BEBEF3F1286898BE108AB71D3362D72578C1662C3E1B3A27207C36C08134FC6" />
    <File Index="290" Name="D:\Codes\CoffeeSpace\tests\Integration Tests\CoffeeSpace.ProductApi.Tests.Integration\obj\Debug\net7.0\.NETCoreApp,Version=v7.0.AssemblyAttributes.cs" ChecksumAlgorithm="SHA256" Checksum="9596DA901062CF5ADD81D66C23696CA92BBFA59C82FE10F4F06D45292E2CB0FF" />
    <File Index="291" Name="D:\Codes\CoffeeSpace\tests\Integration Tests\CoffeeSpace.ProductApi.Tests.Integration\obj\Debug\net7.0\CoffeeSpace.ProductApi.Tests.Integration.AssemblyInfo.cs" ChecksumAlgorithm="SHA256" Checksum="4C3F4E34CD15691470B370D55784DE199A32B9AA500FB06888307C4AC0D94664" />
    <File Index="292" Name="D:\Codes\CoffeeSpace\tests\Integration Tests\CoffeeSpace.OrderingApi.Tests.Integration\Controllers\BuyersControllerTests.cs" ChecksumAlgorithm="SHA256" Checksum="83CED97E152BC6C22C2CEBDABC3D240210BA21AA089B92018E7F3F3C00F8E438" />
    <File Index="293" Name="D:\Codes\CoffeeSpace\tests\Integration Tests\CoffeeSpace.OrderingApi.Tests.Integration\Controllers\OrdersControllerTests.cs" ChecksumAlgorithm="SHA256" Checksum="3E35A7FE4AAE3AA8BE76B25FFEC4AC5A96125BEB5513958A216FC569D412D8C0" />
    <File Index="294" Name="D:\Codes\CoffeeSpace\tests\Integration Tests\CoffeeSpace.OrderingApi.Tests.Integration\Fakers\Models\AddressFaker.cs" ChecksumAlgorithm="SHA256" Checksum="6CA091205391BEFE37B730CF0B331D3B17F952B97061D99A956E261529A3401C" />
    <File Index="295" Name="D:\Codes\CoffeeSpace\tests\Integration Tests\CoffeeSpace.OrderingApi.Tests.Integration\Fakers\Models\BuyerFaker.cs" ChecksumAlgorithm="SHA256" Checksum="D679F0F9AA67A1877D057F0EBCE9F162BA64FA58CE07AAA6047544020DE41638" />
    <File Index="296" Name="D:\Codes\CoffeeSpace\tests\Integration Tests\CoffeeSpace.OrderingApi.Tests.Integration\Fakers\Models\OrderFaker.cs" ChecksumAlgorithm="SHA256" Checksum="7122D6760B597C07E9893B2C3E1641FF687B6E90576C3A3806085F8B8DDE98CA" />
    <File Index="297" Name="D:\Codes\CoffeeSpace\tests\Integration Tests\CoffeeSpace.OrderingApi.Tests.Integration\Fakers\Models\OrderItemFaker.cs" ChecksumAlgorithm="SHA256" Checksum="F2598DE61BEA6B657FE40AD125CE03C3E41C41D44918B1F267903C26A5F7E4B4" />
    <File Index="298" Name="D:\Codes\CoffeeSpace\tests\Integration Tests\CoffeeSpace.OrderingApi.Tests.Integration\Fakers\Requests\CreateAddressRequestFaker.cs" ChecksumAlgorithm="SHA256" Checksum="9991BEE8FF08650C1BF9E73E376D2B145D472631E7D4207C91B56048F6EF7458" />
    <File Index="299" Name="D:\Codes\CoffeeSpace\tests\Integration Tests\CoffeeSpace.OrderingApi.Tests.Integration\Fakers\Requests\CreateBuyerRequestFaker.cs" ChecksumAlgorithm="SHA256" Checksum="DFE7C518E4A071CF33C38846BC6E1972E95D54281B8D06843A275D804B41DCCA" />
    <File Index="300" Name="D:\Codes\CoffeeSpace\tests\Integration Tests\CoffeeSpace.OrderingApi.Tests.Integration\Fakers\Requests\CreateOrderRequestFaker.cs" ChecksumAlgorithm="SHA256" Checksum="BF86BD3AAB440260BA4CEB636753FC3AC5691B54246FF5241816538EABBEF66B" />
    <File Index="301" Name="D:\Codes\CoffeeSpace\tests\Integration Tests\CoffeeSpace.OrderingApi.Tests.Integration\Fakers\Requests\UpdateBuyerRequestFaker.cs" ChecksumAlgorithm="SHA256" Checksum="246F96297F1C9357A1C53E416656EA47C3B090ACB94D5B590EF938D2CFFEF9BF" />
    <File Index="302" Name="D:\Codes\CoffeeSpace\tests\Integration Tests\CoffeeSpace.OrderingApi.Tests.Integration\Fixtures\OrderingApiFactory.cs" ChecksumAlgorithm="SHA256" Checksum="90DB080B4EDF402E9791007CD88FEE8CC0E1053AD9547E006A35256C9D45A14D" />
    <File Index="303" Name="D:\Codes\CoffeeSpace\tests\Integration Tests\CoffeeSpace.OrderingApi.Tests.Integration\Fixtures\OrderingCollectionFixture.cs" ChecksumAlgorithm="SHA256" Checksum="412EE6B8C5534B9AA6106C53C1F66AC1624C52ADD5F2358C031D0243501EBE9D" />
    <File Index="304" Name="D:\Codes\CoffeeSpace\tests\Integration Tests\CoffeeSpace.OrderingApi.Tests.Integration\obj\Debug\net7.0\CoffeeSpace.OrderingApi.Tests.Integration.GlobalUsings.g.cs" ChecksumAlgorithm="SHA256" Checksum="C993D12FF0AF5D756D01FD6DB55AC8843EEDB52F85DDE667566020259BF98408" />
    <File Index="305" Name="D:\Codes\CoffeeSpace\tests\Integration Tests\CoffeeSpace.OrderingApi.Tests.Integration\obj\Debug\net7.0\Verify.Attributes.cs" ChecksumAlgorithm="SHA256" Checksum="69BE3F66858ABD24A72EA184756900885BD689797257FD8848027BE9D4B92CE9" />
    <File Index="306" Name="D:\Codes\CoffeeSpace\tests\Integration Tests\CoffeeSpace.OrderingApi.Tests.Integration\obj\Debug\net7.0\.NETCoreApp,Version=v7.0.AssemblyAttributes.cs" ChecksumAlgorithm="SHA256" Checksum="9596DA901062CF5ADD81D66C23696CA92BBFA59C82FE10F4F06D45292E2CB0FF" />
    <File Index="307" Name="D:\Codes\CoffeeSpace\tests\Integration Tests\CoffeeSpace.OrderingApi.Tests.Integration\obj\Debug\net7.0\CoffeeSpace.OrderingApi.Tests.Integration.AssemblyInfo.cs" ChecksumAlgorithm="SHA256" Checksum="3E4900EAAE018E7509E70C9978B2CC32F292730B27EECC672DACFC5F9280ECBC" />
    <File Index="315" Name="D:\Codes\CoffeeSpace\tests\Integration Tests\CoffeeSpace.IdentityApi.Tests.Integration\obj\Debug\net7.0\CoffeeSpace.IdentityApi.Tests.Integration.AssemblyInfo.cs" ChecksumAlgorithm="SHA256" Checksum="87F3E16D08F75278CDD814101173206CDADB35D44532DFEF03E4D9460A3D6810" />
    <File Index="314" Name="D:\Codes\CoffeeSpace\tests\Integration Tests\CoffeeSpace.IdentityApi.Tests.Integration\obj\Debug\net7.0\.NETCoreApp,Version=v7.0.AssemblyAttributes.cs" ChecksumAlgorithm="SHA256" Checksum="9596DA901062CF5ADD81D66C23696CA92BBFA59C82FE10F4F06D45292E2CB0FF" />
    <File Index="313" Name="D:\Codes\CoffeeSpace\tests\Integration Tests\CoffeeSpace.IdentityApi.Tests.Integration\obj\Debug\net7.0\Verify.Attributes.cs" ChecksumAlgorithm="SHA256" Checksum="1BFD1B8D24058A3F7261AC65EB9E899B33A1E0A25E258D6ADBC54E0353405FBE" />
    <File Index="312" Name="D:\Codes\CoffeeSpace\tests\Integration Tests\CoffeeSpace.IdentityApi.Tests.Integration\obj\Debug\net7.0\CoffeeSpace.IdentityApi.Tests.Integration.GlobalUsings.g.cs" ChecksumAlgorithm="SHA256" Checksum="C993D12FF0AF5D756D01FD6DB55AC8843EEDB52F85DDE667566020259BF98408" />
    <File Index="311" Name="D:\Codes\CoffeeSpace\tests\Integration Tests\CoffeeSpace.IdentityApi.Tests.Integration\Fixtures\IdentityApiFactory.cs" ChecksumAlgorithm="SHA256" Checksum="3F040E1A3B75C5A5E12A6AFC5C5AF2CED0BC498545918CA1AB050FC784D525BC" />
    <File Index="310" Name="D:\Codes\CoffeeSpace\tests\Integration Tests\CoffeeSpace.IdentityApi.Tests.Integration\Fakers\RegisterRequestFaker.cs" ChecksumAlgorithm="SHA256" Checksum="FFEDE3E50B8142BC2123AFC8A8691DB598855F0F5BCF92FE231A9A0922A1BCBE" />
    <File Index="309" Name="D:\Codes\CoffeeSpace\tests\Integration Tests\CoffeeSpace.IdentityApi.Tests.Integration\Fakers\LoginRequestFaker.cs" ChecksumAlgorithm="SHA256" Checksum="9778FBB656D71FE437A9F182C809E5E6938884DA6FBC0A1A6C0B3B82C08E8969" />
    <File Index="308" Name="D:\Codes\CoffeeSpace\tests\Integration Tests\CoffeeSpace.IdentityApi.Tests.Integration\Controllers\AuthControllerTests.cs" ChecksumAlgorithm="SHA256" Checksum="78178B5C8DD70860A1C875A2C782A2897CB6F70CC30B392C4ACABCF91412E7B7" />
    <File Index="316" Name="D:\Codes\CoffeeSpace\tests\Acceptance Tests\CoffeeSpace.ProductApi.Tests.Acceptance\Features\ProductManagement.feature.cs" ChecksumAlgorithm="SHA256" Checksum="A706C2E59048EEEF282CAD019736F8A5018106BE6A2B742C7DADADEFFC2634A2" />
    <File Index="317" Name="D:\Codes\CoffeeSpace\tests\Acceptance Tests\CoffeeSpace.ProductApi.Tests.Acceptance\Helpers\ApiEndpoints.cs" ChecksumAlgorithm="SHA256" Checksum="D1963A54BCBA3EE638DD74F6C22F2F9C26878D21CF1E0773664013F22D598729" />
    <File Index="318" Name="D:\Codes\CoffeeSpace\tests\Acceptance Tests\CoffeeSpace.ProductApi.Tests.Acceptance\Hooks\DockerControllerHooks.cs" ChecksumAlgorithm="SHA256" Checksum="17BECB01493AFB7BD861CEA8AEE4B5A9F55014A02D4AF3BAFDBAF43DF2255710" />
    <File Index="319" Name="D:\Codes\CoffeeSpace\tests\Acceptance Tests\CoffeeSpace.ProductApi.Tests.Acceptance\Models\CreateProductRequest.cs" ChecksumAlgorithm="SHA256" Checksum="37D32D868EBEBA02842E7DEA6DDF9DBB168E5F24FDE659464B8E024C4DBEBF82" />
    <File Index="320" Name="D:\Codes\CoffeeSpace\tests\Acceptance Tests\CoffeeSpace.ProductApi.Tests.Acceptance\Models\ProductResponse.cs" ChecksumAlgorithm="SHA256" Checksum="E8E24F7E61C01F6327E36D41AC3B9F5BCB804D0F325F8591E930C50CBBE2032C" />
    <File Index="321" Name="D:\Codes\CoffeeSpace\tests\Acceptance Tests\CoffeeSpace.ProductApi.Tests.Acceptance\Models\RegisterRequest.cs" ChecksumAlgorithm="SHA256" Checksum="E4FD796277A3A44623B9E568190E4052F6DCCB6539CA3747EE156071BC17AC9B" />
    <File Index="322" Name="D:\Codes\CoffeeSpace\tests\Acceptance Tests\CoffeeSpace.ProductApi.Tests.Acceptance\Models\UpdateProductRequest.cs" ChecksumAlgorithm="SHA256" Checksum="71A47584BB769A1F6C6300D2C40E58F5BA89670A8154ABF1CA9708E982E31B8D" />
    <File Index="323" Name="D:\Codes\CoffeeSpace\tests\Acceptance Tests\CoffeeSpace.ProductApi.Tests.Acceptance\StepDefinitions\ProductManagementSteps.cs" ChecksumAlgorithm="SHA256" Checksum="00369C496F83AB77C7724BA579A88F2AE3F0356FBF26A2ADE7FDACF092C78D0C" />
    <File Index="324" Name="D:\Codes\CoffeeSpace\tests\Acceptance Tests\CoffeeSpace.ProductApi.Tests.Acceptance\obj\Debug\net7.0\xUnit.AssemblyHooks.cs" ChecksumAlgorithm="SHA256" Checksum="28FD470CFCA778191C28F11D1B92CFD092481F80D82A27FF1D9FE52271873BD8" />
    <File Index="325" Name="D:\Codes\CoffeeSpace\tests\Acceptance Tests\CoffeeSpace.ProductApi.Tests.Acceptance\obj\Debug\net7.0\CoffeeSpace.ProductApi.Tests.Acceptance.GlobalUsings.g.cs" ChecksumAlgorithm="SHA256" Checksum="F3F134E9E825E3E7268090F58B1AF2BDA2DE513F61A09C56F48B9B8D08612ABC" />
    <File Index="326" Name="D:\Codes\CoffeeSpace\tests\Acceptance Tests\CoffeeSpace.ProductApi.Tests.Acceptance\obj\Debug\net7.0\.NETCoreApp,Version=v7.0.AssemblyAttributes.cs" ChecksumAlgorithm="SHA256" Checksum="AC9DDB5EE1D6ADC61057F3029BF0242B3F619F1F85D4CC8FFA956B76EA48D939" />
    <File Index="327" Name="D:\Codes\CoffeeSpace\tests\Acceptance Tests\CoffeeSpace.ProductApi.Tests.Acceptance\obj\Debug\net7.0\CoffeeSpace.ProductApi.Tests.Acceptance.AssemblyInfo.cs" ChecksumAlgorithm="SHA256" Checksum="4B55B99A01504CCA3E9F284FCA90DAA23378C167CD45FC832EF97F7F0459D3B0" />
    <File Index="328" Name="D:\Codes\CoffeeSpace\tests\Acceptance Tests\CoffeeSpace.ProductApi.Tests.Acceptance\Features\ProductManagement.feature" />
    <File Index="329" Name="D:\Codes\CoffeeSpace\tests\Acceptance Tests\CoffeeSpace.OrderingApi.Tests.Acceptance\Fakers\CreateAddressRequestFaker.cs" ChecksumAlgorithm="SHA256" Checksum="2E5078D13C4FD0F72201E24F74013FD05CD0D4420BD54F1769BA9E29CBD2C1B7" />
    <File Index="330" Name="D:\Codes\CoffeeSpace\tests\Acceptance Tests\CoffeeSpace.OrderingApi.Tests.Acceptance\Fakers\CreateOrderItemRequestFaker.cs" ChecksumAlgorithm="SHA256" Checksum="7A7A861B124D03DE40A978030EF630F8F3F0619AE10E9F436845C65A9CB5E5F8" />
    <File Index="331" Name="D:\Codes\CoffeeSpace\tests\Acceptance Tests\CoffeeSpace.OrderingApi.Tests.Acceptance\Fakers\CreateOrderRequestFaker.cs" ChecksumAlgorithm="SHA256" Checksum="FCA8DDF7FFF001434A556D068B91AE4D0D7CD54300514EEAC54BC99B41BA1219" />
    <File Index="332" Name="D:\Codes\CoffeeSpace\tests\Acceptance Tests\CoffeeSpace.OrderingApi.Tests.Acceptance\Fakers\CreatePaymentInfoRequestFaker.cs" ChecksumAlgorithm="SHA256" Checksum="763983C3B00C134468276CF2507179B11F44A0C46B18DC9651787749F46DB531" />
    <File Index="333" Name="D:\Codes\CoffeeSpace\tests\Acceptance Tests\CoffeeSpace.OrderingApi.Tests.Acceptance\Features\BuyersManagement.feature.cs" ChecksumAlgorithm="SHA256" Checksum="00F9CD1FA1A7099547213A8C58B909BE8126C59391101709D603A01126FF76C4" />
    <File Index="334" Name="D:\Codes\CoffeeSpace\tests\Acceptance Tests\CoffeeSpace.OrderingApi.Tests.Acceptance\Features\OrderManagement.feature.cs" ChecksumAlgorithm="SHA256" Checksum="742C49C7F02844A4F48BD56306B73C78B27121EED6A4D629A1E631557F816FBA" />
    <File Index="335" Name="D:\Codes\CoffeeSpace\tests\Acceptance Tests\CoffeeSpace.OrderingApi.Tests.Acceptance\Helpers\ApiEndpoints.cs" ChecksumAlgorithm="SHA256" Checksum="F485E159CCB6B549377EFC5D52A9E47BA73E603E903F744EC527E79AE3924993" />
    <File Index="336" Name="D:\Codes\CoffeeSpace\tests\Acceptance Tests\CoffeeSpace.OrderingApi.Tests.Acceptance\Hooks\DockerControllerHooks.cs" ChecksumAlgorithm="SHA256" Checksum="DF14EC90F3E24EE84ECFDBE0EFC9EAD2677B31D3217289EEE66E568FD1C2947C" />
    <File Index="337" Name="D:\Codes\CoffeeSpace\tests\Acceptance Tests\CoffeeSpace.OrderingApi.Tests.Acceptance\Models\AddressResponse.cs" ChecksumAlgorithm="SHA256" Checksum="7F8E4B8D4B8BC55D79015995C04203870E7BD0066B3224090C61BA94B739A7EF" />
    <File Index="338" Name="D:\Codes\CoffeeSpace\tests\Acceptance Tests\CoffeeSpace.OrderingApi.Tests.Acceptance\Models\BuyerResponse.cs" ChecksumAlgorithm="SHA256" Checksum="DB5468861E06F6C3CB182B2685317886D4154EA89B76ED2E5740F45DFFF7438B" />
    <File Index="339" Name="D:\Codes\CoffeeSpace\tests\Acceptance Tests\CoffeeSpace.OrderingApi.Tests.Acceptance\Models\CardType.cs" ChecksumAlgorithm="SHA256" Checksum="F83092BDAAEACC7981C568056280932E6C70FADF16B91BDDB0078094B2EE0D71" />
    <File Index="340" Name="D:\Codes\CoffeeSpace\tests\Acceptance Tests\CoffeeSpace.OrderingApi.Tests.Acceptance\Models\CreateAddressRequest.cs" ChecksumAlgorithm="SHA256" Checksum="220A83AB025D08599F27C69F7DEB07ED9F1FD0753AE2D8CC94116FA8144B9050" />
    <File Index="341" Name="D:\Codes\CoffeeSpace\tests\Acceptance Tests\CoffeeSpace.OrderingApi.Tests.Acceptance\Models\CreateBuyerRequest.cs" ChecksumAlgorithm="SHA256" Checksum="2D4D06E591102893EAF41B97F20CD79A0DD004EA5EB288087C8FE669D9BA75BC" />
    <File Index="342" Name="D:\Codes\CoffeeSpace\tests\Acceptance Tests\CoffeeSpace.OrderingApi.Tests.Acceptance\Models\CreateOrderItemRequest.cs" ChecksumAlgorithm="SHA256" Checksum="7FDE6809FB76D665CDC078577C9F39AC60791F3311F1BCB7A710E3F400C6155D" />
    <File Index="343" Name="D:\Codes\CoffeeSpace\tests\Acceptance Tests\CoffeeSpace.OrderingApi.Tests.Acceptance\Models\CreateOrderRequest.cs" ChecksumAlgorithm="SHA256" Checksum="08D6536E023E58464B1C7A7FFCF382A789519E9C5B3280EDC453505779A6B3EA" />
    <File Index="344" Name="D:\Codes\CoffeeSpace\tests\Acceptance Tests\CoffeeSpace.OrderingApi.Tests.Acceptance\Models\CreatePaymentInfoRequest.cs" ChecksumAlgorithm="SHA256" Checksum="8D122424D82F460CA2377118DA75B396AF04E0DB2B1432863682F39B3B3E6EBB" />
    <File Index="345" Name="D:\Codes\CoffeeSpace\tests\Acceptance Tests\CoffeeSpace.OrderingApi.Tests.Acceptance\Models\OrderItem.cs" ChecksumAlgorithm="SHA256" Checksum="2142FAD3FDCDE22F74C9FB80D05D91BC3979E8A040EC4B6C78243DFB0EEC474E" />
    <File Index="346" Name="D:\Codes\CoffeeSpace\tests\Acceptance Tests\CoffeeSpace.OrderingApi.Tests.Acceptance\Models\OrderResponse.cs" ChecksumAlgorithm="SHA256" Checksum="3427A80A2D7CCA91E5AE1C7BBE619B86C926FBF15DBB45A06FA66BF92164CF08" />
    <File Index="347" Name="D:\Codes\CoffeeSpace\tests\Acceptance Tests\CoffeeSpace.OrderingApi.Tests.Acceptance\Models\OrderStatus.cs" ChecksumAlgorithm="SHA256" Checksum="0D725F5511FA5329F783EC5F998654D41170FC0EFAED6756228C1AE221F58CA5" />
    <File Index="348" Name="D:\Codes\CoffeeSpace\tests\Acceptance Tests\CoffeeSpace.OrderingApi.Tests.Acceptance\Models\RegisterRequest.cs" ChecksumAlgorithm="SHA256" Checksum="DF4C29505657FA0AC628622F42EB596EB1AC79B2849E9AE0CDFF0E07A49AA0A4" />
    <File Index="349" Name="D:\Codes\CoffeeSpace\tests\Acceptance Tests\CoffeeSpace.OrderingApi.Tests.Acceptance\Models\UpdateBuyerRequest.cs" ChecksumAlgorithm="SHA256" Checksum="05CD9857D2D3926E4FFE487EC9BE200D0483FFA3A46F411826A0F69DB06F2673" />
    <File Index="350" Name="D:\Codes\CoffeeSpace\tests\Acceptance Tests\CoffeeSpace.OrderingApi.Tests.Acceptance\StepDefinitions\BuyersManagementStepDefinition.cs" ChecksumAlgorithm="SHA256" Checksum="A029624C91273BB865FD60FE80F9AC61300AD55C607F3AFA37D35F829E53B69E" />
    <File Index="351" Name="D:\Codes\CoffeeSpace\tests\Acceptance Tests\CoffeeSpace.OrderingApi.Tests.Acceptance\StepDefinitions\OrderManagementStepDefinition.cs" ChecksumAlgorithm="SHA256" Checksum="FDC324F47DFABE2A90D45A94AD528D94BD0AFF187C017031C47A89E1D3718F21" />
    <File Index="352" Name="D:\Codes\CoffeeSpace\tests\Acceptance Tests\CoffeeSpace.OrderingApi.Tests.Acceptance\obj\Debug\net7.0\xUnit.AssemblyHooks.cs" ChecksumAlgorithm="SHA256" Checksum="6BD8827B580A516B90A4637E3895FE3B2D722FCC1A0F250221C170A0CA9D01E0" />
    <File Index="353" Name="D:\Codes\CoffeeSpace\tests\Acceptance Tests\CoffeeSpace.OrderingApi.Tests.Acceptance\obj\Debug\net7.0\CoffeeSpace.OrderingApi.Tests.Acceptance.GlobalUsings.g.cs" ChecksumAlgorithm="SHA256" Checksum="F3F134E9E825E3E7268090F58B1AF2BDA2DE513F61A09C56F48B9B8D08612ABC" />
    <File Index="354" Name="D:\Codes\CoffeeSpace\tests\Acceptance Tests\CoffeeSpace.OrderingApi.Tests.Acceptance\obj\Debug\net7.0\.NETCoreApp,Version=v7.0.AssemblyAttributes.cs" ChecksumAlgorithm="SHA256" Checksum="AC9DDB5EE1D6ADC61057F3029BF0242B3F619F1F85D4CC8FFA956B76EA48D939" />
    <File Index="355" Name="D:\Codes\CoffeeSpace\tests\Acceptance Tests\CoffeeSpace.OrderingApi.Tests.Acceptance\obj\Debug\net7.0\CoffeeSpace.OrderingApi.Tests.Acceptance.AssemblyInfo.cs" ChecksumAlgorithm="SHA256" Checksum="67C9E8BC6A109F8178E3FE9E10458361EAECF4F459D750F30A760E0276DA519F" />
    <File Index="356" Name="D:\Codes\CoffeeSpace\tests\Acceptance Tests\CoffeeSpace.OrderingApi.Tests.Acceptance\Features\BuyersManagement.feature" />
    <File Index="357" Name="D:\Codes\CoffeeSpace\tests\Acceptance Tests\CoffeeSpace.OrderingApi.Tests.Acceptance\Features\OrderManagement.feature" />
    <File Index="358" Name="D:\Codes\CoffeeSpace\CoffeeSpace.Messages\Buyers\DeleteBuyer.cs" ChecksumAlgorithm="SHA256" Checksum="2EA19BE46C9F1D8F80C0E9D565F2FF44D8EE3AF84E9CD30791C9DAFDEE0BF946" />
    <File Index="359" Name="D:\Codes\CoffeeSpace\CoffeeSpace.Messages\Buyers\RegisterNewBuyer.cs" ChecksumAlgorithm="SHA256" Checksum="A7F133EB9EC8F9C526F44226972A13F4BB708F1F1A653FB8BB0A75DB0017396E" />
    <File Index="360" Name="D:\Codes\CoffeeSpace\CoffeeSpace.Messages\Buyers\UpdateBuyer.cs" ChecksumAlgorithm="SHA256" Checksum="575E404EBCF377D3E0D1E0A8CCC001D462B5972FF13049A6BAE9E3E228C18333" />
    <File Index="361" Name="D:\Codes\CoffeeSpace\CoffeeSpace.Messages\Ordering\Commands\CancelOrder.cs" ChecksumAlgorithm="SHA256" Checksum="6D669801B9FDA695A811A213894EECF6D1BB5B02FB9484F16BB22D315727F65F" />
    <File Index="362" Name="D:\Codes\CoffeeSpace\CoffeeSpace.Messages\Ordering\Commands\RequestOrderPayment.cs" ChecksumAlgorithm="SHA256" Checksum="63B86FD9F21C4F814E7F6C05EF375C144BD950DAEF3A5DE63903AFFB8AEAB988" />
    <File Index="363" Name="D:\Codes\CoffeeSpace\CoffeeSpace.Messages\Ordering\Commands\ShipOrder.cs" ChecksumAlgorithm="SHA256" Checksum="0AA2B03FC04D2910DC51A18794038C9ACE95BDD72FD93D9C20868C1A5195A12D" />
    <File Index="364" Name="D:\Codes\CoffeeSpace\CoffeeSpace.Messages\Ordering\Commands\SubmitOrder.cs" ChecksumAlgorithm="SHA256" Checksum="C4507151E3E0D16A504BEABA18E0767E9D5340DFC895714E7EA7589E5451300B" />
    <File Index="365" Name="D:\Codes\CoffeeSpace\CoffeeSpace.Messages\Ordering\Commands\UpdateOrderStatus.cs" ChecksumAlgorithm="SHA256" Checksum="E2B14A546BE7995929E6A28C866BEB5B031A322FDDB66D75F439B4B62916F9E7" />
    <File Index="366" Name="D:\Codes\CoffeeSpace\CoffeeSpace.Messages\Ordering\Responses\OrderPaymentSuccess.cs" ChecksumAlgorithm="SHA256" Checksum="3CF922595D69A81A5B4D1F58CDF3EA2D4FCC56BE7FF10C9A4F00130578119E73" />
    <File Index="367" Name="D:\Codes\CoffeeSpace\CoffeeSpace.Messages\Payment\PaymentPageInitialized.cs" ChecksumAlgorithm="SHA256" Checksum="A386512EA0FB7B4D017006F63F58AC9402DEBECDB74A2F86F944840A54A6941A" />
    <File Index="368" Name="D:\Codes\CoffeeSpace\CoffeeSpace.Messages\Products\Commands\OrderStockValidation.cs" ChecksumAlgorithm="SHA256" Checksum="DC3ECFC53ECD7AB4FDAFCBD928FF18686FA1580138B394B47DB401136D9640AA" />
    <File Index="369" Name="D:\Codes\CoffeeSpace\CoffeeSpace.Messages\Products\Responses\OrderStockConfirmed.cs" ChecksumAlgorithm="SHA256" Checksum="F17F911EA7E851FA6A1CADB16480E392EE59B75BF3F4A9DDE4099B3165E50716" />
    <File Index="370" Name="D:\Codes\CoffeeSpace\CoffeeSpace.Messages\Shipment\Commands\RequestOrderShipment.cs" ChecksumAlgorithm="SHA256" Checksum="EBFC05E5E7F6F02EFF2DF0C4FCD5D94ADFAFAF0B79C686F6830FDE9249240344" />
    <File Index="371" Name="D:\Codes\CoffeeSpace\CoffeeSpace.Messages\Shipment\Responses\OrderShipped.cs" ChecksumAlgorithm="SHA256" Checksum="E890FC4B9089505B7F0F5A6C398140FAB5074814DB9B45E328B7EE809879BBE1" />
    <File Index="372" Name="D:\Codes\CoffeeSpace\CoffeeSpace.Messages\obj\Debug\net7.0\CoffeeSpace.Messages.GlobalUsings.g.cs" ChecksumAlgorithm="SHA256" Checksum="F3F134E9E825E3E7268090F58B1AF2BDA2DE513F61A09C56F48B9B8D08612ABC" />
    <File Index="373" Name="D:\Codes\CoffeeSpace\CoffeeSpace.Messages\obj\Debug\net7.0\.NETCoreApp,Version=v7.0.AssemblyAttributes.cs" ChecksumAlgorithm="SHA256" Checksum="9596DA901062CF5ADD81D66C23696CA92BBFA59C82FE10F4F06D45292E2CB0FF" />
    <File Index="374" Name="D:\Codes\CoffeeSpace\CoffeeSpace.Messages\obj\Debug\net7.0\CoffeeSpace.Messages.AssemblyInfo.cs" ChecksumAlgorithm="SHA256" Checksum="F5199DC945984D21E61BEDFB54349DDA0F3C64EC8729504B55E406670A4324F0" />
    <File Index="375" Name="D:\Codes\CoffeeSpace\CoffeeSpace.Domain\Ordering\BuyerInfo\Buyer.cs" ChecksumAlgorithm="SHA256" Checksum="5C63D5D6B91CA8CDD404B99928C7A18DD80610C78C05DD20820CB3C3629941CF" />
    <File Index="376" Name="D:\Codes\CoffeeSpace\CoffeeSpace.Domain\Ordering\Orders\Address.cs" ChecksumAlgorithm="SHA256" Checksum="5879413AAAA4061D9C830D65DC1D520210D99B374DD98DDA166A74E2A661BE57" />
    <File Index="377" Name="D:\Codes\CoffeeSpace\CoffeeSpace.Domain\Ordering\Orders\Order.cs" ChecksumAlgorithm="SHA256" Checksum="A32BF6FA3B060CD4B2F1D86CB1CA8F9700368807F4775B5292CB2FD053B16E27" />
    <File Index="378" Name="D:\Codes\CoffeeSpace\CoffeeSpace.Domain\Ordering\Orders\OrderItem.cs" ChecksumAlgorithm="SHA256" Checksum="BA56791EA3FC0DD9A3C364BDF3C5DC2B37417FE03C197123AB31795BD0212ED3" />
    <File Index="379" Name="D:\Codes\CoffeeSpace\CoffeeSpace.Domain\Ordering\Orders\OrderStatus.cs" ChecksumAlgorithm="SHA256" Checksum="8EE09B01513A9F87E83A6A2736901F8415C4AB056B8A3EF4A04EF361ABF80C1C" />
    <File Index="380" Name="D:\Codes\CoffeeSpace\CoffeeSpace.Domain\Products\Product.cs" ChecksumAlgorithm="SHA256" Checksum="F8CD28229DD02FBDCF0BB2C938C9A6D686C09A98A5C089759F15C5EEE621781A" />
    <File Index="381" Name="D:\Codes\CoffeeSpace\CoffeeSpace.Domain\obj\Debug\net7.0\CoffeeSpace.Domain.GlobalUsings.g.cs" ChecksumAlgorithm="SHA256" Checksum="F3F134E9E825E3E7268090F58B1AF2BDA2DE513F61A09C56F48B9B8D08612ABC" />
    <File Index="382" Name="D:\Codes\CoffeeSpace\CoffeeSpace.Domain\obj\Debug\net7.0\.NETCoreApp,Version=v7.0.AssemblyAttributes.cs" ChecksumAlgorithm="SHA256" Checksum="9596DA901062CF5ADD81D66C23696CA92BBFA59C82FE10F4F06D45292E2CB0FF" />
    <File Index="383" Name="D:\Codes\CoffeeSpace\CoffeeSpace.Domain\obj\Debug\net7.0\CoffeeSpace.Domain.AssemblyInfo.cs" ChecksumAlgorithm="SHA256" Checksum="4C0B3A510C6B9A515C1F4C4A018ABB878EB7AC1084187D6CBC2CDCC2B52F988C" />
    <File Index="384" Name="D:\Codes\CoffeeSpace\tests\Unit Tests\CoffeeSpace.ShipmentService.Tests\Consumers\RequestOrderShipmentConsumerTests.cs" ChecksumAlgorithm="SHA256" Checksum="49D206AC3FEA40997B15537E1B2D68708C96FD7B13CD3FC899C6098612013B6D" />
    <File Index="385" Name="D:\Codes\CoffeeSpace\tests\Unit Tests\CoffeeSpace.ShipmentService.Tests\obj\Debug\net7.0\CoffeeSpace.ShipmentService.Tests.GlobalUsings.g.cs" ChecksumAlgorithm="SHA256" Checksum="F3F134E9E825E3E7268090F58B1AF2BDA2DE513F61A09C56F48B9B8D08612ABC" />
    <File Index="386" Name="D:\Codes\CoffeeSpace\tests\Unit Tests\CoffeeSpace.ShipmentService.Tests\obj\Debug\net7.0\.NETCoreApp,Version=v7.0.AssemblyAttributes.cs" ChecksumAlgorithm="SHA256" Checksum="9596DA901062CF5ADD81D66C23696CA92BBFA59C82FE10F4F06D45292E2CB0FF" />
    <File Index="387" Name="D:\Codes\CoffeeSpace\tests\Unit Tests\CoffeeSpace.ShipmentService.Tests\obj\Debug\net7.0\CoffeeSpace.ShipmentService.Tests.AssemblyInfo.cs" ChecksumAlgorithm="SHA256" Checksum="1263797B9897D0B81B283F24986D38500F7E3395FA3E1528A317318BEED3AA46" />
    <File Index="388" Name="D:\Codes\CoffeeSpace\tests\Acceptance Tests\CoffeeSpace.IdentityApi.Tests.Acceptance\Features\Authentication.feature.cs" ChecksumAlgorithm="SHA256" Checksum="3CFFD36D9520DC0010B1659A9193AA17234F8C8B8DB53E21829F7A40D33350CF" />
    <File Index="389" Name="D:\Codes\CoffeeSpace\tests\Acceptance Tests\CoffeeSpace.IdentityApi.Tests.Acceptance\Helpers\ApiEndpoints.cs" ChecksumAlgorithm="SHA256" Checksum="53E47427695770648986757702AF621A9C943A825B6509631FEC462653EC4927" />
    <File Index="390" Name="D:\Codes\CoffeeSpace\tests\Acceptance Tests\CoffeeSpace.IdentityApi.Tests.Acceptance\Hooks\DockerControllerHooks.cs" ChecksumAlgorithm="SHA256" Checksum="19F11C0902EC5AFC1ECB7A9C8643101313C2168629C29AC9A6A5F3BA1F3C5720" />
    <File Index="391" Name="D:\Codes\CoffeeSpace\tests\Acceptance Tests\CoffeeSpace.IdentityApi.Tests.Acceptance\Models\LoginRequest.cs" ChecksumAlgorithm="SHA256" Checksum="6DA2B804E2E819FDEC767538620162F948F9CD73D87AA855F88EC48ED464781A" />
    <File Index="392" Name="D:\Codes\CoffeeSpace\tests\Acceptance Tests\CoffeeSpace.IdentityApi.Tests.Acceptance\Models\RegisterRequest.cs" ChecksumAlgorithm="SHA256" Checksum="C1C257A584E2AA18DCD4885602430BD4007274C3228BB368C1ED4440904A725F" />
    <File Index="393" Name="D:\Codes\CoffeeSpace\tests\Acceptance Tests\CoffeeSpace.IdentityApi.Tests.Acceptance\StepDefinitions\UserAuthenticationStepDefinition.cs" ChecksumAlgorithm="SHA256" Checksum="A84405F7D080B7C335A99317EF06E9FCB51CC028DECC03B47258EECDABC27791" />
    <File Index="394" Name="D:\Codes\CoffeeSpace\tests\Acceptance Tests\CoffeeSpace.IdentityApi.Tests.Acceptance\obj\Debug\net7.0\xUnit.AssemblyHooks.cs" ChecksumAlgorithm="SHA256" Checksum="94DA2DBEEFD49C8E1CAA0D6CFA4ADFF524342A9C2622B83724B85C8DEC31EDC7" />
    <File Index="395" Name="D:\Codes\CoffeeSpace\tests\Acceptance Tests\CoffeeSpace.IdentityApi.Tests.Acceptance\obj\Debug\net7.0\CoffeeSpace.IdentityApi.Tests.Acceptance.GlobalUsings.g.cs" ChecksumAlgorithm="SHA256" Checksum="F3F134E9E825E3E7268090F58B1AF2BDA2DE513F61A09C56F48B9B8D08612ABC" />
    <File Index="396" Name="D:\Codes\CoffeeSpace\tests\Acceptance Tests\CoffeeSpace.IdentityApi.Tests.Acceptance\obj\Debug\net7.0\.NETCoreApp,Version=v7.0.AssemblyAttributes.cs" ChecksumAlgorithm="SHA256" Checksum="AC9DDB5EE1D6ADC61057F3029BF0242B3F619F1F85D4CC8FFA956B76EA48D939" />
    <File Index="397" Name="D:\Codes\CoffeeSpace\tests\Acceptance Tests\CoffeeSpace.IdentityApi.Tests.Acceptance\obj\Debug\net7.0\CoffeeSpace.IdentityApi.Tests.Acceptance.AssemblyInfo.cs" ChecksumAlgorithm="SHA256" Checksum="3845A9072D86B9DC63998A57CC6D284685ED206B3047F03E85E86333E1FCDF3C" />
    <File Index="398" Name="D:\Codes\CoffeeSpace\tests\Acceptance Tests\CoffeeSpace.IdentityApi.Tests.Acceptance\Features\Authentication.feature" />
    <File Index="399" Name="D:\Codes\CoffeeSpace\CoffeeSpace.Client\App.xaml.cs" ChecksumAlgorithm="SHA256" Checksum="73EE9C55F82F827F1E7C6872264F19F302AA726EA8060289E5A456D26B479297" />
    <File Index="400" Name="D:\Codes\CoffeeSpace\CoffeeSpace.Client\AppShell.xaml.cs" ChecksumAlgorithm="SHA256" Checksum="800589DBCDBE99601F804A03E3BF78114AD451EAD1A49C8F08413F2626B2D9C6" />
    <File Index="401" Name="D:\Codes\CoffeeSpace\CoffeeSpace.Client\Contracts\Authentication\LoginRequest.cs" ChecksumAlgorithm="SHA256" Checksum="8EC88811F234F05523F658FFA5ACA4237AB00C657BD498B27768357E59A19D69" />
    <File Index="402" Name="D:\Codes\CoffeeSpace\CoffeeSpace.Client\Contracts\Authentication\RegisterRequest.cs" ChecksumAlgorithm="SHA256" Checksum="FFE537BDBBD0DE88C952C816141D32E1F77D971ECA25130F6FB01DD4A2EF44D9" />
    <File Index="403" Name="D:\Codes\CoffeeSpace\CoffeeSpace.Client\Contracts\Ordering\CreateAddressRequest.cs" ChecksumAlgorithm="SHA256" Checksum="B054216C51CADA6803A6C3A1878A84148CDE615B6B082F0B9A5F562EDA4C2B84" />
    <File Index="404" Name="D:\Codes\CoffeeSpace\CoffeeSpace.Client\Contracts\Ordering\CreateOrderRequest.cs" ChecksumAlgorithm="SHA256" Checksum="EFD2972E36F7CE96D684A7A3A0AACD2240F52BB2281D428AFB38D75A60B809D5" />
    <File Index="405" Name="D:\Codes\CoffeeSpace\CoffeeSpace.Client\Contracts\Ordering\CreatePaymentInfoRequest.cs" ChecksumAlgorithm="SHA256" Checksum="E74A8DD3C736EB13C233A0526C53F2F3A03227229255E212A10684CFA22980C1" />
    <File Index="406" Name="D:\Codes\CoffeeSpace\CoffeeSpace.Client\Contracts\Responses\AuthenticationResult.cs" ChecksumAlgorithm="SHA256" Checksum="8917041B4B63AB4AA7359A1EC19C0284E672613A3AFD8DEC98737715C82F4F0D" />
    <File Index="407" Name="D:\Codes\CoffeeSpace\CoffeeSpace.Client\Extensions\ApplicationServiceExtensions.cs" ChecksumAlgorithm="SHA256" Checksum="D56FDD7E992FE55C5512BC726E1DBB230903B83167B82171951885C6F2ED7C2F" />
    <File Index="408" Name="D:\Codes\CoffeeSpace\CoffeeSpace.Client\Extensions\RefitClientExtensions.cs" ChecksumAlgorithm="SHA256" Checksum="F38A3648F72FC81B94CBF80F1C53ABEBBB3575E493D4968C5E4BF5F81888BFD8" />
    <File Index="409" Name="D:\Codes\CoffeeSpace\CoffeeSpace.Client\Handlers\ApiKeyAuthorizationMessageHandler.cs" ChecksumAlgorithm="SHA256" Checksum="1E90A7A958775F85F5F28A3796603FCF7856941F065B0DE6825AB66BDA584B3F" />
    <File Index="410" Name="D:\Codes\CoffeeSpace\CoffeeSpace.Client\Handlers\BearerAuthorizationMessageHandler.cs" ChecksumAlgorithm="SHA256" Checksum="5D016E121739D657642A38C42DB776F28F4F988A1311B0F775993CCA9FF107BA" />
    <File Index="411" Name="D:\Codes\CoffeeSpace\CoffeeSpace.Client\Helpers\ApiEndpoints.cs" ChecksumAlgorithm="SHA256" Checksum="D132CA8BAF2963C7AB17ED255F7CD755AE84519C7B5BA70EB9B36B707E526052" />
    <File Index="412" Name="D:\Codes\CoffeeSpace\CoffeeSpace.Client\Mappers\ProductMapper.cs" ChecksumAlgorithm="SHA256" Checksum="D37A99C155C78D5C8A40315B81592529D64606D59D1F96D73534979933E54BBE" />
    <File Index="413" Name="D:\Codes\CoffeeSpace\CoffeeSpace.Client\MauiProgram.cs" ChecksumAlgorithm="SHA256" Checksum="66CFC47BF5C22EA29A6BFFDA1213F9F295BDFA2CCF051F0479EBD9CAE221D59C" />
    <File Index="414" Name="D:\Codes\CoffeeSpace\CoffeeSpace.Client\MediatorConfiguration.cs" ChecksumAlgorithm="SHA256" Checksum="C35D38E1901E19C68467B77C1390D9883E1544B4AEDA7153EBA2F5E7E51F4071" />
    <File Index="415" Name="D:\Codes\CoffeeSpace\CoffeeSpace.Client\Messages\Commands\AddProductToCartCommand.cs" ChecksumAlgorithm="SHA256" Checksum="A35E38326B068600CF2F40153825ACD7E7D25D3DAFDF86481C21E6B96699F825" />
    <File Index="416" Name="D:\Codes\CoffeeSpace\CoffeeSpace.Client\Messages\Commands\ConfirmOrdersStockCommand.cs" ChecksumAlgorithm="SHA256" Checksum="96A002AA3A6F786C312E7E5C7A3B25FFC3AF8BC72E347C2E74C57FF85917CAAD" />
    <File Index="417" Name="D:\Codes\CoffeeSpace\CoffeeSpace.Client\Messages\Commands\CreateOrderCommand.cs" ChecksumAlgorithm="SHA256" Checksum="31CAC4655F4BB9529B737E5E2CB26FC867188189AC44469614BA469B4B93296C" />
    <File Index="418" Name="D:\Codes\CoffeeSpace\CoffeeSpace.Client\Messages\Commands\Handlers\AddProductToCartCommandHandler.cs" ChecksumAlgorithm="SHA256" Checksum="C63C0FCBA3537D748DE3DA42FF06DF9C05E3A36420CD4DB213B0D278C3B994DB" />
    <File Index="419" Name="D:\Codes\CoffeeSpace\CoffeeSpace.Client\Messages\Commands\Handlers\ConfirmOrdersStockCommandHandler.cs" ChecksumAlgorithm="SHA256" Checksum="A846878C20CDF9AE458FE3FB4239B67C63657C41083F46DF013A44443F2AAD05" />
    <File Index="420" Name="D:\Codes\CoffeeSpace\CoffeeSpace.Client\Messages\Commands\Handlers\CreateOrderCommandHandler.cs" ChecksumAlgorithm="SHA256" Checksum="5F7BEC19BD307625328EC6285ACE598EFFCD329FA2385008D04BB32C3F999F24" />
    <File Index="421" Name="D:\Codes\CoffeeSpace\CoffeeSpace.Client\Messages\Commands\Handlers\SetNewGlobalBuyerCommandHandler.cs" ChecksumAlgorithm="SHA256" Checksum="9E019EF97778BF08C2505F95923AB6E27E796C27BF831B20EAB416586674FD95" />
    <File Index="422" Name="D:\Codes\CoffeeSpace\CoffeeSpace.Client\Messages\Commands\SetNewGlobalBuyerCommand.cs" ChecksumAlgorithm="SHA256" Checksum="89E82950AE137EDB56FF7D3FE21DB6D3F5BA96C55E566A2FE6D009E134101D3A" />
    <File Index="423" Name="D:\Codes\CoffeeSpace\CoffeeSpace.Client\Messages\Queries\GetAllProductsQuery.cs" ChecksumAlgorithm="SHA256" Checksum="A6B934CE345FABB5E8274F33EBB7C8239CADABF2C97E6DF60850815C08015286" />
    <File Index="424" Name="D:\Codes\CoffeeSpace\CoffeeSpace.Client\Messages\Queries\Handlers\GetAllProductsQueryHandler.cs" ChecksumAlgorithm="SHA256" Checksum="8F46F4298E99DF71F7BAAEA6F580D78989C1DE627544FD746908BCDFF62C740B" />
    <File Index="425" Name="D:\Codes\CoffeeSpace\CoffeeSpace.Client\Models\Ordering\Address.cs" ChecksumAlgorithm="SHA256" Checksum="A8952A4226E676B85B838D8D7E45DCC1DB2D1667EA48418D781DF2F49679D891" />
    <File Index="426" Name="D:\Codes\CoffeeSpace\CoffeeSpace.Client\Models\Ordering\Buyer.cs" ChecksumAlgorithm="SHA256" Checksum="53A9558421053F639379F2625D9D5E23E207A0C76EE668D8CE8571E7CA916FDA" />
    <File Index="427" Name="D:\Codes\CoffeeSpace\CoffeeSpace.Client\Models\Ordering\CardType.cs" ChecksumAlgorithm="SHA256" Checksum="EAF9EAB10F453A8CC274FDA7F9BCA1227A0FEF3B3C7A68B3B30ADE2B9CDCC5E6" />
    <File Index="428" Name="D:\Codes\CoffeeSpace\CoffeeSpace.Client\Models\Ordering\Order.cs" ChecksumAlgorithm="SHA256" Checksum="F4D8BA70A4154BC279665119FDA758450A5B74D8227ADF6BAB0BA640897F4CE0" />
    <File Index="429" Name="D:\Codes\CoffeeSpace\CoffeeSpace.Client\Models\Ordering\OrderItem.cs" ChecksumAlgorithm="SHA256" Checksum="50DDA1551C85DCDFEDA19140CAEAA94BB76CC6BA01B3C2D9CF30382BE90A8FDF" />
    <File Index="430" Name="D:\Codes\CoffeeSpace\CoffeeSpace.Client\Models\Ordering\OrderStatus.cs" ChecksumAlgorithm="SHA256" Checksum="E6550F3E7D0BF2AAFDC9A8320AF090447AE25560BBFC9ECD8D725988BC009C78" />
    <File Index="431" Name="D:\Codes\CoffeeSpace\CoffeeSpace.Client\Models\Products\Product.cs" ChecksumAlgorithm="SHA256" Checksum="F302D84474AA15BF221B5E8657C21006A85F0D80BD0D1F8C1DCA423C5D22957D" />
    <File Index="432" Name="D:\Codes\CoffeeSpace\CoffeeSpace.Client\Platforms\MacCatalyst\AppDelegate.cs" ChecksumAlgorithm="SHA256" Checksum="EF679D9B01A845E0B34A337D9E35A5E67855450A3D77CC212ED28E58638A883C" />
    <File Index="433" Name="D:\Codes\CoffeeSpace\CoffeeSpace.Client\Platforms\MacCatalyst\Program.cs" ChecksumAlgorithm="SHA256" Checksum="572A110DCD36DB60EEE5FF9D2E2587F6C99F86761CFA18D98B112A25B99A85DF" />
    <File Index="434" Name="D:\Codes\CoffeeSpace\CoffeeSpace.Client\Services\Abstractions\IAuthService.cs" ChecksumAlgorithm="SHA256" Checksum="A94FFF619DA9AB89AAFADCFEB8149B62CD1B21F356A72D3F4D4E86F3A85B9995" />
    <File Index="435" Name="D:\Codes\CoffeeSpace\CoffeeSpace.Client\Services\Abstractions\IHubConnectionService.cs" ChecksumAlgorithm="SHA256" Checksum="1A525BBE8A48637C34ECDD3CF002F482C2440319F0DB59CA6EAF85813F2F4224" />
    <File Index="436" Name="D:\Codes\CoffeeSpace\CoffeeSpace.Client\Services\AuthService.cs" ChecksumAlgorithm="SHA256" Checksum="2F10066A8C87569F97C8E3C5F7F65A9286347A71DECEDBB11B79B5B5006F4B8A" />
    <File Index="437" Name="D:\Codes\CoffeeSpace\CoffeeSpace.Client\Services\HubConnectionService.cs" ChecksumAlgorithm="SHA256" Checksum="9E475F82444905E5E82EA44DAE1A4DD3759993B5872ACCC1F542EE812D622791" />
    <File Index="438" Name="D:\Codes\CoffeeSpace\CoffeeSpace.Client\Views\CartView.xaml.cs" ChecksumAlgorithm="SHA256" Checksum="F6469F358F081726319402C0D3FA801C1837D6850C4527A0D0984C367396F87F" />
    <File Index="439" Name="D:\Codes\CoffeeSpace\CoffeeSpace.Client\Views\LoginView.xaml.cs" ChecksumAlgorithm="SHA256" Checksum="E67ABCEECD2BC309B2845F896C0352952B9ADCABDF1D13BA68C40695BA0CD017" />
    <File Index="440" Name="D:\Codes\CoffeeSpace\CoffeeSpace.Client\Views\MainView.xaml.cs" ChecksumAlgorithm="SHA256" Checksum="7A6F13FCEB0BC9F3AD655FB9CFDF04388FFE224B698F74F48E2490AC5FB8DD25" />
    <File Index="441" Name="D:\Codes\CoffeeSpace\CoffeeSpace.Client\Views\OrderInformationView.xaml.cs" ChecksumAlgorithm="SHA256" Checksum="EC8F606BC67A22652A668202A9ACA983FDE269C9B37B5C0D42776C1F339EAE3C" />
    <File Index="442" Name="D:\Codes\CoffeeSpace\CoffeeSpace.Client\Views\OrderView.xaml.cs" ChecksumAlgorithm="SHA256" Checksum="2563E226F1D58830B95CBAE7993AB6F876FF617AFC7582ECDD3699D10E1B8E04" />
    <File Index="443" Name="D:\Codes\CoffeeSpace\CoffeeSpace.Client\Views\ProfileView.xaml.cs" ChecksumAlgorithm="SHA256" Checksum="E7D2220B1D1FB32AB9445025927749826E1580BF7AA771AA4C08DC4E67409F14" />
    <File Index="444" Name="D:\Codes\CoffeeSpace\CoffeeSpace.Client\Views\RegisterView.xaml.cs" ChecksumAlgorithm="SHA256" Checksum="0776C5EC71A866E995D62D36C24E691E418D2DD60A7A2DAF3C5C9562F2FCB2D9" />
    <File Index="445" Name="D:\Codes\CoffeeSpace\CoffeeSpace.Client\WebApiClients\IBuyersWebApi.cs" ChecksumAlgorithm="SHA256" Checksum="82BB0265A432C664B8F451C819619FEC7DA63D6D43538A13083EC0F609C41E2F" />
    <File Index="446" Name="D:\Codes\CoffeeSpace\CoffeeSpace.Client\WebApiClients\IIdentityWebApi.cs" ChecksumAlgorithm="SHA256" Checksum="BA5AF95EBEDFD33CC31F7A23974CDB8818DC6A46BE9A76FAFBE13B47D28DCBE8" />
    <File Index="447" Name="D:\Codes\CoffeeSpace\CoffeeSpace.Client\WebApiClients\IOrderingWebApi.cs" ChecksumAlgorithm="SHA256" Checksum="8CBE4CB4532485DD3374096FAE531AE3A167BDC2EE21BB6FB515F5D61F972A98" />
    <File Index="448" Name="D:\Codes\CoffeeSpace\CoffeeSpace.Client\WebApiClients\IProductsWebApi.cs" ChecksumAlgorithm="SHA256" Checksum="B9F506007968C86122C8DAB87553C7824D7C22CFF14E43AC07C1A315C1C3A544" />
    <File Index="449" Name="D:\Codes\CoffeeSpace\CoffeeSpace.Client\_ViewModels\CartViewModel.cs" ChecksumAlgorithm="SHA256" Checksum="D0FBE5182AD127F6B310ADF28F562FD9A4F625A6E190CE0EED730ED6FDF079C9" />
    <File Index="450" Name="D:\Codes\CoffeeSpace\CoffeeSpace.Client\_ViewModels\LoginViewModel.cs" ChecksumAlgorithm="SHA256" Checksum="999F1E8B7D91C24553BCC507B46AC1707E8E1C9A166A546A09538A60DA3A0C5D" />
    <File Index="451" Name="D:\Codes\CoffeeSpace\CoffeeSpace.Client\_ViewModels\MainViewModel.cs" ChecksumAlgorithm="SHA256" Checksum="325689791DAD1ED40EF807A841CC2F97596CFFD1BAB7D1C2002B7AAEA2FC561C" />
    <File Index="452" Name="D:\Codes\CoffeeSpace\CoffeeSpace.Client\_ViewModels\OrderInformationViewModel.cs" ChecksumAlgorithm="SHA256" Checksum="9FEA2EC533A06001C836FC1907933DA0D7095AA60537176159A082034A7E348B" />
    <File Index="453" Name="D:\Codes\CoffeeSpace\CoffeeSpace.Client\_ViewModels\OrderViewModel.cs" ChecksumAlgorithm="SHA256" Checksum="86ED4C1BC6657AD98FBA35692A0C5EA136A875D2B8F5F7B3E5DCC98EB6CE7BF3" />
    <File Index="454" Name="D:\Codes\CoffeeSpace\CoffeeSpace.Client\_ViewModels\ProfileViewModel.cs" ChecksumAlgorithm="SHA256" Checksum="AB9684DE8768B7D822662ED5A7351E243C64E514F0203EAF00785494FE4A518F" />
    <File Index="455" Name="D:\Codes\CoffeeSpace\CoffeeSpace.Client\_ViewModels\RegisterViewModel.cs" ChecksumAlgorithm="SHA256" Checksum="318F4F60FA1A9C9655A78CEF28904C24B21B6F019F3EEEC9D7B4E31D096F1AAC" />
    <File Index="456" Name="D:\Codes\CoffeeSpace\CoffeeSpace.Client\obj\Debug\net7.0-maccatalyst\maccatalyst-x64\CoffeeSpace.Client.GlobalUsings.g.cs" ChecksumAlgorithm="SHA256" Checksum="B5C7008BB0221F6654F04001376B0A63D8F402FAC43853D55361729A5508A47F" />
    <File Index="457" Name="D:\Codes\CoffeeSpace\CoffeeSpace.Client\obj\Debug\net7.0-maccatalyst\maccatalyst-x64\CoffeeSpace.Client.nfloat.g.cs" ChecksumAlgorithm="SHA256" Checksum="A215325654AA77676068210B20A90494A166814B74EF477C70717B71A85B12AB" />
    <File Index="458" Name="D:\Codes\CoffeeSpace\CoffeeSpace.Client\obj\Debug\net7.0-maccatalyst\maccatalyst-x64\.NETCoreApp,Version=v7.0.AssemblyAttributes.cs" ChecksumAlgorithm="SHA256" Checksum="AC9DDB5EE1D6ADC61057F3029BF0242B3F619F1F85D4CC8FFA956B76EA48D939" />
    <File Index="459" Name="D:\Codes\CoffeeSpace\CoffeeSpace.Client\obj\Debug\net7.0-maccatalyst\maccatalyst-x64\CoffeeSpace.Client.AssemblyInfo.cs" ChecksumAlgorithm="SHA256" Checksum="83D3288173D287308F1AB08D653C34BC3828518F7B206391B71358382457343B" />
    <File Index="460" Name="D:\Codes\CoffeeSpace\CoffeeSpace.Client\Microsoft.Maui.Controls.SourceGen\Microsoft.Maui.Controls.SourceGen.CodeBehindGenerator\Resources_Styles_Colors.xaml.sg.cs" ChecksumAlgorithm="SHA1" Checksum="D87DF123E9F48508325B6BC1ED6612E2D0EBA26A" />
    <File Index="461" Name="D:\Codes\CoffeeSpace\CoffeeSpace.Client\Microsoft.Maui.Controls.SourceGen\Microsoft.Maui.Controls.SourceGen.CodeBehindGenerator\Resources_Styles_Styles.xaml.sg.cs" ChecksumAlgorithm="SHA1" Checksum="6D65448509D07EA2E3FF940D4A845337596921AB" />
    <File Index="462" Name="D:\Codes\CoffeeSpace\CoffeeSpace.Client\Microsoft.Maui.Controls.SourceGen\Microsoft.Maui.Controls.SourceGen.CodeBehindGenerator\Views_CartView.xaml.sg.cs" ChecksumAlgorithm="SHA1" Checksum="9C166F19DB6A08F67283D979C77CFF21ED389AA1" />
    <File Index="463" Name="D:\Codes\CoffeeSpace\CoffeeSpace.Client\Microsoft.Maui.Controls.SourceGen\Microsoft.Maui.Controls.SourceGen.CodeBehindGenerator\Views_LoginView.xaml.sg.cs" ChecksumAlgorithm="SHA1" Checksum="08845A62AA6BCF90773A3937EACCBE9B79ADDDD6" />
    <File Index="464" Name="D:\Codes\CoffeeSpace\CoffeeSpace.Client\Microsoft.Maui.Controls.SourceGen\Microsoft.Maui.Controls.SourceGen.CodeBehindGenerator\Views_MainView.xaml.sg.cs" ChecksumAlgorithm="SHA1" Checksum="68D81306BB1499D95C34A62D87221E86D62E1B0F" />
    <File Index="465" Name="D:\Codes\CoffeeSpace\CoffeeSpace.Client\Microsoft.Maui.Controls.SourceGen\Microsoft.Maui.Controls.SourceGen.CodeBehindGenerator\Views_OrderView.xaml.sg.cs" ChecksumAlgorithm="SHA1" Checksum="DF38B039974C37AA013EAEC11D57DD5BFF0FF629" />
    <File Index="466" Name="D:\Codes\CoffeeSpace\CoffeeSpace.Client\Microsoft.Maui.Controls.SourceGen\Microsoft.Maui.Controls.SourceGen.CodeBehindGenerator\Views_ProfileView.xaml.sg.cs" ChecksumAlgorithm="SHA1" Checksum="5565CB8F0D1266559F34F8EB90393A576CA215F2" />
    <File Index="467" Name="D:\Codes\CoffeeSpace\CoffeeSpace.Client\Microsoft.Maui.Controls.SourceGen\Microsoft.Maui.Controls.SourceGen.CodeBehindGenerator\App.xaml.sg.cs" ChecksumAlgorithm="SHA1" Checksum="D764E9FF7BB72D18A9A2C0A4B3BAC513982458B6" />
    <File Index="468" Name="D:\Codes\CoffeeSpace\CoffeeSpace.Client\Microsoft.Maui.Controls.SourceGen\Microsoft.Maui.Controls.SourceGen.CodeBehindGenerator\AppShell.xaml.sg.cs" ChecksumAlgorithm="SHA1" Checksum="C11EBBF9A5F25B4E81F32C6CB1805CD2BB7ACA55" />
    <File Index="469" Name="D:\Codes\CoffeeSpace\CoffeeSpace.Client\Microsoft.Maui.Controls.SourceGen\Microsoft.Maui.Controls.SourceGen.CodeBehindGenerator\Views_OrderInformationView.xaml.sg.cs" ChecksumAlgorithm="SHA1" Checksum="A118DD4B320F923A08E151AEC1DEF0F3B4685F82" />
    <File Index="470" Name="D:\Codes\CoffeeSpace\CoffeeSpace.Client\Microsoft.Maui.Controls.SourceGen\Microsoft.Maui.Controls.SourceGen.CodeBehindGenerator\Views_RegisterView.xaml.sg.cs" ChecksumAlgorithm="SHA1" Checksum="9D4E83C536E707E73745E24B8671ED07FC4834D0" />
    <File Index="471" Name="D:\Codes\CoffeeSpace\CoffeeSpace.Client\CommunityToolkit.Maui.SourceGenerators\CommunityToolkit.Maui.SourceGenerators.Generators.TextColorToGenerator\ButtonTextColorTo.g.shared.cs" ChecksumAlgorithm="SHA1" Checksum="27BE0B8DF112029F831D3C41DDEF29F55F843C7E" />
    <File Index="472" Name="D:\Codes\CoffeeSpace\CoffeeSpace.Client\CommunityToolkit.Maui.SourceGenerators\CommunityToolkit.Maui.SourceGenerators.Generators.TextColorToGenerator\DatePickerTextColorTo.g.shared.cs" ChecksumAlgorithm="SHA1" Checksum="B1D4A5310A1D20643344D233CFE81C81FEC2B596" />
    <File Index="473" Name="D:\Codes\CoffeeSpace\CoffeeSpace.Client\CommunityToolkit.Maui.SourceGenerators\CommunityToolkit.Maui.SourceGenerators.Generators.TextColorToGenerator\EditorTextColorTo.g.shared.cs" ChecksumAlgorithm="SHA1" Checksum="647675567D46D5432CEECDCEE519BE3437FB8FB2" />
    <File Index="474" Name="D:\Codes\CoffeeSpace\CoffeeSpace.Client\CommunityToolkit.Maui.SourceGenerators\CommunityToolkit.Maui.SourceGenerators.Generators.TextColorToGenerator\EntryTextColorTo.g.shared.cs" ChecksumAlgorithm="SHA1" Checksum="5B87809A1C924DCB3B6198BD2DFE727FA5B1415F" />
    <File Index="475" Name="D:\Codes\CoffeeSpace\CoffeeSpace.Client\CommunityToolkit.Maui.SourceGenerators\CommunityToolkit.Maui.SourceGenerators.Generators.TextColorToGenerator\LabelTextColorTo.g.shared.cs" ChecksumAlgorithm="SHA1" Checksum="49DE434BF5175531969F4FF058E8B022CEE540C1" />
    <File Index="476" Name="D:\Codes\CoffeeSpace\CoffeeSpace.Client\CommunityToolkit.Maui.SourceGenerators\CommunityToolkit.Maui.SourceGenerators.Generators.TextColorToGenerator\PickerTextColorTo.g.shared.cs" ChecksumAlgorithm="SHA1" Checksum="CA6E077568DE05B4D05820D7A82DDBFAE0B07813" />
    <File Index="477" Name="D:\Codes\CoffeeSpace\CoffeeSpace.Client\CommunityToolkit.Maui.SourceGenerators\CommunityToolkit.Maui.SourceGenerators.Generators.TextColorToGenerator\RadioButtonTextColorTo.g.shared.cs" ChecksumAlgorithm="SHA1" Checksum="DB2D1D10D7A4E467850B22FC2B580DD6064393AF" />
    <File Index="478" Name="D:\Codes\CoffeeSpace\CoffeeSpace.Client\CommunityToolkit.Maui.SourceGenerators\CommunityToolkit.Maui.SourceGenerators.Generators.TextColorToGenerator\SearchBarTextColorTo.g.shared.cs" ChecksumAlgorithm="SHA1" Checksum="DBAD5B8A85DC4E681A8562948A3770B888E3F611" />
    <File Index="479" Name="D:\Codes\CoffeeSpace\CoffeeSpace.Client\CommunityToolkit.Maui.SourceGenerators\CommunityToolkit.Maui.SourceGenerators.Generators.TextColorToGenerator\TimePickerTextColorTo.g.shared.cs" ChecksumAlgorithm="SHA1" Checksum="A3A9168FC3DCDAF2605CD21687FC3458133A2EA6" />
    <File Index="480" Name="D:\Codes\CoffeeSpace\CoffeeSpace.Client\CommunityToolkit.Mvvm.SourceGenerators\CommunityToolkit.Mvvm.SourceGenerators.ObservablePropertyGenerator\CoffeeSpace.Client.Models.Ordering.Order.g.cs" ChecksumAlgorithm="SHA1" Checksum="519B8291E1FD12FFB4C799AC51A755A061E75C8C" />
    <File Index="481" Name="D:\Codes\CoffeeSpace\CoffeeSpace.Client\CommunityToolkit.Mvvm.SourceGenerators\CommunityToolkit.Mvvm.SourceGenerators.ObservablePropertyGenerator\CoffeeSpace.Client.Models.Ordering.OrderItem.g.cs" ChecksumAlgorithm="SHA1" Checksum="801F359067E19CF71E3ED31ADBD181EEE4F80136" />
    <File Index="482" Name="D:\Codes\CoffeeSpace\CoffeeSpace.Client\CommunityToolkit.Mvvm.SourceGenerators\CommunityToolkit.Mvvm.SourceGenerators.ObservablePropertyGenerator\CoffeeSpace.Client._ViewModels.CartViewModel.g.cs" ChecksumAlgorithm="SHA1" Checksum="CB847598BAF0B4DA8C99DBEBD7F59FF8C3FB855E" />
    <File Index="483" Name="D:\Codes\CoffeeSpace\CoffeeSpace.Client\CommunityToolkit.Mvvm.SourceGenerators\CommunityToolkit.Mvvm.SourceGenerators.ObservablePropertyGenerator\CoffeeSpace.Client._ViewModels.LoginViewModel.g.cs" ChecksumAlgorithm="SHA1" Checksum="4F3924D904ABC6FE56F5A84A2ABDA2394E2FD6C7" />
    <File Index="484" Name="D:\Codes\CoffeeSpace\CoffeeSpace.Client\CommunityToolkit.Mvvm.SourceGenerators\CommunityToolkit.Mvvm.SourceGenerators.ObservablePropertyGenerator\CoffeeSpace.Client._ViewModels.MainViewModel.g.cs" ChecksumAlgorithm="SHA1" Checksum="E6B70CFC5E21D0C8FEEE8A705B52F7D48A100F6C" />
    <File Index="485" Name="D:\Codes\CoffeeSpace\CoffeeSpace.Client\CommunityToolkit.Mvvm.SourceGenerators\CommunityToolkit.Mvvm.SourceGenerators.ObservablePropertyGenerator\CoffeeSpace.Client._ViewModels.OrderInformationViewModel.g.cs" ChecksumAlgorithm="SHA1" Checksum="CFC3371DBA91EA2A96EC2E8A0EFA9B2E8FBD70F7" />
    <File Index="486" Name="D:\Codes\CoffeeSpace\CoffeeSpace.Client\CommunityToolkit.Mvvm.SourceGenerators\CommunityToolkit.Mvvm.SourceGenerators.ObservablePropertyGenerator\CoffeeSpace.Client._ViewModels.OrderViewModel.g.cs" ChecksumAlgorithm="SHA1" Checksum="B5427E0B4AD71EE61EAA69642E314571F3A3CC24" />
    <File Index="487" Name="D:\Codes\CoffeeSpace\CoffeeSpace.Client\CommunityToolkit.Mvvm.SourceGenerators\CommunityToolkit.Mvvm.SourceGenerators.ObservablePropertyGenerator\CoffeeSpace.Client._ViewModels.ProfileViewModel.g.cs" ChecksumAlgorithm="SHA1" Checksum="5632E8ADF526335CD38BC8FF4BFED9112C762224" />
    <File Index="488" Name="D:\Codes\CoffeeSpace\CoffeeSpace.Client\CommunityToolkit.Mvvm.SourceGenerators\CommunityToolkit.Mvvm.SourceGenerators.ObservablePropertyGenerator\CoffeeSpace.Client._ViewModels.RegisterViewModel.g.cs" ChecksumAlgorithm="SHA1" Checksum="6DF82374CF9ABB451680906A3B9E67D1EEE01D1D" />
    <File Index="489" Name="D:\Codes\CoffeeSpace\CoffeeSpace.Client\CommunityToolkit.Mvvm.SourceGenerators\CommunityToolkit.Mvvm.SourceGenerators.ObservablePropertyGenerator\__KnownINotifyPropertyChangingArgs.g.cs" ChecksumAlgorithm="SHA1" Checksum="C80FD72660D747F0A780545F968A43B1408CD265" />
    <File Index="490" Name="D:\Codes\CoffeeSpace\CoffeeSpace.Client\CommunityToolkit.Mvvm.SourceGenerators\CommunityToolkit.Mvvm.SourceGenerators.ObservablePropertyGenerator\__KnownINotifyPropertyChangedArgs.g.cs" ChecksumAlgorithm="SHA1" Checksum="6B419BEE2E6B546B5E949D8D67171C7C0F939D22" />
    <File Index="491" Name="D:\Codes\CoffeeSpace\CoffeeSpace.Client\CommunityToolkit.Mvvm.SourceGenerators\CommunityToolkit.Mvvm.SourceGenerators.RelayCommandGenerator\CoffeeSpace.Client._ViewModels.CartViewModel.AddOrderItemIntoCart.g.cs" ChecksumAlgorithm="SHA1" Checksum="0AA33EF41EC674D18D6C4A0E4A717532D53CF321" />
    <File Index="492" Name="D:\Codes\CoffeeSpace\CoffeeSpace.Client\CommunityToolkit.Mvvm.SourceGenerators\CommunityToolkit.Mvvm.SourceGenerators.RelayCommandGenerator\CoffeeSpace.Client._ViewModels.CartViewModel.ConfirmOrdersStock.g.cs" ChecksumAlgorithm="SHA1" Checksum="5D6C12462BA18B4568B477A372E103958108ED3C" />
    <File Index="493" Name="D:\Codes\CoffeeSpace\CoffeeSpace.Client\CommunityToolkit.Mvvm.SourceGenerators\CommunityToolkit.Mvvm.SourceGenerators.RelayCommandGenerator\CoffeeSpace.Client._ViewModels.LoginViewModel.AuthenticateAsync.g.cs" ChecksumAlgorithm="SHA1" Checksum="316241C7172AFAA90848A28C02EE54B44DCA9AB6" />
    <File Index="494" Name="D:\Codes\CoffeeSpace\CoffeeSpace.Client\CommunityToolkit.Mvvm.SourceGenerators\CommunityToolkit.Mvvm.SourceGenerators.RelayCommandGenerator\CoffeeSpace.Client._ViewModels.LoginViewModel.GoToRegisterFormAsync.g.cs" ChecksumAlgorithm="SHA1" Checksum="A10BFF2549A7E82D4FB6ADCD5E32CDC24572020A" />
    <File Index="495" Name="D:\Codes\CoffeeSpace\CoffeeSpace.Client\CommunityToolkit.Mvvm.SourceGenerators\CommunityToolkit.Mvvm.SourceGenerators.RelayCommandGenerator\CoffeeSpace.Client._ViewModels.MainViewModel.AddToCart.g.cs" ChecksumAlgorithm="SHA1" Checksum="0573BFB0A3431FE42E62DCB1B8FE837718D6982D" />
    <File Index="496" Name="D:\Codes\CoffeeSpace\CoffeeSpace.Client\CommunityToolkit.Mvvm.SourceGenerators\CommunityToolkit.Mvvm.SourceGenerators.RelayCommandGenerator\CoffeeSpace.Client._ViewModels.OrderInformationViewModel.CreateOrderAsync.g.cs" ChecksumAlgorithm="SHA1" Checksum="EAEB4A6B58B87290F1B5354E24A73D5DE2FF10C3" />
    <File Index="497" Name="D:\Codes\CoffeeSpace\CoffeeSpace.Client\CommunityToolkit.Mvvm.SourceGenerators\CommunityToolkit.Mvvm.SourceGenerators.RelayCommandGenerator\CoffeeSpace.Client._ViewModels.OrderInformationViewModel.SendToPaymentPageAsync.g.cs" ChecksumAlgorithm="SHA1" Checksum="309963A4553DB76AC87567BAF5EC7EAD096C1C95" />
    <File Index="498" Name="D:\Codes\CoffeeSpace\CoffeeSpace.Client\CommunityToolkit.Mvvm.SourceGenerators\CommunityToolkit.Mvvm.SourceGenerators.RelayCommandGenerator\CoffeeSpace.Client._ViewModels.RegisterViewModel.RegisterAsync.g.cs" ChecksumAlgorithm="SHA1" Checksum="7FB5A1E0FA992B77EC06C8D68002A2ACF9733C94" />
    <File Index="499" Name="D:\Codes\CoffeeSpace\CoffeeSpace.Client\CommunityToolkit.Mvvm.SourceGenerators\CommunityToolkit.Mvvm.SourceGenerators.RelayCommandGenerator\CoffeeSpace.Client._ViewModels.RegisterViewModel.GoToLoginFormAsync.g.cs" ChecksumAlgorithm="SHA1" Checksum="DCBDDCA3AE1CF89496B3793531BDBD1DC970E900" />
    <File Index="500" Name="D:\Codes\CoffeeSpace\CoffeeSpace.Client\Mediator.SourceGenerator.Roslyn40\Mediator.SourceGenerator.IncrementalMediatorGenerator\MediatorOptions.g.cs" ChecksumAlgorithm="SHA1" Checksum="BF4A591AC4A81F66D61D617E9717779D6CE42DA3" />
    <File Index="501" Name="D:\Codes\CoffeeSpace\CoffeeSpace.Client\Mediator.SourceGenerator.Roslyn40\Mediator.SourceGenerator.IncrementalMediatorGenerator\MediatorOptionsAttribute.g.cs" ChecksumAlgorithm="SHA1" Checksum="4A401E4F4372D559DD005B1492DCBCE7B56F5736" />
    <File Index="502" Name="D:\Codes\CoffeeSpace\CoffeeSpace.Client\Mediator.SourceGenerator.Roslyn40\Mediator.SourceGenerator.IncrementalMediatorGenerator\Mediator.g.cs" ChecksumAlgorithm="SHA1" Checksum="41A81249529FB1A485CE41DB8CE5E48034FCACA7" />
    <File Index="503" Name="D:\Codes\CoffeeSpace\CoffeeSpace.Client\InterfaceStubGeneratorV2\Refit.Generator.InterfaceStubGeneratorV2\PreserveAttribute.g.cs" ChecksumAlgorithm="SHA1" Checksum="EC5138C98AECEA839190DC8C2CE4567039D68F5D" />
    <File Index="504" Name="D:\Codes\CoffeeSpace\CoffeeSpace.Client\InterfaceStubGeneratorV2\Refit.Generator.InterfaceStubGeneratorV2\Generated.g.cs" ChecksumAlgorithm="SHA1" Checksum="32CAD8D6AD48BB1DDB896EAAA626BC46B5752389" />
    <File Index="505" Name="D:\Codes\CoffeeSpace\CoffeeSpace.Client\InterfaceStubGeneratorV2\Refit.Generator.InterfaceStubGeneratorV2\IBuyersWebApi.g.cs" ChecksumAlgorithm="SHA1" Checksum="F6A9529FCFC74F22541AF2BEE5C42BA0AB6D7155" />
    <File Index="506" Name="D:\Codes\CoffeeSpace\CoffeeSpace.Client\InterfaceStubGeneratorV2\Refit.Generator.InterfaceStubGeneratorV2\IIdentityWebApi.g.cs" ChecksumAlgorithm="SHA1" Checksum="891F506DD15B973D82752A76B38F58288A160010" />
    <File Index="507" Name="D:\Codes\CoffeeSpace\CoffeeSpace.Client\InterfaceStubGeneratorV2\Refit.Generator.InterfaceStubGeneratorV2\IOrderingWebApi.g.cs" ChecksumAlgorithm="SHA1" Checksum="B1C84FEE18D04D134D760D554894BC255E03CE14" />
    <File Index="508" Name="D:\Codes\CoffeeSpace\CoffeeSpace.Client\InterfaceStubGeneratorV2\Refit.Generator.InterfaceStubGeneratorV2\IProductsWebApi.g.cs" ChecksumAlgorithm="SHA1" Checksum="FF5C87D001580791F892F0F8C1F93093D05A52A7" />
    <File Index="509" Name="D:\Codes\CoffeeSpace\CoffeeSpace.Client\Riok.Mapperly\Riok.Mapperly.MapperGenerator\ProductMapper.g.cs" ChecksumAlgorithm="SHA1" Checksum="265725F39C071B9967557E342A4281261B39850A" />
    <File Index="510" Name="D:\Codes\CoffeeSpace\CoffeeSpace.Client\Platforms\iOS\AppDelegate.cs" ChecksumAlgorithm="SHA256" Checksum="EF679D9B01A845E0B34A337D9E35A5E67855450A3D77CC212ED28E58638A883C" />
    <File Index="511" Name="D:\Codes\CoffeeSpace\CoffeeSpace.Client\Platforms\iOS\Program.cs" ChecksumAlgorithm="SHA256" Checksum="572A110DCD36DB60EEE5FF9D2E2587F6C99F86761CFA18D98B112A25B99A85DF" />
    <File Index="512" Name="D:\Codes\CoffeeSpace\CoffeeSpace.Client\obj\Debug\net7.0-ios\iossimulator-x64\CoffeeSpace.Client.GlobalUsings.g.cs" ChecksumAlgorithm="SHA256" Checksum="B5C7008BB0221F6654F04001376B0A63D8F402FAC43853D55361729A5508A47F" />
    <File Index="513" Name="D:\Codes\CoffeeSpace\CoffeeSpace.Client\obj\Debug\net7.0-ios\iossimulator-x64\CoffeeSpace.Client.nfloat.g.cs" ChecksumAlgorithm="SHA256" Checksum="A215325654AA77676068210B20A90494A166814B74EF477C70717B71A85B12AB" />
    <File Index="514" Name="D:\Codes\CoffeeSpace\CoffeeSpace.Client\obj\Debug\net7.0-ios\iossimulator-x64\.NETCoreApp,Version=v7.0.AssemblyAttributes.cs" ChecksumAlgorithm="SHA256" Checksum="AC9DDB5EE1D6ADC61057F3029BF0242B3F619F1F85D4CC8FFA956B76EA48D939" />
    <File Index="515" Name="D:\Codes\CoffeeSpace\CoffeeSpace.Client\obj\Debug\net7.0-ios\iossimulator-x64\CoffeeSpace.Client.AssemblyInfo.cs" ChecksumAlgorithm="SHA256" Checksum="EF175539F055E493D6548225C1629C49068ED274747791E88954DF398CF5F138" />
    <File Index="516" Name="D:\Codes\CoffeeSpace\CoffeeSpace.Client\AppShell.xaml.cs" ChecksumAlgorithm="SHA256" Checksum="39AD28CD358B4FB9DB549FDA2E52A1F5D039D298284ADDBFD48B4003C5033117" />
    <File Index="517" Name="D:\Codes\CoffeeSpace\CoffeeSpace.Client\Converters\NullToBoolConverter.cs" ChecksumAlgorithm="SHA256" Checksum="A47E7A532628014DFF2A60824568DF4072FCAF688FA8319F20D34D31481D84D4" />
    <File Index="518" Name="D:\Codes\CoffeeSpace\CoffeeSpace.Client\Messages\Commands\Handlers\CreateOrderCommandHandler.cs" ChecksumAlgorithm="SHA256" Checksum="7AA78F9CBBFB2155F9B70A80EA737637CB1C569B2547C55B50FA33C85A173576" />
    <File Index="519" Name="D:\Codes\CoffeeSpace\CoffeeSpace.Client\Messages\Commands\Handlers\StartHubConnectionCommandHandler.cs" ChecksumAlgorithm="SHA256" Checksum="07BAEFE31FF846CE954DF607795380C4E1D05734023CBCDD7CC72DA7B3F2A408" />
    <File Index="520" Name="D:\Codes\CoffeeSpace\CoffeeSpace.Client\Messages\Commands\StartHubConnectionCommand.cs" ChecksumAlgorithm="SHA256" Checksum="2EECFC4CA51717BAE0252193A90390E6EDF8C324B69EFEFB6600A3E7D8D86F73" />
    <File Index="521" Name="D:\Codes\CoffeeSpace\CoffeeSpace.Client\Models\Ordering\Order.cs" ChecksumAlgorithm="SHA256" Checksum="D148A856A56229C9774C61662D3FBBA065981C02BEA9011917AD4C3D6B6CAA1D" />
    <File Index="522" Name="D:\Codes\CoffeeSpace\CoffeeSpace.Client\Platforms\Windows\App.xaml.cs" ChecksumAlgorithm="SHA256" Checksum="911F4B9F9C7B815BD4724D9BEAECE48E981056F5F5AE0A34FDD30B22B9B25CFB" />
    <File Index="523" Name="D:\Codes\CoffeeSpace\CoffeeSpace.Client\Services\Abstractions\IHubConnectionService.cs" ChecksumAlgorithm="SHA256" Checksum="CD511F839B9BD8E059AC3B03602E0DFA5719DA0B1B93F07949DBBC103CD32E47" />
    <File Index="524" Name="D:\Codes\CoffeeSpace\CoffeeSpace.Client\Services\HubConnectionService.cs" ChecksumAlgorithm="SHA256" Checksum="CA6C23557ADA8B712FFE35753E8E96630C15FE2982F674B7B0BE053ABEDE9A4A" />
    <File Index="525" Name="D:\Codes\CoffeeSpace\CoffeeSpace.Client\Views\CartView.xaml.cs" ChecksumAlgorithm="SHA256" Checksum="F07D1A64931958BCB39541BEEE5D2340EC18C3D78283AC8CB0BF6DF647B1088E" />
    <File Index="526" Name="D:\Codes\CoffeeSpace\CoffeeSpace.Client\Views\LoginView.xaml.cs" ChecksumAlgorithm="SHA256" Checksum="BCAF0FF0573B94EBB4D69DF2BF0DBA64B4003C26C68A6976D1D99033E4689815" />
    <File Index="527" Name="D:\Codes\CoffeeSpace\CoffeeSpace.Client\Views\MainView.xaml.cs" ChecksumAlgorithm="SHA256" Checksum="F233FE8B2BBEC35024FAA75DDB6BA9C9873E1FBCD434F6B0EC7B044D20D04AB5" />
    <File Index="528" Name="D:\Codes\CoffeeSpace\CoffeeSpace.Client\Views\OrderInformationView.xaml.cs" ChecksumAlgorithm="SHA256" Checksum="165B8CDFB803E9D936FBB8AB3C260BB2002C965344C2C767864812E2F7FB7F88" />
    <File Index="529" Name="D:\Codes\CoffeeSpace\CoffeeSpace.Client\Views\OrderPaymentView.xaml.cs" ChecksumAlgorithm="SHA256" Checksum="EA3FA37ECBDEC352FED7C730D83B6481B2578F343412A8AF88303534FE75CCC5" />
    <File Index="530" Name="D:\Codes\CoffeeSpace\CoffeeSpace.Client\Views\OrderView.xaml.cs" ChecksumAlgorithm="SHA256" Checksum="7E57B16D48704D413182296209B9DF5F9AF286E87D0FAF91799DD6155720965E" />
    <File Index="531" Name="D:\Codes\CoffeeSpace\CoffeeSpace.Client\Views\RegisterView.xaml.cs" ChecksumAlgorithm="SHA256" Checksum="4DE19A835DE7C192BB5E109C0140B18187781889FC8EAE8BCE3BEC814B42EF90" />
    <File Index="532" Name="D:\Codes\CoffeeSpace\CoffeeSpace.Client\_ViewModels\OrderInformationViewModel.cs" ChecksumAlgorithm="SHA256" Checksum="4CC5B2BEDE8C2D4062C13468C9C9F57842EE4EE8B5DBEE0BAE52E79452EB5FC9" />
    <File Index="533" Name="D:\Codes\CoffeeSpace\CoffeeSpace.Client\_ViewModels\OrderPaymentViewModel.cs" ChecksumAlgorithm="SHA256" Checksum="DB2BA23CD97510CF150127F27D2838A0D4C86701D34E17761DC6F9FB13888A76" />
    <File Index="534" Name="D:\Codes\CoffeeSpace\CoffeeSpace.Client\_ViewModels\OrderViewModel.cs" ChecksumAlgorithm="SHA256" Checksum="ED8B3A5D5B1AE278073B31A0A8724FFC5DBE706F994F9653C9017DC6E74408BC" />
    <File Index="535" Name="D:\Codes\CoffeeSpace\CoffeeSpace.Client\obj\Debug\net7.0-windows10.0.19041.0\win10-x64\CoffeeSpace.Client.GlobalUsings.g.cs" ChecksumAlgorithm="SHA256" Checksum="B5C7008BB0221F6654F04001376B0A63D8F402FAC43853D55361729A5508A47F" />
    <File Index="536" Name="D:\Codes\CoffeeSpace\CoffeeSpace.Client\obj\Debug\net7.0-windows10.0.19041.0\win10-x64\Platforms\Windows\App.g.i.cs" ChecksumAlgorithm="SHA256" Checksum="A577DBEEC247332E416B1F21A3BB53583E384E13B29F15BB1B1BDB762C664532" />
    <File Index="537" Name="D:\Codes\CoffeeSpace\CoffeeSpace.Client\obj\Debug\net7.0-windows10.0.19041.0\win10-x64\Platforms\Windows\App.g.cs" ChecksumAlgorithm="SHA256" Checksum="414225F71D6E1BA988AED18250E00CA42FA8D4C2070CF0A847574DBB887F0A70" />
    <File Index="538" Name="D:\Codes\CoffeeSpace\CoffeeSpace.Client\obj\Debug\net7.0-windows10.0.19041.0\win10-x64\XamlTypeInfo.g.cs" ChecksumAlgorithm="SHA256" Checksum="06A7B55D976F86047162C8FA58056D03625C749E9375EAAD693AB4564F35BC75" />
    <File Index="539" Name="D:\Codes\CoffeeSpace\CoffeeSpace.Client\obj\Debug\net7.0-windows10.0.19041.0\win10-x64\.NETCoreApp,Version=v7.0.AssemblyAttributes.cs" ChecksumAlgorithm="SHA256" Checksum="AC9DDB5EE1D6ADC61057F3029BF0242B3F619F1F85D4CC8FFA956B76EA48D939" />
    <File Index="540" Name="D:\Codes\CoffeeSpace\CoffeeSpace.Client\obj\Debug\net7.0-windows10.0.19041.0\win10-x64\CoffeeSpace.Client.AssemblyInfo.cs" ChecksumAlgorithm="SHA256" Checksum="A68A4A8F6FF0ABDC5A9FECE9389C2ECFC6F5946D4C4F911F156ED91F4EF6E067" />
    <File Index="541" Name="D:\Codes\CoffeeSpace\CoffeeSpace.Client\Microsoft.Maui.Controls.SourceGen\Microsoft.Maui.Controls.SourceGen.CodeBehindGenerator\Views_OrderPaymentView.xaml.sg.cs" ChecksumAlgorithm="SHA1" Checksum="549F94E51F23C409568ED89ACE2F9ADDE4F24200" />
    <File Index="542" Name="D:\Codes\CoffeeSpace\CoffeeSpace.Client\CommunityToolkit.Mvvm.SourceGenerators\CommunityToolkit.Mvvm.SourceGenerators.ObservablePropertyGenerator\CoffeeSpace.Client.Models.Ordering.Order.g.cs" ChecksumAlgorithm="SHA1" Checksum="1568CDE140C9380DE69F27A96C2CE21ADA25A66F" />
    <File Index="543" Name="D:\Codes\CoffeeSpace\CoffeeSpace.Client\CommunityToolkit.Mvvm.SourceGenerators\CommunityToolkit.Mvvm.SourceGenerators.ObservablePropertyGenerator\CoffeeSpace.Client._ViewModels.OrderInformationViewModel.g.cs" ChecksumAlgorithm="SHA1" Checksum="1EE0FDC0AFB0518188B298473D63CD16E4A93E56" />
    <File Index="544" Name="D:\Codes\CoffeeSpace\CoffeeSpace.Client\CommunityToolkit.Mvvm.SourceGenerators\CommunityToolkit.Mvvm.SourceGenerators.ObservablePropertyGenerator\CoffeeSpace.Client._ViewModels.OrderPaymentViewModel.g.cs" ChecksumAlgorithm="SHA1" Checksum="D22B1D1D4F811C4BA27FAACC7AA04EB35AAA9FFD" />
    <File Index="545" Name="D:\Codes\CoffeeSpace\CoffeeSpace.Client\CommunityToolkit.Mvvm.SourceGenerators\CommunityToolkit.Mvvm.SourceGenerators.ObservablePropertyGenerator\__KnownINotifyPropertyChangingArgs.g.cs" ChecksumAlgorithm="SHA1" Checksum="C9EEA57584AE94787BAECE1F0D5D0086E565B29F" />
    <File Index="546" Name="D:\Codes\CoffeeSpace\CoffeeSpace.Client\CommunityToolkit.Mvvm.SourceGenerators\CommunityToolkit.Mvvm.SourceGenerators.ObservablePropertyGenerator\__KnownINotifyPropertyChangedArgs.g.cs" ChecksumAlgorithm="SHA1" Checksum="45FCF10CFF6B2F57ACC41BD86A2E4E5F8DDFE576" />
    <File Index="547" Name="D:\Codes\CoffeeSpace\CoffeeSpace.Client\CommunityToolkit.Mvvm.SourceGenerators\CommunityToolkit.Mvvm.SourceGenerators.RelayCommandGenerator\CoffeeSpace.Client._ViewModels.OrderViewModel.ProceedToPaymentAsync.g.cs" ChecksumAlgorithm="SHA1" Checksum="0ABF01BA83389F35C1E69DA2BEDCD26FED257C20" />
    <File Index="548" Name="D:\Codes\CoffeeSpace\CoffeeSpace.Client\Mediator.SourceGenerator.Roslyn40\Mediator.SourceGenerator.IncrementalMediatorGenerator\Mediator.g.cs" ChecksumAlgorithm="SHA1" Checksum="933D55DBCDD29CE25E71C13E80FBE0A8339DE9AE" />
    <File Index="549" Name="D:\Codes\CoffeeSpace\CoffeeSpace.Client\Platforms\Windows\App.xaml" ChecksumAlgorithm="SHA256" Checksum="DDD88B70613F7080EC8F2566B74DE80AA9005510AF2289EB365155AAA36A5037" />
    <File Index="550" Name="D:\Codes\CoffeeSpace\CoffeeSpace.Client\Platforms\Android\MainActivity.cs" ChecksumAlgorithm="SHA256" Checksum="48DDB4912083CF99C05172B6B33E08CCD9A3349A95174EEAC21ECA6AC6FBE963" />
    <File Index="551" Name="D:\Codes\CoffeeSpace\CoffeeSpace.Client\Platforms\Android\MainApplication.cs" ChecksumAlgorithm="SHA256" Checksum="FA3E4120756231AB04A195A08B318C0DA05BA3558CCAB2BC0AD5D78D2C562189" />
    <File Index="552" Name="D:\Codes\CoffeeSpace\CoffeeSpace.Client\Platforms\Android\WebAuthenticationCallbackActivity.cs" ChecksumAlgorithm="SHA256" Checksum="AD7B23E4523DD296B1CEA5E8E6966624A42689E836DBE2E88EBAC52243496FE3" />
    <File Index="553" Name="D:\Codes\CoffeeSpace\CoffeeSpace.Client\obj\Debug\net7.0-android\CoffeeSpace.Client.GlobalUsings.g.cs" ChecksumAlgorithm="SHA256" Checksum="B5C7008BB0221F6654F04001376B0A63D8F402FAC43853D55361729A5508A47F" />
    <File Index="554" Name="D:\Codes\CoffeeSpace\CoffeeSpace.Client\obj\Debug\net7.0-android\.NETCoreApp,Version=v7.0.AssemblyAttributes.cs" ChecksumAlgorithm="SHA256" Checksum="AC9DDB5EE1D6ADC61057F3029BF0242B3F619F1F85D4CC8FFA956B76EA48D939" />
    <File Index="555" Name="D:\Codes\CoffeeSpace\CoffeeSpace.Client\obj\Debug\net7.0-android\CoffeeSpace.Client.AssemblyInfo.cs" ChecksumAlgorithm="SHA256" Checksum="7595496B222F475A5E82E1A4878CB50F00874332A8D0843E57627F188C46A256" />
    <File Index="556" Name="D:\Codes\CoffeeSpace\CoffeeSpace.Client\obj\Debug\net7.0-android\Resource.designer.cs" ChecksumAlgorithm="SHA256" Checksum="4B47A8F6553F817664642C601D6A3D1235021C3A78ECF73D62F611FD056F5FA5" />
  </FileIndices>
  <Assembly Name="CoffeeSpace.ApiGateway" CoveredStatements="0" TotalStatements="42" CoveragePercent="0">
    <Namespace Name="CoffeeSpace.ApiGateway.Extensions" CoveredStatements="0" TotalStatements="22" CoveragePercent="0">
      <Type Name="AzureKeyVaultExtensions" CoveredStatements="0" TotalStatements="3" CoveragePercent="0">
        <Method Name="AddAzureKeyVault(Microsoft.Extensions.Configuration.IConfigurationBuilder):Microsoft.Extensions.Configuration.IConfigurationBuilder" CoveredStatements="0" TotalStatements="3" CoveragePercent="0">
          <Statement FileIndex="42" Line="9" Column="5" EndLine="9" EndColumn="6" Covered="False" />
          <Statement FileIndex="42" Line="10" Column="9" EndLine="13" EndColumn="65" Covered="False" />
          <Statement FileIndex="42" Line="14" Column="5" EndLine="14" EndColumn="6" Covered="False" />
        </Method>
      </Type>
      <Type Name="JwtBearerExtensions" CoveredStatements="0" TotalStatements="19" CoveragePercent="0">
        <Type Name="&lt;&gt;c" CoveredStatements="0" TotalStatements="12" CoveragePercent="0">
          <Method Name="&lt;AddJwtBearer&gt;b__0_0(Microsoft.AspNetCore.Authorization.AuthorizationOptions):System.Void" CoveredStatements="0" TotalStatements="3" CoveragePercent="0">
            <Statement FileIndex="43" Line="12" Column="13" EndLine="12" EndColumn="14" Covered="False" />
            <Statement FileIndex="43" Line="13" Column="17" EndLine="17" EndColumn="20" Covered="False" />
            <Statement FileIndex="43" Line="18" Column="13" EndLine="18" EndColumn="14" Covered="False" />
          </Method>
          <Method Name="&lt;AddJwtBearer&gt;b__0_1(Microsoft.AspNetCore.Authentication.AuthenticationOptions):System.Void" CoveredStatements="0" TotalStatements="5" CoveragePercent="0">
            <Statement FileIndex="43" Line="20" Column="13" EndLine="20" EndColumn="14" Covered="False" />
            <Statement FileIndex="43" Line="21" Column="17" EndLine="21" EndColumn="89" Covered="False" />
            <Statement FileIndex="43" Line="22" Column="17" EndLine="22" EndColumn="92" Covered="False" />
            <Statement FileIndex="43" Line="23" Column="17" EndLine="23" EndColumn="80" Covered="False" />
            <Statement FileIndex="43" Line="24" Column="13" EndLine="24" EndColumn="14" Covered="False" />
          </Method>
          <Method Name="&lt;AddJwtBearer&gt;b__0_3(Microsoft.AspNetCore.Authorization.AuthorizationPolicyBuilder):System.Void" CoveredStatements="0" TotalStatements="4" CoveragePercent="0">
            <Statement FileIndex="43" Line="14" Column="17" EndLine="14" EndColumn="18" Covered="False" />
            <Statement FileIndex="43" Line="15" Column="21" EndLine="15" EndColumn="100" Covered="False" />
            <Statement FileIndex="43" Line="16" Column="21" EndLine="16" EndColumn="70" Covered="False" />
            <Statement FileIndex="43" Line="17" Column="17" EndLine="17" EndColumn="18" Covered="False" />
          </Method>
        </Type>
        <Type Name="&lt;&gt;c__DisplayClass0_0" CoveredStatements="0" TotalStatements="3" CoveragePercent="0">
          <Method Name="&lt;AddJwtBearer&gt;b__2(Microsoft.AspNetCore.Authentication.JwtBearer.JwtBearerOptions):System.Void" CoveredStatements="0" TotalStatements="3" CoveragePercent="0">
            <Statement FileIndex="43" Line="26" Column="13" EndLine="26" EndColumn="14" Covered="False" />
            <Statement FileIndex="43" Line="27" Column="17" EndLine="37" EndColumn="19" Covered="False" />
            <Statement FileIndex="43" Line="38" Column="13" EndLine="38" EndColumn="14" Covered="False" />
          </Method>
        </Type>
        <Method Name="AddJwtBearer(Microsoft.Extensions.Configuration.IConfigurationBuilder,Microsoft.AspNetCore.Builder.WebApplicationBuilder):Microsoft.Extensions.Configuration.IConfigurationBuilder" CoveredStatements="0" TotalStatements="4" CoveragePercent="0">
          <Statement FileIndex="43" Line="10" Column="5" EndLine="10" EndColumn="6" Covered="False" />
          <Statement FileIndex="43" Line="11" Column="9" EndLine="38" EndColumn="16" Covered="False" />
          <Statement FileIndex="43" Line="40" Column="9" EndLine="40" EndColumn="38" Covered="False" />
          <Statement FileIndex="43" Line="41" Column="5" EndLine="41" EndColumn="6" Covered="False" />
        </Method>
      </Type>
    </Namespace>
    <Namespace Name="CoffeeSpace.ApiGateway.Services" CoveredStatements="0" TotalStatements="10" CoveragePercent="0">
      <Type Name="PrefixKeyVaultSecretManager" CoveredStatements="0" TotalStatements="10" CoveragePercent="0">
        <Method Name=".ctor(System.String):System.Void" CoveredStatements="0" TotalStatements="4" CoveragePercent="0">
          <Statement FileIndex="45" Line="10" Column="5" EndLine="10" EndColumn="54" Covered="False" />
          <Statement FileIndex="45" Line="11" Column="5" EndLine="11" EndColumn="6" Covered="False" />
          <Statement FileIndex="45" Line="12" Column="9" EndLine="12" EndColumn="32" Covered="False" />
          <Statement FileIndex="45" Line="13" Column="5" EndLine="13" EndColumn="6" Covered="False" />
        </Method>
        <Method Name="GetKey(Azure.Security.KeyVault.Secrets.KeyVaultSecret):System.String" CoveredStatements="0" TotalStatements="3" CoveragePercent="0">
          <Statement FileIndex="45" Line="21" Column="5" EndLine="21" EndColumn="6" Covered="False" />
          <Statement FileIndex="45" Line="22" Column="9" EndLine="23" EndColumn="60" Covered="False" />
          <Statement FileIndex="45" Line="24" Column="5" EndLine="24" EndColumn="6" Covered="False" />
        </Method>
        <Method Name="Load(Azure.Security.KeyVault.Secrets.SecretProperties):System.Boolean" CoveredStatements="0" TotalStatements="3" CoveragePercent="0">
          <Statement FileIndex="45" Line="16" Column="5" EndLine="16" EndColumn="6" Covered="False" />
          <Statement FileIndex="45" Line="17" Column="9" EndLine="17" EndColumn="48" Covered="False" />
          <Statement FileIndex="45" Line="18" Column="5" EndLine="18" EndColumn="6" Covered="False" />
        </Method>
      </Type>
    </Namespace>
    <Type Name="Program" CoveredStatements="0" TotalStatements="10" CoveragePercent="0">
      <Type Name="&lt;&lt;Main&gt;$&gt;d__0" CoveredStatements="0" TotalStatements="9" CoveragePercent="0">
        <Method Name="MoveNext():System.Void" CoveredStatements="0" TotalStatements="9" CoveragePercent="0">
          <Statement FileIndex="44" Line="8" Column="1" EndLine="8" EndColumn="50" Covered="False" />
          <Statement FileIndex="44" Line="10" Column="1" EndLine="11" EndColumn="66" Covered="False" />
          <Statement FileIndex="44" Line="13" Column="1" EndLine="16" EndColumn="28" Covered="False" />
          <Statement FileIndex="44" Line="18" Column="1" EndLine="21" EndColumn="22" Covered="False" />
          <Statement FileIndex="44" Line="23" Column="1" EndLine="23" EndColumn="27" Covered="False" />
          <Statement FileIndex="44" Line="25" Column="1" EndLine="25" EndColumn="25" Covered="False" />
          <Statement FileIndex="44" Line="26" Column="1" EndLine="26" EndColumn="24" Covered="False" />
          <Statement FileIndex="44" Line="28" Column="1" EndLine="28" EndColumn="23" Covered="False" />
          <Statement FileIndex="44" Line="30" Column="1" EndLine="30" EndColumn="11" Covered="False" />
        </Method>
      </Type>
      <Type Name="&lt;&gt;c" CoveredStatements="0" TotalStatements="1" CoveragePercent="0">
        <Method Name="&lt;&lt;Main&gt;$&gt;b__0_0(Microsoft.Extensions.Hosting.HostBuilderContext,Serilog.LoggerConfiguration):System.Void" CoveredStatements="0" TotalStatements="1" CoveragePercent="0">
          <Statement FileIndex="44" Line="11" Column="5" EndLine="11" EndColumn="64" Covered="False" />
        </Method>
      </Type>
    </Type>
  </Assembly>
  <Assembly Name="CoffeeSpace.Client" CoveredStatements="0" TotalStatements="743" CoveragePercent="0">
    <Namespace Name="CoffeeSpace" CoveredStatements="0" TotalStatements="4" CoveragePercent="0">
      <Type Name="MainApplication" CoveredStatements="0" TotalStatements="4" CoveragePercent="0">
        <Method Name=".ctor(System.IntPtr,Android.Runtime.JniHandleOwnership):System.Void" CoveredStatements="0" TotalStatements="3" CoveragePercent="0">
          <Statement FileIndex="551" Line="11" Column="11" EndLine="11" EndColumn="34" Covered="False" />
          <Statement FileIndex="551" Line="12" Column="5" EndLine="12" EndColumn="6" Covered="False" />
          <Statement FileIndex="551" Line="13" Column="5" EndLine="13" EndColumn="6" Covered="False" />
        </Method>
        <Method Name="CreateMauiApp():Microsoft.Maui.Hosting.MauiApp" CoveredStatements="0" TotalStatements="1" CoveragePercent="0">
          <Statement FileIndex="551" Line="15" Column="51" EndLine="15" EndColumn="78" Covered="False" />
        </Method>
      </Type>
    </Namespace>
    <Namespace Name="CoffeeSpace.Client" CoveredStatements="0" TotalStatements="31" CoveragePercent="0">
      <Type Name="App" CoveredStatements="0" TotalStatements="5" CoveragePercent="0">
        <Method Name=".ctor():System.Void" CoveredStatements="0" TotalStatements="5" CoveragePercent="0">
          <Statement FileIndex="399" Line="8" Column="5" EndLine="8" EndColumn="17" Covered="False" />
          <Statement FileIndex="399" Line="9" Column="5" EndLine="9" EndColumn="6" Covered="False" />
          <Statement FileIndex="399" Line="10" Column="9" EndLine="10" EndColumn="31" Covered="False" />
          <Statement FileIndex="399" Line="12" Column="9" EndLine="12" EndColumn="35" Covered="False" />
          <Statement FileIndex="399" Line="13" Column="5" EndLine="13" EndColumn="6" Covered="False" />
        </Method>
      </Type>
      <Type Name="AppShell" CoveredStatements="0" TotalStatements="8" CoveragePercent="0">
        <Method Name=".ctor():System.Void" CoveredStatements="0" TotalStatements="8" CoveragePercent="0">
          <Statement FileIndex="400" Line="7" Column="5" EndLine="7" EndColumn="22" Covered="False" />
          <Statement FileIndex="400" Line="8" Column="5" EndLine="8" EndColumn="6" Covered="False" />
          <Statement FileIndex="400" Line="9" Column="9" EndLine="9" EndColumn="31" Covered="False" />
          <Statement FileIndex="400" Line="11" Column="9" EndLine="11" EndColumn="67" Covered="False" />
          <Statement FileIndex="400" Line="12" Column="9" EndLine="12" EndColumn="91" Covered="False" />
          <Statement FileIndex="400" Line="13" Column="9" EndLine="13" EndColumn="75" Covered="False" />
          <Statement FileIndex="400" Line="14" Column="9" EndLine="14" EndColumn="69" Covered="False" />
          <Statement FileIndex="400" Line="15" Column="5" EndLine="15" EndColumn="6" Covered="False" />
        </Method>
      </Type>
      <Type Name="MauiProgram" CoveredStatements="0" TotalStatements="18" CoveragePercent="0">
        <Type Name="&lt;&gt;c" CoveredStatements="0" TotalStatements="4" CoveragePercent="0">
          <Method Name="&lt;CreateMauiApp&gt;b__0_0(Microsoft.Maui.Hosting.IFontCollection):System.Void" CoveredStatements="0" TotalStatements="4" CoveragePercent="0">
            <Statement FileIndex="413" Line="21" Column="13" EndLine="21" EndColumn="14" Covered="False" />
            <Statement FileIndex="413" Line="22" Column="17" EndLine="22" EndColumn="74" Covered="False" />
            <Statement FileIndex="413" Line="23" Column="17" EndLine="23" EndColumn="76" Covered="False" />
            <Statement FileIndex="413" Line="24" Column="13" EndLine="24" EndColumn="14" Covered="False" />
          </Method>
        </Type>
        <Method Name="CreateMauiApp():Microsoft.Maui.Hosting.MauiApp" CoveredStatements="0" TotalStatements="14" CoveragePercent="0">
          <Statement FileIndex="413" Line="15" Column="5" EndLine="15" EndColumn="6" Covered="False" />
          <Statement FileIndex="413" Line="16" Column="9" EndLine="16" EndColumn="47" Covered="False" />
          <Statement FileIndex="413" Line="17" Column="9" EndLine="25" EndColumn="38" Covered="False" />
          <Statement FileIndex="413" Line="27" Column="9" EndLine="27" EndColumn="59" Covered="False" />
          <Statement FileIndex="413" Line="28" Column="9" EndLine="28" EndColumn="64" Covered="False" />
          <Statement FileIndex="413" Line="30" Column="9" EndLine="30" EndColumn="64" Covered="False" />
          <Statement FileIndex="413" Line="31" Column="9" EndLine="31" EndColumn="98" Covered="False" />
          <Statement FileIndex="413" Line="33" Column="9" EndLine="33" EndColumn="40" Covered="False" />
          <Statement FileIndex="413" Line="34" Column="9" EndLine="34" EndColumn="76" Covered="False" />
          <Statement FileIndex="413" Line="35" Column="9" EndLine="35" EndColumn="76" Covered="False" />
          <Statement FileIndex="413" Line="37" Column="9" EndLine="41" EndColumn="49" Covered="False" />
          <Statement FileIndex="413" Line="44" Column="9" EndLine="44" EndColumn="36" Covered="False" />
          <Statement FileIndex="413" Line="46" Column="9" EndLine="46" EndColumn="32" Covered="False" />
          <Statement FileIndex="413" Line="47" Column="5" EndLine="47" EndColumn="6" Covered="False" />
        </Method>
      </Type>
    </Namespace>
    <Namespace Name="CoffeeSpace.Client._ViewModels" CoveredStatements="0" TotalStatements="116" CoveragePercent="0">
      <Type Name="CartViewModel" CoveredStatements="0" TotalStatements="19" CoveragePercent="0">
        <Type Name="&lt;&gt;c__DisplayClass3_0" CoveredStatements="0" TotalStatements="1" CoveragePercent="0">
          <Method Name="&lt;AddOrderItemIntoCart&gt;b__0(CoffeeSpace.Client.Models.Ordering.OrderItem):System.Boolean" CoveredStatements="0" TotalStatements="1" CoveragePercent="0">
            <Statement FileIndex="449" Line="28" Column="64" EndLine="28" EndColumn="144" Covered="False" />
          </Method>
        </Type>
        <Type Name="&lt;ConfirmOrdersStock&gt;d__4" CoveredStatements="0" TotalStatements="5" CoveragePercent="0">
          <Method Name="MoveNext():System.Void" CoveredStatements="0" TotalStatements="5" CoveragePercent="0">
            <Statement FileIndex="449" Line="40" Column="5" EndLine="40" EndColumn="6" Covered="False" />
            <Statement FileIndex="449" Line="41" Column="9" EndLine="44" EndColumn="31" Covered="False" />
            <Statement FileIndex="449" Line="46" Column="9" EndLine="46" EndColumn="28" Covered="False" />
            <Statement FileIndex="449" Line="47" Column="9" EndLine="47" EndColumn="69" Covered="False" />
            <Statement FileIndex="449" Line="48" Column="5" EndLine="48" EndColumn="6" Covered="False" />
          </Method>
        </Type>
        <Method Name=".ctor(Mediator.ISender):System.Void" CoveredStatements="0" TotalStatements="5" CoveragePercent="0">
          <Statement FileIndex="449" Line="19" Column="5" EndLine="19" EndColumn="41" Covered="False" />
          <Statement FileIndex="449" Line="20" Column="5" EndLine="20" EndColumn="6" Covered="False" />
          <Statement FileIndex="449" Line="21" Column="9" EndLine="21" EndColumn="26" Covered="False" />
          <Statement FileIndex="449" Line="22" Column="9" EndLine="22" EndColumn="61" Covered="False" />
          <Statement FileIndex="449" Line="23" Column="5" EndLine="23" EndColumn="6" Covered="False" />
        </Method>
        <Method Name="AddOrderItemIntoCart(CoffeeSpace.Client.Models.Ordering.OrderItem):System.Void" CoveredStatements="0" TotalStatements="8" CoveragePercent="0">
          <Statement FileIndex="449" Line="27" Column="5" EndLine="27" EndColumn="6" Covered="False" />
          <Statement FileIndex="449" Line="28" Column="9" EndLine="28" EndColumn="146" Covered="False" />
          <Statement FileIndex="449" Line="29" Column="9" EndLine="29" EndColumn="61" Covered="False" />
          <Statement FileIndex="449" Line="30" Column="9" EndLine="30" EndColumn="10" Covered="False" />
          <Statement FileIndex="449" Line="31" Column="13" EndLine="31" EndColumn="44" Covered="False" />
          <Statement FileIndex="449" Line="32" Column="13" EndLine="32" EndColumn="20" Covered="False" />
          <Statement FileIndex="449" Line="35" Column="9" EndLine="35" EndColumn="55" Covered="False" />
          <Statement FileIndex="449" Line="36" Column="5" EndLine="36" EndColumn="6" Covered="False" />
        </Method>
      </Type>
      <Type Name="LoginViewModel" CoveredStatements="0" TotalStatements="17" CoveragePercent="0">
        <Type Name="&lt;AuthenticateAsync&gt;d__3" CoveredStatements="0" TotalStatements="9" CoveragePercent="0">
          <Method Name="MoveNext():System.Void" CoveredStatements="0" TotalStatements="9" CoveragePercent="0">
            <Statement FileIndex="450" Line="24" Column="5" EndLine="24" EndColumn="6" Covered="False" />
            <Statement FileIndex="450" Line="25" Column="9" EndLine="25" EndColumn="89" Covered="False" />
            <Statement FileIndex="450" Line="26" Column="9" EndLine="26" EndColumn="32" Covered="False" />
            <Statement FileIndex="450" Line="27" Column="9" EndLine="27" EndColumn="10" Covered="False" />
            <Statement FileIndex="450" Line="28" Column="13" EndLine="28" EndColumn="125" Covered="False" />
            <Statement FileIndex="450" Line="28" Column="126" EndLine="28" EndColumn="127" Covered="False" />
            <Statement FileIndex="450" Line="29" Column="13" EndLine="29" EndColumn="20" Covered="False" />
            <Statement FileIndex="450" Line="32" Column="9" EndLine="32" EndColumn="57" Covered="False" />
            <Statement FileIndex="450" Line="33" Column="5" EndLine="33" EndColumn="6" Covered="False" />
          </Method>
        </Type>
        <Type Name="&lt;GoToRegisterFormAsync&gt;d__4" CoveredStatements="0" TotalStatements="3" CoveragePercent="0">
          <Method Name="MoveNext():System.Void" CoveredStatements="0" TotalStatements="3" CoveragePercent="0">
            <Statement FileIndex="450" Line="37" Column="5" EndLine="37" EndColumn="6" Covered="False" />
            <Statement FileIndex="450" Line="38" Column="9" EndLine="38" EndColumn="61" Covered="False" />
            <Statement FileIndex="450" Line="39" Column="5" EndLine="39" EndColumn="6" Covered="False" />
          </Method>
        </Type>
        <Method Name=".ctor(CoffeeSpace.Client.Services.Abstractions.IAuthService):System.Void" CoveredStatements="0" TotalStatements="5" CoveragePercent="0">
          <Statement FileIndex="450" Line="16" Column="5" EndLine="16" EndColumn="52" Covered="False" />
          <Statement FileIndex="450" Line="17" Column="5" EndLine="17" EndColumn="6" Covered="False" />
          <Statement FileIndex="450" Line="18" Column="9" EndLine="18" EndColumn="36" Covered="False" />
          <Statement FileIndex="450" Line="19" Column="9" EndLine="19" EndColumn="44" Covered="False" />
          <Statement FileIndex="450" Line="20" Column="5" EndLine="20" EndColumn="6" Covered="False" />
        </Method>
      </Type>
      <Type Name="MainViewModel" CoveredStatements="0" TotalStatements="8" CoveragePercent="0">
        <Type Name="&lt;AddToCart&gt;d__3" CoveredStatements="0" TotalStatements="3" CoveragePercent="0">
          <Method Name="MoveNext():System.Void" CoveredStatements="0" TotalStatements="3" CoveragePercent="0">
            <Statement FileIndex="451" Line="25" Column="5" EndLine="25" EndColumn="6" Covered="False" />
            <Statement FileIndex="451" Line="26" Column="9" EndLine="29" EndColumn="31" Covered="False" />
            <Statement FileIndex="451" Line="30" Column="5" EndLine="30" EndColumn="6" Covered="False" />
          </Method>
        </Type>
        <Method Name=".ctor(Mediator.ISender):System.Void" CoveredStatements="0" TotalStatements="5" CoveragePercent="0">
          <Statement FileIndex="451" Line="17" Column="5" EndLine="17" EndColumn="41" Covered="False" />
          <Statement FileIndex="451" Line="18" Column="5" EndLine="18" EndColumn="6" Covered="False" />
          <Statement FileIndex="451" Line="19" Column="9" EndLine="19" EndColumn="26" Covered="False" />
          <Statement FileIndex="451" Line="20" Column="9" EndLine="20" EndColumn="57" Covered="False" />
          <Statement FileIndex="451" Line="21" Column="5" EndLine="21" EndColumn="6" Covered="False" />
        </Method>
      </Type>
      <Type Name="OrderInformationViewModel" CoveredStatements="0" TotalStatements="23" CoveragePercent="0">
        <Type Name="&lt;CreateOrderAsync&gt;d__9" CoveredStatements="0" TotalStatements="9" CoveragePercent="0">
          <Method Name="MoveNext():System.Void" CoveredStatements="0" TotalStatements="9" CoveragePercent="0">
            <Statement FileIndex="452" Line="42" Column="5" EndLine="42" EndColumn="6" Covered="False" />
            <Statement FileIndex="452" Line="43" Column="9" EndLine="43" EndColumn="67" Covered="False" />
            <Statement FileIndex="452" Line="44" Column="9" EndLine="53" EndColumn="31" Covered="False" />
            <Statement FileIndex="452" Line="55" Column="9" EndLine="55" EndColumn="21" Covered="False" />
            <Statement FileIndex="452" Line="56" Column="9" EndLine="56" EndColumn="10" Covered="False" />
            <Statement FileIndex="452" Line="57" Column="13" EndLine="57" EndColumn="128" Covered="False" />
            <Statement FileIndex="452" Line="58" Column="13" EndLine="58" EndColumn="20" Covered="False" />
            <Statement FileIndex="452" Line="61" Column="9" EndLine="61" EndColumn="57" Covered="False" />
            <Statement FileIndex="452" Line="62" Column="5" EndLine="62" EndColumn="6" Covered="False" />
          </Method>
        </Type>
        <Type Name="&lt;SendToPaymentPageAsync&gt;d__10" CoveredStatements="0" TotalStatements="2" CoveragePercent="0">
          <Method Name="MoveNext():System.Void" CoveredStatements="0" TotalStatements="2" CoveragePercent="0">
            <Statement FileIndex="452" Line="66" Column="5" EndLine="66" EndColumn="6" Covered="False" />
            <Statement FileIndex="452" Line="68" Column="5" EndLine="68" EndColumn="6" Covered="False" />
          </Method>
        </Type>
        <Method Name=".ctor(Mediator.ISender,CoffeeSpace.Client.Services.Abstractions.IHubConnectionService):System.Void" CoveredStatements="0" TotalStatements="6" CoveragePercent="0">
          <Statement FileIndex="452" Line="27" Column="5" EndLine="27" EndColumn="97" Covered="False" />
          <Statement FileIndex="452" Line="28" Column="5" EndLine="28" EndColumn="6" Covered="False" />
          <Statement FileIndex="452" Line="29" Column="9" EndLine="29" EndColumn="26" Covered="False" />
          <Statement FileIndex="452" Line="31" Column="9" EndLine="31" EndColumn="46" Covered="False" />
          <Statement FileIndex="452" Line="33" Column="9" EndLine="37" EndColumn="12" Covered="False" />
          <Statement FileIndex="452" Line="38" Column="5" EndLine="38" EndColumn="6" Covered="False" />
        </Method>
        <Method Name="&lt;.ctor&gt;b__8_0(System.String):System.Void" CoveredStatements="0" TotalStatements="4" CoveragePercent="0">
          <Statement FileIndex="452" Line="34" Column="9" EndLine="34" EndColumn="10" Covered="False" />
          <Statement FileIndex="452" Line="35" Column="13" EndLine="35" EndColumn="44" Covered="False" />
          <Statement FileIndex="452" Line="36" Column="13" EndLine="36" EndColumn="48" Covered="False" />
          <Statement FileIndex="452" Line="37" Column="9" EndLine="37" EndColumn="10" Covered="False" />
        </Method>
        <Method Name="get_ApprovalLink():System.String" CoveredStatements="0" TotalStatements="1" CoveragePercent="0">
          <Statement FileIndex="452" Line="25" Column="34" EndLine="25" EndColumn="38" Covered="False" />
        </Method>
        <Method Name="set_ApprovalLink(System.String):System.Void" CoveredStatements="0" TotalStatements="1" CoveragePercent="0">
          <Statement FileIndex="452" Line="25" Column="39" EndLine="25" EndColumn="51" Covered="False" />
        </Method>
      </Type>
      <Type Name="OrderViewModel" CoveredStatements="0" TotalStatements="33" CoveragePercent="0">
        <Type Name="&lt;&gt;c__DisplayClass1_0" CoveredStatements="0" TotalStatements="1" CoveragePercent="0">
          <Method Name="&lt;.ctor&gt;b__2(CoffeeSpace.Client.Models.Ordering.Order):System.Boolean" CoveredStatements="0" TotalStatements="1" CoveragePercent="0">
            <Statement FileIndex="453" Line="20" Column="46" EndLine="20" EndColumn="62" Covered="False" />
          </Method>
        </Type>
        <Type Name="&lt;&gt;c__DisplayClass1_1" CoveredStatements="0" TotalStatements="8" CoveragePercent="0">
          <Method Name="&lt;.ctor&gt;b__3(CoffeeSpace.Client.Models.Ordering.Order):System.Boolean" CoveredStatements="0" TotalStatements="1" CoveragePercent="0">
            <Statement FileIndex="453" Line="31" Column="64" EndLine="31" EndColumn="83" Covered="False" />
          </Method>
          <Method Name="&lt;.ctor&gt;b__4():System.Void" CoveredStatements="0" TotalStatements="7" CoveragePercent="0">
            <Statement FileIndex="453" Line="40" Column="17" EndLine="40" EndColumn="18" Covered="False" />
            <Statement FileIndex="453" Line="42" Column="21" EndLine="42" EndColumn="22" Covered="False" />
            <Statement FileIndex="453" Line="43" Column="25" EndLine="43" EndColumn="89" Covered="False" />
            <Statement FileIndex="453" Line="44" Column="25" EndLine="44" EndColumn="63" Covered="False" />
            <Statement FileIndex="453" Line="46" Column="21" EndLine="46" EndColumn="22" Covered="False" />
            <Statement FileIndex="453" Line="46" Column="23" EndLine="46" EndColumn="85" Covered="False" />
            <Statement FileIndex="453" Line="47" Column="17" EndLine="47" EndColumn="18" Covered="False" />
          </Method>
        </Type>
        <Method Name=".ctor(CoffeeSpace.Client._ViewModels.ProfileViewModel,CoffeeSpace.Client.Services.Abstractions.IHubConnectionService):System.Void" CoveredStatements="0" TotalStatements="6" CoveragePercent="0">
          <Statement FileIndex="453" Line="14" Column="5" EndLine="14" EndColumn="105" Covered="False" />
          <Statement FileIndex="453" Line="15" Column="5" EndLine="15" EndColumn="6" Covered="False" />
          <Statement FileIndex="453" Line="16" Column="9" EndLine="16" EndColumn="74" Covered="False" />
          <Statement FileIndex="453" Line="18" Column="9" EndLine="27" EndColumn="12" Covered="False" />
          <Statement FileIndex="453" Line="29" Column="9" EndLine="51" EndColumn="12" Covered="False" />
          <Statement FileIndex="453" Line="52" Column="5" EndLine="52" EndColumn="6" Covered="False" />
        </Method>
        <Method Name="&lt;.ctor&gt;b__1_0(CoffeeSpace.Client.Models.Ordering.Order):System.Void" CoveredStatements="0" TotalStatements="7" CoveragePercent="0">
          <Statement FileIndex="453" Line="19" Column="9" EndLine="19" EndColumn="10" Covered="False" />
          <Statement FileIndex="453" Line="20" Column="13" EndLine="20" EndColumn="64" Covered="False" />
          <Statement FileIndex="453" Line="21" Column="13" EndLine="21" EndColumn="26" Covered="False" />
          <Statement FileIndex="453" Line="22" Column="13" EndLine="22" EndColumn="14" Covered="False" />
          <Statement FileIndex="453" Line="23" Column="17" EndLine="23" EndColumn="24" Covered="False" />
          <Statement FileIndex="453" Line="26" Column="13" EndLine="26" EndColumn="31" Covered="False" />
          <Statement FileIndex="453" Line="27" Column="9" EndLine="27" EndColumn="10" Covered="False" />
        </Method>
        <Method Name="&lt;.ctor&gt;b__1_1(CoffeeSpace.Client.Models.Ordering.OrderStatus,System.String):System.Void" CoveredStatements="0" TotalStatements="11" CoveragePercent="0">
          <Statement FileIndex="453" Line="30" Column="9" EndLine="30" EndColumn="10" Covered="False" />
          <Statement FileIndex="453" Line="31" Column="13" EndLine="31" EndColumn="85" Covered="False" />
          <Statement FileIndex="453" Line="32" Column="13" EndLine="32" EndColumn="39" Covered="False" />
          <Statement FileIndex="453" Line="33" Column="13" EndLine="33" EndColumn="14" Covered="False" />
          <Statement FileIndex="453" Line="34" Column="17" EndLine="34" EndColumn="24" Covered="False" />
          <Statement FileIndex="453" Line="37" Column="13" EndLine="37" EndColumn="62" Covered="False" />
          <Statement FileIndex="453" Line="38" Column="13" EndLine="38" EndColumn="14" Covered="False" />
          <Statement FileIndex="453" Line="39" Column="17" EndLine="47" EndColumn="20" Covered="False" />
          <Statement FileIndex="453" Line="48" Column="13" EndLine="48" EndColumn="14" Covered="False" />
          <Statement FileIndex="453" Line="50" Column="13" EndLine="50" EndColumn="51" Covered="False" />
          <Statement FileIndex="453" Line="51" Column="9" EndLine="51" EndColumn="10" Covered="False" />
        </Method>
      </Type>
      <Type Name="RegisterViewModel" CoveredStatements="0" TotalStatements="16" CoveragePercent="0">
        <Type Name="&lt;GoToLoginFormAsync&gt;d__4" CoveredStatements="0" TotalStatements="3" CoveragePercent="0">
          <Method Name="MoveNext():System.Void" CoveredStatements="0" TotalStatements="3" CoveragePercent="0">
            <Statement FileIndex="455" Line="37" Column="5" EndLine="37" EndColumn="6" Covered="False" />
            <Statement FileIndex="455" Line="38" Column="9" EndLine="38" EndColumn="58" Covered="False" />
            <Statement FileIndex="455" Line="39" Column="5" EndLine="39" EndColumn="6" Covered="False" />
          </Method>
        </Type>
        <Type Name="&lt;RegisterAsync&gt;d__3" CoveredStatements="0" TotalStatements="8" CoveragePercent="0">
          <Method Name="MoveNext():System.Void" CoveredStatements="0" TotalStatements="8" CoveragePercent="0">
            <Statement FileIndex="455" Line="24" Column="5" EndLine="24" EndColumn="6" Covered="False" />
            <Statement FileIndex="455" Line="25" Column="9" EndLine="25" EndColumn="95" Covered="False" />
            <Statement FileIndex="455" Line="26" Column="9" EndLine="26" EndColumn="32" Covered="False" />
            <Statement FileIndex="455" Line="27" Column="9" EndLine="27" EndColumn="10" Covered="False" />
            <Statement FileIndex="455" Line="28" Column="13" EndLine="28" EndColumn="125" Covered="False" />
            <Statement FileIndex="455" Line="29" Column="13" EndLine="29" EndColumn="20" Covered="False" />
            <Statement FileIndex="455" Line="32" Column="9" EndLine="32" EndColumn="57" Covered="False" />
            <Statement FileIndex="455" Line="33" Column="5" EndLine="33" EndColumn="6" Covered="False" />
          </Method>
        </Type>
        <Method Name=".ctor(CoffeeSpace.Client.Services.Abstractions.IAuthService):System.Void" CoveredStatements="0" TotalStatements="5" CoveragePercent="0">
          <Statement FileIndex="455" Line="16" Column="5" EndLine="16" EndColumn="55" Covered="False" />
          <Statement FileIndex="455" Line="17" Column="5" EndLine="17" EndColumn="6" Covered="False" />
          <Statement FileIndex="455" Line="18" Column="9" EndLine="18" EndColumn="49" Covered="False" />
          <Statement FileIndex="455" Line="19" Column="9" EndLine="19" EndColumn="36" Covered="False" />
          <Statement FileIndex="455" Line="20" Column="5" EndLine="20" EndColumn="6" Covered="False" />
        </Method>
      </Type>
    </Namespace>
    <Namespace Name="CoffeeSpace.Client.Contracts.Authentication" CoveredStatements="0" TotalStatements="14" CoveragePercent="0">
      <Type Name="LoginRequest" CoveredStatements="0" TotalStatements="4" CoveragePercent="0">
        <Method Name="get_Password():System.String" CoveredStatements="0" TotalStatements="1" CoveragePercent="0">
          <Statement FileIndex="401" Line="7" Column="30" EndLine="7" EndColumn="34" Covered="False" />
        </Method>
        <Method Name="get_Username():System.String" CoveredStatements="0" TotalStatements="1" CoveragePercent="0">
          <Statement FileIndex="401" Line="5" Column="30" EndLine="5" EndColumn="34" Covered="False" />
        </Method>
        <Method Name="set_Password(System.String):System.Void" CoveredStatements="0" TotalStatements="1" CoveragePercent="0">
          <Statement FileIndex="401" Line="7" Column="35" EndLine="7" EndColumn="40" Covered="False" />
        </Method>
        <Method Name="set_Username(System.String):System.Void" CoveredStatements="0" TotalStatements="1" CoveragePercent="0">
          <Statement FileIndex="401" Line="5" Column="35" EndLine="5" EndColumn="40" Covered="False" />
        </Method>
      </Type>
      <Type Name="RegisterRequest" CoveredStatements="0" TotalStatements="10" CoveragePercent="0">
        <Method Name="get_Email():System.String" CoveredStatements="0" TotalStatements="1" CoveragePercent="0">
          <Statement FileIndex="402" Line="11" Column="27" EndLine="11" EndColumn="31" Covered="False" />
        </Method>
        <Method Name="get_LastName():System.String" CoveredStatements="0" TotalStatements="1" CoveragePercent="0">
          <Statement FileIndex="402" Line="7" Column="30" EndLine="7" EndColumn="34" Covered="False" />
        </Method>
        <Method Name="get_Name():System.String" CoveredStatements="0" TotalStatements="1" CoveragePercent="0">
          <Statement FileIndex="402" Line="5" Column="26" EndLine="5" EndColumn="30" Covered="False" />
        </Method>
        <Method Name="get_Password():System.String" CoveredStatements="0" TotalStatements="1" CoveragePercent="0">
          <Statement FileIndex="402" Line="13" Column="30" EndLine="13" EndColumn="34" Covered="False" />
        </Method>
        <Method Name="get_Username():System.String" CoveredStatements="0" TotalStatements="1" CoveragePercent="0">
          <Statement FileIndex="402" Line="9" Column="30" EndLine="9" EndColumn="34" Covered="False" />
        </Method>
        <Method Name="set_Email(System.String):System.Void" CoveredStatements="0" TotalStatements="1" CoveragePercent="0">
          <Statement FileIndex="402" Line="11" Column="32" EndLine="11" EndColumn="37" Covered="False" />
        </Method>
        <Method Name="set_LastName(System.String):System.Void" CoveredStatements="0" TotalStatements="1" CoveragePercent="0">
          <Statement FileIndex="402" Line="7" Column="35" EndLine="7" EndColumn="40" Covered="False" />
        </Method>
        <Method Name="set_Name(System.String):System.Void" CoveredStatements="0" TotalStatements="1" CoveragePercent="0">
          <Statement FileIndex="402" Line="5" Column="31" EndLine="5" EndColumn="36" Covered="False" />
        </Method>
        <Method Name="set_Password(System.String):System.Void" CoveredStatements="0" TotalStatements="1" CoveragePercent="0">
          <Statement FileIndex="402" Line="13" Column="35" EndLine="13" EndColumn="40" Covered="False" />
        </Method>
        <Method Name="set_Username(System.String):System.Void" CoveredStatements="0" TotalStatements="1" CoveragePercent="0">
          <Statement FileIndex="402" Line="9" Column="35" EndLine="9" EndColumn="40" Covered="False" />
        </Method>
      </Type>
    </Namespace>
    <Namespace Name="CoffeeSpace.Client.Contracts.Ordering" CoveredStatements="0" TotalStatements="22" CoveragePercent="0">
      <Type Name="CreateAddressRequest" CoveredStatements="0" TotalStatements="6" CoveragePercent="0">
        <Method Name="get_City():System.String" CoveredStatements="0" TotalStatements="1" CoveragePercent="0">
          <Statement FileIndex="403" Line="7" Column="26" EndLine="7" EndColumn="30" Covered="False" />
        </Method>
        <Method Name="get_Country():System.String" CoveredStatements="0" TotalStatements="1" CoveragePercent="0">
          <Statement FileIndex="403" Line="9" Column="29" EndLine="9" EndColumn="33" Covered="False" />
        </Method>
        <Method Name="get_Street():System.String" CoveredStatements="0" TotalStatements="1" CoveragePercent="0">
          <Statement FileIndex="403" Line="5" Column="28" EndLine="5" EndColumn="32" Covered="False" />
        </Method>
        <Method Name="set_City(System.String):System.Void" CoveredStatements="0" TotalStatements="1" CoveragePercent="0">
          <Statement FileIndex="403" Line="7" Column="31" EndLine="7" EndColumn="36" Covered="False" />
        </Method>
        <Method Name="set_Country(System.String):System.Void" CoveredStatements="0" TotalStatements="1" CoveragePercent="0">
          <Statement FileIndex="403" Line="9" Column="34" EndLine="9" EndColumn="39" Covered="False" />
        </Method>
        <Method Name="set_Street(System.String):System.Void" CoveredStatements="0" TotalStatements="1" CoveragePercent="0">
          <Statement FileIndex="403" Line="5" Column="33" EndLine="5" EndColumn="38" Covered="False" />
        </Method>
      </Type>
      <Type Name="CreateOrderRequest" CoveredStatements="0" TotalStatements="6" CoveragePercent="0">
        <Method Name="get_Address():CoffeeSpace.Client.Contracts.Ordering.CreateAddressRequest" CoveredStatements="0" TotalStatements="1" CoveragePercent="0">
          <Statement FileIndex="404" Line="9" Column="52" EndLine="9" EndColumn="56" Covered="False" />
        </Method>
        <Method Name="get_OrderItems():System.Collections.Generic.IEnumerable&lt;CoffeeSpace.Client.Models.Ordering.OrderItem&gt;" CoveredStatements="0" TotalStatements="1" CoveragePercent="0">
          <Statement FileIndex="404" Line="11" Column="57" EndLine="11" EndColumn="61" Covered="False" />
        </Method>
        <Method Name="get_Status():System.Int32" CoveredStatements="0" TotalStatements="1" CoveragePercent="0">
          <Statement FileIndex="404" Line="7" Column="34" EndLine="7" EndColumn="38" Covered="False" />
        </Method>
        <Method Name="set_Address(CoffeeSpace.Client.Contracts.Ordering.CreateAddressRequest):System.Void" CoveredStatements="0" TotalStatements="1" CoveragePercent="0">
          <Statement FileIndex="404" Line="9" Column="57" EndLine="9" EndColumn="62" Covered="False" />
        </Method>
        <Method Name="set_OrderItems(System.Collections.Generic.IEnumerable&lt;CoffeeSpace.Client.Models.Ordering.OrderItem&gt;):System.Void" CoveredStatements="0" TotalStatements="1" CoveragePercent="0">
          <Statement FileIndex="404" Line="11" Column="62" EndLine="11" EndColumn="67" Covered="False" />
        </Method>
        <Method Name="set_Status(System.Int32):System.Void" CoveredStatements="0" TotalStatements="1" CoveragePercent="0">
          <Statement FileIndex="404" Line="7" Column="39" EndLine="7" EndColumn="44" Covered="False" />
        </Method>
      </Type>
      <Type Name="CreatePaymentInfoRequest" CoveredStatements="0" TotalStatements="10" CoveragePercent="0">
        <Method Name="get_CardNumber():System.String" CoveredStatements="0" TotalStatements="1" CoveragePercent="0">
          <Statement FileIndex="405" Line="8" Column="32" EndLine="8" EndColumn="36" Covered="False" />
        </Method>
        <Method Name="get_CardType():System.Int32" CoveredStatements="0" TotalStatements="1" CoveragePercent="0">
          <Statement FileIndex="405" Line="16" Column="27" EndLine="16" EndColumn="31" Covered="False" />
        </Method>
        <Method Name="get_ExpirationMonth():System.String" CoveredStatements="0" TotalStatements="1" CoveragePercent="0">
          <Statement FileIndex="405" Line="12" Column="37" EndLine="12" EndColumn="41" Covered="False" />
        </Method>
        <Method Name="get_ExpirationYear():System.String" CoveredStatements="0" TotalStatements="1" CoveragePercent="0">
          <Statement FileIndex="405" Line="14" Column="36" EndLine="14" EndColumn="40" Covered="False" />
        </Method>
        <Method Name="get_SecurityNumber():System.String" CoveredStatements="0" TotalStatements="1" CoveragePercent="0">
          <Statement FileIndex="405" Line="10" Column="36" EndLine="10" EndColumn="40" Covered="False" />
        </Method>
        <Method Name="set_CardNumber(System.String):System.Void" CoveredStatements="0" TotalStatements="1" CoveragePercent="0">
          <Statement FileIndex="405" Line="8" Column="37" EndLine="8" EndColumn="42" Covered="False" />
        </Method>
        <Method Name="set_CardType(System.Int32):System.Void" CoveredStatements="0" TotalStatements="1" CoveragePercent="0">
          <Statement FileIndex="405" Line="16" Column="32" EndLine="16" EndColumn="37" Covered="False" />
        </Method>
        <Method Name="set_ExpirationMonth(System.String):System.Void" CoveredStatements="0" TotalStatements="1" CoveragePercent="0">
          <Statement FileIndex="405" Line="12" Column="42" EndLine="12" EndColumn="47" Covered="False" />
        </Method>
        <Method Name="set_ExpirationYear(System.String):System.Void" CoveredStatements="0" TotalStatements="1" CoveragePercent="0">
          <Statement FileIndex="405" Line="14" Column="41" EndLine="14" EndColumn="46" Covered="False" />
        </Method>
        <Method Name="set_SecurityNumber(System.String):System.Void" CoveredStatements="0" TotalStatements="1" CoveragePercent="0">
          <Statement FileIndex="405" Line="10" Column="41" EndLine="10" EndColumn="46" Covered="False" />
        </Method>
      </Type>
    </Namespace>
    <Namespace Name="CoffeeSpace.Client.Contracts.Responses" CoveredStatements="0" TotalStatements="10" CoveragePercent="0">
      <Type Name="AuthenticationResult" CoveredStatements="0" TotalStatements="10" CoveragePercent="0">
        <Method Name="get_Email():System.String" CoveredStatements="0" TotalStatements="1" CoveragePercent="0">
          <Statement FileIndex="406" Line="13" Column="36" EndLine="13" EndColumn="40" Covered="False" />
        </Method>
        <Method Name="get_ExpiresIn():System.String" CoveredStatements="0" TotalStatements="1" CoveragePercent="0">
          <Statement FileIndex="406" Line="17" Column="40" EndLine="17" EndColumn="44" Covered="False" />
        </Method>
        <Method Name="get_IdToken():System.String" CoveredStatements="0" TotalStatements="1" CoveragePercent="0">
          <Statement FileIndex="406" Line="11" Column="38" EndLine="11" EndColumn="42" Covered="False" />
        </Method>
        <Method Name="get_LocalId():System.String" CoveredStatements="0" TotalStatements="1" CoveragePercent="0">
          <Statement FileIndex="406" Line="19" Column="38" EndLine="19" EndColumn="42" Covered="False" />
        </Method>
        <Method Name="get_RefreshToken():System.String" CoveredStatements="0" TotalStatements="1" CoveragePercent="0">
          <Statement FileIndex="406" Line="15" Column="43" EndLine="15" EndColumn="47" Covered="False" />
        </Method>
        <Method Name="set_Email(System.String):System.Void" CoveredStatements="0" TotalStatements="1" CoveragePercent="0">
          <Statement FileIndex="406" Line="13" Column="41" EndLine="13" EndColumn="46" Covered="False" />
        </Method>
        <Method Name="set_ExpiresIn(System.String):System.Void" CoveredStatements="0" TotalStatements="1" CoveragePercent="0">
          <Statement FileIndex="406" Line="17" Column="45" EndLine="17" EndColumn="50" Covered="False" />
        </Method>
        <Method Name="set_IdToken(System.String):System.Void" CoveredStatements="0" TotalStatements="1" CoveragePercent="0">
          <Statement FileIndex="406" Line="11" Column="43" EndLine="11" EndColumn="48" Covered="False" />
        </Method>
        <Method Name="set_LocalId(System.String):System.Void" CoveredStatements="0" TotalStatements="1" CoveragePercent="0">
          <Statement FileIndex="406" Line="19" Column="43" EndLine="19" EndColumn="48" Covered="False" />
        </Method>
        <Method Name="set_RefreshToken(System.String):System.Void" CoveredStatements="0" TotalStatements="1" CoveragePercent="0">
          <Statement FileIndex="406" Line="15" Column="48" EndLine="15" EndColumn="53" Covered="False" />
        </Method>
      </Type>
    </Namespace>
    <Namespace Name="CoffeeSpace.Client.Extensions" CoveredStatements="0" TotalStatements="23" CoveragePercent="0">
      <Type Name="ApplicationServiceExtensions" CoveredStatements="0" TotalStatements="11" CoveragePercent="0">
        <Type Name="&lt;&gt;c__1&lt;TInterface&gt;" CoveredStatements="0" TotalStatements="1" CoveragePercent="0">
          <Method Name="&lt;AddApplicationService&gt;b__1_1(Scrutor.IImplementationTypeFilter):System.Void" CoveredStatements="0" TotalStatements="1" CoveragePercent="0">
            <Statement FileIndex="407" Line="25" Column="36" EndLine="25" EndColumn="70" Covered="False" />
          </Method>
        </Type>
        <Type Name="&lt;&gt;c__DisplayClass0_0&lt;TPageModel&gt;" CoveredStatements="0" TotalStatements="1" CoveragePercent="0">
          <Method Name="&lt;AddPagesFromAssembly&gt;b__0(Scrutor.ITypeSourceSelector):System.Void" CoveredStatements="0" TotalStatements="1" CoveragePercent="0">
            <Statement FileIndex="407" Line="10" Column="31" EndLine="14" EndColumn="43" Covered="False" />
          </Method>
        </Type>
        <Type Name="&lt;&gt;c__DisplayClass1_0&lt;TInterface&gt;" CoveredStatements="0" TotalStatements="1" CoveragePercent="0">
          <Method Name="&lt;AddApplicationService&gt;b__0(Scrutor.ITypeSourceSelector):System.Void" CoveredStatements="0" TotalStatements="1" CoveragePercent="0">
            <Statement FileIndex="407" Line="23" Column="31" EndLine="27" EndColumn="43" Covered="False" />
          </Method>
        </Type>
        <Method Name="AddApplicationService&lt;TInterface&gt;(Microsoft.Extensions.DependencyInjection.IServiceCollection,Microsoft.Extensions.DependencyInjection.ServiceLifetime):Microsoft.Extensions.DependencyInjection.IServiceCollection" CoveredStatements="0" TotalStatements="4" CoveragePercent="0">
          <Statement FileIndex="407" Line="22" Column="5" EndLine="22" EndColumn="6" Covered="False" />
          <Statement FileIndex="407" Line="23" Column="9" EndLine="27" EndColumn="45" Covered="False" />
          <Statement FileIndex="407" Line="29" Column="9" EndLine="29" EndColumn="25" Covered="False" />
          <Statement FileIndex="407" Line="30" Column="5" EndLine="30" EndColumn="6" Covered="False" />
        </Method>
        <Method Name="AddPagesFromAssembly&lt;TPageModel&gt;(Microsoft.Extensions.DependencyInjection.IServiceCollection,Microsoft.Extensions.DependencyInjection.ServiceLifetime):Microsoft.Extensions.DependencyInjection.IServiceCollection" CoveredStatements="0" TotalStatements="4" CoveragePercent="0">
          <Statement FileIndex="407" Line="9" Column="5" EndLine="9" EndColumn="6" Covered="False" />
          <Statement FileIndex="407" Line="10" Column="9" EndLine="14" EndColumn="45" Covered="False" />
          <Statement FileIndex="407" Line="16" Column="9" EndLine="16" EndColumn="25" Covered="False" />
          <Statement FileIndex="407" Line="17" Column="5" EndLine="17" EndColumn="6" Covered="False" />
        </Method>
      </Type>
      <Type Name="RefitClientExtensions" CoveredStatements="0" TotalStatements="12" CoveragePercent="0">
        <Type Name="&lt;&gt;c__DisplayClass0_0&lt;TClient,TMessageHandler&gt;" CoveredStatements="0" TotalStatements="1" CoveragePercent="0">
          <Method Name="&lt;AddWebApiClient&gt;b__0(System.Net.Http.HttpClient):System.Void" CoveredStatements="0" TotalStatements="1" CoveragePercent="0">
            <Statement FileIndex="408" Line="17" Column="44" EndLine="17" EndColumn="85" Covered="False" />
          </Method>
        </Type>
        <Type Name="&lt;&gt;c__DisplayClass1_0&lt;TClient&gt;" CoveredStatements="0" TotalStatements="1" CoveragePercent="0">
          <Method Name="&lt;AddWebApiClient&gt;b__0(System.Net.Http.HttpClient):System.Void" CoveredStatements="0" TotalStatements="1" CoveragePercent="0">
            <Statement FileIndex="408" Line="31" Column="44" EndLine="31" EndColumn="85" Covered="False" />
          </Method>
        </Type>
        <Method Name="AddWebApiClient&lt;TClient,TMessageHandler&gt;(Microsoft.Extensions.DependencyInjection.IServiceCollection):Microsoft.Extensions.DependencyInjection.IServiceCollection" CoveredStatements="0" TotalStatements="5" CoveragePercent="0">
          <Statement FileIndex="408" Line="11" Column="5" EndLine="11" EndColumn="6" Covered="False" />
          <Statement FileIndex="408" Line="12" Column="9" EndLine="14" EndColumn="39" Covered="False" />
          <Statement FileIndex="408" Line="16" Column="9" EndLine="18" EndColumn="55" Covered="False" />
          <Statement FileIndex="408" Line="20" Column="9" EndLine="20" EndColumn="25" Covered="False" />
          <Statement FileIndex="408" Line="21" Column="5" EndLine="21" EndColumn="6" Covered="False" />
        </Method>
        <Method Name="AddWebApiClient&lt;TClient&gt;(Microsoft.Extensions.DependencyInjection.IServiceCollection):Microsoft.Extensions.DependencyInjection.IServiceCollection" CoveredStatements="0" TotalStatements="5" CoveragePercent="0">
          <Statement FileIndex="408" Line="25" Column="5" EndLine="25" EndColumn="6" Covered="False" />
          <Statement FileIndex="408" Line="26" Column="9" EndLine="28" EndColumn="39" Covered="False" />
          <Statement FileIndex="408" Line="30" Column="9" EndLine="32" EndColumn="73" Covered="False" />
          <Statement FileIndex="408" Line="34" Column="9" EndLine="34" EndColumn="25" Covered="False" />
          <Statement FileIndex="408" Line="35" Column="5" EndLine="35" EndColumn="6" Covered="False" />
        </Method>
      </Type>
    </Namespace>
    <Namespace Name="CoffeeSpace.Client.Handlers" CoveredStatements="0" TotalStatements="9" CoveragePercent="0">
      <Type Name="ApiKeyAuthorizationMessageHandler" CoveredStatements="0" TotalStatements="4" CoveragePercent="0">
        <Type Name="&lt;SendAsync&gt;d__0" CoveredStatements="0" TotalStatements="4" CoveragePercent="0">
          <Method Name="MoveNext():System.Void" CoveredStatements="0" TotalStatements="4" CoveragePercent="0">
            <Statement FileIndex="409" Line="6" Column="5" EndLine="6" EndColumn="6" Covered="False" />
            <Statement FileIndex="409" Line="7" Column="9" EndLine="7" EndColumn="66" Covered="False" />
            <Statement FileIndex="409" Line="9" Column="9" EndLine="9" EndColumn="87" Covered="False" />
            <Statement FileIndex="409" Line="10" Column="5" EndLine="10" EndColumn="6" Covered="False" />
          </Method>
        </Type>
      </Type>
      <Type Name="BearerAuthorizationMessageHandler" CoveredStatements="0" TotalStatements="5" CoveragePercent="0">
        <Type Name="&lt;SendAsync&gt;d__0" CoveredStatements="0" TotalStatements="5" CoveragePercent="0">
          <Method Name="MoveNext():System.Void" CoveredStatements="0" TotalStatements="5" CoveragePercent="0">
            <Statement FileIndex="410" Line="8" Column="5" EndLine="8" EndColumn="6" Covered="False" />
            <Statement FileIndex="410" Line="9" Column="9" EndLine="9" EndColumn="69" Covered="False" />
            <Statement FileIndex="410" Line="10" Column="9" EndLine="10" EndColumn="91" Covered="False" />
            <Statement FileIndex="410" Line="12" Column="9" EndLine="12" EndColumn="87" Covered="False" />
            <Statement FileIndex="410" Line="13" Column="5" EndLine="13" EndColumn="6" Covered="False" />
          </Method>
        </Type>
      </Type>
    </Namespace>
    <Namespace Name="CoffeeSpace.Client.Mappers" CoveredStatements="0" TotalStatements="11" CoveragePercent="0">
      <Type Name="ProductMapper" CoveredStatements="0" TotalStatements="11" CoveragePercent="0">
        <Method Name="MapToOrderItem(CoffeeSpace.Client.Models.Products.Product):CoffeeSpace.Client.Models.Ordering.OrderItem" CoveredStatements="0" TotalStatements="6" CoveragePercent="0">
          <Statement FileIndex="509" Line="8" Column="9" EndLine="8" EndColumn="10" Covered="False" />
          <Statement FileIndex="509" Line="9" Column="13" EndLine="9" EndColumn="33" Covered="False" />
          <Statement FileIndex="509" Line="10" Column="17" EndLine="10" EndColumn="32" Covered="False" />
          <Statement FileIndex="509" Line="11" Column="13" EndLine="17" EndColumn="15" Covered="False" />
          <Statement FileIndex="509" Line="18" Column="13" EndLine="18" EndColumn="27" Covered="False" />
          <Statement FileIndex="509" Line="19" Column="9" EndLine="19" EndColumn="10" Covered="False" />
        </Method>
        <Method Name="ToOrderItem(CoffeeSpace.Client.Models.Products.Product):CoffeeSpace.Client.Models.Ordering.OrderItem" CoveredStatements="0" TotalStatements="5" CoveragePercent="0">
          <Statement FileIndex="412" Line="13" Column="5" EndLine="13" EndColumn="6" Covered="False" />
          <Statement FileIndex="412" Line="14" Column="9" EndLine="14" EndColumn="50" Covered="False" />
          <Statement FileIndex="412" Line="15" Column="9" EndLine="15" EndColumn="48" Covered="False" />
          <Statement FileIndex="412" Line="17" Column="9" EndLine="17" EndColumn="26" Covered="False" />
          <Statement FileIndex="412" Line="18" Column="5" EndLine="18" EndColumn="6" Covered="False" />
        </Method>
      </Type>
    </Namespace>
    <Namespace Name="CoffeeSpace.Client.Messages.Commands" CoveredStatements="0" TotalStatements="10" CoveragePercent="0">
      <Type Name="AddProductToCartCommand" CoveredStatements="0" TotalStatements="2" CoveragePercent="0">
        <Method Name="get_Product():CoffeeSpace.Client.Models.Products.Product" CoveredStatements="0" TotalStatements="1" CoveragePercent="0">
          <Statement FileIndex="415" Line="8" Column="39" EndLine="8" EndColumn="43" Covered="False" />
        </Method>
        <Method Name="set_Product(CoffeeSpace.Client.Models.Products.Product):System.Void" CoveredStatements="0" TotalStatements="1" CoveragePercent="0">
          <Statement FileIndex="415" Line="8" Column="44" EndLine="8" EndColumn="49" Covered="False" />
        </Method>
      </Type>
      <Type Name="ConfirmOrdersStockCommand" CoveredStatements="0" TotalStatements="2" CoveragePercent="0">
        <Method Name="get_OrderItems():System.Collections.Generic.IEnumerable&lt;CoffeeSpace.Client.Models.Ordering.OrderItem&gt;" CoveredStatements="0" TotalStatements="1" CoveragePercent="0">
          <Statement FileIndex="416" Line="8" Column="57" EndLine="8" EndColumn="61" Covered="False" />
        </Method>
        <Method Name="set_OrderItems(System.Collections.Generic.IEnumerable&lt;CoffeeSpace.Client.Models.Ordering.OrderItem&gt;):System.Void" CoveredStatements="0" TotalStatements="1" CoveragePercent="0">
          <Statement FileIndex="416" Line="8" Column="62" EndLine="8" EndColumn="66" Covered="False" />
        </Method>
      </Type>
      <Type Name="CreateOrderCommand" CoveredStatements="0" TotalStatements="4" CoveragePercent="0">
        <Method Name="get_BuyerId():System.Guid" CoveredStatements="0" TotalStatements="1" CoveragePercent="0">
          <Statement FileIndex="417" Line="10" Column="36" EndLine="10" EndColumn="40" Covered="False" />
        </Method>
        <Method Name="get_CreateOrderRequest():CoffeeSpace.Client.Contracts.Ordering.CreateOrderRequest" CoveredStatements="0" TotalStatements="1" CoveragePercent="0">
          <Statement FileIndex="417" Line="8" Column="61" EndLine="8" EndColumn="65" Covered="False" />
        </Method>
        <Method Name="set_BuyerId(System.Guid):System.Void" CoveredStatements="0" TotalStatements="1" CoveragePercent="0">
          <Statement FileIndex="417" Line="10" Column="41" EndLine="10" EndColumn="46" Covered="False" />
        </Method>
        <Method Name="set_CreateOrderRequest(CoffeeSpace.Client.Contracts.Ordering.CreateOrderRequest):System.Void" CoveredStatements="0" TotalStatements="1" CoveragePercent="0">
          <Statement FileIndex="417" Line="8" Column="66" EndLine="8" EndColumn="71" Covered="False" />
        </Method>
      </Type>
      <Type Name="SetNewGlobalBuyerCommand" CoveredStatements="0" TotalStatements="2" CoveragePercent="0">
        <Method Name="get_BuyerEmail():System.String" CoveredStatements="0" TotalStatements="1" CoveragePercent="0">
          <Statement FileIndex="422" Line="7" Column="41" EndLine="7" EndColumn="45" Covered="False" />
        </Method>
        <Method Name="set_BuyerEmail(System.String):System.Void" CoveredStatements="0" TotalStatements="1" CoveragePercent="0">
          <Statement FileIndex="422" Line="7" Column="46" EndLine="7" EndColumn="51" Covered="False" />
        </Method>
      </Type>
    </Namespace>
    <Namespace Name="CoffeeSpace.Client.Messages.Commands.Handlers" CoveredStatements="0" TotalStatements="43" CoveragePercent="0">
      <Type Name="AddProductToCartCommandHandler" CoveredStatements="0" TotalStatements="8" CoveragePercent="0">
        <Method Name=".ctor(CoffeeSpace.Client._ViewModels.CartViewModel):System.Void" CoveredStatements="0" TotalStatements="4" CoveragePercent="0">
          <Statement FileIndex="418" Line="11" Column="5" EndLine="11" EndColumn="71" Covered="False" />
          <Statement FileIndex="418" Line="12" Column="5" EndLine="12" EndColumn="6" Covered="False" />
          <Statement FileIndex="418" Line="13" Column="9" EndLine="13" EndColumn="40" Covered="False" />
          <Statement FileIndex="418" Line="14" Column="5" EndLine="14" EndColumn="6" Covered="False" />
        </Method>
        <Method Name="Handle(CoffeeSpace.Client.Messages.Commands.AddProductToCartCommand,System.Threading.CancellationToken):System.Threading.Tasks.ValueTask&lt;Mediator.Unit&gt;" CoveredStatements="0" TotalStatements="4" CoveragePercent="0">
          <Statement FileIndex="418" Line="17" Column="5" EndLine="17" EndColumn="6" Covered="False" />
          <Statement FileIndex="418" Line="18" Column="9" EndLine="18" EndColumn="76" Covered="False" />
          <Statement FileIndex="418" Line="19" Column="9" EndLine="19" EndColumn="31" Covered="False" />
          <Statement FileIndex="418" Line="20" Column="5" EndLine="20" EndColumn="6" Covered="False" />
        </Method>
      </Type>
      <Type Name="ConfirmOrdersStockCommandHandler" CoveredStatements="0" TotalStatements="8" CoveragePercent="0">
        <Method Name=".ctor(CoffeeSpace.Client._ViewModels.OrderInformationViewModel):System.Void" CoveredStatements="0" TotalStatements="4" CoveragePercent="0">
          <Statement FileIndex="419" Line="13" Column="5" EndLine="13" EndColumn="97" Covered="False" />
          <Statement FileIndex="419" Line="14" Column="5" EndLine="14" EndColumn="6" Covered="False" />
          <Statement FileIndex="419" Line="15" Column="9" EndLine="15" EndColumn="64" Covered="False" />
          <Statement FileIndex="419" Line="16" Column="5" EndLine="16" EndColumn="6" Covered="False" />
        </Method>
        <Method Name="Handle(CoffeeSpace.Client.Messages.Commands.ConfirmOrdersStockCommand,System.Threading.CancellationToken):System.Threading.Tasks.ValueTask&lt;Mediator.Unit&gt;" CoveredStatements="0" TotalStatements="4" CoveragePercent="0">
          <Statement FileIndex="419" Line="19" Column="5" EndLine="19" EndColumn="6" Covered="False" />
          <Statement FileIndex="419" Line="20" Column="9" EndLine="20" EndColumn="77" Covered="False" />
          <Statement FileIndex="419" Line="21" Column="9" EndLine="21" EndColumn="31" Covered="False" />
          <Statement FileIndex="419" Line="22" Column="5" EndLine="22" EndColumn="6" Covered="False" />
        </Method>
      </Type>
      <Type Name="CreateOrderCommandHandler" CoveredStatements="0" TotalStatements="13" CoveragePercent="0">
        <Type Name="&lt;Handle&gt;d__3" CoveredStatements="0" TotalStatements="8" CoveragePercent="0">
          <Method Name="MoveNext():System.Void" CoveredStatements="0" TotalStatements="8" CoveragePercent="0">
            <Statement FileIndex="420" Line="21" Column="5" EndLine="21" EndColumn="6" Covered="False" />
            <Statement FileIndex="420" Line="22" Column="9" EndLine="22" EndColumn="126" Covered="False" />
            <Statement FileIndex="420" Line="23" Column="9" EndLine="23" EndColumn="34" Covered="False" />
            <Statement FileIndex="420" Line="24" Column="9" EndLine="24" EndColumn="10" Covered="False" />
            <Statement FileIndex="420" Line="25" Column="13" EndLine="25" EndColumn="26" Covered="False" />
            <Statement FileIndex="420" Line="28" Column="9" EndLine="28" EndColumn="50" Covered="False" />
            <Statement FileIndex="420" Line="29" Column="9" EndLine="29" EndColumn="21" Covered="False" />
            <Statement FileIndex="420" Line="30" Column="5" EndLine="30" EndColumn="6" Covered="False" />
          </Method>
        </Type>
        <Method Name=".ctor(CoffeeSpace.Client._ViewModels.OrderViewModel,CoffeeSpace.Client.WebApiClients.IOrderingWebApi):System.Void" CoveredStatements="0" TotalStatements="5" CoveragePercent="0">
          <Statement FileIndex="420" Line="14" Column="5" EndLine="14" EndColumn="100" Covered="False" />
          <Statement FileIndex="420" Line="15" Column="5" EndLine="15" EndColumn="6" Covered="False" />
          <Statement FileIndex="420" Line="16" Column="9" EndLine="16" EndColumn="42" Covered="False" />
          <Statement FileIndex="420" Line="17" Column="9" EndLine="17" EndColumn="42" Covered="False" />
          <Statement FileIndex="420" Line="18" Column="5" EndLine="18" EndColumn="6" Covered="False" />
        </Method>
      </Type>
      <Type Name="SetNewGlobalBuyerCommandHandler" CoveredStatements="0" TotalStatements="14" CoveragePercent="0">
        <Type Name="&lt;Handle&gt;d__3" CoveredStatements="0" TotalStatements="9" CoveragePercent="0">
          <Method Name="MoveNext():System.Void" CoveredStatements="0" TotalStatements="9" CoveragePercent="0">
            <Statement FileIndex="421" Line="19" Column="5" EndLine="19" EndColumn="6" Covered="False" />
            <Statement FileIndex="421" Line="20" Column="9" EndLine="20" EndColumn="106" Covered="False" />
            <Statement FileIndex="421" Line="21" Column="9" EndLine="21" EndColumn="27" Covered="False" />
            <Statement FileIndex="421" Line="22" Column="9" EndLine="22" EndColumn="10" Covered="False" />
            <Statement FileIndex="421" Line="23" Column="13" EndLine="23" EndColumn="26" Covered="False" />
            <Statement FileIndex="421" Line="26" Column="9" EndLine="26" EndColumn="41" Covered="False" />
            <Statement FileIndex="421" Line="27" Column="9" EndLine="27" EndColumn="60" Covered="False" />
            <Statement FileIndex="421" Line="28" Column="9" EndLine="28" EndColumn="21" Covered="False" />
            <Statement FileIndex="421" Line="29" Column="5" EndLine="29" EndColumn="6" Covered="False" />
          </Method>
        </Type>
        <Method Name=".ctor(CoffeeSpace.Client.WebApiClients.IBuyersWebApi,CoffeeSpace.Client._ViewModels.ProfileViewModel):System.Void" CoveredStatements="0" TotalStatements="5" CoveragePercent="0">
          <Statement FileIndex="421" Line="12" Column="5" EndLine="12" EndColumn="106" Covered="False" />
          <Statement FileIndex="421" Line="13" Column="5" EndLine="13" EndColumn="6" Covered="False" />
          <Statement FileIndex="421" Line="14" Column="9" EndLine="14" EndColumn="38" Covered="False" />
          <Statement FileIndex="421" Line="15" Column="9" EndLine="15" EndColumn="46" Covered="False" />
          <Statement FileIndex="421" Line="16" Column="5" EndLine="16" EndColumn="6" Covered="False" />
        </Method>
      </Type>
    </Namespace>
    <Namespace Name="CoffeeSpace.Client.Messages.Queries.Handlers" CoveredStatements="0" TotalStatements="8" CoveragePercent="0">
      <Type Name="GetAllProductsQueryHandler" CoveredStatements="0" TotalStatements="8" CoveragePercent="0">
        <Type Name="&lt;Handle&gt;d__2" CoveredStatements="0" TotalStatements="4" CoveragePercent="0">
          <Method Name="MoveNext():System.Void" CoveredStatements="0" TotalStatements="4" CoveragePercent="0">
            <Statement FileIndex="424" Line="17" Column="5" EndLine="17" EndColumn="6" Covered="False" />
            <Statement FileIndex="424" Line="18" Column="9" EndLine="18" EndColumn="85" Covered="False" />
            <Statement FileIndex="424" Line="19" Column="9" EndLine="19" EndColumn="25" Covered="False" />
            <Statement FileIndex="424" Line="20" Column="5" EndLine="20" EndColumn="6" Covered="False" />
          </Method>
        </Type>
        <Method Name=".ctor(CoffeeSpace.Client.WebApiClients.IProductsWebApi):System.Void" CoveredStatements="0" TotalStatements="4" CoveragePercent="0">
          <Statement FileIndex="424" Line="11" Column="5" EndLine="11" EndColumn="70" Covered="False" />
          <Statement FileIndex="424" Line="12" Column="5" EndLine="12" EndColumn="6" Covered="False" />
          <Statement FileIndex="424" Line="13" Column="9" EndLine="13" EndColumn="42" Covered="False" />
          <Statement FileIndex="424" Line="14" Column="5" EndLine="14" EndColumn="6" Covered="False" />
        </Method>
      </Type>
    </Namespace>
    <Namespace Name="CoffeeSpace.Client.Models.Ordering" CoveredStatements="0" TotalStatements="32" CoveragePercent="0">
      <Type Name="Address" CoveredStatements="0" TotalStatements="8" CoveragePercent="0">
        <Method Name="get_City():System.String" CoveredStatements="0" TotalStatements="1" CoveragePercent="0">
          <Statement FileIndex="425" Line="9" Column="35" EndLine="9" EndColumn="39" Covered="False" />
        </Method>
        <Method Name="get_Country():System.String" CoveredStatements="0" TotalStatements="1" CoveragePercent="0">
          <Statement FileIndex="425" Line="11" Column="38" EndLine="11" EndColumn="42" Covered="False" />
        </Method>
        <Method Name="get_Id():System.String" CoveredStatements="0" TotalStatements="1" CoveragePercent="0">
          <Statement FileIndex="425" Line="5" Column="33" EndLine="5" EndColumn="37" Covered="False" />
        </Method>
        <Method Name="get_Street():System.String" CoveredStatements="0" TotalStatements="1" CoveragePercent="0">
          <Statement FileIndex="425" Line="7" Column="37" EndLine="7" EndColumn="41" Covered="False" />
        </Method>
        <Method Name="set_City(System.String):System.Void" CoveredStatements="0" TotalStatements="1" CoveragePercent="0">
          <Statement FileIndex="425" Line="9" Column="40" EndLine="9" EndColumn="45" Covered="False" />
        </Method>
        <Method Name="set_Country(System.String):System.Void" CoveredStatements="0" TotalStatements="1" CoveragePercent="0">
          <Statement FileIndex="425" Line="11" Column="43" EndLine="11" EndColumn="48" Covered="False" />
        </Method>
        <Method Name="set_Id(System.String):System.Void" CoveredStatements="0" TotalStatements="1" CoveragePercent="0">
          <Statement FileIndex="425" Line="5" Column="38" EndLine="5" EndColumn="43" Covered="False" />
        </Method>
        <Method Name="set_Street(System.String):System.Void" CoveredStatements="0" TotalStatements="1" CoveragePercent="0">
          <Statement FileIndex="425" Line="7" Column="42" EndLine="7" EndColumn="47" Covered="False" />
        </Method>
      </Type>
      <Type Name="Buyer" CoveredStatements="0" TotalStatements="8" CoveragePercent="0">
        <Method Name="get_Email():System.String" CoveredStatements="0" TotalStatements="1" CoveragePercent="0">
          <Statement FileIndex="426" Line="9" Column="36" EndLine="9" EndColumn="40" Covered="False" />
        </Method>
        <Method Name="get_Id():System.String" CoveredStatements="0" TotalStatements="1" CoveragePercent="0">
          <Statement FileIndex="426" Line="5" Column="33" EndLine="5" EndColumn="37" Covered="False" />
        </Method>
        <Method Name="get_Name():System.String" CoveredStatements="0" TotalStatements="1" CoveragePercent="0">
          <Statement FileIndex="426" Line="7" Column="35" EndLine="7" EndColumn="39" Covered="False" />
        </Method>
        <Method Name="get_Orders():System.Collections.Generic.IEnumerable&lt;CoffeeSpace.Client.Models.Ordering.Order&gt;" CoveredStatements="0" TotalStatements="1" CoveragePercent="0">
          <Statement FileIndex="426" Line="11" Column="40" EndLine="11" EndColumn="44" Covered="False" />
        </Method>
        <Method Name="set_Email(System.String):System.Void" CoveredStatements="0" TotalStatements="1" CoveragePercent="0">
          <Statement FileIndex="426" Line="9" Column="41" EndLine="9" EndColumn="46" Covered="False" />
        </Method>
        <Method Name="set_Id(System.String):System.Void" CoveredStatements="0" TotalStatements="1" CoveragePercent="0">
          <Statement FileIndex="426" Line="5" Column="38" EndLine="5" EndColumn="43" Covered="False" />
        </Method>
        <Method Name="set_Name(System.String):System.Void" CoveredStatements="0" TotalStatements="1" CoveragePercent="0">
          <Statement FileIndex="426" Line="7" Column="40" EndLine="7" EndColumn="45" Covered="False" />
        </Method>
        <Method Name="set_Orders(System.Collections.Generic.IEnumerable&lt;CoffeeSpace.Client.Models.Ordering.Order&gt;):System.Void" CoveredStatements="0" TotalStatements="1" CoveragePercent="0">
          <Statement FileIndex="426" Line="11" Column="45" EndLine="11" EndColumn="50" Covered="False" />
        </Method>
      </Type>
      <Type Name="Order" CoveredStatements="0" TotalStatements="7" CoveragePercent="0">
        <Method Name=".ctor():System.Void" CoveredStatements="0" TotalStatements="1" CoveragePercent="0">
          <Statement FileIndex="428" Line="11" Column="5" EndLine="11" EndColumn="73" Covered="False" />
        </Method>
        <Method Name="get_Address():CoffeeSpace.Client.Models.Ordering.Address" CoveredStatements="0" TotalStatements="1" CoveragePercent="0">
          <Statement FileIndex="428" Line="15" Column="39" EndLine="15" EndColumn="43" Covered="False" />
        </Method>
        <Method Name="get_Id():System.String" CoveredStatements="0" TotalStatements="1" CoveragePercent="0">
          <Statement FileIndex="428" Line="13" Column="33" EndLine="13" EndColumn="37" Covered="False" />
        </Method>
        <Method Name="get_OrderItems():System.Collections.Generic.IEnumerable&lt;CoffeeSpace.Client.Models.Ordering.OrderItem&gt;" CoveredStatements="0" TotalStatements="1" CoveragePercent="0">
          <Statement FileIndex="428" Line="17" Column="57" EndLine="17" EndColumn="61" Covered="False" />
        </Method>
        <Method Name="set_Address(CoffeeSpace.Client.Models.Ordering.Address):System.Void" CoveredStatements="0" TotalStatements="1" CoveragePercent="0">
          <Statement FileIndex="428" Line="15" Column="44" EndLine="15" EndColumn="49" Covered="False" />
        </Method>
        <Method Name="set_Id(System.String):System.Void" CoveredStatements="0" TotalStatements="1" CoveragePercent="0">
          <Statement FileIndex="428" Line="13" Column="38" EndLine="13" EndColumn="43" Covered="False" />
        </Method>
        <Method Name="set_OrderItems(System.Collections.Generic.IEnumerable&lt;CoffeeSpace.Client.Models.Ordering.OrderItem&gt;):System.Void" CoveredStatements="0" TotalStatements="1" CoveragePercent="0">
          <Statement FileIndex="428" Line="17" Column="62" EndLine="17" EndColumn="67" Covered="False" />
        </Method>
      </Type>
      <Type Name="OrderItem" CoveredStatements="0" TotalStatements="9" CoveragePercent="0">
        <Method Name="get_Description():System.String" CoveredStatements="0" TotalStatements="1" CoveragePercent="0">
          <Statement FileIndex="429" Line="13" Column="42" EndLine="13" EndColumn="46" Covered="False" />
        </Method>
        <Method Name="get_Discount():System.Single" CoveredStatements="0" TotalStatements="1" CoveragePercent="0">
          <Statement FileIndex="429" Line="17" Column="38" EndLine="17" EndColumn="42" Covered="False" />
        </Method>
        <Method Name="get_Title():System.String" CoveredStatements="0" TotalStatements="1" CoveragePercent="0">
          <Statement FileIndex="429" Line="11" Column="36" EndLine="11" EndColumn="40" Covered="False" />
        </Method>
        <Method Name="get_Total():System.Single" CoveredStatements="0" TotalStatements="1" CoveragePercent="0">
          <Statement FileIndex="429" Line="19" Column="27" EndLine="19" EndColumn="47" Covered="False" />
        </Method>
        <Method Name="get_UnitPrice():System.Single" CoveredStatements="0" TotalStatements="1" CoveragePercent="0">
          <Statement FileIndex="429" Line="15" Column="39" EndLine="15" EndColumn="43" Covered="False" />
        </Method>
        <Method Name="set_Description(System.String):System.Void" CoveredStatements="0" TotalStatements="1" CoveragePercent="0">
          <Statement FileIndex="429" Line="13" Column="47" EndLine="13" EndColumn="52" Covered="False" />
        </Method>
        <Method Name="set_Discount(System.Single):System.Void" CoveredStatements="0" TotalStatements="1" CoveragePercent="0">
          <Statement FileIndex="429" Line="17" Column="43" EndLine="17" EndColumn="48" Covered="False" />
        </Method>
        <Method Name="set_Title(System.String):System.Void" CoveredStatements="0" TotalStatements="1" CoveragePercent="0">
          <Statement FileIndex="429" Line="11" Column="41" EndLine="11" EndColumn="46" Covered="False" />
        </Method>
        <Method Name="set_UnitPrice(System.Single):System.Void" CoveredStatements="0" TotalStatements="1" CoveragePercent="0">
          <Statement FileIndex="429" Line="15" Column="44" EndLine="15" EndColumn="49" Covered="False" />
        </Method>
      </Type>
    </Namespace>
    <Namespace Name="CoffeeSpace.Client.Models.Products" CoveredStatements="0" TotalStatements="10" CoveragePercent="0">
      <Type Name="Product" CoveredStatements="0" TotalStatements="10" CoveragePercent="0">
        <Method Name="get_Description():System.String" CoveredStatements="0" TotalStatements="1" CoveragePercent="0">
          <Statement FileIndex="431" Line="7" Column="42" EndLine="7" EndColumn="46" Covered="False" />
        </Method>
        <Method Name="get_Discount():System.Single" CoveredStatements="0" TotalStatements="1" CoveragePercent="0">
          <Statement FileIndex="431" Line="11" Column="38" EndLine="11" EndColumn="42" Covered="False" />
        </Method>
        <Method Name="get_Quantity():System.Int32" CoveredStatements="0" TotalStatements="1" CoveragePercent="0">
          <Statement FileIndex="431" Line="13" Column="37" EndLine="13" EndColumn="41" Covered="False" />
        </Method>
        <Method Name="get_Title():System.String" CoveredStatements="0" TotalStatements="1" CoveragePercent="0">
          <Statement FileIndex="431" Line="5" Column="36" EndLine="5" EndColumn="40" Covered="False" />
        </Method>
        <Method Name="get_UnitPrice():System.Single" CoveredStatements="0" TotalStatements="1" CoveragePercent="0">
          <Statement FileIndex="431" Line="9" Column="39" EndLine="9" EndColumn="43" Covered="False" />
        </Method>
        <Method Name="set_Description(System.String):System.Void" CoveredStatements="0" TotalStatements="1" CoveragePercent="0">
          <Statement FileIndex="431" Line="7" Column="47" EndLine="7" EndColumn="52" Covered="False" />
        </Method>
        <Method Name="set_Discount(System.Single):System.Void" CoveredStatements="0" TotalStatements="1" CoveragePercent="0">
          <Statement FileIndex="431" Line="11" Column="43" EndLine="11" EndColumn="48" Covered="False" />
        </Method>
        <Method Name="set_Quantity(System.Int32):System.Void" CoveredStatements="0" TotalStatements="1" CoveragePercent="0">
          <Statement FileIndex="431" Line="13" Column="42" EndLine="13" EndColumn="46" Covered="False" />
        </Method>
        <Method Name="set_Title(System.String):System.Void" CoveredStatements="0" TotalStatements="1" CoveragePercent="0">
          <Statement FileIndex="431" Line="5" Column="41" EndLine="5" EndColumn="46" Covered="False" />
        </Method>
        <Method Name="set_UnitPrice(System.Single):System.Void" CoveredStatements="0" TotalStatements="1" CoveragePercent="0">
          <Statement FileIndex="431" Line="9" Column="44" EndLine="9" EndColumn="49" Covered="False" />
        </Method>
      </Type>
    </Namespace>
    <Namespace Name="CoffeeSpace.Client.Services" CoveredStatements="0" TotalStatements="52" CoveragePercent="0">
      <Type Name="AuthService" CoveredStatements="0" TotalStatements="26" CoveragePercent="0">
        <Type Name="&lt;&gt;c" CoveredStatements="0" TotalStatements="2" CoveragePercent="0">
          <Method Name="&lt;LoginAsync&gt;b__2_0(System.Security.Claims.Claim):System.Boolean" CoveredStatements="0" TotalStatements="1" CoveragePercent="0">
            <Statement FileIndex="436" Line="30" Column="96" EndLine="30" EndColumn="126" Covered="False" />
          </Method>
          <Method Name="&lt;RegisterAsync&gt;b__3_0(System.Security.Claims.Claim):System.Boolean" CoveredStatements="0" TotalStatements="1" CoveragePercent="0">
            <Statement FileIndex="436" Line="45" Column="96" EndLine="45" EndColumn="126" Covered="False" />
          </Method>
        </Type>
        <Type Name="&lt;LoginAsync&gt;d__2" CoveredStatements="0" TotalStatements="10" CoveragePercent="0">
          <Method Name="MoveNext():System.Void" CoveredStatements="0" TotalStatements="10" CoveragePercent="0">
            <Statement FileIndex="436" Line="21" Column="5" EndLine="21" EndColumn="6" Covered="False" />
            <Statement FileIndex="436" Line="22" Column="9" EndLine="22" EndColumn="85" Covered="False" />
            <Statement FileIndex="436" Line="23" Column="9" EndLine="23" EndColumn="35" Covered="False" />
            <Statement FileIndex="436" Line="24" Column="9" EndLine="24" EndColumn="10" Covered="False" />
            <Statement FileIndex="436" Line="25" Column="13" EndLine="25" EndColumn="26" Covered="False" />
            <Statement FileIndex="436" Line="28" Column="9" EndLine="28" EndColumn="78" Covered="False" />
            <Statement FileIndex="436" Line="29" Column="9" EndLine="29" EndColumn="66" Covered="False" />
            <Statement FileIndex="436" Line="30" Column="9" EndLine="30" EndColumn="135" Covered="False" />
            <Statement FileIndex="436" Line="32" Column="9" EndLine="32" EndColumn="21" Covered="False" />
            <Statement FileIndex="436" Line="33" Column="5" EndLine="33" EndColumn="6" Covered="False" />
          </Method>
        </Type>
        <Type Name="&lt;RegisterAsync&gt;d__3" CoveredStatements="0" TotalStatements="10" CoveragePercent="0">
          <Method Name="MoveNext():System.Void" CoveredStatements="0" TotalStatements="10" CoveragePercent="0">
            <Statement FileIndex="436" Line="36" Column="5" EndLine="36" EndColumn="6" Covered="False" />
            <Statement FileIndex="436" Line="37" Column="9" EndLine="37" EndColumn="88" Covered="False" />
            <Statement FileIndex="436" Line="38" Column="9" EndLine="38" EndColumn="35" Covered="False" />
            <Statement FileIndex="436" Line="39" Column="9" EndLine="39" EndColumn="10" Covered="False" />
            <Statement FileIndex="436" Line="40" Column="13" EndLine="40" EndColumn="26" Covered="False" />
            <Statement FileIndex="436" Line="43" Column="9" EndLine="43" EndColumn="78" Covered="False" />
            <Statement FileIndex="436" Line="44" Column="9" EndLine="44" EndColumn="66" Covered="False" />
            <Statement FileIndex="436" Line="45" Column="9" EndLine="45" EndColumn="135" Covered="False" />
            <Statement FileIndex="436" Line="47" Column="9" EndLine="47" EndColumn="21" Covered="False" />
            <Statement FileIndex="436" Line="48" Column="5" EndLine="48" EndColumn="6" Covered="False" />
          </Method>
        </Type>
        <Method Name=".ctor(CoffeeSpace.Client.WebApiClients.IIdentityWebApi):System.Void" CoveredStatements="0" TotalStatements="4" CoveragePercent="0">
          <Statement FileIndex="436" Line="15" Column="5" EndLine="15" EndColumn="55" Covered="False" />
          <Statement FileIndex="436" Line="16" Column="5" EndLine="16" EndColumn="6" Covered="False" />
          <Statement FileIndex="436" Line="17" Column="9" EndLine="17" EndColumn="42" Covered="False" />
          <Statement FileIndex="436" Line="18" Column="5" EndLine="18" EndColumn="6" Covered="False" />
        </Method>
      </Type>
      <Type Name="HubConnectionService" CoveredStatements="0" TotalStatements="26" CoveragePercent="0">
        <Type Name="&lt;DisposeAsync&gt;d__8" CoveredStatements="0" TotalStatements="4" CoveragePercent="0">
          <Method Name="MoveNext():System.Void" CoveredStatements="0" TotalStatements="4" CoveragePercent="0">
            <Statement FileIndex="437" Line="46" Column="5" EndLine="46" EndColumn="6" Covered="False" />
            <Statement FileIndex="437" Line="47" Column="9" EndLine="47" EndColumn="66" Covered="False" />
            <Statement FileIndex="437" Line="48" Column="9" EndLine="48" EndColumn="42" Covered="False" />
            <Statement FileIndex="437" Line="49" Column="5" EndLine="49" EndColumn="6" Covered="False" />
          </Method>
        </Type>
        <Type Name="&lt;StartConnectionAsync&gt;d__5" CoveredStatements="0" TotalStatements="8" CoveragePercent="0">
          <Method Name="MoveNext():System.Void" CoveredStatements="0" TotalStatements="8" CoveragePercent="0">
            <Statement FileIndex="437" Line="23" Column="5" EndLine="23" EndColumn="6" Covered="False" />
            <Statement FileIndex="437" Line="24" Column="9" EndLine="24" EndColumn="73" Covered="False" />
            <Statement FileIndex="437" Line="25" Column="9" EndLine="25" EndColumn="10" Covered="False" />
            <Statement FileIndex="437" Line="26" Column="13" EndLine="26" EndColumn="20" Covered="False" />
            <Statement FileIndex="437" Line="29" Column="9" EndLine="29" EndColumn="28" Covered="False" />
            <Statement FileIndex="437" Line="31" Column="9" EndLine="31" EndColumn="60" Covered="False" />
            <Statement FileIndex="437" Line="32" Column="9" EndLine="32" EndColumn="83" Covered="False" />
            <Statement FileIndex="437" Line="33" Column="5" EndLine="33" EndColumn="6" Covered="False" />
          </Method>
        </Type>
        <Method Name=".ctor():System.Void" CoveredStatements="0" TotalStatements="4" CoveragePercent="0">
          <Statement FileIndex="437" Line="14" Column="5" EndLine="14" EndColumn="34" Covered="False" />
          <Statement FileIndex="437" Line="15" Column="5" EndLine="15" EndColumn="6" Covered="False" />
          <Statement FileIndex="437" Line="16" Column="9" EndLine="19" EndColumn="22" Covered="False" />
          <Statement FileIndex="437" Line="20" Column="5" EndLine="20" EndColumn="6" Covered="False" />
        </Method>
        <Method Name="get_IsConnected():System.Boolean" CoveredStatements="0" TotalStatements="1" CoveragePercent="0">
          <Statement FileIndex="437" Line="12" Column="32" EndLine="12" EndColumn="84" Covered="False" />
        </Method>
        <Method Name="OnOrderCreated(System.Action&lt;CoffeeSpace.Client.Models.Ordering.Order&gt;):System.Void" CoveredStatements="0" TotalStatements="3" CoveragePercent="0">
          <Statement FileIndex="437" Line="36" Column="5" EndLine="36" EndColumn="6" Covered="False" />
          <Statement FileIndex="437" Line="37" Column="9" EndLine="37" EndColumn="60" Covered="False" />
          <Statement FileIndex="437" Line="38" Column="5" EndLine="38" EndColumn="6" Covered="False" />
        </Method>
        <Method Name="OnOrderPaymentPageInitialized(System.Action&lt;System.String&gt;):System.Void" CoveredStatements="0" TotalStatements="3" CoveragePercent="0">
          <Statement FileIndex="437" Line="52" Column="5" EndLine="52" EndColumn="6" Covered="False" />
          <Statement FileIndex="437" Line="53" Column="9" EndLine="53" EndColumn="82" Covered="False" />
          <Statement FileIndex="437" Line="54" Column="5" EndLine="54" EndColumn="6" Covered="False" />
        </Method>
        <Method Name="OnOrderStatusUpdated(System.Action&lt;CoffeeSpace.Client.Models.Ordering.OrderStatus,System.String&gt;):System.Void" CoveredStatements="0" TotalStatements="3" CoveragePercent="0">
          <Statement FileIndex="437" Line="41" Column="5" EndLine="41" EndColumn="6" Covered="False" />
          <Statement FileIndex="437" Line="42" Column="9" EndLine="42" EndColumn="71" Covered="False" />
          <Statement FileIndex="437" Line="43" Column="5" EndLine="43" EndColumn="6" Covered="False" />
        </Method>
      </Type>
    </Namespace>
    <Namespace Name="CoffeeSpace.Client.Views" CoveredStatements="0" TotalStatements="114" CoveragePercent="0">
      <Type Name="CartView" CoveredStatements="0" TotalStatements="5" CoveragePercent="0">
        <Method Name=".ctor(CoffeeSpace.Client._ViewModels.CartViewModel):System.Void" CoveredStatements="0" TotalStatements="5" CoveragePercent="0">
          <Statement FileIndex="438" Line="7" Column="5" EndLine="7" EndColumn="45" Covered="False" />
          <Statement FileIndex="438" Line="8" Column="5" EndLine="8" EndColumn="6" Covered="False" />
          <Statement FileIndex="438" Line="9" Column="9" EndLine="9" EndColumn="31" Covered="False" />
          <Statement FileIndex="438" Line="10" Column="9" EndLine="10" EndColumn="36" Covered="False" />
          <Statement FileIndex="438" Line="11" Column="5" EndLine="11" EndColumn="6" Covered="False" />
        </Method>
      </Type>
      <Type Name="LoginView" CoveredStatements="0" TotalStatements="34" CoveragePercent="0">
        <Type Name="&lt;OnAppearing&gt;d__2" CoveredStatements="0" TotalStatements="8" CoveragePercent="0">
          <Method Name="MoveNext():System.Void" CoveredStatements="0" TotalStatements="8" CoveragePercent="0">
            <Statement FileIndex="439" Line="22" Column="5" EndLine="22" EndColumn="6" Covered="False" />
            <Statement FileIndex="439" Line="23" Column="9" EndLine="23" EndColumn="70" Covered="False" />
            <Statement FileIndex="439" Line="24" Column="9" EndLine="24" EndColumn="43" Covered="False" />
            <Statement FileIndex="439" Line="25" Column="9" EndLine="25" EndColumn="10" Covered="False" />
            <Statement FileIndex="439" Line="26" Column="13" EndLine="26" EndColumn="61" Covered="False" />
            <Statement FileIndex="439" Line="27" Column="9" EndLine="27" EndColumn="10" Covered="False" />
            <Statement FileIndex="439" Line="29" Column="9" EndLine="29" EndColumn="28" Covered="False" />
            <Statement FileIndex="439" Line="30" Column="5" EndLine="30" EndColumn="6" Covered="False" />
          </Method>
        </Type>
        <Type Name="&lt;OnNavigatingFrom&gt;d__3" CoveredStatements="0" TotalStatements="13" CoveragePercent="0">
          <Method Name="MoveNext():System.Void" CoveredStatements="0" TotalStatements="13" CoveragePercent="0">
            <Statement FileIndex="439" Line="33" Column="5" EndLine="33" EndColumn="6" Covered="False" />
            <Statement FileIndex="439" Line="35" Column="9" EndLine="35" EndColumn="73" Covered="False" />
            <Statement FileIndex="439" Line="36" Column="9" EndLine="36" EndColumn="66" Covered="False" />
            <Statement FileIndex="439" Line="37" Column="9" EndLine="37" EndColumn="38" Covered="False" />
            <Statement FileIndex="439" Line="38" Column="9" EndLine="38" EndColumn="10" Covered="False" />
            <Statement FileIndex="439" Line="39" Column="13" EndLine="39" EndColumn="20" Covered="False" />
            <Statement FileIndex="439" Line="42" Column="9" EndLine="45" EndColumn="12" Covered="False" />
            <Statement FileIndex="439" Line="47" Column="9" EndLine="47" EndColumn="21" Covered="False" />
            <Statement FileIndex="439" Line="48" Column="9" EndLine="48" EndColumn="10" Covered="False" />
            <Statement FileIndex="439" Line="49" Column="13" EndLine="49" EndColumn="122" Covered="False" />
            <Statement FileIndex="439" Line="50" Column="13" EndLine="50" EndColumn="20" Covered="False" />
            <Statement FileIndex="439" Line="52" Column="9" EndLine="52" EndColumn="37" Covered="False" />
            <Statement FileIndex="439" Line="53" Column="5" EndLine="53" EndColumn="6" Covered="False" />
          </Method>
        </Type>
        <Method Name=".ctor(CoffeeSpace.Client._ViewModels.LoginViewModel,Mediator.ISender):System.Void" CoveredStatements="0" TotalStatements="6" CoveragePercent="0">
          <Statement FileIndex="439" Line="13" Column="5" EndLine="13" EndColumn="63" Covered="False" />
          <Statement FileIndex="439" Line="14" Column="5" EndLine="14" EndColumn="6" Covered="False" />
          <Statement FileIndex="439" Line="15" Column="9" EndLine="15" EndColumn="31" Covered="False" />
          <Statement FileIndex="439" Line="17" Column="9" EndLine="17" EndColumn="36" Covered="False" />
          <Statement FileIndex="439" Line="18" Column="9" EndLine="18" EndColumn="26" Covered="False" />
          <Statement FileIndex="439" Line="19" Column="5" EndLine="19" EndColumn="6" Covered="False" />
        </Method>
        <Method Name="IsJwtTokenExpired(System.String):System.Boolean" CoveredStatements="0" TotalStatements="7" CoveragePercent="0">
          <Statement FileIndex="439" Line="56" Column="5" EndLine="56" EndColumn="6" Covered="False" />
          <Statement FileIndex="439" Line="57" Column="9" EndLine="57" EndColumn="35" Covered="False" />
          <Statement FileIndex="439" Line="58" Column="9" EndLine="58" EndColumn="10" Covered="False" />
          <Statement FileIndex="439" Line="59" Column="13" EndLine="59" EndColumn="25" Covered="False" />
          <Statement FileIndex="439" Line="62" Column="9" EndLine="62" EndColumn="71" Covered="False" />
          <Statement FileIndex="439" Line="63" Column="9" EndLine="63" EndColumn="75" Covered="False" />
          <Statement FileIndex="439" Line="64" Column="5" EndLine="64" EndColumn="6" Covered="False" />
        </Method>
      </Type>
      <Type Name="MainView" CoveredStatements="0" TotalStatements="14" CoveragePercent="0">
        <Type Name="&lt;OnAppearing&gt;d__3" CoveredStatements="0" TotalStatements="7" CoveragePercent="0">
          <Method Name="MoveNext():System.Void" CoveredStatements="0" TotalStatements="7" CoveragePercent="0">
            <Statement FileIndex="440" Line="24" Column="5" EndLine="24" EndColumn="6" Covered="False" />
            <Statement FileIndex="440" Line="25" Column="9" EndLine="25" EndColumn="47" Covered="False" />
            <Statement FileIndex="440" Line="26" Column="9" EndLine="26" EndColumn="10" Covered="False" />
            <Statement FileIndex="440" Line="27" Column="13" EndLine="27" EndColumn="20" Covered="False" />
            <Statement FileIndex="440" Line="30" Column="9" EndLine="30" EndColumn="70" Covered="False" />
            <Statement FileIndex="440" Line="31" Column="9" EndLine="31" EndColumn="69" Covered="False" />
            <Statement FileIndex="440" Line="32" Column="5" EndLine="32" EndColumn="6" Covered="False" />
          </Method>
        </Type>
        <Method Name=".ctor(CoffeeSpace.Client._ViewModels.MainViewModel,Mediator.ISender):System.Void" CoveredStatements="0" TotalStatements="7" CoveragePercent="0">
          <Statement FileIndex="440" Line="13" Column="5" EndLine="13" EndColumn="61" Covered="False" />
          <Statement FileIndex="440" Line="14" Column="5" EndLine="14" EndColumn="6" Covered="False" />
          <Statement FileIndex="440" Line="15" Column="9" EndLine="15" EndColumn="31" Covered="False" />
          <Statement FileIndex="440" Line="16" Column="9" EndLine="16" EndColumn="36" Covered="False" />
          <Statement FileIndex="440" Line="18" Column="9" EndLine="18" EndColumn="36" Covered="False" />
          <Statement FileIndex="440" Line="19" Column="9" EndLine="19" EndColumn="26" Covered="False" />
          <Statement FileIndex="440" Line="20" Column="5" EndLine="20" EndColumn="6" Covered="False" />
        </Method>
      </Type>
      <Type Name="OrderInformationView" CoveredStatements="0" TotalStatements="15" CoveragePercent="0">
        <Type Name="&lt;OnAppearing&gt;d__2" CoveredStatements="0" TotalStatements="9" CoveragePercent="0">
          <Method Name="MoveNext():System.Void" CoveredStatements="0" TotalStatements="9" CoveragePercent="0">
            <Statement FileIndex="441" Line="18" Column="5" EndLine="18" EndColumn="6" Covered="False" />
            <Statement FileIndex="441" Line="19" Column="9" EndLine="19" EndColumn="28" Covered="False" />
            <Statement FileIndex="441" Line="21" Column="9" EndLine="21" EndColumn="65" Covered="False" />
            <Statement FileIndex="441" Line="22" Column="9" EndLine="22" EndColumn="28" Covered="False" />
            <Statement FileIndex="441" Line="23" Column="9" EndLine="23" EndColumn="10" Covered="False" />
            <Statement FileIndex="441" Line="24" Column="13" EndLine="24" EndColumn="20" Covered="False" />
            <Statement FileIndex="441" Line="27" Column="9" EndLine="27" EndColumn="67" Covered="False" />
            <Statement FileIndex="441" Line="28" Column="9" EndLine="28" EndColumn="91" Covered="False" />
            <Statement FileIndex="441" Line="29" Column="5" EndLine="29" EndColumn="6" Covered="False" />
          </Method>
        </Type>
        <Method Name=".ctor(CoffeeSpace.Client._ViewModels.OrderInformationViewModel,CoffeeSpace.Client.Services.Abstractions.IHubConnectionService):System.Void" CoveredStatements="0" TotalStatements="6" CoveragePercent="0">
          <Statement FileIndex="441" Line="10" Column="5" EndLine="10" EndColumn="113" Covered="False" />
          <Statement FileIndex="441" Line="11" Column="2" EndLine="11" EndColumn="3" Covered="False" />
          <Statement FileIndex="441" Line="12" Column="3" EndLine="12" EndColumn="25" Covered="False" />
          <Statement FileIndex="441" Line="13" Column="3" EndLine="13" EndColumn="30" Covered="False" />
          <Statement FileIndex="441" Line="14" Column="9" EndLine="14" EndColumn="54" Covered="False" />
          <Statement FileIndex="441" Line="15" Column="5" EndLine="15" EndColumn="6" Covered="False" />
        </Method>
      </Type>
      <Type Name="OrderView" CoveredStatements="0" TotalStatements="15" CoveragePercent="0">
        <Type Name="&lt;OnAppearing&gt;d__2" CoveredStatements="0" TotalStatements="9" CoveragePercent="0">
          <Method Name="MoveNext():System.Void" CoveredStatements="0" TotalStatements="9" CoveragePercent="0">
            <Statement FileIndex="442" Line="19" Column="5" EndLine="19" EndColumn="6" Covered="False" />
            <Statement FileIndex="442" Line="20" Column="9" EndLine="20" EndColumn="28" Covered="False" />
            <Statement FileIndex="442" Line="22" Column="9" EndLine="22" EndColumn="65" Covered="False" />
            <Statement FileIndex="442" Line="23" Column="9" EndLine="23" EndColumn="28" Covered="False" />
            <Statement FileIndex="442" Line="24" Column="9" EndLine="24" EndColumn="10" Covered="False" />
            <Statement FileIndex="442" Line="25" Column="13" EndLine="25" EndColumn="20" Covered="False" />
            <Statement FileIndex="442" Line="28" Column="9" EndLine="28" EndColumn="67" Covered="False" />
            <Statement FileIndex="442" Line="29" Column="9" EndLine="29" EndColumn="91" Covered="False" />
            <Statement FileIndex="442" Line="30" Column="5" EndLine="30" EndColumn="6" Covered="False" />
          </Method>
        </Type>
        <Method Name=".ctor(CoffeeSpace.Client._ViewModels.OrderViewModel,CoffeeSpace.Client.Services.Abstractions.IHubConnectionService):System.Void" CoveredStatements="0" TotalStatements="6" CoveragePercent="0">
          <Statement FileIndex="442" Line="10" Column="5" EndLine="10" EndColumn="91" Covered="False" />
          <Statement FileIndex="442" Line="11" Column="5" EndLine="11" EndColumn="6" Covered="False" />
          <Statement FileIndex="442" Line="12" Column="9" EndLine="12" EndColumn="31" Covered="False" />
          <Statement FileIndex="442" Line="14" Column="9" EndLine="14" EndColumn="36" Covered="False" />
          <Statement FileIndex="442" Line="15" Column="9" EndLine="15" EndColumn="54" Covered="False" />
          <Statement FileIndex="442" Line="16" Column="5" EndLine="16" EndColumn="6" Covered="False" />
        </Method>
      </Type>
      <Type Name="ProfileView" CoveredStatements="0" TotalStatements="5" CoveragePercent="0">
        <Method Name=".ctor(CoffeeSpace.Client._ViewModels.ProfileViewModel):System.Void" CoveredStatements="0" TotalStatements="5" CoveragePercent="0">
          <Statement FileIndex="443" Line="11" Column="5" EndLine="11" EndColumn="51" Covered="False" />
          <Statement FileIndex="443" Line="12" Column="5" EndLine="12" EndColumn="6" Covered="False" />
          <Statement FileIndex="443" Line="13" Column="9" EndLine="13" EndColumn="31" Covered="False" />
          <Statement FileIndex="443" Line="14" Column="9" EndLine="14" EndColumn="36" Covered="False" />
          <Statement FileIndex="443" Line="15" Column="5" EndLine="15" EndColumn="6" Covered="False" />
        </Method>
      </Type>
      <Type Name="RegisterView" CoveredStatements="0" TotalStatements="26" CoveragePercent="0">
        <Type Name="&lt;OnNavigatingFrom&gt;d__2" CoveredStatements="0" TotalStatements="13" CoveragePercent="0">
          <Method Name="MoveNext():System.Void" CoveredStatements="0" TotalStatements="13" CoveragePercent="0">
            <Statement FileIndex="444" Line="22" Column="5" EndLine="22" EndColumn="6" Covered="False" />
            <Statement FileIndex="444" Line="24" Column="9" EndLine="24" EndColumn="73" Covered="False" />
            <Statement FileIndex="444" Line="25" Column="9" EndLine="25" EndColumn="66" Covered="False" />
            <Statement FileIndex="444" Line="26" Column="9" EndLine="26" EndColumn="38" Covered="False" />
            <Statement FileIndex="444" Line="27" Column="9" EndLine="27" EndColumn="10" Covered="False" />
            <Statement FileIndex="444" Line="28" Column="13" EndLine="28" EndColumn="20" Covered="False" />
            <Statement FileIndex="444" Line="31" Column="9" EndLine="34" EndColumn="12" Covered="False" />
            <Statement FileIndex="444" Line="36" Column="9" EndLine="36" EndColumn="21" Covered="False" />
            <Statement FileIndex="444" Line="37" Column="9" EndLine="37" EndColumn="10" Covered="False" />
            <Statement FileIndex="444" Line="38" Column="13" EndLine="38" EndColumn="122" Covered="False" />
            <Statement FileIndex="444" Line="39" Column="9" EndLine="39" EndColumn="10" Covered="False" />
            <Statement FileIndex="444" Line="40" Column="9" EndLine="40" EndColumn="37" Covered="False" />
            <Statement FileIndex="444" Line="41" Column="5" EndLine="41" EndColumn="6" Covered="False" />
          </Method>
        </Type>
        <Method Name=".ctor(CoffeeSpace.Client._ViewModels.RegisterViewModel,Mediator.ISender):System.Void" CoveredStatements="0" TotalStatements="6" CoveragePercent="0">
          <Statement FileIndex="444" Line="13" Column="5" EndLine="13" EndColumn="69" Covered="False" />
          <Statement FileIndex="444" Line="14" Column="5" EndLine="14" EndColumn="6" Covered="False" />
          <Statement FileIndex="444" Line="15" Column="9" EndLine="15" EndColumn="31" Covered="False" />
          <Statement FileIndex="444" Line="17" Column="9" EndLine="17" EndColumn="36" Covered="False" />
          <Statement FileIndex="444" Line="18" Column="9" EndLine="18" EndColumn="26" Covered="False" />
          <Statement FileIndex="444" Line="19" Column="5" EndLine="19" EndColumn="6" Covered="False" />
        </Method>
        <Method Name="IsJwtTokenExpired(System.String):System.Boolean" CoveredStatements="0" TotalStatements="7" CoveragePercent="0">
          <Statement FileIndex="444" Line="44" Column="5" EndLine="44" EndColumn="6" Covered="False" />
          <Statement FileIndex="444" Line="45" Column="9" EndLine="45" EndColumn="35" Covered="False" />
          <Statement FileIndex="444" Line="46" Column="9" EndLine="46" EndColumn="10" Covered="False" />
          <Statement FileIndex="444" Line="47" Column="13" EndLine="47" EndColumn="25" Covered="False" />
          <Statement FileIndex="444" Line="50" Column="9" EndLine="50" EndColumn="71" Covered="False" />
          <Statement FileIndex="444" Line="51" Column="9" EndLine="51" EndColumn="75" Covered="False" />
          <Statement FileIndex="444" Line="52" Column="5" EndLine="52" EndColumn="6" Covered="False" />
        </Method>
      </Type>
    </Namespace>
    <Namespace Name="Microsoft.Maui.Controls" CoveredStatements="0" TotalStatements="234" CoveragePercent="0">
      <Type Name="ColorAnimationExtensions_Button" CoveredStatements="0" TotalStatements="26" CoveragePercent="0">
        <Type Name="&lt;&gt;c__DisplayClass0_0" CoveredStatements="0" TotalStatements="1" CoveragePercent="0">
          <Method Name="&lt;TextColorTo&gt;b__0(System.Double,System.Boolean):System.Void" CoveredStatements="0" TotalStatements="1" CoveragePercent="0">
            <Statement FileIndex="471" Line="57" Column="84" EndLine="57" EndColumn="125" Covered="False" />
          </Method>
        </Type>
        <Type Name="&lt;&gt;c__DisplayClass0_1" CoveredStatements="0" TotalStatements="1" CoveragePercent="0">
          <Method Name="&lt;TextColorTo&gt;b__5(System.Double):System.Void" CoveredStatements="0" TotalStatements="1" CoveragePercent="0">
            <Statement FileIndex="471" Line="68" Column="120" EndLine="68" EndColumn="168" Covered="False" />
          </Method>
        </Type>
        <Type Name="&lt;&gt;c__DisplayClass0_2" CoveredStatements="0" TotalStatements="1" CoveragePercent="0">
          <Method Name="&lt;TextColorTo&gt;b__6(System.Double):System.Void" CoveredStatements="0" TotalStatements="1" CoveragePercent="0">
            <Statement FileIndex="471" Line="69" Column="124" EndLine="69" EndColumn="174" Covered="False" />
          </Method>
        </Type>
        <Type Name="&lt;&gt;c__DisplayClass0_3" CoveredStatements="0" TotalStatements="1" CoveragePercent="0">
          <Method Name="&lt;TextColorTo&gt;b__7(System.Double):System.Void" CoveredStatements="0" TotalStatements="1" CoveragePercent="0">
            <Statement FileIndex="471" Line="70" Column="122" EndLine="70" EndColumn="171" Covered="False" />
          </Method>
        </Type>
        <Type Name="&lt;&gt;c__DisplayClass0_4" CoveredStatements="0" TotalStatements="1" CoveragePercent="0">
          <Method Name="&lt;TextColorTo&gt;b__8(System.Double):System.Void" CoveredStatements="0" TotalStatements="1" CoveragePercent="0">
            <Statement FileIndex="471" Line="71" Column="124" EndLine="71" EndColumn="181" Covered="False" />
          </Method>
        </Type>
        <Method Name="&lt;TextColorTo&gt;g__GetAlphaTransformAnimation|0_4(Microsoft.Maui.Controls.Button,System.Single):Microsoft.Maui.Controls.Animation" CoveredStatements="0" TotalStatements="1" CoveragePercent="0">
          <Statement FileIndex="471" Line="71" Column="115" EndLine="71" EndColumn="220" Covered="False" />
        </Method>
        <Method Name="&lt;TextColorTo&gt;g__GetBlueTransformAnimation|0_3(Microsoft.Maui.Controls.Button,System.Single):Microsoft.Maui.Controls.Animation" CoveredStatements="0" TotalStatements="1" CoveragePercent="0">
          <Statement FileIndex="471" Line="70" Column="113" EndLine="70" EndColumn="208" Covered="False" />
        </Method>
        <Method Name="&lt;TextColorTo&gt;g__GetGreenTransformAnimation|0_2(Microsoft.Maui.Controls.Button,System.Single):Microsoft.Maui.Controls.Animation" CoveredStatements="0" TotalStatements="1" CoveragePercent="0">
          <Statement FileIndex="471" Line="69" Column="115" EndLine="69" EndColumn="213" Covered="False" />
        </Method>
        <Method Name="&lt;TextColorTo&gt;g__GetRedTransformAnimation|0_1(Microsoft.Maui.Controls.Button,System.Single):Microsoft.Maui.Controls.Animation" CoveredStatements="0" TotalStatements="1" CoveragePercent="0">
          <Statement FileIndex="471" Line="68" Column="111" EndLine="68" EndColumn="203" Covered="False" />
        </Method>
        <Method Name="TextColorTo(Microsoft.Maui.Controls.Button,Microsoft.Maui.Graphics.Color,System.UInt32,System.UInt32,Microsoft.Maui.Easing):System.Threading.Tasks.Task&lt;System.Boolean&gt;" CoveredStatements="0" TotalStatements="17" CoveragePercent="0">
          <Statement FileIndex="471" Line="24" Column="5" EndLine="24" EndColumn="6" Covered="False" />
          <Statement FileIndex="471" Line="25" Column="9" EndLine="25" EndColumn="52" Covered="False" />
          <Statement FileIndex="471" Line="26" Column="9" EndLine="26" EndColumn="50" Covered="False" />
          <Statement FileIndex="471" Line="27" Column="9" EndLine="27" EndColumn="54" Covered="False" />
          <Statement FileIndex="471" Line="28" Column="13" EndLine="28" EndColumn="121" Covered="False" />
          <Statement FileIndex="471" Line="31" Column="9" EndLine="31" EndColumn="50" Covered="False" />
          <Statement FileIndex="471" Line="32" Column="9" EndLine="32" EndColumn="74" Covered="False" />
          <Statement FileIndex="471" Line="34" Column="9" EndLine="34" EndColumn="10" Covered="False" />
          <Statement FileIndex="471" Line="35" Column="13" EndLine="57" EndColumn="127" Covered="False" />
          <Statement FileIndex="471" Line="58" Column="9" EndLine="58" EndColumn="10" Covered="False" />
          <Statement FileIndex="471" Line="59" Column="9" EndLine="59" EndColumn="38" Covered="False" />
          <Statement FileIndex="471" Line="60" Column="9" EndLine="60" EndColumn="10" Covered="False" />
          <Statement FileIndex="471" Line="63" Column="13" EndLine="63" EndColumn="149" Covered="False" />
          <Statement FileIndex="471" Line="64" Column="13" EndLine="64" EndColumn="56" Covered="False" />
          <Statement FileIndex="471" Line="65" Column="9" EndLine="65" EndColumn="10" Covered="False" />
          <Statement FileIndex="471" Line="67" Column="9" EndLine="67" EndColumn="47" Covered="False" />
          <Statement FileIndex="471" Line="72" Column="5" EndLine="72" EndColumn="6" Covered="False" />
        </Method>
      </Type>
      <Type Name="ColorAnimationExtensions_DatePicker" CoveredStatements="0" TotalStatements="26" CoveragePercent="0">
        <Type Name="&lt;&gt;c__DisplayClass0_0" CoveredStatements="0" TotalStatements="1" CoveragePercent="0">
          <Method Name="&lt;TextColorTo&gt;b__0(System.Double,System.Boolean):System.Void" CoveredStatements="0" TotalStatements="1" CoveragePercent="0">
            <Statement FileIndex="472" Line="57" Column="84" EndLine="57" EndColumn="125" Covered="False" />
          </Method>
        </Type>
        <Type Name="&lt;&gt;c__DisplayClass0_1" CoveredStatements="0" TotalStatements="1" CoveragePercent="0">
          <Method Name="&lt;TextColorTo&gt;b__5(System.Double):System.Void" CoveredStatements="0" TotalStatements="1" CoveragePercent="0">
            <Statement FileIndex="472" Line="68" Column="124" EndLine="68" EndColumn="172" Covered="False" />
          </Method>
        </Type>
        <Type Name="&lt;&gt;c__DisplayClass0_2" CoveredStatements="0" TotalStatements="1" CoveragePercent="0">
          <Method Name="&lt;TextColorTo&gt;b__6(System.Double):System.Void" CoveredStatements="0" TotalStatements="1" CoveragePercent="0">
            <Statement FileIndex="472" Line="69" Column="128" EndLine="69" EndColumn="178" Covered="False" />
          </Method>
        </Type>
        <Type Name="&lt;&gt;c__DisplayClass0_3" CoveredStatements="0" TotalStatements="1" CoveragePercent="0">
          <Method Name="&lt;TextColorTo&gt;b__7(System.Double):System.Void" CoveredStatements="0" TotalStatements="1" CoveragePercent="0">
            <Statement FileIndex="472" Line="70" Column="126" EndLine="70" EndColumn="175" Covered="False" />
          </Method>
        </Type>
        <Type Name="&lt;&gt;c__DisplayClass0_4" CoveredStatements="0" TotalStatements="1" CoveragePercent="0">
          <Method Name="&lt;TextColorTo&gt;b__8(System.Double):System.Void" CoveredStatements="0" TotalStatements="1" CoveragePercent="0">
            <Statement FileIndex="472" Line="71" Column="128" EndLine="71" EndColumn="185" Covered="False" />
          </Method>
        </Type>
        <Method Name="&lt;TextColorTo&gt;g__GetAlphaTransformAnimation|0_4(Microsoft.Maui.Controls.DatePicker,System.Single):Microsoft.Maui.Controls.Animation" CoveredStatements="0" TotalStatements="1" CoveragePercent="0">
          <Statement FileIndex="472" Line="71" Column="119" EndLine="71" EndColumn="224" Covered="False" />
        </Method>
        <Method Name="&lt;TextColorTo&gt;g__GetBlueTransformAnimation|0_3(Microsoft.Maui.Controls.DatePicker,System.Single):Microsoft.Maui.Controls.Animation" CoveredStatements="0" TotalStatements="1" CoveragePercent="0">
          <Statement FileIndex="472" Line="70" Column="117" EndLine="70" EndColumn="212" Covered="False" />
        </Method>
        <Method Name="&lt;TextColorTo&gt;g__GetGreenTransformAnimation|0_2(Microsoft.Maui.Controls.DatePicker,System.Single):Microsoft.Maui.Controls.Animation" CoveredStatements="0" TotalStatements="1" CoveragePercent="0">
          <Statement FileIndex="472" Line="69" Column="119" EndLine="69" EndColumn="217" Covered="False" />
        </Method>
        <Method Name="&lt;TextColorTo&gt;g__GetRedTransformAnimation|0_1(Microsoft.Maui.Controls.DatePicker,System.Single):Microsoft.Maui.Controls.Animation" CoveredStatements="0" TotalStatements="1" CoveragePercent="0">
          <Statement FileIndex="472" Line="68" Column="115" EndLine="68" EndColumn="207" Covered="False" />
        </Method>
        <Method Name="TextColorTo(Microsoft.Maui.Controls.DatePicker,Microsoft.Maui.Graphics.Color,System.UInt32,System.UInt32,Microsoft.Maui.Easing):System.Threading.Tasks.Task&lt;System.Boolean&gt;" CoveredStatements="0" TotalStatements="17" CoveragePercent="0">
          <Statement FileIndex="472" Line="24" Column="5" EndLine="24" EndColumn="6" Covered="False" />
          <Statement FileIndex="472" Line="25" Column="9" EndLine="25" EndColumn="52" Covered="False" />
          <Statement FileIndex="472" Line="26" Column="9" EndLine="26" EndColumn="50" Covered="False" />
          <Statement FileIndex="472" Line="27" Column="9" EndLine="27" EndColumn="54" Covered="False" />
          <Statement FileIndex="472" Line="28" Column="13" EndLine="28" EndColumn="121" Covered="False" />
          <Statement FileIndex="472" Line="31" Column="9" EndLine="31" EndColumn="50" Covered="False" />
          <Statement FileIndex="472" Line="32" Column="9" EndLine="32" EndColumn="74" Covered="False" />
          <Statement FileIndex="472" Line="34" Column="9" EndLine="34" EndColumn="10" Covered="False" />
          <Statement FileIndex="472" Line="35" Column="13" EndLine="57" EndColumn="127" Covered="False" />
          <Statement FileIndex="472" Line="58" Column="9" EndLine="58" EndColumn="10" Covered="False" />
          <Statement FileIndex="472" Line="59" Column="9" EndLine="59" EndColumn="38" Covered="False" />
          <Statement FileIndex="472" Line="60" Column="9" EndLine="60" EndColumn="10" Covered="False" />
          <Statement FileIndex="472" Line="63" Column="13" EndLine="63" EndColumn="153" Covered="False" />
          <Statement FileIndex="472" Line="64" Column="13" EndLine="64" EndColumn="56" Covered="False" />
          <Statement FileIndex="472" Line="65" Column="9" EndLine="65" EndColumn="10" Covered="False" />
          <Statement FileIndex="472" Line="67" Column="9" EndLine="67" EndColumn="47" Covered="False" />
          <Statement FileIndex="472" Line="72" Column="5" EndLine="72" EndColumn="6" Covered="False" />
        </Method>
      </Type>
      <Type Name="ColorAnimationExtensions_Editor" CoveredStatements="0" TotalStatements="26" CoveragePercent="0">
        <Type Name="&lt;&gt;c__DisplayClass0_0" CoveredStatements="0" TotalStatements="1" CoveragePercent="0">
          <Method Name="&lt;TextColorTo&gt;b__0(System.Double,System.Boolean):System.Void" CoveredStatements="0" TotalStatements="1" CoveragePercent="0">
            <Statement FileIndex="473" Line="57" Column="84" EndLine="57" EndColumn="125" Covered="False" />
          </Method>
        </Type>
        <Type Name="&lt;&gt;c__DisplayClass0_1" CoveredStatements="0" TotalStatements="1" CoveragePercent="0">
          <Method Name="&lt;TextColorTo&gt;b__5(System.Double):System.Void" CoveredStatements="0" TotalStatements="1" CoveragePercent="0">
            <Statement FileIndex="473" Line="68" Column="120" EndLine="68" EndColumn="168" Covered="False" />
          </Method>
        </Type>
        <Type Name="&lt;&gt;c__DisplayClass0_2" CoveredStatements="0" TotalStatements="1" CoveragePercent="0">
          <Method Name="&lt;TextColorTo&gt;b__6(System.Double):System.Void" CoveredStatements="0" TotalStatements="1" CoveragePercent="0">
            <Statement FileIndex="473" Line="69" Column="124" EndLine="69" EndColumn="174" Covered="False" />
          </Method>
        </Type>
        <Type Name="&lt;&gt;c__DisplayClass0_3" CoveredStatements="0" TotalStatements="1" CoveragePercent="0">
          <Method Name="&lt;TextColorTo&gt;b__7(System.Double):System.Void" CoveredStatements="0" TotalStatements="1" CoveragePercent="0">
            <Statement FileIndex="473" Line="70" Column="122" EndLine="70" EndColumn="171" Covered="False" />
          </Method>
        </Type>
        <Type Name="&lt;&gt;c__DisplayClass0_4" CoveredStatements="0" TotalStatements="1" CoveragePercent="0">
          <Method Name="&lt;TextColorTo&gt;b__8(System.Double):System.Void" CoveredStatements="0" TotalStatements="1" CoveragePercent="0">
            <Statement FileIndex="473" Line="71" Column="124" EndLine="71" EndColumn="181" Covered="False" />
          </Method>
        </Type>
        <Method Name="&lt;TextColorTo&gt;g__GetAlphaTransformAnimation|0_4(Microsoft.Maui.Controls.Editor,System.Single):Microsoft.Maui.Controls.Animation" CoveredStatements="0" TotalStatements="1" CoveragePercent="0">
          <Statement FileIndex="473" Line="71" Column="115" EndLine="71" EndColumn="220" Covered="False" />
        </Method>
        <Method Name="&lt;TextColorTo&gt;g__GetBlueTransformAnimation|0_3(Microsoft.Maui.Controls.Editor,System.Single):Microsoft.Maui.Controls.Animation" CoveredStatements="0" TotalStatements="1" CoveragePercent="0">
          <Statement FileIndex="473" Line="70" Column="113" EndLine="70" EndColumn="208" Covered="False" />
        </Method>
        <Method Name="&lt;TextColorTo&gt;g__GetGreenTransformAnimation|0_2(Microsoft.Maui.Controls.Editor,System.Single):Microsoft.Maui.Controls.Animation" CoveredStatements="0" TotalStatements="1" CoveragePercent="0">
          <Statement FileIndex="473" Line="69" Column="115" EndLine="69" EndColumn="213" Covered="False" />
        </Method>
        <Method Name="&lt;TextColorTo&gt;g__GetRedTransformAnimation|0_1(Microsoft.Maui.Controls.Editor,System.Single):Microsoft.Maui.Controls.Animation" CoveredStatements="0" TotalStatements="1" CoveragePercent="0">
          <Statement FileIndex="473" Line="68" Column="111" EndLine="68" EndColumn="203" Covered="False" />
        </Method>
        <Method Name="TextColorTo(Microsoft.Maui.Controls.Editor,Microsoft.Maui.Graphics.Color,System.UInt32,System.UInt32,Microsoft.Maui.Easing):System.Threading.Tasks.Task&lt;System.Boolean&gt;" CoveredStatements="0" TotalStatements="17" CoveragePercent="0">
          <Statement FileIndex="473" Line="24" Column="5" EndLine="24" EndColumn="6" Covered="False" />
          <Statement FileIndex="473" Line="25" Column="9" EndLine="25" EndColumn="52" Covered="False" />
          <Statement FileIndex="473" Line="26" Column="9" EndLine="26" EndColumn="50" Covered="False" />
          <Statement FileIndex="473" Line="27" Column="9" EndLine="27" EndColumn="54" Covered="False" />
          <Statement FileIndex="473" Line="28" Column="13" EndLine="28" EndColumn="121" Covered="False" />
          <Statement FileIndex="473" Line="31" Column="9" EndLine="31" EndColumn="50" Covered="False" />
          <Statement FileIndex="473" Line="32" Column="9" EndLine="32" EndColumn="74" Covered="False" />
          <Statement FileIndex="473" Line="34" Column="9" EndLine="34" EndColumn="10" Covered="False" />
          <Statement FileIndex="473" Line="35" Column="13" EndLine="57" EndColumn="127" Covered="False" />
          <Statement FileIndex="473" Line="58" Column="9" EndLine="58" EndColumn="10" Covered="False" />
          <Statement FileIndex="473" Line="59" Column="9" EndLine="59" EndColumn="38" Covered="False" />
          <Statement FileIndex="473" Line="60" Column="9" EndLine="60" EndColumn="10" Covered="False" />
          <Statement FileIndex="473" Line="63" Column="13" EndLine="63" EndColumn="149" Covered="False" />
          <Statement FileIndex="473" Line="64" Column="13" EndLine="64" EndColumn="56" Covered="False" />
          <Statement FileIndex="473" Line="65" Column="9" EndLine="65" EndColumn="10" Covered="False" />
          <Statement FileIndex="473" Line="67" Column="9" EndLine="67" EndColumn="47" Covered="False" />
          <Statement FileIndex="473" Line="72" Column="5" EndLine="72" EndColumn="6" Covered="False" />
        </Method>
      </Type>
      <Type Name="ColorAnimationExtensions_Entry" CoveredStatements="0" TotalStatements="26" CoveragePercent="0">
        <Type Name="&lt;&gt;c__DisplayClass0_0" CoveredStatements="0" TotalStatements="1" CoveragePercent="0">
          <Method Name="&lt;TextColorTo&gt;b__0(System.Double,System.Boolean):System.Void" CoveredStatements="0" TotalStatements="1" CoveragePercent="0">
            <Statement FileIndex="474" Line="57" Column="84" EndLine="57" EndColumn="125" Covered="False" />
          </Method>
        </Type>
        <Type Name="&lt;&gt;c__DisplayClass0_1" CoveredStatements="0" TotalStatements="1" CoveragePercent="0">
          <Method Name="&lt;TextColorTo&gt;b__5(System.Double):System.Void" CoveredStatements="0" TotalStatements="1" CoveragePercent="0">
            <Statement FileIndex="474" Line="68" Column="119" EndLine="68" EndColumn="167" Covered="False" />
          </Method>
        </Type>
        <Type Name="&lt;&gt;c__DisplayClass0_2" CoveredStatements="0" TotalStatements="1" CoveragePercent="0">
          <Method Name="&lt;TextColorTo&gt;b__6(System.Double):System.Void" CoveredStatements="0" TotalStatements="1" CoveragePercent="0">
            <Statement FileIndex="474" Line="69" Column="123" EndLine="69" EndColumn="173" Covered="False" />
          </Method>
        </Type>
        <Type Name="&lt;&gt;c__DisplayClass0_3" CoveredStatements="0" TotalStatements="1" CoveragePercent="0">
          <Method Name="&lt;TextColorTo&gt;b__7(System.Double):System.Void" CoveredStatements="0" TotalStatements="1" CoveragePercent="0">
            <Statement FileIndex="474" Line="70" Column="121" EndLine="70" EndColumn="170" Covered="False" />
          </Method>
        </Type>
        <Type Name="&lt;&gt;c__DisplayClass0_4" CoveredStatements="0" TotalStatements="1" CoveragePercent="0">
          <Method Name="&lt;TextColorTo&gt;b__8(System.Double):System.Void" CoveredStatements="0" TotalStatements="1" CoveragePercent="0">
            <Statement FileIndex="474" Line="71" Column="123" EndLine="71" EndColumn="180" Covered="False" />
          </Method>
        </Type>
        <Method Name="&lt;TextColorTo&gt;g__GetAlphaTransformAnimation|0_4(Microsoft.Maui.Controls.Entry,System.Single):Microsoft.Maui.Controls.Animation" CoveredStatements="0" TotalStatements="1" CoveragePercent="0">
          <Statement FileIndex="474" Line="71" Column="114" EndLine="71" EndColumn="219" Covered="False" />
        </Method>
        <Method Name="&lt;TextColorTo&gt;g__GetBlueTransformAnimation|0_3(Microsoft.Maui.Controls.Entry,System.Single):Microsoft.Maui.Controls.Animation" CoveredStatements="0" TotalStatements="1" CoveragePercent="0">
          <Statement FileIndex="474" Line="70" Column="112" EndLine="70" EndColumn="207" Covered="False" />
        </Method>
        <Method Name="&lt;TextColorTo&gt;g__GetGreenTransformAnimation|0_2(Microsoft.Maui.Controls.Entry,System.Single):Microsoft.Maui.Controls.Animation" CoveredStatements="0" TotalStatements="1" CoveragePercent="0">
          <Statement FileIndex="474" Line="69" Column="114" EndLine="69" EndColumn="212" Covered="False" />
        </Method>
        <Method Name="&lt;TextColorTo&gt;g__GetRedTransformAnimation|0_1(Microsoft.Maui.Controls.Entry,System.Single):Microsoft.Maui.Controls.Animation" CoveredStatements="0" TotalStatements="1" CoveragePercent="0">
          <Statement FileIndex="474" Line="68" Column="110" EndLine="68" EndColumn="202" Covered="False" />
        </Method>
        <Method Name="TextColorTo(Microsoft.Maui.Controls.Entry,Microsoft.Maui.Graphics.Color,System.UInt32,System.UInt32,Microsoft.Maui.Easing):System.Threading.Tasks.Task&lt;System.Boolean&gt;" CoveredStatements="0" TotalStatements="17" CoveragePercent="0">
          <Statement FileIndex="474" Line="24" Column="5" EndLine="24" EndColumn="6" Covered="False" />
          <Statement FileIndex="474" Line="25" Column="9" EndLine="25" EndColumn="52" Covered="False" />
          <Statement FileIndex="474" Line="26" Column="9" EndLine="26" EndColumn="50" Covered="False" />
          <Statement FileIndex="474" Line="27" Column="9" EndLine="27" EndColumn="54" Covered="False" />
          <Statement FileIndex="474" Line="28" Column="13" EndLine="28" EndColumn="121" Covered="False" />
          <Statement FileIndex="474" Line="31" Column="9" EndLine="31" EndColumn="50" Covered="False" />
          <Statement FileIndex="474" Line="32" Column="9" EndLine="32" EndColumn="74" Covered="False" />
          <Statement FileIndex="474" Line="34" Column="9" EndLine="34" EndColumn="10" Covered="False" />
          <Statement FileIndex="474" Line="35" Column="13" EndLine="57" EndColumn="127" Covered="False" />
          <Statement FileIndex="474" Line="58" Column="9" EndLine="58" EndColumn="10" Covered="False" />
          <Statement FileIndex="474" Line="59" Column="9" EndLine="59" EndColumn="38" Covered="False" />
          <Statement FileIndex="474" Line="60" Column="9" EndLine="60" EndColumn="10" Covered="False" />
          <Statement FileIndex="474" Line="63" Column="13" EndLine="63" EndColumn="148" Covered="False" />
          <Statement FileIndex="474" Line="64" Column="13" EndLine="64" EndColumn="56" Covered="False" />
          <Statement FileIndex="474" Line="65" Column="9" EndLine="65" EndColumn="10" Covered="False" />
          <Statement FileIndex="474" Line="67" Column="9" EndLine="67" EndColumn="47" Covered="False" />
          <Statement FileIndex="474" Line="72" Column="5" EndLine="72" EndColumn="6" Covered="False" />
        </Method>
      </Type>
      <Type Name="ColorAnimationExtensions_Label" CoveredStatements="0" TotalStatements="26" CoveragePercent="0">
        <Type Name="&lt;&gt;c__DisplayClass0_0" CoveredStatements="0" TotalStatements="1" CoveragePercent="0">
          <Method Name="&lt;TextColorTo&gt;b__0(System.Double,System.Boolean):System.Void" CoveredStatements="0" TotalStatements="1" CoveragePercent="0">
            <Statement FileIndex="475" Line="57" Column="84" EndLine="57" EndColumn="125" Covered="False" />
          </Method>
        </Type>
        <Type Name="&lt;&gt;c__DisplayClass0_1" CoveredStatements="0" TotalStatements="1" CoveragePercent="0">
          <Method Name="&lt;TextColorTo&gt;b__5(System.Double):System.Void" CoveredStatements="0" TotalStatements="1" CoveragePercent="0">
            <Statement FileIndex="475" Line="68" Column="119" EndLine="68" EndColumn="167" Covered="False" />
          </Method>
        </Type>
        <Type Name="&lt;&gt;c__DisplayClass0_2" CoveredStatements="0" TotalStatements="1" CoveragePercent="0">
          <Method Name="&lt;TextColorTo&gt;b__6(System.Double):System.Void" CoveredStatements="0" TotalStatements="1" CoveragePercent="0">
            <Statement FileIndex="475" Line="69" Column="123" EndLine="69" EndColumn="173" Covered="False" />
          </Method>
        </Type>
        <Type Name="&lt;&gt;c__DisplayClass0_3" CoveredStatements="0" TotalStatements="1" CoveragePercent="0">
          <Method Name="&lt;TextColorTo&gt;b__7(System.Double):System.Void" CoveredStatements="0" TotalStatements="1" CoveragePercent="0">
            <Statement FileIndex="475" Line="70" Column="121" EndLine="70" EndColumn="170" Covered="False" />
          </Method>
        </Type>
        <Type Name="&lt;&gt;c__DisplayClass0_4" CoveredStatements="0" TotalStatements="1" CoveragePercent="0">
          <Method Name="&lt;TextColorTo&gt;b__8(System.Double):System.Void" CoveredStatements="0" TotalStatements="1" CoveragePercent="0">
            <Statement FileIndex="475" Line="71" Column="123" EndLine="71" EndColumn="180" Covered="False" />
          </Method>
        </Type>
        <Method Name="&lt;TextColorTo&gt;g__GetAlphaTransformAnimation|0_4(Microsoft.Maui.Controls.Label,System.Single):Microsoft.Maui.Controls.Animation" CoveredStatements="0" TotalStatements="1" CoveragePercent="0">
          <Statement FileIndex="475" Line="71" Column="114" EndLine="71" EndColumn="219" Covered="False" />
        </Method>
        <Method Name="&lt;TextColorTo&gt;g__GetBlueTransformAnimation|0_3(Microsoft.Maui.Controls.Label,System.Single):Microsoft.Maui.Controls.Animation" CoveredStatements="0" TotalStatements="1" CoveragePercent="0">
          <Statement FileIndex="475" Line="70" Column="112" EndLine="70" EndColumn="207" Covered="False" />
        </Method>
        <Method Name="&lt;TextColorTo&gt;g__GetGreenTransformAnimation|0_2(Microsoft.Maui.Controls.Label,System.Single):Microsoft.Maui.Controls.Animation" CoveredStatements="0" TotalStatements="1" CoveragePercent="0">
          <Statement FileIndex="475" Line="69" Column="114" EndLine="69" EndColumn="212" Covered="False" />
        </Method>
        <Method Name="&lt;TextColorTo&gt;g__GetRedTransformAnimation|0_1(Microsoft.Maui.Controls.Label,System.Single):Microsoft.Maui.Controls.Animation" CoveredStatements="0" TotalStatements="1" CoveragePercent="0">
          <Statement FileIndex="475" Line="68" Column="110" EndLine="68" EndColumn="202" Covered="False" />
        </Method>
        <Method Name="TextColorTo(Microsoft.Maui.Controls.Label,Microsoft.Maui.Graphics.Color,System.UInt32,System.UInt32,Microsoft.Maui.Easing):System.Threading.Tasks.Task&lt;System.Boolean&gt;" CoveredStatements="0" TotalStatements="17" CoveragePercent="0">
          <Statement FileIndex="475" Line="24" Column="5" EndLine="24" EndColumn="6" Covered="False" />
          <Statement FileIndex="475" Line="25" Column="9" EndLine="25" EndColumn="52" Covered="False" />
          <Statement FileIndex="475" Line="26" Column="9" EndLine="26" EndColumn="50" Covered="False" />
          <Statement FileIndex="475" Line="27" Column="9" EndLine="27" EndColumn="54" Covered="False" />
          <Statement FileIndex="475" Line="28" Column="13" EndLine="28" EndColumn="121" Covered="False" />
          <Statement FileIndex="475" Line="31" Column="9" EndLine="31" EndColumn="50" Covered="False" />
          <Statement FileIndex="475" Line="32" Column="9" EndLine="32" EndColumn="74" Covered="False" />
          <Statement FileIndex="475" Line="34" Column="9" EndLine="34" EndColumn="10" Covered="False" />
          <Statement FileIndex="475" Line="35" Column="13" EndLine="57" EndColumn="127" Covered="False" />
          <Statement FileIndex="475" Line="58" Column="9" EndLine="58" EndColumn="10" Covered="False" />
          <Statement FileIndex="475" Line="59" Column="9" EndLine="59" EndColumn="38" Covered="False" />
          <Statement FileIndex="475" Line="60" Column="9" EndLine="60" EndColumn="10" Covered="False" />
          <Statement FileIndex="475" Line="63" Column="13" EndLine="63" EndColumn="148" Covered="False" />
          <Statement FileIndex="475" Line="64" Column="13" EndLine="64" EndColumn="56" Covered="False" />
          <Statement FileIndex="475" Line="65" Column="9" EndLine="65" EndColumn="10" Covered="False" />
          <Statement FileIndex="475" Line="67" Column="9" EndLine="67" EndColumn="47" Covered="False" />
          <Statement FileIndex="475" Line="72" Column="5" EndLine="72" EndColumn="6" Covered="False" />
        </Method>
      </Type>
      <Type Name="ColorAnimationExtensions_Picker" CoveredStatements="0" TotalStatements="26" CoveragePercent="0">
        <Type Name="&lt;&gt;c__DisplayClass0_0" CoveredStatements="0" TotalStatements="1" CoveragePercent="0">
          <Method Name="&lt;TextColorTo&gt;b__0(System.Double,System.Boolean):System.Void" CoveredStatements="0" TotalStatements="1" CoveragePercent="0">
            <Statement FileIndex="476" Line="57" Column="84" EndLine="57" EndColumn="125" Covered="False" />
          </Method>
        </Type>
        <Type Name="&lt;&gt;c__DisplayClass0_1" CoveredStatements="0" TotalStatements="1" CoveragePercent="0">
          <Method Name="&lt;TextColorTo&gt;b__5(System.Double):System.Void" CoveredStatements="0" TotalStatements="1" CoveragePercent="0">
            <Statement FileIndex="476" Line="68" Column="120" EndLine="68" EndColumn="168" Covered="False" />
          </Method>
        </Type>
        <Type Name="&lt;&gt;c__DisplayClass0_2" CoveredStatements="0" TotalStatements="1" CoveragePercent="0">
          <Method Name="&lt;TextColorTo&gt;b__6(System.Double):System.Void" CoveredStatements="0" TotalStatements="1" CoveragePercent="0">
            <Statement FileIndex="476" Line="69" Column="124" EndLine="69" EndColumn="174" Covered="False" />
          </Method>
        </Type>
        <Type Name="&lt;&gt;c__DisplayClass0_3" CoveredStatements="0" TotalStatements="1" CoveragePercent="0">
          <Method Name="&lt;TextColorTo&gt;b__7(System.Double):System.Void" CoveredStatements="0" TotalStatements="1" CoveragePercent="0">
            <Statement FileIndex="476" Line="70" Column="122" EndLine="70" EndColumn="171" Covered="False" />
          </Method>
        </Type>
        <Type Name="&lt;&gt;c__DisplayClass0_4" CoveredStatements="0" TotalStatements="1" CoveragePercent="0">
          <Method Name="&lt;TextColorTo&gt;b__8(System.Double):System.Void" CoveredStatements="0" TotalStatements="1" CoveragePercent="0">
            <Statement FileIndex="476" Line="71" Column="124" EndLine="71" EndColumn="181" Covered="False" />
          </Method>
        </Type>
        <Method Name="&lt;TextColorTo&gt;g__GetAlphaTransformAnimation|0_4(Microsoft.Maui.Controls.Picker,System.Single):Microsoft.Maui.Controls.Animation" CoveredStatements="0" TotalStatements="1" CoveragePercent="0">
          <Statement FileIndex="476" Line="71" Column="115" EndLine="71" EndColumn="220" Covered="False" />
        </Method>
        <Method Name="&lt;TextColorTo&gt;g__GetBlueTransformAnimation|0_3(Microsoft.Maui.Controls.Picker,System.Single):Microsoft.Maui.Controls.Animation" CoveredStatements="0" TotalStatements="1" CoveragePercent="0">
          <Statement FileIndex="476" Line="70" Column="113" EndLine="70" EndColumn="208" Covered="False" />
        </Method>
        <Method Name="&lt;TextColorTo&gt;g__GetGreenTransformAnimation|0_2(Microsoft.Maui.Controls.Picker,System.Single):Microsoft.Maui.Controls.Animation" CoveredStatements="0" TotalStatements="1" CoveragePercent="0">
          <Statement FileIndex="476" Line="69" Column="115" EndLine="69" EndColumn="213" Covered="False" />
        </Method>
        <Method Name="&lt;TextColorTo&gt;g__GetRedTransformAnimation|0_1(Microsoft.Maui.Controls.Picker,System.Single):Microsoft.Maui.Controls.Animation" CoveredStatements="0" TotalStatements="1" CoveragePercent="0">
          <Statement FileIndex="476" Line="68" Column="111" EndLine="68" EndColumn="203" Covered="False" />
        </Method>
        <Method Name="TextColorTo(Microsoft.Maui.Controls.Picker,Microsoft.Maui.Graphics.Color,System.UInt32,System.UInt32,Microsoft.Maui.Easing):System.Threading.Tasks.Task&lt;System.Boolean&gt;" CoveredStatements="0" TotalStatements="17" CoveragePercent="0">
          <Statement FileIndex="476" Line="24" Column="5" EndLine="24" EndColumn="6" Covered="False" />
          <Statement FileIndex="476" Line="25" Column="9" EndLine="25" EndColumn="52" Covered="False" />
          <Statement FileIndex="476" Line="26" Column="9" EndLine="26" EndColumn="50" Covered="False" />
          <Statement FileIndex="476" Line="27" Column="9" EndLine="27" EndColumn="54" Covered="False" />
          <Statement FileIndex="476" Line="28" Column="13" EndLine="28" EndColumn="121" Covered="False" />
          <Statement FileIndex="476" Line="31" Column="9" EndLine="31" EndColumn="50" Covered="False" />
          <Statement FileIndex="476" Line="32" Column="9" EndLine="32" EndColumn="74" Covered="False" />
          <Statement FileIndex="476" Line="34" Column="9" EndLine="34" EndColumn="10" Covered="False" />
          <Statement FileIndex="476" Line="35" Column="13" EndLine="57" EndColumn="127" Covered="False" />
          <Statement FileIndex="476" Line="58" Column="9" EndLine="58" EndColumn="10" Covered="False" />
          <Statement FileIndex="476" Line="59" Column="9" EndLine="59" EndColumn="38" Covered="False" />
          <Statement FileIndex="476" Line="60" Column="9" EndLine="60" EndColumn="10" Covered="False" />
          <Statement FileIndex="476" Line="63" Column="13" EndLine="63" EndColumn="149" Covered="False" />
          <Statement FileIndex="476" Line="64" Column="13" EndLine="64" EndColumn="56" Covered="False" />
          <Statement FileIndex="476" Line="65" Column="9" EndLine="65" EndColumn="10" Covered="False" />
          <Statement FileIndex="476" Line="67" Column="9" EndLine="67" EndColumn="47" Covered="False" />
          <Statement FileIndex="476" Line="72" Column="5" EndLine="72" EndColumn="6" Covered="False" />
        </Method>
      </Type>
      <Type Name="ColorAnimationExtensions_RadioButton" CoveredStatements="0" TotalStatements="26" CoveragePercent="0">
        <Type Name="&lt;&gt;c__DisplayClass0_0" CoveredStatements="0" TotalStatements="1" CoveragePercent="0">
          <Method Name="&lt;TextColorTo&gt;b__0(System.Double,System.Boolean):System.Void" CoveredStatements="0" TotalStatements="1" CoveragePercent="0">
            <Statement FileIndex="477" Line="57" Column="84" EndLine="57" EndColumn="125" Covered="False" />
          </Method>
        </Type>
        <Type Name="&lt;&gt;c__DisplayClass0_1" CoveredStatements="0" TotalStatements="1" CoveragePercent="0">
          <Method Name="&lt;TextColorTo&gt;b__5(System.Double):System.Void" CoveredStatements="0" TotalStatements="1" CoveragePercent="0">
            <Statement FileIndex="477" Line="68" Column="125" EndLine="68" EndColumn="173" Covered="False" />
          </Method>
        </Type>
        <Type Name="&lt;&gt;c__DisplayClass0_2" CoveredStatements="0" TotalStatements="1" CoveragePercent="0">
          <Method Name="&lt;TextColorTo&gt;b__6(System.Double):System.Void" CoveredStatements="0" TotalStatements="1" CoveragePercent="0">
            <Statement FileIndex="477" Line="69" Column="129" EndLine="69" EndColumn="179" Covered="False" />
          </Method>
        </Type>
        <Type Name="&lt;&gt;c__DisplayClass0_3" CoveredStatements="0" TotalStatements="1" CoveragePercent="0">
          <Method Name="&lt;TextColorTo&gt;b__7(System.Double):System.Void" CoveredStatements="0" TotalStatements="1" CoveragePercent="0">
            <Statement FileIndex="477" Line="70" Column="127" EndLine="70" EndColumn="176" Covered="False" />
          </Method>
        </Type>
        <Type Name="&lt;&gt;c__DisplayClass0_4" CoveredStatements="0" TotalStatements="1" CoveragePercent="0">
          <Method Name="&lt;TextColorTo&gt;b__8(System.Double):System.Void" CoveredStatements="0" TotalStatements="1" CoveragePercent="0">
            <Statement FileIndex="477" Line="71" Column="129" EndLine="71" EndColumn="186" Covered="False" />
          </Method>
        </Type>
        <Method Name="&lt;TextColorTo&gt;g__GetAlphaTransformAnimation|0_4(Microsoft.Maui.Controls.RadioButton,System.Single):Microsoft.Maui.Controls.Animation" CoveredStatements="0" TotalStatements="1" CoveragePercent="0">
          <Statement FileIndex="477" Line="71" Column="120" EndLine="71" EndColumn="225" Covered="False" />
        </Method>
        <Method Name="&lt;TextColorTo&gt;g__GetBlueTransformAnimation|0_3(Microsoft.Maui.Controls.RadioButton,System.Single):Microsoft.Maui.Controls.Animation" CoveredStatements="0" TotalStatements="1" CoveragePercent="0">
          <Statement FileIndex="477" Line="70" Column="118" EndLine="70" EndColumn="213" Covered="False" />
        </Method>
        <Method Name="&lt;TextColorTo&gt;g__GetGreenTransformAnimation|0_2(Microsoft.Maui.Controls.RadioButton,System.Single):Microsoft.Maui.Controls.Animation" CoveredStatements="0" TotalStatements="1" CoveragePercent="0">
          <Statement FileIndex="477" Line="69" Column="120" EndLine="69" EndColumn="218" Covered="False" />
        </Method>
        <Method Name="&lt;TextColorTo&gt;g__GetRedTransformAnimation|0_1(Microsoft.Maui.Controls.RadioButton,System.Single):Microsoft.Maui.Controls.Animation" CoveredStatements="0" TotalStatements="1" CoveragePercent="0">
          <Statement FileIndex="477" Line="68" Column="116" EndLine="68" EndColumn="208" Covered="False" />
        </Method>
        <Method Name="TextColorTo(Microsoft.Maui.Controls.RadioButton,Microsoft.Maui.Graphics.Color,System.UInt32,System.UInt32,Microsoft.Maui.Easing):System.Threading.Tasks.Task&lt;System.Boolean&gt;" CoveredStatements="0" TotalStatements="17" CoveragePercent="0">
          <Statement FileIndex="477" Line="24" Column="5" EndLine="24" EndColumn="6" Covered="False" />
          <Statement FileIndex="477" Line="25" Column="9" EndLine="25" EndColumn="52" Covered="False" />
          <Statement FileIndex="477" Line="26" Column="9" EndLine="26" EndColumn="50" Covered="False" />
          <Statement FileIndex="477" Line="27" Column="9" EndLine="27" EndColumn="54" Covered="False" />
          <Statement FileIndex="477" Line="28" Column="13" EndLine="28" EndColumn="121" Covered="False" />
          <Statement FileIndex="477" Line="31" Column="9" EndLine="31" EndColumn="50" Covered="False" />
          <Statement FileIndex="477" Line="32" Column="9" EndLine="32" EndColumn="74" Covered="False" />
          <Statement FileIndex="477" Line="34" Column="9" EndLine="34" EndColumn="10" Covered="False" />
          <Statement FileIndex="477" Line="35" Column="13" EndLine="57" EndColumn="127" Covered="False" />
          <Statement FileIndex="477" Line="58" Column="9" EndLine="58" EndColumn="10" Covered="False" />
          <Statement FileIndex="477" Line="59" Column="9" EndLine="59" EndColumn="38" Covered="False" />
          <Statement FileIndex="477" Line="60" Column="9" EndLine="60" EndColumn="10" Covered="False" />
          <Statement FileIndex="477" Line="63" Column="13" EndLine="63" EndColumn="154" Covered="False" />
          <Statement FileIndex="477" Line="64" Column="13" EndLine="64" EndColumn="56" Covered="False" />
          <Statement FileIndex="477" Line="65" Column="9" EndLine="65" EndColumn="10" Covered="False" />
          <Statement FileIndex="477" Line="67" Column="9" EndLine="67" EndColumn="47" Covered="False" />
          <Statement FileIndex="477" Line="72" Column="5" EndLine="72" EndColumn="6" Covered="False" />
        </Method>
      </Type>
      <Type Name="ColorAnimationExtensions_SearchBar" CoveredStatements="0" TotalStatements="26" CoveragePercent="0">
        <Type Name="&lt;&gt;c__DisplayClass0_0" CoveredStatements="0" TotalStatements="1" CoveragePercent="0">
          <Method Name="&lt;TextColorTo&gt;b__0(System.Double,System.Boolean):System.Void" CoveredStatements="0" TotalStatements="1" CoveragePercent="0">
            <Statement FileIndex="478" Line="57" Column="84" EndLine="57" EndColumn="125" Covered="False" />
          </Method>
        </Type>
        <Type Name="&lt;&gt;c__DisplayClass0_1" CoveredStatements="0" TotalStatements="1" CoveragePercent="0">
          <Method Name="&lt;TextColorTo&gt;b__5(System.Double):System.Void" CoveredStatements="0" TotalStatements="1" CoveragePercent="0">
            <Statement FileIndex="478" Line="68" Column="123" EndLine="68" EndColumn="171" Covered="False" />
          </Method>
        </Type>
        <Type Name="&lt;&gt;c__DisplayClass0_2" CoveredStatements="0" TotalStatements="1" CoveragePercent="0">
          <Method Name="&lt;TextColorTo&gt;b__6(System.Double):System.Void" CoveredStatements="0" TotalStatements="1" CoveragePercent="0">
            <Statement FileIndex="478" Line="69" Column="127" EndLine="69" EndColumn="177" Covered="False" />
          </Method>
        </Type>
        <Type Name="&lt;&gt;c__DisplayClass0_3" CoveredStatements="0" TotalStatements="1" CoveragePercent="0">
          <Method Name="&lt;TextColorTo&gt;b__7(System.Double):System.Void" CoveredStatements="0" TotalStatements="1" CoveragePercent="0">
            <Statement FileIndex="478" Line="70" Column="125" EndLine="70" EndColumn="174" Covered="False" />
          </Method>
        </Type>
        <Type Name="&lt;&gt;c__DisplayClass0_4" CoveredStatements="0" TotalStatements="1" CoveragePercent="0">
          <Method Name="&lt;TextColorTo&gt;b__8(System.Double):System.Void" CoveredStatements="0" TotalStatements="1" CoveragePercent="0">
            <Statement FileIndex="478" Line="71" Column="127" EndLine="71" EndColumn="184" Covered="False" />
          </Method>
        </Type>
        <Method Name="&lt;TextColorTo&gt;g__GetAlphaTransformAnimation|0_4(Microsoft.Maui.Controls.SearchBar,System.Single):Microsoft.Maui.Controls.Animation" CoveredStatements="0" TotalStatements="1" CoveragePercent="0">
          <Statement FileIndex="478" Line="71" Column="118" EndLine="71" EndColumn="223" Covered="False" />
        </Method>
        <Method Name="&lt;TextColorTo&gt;g__GetBlueTransformAnimation|0_3(Microsoft.Maui.Controls.SearchBar,System.Single):Microsoft.Maui.Controls.Animation" CoveredStatements="0" TotalStatements="1" CoveragePercent="0">
          <Statement FileIndex="478" Line="70" Column="116" EndLine="70" EndColumn="211" Covered="False" />
        </Method>
        <Method Name="&lt;TextColorTo&gt;g__GetGreenTransformAnimation|0_2(Microsoft.Maui.Controls.SearchBar,System.Single):Microsoft.Maui.Controls.Animation" CoveredStatements="0" TotalStatements="1" CoveragePercent="0">
          <Statement FileIndex="478" Line="69" Column="118" EndLine="69" EndColumn="216" Covered="False" />
        </Method>
        <Method Name="&lt;TextColorTo&gt;g__GetRedTransformAnimation|0_1(Microsoft.Maui.Controls.SearchBar,System.Single):Microsoft.Maui.Controls.Animation" CoveredStatements="0" TotalStatements="1" CoveragePercent="0">
          <Statement FileIndex="478" Line="68" Column="114" EndLine="68" EndColumn="206" Covered="False" />
        </Method>
        <Method Name="TextColorTo(Microsoft.Maui.Controls.SearchBar,Microsoft.Maui.Graphics.Color,System.UInt32,System.UInt32,Microsoft.Maui.Easing):System.Threading.Tasks.Task&lt;System.Boolean&gt;" CoveredStatements="0" TotalStatements="17" CoveragePercent="0">
          <Statement FileIndex="478" Line="24" Column="5" EndLine="24" EndColumn="6" Covered="False" />
          <Statement FileIndex="478" Line="25" Column="9" EndLine="25" EndColumn="52" Covered="False" />
          <Statement FileIndex="478" Line="26" Column="9" EndLine="26" EndColumn="50" Covered="False" />
          <Statement FileIndex="478" Line="27" Column="9" EndLine="27" EndColumn="54" Covered="False" />
          <Statement FileIndex="478" Line="28" Column="13" EndLine="28" EndColumn="121" Covered="False" />
          <Statement FileIndex="478" Line="31" Column="9" EndLine="31" EndColumn="50" Covered="False" />
          <Statement FileIndex="478" Line="32" Column="9" EndLine="32" EndColumn="74" Covered="False" />
          <Statement FileIndex="478" Line="34" Column="9" EndLine="34" EndColumn="10" Covered="False" />
          <Statement FileIndex="478" Line="35" Column="13" EndLine="57" EndColumn="127" Covered="False" />
          <Statement FileIndex="478" Line="58" Column="9" EndLine="58" EndColumn="10" Covered="False" />
          <Statement FileIndex="478" Line="59" Column="9" EndLine="59" EndColumn="38" Covered="False" />
          <Statement FileIndex="478" Line="60" Column="9" EndLine="60" EndColumn="10" Covered="False" />
          <Statement FileIndex="478" Line="63" Column="13" EndLine="63" EndColumn="152" Covered="False" />
          <Statement FileIndex="478" Line="64" Column="13" EndLine="64" EndColumn="56" Covered="False" />
          <Statement FileIndex="478" Line="65" Column="9" EndLine="65" EndColumn="10" Covered="False" />
          <Statement FileIndex="478" Line="67" Column="9" EndLine="67" EndColumn="47" Covered="False" />
          <Statement FileIndex="478" Line="72" Column="5" EndLine="72" EndColumn="6" Covered="False" />
        </Method>
      </Type>
      <Type Name="ColorAnimationExtensions_TimePicker" CoveredStatements="0" TotalStatements="26" CoveragePercent="0">
        <Type Name="&lt;&gt;c__DisplayClass0_0" CoveredStatements="0" TotalStatements="1" CoveragePercent="0">
          <Method Name="&lt;TextColorTo&gt;b__0(System.Double,System.Boolean):System.Void" CoveredStatements="0" TotalStatements="1" CoveragePercent="0">
            <Statement FileIndex="479" Line="57" Column="84" EndLine="57" EndColumn="125" Covered="False" />
          </Method>
        </Type>
        <Type Name="&lt;&gt;c__DisplayClass0_1" CoveredStatements="0" TotalStatements="1" CoveragePercent="0">
          <Method Name="&lt;TextColorTo&gt;b__5(System.Double):System.Void" CoveredStatements="0" TotalStatements="1" CoveragePercent="0">
            <Statement FileIndex="479" Line="68" Column="124" EndLine="68" EndColumn="172" Covered="False" />
          </Method>
        </Type>
        <Type Name="&lt;&gt;c__DisplayClass0_2" CoveredStatements="0" TotalStatements="1" CoveragePercent="0">
          <Method Name="&lt;TextColorTo&gt;b__6(System.Double):System.Void" CoveredStatements="0" TotalStatements="1" CoveragePercent="0">
            <Statement FileIndex="479" Line="69" Column="128" EndLine="69" EndColumn="178" Covered="False" />
          </Method>
        </Type>
        <Type Name="&lt;&gt;c__DisplayClass0_3" CoveredStatements="0" TotalStatements="1" CoveragePercent="0">
          <Method Name="&lt;TextColorTo&gt;b__7(System.Double):System.Void" CoveredStatements="0" TotalStatements="1" CoveragePercent="0">
            <Statement FileIndex="479" Line="70" Column="126" EndLine="70" EndColumn="175" Covered="False" />
          </Method>
        </Type>
        <Type Name="&lt;&gt;c__DisplayClass0_4" CoveredStatements="0" TotalStatements="1" CoveragePercent="0">
          <Method Name="&lt;TextColorTo&gt;b__8(System.Double):System.Void" CoveredStatements="0" TotalStatements="1" CoveragePercent="0">
            <Statement FileIndex="479" Line="71" Column="128" EndLine="71" EndColumn="185" Covered="False" />
          </Method>
        </Type>
        <Method Name="&lt;TextColorTo&gt;g__GetAlphaTransformAnimation|0_4(Microsoft.Maui.Controls.TimePicker,System.Single):Microsoft.Maui.Controls.Animation" CoveredStatements="0" TotalStatements="1" CoveragePercent="0">
          <Statement FileIndex="479" Line="71" Column="119" EndLine="71" EndColumn="224" Covered="False" />
        </Method>
        <Method Name="&lt;TextColorTo&gt;g__GetBlueTransformAnimation|0_3(Microsoft.Maui.Controls.TimePicker,System.Single):Microsoft.Maui.Controls.Animation" CoveredStatements="0" TotalStatements="1" CoveragePercent="0">
          <Statement FileIndex="479" Line="70" Column="117" EndLine="70" EndColumn="212" Covered="False" />
        </Method>
        <Method Name="&lt;TextColorTo&gt;g__GetGreenTransformAnimation|0_2(Microsoft.Maui.Controls.TimePicker,System.Single):Microsoft.Maui.Controls.Animation" CoveredStatements="0" TotalStatements="1" CoveragePercent="0">
          <Statement FileIndex="479" Line="69" Column="119" EndLine="69" EndColumn="217" Covered="False" />
        </Method>
        <Method Name="&lt;TextColorTo&gt;g__GetRedTransformAnimation|0_1(Microsoft.Maui.Controls.TimePicker,System.Single):Microsoft.Maui.Controls.Animation" CoveredStatements="0" TotalStatements="1" CoveragePercent="0">
          <Statement FileIndex="479" Line="68" Column="115" EndLine="68" EndColumn="207" Covered="False" />
        </Method>
        <Method Name="TextColorTo(Microsoft.Maui.Controls.TimePicker,Microsoft.Maui.Graphics.Color,System.UInt32,System.UInt32,Microsoft.Maui.Easing):System.Threading.Tasks.Task&lt;System.Boolean&gt;" CoveredStatements="0" TotalStatements="17" CoveragePercent="0">
          <Statement FileIndex="479" Line="24" Column="5" EndLine="24" EndColumn="6" Covered="False" />
          <Statement FileIndex="479" Line="25" Column="9" EndLine="25" EndColumn="52" Covered="False" />
          <Statement FileIndex="479" Line="26" Column="9" EndLine="26" EndColumn="50" Covered="False" />
          <Statement FileIndex="479" Line="27" Column="9" EndLine="27" EndColumn="54" Covered="False" />
          <Statement FileIndex="479" Line="28" Column="13" EndLine="28" EndColumn="121" Covered="False" />
          <Statement FileIndex="479" Line="31" Column="9" EndLine="31" EndColumn="50" Covered="False" />
          <Statement FileIndex="479" Line="32" Column="9" EndLine="32" EndColumn="74" Covered="False" />
          <Statement FileIndex="479" Line="34" Column="9" EndLine="34" EndColumn="10" Covered="False" />
          <Statement FileIndex="479" Line="35" Column="13" EndLine="57" EndColumn="127" Covered="False" />
          <Statement FileIndex="479" Line="58" Column="9" EndLine="58" EndColumn="10" Covered="False" />
          <Statement FileIndex="479" Line="59" Column="9" EndLine="59" EndColumn="38" Covered="False" />
          <Statement FileIndex="479" Line="60" Column="9" EndLine="60" EndColumn="10" Covered="False" />
          <Statement FileIndex="479" Line="63" Column="13" EndLine="63" EndColumn="153" Covered="False" />
          <Statement FileIndex="479" Line="64" Column="13" EndLine="64" EndColumn="56" Covered="False" />
          <Statement FileIndex="479" Line="65" Column="9" EndLine="65" EndColumn="10" Covered="False" />
          <Statement FileIndex="479" Line="67" Column="9" EndLine="67" EndColumn="47" Covered="False" />
          <Statement FileIndex="479" Line="72" Column="5" EndLine="72" EndColumn="6" Covered="False" />
        </Method>
      </Type>
    </Namespace>
  </Assembly>
  <Assembly Name="CoffeeSpace.Client" CoveredStatements="0" TotalStatements="784" CoveragePercent="0">
    <Namespace Name="CoffeeSpace.Client" CoveredStatements="0" TotalStatements="32" CoveragePercent="0">
      <Type Name="App" CoveredStatements="0" TotalStatements="5" CoveragePercent="0">
        <Method Name=".ctor():System.Void" CoveredStatements="0" TotalStatements="5" CoveragePercent="0">
          <Statement FileIndex="399" Line="8" Column="5" EndLine="8" EndColumn="17" Covered="False" />
          <Statement FileIndex="399" Line="9" Column="5" EndLine="9" EndColumn="6" Covered="False" />
          <Statement FileIndex="399" Line="10" Column="9" EndLine="10" EndColumn="31" Covered="False" />
          <Statement FileIndex="399" Line="12" Column="9" EndLine="12" EndColumn="35" Covered="False" />
          <Statement FileIndex="399" Line="13" Column="5" EndLine="13" EndColumn="6" Covered="False" />
        </Method>
      </Type>
      <Type Name="AppShell" CoveredStatements="0" TotalStatements="9" CoveragePercent="0">
        <Method Name=".ctor():System.Void" CoveredStatements="0" TotalStatements="9" CoveragePercent="0">
          <Statement FileIndex="516" Line="7" Column="5" EndLine="7" EndColumn="22" Covered="False" />
          <Statement FileIndex="516" Line="8" Column="5" EndLine="8" EndColumn="6" Covered="False" />
          <Statement FileIndex="516" Line="9" Column="9" EndLine="9" EndColumn="31" Covered="False" />
          <Statement FileIndex="516" Line="11" Column="9" EndLine="11" EndColumn="67" Covered="False" />
          <Statement FileIndex="516" Line="12" Column="9" EndLine="12" EndColumn="91" Covered="False" />
          <Statement FileIndex="516" Line="13" Column="9" EndLine="13" EndColumn="75" Covered="False" />
          <Statement FileIndex="516" Line="14" Column="9" EndLine="14" EndColumn="69" Covered="False" />
          <Statement FileIndex="516" Line="15" Column="9" EndLine="15" EndColumn="83" Covered="False" />
          <Statement FileIndex="516" Line="16" Column="5" EndLine="16" EndColumn="6" Covered="False" />
        </Method>
      </Type>
      <Type Name="MauiProgram" CoveredStatements="0" TotalStatements="18" CoveragePercent="0">
        <Type Name="&lt;&gt;c" CoveredStatements="0" TotalStatements="4" CoveragePercent="0">
          <Method Name="&lt;CreateMauiApp&gt;b__0_0(Microsoft.Maui.Hosting.IFontCollection):System.Void" CoveredStatements="0" TotalStatements="4" CoveragePercent="0">
            <Statement FileIndex="413" Line="21" Column="13" EndLine="21" EndColumn="14" Covered="False" />
            <Statement FileIndex="413" Line="22" Column="17" EndLine="22" EndColumn="74" Covered="False" />
            <Statement FileIndex="413" Line="23" Column="17" EndLine="23" EndColumn="76" Covered="False" />
            <Statement FileIndex="413" Line="24" Column="13" EndLine="24" EndColumn="14" Covered="False" />
          </Method>
        </Type>
        <Method Name="CreateMauiApp():Microsoft.Maui.Hosting.MauiApp" CoveredStatements="0" TotalStatements="14" CoveragePercent="0">
          <Statement FileIndex="413" Line="15" Column="5" EndLine="15" EndColumn="6" Covered="False" />
          <Statement FileIndex="413" Line="16" Column="9" EndLine="16" EndColumn="47" Covered="False" />
          <Statement FileIndex="413" Line="17" Column="9" EndLine="25" EndColumn="38" Covered="False" />
          <Statement FileIndex="413" Line="27" Column="9" EndLine="27" EndColumn="59" Covered="False" />
          <Statement FileIndex="413" Line="28" Column="9" EndLine="28" EndColumn="64" Covered="False" />
          <Statement FileIndex="413" Line="30" Column="9" EndLine="30" EndColumn="64" Covered="False" />
          <Statement FileIndex="413" Line="31" Column="9" EndLine="31" EndColumn="98" Covered="False" />
          <Statement FileIndex="413" Line="33" Column="9" EndLine="33" EndColumn="40" Covered="False" />
          <Statement FileIndex="413" Line="34" Column="9" EndLine="34" EndColumn="76" Covered="False" />
          <Statement FileIndex="413" Line="35" Column="9" EndLine="35" EndColumn="76" Covered="False" />
          <Statement FileIndex="413" Line="37" Column="9" EndLine="41" EndColumn="49" Covered="False" />
          <Statement FileIndex="413" Line="44" Column="9" EndLine="44" EndColumn="36" Covered="False" />
          <Statement FileIndex="413" Line="46" Column="9" EndLine="46" EndColumn="32" Covered="False" />
          <Statement FileIndex="413" Line="47" Column="5" EndLine="47" EndColumn="6" Covered="False" />
        </Method>
      </Type>
    </Namespace>
    <Namespace Name="CoffeeSpace.Client._ViewModels" CoveredStatements="0" TotalStatements="146" CoveragePercent="0">
      <Type Name="CartViewModel" CoveredStatements="0" TotalStatements="19" CoveragePercent="0">
        <Type Name="&lt;&gt;c__DisplayClass3_0" CoveredStatements="0" TotalStatements="1" CoveragePercent="0">
          <Method Name="&lt;AddOrderItemIntoCart&gt;b__0(CoffeeSpace.Client.Models.Ordering.OrderItem):System.Boolean" CoveredStatements="0" TotalStatements="1" CoveragePercent="0">
            <Statement FileIndex="449" Line="28" Column="64" EndLine="28" EndColumn="144" Covered="False" />
          </Method>
        </Type>
        <Type Name="&lt;ConfirmOrdersStock&gt;d__4" CoveredStatements="0" TotalStatements="5" CoveragePercent="0">
          <Method Name="MoveNext():System.Void" CoveredStatements="0" TotalStatements="5" CoveragePercent="0">
            <Statement FileIndex="449" Line="40" Column="5" EndLine="40" EndColumn="6" Covered="False" />
            <Statement FileIndex="449" Line="41" Column="9" EndLine="44" EndColumn="31" Covered="False" />
            <Statement FileIndex="449" Line="46" Column="9" EndLine="46" EndColumn="28" Covered="False" />
            <Statement FileIndex="449" Line="47" Column="9" EndLine="47" EndColumn="69" Covered="False" />
            <Statement FileIndex="449" Line="48" Column="5" EndLine="48" EndColumn="6" Covered="False" />
          </Method>
        </Type>
        <Method Name=".ctor(Mediator.ISender):System.Void" CoveredStatements="0" TotalStatements="5" CoveragePercent="0">
          <Statement FileIndex="449" Line="19" Column="5" EndLine="19" EndColumn="41" Covered="False" />
          <Statement FileIndex="449" Line="20" Column="5" EndLine="20" EndColumn="6" Covered="False" />
          <Statement FileIndex="449" Line="21" Column="9" EndLine="21" EndColumn="26" Covered="False" />
          <Statement FileIndex="449" Line="22" Column="9" EndLine="22" EndColumn="61" Covered="False" />
          <Statement FileIndex="449" Line="23" Column="5" EndLine="23" EndColumn="6" Covered="False" />
        </Method>
        <Method Name="AddOrderItemIntoCart(CoffeeSpace.Client.Models.Ordering.OrderItem):System.Void" CoveredStatements="0" TotalStatements="8" CoveragePercent="0">
          <Statement FileIndex="449" Line="27" Column="5" EndLine="27" EndColumn="6" Covered="False" />
          <Statement FileIndex="449" Line="28" Column="9" EndLine="28" EndColumn="146" Covered="False" />
          <Statement FileIndex="449" Line="29" Column="9" EndLine="29" EndColumn="61" Covered="False" />
          <Statement FileIndex="449" Line="30" Column="9" EndLine="30" EndColumn="10" Covered="False" />
          <Statement FileIndex="449" Line="31" Column="13" EndLine="31" EndColumn="44" Covered="False" />
          <Statement FileIndex="449" Line="32" Column="13" EndLine="32" EndColumn="20" Covered="False" />
          <Statement FileIndex="449" Line="35" Column="9" EndLine="35" EndColumn="55" Covered="False" />
          <Statement FileIndex="449" Line="36" Column="5" EndLine="36" EndColumn="6" Covered="False" />
        </Method>
      </Type>
      <Type Name="LoginViewModel" CoveredStatements="0" TotalStatements="17" CoveragePercent="0">
        <Type Name="&lt;AuthenticateAsync&gt;d__3" CoveredStatements="0" TotalStatements="9" CoveragePercent="0">
          <Method Name="MoveNext():System.Void" CoveredStatements="0" TotalStatements="9" CoveragePercent="0">
            <Statement FileIndex="450" Line="24" Column="5" EndLine="24" EndColumn="6" Covered="False" />
            <Statement FileIndex="450" Line="25" Column="9" EndLine="25" EndColumn="89" Covered="False" />
            <Statement FileIndex="450" Line="26" Column="9" EndLine="26" EndColumn="32" Covered="False" />
            <Statement FileIndex="450" Line="27" Column="9" EndLine="27" EndColumn="10" Covered="False" />
            <Statement FileIndex="450" Line="28" Column="13" EndLine="28" EndColumn="125" Covered="False" />
            <Statement FileIndex="450" Line="28" Column="126" EndLine="28" EndColumn="127" Covered="False" />
            <Statement FileIndex="450" Line="29" Column="13" EndLine="29" EndColumn="20" Covered="False" />
            <Statement FileIndex="450" Line="32" Column="9" EndLine="32" EndColumn="57" Covered="False" />
            <Statement FileIndex="450" Line="33" Column="5" EndLine="33" EndColumn="6" Covered="False" />
          </Method>
        </Type>
        <Type Name="&lt;GoToRegisterFormAsync&gt;d__4" CoveredStatements="0" TotalStatements="3" CoveragePercent="0">
          <Method Name="MoveNext():System.Void" CoveredStatements="0" TotalStatements="3" CoveragePercent="0">
            <Statement FileIndex="450" Line="37" Column="5" EndLine="37" EndColumn="6" Covered="False" />
            <Statement FileIndex="450" Line="38" Column="9" EndLine="38" EndColumn="61" Covered="False" />
            <Statement FileIndex="450" Line="39" Column="5" EndLine="39" EndColumn="6" Covered="False" />
          </Method>
        </Type>
        <Method Name=".ctor(CoffeeSpace.Client.Services.Abstractions.IAuthService):System.Void" CoveredStatements="0" TotalStatements="5" CoveragePercent="0">
          <Statement FileIndex="450" Line="16" Column="5" EndLine="16" EndColumn="52" Covered="False" />
          <Statement FileIndex="450" Line="17" Column="5" EndLine="17" EndColumn="6" Covered="False" />
          <Statement FileIndex="450" Line="18" Column="9" EndLine="18" EndColumn="36" Covered="False" />
          <Statement FileIndex="450" Line="19" Column="9" EndLine="19" EndColumn="44" Covered="False" />
          <Statement FileIndex="450" Line="20" Column="5" EndLine="20" EndColumn="6" Covered="False" />
        </Method>
      </Type>
      <Type Name="MainViewModel" CoveredStatements="0" TotalStatements="8" CoveragePercent="0">
        <Type Name="&lt;AddToCart&gt;d__3" CoveredStatements="0" TotalStatements="3" CoveragePercent="0">
          <Method Name="MoveNext():System.Void" CoveredStatements="0" TotalStatements="3" CoveragePercent="0">
            <Statement FileIndex="451" Line="25" Column="5" EndLine="25" EndColumn="6" Covered="False" />
            <Statement FileIndex="451" Line="26" Column="9" EndLine="29" EndColumn="31" Covered="False" />
            <Statement FileIndex="451" Line="30" Column="5" EndLine="30" EndColumn="6" Covered="False" />
          </Method>
        </Type>
        <Method Name=".ctor(Mediator.ISender):System.Void" CoveredStatements="0" TotalStatements="5" CoveragePercent="0">
          <Statement FileIndex="451" Line="17" Column="5" EndLine="17" EndColumn="41" Covered="False" />
          <Statement FileIndex="451" Line="18" Column="5" EndLine="18" EndColumn="6" Covered="False" />
          <Statement FileIndex="451" Line="19" Column="9" EndLine="19" EndColumn="26" Covered="False" />
          <Statement FileIndex="451" Line="20" Column="9" EndLine="20" EndColumn="57" Covered="False" />
          <Statement FileIndex="451" Line="21" Column="5" EndLine="21" EndColumn="6" Covered="False" />
        </Method>
      </Type>
      <Type Name="OrderInformationViewModel" CoveredStatements="0" TotalStatements="14" CoveragePercent="0">
        <Type Name="&lt;CreateOrderAsync&gt;d__4" CoveredStatements="0" TotalStatements="9" CoveragePercent="0">
          <Method Name="MoveNext():System.Void" CoveredStatements="0" TotalStatements="9" CoveragePercent="0">
            <Statement FileIndex="532" Line="27" Column="5" EndLine="27" EndColumn="6" Covered="False" />
            <Statement FileIndex="532" Line="28" Column="9" EndLine="28" EndColumn="67" Covered="False" />
            <Statement FileIndex="532" Line="29" Column="9" EndLine="38" EndColumn="31" Covered="False" />
            <Statement FileIndex="532" Line="40" Column="9" EndLine="40" EndColumn="21" Covered="False" />
            <Statement FileIndex="532" Line="41" Column="9" EndLine="41" EndColumn="10" Covered="False" />
            <Statement FileIndex="532" Line="42" Column="13" EndLine="42" EndColumn="128" Covered="False" />
            <Statement FileIndex="532" Line="43" Column="13" EndLine="43" EndColumn="20" Covered="False" />
            <Statement FileIndex="532" Line="46" Column="9" EndLine="46" EndColumn="45" Covered="False" />
            <Statement FileIndex="532" Line="47" Column="5" EndLine="47" EndColumn="6" Covered="False" />
          </Method>
        </Type>
        <Method Name=".ctor(Mediator.ISender):System.Void" CoveredStatements="0" TotalStatements="5" CoveragePercent="0">
          <Statement FileIndex="532" Line="18" Column="5" EndLine="18" EndColumn="51" Covered="False" />
          <Statement FileIndex="532" Line="20" Column="5" EndLine="20" EndColumn="53" Covered="False" />
          <Statement FileIndex="532" Line="21" Column="5" EndLine="21" EndColumn="6" Covered="False" />
          <Statement FileIndex="532" Line="22" Column="9" EndLine="22" EndColumn="26" Covered="False" />
          <Statement FileIndex="532" Line="23" Column="5" EndLine="23" EndColumn="6" Covered="False" />
        </Method>
      </Type>
      <Type Name="OrderPaymentViewModel" CoveredStatements="0" TotalStatements="3" CoveragePercent="0">
        <Method Name="ApplyQueryAttributes(System.Collections.Generic.IDictionary&lt;System.String,System.Object&gt;):System.Void" CoveredStatements="0" TotalStatements="3" CoveragePercent="0">
          <Statement FileIndex="533" Line="13" Column="5" EndLine="13" EndColumn="6" Covered="False" />
          <Statement FileIndex="533" Line="14" Column="9" EndLine="14" EndColumn="75" Covered="False" />
          <Statement FileIndex="533" Line="15" Column="5" EndLine="15" EndColumn="6" Covered="False" />
        </Method>
      </Type>
      <Type Name="OrderViewModel" CoveredStatements="0" TotalStatements="69" CoveragePercent="0">
        <Type Name="&lt;&gt;c__DisplayClass1_0" CoveredStatements="0" TotalStatements="8" CoveragePercent="0">
          <Method Name="&lt;.ctor&gt;b__3():System.Void" CoveredStatements="0" TotalStatements="7" CoveragePercent="0">
            <Statement FileIndex="534" Line="23" Column="13" EndLine="23" EndColumn="14" Covered="False" />
            <Statement FileIndex="534" Line="24" Column="17" EndLine="24" EndColumn="68" Covered="False" />
            <Statement FileIndex="534" Line="25" Column="17" EndLine="25" EndColumn="32" Covered="False" />
            <Statement FileIndex="534" Line="26" Column="17" EndLine="26" EndColumn="18" Covered="False" />
            <Statement FileIndex="534" Line="27" Column="21" EndLine="27" EndColumn="28" Covered="False" />
            <Statement FileIndex="534" Line="30" Column="17" EndLine="30" EndColumn="35" Covered="False" />
            <Statement FileIndex="534" Line="31" Column="13" EndLine="31" EndColumn="14" Covered="False" />
          </Method>
          <Method Name="&lt;.ctor&gt;b__4(CoffeeSpace.Client.Models.Ordering.Order):System.Boolean" CoveredStatements="0" TotalStatements="1" CoveragePercent="0">
            <Statement FileIndex="534" Line="24" Column="50" EndLine="24" EndColumn="66" Covered="False" />
          </Method>
        </Type>
        <Type Name="&lt;&gt;c__DisplayClass1_1" CoveredStatements="0" TotalStatements="7" CoveragePercent="0">
          <Method Name="&lt;.ctor&gt;b__5(CoffeeSpace.Client.Models.Ordering.Order):System.Boolean" CoveredStatements="0" TotalStatements="1" CoveragePercent="0">
            <Statement FileIndex="534" Line="36" Column="64" EndLine="36" EndColumn="83" Covered="False" />
          </Method>
          <Method Name="&lt;.ctor&gt;b__6(System.Object,System.ComponentModel.PropertyChangedEventArgs):System.Void" CoveredStatements="0" TotalStatements="6" CoveragePercent="0">
            <Statement FileIndex="534" Line="54" Column="13" EndLine="54" EndColumn="14" Covered="False" />
            <Statement FileIndex="534" Line="55" Column="17" EndLine="55" EndColumn="71" Covered="False" />
            <Statement FileIndex="534" Line="56" Column="17" EndLine="56" EndColumn="18" Covered="False" />
            <Statement FileIndex="534" Line="57" Column="21" EndLine="57" EndColumn="28" Covered="False" />
            <Statement FileIndex="534" Line="60" Column="17" EndLine="60" EndColumn="91" Covered="False" />
            <Statement FileIndex="534" Line="61" Column="13" EndLine="61" EndColumn="14" Covered="False" />
          </Method>
        </Type>
        <Type Name="&lt;&gt;c__DisplayClass1_2" CoveredStatements="0" TotalStatements="1" CoveragePercent="0">
          <Method Name="&lt;.ctor&gt;b__7(CoffeeSpace.Client.Models.Ordering.Order):System.Boolean" CoveredStatements="0" TotalStatements="1" CoveragePercent="0">
            <Statement FileIndex="534" Line="67" Column="61" EndLine="67" EndColumn="80" Covered="False" />
          </Method>
        </Type>
        <Type Name="&lt;&gt;c__DisplayClass3_0" CoveredStatements="0" TotalStatements="9" CoveragePercent="0">
          <Method Name="&lt;StartOrderPaymentTimerAsync&gt;b__0():System.Void" CoveredStatements="0" TotalStatements="9" CoveragePercent="0">
            <Statement FileIndex="534" Line="91" Column="9" EndLine="91" EndColumn="10" Covered="False" />
            <Statement FileIndex="534" Line="92" Column="13" EndLine="92" EndColumn="68" Covered="False" />
            <Statement FileIndex="534" Line="95" Column="13" EndLine="95" EndColumn="14" Covered="False" />
            <Statement FileIndex="534" Line="96" Column="17" EndLine="96" EndColumn="73" Covered="False" />
            <Statement FileIndex="534" Line="97" Column="17" EndLine="97" EndColumn="55" Covered="False" />
            <Statement FileIndex="534" Line="99" Column="13" EndLine="99" EndColumn="14" Covered="False" />
            <Statement FileIndex="534" Line="99" Column="15" EndLine="99" EndColumn="115" Covered="False" />
            <Statement FileIndex="534" Line="101" Column="13" EndLine="101" EndColumn="46" Covered="False" />
            <Statement FileIndex="534" Line="102" Column="9" EndLine="102" EndColumn="10" Covered="False" />
          </Method>
        </Type>
        <Type Name="&lt;ProceedToPaymentAsync&gt;d__4" CoveredStatements="0" TotalStatements="3" CoveragePercent="0">
          <Method Name="MoveNext():System.Void" CoveredStatements="0" TotalStatements="3" CoveragePercent="0">
            <Statement FileIndex="534" Line="107" Column="5" EndLine="107" EndColumn="6" Covered="False" />
            <Statement FileIndex="534" Line="108" Column="9" EndLine="109" EndColumn="104" Covered="False" />
            <Statement FileIndex="534" Line="110" Column="5" EndLine="110" EndColumn="6" Covered="False" />
          </Method>
        </Type>
        <Type Name="&lt;StartOrderPaymentTimerAsync&gt;d__3" CoveredStatements="0" TotalStatements="3" CoveragePercent="0">
          <Method Name="MoveNext():System.Void" CoveredStatements="0" TotalStatements="3" CoveragePercent="0">
            <Statement FileIndex="534" Line="89" Column="5" EndLine="89" EndColumn="6" Covered="False" />
            <Statement FileIndex="534" Line="90" Column="9" EndLine="102" EndColumn="31" Covered="False" />
            <Statement FileIndex="534" Line="103" Column="5" EndLine="103" EndColumn="6" Covered="False" />
          </Method>
        </Type>
        <Method Name=".ctor(CoffeeSpace.Client.Services.Abstractions.IHubConnectionService):System.Void" CoveredStatements="0" TotalStatements="7" CoveragePercent="0">
          <Statement FileIndex="534" Line="16" Column="5" EndLine="16" EndColumn="70" Covered="False" />
          <Statement FileIndex="534" Line="17" Column="5" EndLine="17" EndColumn="6" Covered="False" />
          <Statement FileIndex="534" Line="18" Column="9" EndLine="18" EndColumn="52" Covered="False" />
          <Statement FileIndex="534" Line="20" Column="9" EndLine="32" EndColumn="12" Covered="False" />
          <Statement FileIndex="534" Line="34" Column="9" EndLine="63" EndColumn="12" Covered="False" />
          <Statement FileIndex="534" Line="65" Column="9" EndLine="74" EndColumn="12" Covered="False" />
          <Statement FileIndex="534" Line="75" Column="5" EndLine="75" EndColumn="6" Covered="False" />
        </Method>
        <Method Name="&lt;.ctor&gt;b__1_0(CoffeeSpace.Client.Models.Ordering.Order):System.Void" CoveredStatements="0" TotalStatements="3" CoveragePercent="0">
          <Statement FileIndex="534" Line="21" Column="9" EndLine="21" EndColumn="10" Covered="False" />
          <Statement FileIndex="534" Line="22" Column="13" EndLine="31" EndColumn="16" Covered="False" />
          <Statement FileIndex="534" Line="32" Column="9" EndLine="32" EndColumn="10" Covered="False" />
        </Method>
        <Method Name="&lt;.ctor&gt;b__1_1(CoffeeSpace.Client.Models.Ordering.OrderStatus,System.String):System.Void" CoveredStatements="0" TotalStatements="14" CoveragePercent="0">
          <Statement FileIndex="534" Line="35" Column="9" EndLine="35" EndColumn="10" Covered="False" />
          <Statement FileIndex="534" Line="36" Column="13" EndLine="36" EndColumn="85" Covered="False" />
          <Statement FileIndex="534" Line="37" Column="13" EndLine="37" EndColumn="39" Covered="False" />
          <Statement FileIndex="534" Line="38" Column="13" EndLine="38" EndColumn="14" Covered="False" />
          <Statement FileIndex="534" Line="39" Column="17" EndLine="39" EndColumn="24" Covered="False" />
          <Statement FileIndex="534" Line="42" Column="13" EndLine="42" EndColumn="51" Covered="False" />
          <Statement FileIndex="534" Line="43" Column="13" EndLine="43" EndColumn="66" Covered="False" />
          <Statement FileIndex="534" Line="44" Column="13" EndLine="44" EndColumn="14" Covered="False" />
          <Statement FileIndex="534" Line="45" Column="17" EndLine="45" EndColumn="24" Covered="False" />
          <Statement FileIndex="534" Line="48" Column="13" EndLine="48" EndColumn="96" Covered="False" />
          <Statement FileIndex="534" Line="49" Column="13" EndLine="49" EndColumn="55" Covered="False" />
          <Statement FileIndex="534" Line="51" Column="13" EndLine="51" EndColumn="63" Covered="False" />
          <Statement FileIndex="534" Line="53" Column="13" EndLine="61" EndColumn="15" Covered="False" />
          <Statement FileIndex="534" Line="63" Column="9" EndLine="63" EndColumn="10" Covered="False" />
        </Method>
        <Method Name="&lt;.ctor&gt;b__1_2(System.String,System.String):System.Void" CoveredStatements="0" TotalStatements="7" CoveragePercent="0">
          <Statement FileIndex="534" Line="66" Column="9" EndLine="66" EndColumn="10" Covered="False" />
          <Statement FileIndex="534" Line="67" Column="13" EndLine="67" EndColumn="82" Covered="False" />
          <Statement FileIndex="534" Line="68" Column="13" EndLine="68" EndColumn="36" Covered="False" />
          <Statement FileIndex="534" Line="69" Column="13" EndLine="69" EndColumn="14" Covered="False" />
          <Statement FileIndex="534" Line="70" Column="17" EndLine="70" EndColumn="24" Covered="False" />
          <Statement FileIndex="534" Line="73" Column="13" EndLine="73" EndColumn="59" Covered="False" />
          <Statement FileIndex="534" Line="74" Column="9" EndLine="74" EndColumn="10" Covered="False" />
        </Method>
        <Method Name="RequestTimerCancellationOnNewOrderStatus(System.Object,System.Threading.CancellationTokenSource):System.Void" CoveredStatements="0" TotalStatements="7" CoveragePercent="0">
          <Statement FileIndex="534" Line="79" Column="5" EndLine="79" EndColumn="6" Covered="False" />
          <Statement FileIndex="534" Line="80" Column="9" EndLine="80" EndColumn="44" Covered="False" />
          <Statement FileIndex="534" Line="81" Column="9" EndLine="81" EndColumn="67" Covered="False" />
          <Statement FileIndex="534" Line="82" Column="9" EndLine="82" EndColumn="10" Covered="False" />
          <Statement FileIndex="534" Line="83" Column="13" EndLine="83" EndColumn="46" Covered="False" />
          <Statement FileIndex="534" Line="84" Column="9" EndLine="84" EndColumn="10" Covered="False" />
          <Statement FileIndex="534" Line="85" Column="5" EndLine="85" EndColumn="6" Covered="False" />
        </Method>
      </Type>
      <Type Name="RegisterViewModel" CoveredStatements="0" TotalStatements="16" CoveragePercent="0">
        <Type Name="&lt;GoToLoginFormAsync&gt;d__4" CoveredStatements="0" TotalStatements="3" CoveragePercent="0">
          <Method Name="MoveNext():System.Void" CoveredStatements="0" TotalStatements="3" CoveragePercent="0">
            <Statement FileIndex="455" Line="37" Column="5" EndLine="37" EndColumn="6" Covered="False" />
            <Statement FileIndex="455" Line="38" Column="9" EndLine="38" EndColumn="58" Covered="False" />
            <Statement FileIndex="455" Line="39" Column="5" EndLine="39" EndColumn="6" Covered="False" />
          </Method>
        </Type>
        <Type Name="&lt;RegisterAsync&gt;d__3" CoveredStatements="0" TotalStatements="8" CoveragePercent="0">
          <Method Name="MoveNext():System.Void" CoveredStatements="0" TotalStatements="8" CoveragePercent="0">
            <Statement FileIndex="455" Line="24" Column="5" EndLine="24" EndColumn="6" Covered="False" />
            <Statement FileIndex="455" Line="25" Column="9" EndLine="25" EndColumn="95" Covered="False" />
            <Statement FileIndex="455" Line="26" Column="9" EndLine="26" EndColumn="32" Covered="False" />
            <Statement FileIndex="455" Line="27" Column="9" EndLine="27" EndColumn="10" Covered="False" />
            <Statement FileIndex="455" Line="28" Column="13" EndLine="28" EndColumn="125" Covered="False" />
            <Statement FileIndex="455" Line="29" Column="13" EndLine="29" EndColumn="20" Covered="False" />
            <Statement FileIndex="455" Line="32" Column="9" EndLine="32" EndColumn="57" Covered="False" />
            <Statement FileIndex="455" Line="33" Column="5" EndLine="33" EndColumn="6" Covered="False" />
          </Method>
        </Type>
        <Method Name=".ctor(CoffeeSpace.Client.Services.Abstractions.IAuthService):System.Void" CoveredStatements="0" TotalStatements="5" CoveragePercent="0">
          <Statement FileIndex="455" Line="16" Column="5" EndLine="16" EndColumn="55" Covered="False" />
          <Statement FileIndex="455" Line="17" Column="5" EndLine="17" EndColumn="6" Covered="False" />
          <Statement FileIndex="455" Line="18" Column="9" EndLine="18" EndColumn="49" Covered="False" />
          <Statement FileIndex="455" Line="19" Column="9" EndLine="19" EndColumn="36" Covered="False" />
          <Statement FileIndex="455" Line="20" Column="5" EndLine="20" EndColumn="6" Covered="False" />
        </Method>
      </Type>
    </Namespace>
    <Namespace Name="CoffeeSpace.Client.Contracts.Authentication" CoveredStatements="0" TotalStatements="14" CoveragePercent="0">
      <Type Name="LoginRequest" CoveredStatements="0" TotalStatements="4" CoveragePercent="0">
        <Method Name="get_Password():System.String" CoveredStatements="0" TotalStatements="1" CoveragePercent="0">
          <Statement FileIndex="401" Line="7" Column="30" EndLine="7" EndColumn="34" Covered="False" />
        </Method>
        <Method Name="get_Username():System.String" CoveredStatements="0" TotalStatements="1" CoveragePercent="0">
          <Statement FileIndex="401" Line="5" Column="30" EndLine="5" EndColumn="34" Covered="False" />
        </Method>
        <Method Name="set_Password(System.String):System.Void" CoveredStatements="0" TotalStatements="1" CoveragePercent="0">
          <Statement FileIndex="401" Line="7" Column="35" EndLine="7" EndColumn="40" Covered="False" />
        </Method>
        <Method Name="set_Username(System.String):System.Void" CoveredStatements="0" TotalStatements="1" CoveragePercent="0">
          <Statement FileIndex="401" Line="5" Column="35" EndLine="5" EndColumn="40" Covered="False" />
        </Method>
      </Type>
      <Type Name="RegisterRequest" CoveredStatements="0" TotalStatements="10" CoveragePercent="0">
        <Method Name="get_Email():System.String" CoveredStatements="0" TotalStatements="1" CoveragePercent="0">
          <Statement FileIndex="402" Line="11" Column="27" EndLine="11" EndColumn="31" Covered="False" />
        </Method>
        <Method Name="get_LastName():System.String" CoveredStatements="0" TotalStatements="1" CoveragePercent="0">
          <Statement FileIndex="402" Line="7" Column="30" EndLine="7" EndColumn="34" Covered="False" />
        </Method>
        <Method Name="get_Name():System.String" CoveredStatements="0" TotalStatements="1" CoveragePercent="0">
          <Statement FileIndex="402" Line="5" Column="26" EndLine="5" EndColumn="30" Covered="False" />
        </Method>
        <Method Name="get_Password():System.String" CoveredStatements="0" TotalStatements="1" CoveragePercent="0">
          <Statement FileIndex="402" Line="13" Column="30" EndLine="13" EndColumn="34" Covered="False" />
        </Method>
        <Method Name="get_Username():System.String" CoveredStatements="0" TotalStatements="1" CoveragePercent="0">
          <Statement FileIndex="402" Line="9" Column="30" EndLine="9" EndColumn="34" Covered="False" />
        </Method>
        <Method Name="set_Email(System.String):System.Void" CoveredStatements="0" TotalStatements="1" CoveragePercent="0">
          <Statement FileIndex="402" Line="11" Column="32" EndLine="11" EndColumn="37" Covered="False" />
        </Method>
        <Method Name="set_LastName(System.String):System.Void" CoveredStatements="0" TotalStatements="1" CoveragePercent="0">
          <Statement FileIndex="402" Line="7" Column="35" EndLine="7" EndColumn="40" Covered="False" />
        </Method>
        <Method Name="set_Name(System.String):System.Void" CoveredStatements="0" TotalStatements="1" CoveragePercent="0">
          <Statement FileIndex="402" Line="5" Column="31" EndLine="5" EndColumn="36" Covered="False" />
        </Method>
        <Method Name="set_Password(System.String):System.Void" CoveredStatements="0" TotalStatements="1" CoveragePercent="0">
          <Statement FileIndex="402" Line="13" Column="35" EndLine="13" EndColumn="40" Covered="False" />
        </Method>
        <Method Name="set_Username(System.String):System.Void" CoveredStatements="0" TotalStatements="1" CoveragePercent="0">
          <Statement FileIndex="402" Line="9" Column="35" EndLine="9" EndColumn="40" Covered="False" />
        </Method>
      </Type>
    </Namespace>
    <Namespace Name="CoffeeSpace.Client.Contracts.Ordering" CoveredStatements="0" TotalStatements="22" CoveragePercent="0">
      <Type Name="CreateAddressRequest" CoveredStatements="0" TotalStatements="6" CoveragePercent="0">
        <Method Name="get_City():System.String" CoveredStatements="0" TotalStatements="1" CoveragePercent="0">
          <Statement FileIndex="403" Line="7" Column="26" EndLine="7" EndColumn="30" Covered="False" />
        </Method>
        <Method Name="get_Country():System.String" CoveredStatements="0" TotalStatements="1" CoveragePercent="0">
          <Statement FileIndex="403" Line="9" Column="29" EndLine="9" EndColumn="33" Covered="False" />
        </Method>
        <Method Name="get_Street():System.String" CoveredStatements="0" TotalStatements="1" CoveragePercent="0">
          <Statement FileIndex="403" Line="5" Column="28" EndLine="5" EndColumn="32" Covered="False" />
        </Method>
        <Method Name="set_City(System.String):System.Void" CoveredStatements="0" TotalStatements="1" CoveragePercent="0">
          <Statement FileIndex="403" Line="7" Column="31" EndLine="7" EndColumn="36" Covered="False" />
        </Method>
        <Method Name="set_Country(System.String):System.Void" CoveredStatements="0" TotalStatements="1" CoveragePercent="0">
          <Statement FileIndex="403" Line="9" Column="34" EndLine="9" EndColumn="39" Covered="False" />
        </Method>
        <Method Name="set_Street(System.String):System.Void" CoveredStatements="0" TotalStatements="1" CoveragePercent="0">
          <Statement FileIndex="403" Line="5" Column="33" EndLine="5" EndColumn="38" Covered="False" />
        </Method>
      </Type>
      <Type Name="CreateOrderRequest" CoveredStatements="0" TotalStatements="6" CoveragePercent="0">
        <Method Name="get_Address():CoffeeSpace.Client.Contracts.Ordering.CreateAddressRequest" CoveredStatements="0" TotalStatements="1" CoveragePercent="0">
          <Statement FileIndex="404" Line="9" Column="52" EndLine="9" EndColumn="56" Covered="False" />
        </Method>
        <Method Name="get_OrderItems():System.Collections.Generic.IEnumerable&lt;CoffeeSpace.Client.Models.Ordering.OrderItem&gt;" CoveredStatements="0" TotalStatements="1" CoveragePercent="0">
          <Statement FileIndex="404" Line="11" Column="57" EndLine="11" EndColumn="61" Covered="False" />
        </Method>
        <Method Name="get_Status():System.Int32" CoveredStatements="0" TotalStatements="1" CoveragePercent="0">
          <Statement FileIndex="404" Line="7" Column="34" EndLine="7" EndColumn="38" Covered="False" />
        </Method>
        <Method Name="set_Address(CoffeeSpace.Client.Contracts.Ordering.CreateAddressRequest):System.Void" CoveredStatements="0" TotalStatements="1" CoveragePercent="0">
          <Statement FileIndex="404" Line="9" Column="57" EndLine="9" EndColumn="62" Covered="False" />
        </Method>
        <Method Name="set_OrderItems(System.Collections.Generic.IEnumerable&lt;CoffeeSpace.Client.Models.Ordering.OrderItem&gt;):System.Void" CoveredStatements="0" TotalStatements="1" CoveragePercent="0">
          <Statement FileIndex="404" Line="11" Column="62" EndLine="11" EndColumn="67" Covered="False" />
        </Method>
        <Method Name="set_Status(System.Int32):System.Void" CoveredStatements="0" TotalStatements="1" CoveragePercent="0">
          <Statement FileIndex="404" Line="7" Column="39" EndLine="7" EndColumn="44" Covered="False" />
        </Method>
      </Type>
      <Type Name="CreatePaymentInfoRequest" CoveredStatements="0" TotalStatements="10" CoveragePercent="0">
        <Method Name="get_CardNumber():System.String" CoveredStatements="0" TotalStatements="1" CoveragePercent="0">
          <Statement FileIndex="405" Line="8" Column="32" EndLine="8" EndColumn="36" Covered="False" />
        </Method>
        <Method Name="get_CardType():System.Int32" CoveredStatements="0" TotalStatements="1" CoveragePercent="0">
          <Statement FileIndex="405" Line="16" Column="27" EndLine="16" EndColumn="31" Covered="False" />
        </Method>
        <Method Name="get_ExpirationMonth():System.String" CoveredStatements="0" TotalStatements="1" CoveragePercent="0">
          <Statement FileIndex="405" Line="12" Column="37" EndLine="12" EndColumn="41" Covered="False" />
        </Method>
        <Method Name="get_ExpirationYear():System.String" CoveredStatements="0" TotalStatements="1" CoveragePercent="0">
          <Statement FileIndex="405" Line="14" Column="36" EndLine="14" EndColumn="40" Covered="False" />
        </Method>
        <Method Name="get_SecurityNumber():System.String" CoveredStatements="0" TotalStatements="1" CoveragePercent="0">
          <Statement FileIndex="405" Line="10" Column="36" EndLine="10" EndColumn="40" Covered="False" />
        </Method>
        <Method Name="set_CardNumber(System.String):System.Void" CoveredStatements="0" TotalStatements="1" CoveragePercent="0">
          <Statement FileIndex="405" Line="8" Column="37" EndLine="8" EndColumn="42" Covered="False" />
        </Method>
        <Method Name="set_CardType(System.Int32):System.Void" CoveredStatements="0" TotalStatements="1" CoveragePercent="0">
          <Statement FileIndex="405" Line="16" Column="32" EndLine="16" EndColumn="37" Covered="False" />
        </Method>
        <Method Name="set_ExpirationMonth(System.String):System.Void" CoveredStatements="0" TotalStatements="1" CoveragePercent="0">
          <Statement FileIndex="405" Line="12" Column="42" EndLine="12" EndColumn="47" Covered="False" />
        </Method>
        <Method Name="set_ExpirationYear(System.String):System.Void" CoveredStatements="0" TotalStatements="1" CoveragePercent="0">
          <Statement FileIndex="405" Line="14" Column="41" EndLine="14" EndColumn="46" Covered="False" />
        </Method>
        <Method Name="set_SecurityNumber(System.String):System.Void" CoveredStatements="0" TotalStatements="1" CoveragePercent="0">
          <Statement FileIndex="405" Line="10" Column="41" EndLine="10" EndColumn="46" Covered="False" />
        </Method>
      </Type>
    </Namespace>
    <Namespace Name="CoffeeSpace.Client.Contracts.Responses" CoveredStatements="0" TotalStatements="10" CoveragePercent="0">
      <Type Name="AuthenticationResult" CoveredStatements="0" TotalStatements="10" CoveragePercent="0">
        <Method Name="get_Email():System.String" CoveredStatements="0" TotalStatements="1" CoveragePercent="0">
          <Statement FileIndex="406" Line="13" Column="36" EndLine="13" EndColumn="40" Covered="False" />
        </Method>
        <Method Name="get_ExpiresIn():System.String" CoveredStatements="0" TotalStatements="1" CoveragePercent="0">
          <Statement FileIndex="406" Line="17" Column="40" EndLine="17" EndColumn="44" Covered="False" />
        </Method>
        <Method Name="get_IdToken():System.String" CoveredStatements="0" TotalStatements="1" CoveragePercent="0">
          <Statement FileIndex="406" Line="11" Column="38" EndLine="11" EndColumn="42" Covered="False" />
        </Method>
        <Method Name="get_LocalId():System.String" CoveredStatements="0" TotalStatements="1" CoveragePercent="0">
          <Statement FileIndex="406" Line="19" Column="38" EndLine="19" EndColumn="42" Covered="False" />
        </Method>
        <Method Name="get_RefreshToken():System.String" CoveredStatements="0" TotalStatements="1" CoveragePercent="0">
          <Statement FileIndex="406" Line="15" Column="43" EndLine="15" EndColumn="47" Covered="False" />
        </Method>
        <Method Name="set_Email(System.String):System.Void" CoveredStatements="0" TotalStatements="1" CoveragePercent="0">
          <Statement FileIndex="406" Line="13" Column="41" EndLine="13" EndColumn="46" Covered="False" />
        </Method>
        <Method Name="set_ExpiresIn(System.String):System.Void" CoveredStatements="0" TotalStatements="1" CoveragePercent="0">
          <Statement FileIndex="406" Line="17" Column="45" EndLine="17" EndColumn="50" Covered="False" />
        </Method>
        <Method Name="set_IdToken(System.String):System.Void" CoveredStatements="0" TotalStatements="1" CoveragePercent="0">
          <Statement FileIndex="406" Line="11" Column="43" EndLine="11" EndColumn="48" Covered="False" />
        </Method>
        <Method Name="set_LocalId(System.String):System.Void" CoveredStatements="0" TotalStatements="1" CoveragePercent="0">
          <Statement FileIndex="406" Line="19" Column="43" EndLine="19" EndColumn="48" Covered="False" />
        </Method>
        <Method Name="set_RefreshToken(System.String):System.Void" CoveredStatements="0" TotalStatements="1" CoveragePercent="0">
          <Statement FileIndex="406" Line="15" Column="48" EndLine="15" EndColumn="53" Covered="False" />
        </Method>
      </Type>
    </Namespace>
    <Namespace Name="CoffeeSpace.Client.Converters" CoveredStatements="0" TotalStatements="5" CoveragePercent="0">
      <Type Name="NullToBoolConverter" CoveredStatements="0" TotalStatements="5" CoveragePercent="0">
        <Method Name="Convert(System.Object,System.Type,System.Object,System.Globalization.CultureInfo):System.Object" CoveredStatements="0" TotalStatements="3" CoveragePercent="0">
          <Statement FileIndex="517" Line="8" Column="5" EndLine="8" EndColumn="6" Covered="False" />
          <Statement FileIndex="517" Line="9" Column="9" EndLine="9" EndColumn="34" Covered="False" />
          <Statement FileIndex="517" Line="10" Column="5" EndLine="10" EndColumn="6" Covered="False" />
        </Method>
        <Method Name="ConvertBack(System.Object,System.Type,System.Object,System.Globalization.CultureInfo):System.Object" CoveredStatements="0" TotalStatements="2" CoveragePercent="0">
          <Statement FileIndex="517" Line="13" Column="5" EndLine="13" EndColumn="6" Covered="False" />
          <Statement FileIndex="517" Line="14" Column="9" EndLine="14" EndColumn="45" Covered="False" />
        </Method>
      </Type>
    </Namespace>
    <Namespace Name="CoffeeSpace.Client.Extensions" CoveredStatements="0" TotalStatements="23" CoveragePercent="0">
      <Type Name="ApplicationServiceExtensions" CoveredStatements="0" TotalStatements="11" CoveragePercent="0">
        <Type Name="&lt;&gt;c__1&lt;TInterface&gt;" CoveredStatements="0" TotalStatements="1" CoveragePercent="0">
          <Method Name="&lt;AddApplicationService&gt;b__1_1(Scrutor.IImplementationTypeFilter):System.Void" CoveredStatements="0" TotalStatements="1" CoveragePercent="0">
            <Statement FileIndex="407" Line="25" Column="36" EndLine="25" EndColumn="70" Covered="False" />
          </Method>
        </Type>
        <Type Name="&lt;&gt;c__DisplayClass0_0&lt;TPageModel&gt;" CoveredStatements="0" TotalStatements="1" CoveragePercent="0">
          <Method Name="&lt;AddPagesFromAssembly&gt;b__0(Scrutor.ITypeSourceSelector):System.Void" CoveredStatements="0" TotalStatements="1" CoveragePercent="0">
            <Statement FileIndex="407" Line="10" Column="31" EndLine="14" EndColumn="43" Covered="False" />
          </Method>
        </Type>
        <Type Name="&lt;&gt;c__DisplayClass1_0&lt;TInterface&gt;" CoveredStatements="0" TotalStatements="1" CoveragePercent="0">
          <Method Name="&lt;AddApplicationService&gt;b__0(Scrutor.ITypeSourceSelector):System.Void" CoveredStatements="0" TotalStatements="1" CoveragePercent="0">
            <Statement FileIndex="407" Line="23" Column="31" EndLine="27" EndColumn="43" Covered="False" />
          </Method>
        </Type>
        <Method Name="AddApplicationService&lt;TInterface&gt;(Microsoft.Extensions.DependencyInjection.IServiceCollection,Microsoft.Extensions.DependencyInjection.ServiceLifetime):Microsoft.Extensions.DependencyInjection.IServiceCollection" CoveredStatements="0" TotalStatements="4" CoveragePercent="0">
          <Statement FileIndex="407" Line="22" Column="5" EndLine="22" EndColumn="6" Covered="False" />
          <Statement FileIndex="407" Line="23" Column="9" EndLine="27" EndColumn="45" Covered="False" />
          <Statement FileIndex="407" Line="29" Column="9" EndLine="29" EndColumn="25" Covered="False" />
          <Statement FileIndex="407" Line="30" Column="5" EndLine="30" EndColumn="6" Covered="False" />
        </Method>
        <Method Name="AddPagesFromAssembly&lt;TPageModel&gt;(Microsoft.Extensions.DependencyInjection.IServiceCollection,Microsoft.Extensions.DependencyInjection.ServiceLifetime):Microsoft.Extensions.DependencyInjection.IServiceCollection" CoveredStatements="0" TotalStatements="4" CoveragePercent="0">
          <Statement FileIndex="407" Line="9" Column="5" EndLine="9" EndColumn="6" Covered="False" />
          <Statement FileIndex="407" Line="10" Column="9" EndLine="14" EndColumn="45" Covered="False" />
          <Statement FileIndex="407" Line="16" Column="9" EndLine="16" EndColumn="25" Covered="False" />
          <Statement FileIndex="407" Line="17" Column="5" EndLine="17" EndColumn="6" Covered="False" />
        </Method>
      </Type>
      <Type Name="RefitClientExtensions" CoveredStatements="0" TotalStatements="12" CoveragePercent="0">
        <Type Name="&lt;&gt;c__DisplayClass0_0&lt;TClient,TMessageHandler&gt;" CoveredStatements="0" TotalStatements="1" CoveragePercent="0">
          <Method Name="&lt;AddWebApiClient&gt;b__0(System.Net.Http.HttpClient):System.Void" CoveredStatements="0" TotalStatements="1" CoveragePercent="0">
            <Statement FileIndex="408" Line="17" Column="44" EndLine="17" EndColumn="85" Covered="False" />
          </Method>
        </Type>
        <Type Name="&lt;&gt;c__DisplayClass1_0&lt;TClient&gt;" CoveredStatements="0" TotalStatements="1" CoveragePercent="0">
          <Method Name="&lt;AddWebApiClient&gt;b__0(System.Net.Http.HttpClient):System.Void" CoveredStatements="0" TotalStatements="1" CoveragePercent="0">
            <Statement FileIndex="408" Line="31" Column="44" EndLine="31" EndColumn="85" Covered="False" />
          </Method>
        </Type>
        <Method Name="AddWebApiClient&lt;TClient,TMessageHandler&gt;(Microsoft.Extensions.DependencyInjection.IServiceCollection):Microsoft.Extensions.DependencyInjection.IServiceCollection" CoveredStatements="0" TotalStatements="5" CoveragePercent="0">
          <Statement FileIndex="408" Line="11" Column="5" EndLine="11" EndColumn="6" Covered="False" />
          <Statement FileIndex="408" Line="12" Column="9" EndLine="14" EndColumn="39" Covered="False" />
          <Statement FileIndex="408" Line="16" Column="9" EndLine="18" EndColumn="55" Covered="False" />
          <Statement FileIndex="408" Line="20" Column="9" EndLine="20" EndColumn="25" Covered="False" />
          <Statement FileIndex="408" Line="21" Column="5" EndLine="21" EndColumn="6" Covered="False" />
        </Method>
        <Method Name="AddWebApiClient&lt;TClient&gt;(Microsoft.Extensions.DependencyInjection.IServiceCollection):Microsoft.Extensions.DependencyInjection.IServiceCollection" CoveredStatements="0" TotalStatements="5" CoveragePercent="0">
          <Statement FileIndex="408" Line="25" Column="5" EndLine="25" EndColumn="6" Covered="False" />
          <Statement FileIndex="408" Line="26" Column="9" EndLine="28" EndColumn="39" Covered="False" />
          <Statement FileIndex="408" Line="30" Column="9" EndLine="32" EndColumn="73" Covered="False" />
          <Statement FileIndex="408" Line="34" Column="9" EndLine="34" EndColumn="25" Covered="False" />
          <Statement FileIndex="408" Line="35" Column="5" EndLine="35" EndColumn="6" Covered="False" />
        </Method>
      </Type>
    </Namespace>
    <Namespace Name="CoffeeSpace.Client.Handlers" CoveredStatements="0" TotalStatements="9" CoveragePercent="0">
      <Type Name="ApiKeyAuthorizationMessageHandler" CoveredStatements="0" TotalStatements="4" CoveragePercent="0">
        <Type Name="&lt;SendAsync&gt;d__0" CoveredStatements="0" TotalStatements="4" CoveragePercent="0">
          <Method Name="MoveNext():System.Void" CoveredStatements="0" TotalStatements="4" CoveragePercent="0">
            <Statement FileIndex="409" Line="6" Column="5" EndLine="6" EndColumn="6" Covered="False" />
            <Statement FileIndex="409" Line="7" Column="9" EndLine="7" EndColumn="66" Covered="False" />
            <Statement FileIndex="409" Line="9" Column="9" EndLine="9" EndColumn="87" Covered="False" />
            <Statement FileIndex="409" Line="10" Column="5" EndLine="10" EndColumn="6" Covered="False" />
          </Method>
        </Type>
      </Type>
      <Type Name="BearerAuthorizationMessageHandler" CoveredStatements="0" TotalStatements="5" CoveragePercent="0">
        <Type Name="&lt;SendAsync&gt;d__0" CoveredStatements="0" TotalStatements="5" CoveragePercent="0">
          <Method Name="MoveNext():System.Void" CoveredStatements="0" TotalStatements="5" CoveragePercent="0">
            <Statement FileIndex="410" Line="8" Column="5" EndLine="8" EndColumn="6" Covered="False" />
            <Statement FileIndex="410" Line="9" Column="9" EndLine="9" EndColumn="69" Covered="False" />
            <Statement FileIndex="410" Line="10" Column="9" EndLine="10" EndColumn="91" Covered="False" />
            <Statement FileIndex="410" Line="12" Column="9" EndLine="12" EndColumn="87" Covered="False" />
            <Statement FileIndex="410" Line="13" Column="5" EndLine="13" EndColumn="6" Covered="False" />
          </Method>
        </Type>
      </Type>
    </Namespace>
    <Namespace Name="CoffeeSpace.Client.Mappers" CoveredStatements="0" TotalStatements="11" CoveragePercent="0">
      <Type Name="ProductMapper" CoveredStatements="0" TotalStatements="11" CoveragePercent="0">
        <Method Name="MapToOrderItem(CoffeeSpace.Client.Models.Products.Product):CoffeeSpace.Client.Models.Ordering.OrderItem" CoveredStatements="0" TotalStatements="6" CoveragePercent="0">
          <Statement FileIndex="509" Line="8" Column="9" EndLine="8" EndColumn="10" Covered="False" />
          <Statement FileIndex="509" Line="9" Column="13" EndLine="9" EndColumn="33" Covered="False" />
          <Statement FileIndex="509" Line="10" Column="17" EndLine="10" EndColumn="32" Covered="False" />
          <Statement FileIndex="509" Line="11" Column="13" EndLine="17" EndColumn="15" Covered="False" />
          <Statement FileIndex="509" Line="18" Column="13" EndLine="18" EndColumn="27" Covered="False" />
          <Statement FileIndex="509" Line="19" Column="9" EndLine="19" EndColumn="10" Covered="False" />
        </Method>
        <Method Name="ToOrderItem(CoffeeSpace.Client.Models.Products.Product):CoffeeSpace.Client.Models.Ordering.OrderItem" CoveredStatements="0" TotalStatements="5" CoveragePercent="0">
          <Statement FileIndex="412" Line="13" Column="5" EndLine="13" EndColumn="6" Covered="False" />
          <Statement FileIndex="412" Line="14" Column="9" EndLine="14" EndColumn="50" Covered="False" />
          <Statement FileIndex="412" Line="15" Column="9" EndLine="15" EndColumn="48" Covered="False" />
          <Statement FileIndex="412" Line="17" Column="9" EndLine="17" EndColumn="26" Covered="False" />
          <Statement FileIndex="412" Line="18" Column="5" EndLine="18" EndColumn="6" Covered="False" />
        </Method>
      </Type>
    </Namespace>
    <Namespace Name="CoffeeSpace.Client.Messages.Commands" CoveredStatements="0" TotalStatements="10" CoveragePercent="0">
      <Type Name="AddProductToCartCommand" CoveredStatements="0" TotalStatements="2" CoveragePercent="0">
        <Method Name="get_Product():CoffeeSpace.Client.Models.Products.Product" CoveredStatements="0" TotalStatements="1" CoveragePercent="0">
          <Statement FileIndex="415" Line="8" Column="39" EndLine="8" EndColumn="43" Covered="False" />
        </Method>
        <Method Name="set_Product(CoffeeSpace.Client.Models.Products.Product):System.Void" CoveredStatements="0" TotalStatements="1" CoveragePercent="0">
          <Statement FileIndex="415" Line="8" Column="44" EndLine="8" EndColumn="49" Covered="False" />
        </Method>
      </Type>
      <Type Name="ConfirmOrdersStockCommand" CoveredStatements="0" TotalStatements="2" CoveragePercent="0">
        <Method Name="get_OrderItems():System.Collections.Generic.IEnumerable&lt;CoffeeSpace.Client.Models.Ordering.OrderItem&gt;" CoveredStatements="0" TotalStatements="1" CoveragePercent="0">
          <Statement FileIndex="416" Line="8" Column="57" EndLine="8" EndColumn="61" Covered="False" />
        </Method>
        <Method Name="set_OrderItems(System.Collections.Generic.IEnumerable&lt;CoffeeSpace.Client.Models.Ordering.OrderItem&gt;):System.Void" CoveredStatements="0" TotalStatements="1" CoveragePercent="0">
          <Statement FileIndex="416" Line="8" Column="62" EndLine="8" EndColumn="66" Covered="False" />
        </Method>
      </Type>
      <Type Name="CreateOrderCommand" CoveredStatements="0" TotalStatements="4" CoveragePercent="0">
        <Method Name="get_BuyerId():System.Guid" CoveredStatements="0" TotalStatements="1" CoveragePercent="0">
          <Statement FileIndex="417" Line="10" Column="36" EndLine="10" EndColumn="40" Covered="False" />
        </Method>
        <Method Name="get_CreateOrderRequest():CoffeeSpace.Client.Contracts.Ordering.CreateOrderRequest" CoveredStatements="0" TotalStatements="1" CoveragePercent="0">
          <Statement FileIndex="417" Line="8" Column="61" EndLine="8" EndColumn="65" Covered="False" />
        </Method>
        <Method Name="set_BuyerId(System.Guid):System.Void" CoveredStatements="0" TotalStatements="1" CoveragePercent="0">
          <Statement FileIndex="417" Line="10" Column="41" EndLine="10" EndColumn="46" Covered="False" />
        </Method>
        <Method Name="set_CreateOrderRequest(CoffeeSpace.Client.Contracts.Ordering.CreateOrderRequest):System.Void" CoveredStatements="0" TotalStatements="1" CoveragePercent="0">
          <Statement FileIndex="417" Line="8" Column="66" EndLine="8" EndColumn="71" Covered="False" />
        </Method>
      </Type>
      <Type Name="SetNewGlobalBuyerCommand" CoveredStatements="0" TotalStatements="2" CoveragePercent="0">
        <Method Name="get_BuyerEmail():System.String" CoveredStatements="0" TotalStatements="1" CoveragePercent="0">
          <Statement FileIndex="422" Line="7" Column="41" EndLine="7" EndColumn="45" Covered="False" />
        </Method>
        <Method Name="set_BuyerEmail(System.String):System.Void" CoveredStatements="0" TotalStatements="1" CoveragePercent="0">
          <Statement FileIndex="422" Line="7" Column="46" EndLine="7" EndColumn="51" Covered="False" />
        </Method>
      </Type>
    </Namespace>
    <Namespace Name="CoffeeSpace.Client.Messages.Commands.Handlers" CoveredStatements="0" TotalStatements="51" CoveragePercent="0">
      <Type Name="AddProductToCartCommandHandler" CoveredStatements="0" TotalStatements="8" CoveragePercent="0">
        <Method Name=".ctor(CoffeeSpace.Client._ViewModels.CartViewModel):System.Void" CoveredStatements="0" TotalStatements="4" CoveragePercent="0">
          <Statement FileIndex="418" Line="11" Column="5" EndLine="11" EndColumn="71" Covered="False" />
          <Statement FileIndex="418" Line="12" Column="5" EndLine="12" EndColumn="6" Covered="False" />
          <Statement FileIndex="418" Line="13" Column="9" EndLine="13" EndColumn="40" Covered="False" />
          <Statement FileIndex="418" Line="14" Column="5" EndLine="14" EndColumn="6" Covered="False" />
        </Method>
        <Method Name="Handle(CoffeeSpace.Client.Messages.Commands.AddProductToCartCommand,System.Threading.CancellationToken):System.Threading.Tasks.ValueTask&lt;Mediator.Unit&gt;" CoveredStatements="0" TotalStatements="4" CoveragePercent="0">
          <Statement FileIndex="418" Line="17" Column="5" EndLine="17" EndColumn="6" Covered="False" />
          <Statement FileIndex="418" Line="18" Column="9" EndLine="18" EndColumn="76" Covered="False" />
          <Statement FileIndex="418" Line="19" Column="9" EndLine="19" EndColumn="31" Covered="False" />
          <Statement FileIndex="418" Line="20" Column="5" EndLine="20" EndColumn="6" Covered="False" />
        </Method>
      </Type>
      <Type Name="ConfirmOrdersStockCommandHandler" CoveredStatements="0" TotalStatements="8" CoveragePercent="0">
        <Method Name=".ctor(CoffeeSpace.Client._ViewModels.OrderInformationViewModel):System.Void" CoveredStatements="0" TotalStatements="4" CoveragePercent="0">
          <Statement FileIndex="419" Line="13" Column="5" EndLine="13" EndColumn="97" Covered="False" />
          <Statement FileIndex="419" Line="14" Column="5" EndLine="14" EndColumn="6" Covered="False" />
          <Statement FileIndex="419" Line="15" Column="9" EndLine="15" EndColumn="64" Covered="False" />
          <Statement FileIndex="419" Line="16" Column="5" EndLine="16" EndColumn="6" Covered="False" />
        </Method>
        <Method Name="Handle(CoffeeSpace.Client.Messages.Commands.ConfirmOrdersStockCommand,System.Threading.CancellationToken):System.Threading.Tasks.ValueTask&lt;Mediator.Unit&gt;" CoveredStatements="0" TotalStatements="4" CoveragePercent="0">
          <Statement FileIndex="419" Line="19" Column="5" EndLine="19" EndColumn="6" Covered="False" />
          <Statement FileIndex="419" Line="20" Column="9" EndLine="20" EndColumn="77" Covered="False" />
          <Statement FileIndex="419" Line="21" Column="9" EndLine="21" EndColumn="31" Covered="False" />
          <Statement FileIndex="419" Line="22" Column="5" EndLine="22" EndColumn="6" Covered="False" />
        </Method>
      </Type>
      <Type Name="CreateOrderCommandHandler" CoveredStatements="0" TotalStatements="8" CoveragePercent="0">
        <Type Name="&lt;Handle&gt;d__2" CoveredStatements="0" TotalStatements="4" CoveragePercent="0">
          <Method Name="MoveNext():System.Void" CoveredStatements="0" TotalStatements="4" CoveragePercent="0">
            <Statement FileIndex="518" Line="17" Column="5" EndLine="17" EndColumn="6" Covered="False" />
            <Statement FileIndex="518" Line="18" Column="9" EndLine="18" EndColumn="126" Covered="False" />
            <Statement FileIndex="518" Line="19" Column="9" EndLine="19" EndColumn="41" Covered="False" />
            <Statement FileIndex="518" Line="20" Column="5" EndLine="20" EndColumn="6" Covered="False" />
          </Method>
        </Type>
        <Method Name=".ctor(CoffeeSpace.Client.WebApiClients.IOrderingWebApi):System.Void" CoveredStatements="0" TotalStatements="4" CoveragePercent="0">
          <Statement FileIndex="518" Line="11" Column="5" EndLine="11" EndColumn="69" Covered="False" />
          <Statement FileIndex="518" Line="12" Column="5" EndLine="12" EndColumn="6" Covered="False" />
          <Statement FileIndex="518" Line="13" Column="9" EndLine="13" EndColumn="42" Covered="False" />
          <Statement FileIndex="518" Line="14" Column="5" EndLine="14" EndColumn="6" Covered="False" />
        </Method>
      </Type>
      <Type Name="SetNewGlobalBuyerCommandHandler" CoveredStatements="0" TotalStatements="14" CoveragePercent="0">
        <Type Name="&lt;Handle&gt;d__3" CoveredStatements="0" TotalStatements="9" CoveragePercent="0">
          <Method Name="MoveNext():System.Void" CoveredStatements="0" TotalStatements="9" CoveragePercent="0">
            <Statement FileIndex="421" Line="19" Column="5" EndLine="19" EndColumn="6" Covered="False" />
            <Statement FileIndex="421" Line="20" Column="9" EndLine="20" EndColumn="106" Covered="False" />
            <Statement FileIndex="421" Line="21" Column="9" EndLine="21" EndColumn="27" Covered="False" />
            <Statement FileIndex="421" Line="22" Column="9" EndLine="22" EndColumn="10" Covered="False" />
            <Statement FileIndex="421" Line="23" Column="13" EndLine="23" EndColumn="26" Covered="False" />
            <Statement FileIndex="421" Line="26" Column="9" EndLine="26" EndColumn="41" Covered="False" />
            <Statement FileIndex="421" Line="27" Column="9" EndLine="27" EndColumn="60" Covered="False" />
            <Statement FileIndex="421" Line="28" Column="9" EndLine="28" EndColumn="21" Covered="False" />
            <Statement FileIndex="421" Line="29" Column="5" EndLine="29" EndColumn="6" Covered="False" />
          </Method>
        </Type>
        <Method Name=".ctor(CoffeeSpace.Client.WebApiClients.IBuyersWebApi,CoffeeSpace.Client._ViewModels.ProfileViewModel):System.Void" CoveredStatements="0" TotalStatements="5" CoveragePercent="0">
          <Statement FileIndex="421" Line="12" Column="5" EndLine="12" EndColumn="106" Covered="False" />
          <Statement FileIndex="421" Line="13" Column="5" EndLine="13" EndColumn="6" Covered="False" />
          <Statement FileIndex="421" Line="14" Column="9" EndLine="14" EndColumn="38" Covered="False" />
          <Statement FileIndex="421" Line="15" Column="9" EndLine="15" EndColumn="46" Covered="False" />
          <Statement FileIndex="421" Line="16" Column="5" EndLine="16" EndColumn="6" Covered="False" />
        </Method>
      </Type>
      <Type Name="StartHubConnectionCommandHandler" CoveredStatements="0" TotalStatements="13" CoveragePercent="0">
        <Type Name="&lt;Handle&gt;d__2" CoveredStatements="0" TotalStatements="9" CoveragePercent="0">
          <Method Name="MoveNext():System.Void" CoveredStatements="0" TotalStatements="9" CoveragePercent="0">
            <Statement FileIndex="519" Line="16" Column="5" EndLine="16" EndColumn="6" Covered="False" />
            <Statement FileIndex="519" Line="17" Column="9" EndLine="17" EndColumn="62" Covered="False" />
            <Statement FileIndex="519" Line="18" Column="9" EndLine="18" EndColumn="25" Covered="False" />
            <Statement FileIndex="519" Line="19" Column="9" EndLine="19" EndColumn="10" Covered="False" />
            <Statement FileIndex="519" Line="20" Column="13" EndLine="20" EndColumn="25" Covered="False" />
            <Statement FileIndex="519" Line="23" Column="9" EndLine="23" EndColumn="67" Covered="False" />
            <Statement FileIndex="519" Line="24" Column="9" EndLine="24" EndColumn="86" Covered="False" />
            <Statement FileIndex="519" Line="26" Column="9" EndLine="26" EndColumn="21" Covered="False" />
            <Statement FileIndex="519" Line="27" Column="5" EndLine="27" EndColumn="6" Covered="False" />
          </Method>
        </Type>
        <Method Name=".ctor(CoffeeSpace.Client.Services.Abstractions.IHubConnectionService):System.Void" CoveredStatements="0" TotalStatements="4" CoveragePercent="0">
          <Statement FileIndex="519" Line="10" Column="5" EndLine="10" EndColumn="88" Covered="False" />
          <Statement FileIndex="519" Line="11" Column="5" EndLine="11" EndColumn="6" Covered="False" />
          <Statement FileIndex="519" Line="12" Column="9" EndLine="12" EndColumn="54" Covered="False" />
          <Statement FileIndex="519" Line="13" Column="5" EndLine="13" EndColumn="6" Covered="False" />
        </Method>
      </Type>
    </Namespace>
    <Namespace Name="CoffeeSpace.Client.Messages.Queries.Handlers" CoveredStatements="0" TotalStatements="8" CoveragePercent="0">
      <Type Name="GetAllProductsQueryHandler" CoveredStatements="0" TotalStatements="8" CoveragePercent="0">
        <Type Name="&lt;Handle&gt;d__2" CoveredStatements="0" TotalStatements="4" CoveragePercent="0">
          <Method Name="MoveNext():System.Void" CoveredStatements="0" TotalStatements="4" CoveragePercent="0">
            <Statement FileIndex="424" Line="17" Column="5" EndLine="17" EndColumn="6" Covered="False" />
            <Statement FileIndex="424" Line="18" Column="9" EndLine="18" EndColumn="85" Covered="False" />
            <Statement FileIndex="424" Line="19" Column="9" EndLine="19" EndColumn="25" Covered="False" />
            <Statement FileIndex="424" Line="20" Column="5" EndLine="20" EndColumn="6" Covered="False" />
          </Method>
        </Type>
        <Method Name=".ctor(CoffeeSpace.Client.WebApiClients.IProductsWebApi):System.Void" CoveredStatements="0" TotalStatements="4" CoveragePercent="0">
          <Statement FileIndex="424" Line="11" Column="5" EndLine="11" EndColumn="70" Covered="False" />
          <Statement FileIndex="424" Line="12" Column="5" EndLine="12" EndColumn="6" Covered="False" />
          <Statement FileIndex="424" Line="13" Column="9" EndLine="13" EndColumn="42" Covered="False" />
          <Statement FileIndex="424" Line="14" Column="5" EndLine="14" EndColumn="6" Covered="False" />
        </Method>
      </Type>
    </Namespace>
    <Namespace Name="CoffeeSpace.Client.Models.Ordering" CoveredStatements="0" TotalStatements="31" CoveragePercent="0">
      <Type Name="Address" CoveredStatements="0" TotalStatements="8" CoveragePercent="0">
        <Method Name="get_City():System.String" CoveredStatements="0" TotalStatements="1" CoveragePercent="0">
          <Statement FileIndex="425" Line="9" Column="35" EndLine="9" EndColumn="39" Covered="False" />
        </Method>
        <Method Name="get_Country():System.String" CoveredStatements="0" TotalStatements="1" CoveragePercent="0">
          <Statement FileIndex="425" Line="11" Column="38" EndLine="11" EndColumn="42" Covered="False" />
        </Method>
        <Method Name="get_Id():System.String" CoveredStatements="0" TotalStatements="1" CoveragePercent="0">
          <Statement FileIndex="425" Line="5" Column="33" EndLine="5" EndColumn="37" Covered="False" />
        </Method>
        <Method Name="get_Street():System.String" CoveredStatements="0" TotalStatements="1" CoveragePercent="0">
          <Statement FileIndex="425" Line="7" Column="37" EndLine="7" EndColumn="41" Covered="False" />
        </Method>
        <Method Name="set_City(System.String):System.Void" CoveredStatements="0" TotalStatements="1" CoveragePercent="0">
          <Statement FileIndex="425" Line="9" Column="40" EndLine="9" EndColumn="45" Covered="False" />
        </Method>
        <Method Name="set_Country(System.String):System.Void" CoveredStatements="0" TotalStatements="1" CoveragePercent="0">
          <Statement FileIndex="425" Line="11" Column="43" EndLine="11" EndColumn="48" Covered="False" />
        </Method>
        <Method Name="set_Id(System.String):System.Void" CoveredStatements="0" TotalStatements="1" CoveragePercent="0">
          <Statement FileIndex="425" Line="5" Column="38" EndLine="5" EndColumn="43" Covered="False" />
        </Method>
        <Method Name="set_Street(System.String):System.Void" CoveredStatements="0" TotalStatements="1" CoveragePercent="0">
          <Statement FileIndex="425" Line="7" Column="42" EndLine="7" EndColumn="47" Covered="False" />
        </Method>
      </Type>
      <Type Name="Buyer" CoveredStatements="0" TotalStatements="8" CoveragePercent="0">
        <Method Name="get_Email():System.String" CoveredStatements="0" TotalStatements="1" CoveragePercent="0">
          <Statement FileIndex="426" Line="9" Column="36" EndLine="9" EndColumn="40" Covered="False" />
        </Method>
        <Method Name="get_Id():System.String" CoveredStatements="0" TotalStatements="1" CoveragePercent="0">
          <Statement FileIndex="426" Line="5" Column="33" EndLine="5" EndColumn="37" Covered="False" />
        </Method>
        <Method Name="get_Name():System.String" CoveredStatements="0" TotalStatements="1" CoveragePercent="0">
          <Statement FileIndex="426" Line="7" Column="35" EndLine="7" EndColumn="39" Covered="False" />
        </Method>
        <Method Name="get_Orders():System.Collections.Generic.IEnumerable&lt;CoffeeSpace.Client.Models.Ordering.Order&gt;" CoveredStatements="0" TotalStatements="1" CoveragePercent="0">
          <Statement FileIndex="426" Line="11" Column="40" EndLine="11" EndColumn="44" Covered="False" />
        </Method>
        <Method Name="set_Email(System.String):System.Void" CoveredStatements="0" TotalStatements="1" CoveragePercent="0">
          <Statement FileIndex="426" Line="9" Column="41" EndLine="9" EndColumn="46" Covered="False" />
        </Method>
        <Method Name="set_Id(System.String):System.Void" CoveredStatements="0" TotalStatements="1" CoveragePercent="0">
          <Statement FileIndex="426" Line="5" Column="38" EndLine="5" EndColumn="43" Covered="False" />
        </Method>
        <Method Name="set_Name(System.String):System.Void" CoveredStatements="0" TotalStatements="1" CoveragePercent="0">
          <Statement FileIndex="426" Line="7" Column="40" EndLine="7" EndColumn="45" Covered="False" />
        </Method>
        <Method Name="set_Orders(System.Collections.Generic.IEnumerable&lt;CoffeeSpace.Client.Models.Ordering.Order&gt;):System.Void" CoveredStatements="0" TotalStatements="1" CoveragePercent="0">
          <Statement FileIndex="426" Line="11" Column="45" EndLine="11" EndColumn="50" Covered="False" />
        </Method>
      </Type>
      <Type Name="Order" CoveredStatements="0" TotalStatements="6" CoveragePercent="0">
        <Method Name="get_Address():CoffeeSpace.Client.Models.Ordering.Address" CoveredStatements="0" TotalStatements="1" CoveragePercent="0">
          <Statement FileIndex="521" Line="18" Column="39" EndLine="18" EndColumn="43" Covered="False" />
        </Method>
        <Method Name="get_Id():System.String" CoveredStatements="0" TotalStatements="1" CoveragePercent="0">
          <Statement FileIndex="521" Line="16" Column="33" EndLine="16" EndColumn="37" Covered="False" />
        </Method>
        <Method Name="get_OrderItems():System.Collections.Generic.IEnumerable&lt;CoffeeSpace.Client.Models.Ordering.OrderItem&gt;" CoveredStatements="0" TotalStatements="1" CoveragePercent="0">
          <Statement FileIndex="521" Line="20" Column="57" EndLine="20" EndColumn="61" Covered="False" />
        </Method>
        <Method Name="set_Address(CoffeeSpace.Client.Models.Ordering.Address):System.Void" CoveredStatements="0" TotalStatements="1" CoveragePercent="0">
          <Statement FileIndex="521" Line="18" Column="44" EndLine="18" EndColumn="49" Covered="False" />
        </Method>
        <Method Name="set_Id(System.String):System.Void" CoveredStatements="0" TotalStatements="1" CoveragePercent="0">
          <Statement FileIndex="521" Line="16" Column="38" EndLine="16" EndColumn="43" Covered="False" />
        </Method>
        <Method Name="set_OrderItems(System.Collections.Generic.IEnumerable&lt;CoffeeSpace.Client.Models.Ordering.OrderItem&gt;):System.Void" CoveredStatements="0" TotalStatements="1" CoveragePercent="0">
          <Statement FileIndex="521" Line="20" Column="62" EndLine="20" EndColumn="67" Covered="False" />
        </Method>
      </Type>
      <Type Name="OrderItem" CoveredStatements="0" TotalStatements="9" CoveragePercent="0">
        <Method Name="get_Description():System.String" CoveredStatements="0" TotalStatements="1" CoveragePercent="0">
          <Statement FileIndex="429" Line="13" Column="42" EndLine="13" EndColumn="46" Covered="False" />
        </Method>
        <Method Name="get_Discount():System.Single" CoveredStatements="0" TotalStatements="1" CoveragePercent="0">
          <Statement FileIndex="429" Line="17" Column="38" EndLine="17" EndColumn="42" Covered="False" />
        </Method>
        <Method Name="get_Title():System.String" CoveredStatements="0" TotalStatements="1" CoveragePercent="0">
          <Statement FileIndex="429" Line="11" Column="36" EndLine="11" EndColumn="40" Covered="False" />
        </Method>
        <Method Name="get_Total():System.Single" CoveredStatements="0" TotalStatements="1" CoveragePercent="0">
          <Statement FileIndex="429" Line="19" Column="27" EndLine="19" EndColumn="47" Covered="False" />
        </Method>
        <Method Name="get_UnitPrice():System.Single" CoveredStatements="0" TotalStatements="1" CoveragePercent="0">
          <Statement FileIndex="429" Line="15" Column="39" EndLine="15" EndColumn="43" Covered="False" />
        </Method>
        <Method Name="set_Description(System.String):System.Void" CoveredStatements="0" TotalStatements="1" CoveragePercent="0">
          <Statement FileIndex="429" Line="13" Column="47" EndLine="13" EndColumn="52" Covered="False" />
        </Method>
        <Method Name="set_Discount(System.Single):System.Void" CoveredStatements="0" TotalStatements="1" CoveragePercent="0">
          <Statement FileIndex="429" Line="17" Column="43" EndLine="17" EndColumn="48" Covered="False" />
        </Method>
        <Method Name="set_Title(System.String):System.Void" CoveredStatements="0" TotalStatements="1" CoveragePercent="0">
          <Statement FileIndex="429" Line="11" Column="41" EndLine="11" EndColumn="46" Covered="False" />
        </Method>
        <Method Name="set_UnitPrice(System.Single):System.Void" CoveredStatements="0" TotalStatements="1" CoveragePercent="0">
          <Statement FileIndex="429" Line="15" Column="44" EndLine="15" EndColumn="49" Covered="False" />
        </Method>
      </Type>
    </Namespace>
    <Namespace Name="CoffeeSpace.Client.Models.Products" CoveredStatements="0" TotalStatements="10" CoveragePercent="0">
      <Type Name="Product" CoveredStatements="0" TotalStatements="10" CoveragePercent="0">
        <Method Name="get_Description():System.String" CoveredStatements="0" TotalStatements="1" CoveragePercent="0">
          <Statement FileIndex="431" Line="7" Column="42" EndLine="7" EndColumn="46" Covered="False" />
        </Method>
        <Method Name="get_Discount():System.Single" CoveredStatements="0" TotalStatements="1" CoveragePercent="0">
          <Statement FileIndex="431" Line="11" Column="38" EndLine="11" EndColumn="42" Covered="False" />
        </Method>
        <Method Name="get_Quantity():System.Int32" CoveredStatements="0" TotalStatements="1" CoveragePercent="0">
          <Statement FileIndex="431" Line="13" Column="37" EndLine="13" EndColumn="41" Covered="False" />
        </Method>
        <Method Name="get_Title():System.String" CoveredStatements="0" TotalStatements="1" CoveragePercent="0">
          <Statement FileIndex="431" Line="5" Column="36" EndLine="5" EndColumn="40" Covered="False" />
        </Method>
        <Method Name="get_UnitPrice():System.Single" CoveredStatements="0" TotalStatements="1" CoveragePercent="0">
          <Statement FileIndex="431" Line="9" Column="39" EndLine="9" EndColumn="43" Covered="False" />
        </Method>
        <Method Name="set_Description(System.String):System.Void" CoveredStatements="0" TotalStatements="1" CoveragePercent="0">
          <Statement FileIndex="431" Line="7" Column="47" EndLine="7" EndColumn="52" Covered="False" />
        </Method>
        <Method Name="set_Discount(System.Single):System.Void" CoveredStatements="0" TotalStatements="1" CoveragePercent="0">
          <Statement FileIndex="431" Line="11" Column="43" EndLine="11" EndColumn="48" Covered="False" />
        </Method>
        <Method Name="set_Quantity(System.Int32):System.Void" CoveredStatements="0" TotalStatements="1" CoveragePercent="0">
          <Statement FileIndex="431" Line="13" Column="42" EndLine="13" EndColumn="46" Covered="False" />
        </Method>
        <Method Name="set_Title(System.String):System.Void" CoveredStatements="0" TotalStatements="1" CoveragePercent="0">
          <Statement FileIndex="431" Line="5" Column="41" EndLine="5" EndColumn="46" Covered="False" />
        </Method>
        <Method Name="set_UnitPrice(System.Single):System.Void" CoveredStatements="0" TotalStatements="1" CoveragePercent="0">
          <Statement FileIndex="431" Line="9" Column="44" EndLine="9" EndColumn="49" Covered="False" />
        </Method>
      </Type>
    </Namespace>
    <Namespace Name="CoffeeSpace.Client.Services" CoveredStatements="0" TotalStatements="49" CoveragePercent="0">
      <Type Name="AuthService" CoveredStatements="0" TotalStatements="26" CoveragePercent="0">
        <Type Name="&lt;&gt;c" CoveredStatements="0" TotalStatements="2" CoveragePercent="0">
          <Method Name="&lt;LoginAsync&gt;b__2_0(System.Security.Claims.Claim):System.Boolean" CoveredStatements="0" TotalStatements="1" CoveragePercent="0">
            <Statement FileIndex="436" Line="30" Column="96" EndLine="30" EndColumn="126" Covered="False" />
          </Method>
          <Method Name="&lt;RegisterAsync&gt;b__3_0(System.Security.Claims.Claim):System.Boolean" CoveredStatements="0" TotalStatements="1" CoveragePercent="0">
            <Statement FileIndex="436" Line="45" Column="96" EndLine="45" EndColumn="126" Covered="False" />
          </Method>
        </Type>
        <Type Name="&lt;LoginAsync&gt;d__2" CoveredStatements="0" TotalStatements="10" CoveragePercent="0">
          <Method Name="MoveNext():System.Void" CoveredStatements="0" TotalStatements="10" CoveragePercent="0">
            <Statement FileIndex="436" Line="21" Column="5" EndLine="21" EndColumn="6" Covered="False" />
            <Statement FileIndex="436" Line="22" Column="9" EndLine="22" EndColumn="85" Covered="False" />
            <Statement FileIndex="436" Line="23" Column="9" EndLine="23" EndColumn="35" Covered="False" />
            <Statement FileIndex="436" Line="24" Column="9" EndLine="24" EndColumn="10" Covered="False" />
            <Statement FileIndex="436" Line="25" Column="13" EndLine="25" EndColumn="26" Covered="False" />
            <Statement FileIndex="436" Line="28" Column="9" EndLine="28" EndColumn="78" Covered="False" />
            <Statement FileIndex="436" Line="29" Column="9" EndLine="29" EndColumn="66" Covered="False" />
            <Statement FileIndex="436" Line="30" Column="9" EndLine="30" EndColumn="135" Covered="False" />
            <Statement FileIndex="436" Line="32" Column="9" EndLine="32" EndColumn="21" Covered="False" />
            <Statement FileIndex="436" Line="33" Column="5" EndLine="33" EndColumn="6" Covered="False" />
          </Method>
        </Type>
        <Type Name="&lt;RegisterAsync&gt;d__3" CoveredStatements="0" TotalStatements="10" CoveragePercent="0">
          <Method Name="MoveNext():System.Void" CoveredStatements="0" TotalStatements="10" CoveragePercent="0">
            <Statement FileIndex="436" Line="36" Column="5" EndLine="36" EndColumn="6" Covered="False" />
            <Statement FileIndex="436" Line="37" Column="9" EndLine="37" EndColumn="88" Covered="False" />
            <Statement FileIndex="436" Line="38" Column="9" EndLine="38" EndColumn="35" Covered="False" />
            <Statement FileIndex="436" Line="39" Column="9" EndLine="39" EndColumn="10" Covered="False" />
            <Statement FileIndex="436" Line="40" Column="13" EndLine="40" EndColumn="26" Covered="False" />
            <Statement FileIndex="436" Line="43" Column="9" EndLine="43" EndColumn="78" Covered="False" />
            <Statement FileIndex="436" Line="44" Column="9" EndLine="44" EndColumn="66" Covered="False" />
            <Statement FileIndex="436" Line="45" Column="9" EndLine="45" EndColumn="135" Covered="False" />
            <Statement FileIndex="436" Line="47" Column="9" EndLine="47" EndColumn="21" Covered="False" />
            <Statement FileIndex="436" Line="48" Column="5" EndLine="48" EndColumn="6" Covered="False" />
          </Method>
        </Type>
        <Method Name=".ctor(CoffeeSpace.Client.WebApiClients.IIdentityWebApi):System.Void" CoveredStatements="0" TotalStatements="4" CoveragePercent="0">
          <Statement FileIndex="436" Line="15" Column="5" EndLine="15" EndColumn="55" Covered="False" />
          <Statement FileIndex="436" Line="16" Column="5" EndLine="16" EndColumn="6" Covered="False" />
          <Statement FileIndex="436" Line="17" Column="9" EndLine="17" EndColumn="42" Covered="False" />
          <Statement FileIndex="436" Line="18" Column="5" EndLine="18" EndColumn="6" Covered="False" />
        </Method>
      </Type>
      <Type Name="HubConnectionService" CoveredStatements="0" TotalStatements="23" CoveragePercent="0">
        <Type Name="&lt;DisposeAsync&gt;d__9" CoveredStatements="0" TotalStatements="4" CoveragePercent="0">
          <Method Name="MoveNext():System.Void" CoveredStatements="0" TotalStatements="4" CoveragePercent="0">
            <Statement FileIndex="524" Line="46" Column="5" EndLine="46" EndColumn="6" Covered="False" />
            <Statement FileIndex="524" Line="47" Column="9" EndLine="47" EndColumn="66" Covered="False" />
            <Statement FileIndex="524" Line="48" Column="9" EndLine="48" EndColumn="42" Covered="False" />
            <Statement FileIndex="524" Line="49" Column="5" EndLine="49" EndColumn="6" Covered="False" />
          </Method>
        </Type>
        <Type Name="&lt;StartConnectionAsync&gt;d__5" CoveredStatements="0" TotalStatements="5" CoveragePercent="0">
          <Method Name="MoveNext():System.Void" CoveredStatements="0" TotalStatements="5" CoveragePercent="0">
            <Statement FileIndex="524" Line="23" Column="5" EndLine="23" EndColumn="6" Covered="False" />
            <Statement FileIndex="524" Line="24" Column="9" EndLine="24" EndColumn="28" Covered="False" />
            <Statement FileIndex="524" Line="26" Column="9" EndLine="26" EndColumn="60" Covered="False" />
            <Statement FileIndex="524" Line="27" Column="9" EndLine="27" EndColumn="83" Covered="False" />
            <Statement FileIndex="524" Line="28" Column="5" EndLine="28" EndColumn="6" Covered="False" />
          </Method>
        </Type>
        <Method Name=".ctor():System.Void" CoveredStatements="0" TotalStatements="4" CoveragePercent="0">
          <Statement FileIndex="524" Line="14" Column="5" EndLine="14" EndColumn="34" Covered="False" />
          <Statement FileIndex="524" Line="15" Column="5" EndLine="15" EndColumn="6" Covered="False" />
          <Statement FileIndex="524" Line="16" Column="9" EndLine="19" EndColumn="22" Covered="False" />
          <Statement FileIndex="524" Line="20" Column="5" EndLine="20" EndColumn="6" Covered="False" />
        </Method>
        <Method Name="get_IsConnected():System.Boolean" CoveredStatements="0" TotalStatements="1" CoveragePercent="0">
          <Statement FileIndex="524" Line="12" Column="32" EndLine="12" EndColumn="84" Covered="False" />
        </Method>
        <Method Name="OnOrderCreated(System.Action&lt;CoffeeSpace.Client.Models.Ordering.Order&gt;):System.Void" CoveredStatements="0" TotalStatements="3" CoveragePercent="0">
          <Statement FileIndex="524" Line="31" Column="5" EndLine="31" EndColumn="6" Covered="False" />
          <Statement FileIndex="524" Line="32" Column="9" EndLine="32" EndColumn="60" Covered="False" />
          <Statement FileIndex="524" Line="33" Column="5" EndLine="33" EndColumn="6" Covered="False" />
        </Method>
        <Method Name="OnOrderPaymentPageInitialized(System.Action&lt;System.String,System.String&gt;):System.Void" CoveredStatements="0" TotalStatements="3" CoveragePercent="0">
          <Statement FileIndex="524" Line="41" Column="5" EndLine="41" EndColumn="6" Covered="False" />
          <Statement FileIndex="524" Line="42" Column="9" EndLine="42" EndColumn="82" Covered="False" />
          <Statement FileIndex="524" Line="43" Column="5" EndLine="43" EndColumn="6" Covered="False" />
        </Method>
        <Method Name="OnOrderStatusUpdated(System.Action&lt;CoffeeSpace.Client.Models.Ordering.OrderStatus,System.String&gt;):System.Void" CoveredStatements="0" TotalStatements="3" CoveragePercent="0">
          <Statement FileIndex="524" Line="36" Column="5" EndLine="36" EndColumn="6" Covered="False" />
          <Statement FileIndex="524" Line="37" Column="9" EndLine="37" EndColumn="71" Covered="False" />
          <Statement FileIndex="524" Line="38" Column="5" EndLine="38" EndColumn="6" Covered="False" />
        </Method>
      </Type>
    </Namespace>
    <Namespace Name="CoffeeSpace.Client.Views" CoveredStatements="0" TotalStatements="114" CoveragePercent="0">
      <Type Name="CartView" CoveredStatements="0" TotalStatements="5" CoveragePercent="0">
        <Method Name=".ctor(CoffeeSpace.Client._ViewModels.CartViewModel):System.Void" CoveredStatements="0" TotalStatements="5" CoveragePercent="0">
          <Statement FileIndex="525" Line="7" Column="5" EndLine="7" EndColumn="45" Covered="False" />
          <Statement FileIndex="525" Line="8" Column="5" EndLine="8" EndColumn="6" Covered="False" />
          <Statement FileIndex="525" Line="9" Column="9" EndLine="9" EndColumn="31" Covered="False" />
          <Statement FileIndex="525" Line="10" Column="9" EndLine="10" EndColumn="36" Covered="False" />
          <Statement FileIndex="525" Line="11" Column="5" EndLine="11" EndColumn="6" Covered="False" />
        </Method>
      </Type>
      <Type Name="LoginView" CoveredStatements="0" TotalStatements="34" CoveragePercent="0">
        <Type Name="&lt;OnAppearing&gt;d__2" CoveredStatements="0" TotalStatements="8" CoveragePercent="0">
          <Method Name="MoveNext():System.Void" CoveredStatements="0" TotalStatements="8" CoveragePercent="0">
            <Statement FileIndex="526" Line="22" Column="5" EndLine="22" EndColumn="6" Covered="False" />
            <Statement FileIndex="526" Line="23" Column="9" EndLine="23" EndColumn="70" Covered="False" />
            <Statement FileIndex="526" Line="24" Column="9" EndLine="24" EndColumn="43" Covered="False" />
            <Statement FileIndex="526" Line="25" Column="9" EndLine="25" EndColumn="10" Covered="False" />
            <Statement FileIndex="526" Line="26" Column="13" EndLine="26" EndColumn="61" Covered="False" />
            <Statement FileIndex="526" Line="27" Column="9" EndLine="27" EndColumn="10" Covered="False" />
            <Statement FileIndex="526" Line="29" Column="9" EndLine="29" EndColumn="28" Covered="False" />
            <Statement FileIndex="526" Line="30" Column="5" EndLine="30" EndColumn="6" Covered="False" />
          </Method>
        </Type>
        <Type Name="&lt;OnNavigatingFrom&gt;d__3" CoveredStatements="0" TotalStatements="13" CoveragePercent="0">
          <Method Name="MoveNext():System.Void" CoveredStatements="0" TotalStatements="13" CoveragePercent="0">
            <Statement FileIndex="526" Line="33" Column="5" EndLine="33" EndColumn="6" Covered="False" />
            <Statement FileIndex="526" Line="35" Column="9" EndLine="35" EndColumn="73" Covered="False" />
            <Statement FileIndex="526" Line="36" Column="9" EndLine="36" EndColumn="66" Covered="False" />
            <Statement FileIndex="526" Line="37" Column="9" EndLine="37" EndColumn="38" Covered="False" />
            <Statement FileIndex="526" Line="38" Column="9" EndLine="38" EndColumn="10" Covered="False" />
            <Statement FileIndex="526" Line="39" Column="13" EndLine="39" EndColumn="20" Covered="False" />
            <Statement FileIndex="526" Line="42" Column="9" EndLine="45" EndColumn="12" Covered="False" />
            <Statement FileIndex="526" Line="47" Column="9" EndLine="47" EndColumn="21" Covered="False" />
            <Statement FileIndex="526" Line="48" Column="9" EndLine="48" EndColumn="10" Covered="False" />
            <Statement FileIndex="526" Line="49" Column="13" EndLine="49" EndColumn="122" Covered="False" />
            <Statement FileIndex="526" Line="50" Column="13" EndLine="50" EndColumn="20" Covered="False" />
            <Statement FileIndex="526" Line="52" Column="9" EndLine="52" EndColumn="37" Covered="False" />
            <Statement FileIndex="526" Line="53" Column="5" EndLine="53" EndColumn="6" Covered="False" />
          </Method>
        </Type>
        <Method Name=".ctor(CoffeeSpace.Client._ViewModels.LoginViewModel,Mediator.ISender):System.Void" CoveredStatements="0" TotalStatements="6" CoveragePercent="0">
          <Statement FileIndex="526" Line="13" Column="5" EndLine="13" EndColumn="63" Covered="False" />
          <Statement FileIndex="526" Line="14" Column="5" EndLine="14" EndColumn="6" Covered="False" />
          <Statement FileIndex="526" Line="15" Column="9" EndLine="15" EndColumn="31" Covered="False" />
          <Statement FileIndex="526" Line="17" Column="9" EndLine="17" EndColumn="36" Covered="False" />
          <Statement FileIndex="526" Line="18" Column="9" EndLine="18" EndColumn="26" Covered="False" />
          <Statement FileIndex="526" Line="19" Column="5" EndLine="19" EndColumn="6" Covered="False" />
        </Method>
        <Method Name="IsJwtTokenExpired(System.String):System.Boolean" CoveredStatements="0" TotalStatements="7" CoveragePercent="0">
          <Statement FileIndex="526" Line="56" Column="5" EndLine="56" EndColumn="6" Covered="False" />
          <Statement FileIndex="526" Line="57" Column="9" EndLine="57" EndColumn="35" Covered="False" />
          <Statement FileIndex="526" Line="58" Column="9" EndLine="58" EndColumn="10" Covered="False" />
          <Statement FileIndex="526" Line="59" Column="13" EndLine="59" EndColumn="25" Covered="False" />
          <Statement FileIndex="526" Line="62" Column="9" EndLine="62" EndColumn="71" Covered="False" />
          <Statement FileIndex="526" Line="63" Column="9" EndLine="63" EndColumn="75" Covered="False" />
          <Statement FileIndex="526" Line="64" Column="5" EndLine="64" EndColumn="6" Covered="False" />
        </Method>
      </Type>
      <Type Name="MainView" CoveredStatements="0" TotalStatements="15" CoveragePercent="0">
        <Type Name="&lt;OnAppearing&gt;d__3" CoveredStatements="0" TotalStatements="8" CoveragePercent="0">
          <Method Name="MoveNext():System.Void" CoveredStatements="0" TotalStatements="8" CoveragePercent="0">
            <Statement FileIndex="527" Line="25" Column="5" EndLine="25" EndColumn="6" Covered="False" />
            <Statement FileIndex="527" Line="26" Column="9" EndLine="26" EndColumn="47" Covered="False" />
            <Statement FileIndex="527" Line="27" Column="9" EndLine="27" EndColumn="10" Covered="False" />
            <Statement FileIndex="527" Line="28" Column="13" EndLine="28" EndColumn="20" Covered="False" />
            <Statement FileIndex="527" Line="31" Column="9" EndLine="31" EndColumn="70" Covered="False" />
            <Statement FileIndex="527" Line="32" Column="9" EndLine="32" EndColumn="69" Covered="False" />
            <Statement FileIndex="527" Line="34" Column="9" EndLine="34" EndColumn="61" Covered="False" />
            <Statement FileIndex="527" Line="35" Column="5" EndLine="35" EndColumn="6" Covered="False" />
          </Method>
        </Type>
        <Method Name=".ctor(CoffeeSpace.Client._ViewModels.MainViewModel,Mediator.ISender):System.Void" CoveredStatements="0" TotalStatements="7" CoveragePercent="0">
          <Statement FileIndex="527" Line="14" Column="5" EndLine="14" EndColumn="61" Covered="False" />
          <Statement FileIndex="527" Line="15" Column="5" EndLine="15" EndColumn="6" Covered="False" />
          <Statement FileIndex="527" Line="16" Column="9" EndLine="16" EndColumn="31" Covered="False" />
          <Statement FileIndex="527" Line="17" Column="9" EndLine="17" EndColumn="36" Covered="False" />
          <Statement FileIndex="527" Line="19" Column="9" EndLine="19" EndColumn="36" Covered="False" />
          <Statement FileIndex="527" Line="20" Column="9" EndLine="20" EndColumn="26" Covered="False" />
          <Statement FileIndex="527" Line="21" Column="5" EndLine="21" EndColumn="6" Covered="False" />
        </Method>
      </Type>
      <Type Name="OrderInformationView" CoveredStatements="0" TotalStatements="5" CoveragePercent="0">
        <Method Name=".ctor(CoffeeSpace.Client._ViewModels.OrderInformationViewModel):System.Void" CoveredStatements="0" TotalStatements="5" CoveragePercent="0">
          <Statement FileIndex="528" Line="9" Column="5" EndLine="9" EndColumn="69" Covered="False" />
          <Statement FileIndex="528" Line="10" Column="2" EndLine="10" EndColumn="3" Covered="False" />
          <Statement FileIndex="528" Line="11" Column="3" EndLine="11" EndColumn="25" Covered="False" />
          <Statement FileIndex="528" Line="12" Column="3" EndLine="12" EndColumn="30" Covered="False" />
          <Statement FileIndex="528" Line="13" Column="5" EndLine="13" EndColumn="6" Covered="False" />
        </Method>
      </Type>
      <Type Name="OrderPaymentView" CoveredStatements="0" TotalStatements="5" CoveragePercent="0">
        <Method Name=".ctor(CoffeeSpace.Client._ViewModels.OrderPaymentViewModel):System.Void" CoveredStatements="0" TotalStatements="5" CoveragePercent="0">
          <Statement FileIndex="529" Line="7" Column="2" EndLine="7" EndColumn="58" Covered="False" />
          <Statement FileIndex="529" Line="8" Column="2" EndLine="8" EndColumn="3" Covered="False" />
          <Statement FileIndex="529" Line="9" Column="3" EndLine="9" EndColumn="25" Covered="False" />
          <Statement FileIndex="529" Line="10" Column="3" EndLine="10" EndColumn="30" Covered="False" />
          <Statement FileIndex="529" Line="11" Column="2" EndLine="11" EndColumn="3" Covered="False" />
        </Method>
      </Type>
      <Type Name="OrderView" CoveredStatements="0" TotalStatements="19" CoveragePercent="0">
        <Type Name="&lt;&gt;c" CoveredStatements="0" TotalStatements="1" CoveragePercent="0">
          <Method Name="&lt;OnAppearing&gt;b__4_0(CoffeeSpace.Client.Models.Ordering.Order):System.String" CoveredStatements="0" TotalStatements="1" CoveragePercent="0">
            <Statement FileIndex="530" Line="35" Column="82" EndLine="35" EndColumn="90" Covered="False" />
          </Method>
        </Type>
        <Type Name="&lt;OnAppearing&gt;d__4" CoveredStatements="0" TotalStatements="10" CoveragePercent="0">
          <Method Name="MoveNext():System.Void" CoveredStatements="0" TotalStatements="10" CoveragePercent="0">
            <Statement FileIndex="530" Line="25" Column="5" EndLine="25" EndColumn="6" Covered="False" />
            <Statement FileIndex="530" Line="26" Column="9" EndLine="26" EndColumn="28" Covered="False" />
            <Statement FileIndex="530" Line="27" Column="9" EndLine="27" EndColumn="28" Covered="False" />
            <Statement FileIndex="530" Line="28" Column="9" EndLine="28" EndColumn="10" Covered="False" />
            <Statement FileIndex="530" Line="29" Column="13" EndLine="29" EndColumn="20" Covered="False" />
            <Statement FileIndex="530" Line="32" Column="9" EndLine="32" EndColumn="67" Covered="False" />
            <Statement FileIndex="530" Line="33" Column="9" EndLine="33" EndColumn="111" Covered="False" />
            <Statement FileIndex="530" Line="35" Column="9" EndLine="35" EndColumn="117" Covered="False" />
            <Statement FileIndex="530" Line="36" Column="9" EndLine="36" EndColumn="31" Covered="False" />
            <Statement FileIndex="530" Line="37" Column="5" EndLine="37" EndColumn="6" Covered="False" />
          </Method>
        </Type>
        <Method Name=".ctor(CoffeeSpace.Client._ViewModels.OrderViewModel,CoffeeSpace.Client.WebApiClients.IOrderingWebApi,CoffeeSpace.Client._ViewModels.OrderViewModel):System.Void" CoveredStatements="0" TotalStatements="8" CoveragePercent="0">
          <Statement FileIndex="530" Line="14" Column="5" EndLine="14" EndColumn="110" Covered="False" />
          <Statement FileIndex="530" Line="15" Column="5" EndLine="15" EndColumn="6" Covered="False" />
          <Statement FileIndex="530" Line="16" Column="9" EndLine="16" EndColumn="31" Covered="False" />
          <Statement FileIndex="530" Line="17" Column="9" EndLine="17" EndColumn="36" Covered="False" />
          <Statement FileIndex="530" Line="19" Column="9" EndLine="19" EndColumn="42" Covered="False" />
          <Statement FileIndex="530" Line="20" Column="9" EndLine="20" EndColumn="42" Covered="False" />
          <Statement FileIndex="530" Line="21" Column="9" EndLine="21" EndColumn="32" Covered="False" />
          <Statement FileIndex="530" Line="22" Column="5" EndLine="22" EndColumn="6" Covered="False" />
        </Method>
      </Type>
      <Type Name="ProfileView" CoveredStatements="0" TotalStatements="5" CoveragePercent="0">
        <Method Name=".ctor(CoffeeSpace.Client._ViewModels.ProfileViewModel):System.Void" CoveredStatements="0" TotalStatements="5" CoveragePercent="0">
          <Statement FileIndex="443" Line="11" Column="5" EndLine="11" EndColumn="51" Covered="False" />
          <Statement FileIndex="443" Line="12" Column="5" EndLine="12" EndColumn="6" Covered="False" />
          <Statement FileIndex="443" Line="13" Column="9" EndLine="13" EndColumn="31" Covered="False" />
          <Statement FileIndex="443" Line="14" Column="9" EndLine="14" EndColumn="36" Covered="False" />
          <Statement FileIndex="443" Line="15" Column="5" EndLine="15" EndColumn="6" Covered="False" />
        </Method>
      </Type>
      <Type Name="RegisterView" CoveredStatements="0" TotalStatements="26" CoveragePercent="0">
        <Type Name="&lt;OnNavigatingFrom&gt;d__2" CoveredStatements="0" TotalStatements="13" CoveragePercent="0">
          <Method Name="MoveNext():System.Void" CoveredStatements="0" TotalStatements="13" CoveragePercent="0">
            <Statement FileIndex="531" Line="22" Column="5" EndLine="22" EndColumn="6" Covered="False" />
            <Statement FileIndex="531" Line="24" Column="9" EndLine="24" EndColumn="73" Covered="False" />
            <Statement FileIndex="531" Line="25" Column="9" EndLine="25" EndColumn="66" Covered="False" />
            <Statement FileIndex="531" Line="26" Column="9" EndLine="26" EndColumn="38" Covered="False" />
            <Statement FileIndex="531" Line="27" Column="9" EndLine="27" EndColumn="10" Covered="False" />
            <Statement FileIndex="531" Line="28" Column="13" EndLine="28" EndColumn="20" Covered="False" />
            <Statement FileIndex="531" Line="31" Column="9" EndLine="34" EndColumn="12" Covered="False" />
            <Statement FileIndex="531" Line="36" Column="9" EndLine="36" EndColumn="21" Covered="False" />
            <Statement FileIndex="531" Line="37" Column="9" EndLine="37" EndColumn="10" Covered="False" />
            <Statement FileIndex="531" Line="38" Column="13" EndLine="38" EndColumn="122" Covered="False" />
            <Statement FileIndex="531" Line="39" Column="9" EndLine="39" EndColumn="10" Covered="False" />
            <Statement FileIndex="531" Line="40" Column="9" EndLine="40" EndColumn="37" Covered="False" />
            <Statement FileIndex="531" Line="41" Column="5" EndLine="41" EndColumn="6" Covered="False" />
          </Method>
        </Type>
        <Method Name=".ctor(CoffeeSpace.Client._ViewModels.RegisterViewModel,Mediator.ISender):System.Void" CoveredStatements="0" TotalStatements="6" CoveragePercent="0">
          <Statement FileIndex="531" Line="13" Column="5" EndLine="13" EndColumn="69" Covered="False" />
          <Statement FileIndex="531" Line="14" Column="5" EndLine="14" EndColumn="6" Covered="False" />
          <Statement FileIndex="531" Line="15" Column="9" EndLine="15" EndColumn="31" Covered="False" />
          <Statement FileIndex="531" Line="17" Column="9" EndLine="17" EndColumn="36" Covered="False" />
          <Statement FileIndex="531" Line="18" Column="9" EndLine="18" EndColumn="26" Covered="False" />
          <Statement FileIndex="531" Line="19" Column="5" EndLine="19" EndColumn="6" Covered="False" />
        </Method>
        <Method Name="IsJwtTokenExpired(System.String):System.Boolean" CoveredStatements="0" TotalStatements="7" CoveragePercent="0">
          <Statement FileIndex="531" Line="44" Column="5" EndLine="44" EndColumn="6" Covered="False" />
          <Statement FileIndex="531" Line="45" Column="9" EndLine="45" EndColumn="35" Covered="False" />
          <Statement FileIndex="531" Line="46" Column="9" EndLine="46" EndColumn="10" Covered="False" />
          <Statement FileIndex="531" Line="47" Column="13" EndLine="47" EndColumn="25" Covered="False" />
          <Statement FileIndex="531" Line="50" Column="9" EndLine="50" EndColumn="71" Covered="False" />
          <Statement FileIndex="531" Line="51" Column="9" EndLine="51" EndColumn="75" Covered="False" />
          <Statement FileIndex="531" Line="52" Column="5" EndLine="52" EndColumn="6" Covered="False" />
        </Method>
      </Type>
    </Namespace>
    <Namespace Name="CoffeeSpace.WinUI" CoveredStatements="0" TotalStatements="5" CoveragePercent="0">
      <Type Name="App" CoveredStatements="0" TotalStatements="5" CoveragePercent="0">
        <Method Name=".ctor():System.Void" CoveredStatements="0" TotalStatements="4" CoveragePercent="0">
          <Statement FileIndex="522" Line="17" Column="5" EndLine="17" EndColumn="17" Covered="False" />
          <Statement FileIndex="522" Line="18" Column="5" EndLine="18" EndColumn="6" Covered="False" />
          <Statement FileIndex="522" Line="19" Column="9" EndLine="19" EndColumn="31" Covered="False" />
          <Statement FileIndex="522" Line="20" Column="5" EndLine="20" EndColumn="6" Covered="False" />
        </Method>
        <Method Name="CreateMauiApp():Microsoft.Maui.Hosting.MauiApp" CoveredStatements="0" TotalStatements="1" CoveragePercent="0">
          <Statement FileIndex="522" Line="22" Column="51" EndLine="22" EndColumn="78" Covered="False" />
        </Method>
      </Type>
    </Namespace>
    <Namespace Name="Microsoft.Maui.Controls" CoveredStatements="0" TotalStatements="234" CoveragePercent="0">
      <Type Name="ColorAnimationExtensions_Button" CoveredStatements="0" TotalStatements="26" CoveragePercent="0">
        <Type Name="&lt;&gt;c__DisplayClass0_0" CoveredStatements="0" TotalStatements="1" CoveragePercent="0">
          <Method Name="&lt;TextColorTo&gt;b__0(System.Double,System.Boolean):System.Void" CoveredStatements="0" TotalStatements="1" CoveragePercent="0">
            <Statement FileIndex="471" Line="57" Column="84" EndLine="57" EndColumn="125" Covered="False" />
          </Method>
        </Type>
        <Type Name="&lt;&gt;c__DisplayClass0_1" CoveredStatements="0" TotalStatements="1" CoveragePercent="0">
          <Method Name="&lt;TextColorTo&gt;b__5(System.Double):System.Void" CoveredStatements="0" TotalStatements="1" CoveragePercent="0">
            <Statement FileIndex="471" Line="68" Column="120" EndLine="68" EndColumn="168" Covered="False" />
          </Method>
        </Type>
        <Type Name="&lt;&gt;c__DisplayClass0_2" CoveredStatements="0" TotalStatements="1" CoveragePercent="0">
          <Method Name="&lt;TextColorTo&gt;b__6(System.Double):System.Void" CoveredStatements="0" TotalStatements="1" CoveragePercent="0">
            <Statement FileIndex="471" Line="69" Column="124" EndLine="69" EndColumn="174" Covered="False" />
          </Method>
        </Type>
        <Type Name="&lt;&gt;c__DisplayClass0_3" CoveredStatements="0" TotalStatements="1" CoveragePercent="0">
          <Method Name="&lt;TextColorTo&gt;b__7(System.Double):System.Void" CoveredStatements="0" TotalStatements="1" CoveragePercent="0">
            <Statement FileIndex="471" Line="70" Column="122" EndLine="70" EndColumn="171" Covered="False" />
          </Method>
        </Type>
        <Type Name="&lt;&gt;c__DisplayClass0_4" CoveredStatements="0" TotalStatements="1" CoveragePercent="0">
          <Method Name="&lt;TextColorTo&gt;b__8(System.Double):System.Void" CoveredStatements="0" TotalStatements="1" CoveragePercent="0">
            <Statement FileIndex="471" Line="71" Column="124" EndLine="71" EndColumn="181" Covered="False" />
          </Method>
        </Type>
        <Method Name="&lt;TextColorTo&gt;g__GetAlphaTransformAnimation|0_4(Microsoft.Maui.Controls.Button,System.Single):Microsoft.Maui.Controls.Animation" CoveredStatements="0" TotalStatements="1" CoveragePercent="0">
          <Statement FileIndex="471" Line="71" Column="115" EndLine="71" EndColumn="220" Covered="False" />
        </Method>
        <Method Name="&lt;TextColorTo&gt;g__GetBlueTransformAnimation|0_3(Microsoft.Maui.Controls.Button,System.Single):Microsoft.Maui.Controls.Animation" CoveredStatements="0" TotalStatements="1" CoveragePercent="0">
          <Statement FileIndex="471" Line="70" Column="113" EndLine="70" EndColumn="208" Covered="False" />
        </Method>
        <Method Name="&lt;TextColorTo&gt;g__GetGreenTransformAnimation|0_2(Microsoft.Maui.Controls.Button,System.Single):Microsoft.Maui.Controls.Animation" CoveredStatements="0" TotalStatements="1" CoveragePercent="0">
          <Statement FileIndex="471" Line="69" Column="115" EndLine="69" EndColumn="213" Covered="False" />
        </Method>
        <Method Name="&lt;TextColorTo&gt;g__GetRedTransformAnimation|0_1(Microsoft.Maui.Controls.Button,System.Single):Microsoft.Maui.Controls.Animation" CoveredStatements="0" TotalStatements="1" CoveragePercent="0">
          <Statement FileIndex="471" Line="68" Column="111" EndLine="68" EndColumn="203" Covered="False" />
        </Method>
        <Method Name="TextColorTo(Microsoft.Maui.Controls.Button,Microsoft.Maui.Graphics.Color,System.UInt32,System.UInt32,Microsoft.Maui.Easing):System.Threading.Tasks.Task&lt;System.Boolean&gt;" CoveredStatements="0" TotalStatements="17" CoveragePercent="0">
          <Statement FileIndex="471" Line="24" Column="5" EndLine="24" EndColumn="6" Covered="False" />
          <Statement FileIndex="471" Line="25" Column="9" EndLine="25" EndColumn="52" Covered="False" />
          <Statement FileIndex="471" Line="26" Column="9" EndLine="26" EndColumn="50" Covered="False" />
          <Statement FileIndex="471" Line="27" Column="9" EndLine="27" EndColumn="54" Covered="False" />
          <Statement FileIndex="471" Line="28" Column="13" EndLine="28" EndColumn="121" Covered="False" />
          <Statement FileIndex="471" Line="31" Column="9" EndLine="31" EndColumn="50" Covered="False" />
          <Statement FileIndex="471" Line="32" Column="9" EndLine="32" EndColumn="74" Covered="False" />
          <Statement FileIndex="471" Line="34" Column="9" EndLine="34" EndColumn="10" Covered="False" />
          <Statement FileIndex="471" Line="35" Column="13" EndLine="57" EndColumn="127" Covered="False" />
          <Statement FileIndex="471" Line="58" Column="9" EndLine="58" EndColumn="10" Covered="False" />
          <Statement FileIndex="471" Line="59" Column="9" EndLine="59" EndColumn="38" Covered="False" />
          <Statement FileIndex="471" Line="60" Column="9" EndLine="60" EndColumn="10" Covered="False" />
          <Statement FileIndex="471" Line="63" Column="13" EndLine="63" EndColumn="149" Covered="False" />
          <Statement FileIndex="471" Line="64" Column="13" EndLine="64" EndColumn="56" Covered="False" />
          <Statement FileIndex="471" Line="65" Column="9" EndLine="65" EndColumn="10" Covered="False" />
          <Statement FileIndex="471" Line="67" Column="9" EndLine="67" EndColumn="47" Covered="False" />
          <Statement FileIndex="471" Line="72" Column="5" EndLine="72" EndColumn="6" Covered="False" />
        </Method>
      </Type>
      <Type Name="ColorAnimationExtensions_DatePicker" CoveredStatements="0" TotalStatements="26" CoveragePercent="0">
        <Type Name="&lt;&gt;c__DisplayClass0_0" CoveredStatements="0" TotalStatements="1" CoveragePercent="0">
          <Method Name="&lt;TextColorTo&gt;b__0(System.Double,System.Boolean):System.Void" CoveredStatements="0" TotalStatements="1" CoveragePercent="0">
            <Statement FileIndex="472" Line="57" Column="84" EndLine="57" EndColumn="125" Covered="False" />
          </Method>
        </Type>
        <Type Name="&lt;&gt;c__DisplayClass0_1" CoveredStatements="0" TotalStatements="1" CoveragePercent="0">
          <Method Name="&lt;TextColorTo&gt;b__5(System.Double):System.Void" CoveredStatements="0" TotalStatements="1" CoveragePercent="0">
            <Statement FileIndex="472" Line="68" Column="124" EndLine="68" EndColumn="172" Covered="False" />
          </Method>
        </Type>
        <Type Name="&lt;&gt;c__DisplayClass0_2" CoveredStatements="0" TotalStatements="1" CoveragePercent="0">
          <Method Name="&lt;TextColorTo&gt;b__6(System.Double):System.Void" CoveredStatements="0" TotalStatements="1" CoveragePercent="0">
            <Statement FileIndex="472" Line="69" Column="128" EndLine="69" EndColumn="178" Covered="False" />
          </Method>
        </Type>
        <Type Name="&lt;&gt;c__DisplayClass0_3" CoveredStatements="0" TotalStatements="1" CoveragePercent="0">
          <Method Name="&lt;TextColorTo&gt;b__7(System.Double):System.Void" CoveredStatements="0" TotalStatements="1" CoveragePercent="0">
            <Statement FileIndex="472" Line="70" Column="126" EndLine="70" EndColumn="175" Covered="False" />
          </Method>
        </Type>
        <Type Name="&lt;&gt;c__DisplayClass0_4" CoveredStatements="0" TotalStatements="1" CoveragePercent="0">
          <Method Name="&lt;TextColorTo&gt;b__8(System.Double):System.Void" CoveredStatements="0" TotalStatements="1" CoveragePercent="0">
            <Statement FileIndex="472" Line="71" Column="128" EndLine="71" EndColumn="185" Covered="False" />
          </Method>
        </Type>
        <Method Name="&lt;TextColorTo&gt;g__GetAlphaTransformAnimation|0_4(Microsoft.Maui.Controls.DatePicker,System.Single):Microsoft.Maui.Controls.Animation" CoveredStatements="0" TotalStatements="1" CoveragePercent="0">
          <Statement FileIndex="472" Line="71" Column="119" EndLine="71" EndColumn="224" Covered="False" />
        </Method>
        <Method Name="&lt;TextColorTo&gt;g__GetBlueTransformAnimation|0_3(Microsoft.Maui.Controls.DatePicker,System.Single):Microsoft.Maui.Controls.Animation" CoveredStatements="0" TotalStatements="1" CoveragePercent="0">
          <Statement FileIndex="472" Line="70" Column="117" EndLine="70" EndColumn="212" Covered="False" />
        </Method>
        <Method Name="&lt;TextColorTo&gt;g__GetGreenTransformAnimation|0_2(Microsoft.Maui.Controls.DatePicker,System.Single):Microsoft.Maui.Controls.Animation" CoveredStatements="0" TotalStatements="1" CoveragePercent="0">
          <Statement FileIndex="472" Line="69" Column="119" EndLine="69" EndColumn="217" Covered="False" />
        </Method>
        <Method Name="&lt;TextColorTo&gt;g__GetRedTransformAnimation|0_1(Microsoft.Maui.Controls.DatePicker,System.Single):Microsoft.Maui.Controls.Animation" CoveredStatements="0" TotalStatements="1" CoveragePercent="0">
          <Statement FileIndex="472" Line="68" Column="115" EndLine="68" EndColumn="207" Covered="False" />
        </Method>
        <Method Name="TextColorTo(Microsoft.Maui.Controls.DatePicker,Microsoft.Maui.Graphics.Color,System.UInt32,System.UInt32,Microsoft.Maui.Easing):System.Threading.Tasks.Task&lt;System.Boolean&gt;" CoveredStatements="0" TotalStatements="17" CoveragePercent="0">
          <Statement FileIndex="472" Line="24" Column="5" EndLine="24" EndColumn="6" Covered="False" />
          <Statement FileIndex="472" Line="25" Column="9" EndLine="25" EndColumn="52" Covered="False" />
          <Statement FileIndex="472" Line="26" Column="9" EndLine="26" EndColumn="50" Covered="False" />
          <Statement FileIndex="472" Line="27" Column="9" EndLine="27" EndColumn="54" Covered="False" />
          <Statement FileIndex="472" Line="28" Column="13" EndLine="28" EndColumn="121" Covered="False" />
          <Statement FileIndex="472" Line="31" Column="9" EndLine="31" EndColumn="50" Covered="False" />
          <Statement FileIndex="472" Line="32" Column="9" EndLine="32" EndColumn="74" Covered="False" />
          <Statement FileIndex="472" Line="34" Column="9" EndLine="34" EndColumn="10" Covered="False" />
          <Statement FileIndex="472" Line="35" Column="13" EndLine="57" EndColumn="127" Covered="False" />
          <Statement FileIndex="472" Line="58" Column="9" EndLine="58" EndColumn="10" Covered="False" />
          <Statement FileIndex="472" Line="59" Column="9" EndLine="59" EndColumn="38" Covered="False" />
          <Statement FileIndex="472" Line="60" Column="9" EndLine="60" EndColumn="10" Covered="False" />
          <Statement FileIndex="472" Line="63" Column="13" EndLine="63" EndColumn="153" Covered="False" />
          <Statement FileIndex="472" Line="64" Column="13" EndLine="64" EndColumn="56" Covered="False" />
          <Statement FileIndex="472" Line="65" Column="9" EndLine="65" EndColumn="10" Covered="False" />
          <Statement FileIndex="472" Line="67" Column="9" EndLine="67" EndColumn="47" Covered="False" />
          <Statement FileIndex="472" Line="72" Column="5" EndLine="72" EndColumn="6" Covered="False" />
        </Method>
      </Type>
      <Type Name="ColorAnimationExtensions_Editor" CoveredStatements="0" TotalStatements="26" CoveragePercent="0">
        <Type Name="&lt;&gt;c__DisplayClass0_0" CoveredStatements="0" TotalStatements="1" CoveragePercent="0">
          <Method Name="&lt;TextColorTo&gt;b__0(System.Double,System.Boolean):System.Void" CoveredStatements="0" TotalStatements="1" CoveragePercent="0">
            <Statement FileIndex="473" Line="57" Column="84" EndLine="57" EndColumn="125" Covered="False" />
          </Method>
        </Type>
        <Type Name="&lt;&gt;c__DisplayClass0_1" CoveredStatements="0" TotalStatements="1" CoveragePercent="0">
          <Method Name="&lt;TextColorTo&gt;b__5(System.Double):System.Void" CoveredStatements="0" TotalStatements="1" CoveragePercent="0">
            <Statement FileIndex="473" Line="68" Column="120" EndLine="68" EndColumn="168" Covered="False" />
          </Method>
        </Type>
        <Type Name="&lt;&gt;c__DisplayClass0_2" CoveredStatements="0" TotalStatements="1" CoveragePercent="0">
          <Method Name="&lt;TextColorTo&gt;b__6(System.Double):System.Void" CoveredStatements="0" TotalStatements="1" CoveragePercent="0">
            <Statement FileIndex="473" Line="69" Column="124" EndLine="69" EndColumn="174" Covered="False" />
          </Method>
        </Type>
        <Type Name="&lt;&gt;c__DisplayClass0_3" CoveredStatements="0" TotalStatements="1" CoveragePercent="0">
          <Method Name="&lt;TextColorTo&gt;b__7(System.Double):System.Void" CoveredStatements="0" TotalStatements="1" CoveragePercent="0">
            <Statement FileIndex="473" Line="70" Column="122" EndLine="70" EndColumn="171" Covered="False" />
          </Method>
        </Type>
        <Type Name="&lt;&gt;c__DisplayClass0_4" CoveredStatements="0" TotalStatements="1" CoveragePercent="0">
          <Method Name="&lt;TextColorTo&gt;b__8(System.Double):System.Void" CoveredStatements="0" TotalStatements="1" CoveragePercent="0">
            <Statement FileIndex="473" Line="71" Column="124" EndLine="71" EndColumn="181" Covered="False" />
          </Method>
        </Type>
        <Method Name="&lt;TextColorTo&gt;g__GetAlphaTransformAnimation|0_4(Microsoft.Maui.Controls.Editor,System.Single):Microsoft.Maui.Controls.Animation" CoveredStatements="0" TotalStatements="1" CoveragePercent="0">
          <Statement FileIndex="473" Line="71" Column="115" EndLine="71" EndColumn="220" Covered="False" />
        </Method>
        <Method Name="&lt;TextColorTo&gt;g__GetBlueTransformAnimation|0_3(Microsoft.Maui.Controls.Editor,System.Single):Microsoft.Maui.Controls.Animation" CoveredStatements="0" TotalStatements="1" CoveragePercent="0">
          <Statement FileIndex="473" Line="70" Column="113" EndLine="70" EndColumn="208" Covered="False" />
        </Method>
        <Method Name="&lt;TextColorTo&gt;g__GetGreenTransformAnimation|0_2(Microsoft.Maui.Controls.Editor,System.Single):Microsoft.Maui.Controls.Animation" CoveredStatements="0" TotalStatements="1" CoveragePercent="0">
          <Statement FileIndex="473" Line="69" Column="115" EndLine="69" EndColumn="213" Covered="False" />
        </Method>
        <Method Name="&lt;TextColorTo&gt;g__GetRedTransformAnimation|0_1(Microsoft.Maui.Controls.Editor,System.Single):Microsoft.Maui.Controls.Animation" CoveredStatements="0" TotalStatements="1" CoveragePercent="0">
          <Statement FileIndex="473" Line="68" Column="111" EndLine="68" EndColumn="203" Covered="False" />
        </Method>
        <Method Name="TextColorTo(Microsoft.Maui.Controls.Editor,Microsoft.Maui.Graphics.Color,System.UInt32,System.UInt32,Microsoft.Maui.Easing):System.Threading.Tasks.Task&lt;System.Boolean&gt;" CoveredStatements="0" TotalStatements="17" CoveragePercent="0">
          <Statement FileIndex="473" Line="24" Column="5" EndLine="24" EndColumn="6" Covered="False" />
          <Statement FileIndex="473" Line="25" Column="9" EndLine="25" EndColumn="52" Covered="False" />
          <Statement FileIndex="473" Line="26" Column="9" EndLine="26" EndColumn="50" Covered="False" />
          <Statement FileIndex="473" Line="27" Column="9" EndLine="27" EndColumn="54" Covered="False" />
          <Statement FileIndex="473" Line="28" Column="13" EndLine="28" EndColumn="121" Covered="False" />
          <Statement FileIndex="473" Line="31" Column="9" EndLine="31" EndColumn="50" Covered="False" />
          <Statement FileIndex="473" Line="32" Column="9" EndLine="32" EndColumn="74" Covered="False" />
          <Statement FileIndex="473" Line="34" Column="9" EndLine="34" EndColumn="10" Covered="False" />
          <Statement FileIndex="473" Line="35" Column="13" EndLine="57" EndColumn="127" Covered="False" />
          <Statement FileIndex="473" Line="58" Column="9" EndLine="58" EndColumn="10" Covered="False" />
          <Statement FileIndex="473" Line="59" Column="9" EndLine="59" EndColumn="38" Covered="False" />
          <Statement FileIndex="473" Line="60" Column="9" EndLine="60" EndColumn="10" Covered="False" />
          <Statement FileIndex="473" Line="63" Column="13" EndLine="63" EndColumn="149" Covered="False" />
          <Statement FileIndex="473" Line="64" Column="13" EndLine="64" EndColumn="56" Covered="False" />
          <Statement FileIndex="473" Line="65" Column="9" EndLine="65" EndColumn="10" Covered="False" />
          <Statement FileIndex="473" Line="67" Column="9" EndLine="67" EndColumn="47" Covered="False" />
          <Statement FileIndex="473" Line="72" Column="5" EndLine="72" EndColumn="6" Covered="False" />
        </Method>
      </Type>
      <Type Name="ColorAnimationExtensions_Entry" CoveredStatements="0" TotalStatements="26" CoveragePercent="0">
        <Type Name="&lt;&gt;c__DisplayClass0_0" CoveredStatements="0" TotalStatements="1" CoveragePercent="0">
          <Method Name="&lt;TextColorTo&gt;b__0(System.Double,System.Boolean):System.Void" CoveredStatements="0" TotalStatements="1" CoveragePercent="0">
            <Statement FileIndex="474" Line="57" Column="84" EndLine="57" EndColumn="125" Covered="False" />
          </Method>
        </Type>
        <Type Name="&lt;&gt;c__DisplayClass0_1" CoveredStatements="0" TotalStatements="1" CoveragePercent="0">
          <Method Name="&lt;TextColorTo&gt;b__5(System.Double):System.Void" CoveredStatements="0" TotalStatements="1" CoveragePercent="0">
            <Statement FileIndex="474" Line="68" Column="119" EndLine="68" EndColumn="167" Covered="False" />
          </Method>
        </Type>
        <Type Name="&lt;&gt;c__DisplayClass0_2" CoveredStatements="0" TotalStatements="1" CoveragePercent="0">
          <Method Name="&lt;TextColorTo&gt;b__6(System.Double):System.Void" CoveredStatements="0" TotalStatements="1" CoveragePercent="0">
            <Statement FileIndex="474" Line="69" Column="123" EndLine="69" EndColumn="173" Covered="False" />
          </Method>
        </Type>
        <Type Name="&lt;&gt;c__DisplayClass0_3" CoveredStatements="0" TotalStatements="1" CoveragePercent="0">
          <Method Name="&lt;TextColorTo&gt;b__7(System.Double):System.Void" CoveredStatements="0" TotalStatements="1" CoveragePercent="0">
            <Statement FileIndex="474" Line="70" Column="121" EndLine="70" EndColumn="170" Covered="False" />
          </Method>
        </Type>
        <Type Name="&lt;&gt;c__DisplayClass0_4" CoveredStatements="0" TotalStatements="1" CoveragePercent="0">
          <Method Name="&lt;TextColorTo&gt;b__8(System.Double):System.Void" CoveredStatements="0" TotalStatements="1" CoveragePercent="0">
            <Statement FileIndex="474" Line="71" Column="123" EndLine="71" EndColumn="180" Covered="False" />
          </Method>
        </Type>
        <Method Name="&lt;TextColorTo&gt;g__GetAlphaTransformAnimation|0_4(Microsoft.Maui.Controls.Entry,System.Single):Microsoft.Maui.Controls.Animation" CoveredStatements="0" TotalStatements="1" CoveragePercent="0">
          <Statement FileIndex="474" Line="71" Column="114" EndLine="71" EndColumn="219" Covered="False" />
        </Method>
        <Method Name="&lt;TextColorTo&gt;g__GetBlueTransformAnimation|0_3(Microsoft.Maui.Controls.Entry,System.Single):Microsoft.Maui.Controls.Animation" CoveredStatements="0" TotalStatements="1" CoveragePercent="0">
          <Statement FileIndex="474" Line="70" Column="112" EndLine="70" EndColumn="207" Covered="False" />
        </Method>
        <Method Name="&lt;TextColorTo&gt;g__GetGreenTransformAnimation|0_2(Microsoft.Maui.Controls.Entry,System.Single):Microsoft.Maui.Controls.Animation" CoveredStatements="0" TotalStatements="1" CoveragePercent="0">
          <Statement FileIndex="474" Line="69" Column="114" EndLine="69" EndColumn="212" Covered="False" />
        </Method>
        <Method Name="&lt;TextColorTo&gt;g__GetRedTransformAnimation|0_1(Microsoft.Maui.Controls.Entry,System.Single):Microsoft.Maui.Controls.Animation" CoveredStatements="0" TotalStatements="1" CoveragePercent="0">
          <Statement FileIndex="474" Line="68" Column="110" EndLine="68" EndColumn="202" Covered="False" />
        </Method>
        <Method Name="TextColorTo(Microsoft.Maui.Controls.Entry,Microsoft.Maui.Graphics.Color,System.UInt32,System.UInt32,Microsoft.Maui.Easing):System.Threading.Tasks.Task&lt;System.Boolean&gt;" CoveredStatements="0" TotalStatements="17" CoveragePercent="0">
          <Statement FileIndex="474" Line="24" Column="5" EndLine="24" EndColumn="6" Covered="False" />
          <Statement FileIndex="474" Line="25" Column="9" EndLine="25" EndColumn="52" Covered="False" />
          <Statement FileIndex="474" Line="26" Column="9" EndLine="26" EndColumn="50" Covered="False" />
          <Statement FileIndex="474" Line="27" Column="9" EndLine="27" EndColumn="54" Covered="False" />
          <Statement FileIndex="474" Line="28" Column="13" EndLine="28" EndColumn="121" Covered="False" />
          <Statement FileIndex="474" Line="31" Column="9" EndLine="31" EndColumn="50" Covered="False" />
          <Statement FileIndex="474" Line="32" Column="9" EndLine="32" EndColumn="74" Covered="False" />
          <Statement FileIndex="474" Line="34" Column="9" EndLine="34" EndColumn="10" Covered="False" />
          <Statement FileIndex="474" Line="35" Column="13" EndLine="57" EndColumn="127" Covered="False" />
          <Statement FileIndex="474" Line="58" Column="9" EndLine="58" EndColumn="10" Covered="False" />
          <Statement FileIndex="474" Line="59" Column="9" EndLine="59" EndColumn="38" Covered="False" />
          <Statement FileIndex="474" Line="60" Column="9" EndLine="60" EndColumn="10" Covered="False" />
          <Statement FileIndex="474" Line="63" Column="13" EndLine="63" EndColumn="148" Covered="False" />
          <Statement FileIndex="474" Line="64" Column="13" EndLine="64" EndColumn="56" Covered="False" />
          <Statement FileIndex="474" Line="65" Column="9" EndLine="65" EndColumn="10" Covered="False" />
          <Statement FileIndex="474" Line="67" Column="9" EndLine="67" EndColumn="47" Covered="False" />
          <Statement FileIndex="474" Line="72" Column="5" EndLine="72" EndColumn="6" Covered="False" />
        </Method>
      </Type>
      <Type Name="ColorAnimationExtensions_Label" CoveredStatements="0" TotalStatements="26" CoveragePercent="0">
        <Type Name="&lt;&gt;c__DisplayClass0_0" CoveredStatements="0" TotalStatements="1" CoveragePercent="0">
          <Method Name="&lt;TextColorTo&gt;b__0(System.Double,System.Boolean):System.Void" CoveredStatements="0" TotalStatements="1" CoveragePercent="0">
            <Statement FileIndex="475" Line="57" Column="84" EndLine="57" EndColumn="125" Covered="False" />
          </Method>
        </Type>
        <Type Name="&lt;&gt;c__DisplayClass0_1" CoveredStatements="0" TotalStatements="1" CoveragePercent="0">
          <Method Name="&lt;TextColorTo&gt;b__5(System.Double):System.Void" CoveredStatements="0" TotalStatements="1" CoveragePercent="0">
            <Statement FileIndex="475" Line="68" Column="119" EndLine="68" EndColumn="167" Covered="False" />
          </Method>
        </Type>
        <Type Name="&lt;&gt;c__DisplayClass0_2" CoveredStatements="0" TotalStatements="1" CoveragePercent="0">
          <Method Name="&lt;TextColorTo&gt;b__6(System.Double):System.Void" CoveredStatements="0" TotalStatements="1" CoveragePercent="0">
            <Statement FileIndex="475" Line="69" Column="123" EndLine="69" EndColumn="173" Covered="False" />
          </Method>
        </Type>
        <Type Name="&lt;&gt;c__DisplayClass0_3" CoveredStatements="0" TotalStatements="1" CoveragePercent="0">
          <Method Name="&lt;TextColorTo&gt;b__7(System.Double):System.Void" CoveredStatements="0" TotalStatements="1" CoveragePercent="0">
            <Statement FileIndex="475" Line="70" Column="121" EndLine="70" EndColumn="170" Covered="False" />
          </Method>
        </Type>
        <Type Name="&lt;&gt;c__DisplayClass0_4" CoveredStatements="0" TotalStatements="1" CoveragePercent="0">
          <Method Name="&lt;TextColorTo&gt;b__8(System.Double):System.Void" CoveredStatements="0" TotalStatements="1" CoveragePercent="0">
            <Statement FileIndex="475" Line="71" Column="123" EndLine="71" EndColumn="180" Covered="False" />
          </Method>
        </Type>
        <Method Name="&lt;TextColorTo&gt;g__GetAlphaTransformAnimation|0_4(Microsoft.Maui.Controls.Label,System.Single):Microsoft.Maui.Controls.Animation" CoveredStatements="0" TotalStatements="1" CoveragePercent="0">
          <Statement FileIndex="475" Line="71" Column="114" EndLine="71" EndColumn="219" Covered="False" />
        </Method>
        <Method Name="&lt;TextColorTo&gt;g__GetBlueTransformAnimation|0_3(Microsoft.Maui.Controls.Label,System.Single):Microsoft.Maui.Controls.Animation" CoveredStatements="0" TotalStatements="1" CoveragePercent="0">
          <Statement FileIndex="475" Line="70" Column="112" EndLine="70" EndColumn="207" Covered="False" />
        </Method>
        <Method Name="&lt;TextColorTo&gt;g__GetGreenTransformAnimation|0_2(Microsoft.Maui.Controls.Label,System.Single):Microsoft.Maui.Controls.Animation" CoveredStatements="0" TotalStatements="1" CoveragePercent="0">
          <Statement FileIndex="475" Line="69" Column="114" EndLine="69" EndColumn="212" Covered="False" />
        </Method>
        <Method Name="&lt;TextColorTo&gt;g__GetRedTransformAnimation|0_1(Microsoft.Maui.Controls.Label,System.Single):Microsoft.Maui.Controls.Animation" CoveredStatements="0" TotalStatements="1" CoveragePercent="0">
          <Statement FileIndex="475" Line="68" Column="110" EndLine="68" EndColumn="202" Covered="False" />
        </Method>
        <Method Name="TextColorTo(Microsoft.Maui.Controls.Label,Microsoft.Maui.Graphics.Color,System.UInt32,System.UInt32,Microsoft.Maui.Easing):System.Threading.Tasks.Task&lt;System.Boolean&gt;" CoveredStatements="0" TotalStatements="17" CoveragePercent="0">
          <Statement FileIndex="475" Line="24" Column="5" EndLine="24" EndColumn="6" Covered="False" />
          <Statement FileIndex="475" Line="25" Column="9" EndLine="25" EndColumn="52" Covered="False" />
          <Statement FileIndex="475" Line="26" Column="9" EndLine="26" EndColumn="50" Covered="False" />
          <Statement FileIndex="475" Line="27" Column="9" EndLine="27" EndColumn="54" Covered="False" />
          <Statement FileIndex="475" Line="28" Column="13" EndLine="28" EndColumn="121" Covered="False" />
          <Statement FileIndex="475" Line="31" Column="9" EndLine="31" EndColumn="50" Covered="False" />
          <Statement FileIndex="475" Line="32" Column="9" EndLine="32" EndColumn="74" Covered="False" />
          <Statement FileIndex="475" Line="34" Column="9" EndLine="34" EndColumn="10" Covered="False" />
          <Statement FileIndex="475" Line="35" Column="13" EndLine="57" EndColumn="127" Covered="False" />
          <Statement FileIndex="475" Line="58" Column="9" EndLine="58" EndColumn="10" Covered="False" />
          <Statement FileIndex="475" Line="59" Column="9" EndLine="59" EndColumn="38" Covered="False" />
          <Statement FileIndex="475" Line="60" Column="9" EndLine="60" EndColumn="10" Covered="False" />
          <Statement FileIndex="475" Line="63" Column="13" EndLine="63" EndColumn="148" Covered="False" />
          <Statement FileIndex="475" Line="64" Column="13" EndLine="64" EndColumn="56" Covered="False" />
          <Statement FileIndex="475" Line="65" Column="9" EndLine="65" EndColumn="10" Covered="False" />
          <Statement FileIndex="475" Line="67" Column="9" EndLine="67" EndColumn="47" Covered="False" />
          <Statement FileIndex="475" Line="72" Column="5" EndLine="72" EndColumn="6" Covered="False" />
        </Method>
      </Type>
      <Type Name="ColorAnimationExtensions_Picker" CoveredStatements="0" TotalStatements="26" CoveragePercent="0">
        <Type Name="&lt;&gt;c__DisplayClass0_0" CoveredStatements="0" TotalStatements="1" CoveragePercent="0">
          <Method Name="&lt;TextColorTo&gt;b__0(System.Double,System.Boolean):System.Void" CoveredStatements="0" TotalStatements="1" CoveragePercent="0">
            <Statement FileIndex="476" Line="57" Column="84" EndLine="57" EndColumn="125" Covered="False" />
          </Method>
        </Type>
        <Type Name="&lt;&gt;c__DisplayClass0_1" CoveredStatements="0" TotalStatements="1" CoveragePercent="0">
          <Method Name="&lt;TextColorTo&gt;b__5(System.Double):System.Void" CoveredStatements="0" TotalStatements="1" CoveragePercent="0">
            <Statement FileIndex="476" Line="68" Column="120" EndLine="68" EndColumn="168" Covered="False" />
          </Method>
        </Type>
        <Type Name="&lt;&gt;c__DisplayClass0_2" CoveredStatements="0" TotalStatements="1" CoveragePercent="0">
          <Method Name="&lt;TextColorTo&gt;b__6(System.Double):System.Void" CoveredStatements="0" TotalStatements="1" CoveragePercent="0">
            <Statement FileIndex="476" Line="69" Column="124" EndLine="69" EndColumn="174" Covered="False" />
          </Method>
        </Type>
        <Type Name="&lt;&gt;c__DisplayClass0_3" CoveredStatements="0" TotalStatements="1" CoveragePercent="0">
          <Method Name="&lt;TextColorTo&gt;b__7(System.Double):System.Void" CoveredStatements="0" TotalStatements="1" CoveragePercent="0">
            <Statement FileIndex="476" Line="70" Column="122" EndLine="70" EndColumn="171" Covered="False" />
          </Method>
        </Type>
        <Type Name="&lt;&gt;c__DisplayClass0_4" CoveredStatements="0" TotalStatements="1" CoveragePercent="0">
          <Method Name="&lt;TextColorTo&gt;b__8(System.Double):System.Void" CoveredStatements="0" TotalStatements="1" CoveragePercent="0">
            <Statement FileIndex="476" Line="71" Column="124" EndLine="71" EndColumn="181" Covered="False" />
          </Method>
        </Type>
        <Method Name="&lt;TextColorTo&gt;g__GetAlphaTransformAnimation|0_4(Microsoft.Maui.Controls.Picker,System.Single):Microsoft.Maui.Controls.Animation" CoveredStatements="0" TotalStatements="1" CoveragePercent="0">
          <Statement FileIndex="476" Line="71" Column="115" EndLine="71" EndColumn="220" Covered="False" />
        </Method>
        <Method Name="&lt;TextColorTo&gt;g__GetBlueTransformAnimation|0_3(Microsoft.Maui.Controls.Picker,System.Single):Microsoft.Maui.Controls.Animation" CoveredStatements="0" TotalStatements="1" CoveragePercent="0">
          <Statement FileIndex="476" Line="70" Column="113" EndLine="70" EndColumn="208" Covered="False" />
        </Method>
        <Method Name="&lt;TextColorTo&gt;g__GetGreenTransformAnimation|0_2(Microsoft.Maui.Controls.Picker,System.Single):Microsoft.Maui.Controls.Animation" CoveredStatements="0" TotalStatements="1" CoveragePercent="0">
          <Statement FileIndex="476" Line="69" Column="115" EndLine="69" EndColumn="213" Covered="False" />
        </Method>
        <Method Name="&lt;TextColorTo&gt;g__GetRedTransformAnimation|0_1(Microsoft.Maui.Controls.Picker,System.Single):Microsoft.Maui.Controls.Animation" CoveredStatements="0" TotalStatements="1" CoveragePercent="0">
          <Statement FileIndex="476" Line="68" Column="111" EndLine="68" EndColumn="203" Covered="False" />
        </Method>
        <Method Name="TextColorTo(Microsoft.Maui.Controls.Picker,Microsoft.Maui.Graphics.Color,System.UInt32,System.UInt32,Microsoft.Maui.Easing):System.Threading.Tasks.Task&lt;System.Boolean&gt;" CoveredStatements="0" TotalStatements="17" CoveragePercent="0">
          <Statement FileIndex="476" Line="24" Column="5" EndLine="24" EndColumn="6" Covered="False" />
          <Statement FileIndex="476" Line="25" Column="9" EndLine="25" EndColumn="52" Covered="False" />
          <Statement FileIndex="476" Line="26" Column="9" EndLine="26" EndColumn="50" Covered="False" />
          <Statement FileIndex="476" Line="27" Column="9" EndLine="27" EndColumn="54" Covered="False" />
          <Statement FileIndex="476" Line="28" Column="13" EndLine="28" EndColumn="121" Covered="False" />
          <Statement FileIndex="476" Line="31" Column="9" EndLine="31" EndColumn="50" Covered="False" />
          <Statement FileIndex="476" Line="32" Column="9" EndLine="32" EndColumn="74" Covered="False" />
          <Statement FileIndex="476" Line="34" Column="9" EndLine="34" EndColumn="10" Covered="False" />
          <Statement FileIndex="476" Line="35" Column="13" EndLine="57" EndColumn="127" Covered="False" />
          <Statement FileIndex="476" Line="58" Column="9" EndLine="58" EndColumn="10" Covered="False" />
          <Statement FileIndex="476" Line="59" Column="9" EndLine="59" EndColumn="38" Covered="False" />
          <Statement FileIndex="476" Line="60" Column="9" EndLine="60" EndColumn="10" Covered="False" />
          <Statement FileIndex="476" Line="63" Column="13" EndLine="63" EndColumn="149" Covered="False" />
          <Statement FileIndex="476" Line="64" Column="13" EndLine="64" EndColumn="56" Covered="False" />
          <Statement FileIndex="476" Line="65" Column="9" EndLine="65" EndColumn="10" Covered="False" />
          <Statement FileIndex="476" Line="67" Column="9" EndLine="67" EndColumn="47" Covered="False" />
          <Statement FileIndex="476" Line="72" Column="5" EndLine="72" EndColumn="6" Covered="False" />
        </Method>
      </Type>
      <Type Name="ColorAnimationExtensions_RadioButton" CoveredStatements="0" TotalStatements="26" CoveragePercent="0">
        <Type Name="&lt;&gt;c__DisplayClass0_0" CoveredStatements="0" TotalStatements="1" CoveragePercent="0">
          <Method Name="&lt;TextColorTo&gt;b__0(System.Double,System.Boolean):System.Void" CoveredStatements="0" TotalStatements="1" CoveragePercent="0">
            <Statement FileIndex="477" Line="57" Column="84" EndLine="57" EndColumn="125" Covered="False" />
          </Method>
        </Type>
        <Type Name="&lt;&gt;c__DisplayClass0_1" CoveredStatements="0" TotalStatements="1" CoveragePercent="0">
          <Method Name="&lt;TextColorTo&gt;b__5(System.Double):System.Void" CoveredStatements="0" TotalStatements="1" CoveragePercent="0">
            <Statement FileIndex="477" Line="68" Column="125" EndLine="68" EndColumn="173" Covered="False" />
          </Method>
        </Type>
        <Type Name="&lt;&gt;c__DisplayClass0_2" CoveredStatements="0" TotalStatements="1" CoveragePercent="0">
          <Method Name="&lt;TextColorTo&gt;b__6(System.Double):System.Void" CoveredStatements="0" TotalStatements="1" CoveragePercent="0">
            <Statement FileIndex="477" Line="69" Column="129" EndLine="69" EndColumn="179" Covered="False" />
          </Method>
        </Type>
        <Type Name="&lt;&gt;c__DisplayClass0_3" CoveredStatements="0" TotalStatements="1" CoveragePercent="0">
          <Method Name="&lt;TextColorTo&gt;b__7(System.Double):System.Void" CoveredStatements="0" TotalStatements="1" CoveragePercent="0">
            <Statement FileIndex="477" Line="70" Column="127" EndLine="70" EndColumn="176" Covered="False" />
          </Method>
        </Type>
        <Type Name="&lt;&gt;c__DisplayClass0_4" CoveredStatements="0" TotalStatements="1" CoveragePercent="0">
          <Method Name="&lt;TextColorTo&gt;b__8(System.Double):System.Void" CoveredStatements="0" TotalStatements="1" CoveragePercent="0">
            <Statement FileIndex="477" Line="71" Column="129" EndLine="71" EndColumn="186" Covered="False" />
          </Method>
        </Type>
        <Method Name="&lt;TextColorTo&gt;g__GetAlphaTransformAnimation|0_4(Microsoft.Maui.Controls.RadioButton,System.Single):Microsoft.Maui.Controls.Animation" CoveredStatements="0" TotalStatements="1" CoveragePercent="0">
          <Statement FileIndex="477" Line="71" Column="120" EndLine="71" EndColumn="225" Covered="False" />
        </Method>
        <Method Name="&lt;TextColorTo&gt;g__GetBlueTransformAnimation|0_3(Microsoft.Maui.Controls.RadioButton,System.Single):Microsoft.Maui.Controls.Animation" CoveredStatements="0" TotalStatements="1" CoveragePercent="0">
          <Statement FileIndex="477" Line="70" Column="118" EndLine="70" EndColumn="213" Covered="False" />
        </Method>
        <Method Name="&lt;TextColorTo&gt;g__GetGreenTransformAnimation|0_2(Microsoft.Maui.Controls.RadioButton,System.Single):Microsoft.Maui.Controls.Animation" CoveredStatements="0" TotalStatements="1" CoveragePercent="0">
          <Statement FileIndex="477" Line="69" Column="120" EndLine="69" EndColumn="218" Covered="False" />
        </Method>
        <Method Name="&lt;TextColorTo&gt;g__GetRedTransformAnimation|0_1(Microsoft.Maui.Controls.RadioButton,System.Single):Microsoft.Maui.Controls.Animation" CoveredStatements="0" TotalStatements="1" CoveragePercent="0">
          <Statement FileIndex="477" Line="68" Column="116" EndLine="68" EndColumn="208" Covered="False" />
        </Method>
        <Method Name="TextColorTo(Microsoft.Maui.Controls.RadioButton,Microsoft.Maui.Graphics.Color,System.UInt32,System.UInt32,Microsoft.Maui.Easing):System.Threading.Tasks.Task&lt;System.Boolean&gt;" CoveredStatements="0" TotalStatements="17" CoveragePercent="0">
          <Statement FileIndex="477" Line="24" Column="5" EndLine="24" EndColumn="6" Covered="False" />
          <Statement FileIndex="477" Line="25" Column="9" EndLine="25" EndColumn="52" Covered="False" />
          <Statement FileIndex="477" Line="26" Column="9" EndLine="26" EndColumn="50" Covered="False" />
          <Statement FileIndex="477" Line="27" Column="9" EndLine="27" EndColumn="54" Covered="False" />
          <Statement FileIndex="477" Line="28" Column="13" EndLine="28" EndColumn="121" Covered="False" />
          <Statement FileIndex="477" Line="31" Column="9" EndLine="31" EndColumn="50" Covered="False" />
          <Statement FileIndex="477" Line="32" Column="9" EndLine="32" EndColumn="74" Covered="False" />
          <Statement FileIndex="477" Line="34" Column="9" EndLine="34" EndColumn="10" Covered="False" />
          <Statement FileIndex="477" Line="35" Column="13" EndLine="57" EndColumn="127" Covered="False" />
          <Statement FileIndex="477" Line="58" Column="9" EndLine="58" EndColumn="10" Covered="False" />
          <Statement FileIndex="477" Line="59" Column="9" EndLine="59" EndColumn="38" Covered="False" />
          <Statement FileIndex="477" Line="60" Column="9" EndLine="60" EndColumn="10" Covered="False" />
          <Statement FileIndex="477" Line="63" Column="13" EndLine="63" EndColumn="154" Covered="False" />
          <Statement FileIndex="477" Line="64" Column="13" EndLine="64" EndColumn="56" Covered="False" />
          <Statement FileIndex="477" Line="65" Column="9" EndLine="65" EndColumn="10" Covered="False" />
          <Statement FileIndex="477" Line="67" Column="9" EndLine="67" EndColumn="47" Covered="False" />
          <Statement FileIndex="477" Line="72" Column="5" EndLine="72" EndColumn="6" Covered="False" />
        </Method>
      </Type>
      <Type Name="ColorAnimationExtensions_SearchBar" CoveredStatements="0" TotalStatements="26" CoveragePercent="0">
        <Type Name="&lt;&gt;c__DisplayClass0_0" CoveredStatements="0" TotalStatements="1" CoveragePercent="0">
          <Method Name="&lt;TextColorTo&gt;b__0(System.Double,System.Boolean):System.Void" CoveredStatements="0" TotalStatements="1" CoveragePercent="0">
            <Statement FileIndex="478" Line="57" Column="84" EndLine="57" EndColumn="125" Covered="False" />
          </Method>
        </Type>
        <Type Name="&lt;&gt;c__DisplayClass0_1" CoveredStatements="0" TotalStatements="1" CoveragePercent="0">
          <Method Name="&lt;TextColorTo&gt;b__5(System.Double):System.Void" CoveredStatements="0" TotalStatements="1" CoveragePercent="0">
            <Statement FileIndex="478" Line="68" Column="123" EndLine="68" EndColumn="171" Covered="False" />
          </Method>
        </Type>
        <Type Name="&lt;&gt;c__DisplayClass0_2" CoveredStatements="0" TotalStatements="1" CoveragePercent="0">
          <Method Name="&lt;TextColorTo&gt;b__6(System.Double):System.Void" CoveredStatements="0" TotalStatements="1" CoveragePercent="0">
            <Statement FileIndex="478" Line="69" Column="127" EndLine="69" EndColumn="177" Covered="False" />
          </Method>
        </Type>
        <Type Name="&lt;&gt;c__DisplayClass0_3" CoveredStatements="0" TotalStatements="1" CoveragePercent="0">
          <Method Name="&lt;TextColorTo&gt;b__7(System.Double):System.Void" CoveredStatements="0" TotalStatements="1" CoveragePercent="0">
            <Statement FileIndex="478" Line="70" Column="125" EndLine="70" EndColumn="174" Covered="False" />
          </Method>
        </Type>
        <Type Name="&lt;&gt;c__DisplayClass0_4" CoveredStatements="0" TotalStatements="1" CoveragePercent="0">
          <Method Name="&lt;TextColorTo&gt;b__8(System.Double):System.Void" CoveredStatements="0" TotalStatements="1" CoveragePercent="0">
            <Statement FileIndex="478" Line="71" Column="127" EndLine="71" EndColumn="184" Covered="False" />
          </Method>
        </Type>
        <Method Name="&lt;TextColorTo&gt;g__GetAlphaTransformAnimation|0_4(Microsoft.Maui.Controls.SearchBar,System.Single):Microsoft.Maui.Controls.Animation" CoveredStatements="0" TotalStatements="1" CoveragePercent="0">
          <Statement FileIndex="478" Line="71" Column="118" EndLine="71" EndColumn="223" Covered="False" />
        </Method>
        <Method Name="&lt;TextColorTo&gt;g__GetBlueTransformAnimation|0_3(Microsoft.Maui.Controls.SearchBar,System.Single):Microsoft.Maui.Controls.Animation" CoveredStatements="0" TotalStatements="1" CoveragePercent="0">
          <Statement FileIndex="478" Line="70" Column="116" EndLine="70" EndColumn="211" Covered="False" />
        </Method>
        <Method Name="&lt;TextColorTo&gt;g__GetGreenTransformAnimation|0_2(Microsoft.Maui.Controls.SearchBar,System.Single):Microsoft.Maui.Controls.Animation" CoveredStatements="0" TotalStatements="1" CoveragePercent="0">
          <Statement FileIndex="478" Line="69" Column="118" EndLine="69" EndColumn="216" Covered="False" />
        </Method>
        <Method Name="&lt;TextColorTo&gt;g__GetRedTransformAnimation|0_1(Microsoft.Maui.Controls.SearchBar,System.Single):Microsoft.Maui.Controls.Animation" CoveredStatements="0" TotalStatements="1" CoveragePercent="0">
          <Statement FileIndex="478" Line="68" Column="114" EndLine="68" EndColumn="206" Covered="False" />
        </Method>
        <Method Name="TextColorTo(Microsoft.Maui.Controls.SearchBar,Microsoft.Maui.Graphics.Color,System.UInt32,System.UInt32,Microsoft.Maui.Easing):System.Threading.Tasks.Task&lt;System.Boolean&gt;" CoveredStatements="0" TotalStatements="17" CoveragePercent="0">
          <Statement FileIndex="478" Line="24" Column="5" EndLine="24" EndColumn="6" Covered="False" />
          <Statement FileIndex="478" Line="25" Column="9" EndLine="25" EndColumn="52" Covered="False" />
          <Statement FileIndex="478" Line="26" Column="9" EndLine="26" EndColumn="50" Covered="False" />
          <Statement FileIndex="478" Line="27" Column="9" EndLine="27" EndColumn="54" Covered="False" />
          <Statement FileIndex="478" Line="28" Column="13" EndLine="28" EndColumn="121" Covered="False" />
          <Statement FileIndex="478" Line="31" Column="9" EndLine="31" EndColumn="50" Covered="False" />
          <Statement FileIndex="478" Line="32" Column="9" EndLine="32" EndColumn="74" Covered="False" />
          <Statement FileIndex="478" Line="34" Column="9" EndLine="34" EndColumn="10" Covered="False" />
          <Statement FileIndex="478" Line="35" Column="13" EndLine="57" EndColumn="127" Covered="False" />
          <Statement FileIndex="478" Line="58" Column="9" EndLine="58" EndColumn="10" Covered="False" />
          <Statement FileIndex="478" Line="59" Column="9" EndLine="59" EndColumn="38" Covered="False" />
          <Statement FileIndex="478" Line="60" Column="9" EndLine="60" EndColumn="10" Covered="False" />
          <Statement FileIndex="478" Line="63" Column="13" EndLine="63" EndColumn="152" Covered="False" />
          <Statement FileIndex="478" Line="64" Column="13" EndLine="64" EndColumn="56" Covered="False" />
          <Statement FileIndex="478" Line="65" Column="9" EndLine="65" EndColumn="10" Covered="False" />
          <Statement FileIndex="478" Line="67" Column="9" EndLine="67" EndColumn="47" Covered="False" />
          <Statement FileIndex="478" Line="72" Column="5" EndLine="72" EndColumn="6" Covered="False" />
        </Method>
      </Type>
      <Type Name="ColorAnimationExtensions_TimePicker" CoveredStatements="0" TotalStatements="26" CoveragePercent="0">
        <Type Name="&lt;&gt;c__DisplayClass0_0" CoveredStatements="0" TotalStatements="1" CoveragePercent="0">
          <Method Name="&lt;TextColorTo&gt;b__0(System.Double,System.Boolean):System.Void" CoveredStatements="0" TotalStatements="1" CoveragePercent="0">
            <Statement FileIndex="479" Line="57" Column="84" EndLine="57" EndColumn="125" Covered="False" />
          </Method>
        </Type>
        <Type Name="&lt;&gt;c__DisplayClass0_1" CoveredStatements="0" TotalStatements="1" CoveragePercent="0">
          <Method Name="&lt;TextColorTo&gt;b__5(System.Double):System.Void" CoveredStatements="0" TotalStatements="1" CoveragePercent="0">
            <Statement FileIndex="479" Line="68" Column="124" EndLine="68" EndColumn="172" Covered="False" />
          </Method>
        </Type>
        <Type Name="&lt;&gt;c__DisplayClass0_2" CoveredStatements="0" TotalStatements="1" CoveragePercent="0">
          <Method Name="&lt;TextColorTo&gt;b__6(System.Double):System.Void" CoveredStatements="0" TotalStatements="1" CoveragePercent="0">
            <Statement FileIndex="479" Line="69" Column="128" EndLine="69" EndColumn="178" Covered="False" />
          </Method>
        </Type>
        <Type Name="&lt;&gt;c__DisplayClass0_3" CoveredStatements="0" TotalStatements="1" CoveragePercent="0">
          <Method Name="&lt;TextColorTo&gt;b__7(System.Double):System.Void" CoveredStatements="0" TotalStatements="1" CoveragePercent="0">
            <Statement FileIndex="479" Line="70" Column="126" EndLine="70" EndColumn="175" Covered="False" />
          </Method>
        </Type>
        <Type Name="&lt;&gt;c__DisplayClass0_4" CoveredStatements="0" TotalStatements="1" CoveragePercent="0">
          <Method Name="&lt;TextColorTo&gt;b__8(System.Double):System.Void" CoveredStatements="0" TotalStatements="1" CoveragePercent="0">
            <Statement FileIndex="479" Line="71" Column="128" EndLine="71" EndColumn="185" Covered="False" />
          </Method>
        </Type>
        <Method Name="&lt;TextColorTo&gt;g__GetAlphaTransformAnimation|0_4(Microsoft.Maui.Controls.TimePicker,System.Single):Microsoft.Maui.Controls.Animation" CoveredStatements="0" TotalStatements="1" CoveragePercent="0">
          <Statement FileIndex="479" Line="71" Column="119" EndLine="71" EndColumn="224" Covered="False" />
        </Method>
        <Method Name="&lt;TextColorTo&gt;g__GetBlueTransformAnimation|0_3(Microsoft.Maui.Controls.TimePicker,System.Single):Microsoft.Maui.Controls.Animation" CoveredStatements="0" TotalStatements="1" CoveragePercent="0">
          <Statement FileIndex="479" Line="70" Column="117" EndLine="70" EndColumn="212" Covered="False" />
        </Method>
        <Method Name="&lt;TextColorTo&gt;g__GetGreenTransformAnimation|0_2(Microsoft.Maui.Controls.TimePicker,System.Single):Microsoft.Maui.Controls.Animation" CoveredStatements="0" TotalStatements="1" CoveragePercent="0">
          <Statement FileIndex="479" Line="69" Column="119" EndLine="69" EndColumn="217" Covered="False" />
        </Method>
        <Method Name="&lt;TextColorTo&gt;g__GetRedTransformAnimation|0_1(Microsoft.Maui.Controls.TimePicker,System.Single):Microsoft.Maui.Controls.Animation" CoveredStatements="0" TotalStatements="1" CoveragePercent="0">
          <Statement FileIndex="479" Line="68" Column="115" EndLine="68" EndColumn="207" Covered="False" />
        </Method>
        <Method Name="TextColorTo(Microsoft.Maui.Controls.TimePicker,Microsoft.Maui.Graphics.Color,System.UInt32,System.UInt32,Microsoft.Maui.Easing):System.Threading.Tasks.Task&lt;System.Boolean&gt;" CoveredStatements="0" TotalStatements="17" CoveragePercent="0">
          <Statement FileIndex="479" Line="24" Column="5" EndLine="24" EndColumn="6" Covered="False" />
          <Statement FileIndex="479" Line="25" Column="9" EndLine="25" EndColumn="52" Covered="False" />
          <Statement FileIndex="479" Line="26" Column="9" EndLine="26" EndColumn="50" Covered="False" />
          <Statement FileIndex="479" Line="27" Column="9" EndLine="27" EndColumn="54" Covered="False" />
          <Statement FileIndex="479" Line="28" Column="13" EndLine="28" EndColumn="121" Covered="False" />
          <Statement FileIndex="479" Line="31" Column="9" EndLine="31" EndColumn="50" Covered="False" />
          <Statement FileIndex="479" Line="32" Column="9" EndLine="32" EndColumn="74" Covered="False" />
          <Statement FileIndex="479" Line="34" Column="9" EndLine="34" EndColumn="10" Covered="False" />
          <Statement FileIndex="479" Line="35" Column="13" EndLine="57" EndColumn="127" Covered="False" />
          <Statement FileIndex="479" Line="58" Column="9" EndLine="58" EndColumn="10" Covered="False" />
          <Statement FileIndex="479" Line="59" Column="9" EndLine="59" EndColumn="38" Covered="False" />
          <Statement FileIndex="479" Line="60" Column="9" EndLine="60" EndColumn="10" Covered="False" />
          <Statement FileIndex="479" Line="63" Column="13" EndLine="63" EndColumn="153" Covered="False" />
          <Statement FileIndex="479" Line="64" Column="13" EndLine="64" EndColumn="56" Covered="False" />
          <Statement FileIndex="479" Line="65" Column="9" EndLine="65" EndColumn="10" Covered="False" />
          <Statement FileIndex="479" Line="67" Column="9" EndLine="67" EndColumn="47" Covered="False" />
          <Statement FileIndex="479" Line="72" Column="5" EndLine="72" EndColumn="6" Covered="False" />
        </Method>
      </Type>
    </Namespace>
  </Assembly>
  <Assembly Name="CoffeeSpace.Client" CoveredStatements="0" TotalStatements="741" CoveragePercent="0">
    <Namespace Name="CoffeeSpace" CoveredStatements="0" TotalStatements="2" CoveragePercent="0">
      <Type Name="AppDelegate" CoveredStatements="0" TotalStatements="1" CoveragePercent="0">
        <Method Name="CreateMauiApp():Microsoft.Maui.Hosting.MauiApp" CoveredStatements="0" TotalStatements="1" CoveragePercent="0">
          <Statement FileIndex="510" Line="9" Column="51" EndLine="9" EndColumn="78" Covered="False" />
        </Method>
      </Type>
      <Type Name="Program" CoveredStatements="0" TotalStatements="1" CoveragePercent="0">
        <Method Name="Main(System.String[]):System.Void" CoveredStatements="0" TotalStatements="1" CoveragePercent="0">
          <Statement FileIndex="511" Line="11" Column="9" EndLine="11" EndColumn="60" Covered="False" />
        </Method>
      </Type>
    </Namespace>
    <Namespace Name="CoffeeSpace.Client" CoveredStatements="0" TotalStatements="31" CoveragePercent="0">
      <Type Name="App" CoveredStatements="0" TotalStatements="5" CoveragePercent="0">
        <Method Name=".ctor():System.Void" CoveredStatements="0" TotalStatements="5" CoveragePercent="0">
          <Statement FileIndex="399" Line="8" Column="5" EndLine="8" EndColumn="17" Covered="False" />
          <Statement FileIndex="399" Line="9" Column="5" EndLine="9" EndColumn="6" Covered="False" />
          <Statement FileIndex="399" Line="10" Column="9" EndLine="10" EndColumn="31" Covered="False" />
          <Statement FileIndex="399" Line="12" Column="9" EndLine="12" EndColumn="35" Covered="False" />
          <Statement FileIndex="399" Line="13" Column="5" EndLine="13" EndColumn="6" Covered="False" />
        </Method>
      </Type>
      <Type Name="AppShell" CoveredStatements="0" TotalStatements="8" CoveragePercent="0">
        <Method Name=".ctor():System.Void" CoveredStatements="0" TotalStatements="8" CoveragePercent="0">
          <Statement FileIndex="400" Line="7" Column="5" EndLine="7" EndColumn="22" Covered="False" />
          <Statement FileIndex="400" Line="8" Column="5" EndLine="8" EndColumn="6" Covered="False" />
          <Statement FileIndex="400" Line="9" Column="9" EndLine="9" EndColumn="31" Covered="False" />
          <Statement FileIndex="400" Line="11" Column="9" EndLine="11" EndColumn="67" Covered="False" />
          <Statement FileIndex="400" Line="12" Column="9" EndLine="12" EndColumn="91" Covered="False" />
          <Statement FileIndex="400" Line="13" Column="9" EndLine="13" EndColumn="75" Covered="False" />
          <Statement FileIndex="400" Line="14" Column="9" EndLine="14" EndColumn="69" Covered="False" />
          <Statement FileIndex="400" Line="15" Column="5" EndLine="15" EndColumn="6" Covered="False" />
        </Method>
      </Type>
      <Type Name="MauiProgram" CoveredStatements="0" TotalStatements="18" CoveragePercent="0">
        <Type Name="&lt;&gt;c" CoveredStatements="0" TotalStatements="4" CoveragePercent="0">
          <Method Name="&lt;CreateMauiApp&gt;b__0_0(Microsoft.Maui.Hosting.IFontCollection):System.Void" CoveredStatements="0" TotalStatements="4" CoveragePercent="0">
            <Statement FileIndex="413" Line="21" Column="13" EndLine="21" EndColumn="14" Covered="False" />
            <Statement FileIndex="413" Line="22" Column="17" EndLine="22" EndColumn="74" Covered="False" />
            <Statement FileIndex="413" Line="23" Column="17" EndLine="23" EndColumn="76" Covered="False" />
            <Statement FileIndex="413" Line="24" Column="13" EndLine="24" EndColumn="14" Covered="False" />
          </Method>
        </Type>
        <Method Name="CreateMauiApp():Microsoft.Maui.Hosting.MauiApp" CoveredStatements="0" TotalStatements="14" CoveragePercent="0">
          <Statement FileIndex="413" Line="15" Column="5" EndLine="15" EndColumn="6" Covered="False" />
          <Statement FileIndex="413" Line="16" Column="9" EndLine="16" EndColumn="47" Covered="False" />
          <Statement FileIndex="413" Line="17" Column="9" EndLine="25" EndColumn="38" Covered="False" />
          <Statement FileIndex="413" Line="27" Column="9" EndLine="27" EndColumn="59" Covered="False" />
          <Statement FileIndex="413" Line="28" Column="9" EndLine="28" EndColumn="64" Covered="False" />
          <Statement FileIndex="413" Line="30" Column="9" EndLine="30" EndColumn="64" Covered="False" />
          <Statement FileIndex="413" Line="31" Column="9" EndLine="31" EndColumn="98" Covered="False" />
          <Statement FileIndex="413" Line="33" Column="9" EndLine="33" EndColumn="40" Covered="False" />
          <Statement FileIndex="413" Line="34" Column="9" EndLine="34" EndColumn="76" Covered="False" />
          <Statement FileIndex="413" Line="35" Column="9" EndLine="35" EndColumn="76" Covered="False" />
          <Statement FileIndex="413" Line="37" Column="9" EndLine="41" EndColumn="49" Covered="False" />
          <Statement FileIndex="413" Line="44" Column="9" EndLine="44" EndColumn="36" Covered="False" />
          <Statement FileIndex="413" Line="46" Column="9" EndLine="46" EndColumn="32" Covered="False" />
          <Statement FileIndex="413" Line="47" Column="5" EndLine="47" EndColumn="6" Covered="False" />
        </Method>
      </Type>
    </Namespace>
    <Namespace Name="CoffeeSpace.Client._ViewModels" CoveredStatements="0" TotalStatements="116" CoveragePercent="0">
      <Type Name="CartViewModel" CoveredStatements="0" TotalStatements="19" CoveragePercent="0">
        <Type Name="&lt;&gt;c__DisplayClass3_0" CoveredStatements="0" TotalStatements="1" CoveragePercent="0">
          <Method Name="&lt;AddOrderItemIntoCart&gt;b__0(CoffeeSpace.Client.Models.Ordering.OrderItem):System.Boolean" CoveredStatements="0" TotalStatements="1" CoveragePercent="0">
            <Statement FileIndex="449" Line="28" Column="64" EndLine="28" EndColumn="144" Covered="False" />
          </Method>
        </Type>
        <Type Name="&lt;ConfirmOrdersStock&gt;d__4" CoveredStatements="0" TotalStatements="5" CoveragePercent="0">
          <Method Name="MoveNext():System.Void" CoveredStatements="0" TotalStatements="5" CoveragePercent="0">
            <Statement FileIndex="449" Line="40" Column="5" EndLine="40" EndColumn="6" Covered="False" />
            <Statement FileIndex="449" Line="41" Column="9" EndLine="44" EndColumn="31" Covered="False" />
            <Statement FileIndex="449" Line="46" Column="9" EndLine="46" EndColumn="28" Covered="False" />
            <Statement FileIndex="449" Line="47" Column="9" EndLine="47" EndColumn="69" Covered="False" />
            <Statement FileIndex="449" Line="48" Column="5" EndLine="48" EndColumn="6" Covered="False" />
          </Method>
        </Type>
        <Method Name=".ctor(Mediator.ISender):System.Void" CoveredStatements="0" TotalStatements="5" CoveragePercent="0">
          <Statement FileIndex="449" Line="19" Column="5" EndLine="19" EndColumn="41" Covered="False" />
          <Statement FileIndex="449" Line="20" Column="5" EndLine="20" EndColumn="6" Covered="False" />
          <Statement FileIndex="449" Line="21" Column="9" EndLine="21" EndColumn="26" Covered="False" />
          <Statement FileIndex="449" Line="22" Column="9" EndLine="22" EndColumn="61" Covered="False" />
          <Statement FileIndex="449" Line="23" Column="5" EndLine="23" EndColumn="6" Covered="False" />
        </Method>
        <Method Name="AddOrderItemIntoCart(CoffeeSpace.Client.Models.Ordering.OrderItem):System.Void" CoveredStatements="0" TotalStatements="8" CoveragePercent="0">
          <Statement FileIndex="449" Line="27" Column="5" EndLine="27" EndColumn="6" Covered="False" />
          <Statement FileIndex="449" Line="28" Column="9" EndLine="28" EndColumn="146" Covered="False" />
          <Statement FileIndex="449" Line="29" Column="9" EndLine="29" EndColumn="61" Covered="False" />
          <Statement FileIndex="449" Line="30" Column="9" EndLine="30" EndColumn="10" Covered="False" />
          <Statement FileIndex="449" Line="31" Column="13" EndLine="31" EndColumn="44" Covered="False" />
          <Statement FileIndex="449" Line="32" Column="13" EndLine="32" EndColumn="20" Covered="False" />
          <Statement FileIndex="449" Line="35" Column="9" EndLine="35" EndColumn="55" Covered="False" />
          <Statement FileIndex="449" Line="36" Column="5" EndLine="36" EndColumn="6" Covered="False" />
        </Method>
      </Type>
      <Type Name="LoginViewModel" CoveredStatements="0" TotalStatements="17" CoveragePercent="0">
        <Type Name="&lt;AuthenticateAsync&gt;d__3" CoveredStatements="0" TotalStatements="9" CoveragePercent="0">
          <Method Name="MoveNext():System.Void" CoveredStatements="0" TotalStatements="9" CoveragePercent="0">
            <Statement FileIndex="450" Line="24" Column="5" EndLine="24" EndColumn="6" Covered="False" />
            <Statement FileIndex="450" Line="25" Column="9" EndLine="25" EndColumn="89" Covered="False" />
            <Statement FileIndex="450" Line="26" Column="9" EndLine="26" EndColumn="32" Covered="False" />
            <Statement FileIndex="450" Line="27" Column="9" EndLine="27" EndColumn="10" Covered="False" />
            <Statement FileIndex="450" Line="28" Column="13" EndLine="28" EndColumn="125" Covered="False" />
            <Statement FileIndex="450" Line="28" Column="126" EndLine="28" EndColumn="127" Covered="False" />
            <Statement FileIndex="450" Line="29" Column="13" EndLine="29" EndColumn="20" Covered="False" />
            <Statement FileIndex="450" Line="32" Column="9" EndLine="32" EndColumn="57" Covered="False" />
            <Statement FileIndex="450" Line="33" Column="5" EndLine="33" EndColumn="6" Covered="False" />
          </Method>
        </Type>
        <Type Name="&lt;GoToRegisterFormAsync&gt;d__4" CoveredStatements="0" TotalStatements="3" CoveragePercent="0">
          <Method Name="MoveNext():System.Void" CoveredStatements="0" TotalStatements="3" CoveragePercent="0">
            <Statement FileIndex="450" Line="37" Column="5" EndLine="37" EndColumn="6" Covered="False" />
            <Statement FileIndex="450" Line="38" Column="9" EndLine="38" EndColumn="61" Covered="False" />
            <Statement FileIndex="450" Line="39" Column="5" EndLine="39" EndColumn="6" Covered="False" />
          </Method>
        </Type>
        <Method Name=".ctor(CoffeeSpace.Client.Services.Abstractions.IAuthService):System.Void" CoveredStatements="0" TotalStatements="5" CoveragePercent="0">
          <Statement FileIndex="450" Line="16" Column="5" EndLine="16" EndColumn="52" Covered="False" />
          <Statement FileIndex="450" Line="17" Column="5" EndLine="17" EndColumn="6" Covered="False" />
          <Statement FileIndex="450" Line="18" Column="9" EndLine="18" EndColumn="36" Covered="False" />
          <Statement FileIndex="450" Line="19" Column="9" EndLine="19" EndColumn="44" Covered="False" />
          <Statement FileIndex="450" Line="20" Column="5" EndLine="20" EndColumn="6" Covered="False" />
        </Method>
      </Type>
      <Type Name="MainViewModel" CoveredStatements="0" TotalStatements="8" CoveragePercent="0">
        <Type Name="&lt;AddToCart&gt;d__3" CoveredStatements="0" TotalStatements="3" CoveragePercent="0">
          <Method Name="MoveNext():System.Void" CoveredStatements="0" TotalStatements="3" CoveragePercent="0">
            <Statement FileIndex="451" Line="25" Column="5" EndLine="25" EndColumn="6" Covered="False" />
            <Statement FileIndex="451" Line="26" Column="9" EndLine="29" EndColumn="31" Covered="False" />
            <Statement FileIndex="451" Line="30" Column="5" EndLine="30" EndColumn="6" Covered="False" />
          </Method>
        </Type>
        <Method Name=".ctor(Mediator.ISender):System.Void" CoveredStatements="0" TotalStatements="5" CoveragePercent="0">
          <Statement FileIndex="451" Line="17" Column="5" EndLine="17" EndColumn="41" Covered="False" />
          <Statement FileIndex="451" Line="18" Column="5" EndLine="18" EndColumn="6" Covered="False" />
          <Statement FileIndex="451" Line="19" Column="9" EndLine="19" EndColumn="26" Covered="False" />
          <Statement FileIndex="451" Line="20" Column="9" EndLine="20" EndColumn="57" Covered="False" />
          <Statement FileIndex="451" Line="21" Column="5" EndLine="21" EndColumn="6" Covered="False" />
        </Method>
      </Type>
      <Type Name="OrderInformationViewModel" CoveredStatements="0" TotalStatements="23" CoveragePercent="0">
        <Type Name="&lt;CreateOrderAsync&gt;d__9" CoveredStatements="0" TotalStatements="9" CoveragePercent="0">
          <Method Name="MoveNext():System.Void" CoveredStatements="0" TotalStatements="9" CoveragePercent="0">
            <Statement FileIndex="452" Line="42" Column="5" EndLine="42" EndColumn="6" Covered="False" />
            <Statement FileIndex="452" Line="43" Column="9" EndLine="43" EndColumn="67" Covered="False" />
            <Statement FileIndex="452" Line="44" Column="9" EndLine="53" EndColumn="31" Covered="False" />
            <Statement FileIndex="452" Line="55" Column="9" EndLine="55" EndColumn="21" Covered="False" />
            <Statement FileIndex="452" Line="56" Column="9" EndLine="56" EndColumn="10" Covered="False" />
            <Statement FileIndex="452" Line="57" Column="13" EndLine="57" EndColumn="128" Covered="False" />
            <Statement FileIndex="452" Line="58" Column="13" EndLine="58" EndColumn="20" Covered="False" />
            <Statement FileIndex="452" Line="61" Column="9" EndLine="61" EndColumn="57" Covered="False" />
            <Statement FileIndex="452" Line="62" Column="5" EndLine="62" EndColumn="6" Covered="False" />
          </Method>
        </Type>
        <Type Name="&lt;SendToPaymentPageAsync&gt;d__10" CoveredStatements="0" TotalStatements="2" CoveragePercent="0">
          <Method Name="MoveNext():System.Void" CoveredStatements="0" TotalStatements="2" CoveragePercent="0">
            <Statement FileIndex="452" Line="66" Column="5" EndLine="66" EndColumn="6" Covered="False" />
            <Statement FileIndex="452" Line="68" Column="5" EndLine="68" EndColumn="6" Covered="False" />
          </Method>
        </Type>
        <Method Name=".ctor(Mediator.ISender,CoffeeSpace.Client.Services.Abstractions.IHubConnectionService):System.Void" CoveredStatements="0" TotalStatements="6" CoveragePercent="0">
          <Statement FileIndex="452" Line="27" Column="5" EndLine="27" EndColumn="97" Covered="False" />
          <Statement FileIndex="452" Line="28" Column="5" EndLine="28" EndColumn="6" Covered="False" />
          <Statement FileIndex="452" Line="29" Column="9" EndLine="29" EndColumn="26" Covered="False" />
          <Statement FileIndex="452" Line="31" Column="9" EndLine="31" EndColumn="46" Covered="False" />
          <Statement FileIndex="452" Line="33" Column="9" EndLine="37" EndColumn="12" Covered="False" />
          <Statement FileIndex="452" Line="38" Column="5" EndLine="38" EndColumn="6" Covered="False" />
        </Method>
        <Method Name="&lt;.ctor&gt;b__8_0(System.String):System.Void" CoveredStatements="0" TotalStatements="4" CoveragePercent="0">
          <Statement FileIndex="452" Line="34" Column="9" EndLine="34" EndColumn="10" Covered="False" />
          <Statement FileIndex="452" Line="35" Column="13" EndLine="35" EndColumn="44" Covered="False" />
          <Statement FileIndex="452" Line="36" Column="13" EndLine="36" EndColumn="48" Covered="False" />
          <Statement FileIndex="452" Line="37" Column="9" EndLine="37" EndColumn="10" Covered="False" />
        </Method>
        <Method Name="get_ApprovalLink():System.String" CoveredStatements="0" TotalStatements="1" CoveragePercent="0">
          <Statement FileIndex="452" Line="25" Column="34" EndLine="25" EndColumn="38" Covered="False" />
        </Method>
        <Method Name="set_ApprovalLink(System.String):System.Void" CoveredStatements="0" TotalStatements="1" CoveragePercent="0">
          <Statement FileIndex="452" Line="25" Column="39" EndLine="25" EndColumn="51" Covered="False" />
        </Method>
      </Type>
      <Type Name="OrderViewModel" CoveredStatements="0" TotalStatements="33" CoveragePercent="0">
        <Type Name="&lt;&gt;c__DisplayClass1_0" CoveredStatements="0" TotalStatements="1" CoveragePercent="0">
          <Method Name="&lt;.ctor&gt;b__2(CoffeeSpace.Client.Models.Ordering.Order):System.Boolean" CoveredStatements="0" TotalStatements="1" CoveragePercent="0">
            <Statement FileIndex="453" Line="20" Column="46" EndLine="20" EndColumn="62" Covered="False" />
          </Method>
        </Type>
        <Type Name="&lt;&gt;c__DisplayClass1_1" CoveredStatements="0" TotalStatements="8" CoveragePercent="0">
          <Method Name="&lt;.ctor&gt;b__3(CoffeeSpace.Client.Models.Ordering.Order):System.Boolean" CoveredStatements="0" TotalStatements="1" CoveragePercent="0">
            <Statement FileIndex="453" Line="31" Column="64" EndLine="31" EndColumn="83" Covered="False" />
          </Method>
          <Method Name="&lt;.ctor&gt;b__4():System.Void" CoveredStatements="0" TotalStatements="7" CoveragePercent="0">
            <Statement FileIndex="453" Line="40" Column="17" EndLine="40" EndColumn="18" Covered="False" />
            <Statement FileIndex="453" Line="42" Column="21" EndLine="42" EndColumn="22" Covered="False" />
            <Statement FileIndex="453" Line="43" Column="25" EndLine="43" EndColumn="89" Covered="False" />
            <Statement FileIndex="453" Line="44" Column="25" EndLine="44" EndColumn="63" Covered="False" />
            <Statement FileIndex="453" Line="46" Column="21" EndLine="46" EndColumn="22" Covered="False" />
            <Statement FileIndex="453" Line="46" Column="23" EndLine="46" EndColumn="85" Covered="False" />
            <Statement FileIndex="453" Line="47" Column="17" EndLine="47" EndColumn="18" Covered="False" />
          </Method>
        </Type>
        <Method Name=".ctor(CoffeeSpace.Client._ViewModels.ProfileViewModel,CoffeeSpace.Client.Services.Abstractions.IHubConnectionService):System.Void" CoveredStatements="0" TotalStatements="6" CoveragePercent="0">
          <Statement FileIndex="453" Line="14" Column="5" EndLine="14" EndColumn="105" Covered="False" />
          <Statement FileIndex="453" Line="15" Column="5" EndLine="15" EndColumn="6" Covered="False" />
          <Statement FileIndex="453" Line="16" Column="9" EndLine="16" EndColumn="74" Covered="False" />
          <Statement FileIndex="453" Line="18" Column="9" EndLine="27" EndColumn="12" Covered="False" />
          <Statement FileIndex="453" Line="29" Column="9" EndLine="51" EndColumn="12" Covered="False" />
          <Statement FileIndex="453" Line="52" Column="5" EndLine="52" EndColumn="6" Covered="False" />
        </Method>
        <Method Name="&lt;.ctor&gt;b__1_0(CoffeeSpace.Client.Models.Ordering.Order):System.Void" CoveredStatements="0" TotalStatements="7" CoveragePercent="0">
          <Statement FileIndex="453" Line="19" Column="9" EndLine="19" EndColumn="10" Covered="False" />
          <Statement FileIndex="453" Line="20" Column="13" EndLine="20" EndColumn="64" Covered="False" />
          <Statement FileIndex="453" Line="21" Column="13" EndLine="21" EndColumn="26" Covered="False" />
          <Statement FileIndex="453" Line="22" Column="13" EndLine="22" EndColumn="14" Covered="False" />
          <Statement FileIndex="453" Line="23" Column="17" EndLine="23" EndColumn="24" Covered="False" />
          <Statement FileIndex="453" Line="26" Column="13" EndLine="26" EndColumn="31" Covered="False" />
          <Statement FileIndex="453" Line="27" Column="9" EndLine="27" EndColumn="10" Covered="False" />
        </Method>
        <Method Name="&lt;.ctor&gt;b__1_1(CoffeeSpace.Client.Models.Ordering.OrderStatus,System.String):System.Void" CoveredStatements="0" TotalStatements="11" CoveragePercent="0">
          <Statement FileIndex="453" Line="30" Column="9" EndLine="30" EndColumn="10" Covered="False" />
          <Statement FileIndex="453" Line="31" Column="13" EndLine="31" EndColumn="85" Covered="False" />
          <Statement FileIndex="453" Line="32" Column="13" EndLine="32" EndColumn="39" Covered="False" />
          <Statement FileIndex="453" Line="33" Column="13" EndLine="33" EndColumn="14" Covered="False" />
          <Statement FileIndex="453" Line="34" Column="17" EndLine="34" EndColumn="24" Covered="False" />
          <Statement FileIndex="453" Line="37" Column="13" EndLine="37" EndColumn="62" Covered="False" />
          <Statement FileIndex="453" Line="38" Column="13" EndLine="38" EndColumn="14" Covered="False" />
          <Statement FileIndex="453" Line="39" Column="17" EndLine="47" EndColumn="20" Covered="False" />
          <Statement FileIndex="453" Line="48" Column="13" EndLine="48" EndColumn="14" Covered="False" />
          <Statement FileIndex="453" Line="50" Column="13" EndLine="50" EndColumn="51" Covered="False" />
          <Statement FileIndex="453" Line="51" Column="9" EndLine="51" EndColumn="10" Covered="False" />
        </Method>
      </Type>
      <Type Name="RegisterViewModel" CoveredStatements="0" TotalStatements="16" CoveragePercent="0">
        <Type Name="&lt;GoToLoginFormAsync&gt;d__4" CoveredStatements="0" TotalStatements="3" CoveragePercent="0">
          <Method Name="MoveNext():System.Void" CoveredStatements="0" TotalStatements="3" CoveragePercent="0">
            <Statement FileIndex="455" Line="37" Column="5" EndLine="37" EndColumn="6" Covered="False" />
            <Statement FileIndex="455" Line="38" Column="9" EndLine="38" EndColumn="58" Covered="False" />
            <Statement FileIndex="455" Line="39" Column="5" EndLine="39" EndColumn="6" Covered="False" />
          </Method>
        </Type>
        <Type Name="&lt;RegisterAsync&gt;d__3" CoveredStatements="0" TotalStatements="8" CoveragePercent="0">
          <Method Name="MoveNext():System.Void" CoveredStatements="0" TotalStatements="8" CoveragePercent="0">
            <Statement FileIndex="455" Line="24" Column="5" EndLine="24" EndColumn="6" Covered="False" />
            <Statement FileIndex="455" Line="25" Column="9" EndLine="25" EndColumn="95" Covered="False" />
            <Statement FileIndex="455" Line="26" Column="9" EndLine="26" EndColumn="32" Covered="False" />
            <Statement FileIndex="455" Line="27" Column="9" EndLine="27" EndColumn="10" Covered="False" />
            <Statement FileIndex="455" Line="28" Column="13" EndLine="28" EndColumn="125" Covered="False" />
            <Statement FileIndex="455" Line="29" Column="13" EndLine="29" EndColumn="20" Covered="False" />
            <Statement FileIndex="455" Line="32" Column="9" EndLine="32" EndColumn="57" Covered="False" />
            <Statement FileIndex="455" Line="33" Column="5" EndLine="33" EndColumn="6" Covered="False" />
          </Method>
        </Type>
        <Method Name=".ctor(CoffeeSpace.Client.Services.Abstractions.IAuthService):System.Void" CoveredStatements="0" TotalStatements="5" CoveragePercent="0">
          <Statement FileIndex="455" Line="16" Column="5" EndLine="16" EndColumn="55" Covered="False" />
          <Statement FileIndex="455" Line="17" Column="5" EndLine="17" EndColumn="6" Covered="False" />
          <Statement FileIndex="455" Line="18" Column="9" EndLine="18" EndColumn="49" Covered="False" />
          <Statement FileIndex="455" Line="19" Column="9" EndLine="19" EndColumn="36" Covered="False" />
          <Statement FileIndex="455" Line="20" Column="5" EndLine="20" EndColumn="6" Covered="False" />
        </Method>
      </Type>
    </Namespace>
    <Namespace Name="CoffeeSpace.Client.Contracts.Authentication" CoveredStatements="0" TotalStatements="14" CoveragePercent="0">
      <Type Name="LoginRequest" CoveredStatements="0" TotalStatements="4" CoveragePercent="0">
        <Method Name="get_Password():System.String" CoveredStatements="0" TotalStatements="1" CoveragePercent="0">
          <Statement FileIndex="401" Line="7" Column="30" EndLine="7" EndColumn="34" Covered="False" />
        </Method>
        <Method Name="get_Username():System.String" CoveredStatements="0" TotalStatements="1" CoveragePercent="0">
          <Statement FileIndex="401" Line="5" Column="30" EndLine="5" EndColumn="34" Covered="False" />
        </Method>
        <Method Name="set_Password(System.String):System.Void" CoveredStatements="0" TotalStatements="1" CoveragePercent="0">
          <Statement FileIndex="401" Line="7" Column="35" EndLine="7" EndColumn="40" Covered="False" />
        </Method>
        <Method Name="set_Username(System.String):System.Void" CoveredStatements="0" TotalStatements="1" CoveragePercent="0">
          <Statement FileIndex="401" Line="5" Column="35" EndLine="5" EndColumn="40" Covered="False" />
        </Method>
      </Type>
      <Type Name="RegisterRequest" CoveredStatements="0" TotalStatements="10" CoveragePercent="0">
        <Method Name="get_Email():System.String" CoveredStatements="0" TotalStatements="1" CoveragePercent="0">
          <Statement FileIndex="402" Line="11" Column="27" EndLine="11" EndColumn="31" Covered="False" />
        </Method>
        <Method Name="get_LastName():System.String" CoveredStatements="0" TotalStatements="1" CoveragePercent="0">
          <Statement FileIndex="402" Line="7" Column="30" EndLine="7" EndColumn="34" Covered="False" />
        </Method>
        <Method Name="get_Name():System.String" CoveredStatements="0" TotalStatements="1" CoveragePercent="0">
          <Statement FileIndex="402" Line="5" Column="26" EndLine="5" EndColumn="30" Covered="False" />
        </Method>
        <Method Name="get_Password():System.String" CoveredStatements="0" TotalStatements="1" CoveragePercent="0">
          <Statement FileIndex="402" Line="13" Column="30" EndLine="13" EndColumn="34" Covered="False" />
        </Method>
        <Method Name="get_Username():System.String" CoveredStatements="0" TotalStatements="1" CoveragePercent="0">
          <Statement FileIndex="402" Line="9" Column="30" EndLine="9" EndColumn="34" Covered="False" />
        </Method>
        <Method Name="set_Email(System.String):System.Void" CoveredStatements="0" TotalStatements="1" CoveragePercent="0">
          <Statement FileIndex="402" Line="11" Column="32" EndLine="11" EndColumn="37" Covered="False" />
        </Method>
        <Method Name="set_LastName(System.String):System.Void" CoveredStatements="0" TotalStatements="1" CoveragePercent="0">
          <Statement FileIndex="402" Line="7" Column="35" EndLine="7" EndColumn="40" Covered="False" />
        </Method>
        <Method Name="set_Name(System.String):System.Void" CoveredStatements="0" TotalStatements="1" CoveragePercent="0">
          <Statement FileIndex="402" Line="5" Column="31" EndLine="5" EndColumn="36" Covered="False" />
        </Method>
        <Method Name="set_Password(System.String):System.Void" CoveredStatements="0" TotalStatements="1" CoveragePercent="0">
          <Statement FileIndex="402" Line="13" Column="35" EndLine="13" EndColumn="40" Covered="False" />
        </Method>
        <Method Name="set_Username(System.String):System.Void" CoveredStatements="0" TotalStatements="1" CoveragePercent="0">
          <Statement FileIndex="402" Line="9" Column="35" EndLine="9" EndColumn="40" Covered="False" />
        </Method>
      </Type>
    </Namespace>
    <Namespace Name="CoffeeSpace.Client.Contracts.Ordering" CoveredStatements="0" TotalStatements="22" CoveragePercent="0">
      <Type Name="CreateAddressRequest" CoveredStatements="0" TotalStatements="6" CoveragePercent="0">
        <Method Name="get_City():System.String" CoveredStatements="0" TotalStatements="1" CoveragePercent="0">
          <Statement FileIndex="403" Line="7" Column="26" EndLine="7" EndColumn="30" Covered="False" />
        </Method>
        <Method Name="get_Country():System.String" CoveredStatements="0" TotalStatements="1" CoveragePercent="0">
          <Statement FileIndex="403" Line="9" Column="29" EndLine="9" EndColumn="33" Covered="False" />
        </Method>
        <Method Name="get_Street():System.String" CoveredStatements="0" TotalStatements="1" CoveragePercent="0">
          <Statement FileIndex="403" Line="5" Column="28" EndLine="5" EndColumn="32" Covered="False" />
        </Method>
        <Method Name="set_City(System.String):System.Void" CoveredStatements="0" TotalStatements="1" CoveragePercent="0">
          <Statement FileIndex="403" Line="7" Column="31" EndLine="7" EndColumn="36" Covered="False" />
        </Method>
        <Method Name="set_Country(System.String):System.Void" CoveredStatements="0" TotalStatements="1" CoveragePercent="0">
          <Statement FileIndex="403" Line="9" Column="34" EndLine="9" EndColumn="39" Covered="False" />
        </Method>
        <Method Name="set_Street(System.String):System.Void" CoveredStatements="0" TotalStatements="1" CoveragePercent="0">
          <Statement FileIndex="403" Line="5" Column="33" EndLine="5" EndColumn="38" Covered="False" />
        </Method>
      </Type>
      <Type Name="CreateOrderRequest" CoveredStatements="0" TotalStatements="6" CoveragePercent="0">
        <Method Name="get_Address():CoffeeSpace.Client.Contracts.Ordering.CreateAddressRequest" CoveredStatements="0" TotalStatements="1" CoveragePercent="0">
          <Statement FileIndex="404" Line="9" Column="52" EndLine="9" EndColumn="56" Covered="False" />
        </Method>
        <Method Name="get_OrderItems():System.Collections.Generic.IEnumerable&lt;CoffeeSpace.Client.Models.Ordering.OrderItem&gt;" CoveredStatements="0" TotalStatements="1" CoveragePercent="0">
          <Statement FileIndex="404" Line="11" Column="57" EndLine="11" EndColumn="61" Covered="False" />
        </Method>
        <Method Name="get_Status():System.Int32" CoveredStatements="0" TotalStatements="1" CoveragePercent="0">
          <Statement FileIndex="404" Line="7" Column="34" EndLine="7" EndColumn="38" Covered="False" />
        </Method>
        <Method Name="set_Address(CoffeeSpace.Client.Contracts.Ordering.CreateAddressRequest):System.Void" CoveredStatements="0" TotalStatements="1" CoveragePercent="0">
          <Statement FileIndex="404" Line="9" Column="57" EndLine="9" EndColumn="62" Covered="False" />
        </Method>
        <Method Name="set_OrderItems(System.Collections.Generic.IEnumerable&lt;CoffeeSpace.Client.Models.Ordering.OrderItem&gt;):System.Void" CoveredStatements="0" TotalStatements="1" CoveragePercent="0">
          <Statement FileIndex="404" Line="11" Column="62" EndLine="11" EndColumn="67" Covered="False" />
        </Method>
        <Method Name="set_Status(System.Int32):System.Void" CoveredStatements="0" TotalStatements="1" CoveragePercent="0">
          <Statement FileIndex="404" Line="7" Column="39" EndLine="7" EndColumn="44" Covered="False" />
        </Method>
      </Type>
      <Type Name="CreatePaymentInfoRequest" CoveredStatements="0" TotalStatements="10" CoveragePercent="0">
        <Method Name="get_CardNumber():System.String" CoveredStatements="0" TotalStatements="1" CoveragePercent="0">
          <Statement FileIndex="405" Line="8" Column="32" EndLine="8" EndColumn="36" Covered="False" />
        </Method>
        <Method Name="get_CardType():System.Int32" CoveredStatements="0" TotalStatements="1" CoveragePercent="0">
          <Statement FileIndex="405" Line="16" Column="27" EndLine="16" EndColumn="31" Covered="False" />
        </Method>
        <Method Name="get_ExpirationMonth():System.String" CoveredStatements="0" TotalStatements="1" CoveragePercent="0">
          <Statement FileIndex="405" Line="12" Column="37" EndLine="12" EndColumn="41" Covered="False" />
        </Method>
        <Method Name="get_ExpirationYear():System.String" CoveredStatements="0" TotalStatements="1" CoveragePercent="0">
          <Statement FileIndex="405" Line="14" Column="36" EndLine="14" EndColumn="40" Covered="False" />
        </Method>
        <Method Name="get_SecurityNumber():System.String" CoveredStatements="0" TotalStatements="1" CoveragePercent="0">
          <Statement FileIndex="405" Line="10" Column="36" EndLine="10" EndColumn="40" Covered="False" />
        </Method>
        <Method Name="set_CardNumber(System.String):System.Void" CoveredStatements="0" TotalStatements="1" CoveragePercent="0">
          <Statement FileIndex="405" Line="8" Column="37" EndLine="8" EndColumn="42" Covered="False" />
        </Method>
        <Method Name="set_CardType(System.Int32):System.Void" CoveredStatements="0" TotalStatements="1" CoveragePercent="0">
          <Statement FileIndex="405" Line="16" Column="32" EndLine="16" EndColumn="37" Covered="False" />
        </Method>
        <Method Name="set_ExpirationMonth(System.String):System.Void" CoveredStatements="0" TotalStatements="1" CoveragePercent="0">
          <Statement FileIndex="405" Line="12" Column="42" EndLine="12" EndColumn="47" Covered="False" />
        </Method>
        <Method Name="set_ExpirationYear(System.String):System.Void" CoveredStatements="0" TotalStatements="1" CoveragePercent="0">
          <Statement FileIndex="405" Line="14" Column="41" EndLine="14" EndColumn="46" Covered="False" />
        </Method>
        <Method Name="set_SecurityNumber(System.String):System.Void" CoveredStatements="0" TotalStatements="1" CoveragePercent="0">
          <Statement FileIndex="405" Line="10" Column="41" EndLine="10" EndColumn="46" Covered="False" />
        </Method>
      </Type>
    </Namespace>
    <Namespace Name="CoffeeSpace.Client.Contracts.Responses" CoveredStatements="0" TotalStatements="10" CoveragePercent="0">
      <Type Name="AuthenticationResult" CoveredStatements="0" TotalStatements="10" CoveragePercent="0">
        <Method Name="get_Email():System.String" CoveredStatements="0" TotalStatements="1" CoveragePercent="0">
          <Statement FileIndex="406" Line="13" Column="36" EndLine="13" EndColumn="40" Covered="False" />
        </Method>
        <Method Name="get_ExpiresIn():System.String" CoveredStatements="0" TotalStatements="1" CoveragePercent="0">
          <Statement FileIndex="406" Line="17" Column="40" EndLine="17" EndColumn="44" Covered="False" />
        </Method>
        <Method Name="get_IdToken():System.String" CoveredStatements="0" TotalStatements="1" CoveragePercent="0">
          <Statement FileIndex="406" Line="11" Column="38" EndLine="11" EndColumn="42" Covered="False" />
        </Method>
        <Method Name="get_LocalId():System.String" CoveredStatements="0" TotalStatements="1" CoveragePercent="0">
          <Statement FileIndex="406" Line="19" Column="38" EndLine="19" EndColumn="42" Covered="False" />
        </Method>
        <Method Name="get_RefreshToken():System.String" CoveredStatements="0" TotalStatements="1" CoveragePercent="0">
          <Statement FileIndex="406" Line="15" Column="43" EndLine="15" EndColumn="47" Covered="False" />
        </Method>
        <Method Name="set_Email(System.String):System.Void" CoveredStatements="0" TotalStatements="1" CoveragePercent="0">
          <Statement FileIndex="406" Line="13" Column="41" EndLine="13" EndColumn="46" Covered="False" />
        </Method>
        <Method Name="set_ExpiresIn(System.String):System.Void" CoveredStatements="0" TotalStatements="1" CoveragePercent="0">
          <Statement FileIndex="406" Line="17" Column="45" EndLine="17" EndColumn="50" Covered="False" />
        </Method>
        <Method Name="set_IdToken(System.String):System.Void" CoveredStatements="0" TotalStatements="1" CoveragePercent="0">
          <Statement FileIndex="406" Line="11" Column="43" EndLine="11" EndColumn="48" Covered="False" />
        </Method>
        <Method Name="set_LocalId(System.String):System.Void" CoveredStatements="0" TotalStatements="1" CoveragePercent="0">
          <Statement FileIndex="406" Line="19" Column="43" EndLine="19" EndColumn="48" Covered="False" />
        </Method>
        <Method Name="set_RefreshToken(System.String):System.Void" CoveredStatements="0" TotalStatements="1" CoveragePercent="0">
          <Statement FileIndex="406" Line="15" Column="48" EndLine="15" EndColumn="53" Covered="False" />
        </Method>
      </Type>
    </Namespace>
    <Namespace Name="CoffeeSpace.Client.Extensions" CoveredStatements="0" TotalStatements="23" CoveragePercent="0">
      <Type Name="ApplicationServiceExtensions" CoveredStatements="0" TotalStatements="11" CoveragePercent="0">
        <Type Name="&lt;&gt;c__1&lt;TInterface&gt;" CoveredStatements="0" TotalStatements="1" CoveragePercent="0">
          <Method Name="&lt;AddApplicationService&gt;b__1_1(Scrutor.IImplementationTypeFilter):System.Void" CoveredStatements="0" TotalStatements="1" CoveragePercent="0">
            <Statement FileIndex="407" Line="25" Column="36" EndLine="25" EndColumn="70" Covered="False" />
          </Method>
        </Type>
        <Type Name="&lt;&gt;c__DisplayClass0_0&lt;TPageModel&gt;" CoveredStatements="0" TotalStatements="1" CoveragePercent="0">
          <Method Name="&lt;AddPagesFromAssembly&gt;b__0(Scrutor.ITypeSourceSelector):System.Void" CoveredStatements="0" TotalStatements="1" CoveragePercent="0">
            <Statement FileIndex="407" Line="10" Column="31" EndLine="14" EndColumn="43" Covered="False" />
          </Method>
        </Type>
        <Type Name="&lt;&gt;c__DisplayClass1_0&lt;TInterface&gt;" CoveredStatements="0" TotalStatements="1" CoveragePercent="0">
          <Method Name="&lt;AddApplicationService&gt;b__0(Scrutor.ITypeSourceSelector):System.Void" CoveredStatements="0" TotalStatements="1" CoveragePercent="0">
            <Statement FileIndex="407" Line="23" Column="31" EndLine="27" EndColumn="43" Covered="False" />
          </Method>
        </Type>
        <Method Name="AddApplicationService&lt;TInterface&gt;(Microsoft.Extensions.DependencyInjection.IServiceCollection,Microsoft.Extensions.DependencyInjection.ServiceLifetime):Microsoft.Extensions.DependencyInjection.IServiceCollection" CoveredStatements="0" TotalStatements="4" CoveragePercent="0">
          <Statement FileIndex="407" Line="22" Column="5" EndLine="22" EndColumn="6" Covered="False" />
          <Statement FileIndex="407" Line="23" Column="9" EndLine="27" EndColumn="45" Covered="False" />
          <Statement FileIndex="407" Line="29" Column="9" EndLine="29" EndColumn="25" Covered="False" />
          <Statement FileIndex="407" Line="30" Column="5" EndLine="30" EndColumn="6" Covered="False" />
        </Method>
        <Method Name="AddPagesFromAssembly&lt;TPageModel&gt;(Microsoft.Extensions.DependencyInjection.IServiceCollection,Microsoft.Extensions.DependencyInjection.ServiceLifetime):Microsoft.Extensions.DependencyInjection.IServiceCollection" CoveredStatements="0" TotalStatements="4" CoveragePercent="0">
          <Statement FileIndex="407" Line="9" Column="5" EndLine="9" EndColumn="6" Covered="False" />
          <Statement FileIndex="407" Line="10" Column="9" EndLine="14" EndColumn="45" Covered="False" />
          <Statement FileIndex="407" Line="16" Column="9" EndLine="16" EndColumn="25" Covered="False" />
          <Statement FileIndex="407" Line="17" Column="5" EndLine="17" EndColumn="6" Covered="False" />
        </Method>
      </Type>
      <Type Name="RefitClientExtensions" CoveredStatements="0" TotalStatements="12" CoveragePercent="0">
        <Type Name="&lt;&gt;c__DisplayClass0_0&lt;TClient,TMessageHandler&gt;" CoveredStatements="0" TotalStatements="1" CoveragePercent="0">
          <Method Name="&lt;AddWebApiClient&gt;b__0(System.Net.Http.HttpClient):System.Void" CoveredStatements="0" TotalStatements="1" CoveragePercent="0">
            <Statement FileIndex="408" Line="17" Column="44" EndLine="17" EndColumn="85" Covered="False" />
          </Method>
        </Type>
        <Type Name="&lt;&gt;c__DisplayClass1_0&lt;TClient&gt;" CoveredStatements="0" TotalStatements="1" CoveragePercent="0">
          <Method Name="&lt;AddWebApiClient&gt;b__0(System.Net.Http.HttpClient):System.Void" CoveredStatements="0" TotalStatements="1" CoveragePercent="0">
            <Statement FileIndex="408" Line="31" Column="44" EndLine="31" EndColumn="85" Covered="False" />
          </Method>
        </Type>
        <Method Name="AddWebApiClient&lt;TClient,TMessageHandler&gt;(Microsoft.Extensions.DependencyInjection.IServiceCollection):Microsoft.Extensions.DependencyInjection.IServiceCollection" CoveredStatements="0" TotalStatements="5" CoveragePercent="0">
          <Statement FileIndex="408" Line="11" Column="5" EndLine="11" EndColumn="6" Covered="False" />
          <Statement FileIndex="408" Line="12" Column="9" EndLine="14" EndColumn="39" Covered="False" />
          <Statement FileIndex="408" Line="16" Column="9" EndLine="18" EndColumn="55" Covered="False" />
          <Statement FileIndex="408" Line="20" Column="9" EndLine="20" EndColumn="25" Covered="False" />
          <Statement FileIndex="408" Line="21" Column="5" EndLine="21" EndColumn="6" Covered="False" />
        </Method>
        <Method Name="AddWebApiClient&lt;TClient&gt;(Microsoft.Extensions.DependencyInjection.IServiceCollection):Microsoft.Extensions.DependencyInjection.IServiceCollection" CoveredStatements="0" TotalStatements="5" CoveragePercent="0">
          <Statement FileIndex="408" Line="25" Column="5" EndLine="25" EndColumn="6" Covered="False" />
          <Statement FileIndex="408" Line="26" Column="9" EndLine="28" EndColumn="39" Covered="False" />
          <Statement FileIndex="408" Line="30" Column="9" EndLine="32" EndColumn="73" Covered="False" />
          <Statement FileIndex="408" Line="34" Column="9" EndLine="34" EndColumn="25" Covered="False" />
          <Statement FileIndex="408" Line="35" Column="5" EndLine="35" EndColumn="6" Covered="False" />
        </Method>
      </Type>
    </Namespace>
    <Namespace Name="CoffeeSpace.Client.Handlers" CoveredStatements="0" TotalStatements="9" CoveragePercent="0">
      <Type Name="ApiKeyAuthorizationMessageHandler" CoveredStatements="0" TotalStatements="4" CoveragePercent="0">
        <Type Name="&lt;SendAsync&gt;d__0" CoveredStatements="0" TotalStatements="4" CoveragePercent="0">
          <Method Name="MoveNext():System.Void" CoveredStatements="0" TotalStatements="4" CoveragePercent="0">
            <Statement FileIndex="409" Line="6" Column="5" EndLine="6" EndColumn="6" Covered="False" />
            <Statement FileIndex="409" Line="7" Column="9" EndLine="7" EndColumn="66" Covered="False" />
            <Statement FileIndex="409" Line="9" Column="9" EndLine="9" EndColumn="87" Covered="False" />
            <Statement FileIndex="409" Line="10" Column="5" EndLine="10" EndColumn="6" Covered="False" />
          </Method>
        </Type>
      </Type>
      <Type Name="BearerAuthorizationMessageHandler" CoveredStatements="0" TotalStatements="5" CoveragePercent="0">
        <Type Name="&lt;SendAsync&gt;d__0" CoveredStatements="0" TotalStatements="5" CoveragePercent="0">
          <Method Name="MoveNext():System.Void" CoveredStatements="0" TotalStatements="5" CoveragePercent="0">
            <Statement FileIndex="410" Line="8" Column="5" EndLine="8" EndColumn="6" Covered="False" />
            <Statement FileIndex="410" Line="9" Column="9" EndLine="9" EndColumn="69" Covered="False" />
            <Statement FileIndex="410" Line="10" Column="9" EndLine="10" EndColumn="91" Covered="False" />
            <Statement FileIndex="410" Line="12" Column="9" EndLine="12" EndColumn="87" Covered="False" />
            <Statement FileIndex="410" Line="13" Column="5" EndLine="13" EndColumn="6" Covered="False" />
          </Method>
        </Type>
      </Type>
    </Namespace>
    <Namespace Name="CoffeeSpace.Client.Mappers" CoveredStatements="0" TotalStatements="11" CoveragePercent="0">
      <Type Name="ProductMapper" CoveredStatements="0" TotalStatements="11" CoveragePercent="0">
        <Method Name="MapToOrderItem(CoffeeSpace.Client.Models.Products.Product):CoffeeSpace.Client.Models.Ordering.OrderItem" CoveredStatements="0" TotalStatements="6" CoveragePercent="0">
          <Statement FileIndex="509" Line="8" Column="9" EndLine="8" EndColumn="10" Covered="False" />
          <Statement FileIndex="509" Line="9" Column="13" EndLine="9" EndColumn="33" Covered="False" />
          <Statement FileIndex="509" Line="10" Column="17" EndLine="10" EndColumn="32" Covered="False" />
          <Statement FileIndex="509" Line="11" Column="13" EndLine="17" EndColumn="15" Covered="False" />
          <Statement FileIndex="509" Line="18" Column="13" EndLine="18" EndColumn="27" Covered="False" />
          <Statement FileIndex="509" Line="19" Column="9" EndLine="19" EndColumn="10" Covered="False" />
        </Method>
        <Method Name="ToOrderItem(CoffeeSpace.Client.Models.Products.Product):CoffeeSpace.Client.Models.Ordering.OrderItem" CoveredStatements="0" TotalStatements="5" CoveragePercent="0">
          <Statement FileIndex="412" Line="13" Column="5" EndLine="13" EndColumn="6" Covered="False" />
          <Statement FileIndex="412" Line="14" Column="9" EndLine="14" EndColumn="50" Covered="False" />
          <Statement FileIndex="412" Line="15" Column="9" EndLine="15" EndColumn="48" Covered="False" />
          <Statement FileIndex="412" Line="17" Column="9" EndLine="17" EndColumn="26" Covered="False" />
          <Statement FileIndex="412" Line="18" Column="5" EndLine="18" EndColumn="6" Covered="False" />
        </Method>
      </Type>
    </Namespace>
    <Namespace Name="CoffeeSpace.Client.Messages.Commands" CoveredStatements="0" TotalStatements="10" CoveragePercent="0">
      <Type Name="AddProductToCartCommand" CoveredStatements="0" TotalStatements="2" CoveragePercent="0">
        <Method Name="get_Product():CoffeeSpace.Client.Models.Products.Product" CoveredStatements="0" TotalStatements="1" CoveragePercent="0">
          <Statement FileIndex="415" Line="8" Column="39" EndLine="8" EndColumn="43" Covered="False" />
        </Method>
        <Method Name="set_Product(CoffeeSpace.Client.Models.Products.Product):System.Void" CoveredStatements="0" TotalStatements="1" CoveragePercent="0">
          <Statement FileIndex="415" Line="8" Column="44" EndLine="8" EndColumn="49" Covered="False" />
        </Method>
      </Type>
      <Type Name="ConfirmOrdersStockCommand" CoveredStatements="0" TotalStatements="2" CoveragePercent="0">
        <Method Name="get_OrderItems():System.Collections.Generic.IEnumerable&lt;CoffeeSpace.Client.Models.Ordering.OrderItem&gt;" CoveredStatements="0" TotalStatements="1" CoveragePercent="0">
          <Statement FileIndex="416" Line="8" Column="57" EndLine="8" EndColumn="61" Covered="False" />
        </Method>
        <Method Name="set_OrderItems(System.Collections.Generic.IEnumerable&lt;CoffeeSpace.Client.Models.Ordering.OrderItem&gt;):System.Void" CoveredStatements="0" TotalStatements="1" CoveragePercent="0">
          <Statement FileIndex="416" Line="8" Column="62" EndLine="8" EndColumn="66" Covered="False" />
        </Method>
      </Type>
      <Type Name="CreateOrderCommand" CoveredStatements="0" TotalStatements="4" CoveragePercent="0">
        <Method Name="get_BuyerId():System.Guid" CoveredStatements="0" TotalStatements="1" CoveragePercent="0">
          <Statement FileIndex="417" Line="10" Column="36" EndLine="10" EndColumn="40" Covered="False" />
        </Method>
        <Method Name="get_CreateOrderRequest():CoffeeSpace.Client.Contracts.Ordering.CreateOrderRequest" CoveredStatements="0" TotalStatements="1" CoveragePercent="0">
          <Statement FileIndex="417" Line="8" Column="61" EndLine="8" EndColumn="65" Covered="False" />
        </Method>
        <Method Name="set_BuyerId(System.Guid):System.Void" CoveredStatements="0" TotalStatements="1" CoveragePercent="0">
          <Statement FileIndex="417" Line="10" Column="41" EndLine="10" EndColumn="46" Covered="False" />
        </Method>
        <Method Name="set_CreateOrderRequest(CoffeeSpace.Client.Contracts.Ordering.CreateOrderRequest):System.Void" CoveredStatements="0" TotalStatements="1" CoveragePercent="0">
          <Statement FileIndex="417" Line="8" Column="66" EndLine="8" EndColumn="71" Covered="False" />
        </Method>
      </Type>
      <Type Name="SetNewGlobalBuyerCommand" CoveredStatements="0" TotalStatements="2" CoveragePercent="0">
        <Method Name="get_BuyerEmail():System.String" CoveredStatements="0" TotalStatements="1" CoveragePercent="0">
          <Statement FileIndex="422" Line="7" Column="41" EndLine="7" EndColumn="45" Covered="False" />
        </Method>
        <Method Name="set_BuyerEmail(System.String):System.Void" CoveredStatements="0" TotalStatements="1" CoveragePercent="0">
          <Statement FileIndex="422" Line="7" Column="46" EndLine="7" EndColumn="51" Covered="False" />
        </Method>
      </Type>
    </Namespace>
    <Namespace Name="CoffeeSpace.Client.Messages.Commands.Handlers" CoveredStatements="0" TotalStatements="43" CoveragePercent="0">
      <Type Name="AddProductToCartCommandHandler" CoveredStatements="0" TotalStatements="8" CoveragePercent="0">
        <Method Name=".ctor(CoffeeSpace.Client._ViewModels.CartViewModel):System.Void" CoveredStatements="0" TotalStatements="4" CoveragePercent="0">
          <Statement FileIndex="418" Line="11" Column="5" EndLine="11" EndColumn="71" Covered="False" />
          <Statement FileIndex="418" Line="12" Column="5" EndLine="12" EndColumn="6" Covered="False" />
          <Statement FileIndex="418" Line="13" Column="9" EndLine="13" EndColumn="40" Covered="False" />
          <Statement FileIndex="418" Line="14" Column="5" EndLine="14" EndColumn="6" Covered="False" />
        </Method>
        <Method Name="Handle(CoffeeSpace.Client.Messages.Commands.AddProductToCartCommand,System.Threading.CancellationToken):System.Threading.Tasks.ValueTask&lt;Mediator.Unit&gt;" CoveredStatements="0" TotalStatements="4" CoveragePercent="0">
          <Statement FileIndex="418" Line="17" Column="5" EndLine="17" EndColumn="6" Covered="False" />
          <Statement FileIndex="418" Line="18" Column="9" EndLine="18" EndColumn="76" Covered="False" />
          <Statement FileIndex="418" Line="19" Column="9" EndLine="19" EndColumn="31" Covered="False" />
          <Statement FileIndex="418" Line="20" Column="5" EndLine="20" EndColumn="6" Covered="False" />
        </Method>
      </Type>
      <Type Name="ConfirmOrdersStockCommandHandler" CoveredStatements="0" TotalStatements="8" CoveragePercent="0">
        <Method Name=".ctor(CoffeeSpace.Client._ViewModels.OrderInformationViewModel):System.Void" CoveredStatements="0" TotalStatements="4" CoveragePercent="0">
          <Statement FileIndex="419" Line="13" Column="5" EndLine="13" EndColumn="97" Covered="False" />
          <Statement FileIndex="419" Line="14" Column="5" EndLine="14" EndColumn="6" Covered="False" />
          <Statement FileIndex="419" Line="15" Column="9" EndLine="15" EndColumn="64" Covered="False" />
          <Statement FileIndex="419" Line="16" Column="5" EndLine="16" EndColumn="6" Covered="False" />
        </Method>
        <Method Name="Handle(CoffeeSpace.Client.Messages.Commands.ConfirmOrdersStockCommand,System.Threading.CancellationToken):System.Threading.Tasks.ValueTask&lt;Mediator.Unit&gt;" CoveredStatements="0" TotalStatements="4" CoveragePercent="0">
          <Statement FileIndex="419" Line="19" Column="5" EndLine="19" EndColumn="6" Covered="False" />
          <Statement FileIndex="419" Line="20" Column="9" EndLine="20" EndColumn="77" Covered="False" />
          <Statement FileIndex="419" Line="21" Column="9" EndLine="21" EndColumn="31" Covered="False" />
          <Statement FileIndex="419" Line="22" Column="5" EndLine="22" EndColumn="6" Covered="False" />
        </Method>
      </Type>
      <Type Name="CreateOrderCommandHandler" CoveredStatements="0" TotalStatements="13" CoveragePercent="0">
        <Type Name="&lt;Handle&gt;d__3" CoveredStatements="0" TotalStatements="8" CoveragePercent="0">
          <Method Name="MoveNext():System.Void" CoveredStatements="0" TotalStatements="8" CoveragePercent="0">
            <Statement FileIndex="420" Line="21" Column="5" EndLine="21" EndColumn="6" Covered="False" />
            <Statement FileIndex="420" Line="22" Column="9" EndLine="22" EndColumn="126" Covered="False" />
            <Statement FileIndex="420" Line="23" Column="9" EndLine="23" EndColumn="34" Covered="False" />
            <Statement FileIndex="420" Line="24" Column="9" EndLine="24" EndColumn="10" Covered="False" />
            <Statement FileIndex="420" Line="25" Column="13" EndLine="25" EndColumn="26" Covered="False" />
            <Statement FileIndex="420" Line="28" Column="9" EndLine="28" EndColumn="50" Covered="False" />
            <Statement FileIndex="420" Line="29" Column="9" EndLine="29" EndColumn="21" Covered="False" />
            <Statement FileIndex="420" Line="30" Column="5" EndLine="30" EndColumn="6" Covered="False" />
          </Method>
        </Type>
        <Method Name=".ctor(CoffeeSpace.Client._ViewModels.OrderViewModel,CoffeeSpace.Client.WebApiClients.IOrderingWebApi):System.Void" CoveredStatements="0" TotalStatements="5" CoveragePercent="0">
          <Statement FileIndex="420" Line="14" Column="5" EndLine="14" EndColumn="100" Covered="False" />
          <Statement FileIndex="420" Line="15" Column="5" EndLine="15" EndColumn="6" Covered="False" />
          <Statement FileIndex="420" Line="16" Column="9" EndLine="16" EndColumn="42" Covered="False" />
          <Statement FileIndex="420" Line="17" Column="9" EndLine="17" EndColumn="42" Covered="False" />
          <Statement FileIndex="420" Line="18" Column="5" EndLine="18" EndColumn="6" Covered="False" />
        </Method>
      </Type>
      <Type Name="SetNewGlobalBuyerCommandHandler" CoveredStatements="0" TotalStatements="14" CoveragePercent="0">
        <Type Name="&lt;Handle&gt;d__3" CoveredStatements="0" TotalStatements="9" CoveragePercent="0">
          <Method Name="MoveNext():System.Void" CoveredStatements="0" TotalStatements="9" CoveragePercent="0">
            <Statement FileIndex="421" Line="19" Column="5" EndLine="19" EndColumn="6" Covered="False" />
            <Statement FileIndex="421" Line="20" Column="9" EndLine="20" EndColumn="106" Covered="False" />
            <Statement FileIndex="421" Line="21" Column="9" EndLine="21" EndColumn="27" Covered="False" />
            <Statement FileIndex="421" Line="22" Column="9" EndLine="22" EndColumn="10" Covered="False" />
            <Statement FileIndex="421" Line="23" Column="13" EndLine="23" EndColumn="26" Covered="False" />
            <Statement FileIndex="421" Line="26" Column="9" EndLine="26" EndColumn="41" Covered="False" />
            <Statement FileIndex="421" Line="27" Column="9" EndLine="27" EndColumn="60" Covered="False" />
            <Statement FileIndex="421" Line="28" Column="9" EndLine="28" EndColumn="21" Covered="False" />
            <Statement FileIndex="421" Line="29" Column="5" EndLine="29" EndColumn="6" Covered="False" />
          </Method>
        </Type>
        <Method Name=".ctor(CoffeeSpace.Client.WebApiClients.IBuyersWebApi,CoffeeSpace.Client._ViewModels.ProfileViewModel):System.Void" CoveredStatements="0" TotalStatements="5" CoveragePercent="0">
          <Statement FileIndex="421" Line="12" Column="5" EndLine="12" EndColumn="106" Covered="False" />
          <Statement FileIndex="421" Line="13" Column="5" EndLine="13" EndColumn="6" Covered="False" />
          <Statement FileIndex="421" Line="14" Column="9" EndLine="14" EndColumn="38" Covered="False" />
          <Statement FileIndex="421" Line="15" Column="9" EndLine="15" EndColumn="46" Covered="False" />
          <Statement FileIndex="421" Line="16" Column="5" EndLine="16" EndColumn="6" Covered="False" />
        </Method>
      </Type>
    </Namespace>
    <Namespace Name="CoffeeSpace.Client.Messages.Queries.Handlers" CoveredStatements="0" TotalStatements="8" CoveragePercent="0">
      <Type Name="GetAllProductsQueryHandler" CoveredStatements="0" TotalStatements="8" CoveragePercent="0">
        <Type Name="&lt;Handle&gt;d__2" CoveredStatements="0" TotalStatements="4" CoveragePercent="0">
          <Method Name="MoveNext():System.Void" CoveredStatements="0" TotalStatements="4" CoveragePercent="0">
            <Statement FileIndex="424" Line="17" Column="5" EndLine="17" EndColumn="6" Covered="False" />
            <Statement FileIndex="424" Line="18" Column="9" EndLine="18" EndColumn="85" Covered="False" />
            <Statement FileIndex="424" Line="19" Column="9" EndLine="19" EndColumn="25" Covered="False" />
            <Statement FileIndex="424" Line="20" Column="5" EndLine="20" EndColumn="6" Covered="False" />
          </Method>
        </Type>
        <Method Name=".ctor(CoffeeSpace.Client.WebApiClients.IProductsWebApi):System.Void" CoveredStatements="0" TotalStatements="4" CoveragePercent="0">
          <Statement FileIndex="424" Line="11" Column="5" EndLine="11" EndColumn="70" Covered="False" />
          <Statement FileIndex="424" Line="12" Column="5" EndLine="12" EndColumn="6" Covered="False" />
          <Statement FileIndex="424" Line="13" Column="9" EndLine="13" EndColumn="42" Covered="False" />
          <Statement FileIndex="424" Line="14" Column="5" EndLine="14" EndColumn="6" Covered="False" />
        </Method>
      </Type>
    </Namespace>
    <Namespace Name="CoffeeSpace.Client.Models.Ordering" CoveredStatements="0" TotalStatements="32" CoveragePercent="0">
      <Type Name="Address" CoveredStatements="0" TotalStatements="8" CoveragePercent="0">
        <Method Name="get_City():System.String" CoveredStatements="0" TotalStatements="1" CoveragePercent="0">
          <Statement FileIndex="425" Line="9" Column="35" EndLine="9" EndColumn="39" Covered="False" />
        </Method>
        <Method Name="get_Country():System.String" CoveredStatements="0" TotalStatements="1" CoveragePercent="0">
          <Statement FileIndex="425" Line="11" Column="38" EndLine="11" EndColumn="42" Covered="False" />
        </Method>
        <Method Name="get_Id():System.String" CoveredStatements="0" TotalStatements="1" CoveragePercent="0">
          <Statement FileIndex="425" Line="5" Column="33" EndLine="5" EndColumn="37" Covered="False" />
        </Method>
        <Method Name="get_Street():System.String" CoveredStatements="0" TotalStatements="1" CoveragePercent="0">
          <Statement FileIndex="425" Line="7" Column="37" EndLine="7" EndColumn="41" Covered="False" />
        </Method>
        <Method Name="set_City(System.String):System.Void" CoveredStatements="0" TotalStatements="1" CoveragePercent="0">
          <Statement FileIndex="425" Line="9" Column="40" EndLine="9" EndColumn="45" Covered="False" />
        </Method>
        <Method Name="set_Country(System.String):System.Void" CoveredStatements="0" TotalStatements="1" CoveragePercent="0">
          <Statement FileIndex="425" Line="11" Column="43" EndLine="11" EndColumn="48" Covered="False" />
        </Method>
        <Method Name="set_Id(System.String):System.Void" CoveredStatements="0" TotalStatements="1" CoveragePercent="0">
          <Statement FileIndex="425" Line="5" Column="38" EndLine="5" EndColumn="43" Covered="False" />
        </Method>
        <Method Name="set_Street(System.String):System.Void" CoveredStatements="0" TotalStatements="1" CoveragePercent="0">
          <Statement FileIndex="425" Line="7" Column="42" EndLine="7" EndColumn="47" Covered="False" />
        </Method>
      </Type>
      <Type Name="Buyer" CoveredStatements="0" TotalStatements="8" CoveragePercent="0">
        <Method Name="get_Email():System.String" CoveredStatements="0" TotalStatements="1" CoveragePercent="0">
          <Statement FileIndex="426" Line="9" Column="36" EndLine="9" EndColumn="40" Covered="False" />
        </Method>
        <Method Name="get_Id():System.String" CoveredStatements="0" TotalStatements="1" CoveragePercent="0">
          <Statement FileIndex="426" Line="5" Column="33" EndLine="5" EndColumn="37" Covered="False" />
        </Method>
        <Method Name="get_Name():System.String" CoveredStatements="0" TotalStatements="1" CoveragePercent="0">
          <Statement FileIndex="426" Line="7" Column="35" EndLine="7" EndColumn="39" Covered="False" />
        </Method>
        <Method Name="get_Orders():System.Collections.Generic.IEnumerable&lt;CoffeeSpace.Client.Models.Ordering.Order&gt;" CoveredStatements="0" TotalStatements="1" CoveragePercent="0">
          <Statement FileIndex="426" Line="11" Column="40" EndLine="11" EndColumn="44" Covered="False" />
        </Method>
        <Method Name="set_Email(System.String):System.Void" CoveredStatements="0" TotalStatements="1" CoveragePercent="0">
          <Statement FileIndex="426" Line="9" Column="41" EndLine="9" EndColumn="46" Covered="False" />
        </Method>
        <Method Name="set_Id(System.String):System.Void" CoveredStatements="0" TotalStatements="1" CoveragePercent="0">
          <Statement FileIndex="426" Line="5" Column="38" EndLine="5" EndColumn="43" Covered="False" />
        </Method>
        <Method Name="set_Name(System.String):System.Void" CoveredStatements="0" TotalStatements="1" CoveragePercent="0">
          <Statement FileIndex="426" Line="7" Column="40" EndLine="7" EndColumn="45" Covered="False" />
        </Method>
        <Method Name="set_Orders(System.Collections.Generic.IEnumerable&lt;CoffeeSpace.Client.Models.Ordering.Order&gt;):System.Void" CoveredStatements="0" TotalStatements="1" CoveragePercent="0">
          <Statement FileIndex="426" Line="11" Column="45" EndLine="11" EndColumn="50" Covered="False" />
        </Method>
      </Type>
      <Type Name="Order" CoveredStatements="0" TotalStatements="7" CoveragePercent="0">
        <Method Name=".ctor():System.Void" CoveredStatements="0" TotalStatements="1" CoveragePercent="0">
          <Statement FileIndex="428" Line="11" Column="5" EndLine="11" EndColumn="73" Covered="False" />
        </Method>
        <Method Name="get_Address():CoffeeSpace.Client.Models.Ordering.Address" CoveredStatements="0" TotalStatements="1" CoveragePercent="0">
          <Statement FileIndex="428" Line="15" Column="39" EndLine="15" EndColumn="43" Covered="False" />
        </Method>
        <Method Name="get_Id():System.String" CoveredStatements="0" TotalStatements="1" CoveragePercent="0">
          <Statement FileIndex="428" Line="13" Column="33" EndLine="13" EndColumn="37" Covered="False" />
        </Method>
        <Method Name="get_OrderItems():System.Collections.Generic.IEnumerable&lt;CoffeeSpace.Client.Models.Ordering.OrderItem&gt;" CoveredStatements="0" TotalStatements="1" CoveragePercent="0">
          <Statement FileIndex="428" Line="17" Column="57" EndLine="17" EndColumn="61" Covered="False" />
        </Method>
        <Method Name="set_Address(CoffeeSpace.Client.Models.Ordering.Address):System.Void" CoveredStatements="0" TotalStatements="1" CoveragePercent="0">
          <Statement FileIndex="428" Line="15" Column="44" EndLine="15" EndColumn="49" Covered="False" />
        </Method>
        <Method Name="set_Id(System.String):System.Void" CoveredStatements="0" TotalStatements="1" CoveragePercent="0">
          <Statement FileIndex="428" Line="13" Column="38" EndLine="13" EndColumn="43" Covered="False" />
        </Method>
        <Method Name="set_OrderItems(System.Collections.Generic.IEnumerable&lt;CoffeeSpace.Client.Models.Ordering.OrderItem&gt;):System.Void" CoveredStatements="0" TotalStatements="1" CoveragePercent="0">
          <Statement FileIndex="428" Line="17" Column="62" EndLine="17" EndColumn="67" Covered="False" />
        </Method>
      </Type>
      <Type Name="OrderItem" CoveredStatements="0" TotalStatements="9" CoveragePercent="0">
        <Method Name="get_Description():System.String" CoveredStatements="0" TotalStatements="1" CoveragePercent="0">
          <Statement FileIndex="429" Line="13" Column="42" EndLine="13" EndColumn="46" Covered="False" />
        </Method>
        <Method Name="get_Discount():System.Single" CoveredStatements="0" TotalStatements="1" CoveragePercent="0">
          <Statement FileIndex="429" Line="17" Column="38" EndLine="17" EndColumn="42" Covered="False" />
        </Method>
        <Method Name="get_Title():System.String" CoveredStatements="0" TotalStatements="1" CoveragePercent="0">
          <Statement FileIndex="429" Line="11" Column="36" EndLine="11" EndColumn="40" Covered="False" />
        </Method>
        <Method Name="get_Total():System.Single" CoveredStatements="0" TotalStatements="1" CoveragePercent="0">
          <Statement FileIndex="429" Line="19" Column="27" EndLine="19" EndColumn="47" Covered="False" />
        </Method>
        <Method Name="get_UnitPrice():System.Single" CoveredStatements="0" TotalStatements="1" CoveragePercent="0">
          <Statement FileIndex="429" Line="15" Column="39" EndLine="15" EndColumn="43" Covered="False" />
        </Method>
        <Method Name="set_Description(System.String):System.Void" CoveredStatements="0" TotalStatements="1" CoveragePercent="0">
          <Statement FileIndex="429" Line="13" Column="47" EndLine="13" EndColumn="52" Covered="False" />
        </Method>
        <Method Name="set_Discount(System.Single):System.Void" CoveredStatements="0" TotalStatements="1" CoveragePercent="0">
          <Statement FileIndex="429" Line="17" Column="43" EndLine="17" EndColumn="48" Covered="False" />
        </Method>
        <Method Name="set_Title(System.String):System.Void" CoveredStatements="0" TotalStatements="1" CoveragePercent="0">
          <Statement FileIndex="429" Line="11" Column="41" EndLine="11" EndColumn="46" Covered="False" />
        </Method>
        <Method Name="set_UnitPrice(System.Single):System.Void" CoveredStatements="0" TotalStatements="1" CoveragePercent="0">
          <Statement FileIndex="429" Line="15" Column="44" EndLine="15" EndColumn="49" Covered="False" />
        </Method>
      </Type>
    </Namespace>
    <Namespace Name="CoffeeSpace.Client.Models.Products" CoveredStatements="0" TotalStatements="10" CoveragePercent="0">
      <Type Name="Product" CoveredStatements="0" TotalStatements="10" CoveragePercent="0">
        <Method Name="get_Description():System.String" CoveredStatements="0" TotalStatements="1" CoveragePercent="0">
          <Statement FileIndex="431" Line="7" Column="42" EndLine="7" EndColumn="46" Covered="False" />
        </Method>
        <Method Name="get_Discount():System.Single" CoveredStatements="0" TotalStatements="1" CoveragePercent="0">
          <Statement FileIndex="431" Line="11" Column="38" EndLine="11" EndColumn="42" Covered="False" />
        </Method>
        <Method Name="get_Quantity():System.Int32" CoveredStatements="0" TotalStatements="1" CoveragePercent="0">
          <Statement FileIndex="431" Line="13" Column="37" EndLine="13" EndColumn="41" Covered="False" />
        </Method>
        <Method Name="get_Title():System.String" CoveredStatements="0" TotalStatements="1" CoveragePercent="0">
          <Statement FileIndex="431" Line="5" Column="36" EndLine="5" EndColumn="40" Covered="False" />
        </Method>
        <Method Name="get_UnitPrice():System.Single" CoveredStatements="0" TotalStatements="1" CoveragePercent="0">
          <Statement FileIndex="431" Line="9" Column="39" EndLine="9" EndColumn="43" Covered="False" />
        </Method>
        <Method Name="set_Description(System.String):System.Void" CoveredStatements="0" TotalStatements="1" CoveragePercent="0">
          <Statement FileIndex="431" Line="7" Column="47" EndLine="7" EndColumn="52" Covered="False" />
        </Method>
        <Method Name="set_Discount(System.Single):System.Void" CoveredStatements="0" TotalStatements="1" CoveragePercent="0">
          <Statement FileIndex="431" Line="11" Column="43" EndLine="11" EndColumn="48" Covered="False" />
        </Method>
        <Method Name="set_Quantity(System.Int32):System.Void" CoveredStatements="0" TotalStatements="1" CoveragePercent="0">
          <Statement FileIndex="431" Line="13" Column="42" EndLine="13" EndColumn="46" Covered="False" />
        </Method>
        <Method Name="set_Title(System.String):System.Void" CoveredStatements="0" TotalStatements="1" CoveragePercent="0">
          <Statement FileIndex="431" Line="5" Column="41" EndLine="5" EndColumn="46" Covered="False" />
        </Method>
        <Method Name="set_UnitPrice(System.Single):System.Void" CoveredStatements="0" TotalStatements="1" CoveragePercent="0">
          <Statement FileIndex="431" Line="9" Column="44" EndLine="9" EndColumn="49" Covered="False" />
        </Method>
      </Type>
    </Namespace>
    <Namespace Name="CoffeeSpace.Client.Services" CoveredStatements="0" TotalStatements="52" CoveragePercent="0">
      <Type Name="AuthService" CoveredStatements="0" TotalStatements="26" CoveragePercent="0">
        <Type Name="&lt;&gt;c" CoveredStatements="0" TotalStatements="2" CoveragePercent="0">
          <Method Name="&lt;LoginAsync&gt;b__2_0(System.Security.Claims.Claim):System.Boolean" CoveredStatements="0" TotalStatements="1" CoveragePercent="0">
            <Statement FileIndex="436" Line="30" Column="96" EndLine="30" EndColumn="126" Covered="False" />
          </Method>
          <Method Name="&lt;RegisterAsync&gt;b__3_0(System.Security.Claims.Claim):System.Boolean" CoveredStatements="0" TotalStatements="1" CoveragePercent="0">
            <Statement FileIndex="436" Line="45" Column="96" EndLine="45" EndColumn="126" Covered="False" />
          </Method>
        </Type>
        <Type Name="&lt;LoginAsync&gt;d__2" CoveredStatements="0" TotalStatements="10" CoveragePercent="0">
          <Method Name="MoveNext():System.Void" CoveredStatements="0" TotalStatements="10" CoveragePercent="0">
            <Statement FileIndex="436" Line="21" Column="5" EndLine="21" EndColumn="6" Covered="False" />
            <Statement FileIndex="436" Line="22" Column="9" EndLine="22" EndColumn="85" Covered="False" />
            <Statement FileIndex="436" Line="23" Column="9" EndLine="23" EndColumn="35" Covered="False" />
            <Statement FileIndex="436" Line="24" Column="9" EndLine="24" EndColumn="10" Covered="False" />
            <Statement FileIndex="436" Line="25" Column="13" EndLine="25" EndColumn="26" Covered="False" />
            <Statement FileIndex="436" Line="28" Column="9" EndLine="28" EndColumn="78" Covered="False" />
            <Statement FileIndex="436" Line="29" Column="9" EndLine="29" EndColumn="66" Covered="False" />
            <Statement FileIndex="436" Line="30" Column="9" EndLine="30" EndColumn="135" Covered="False" />
            <Statement FileIndex="436" Line="32" Column="9" EndLine="32" EndColumn="21" Covered="False" />
            <Statement FileIndex="436" Line="33" Column="5" EndLine="33" EndColumn="6" Covered="False" />
          </Method>
        </Type>
        <Type Name="&lt;RegisterAsync&gt;d__3" CoveredStatements="0" TotalStatements="10" CoveragePercent="0">
          <Method Name="MoveNext():System.Void" CoveredStatements="0" TotalStatements="10" CoveragePercent="0">
            <Statement FileIndex="436" Line="36" Column="5" EndLine="36" EndColumn="6" Covered="False" />
            <Statement FileIndex="436" Line="37" Column="9" EndLine="37" EndColumn="88" Covered="False" />
            <Statement FileIndex="436" Line="38" Column="9" EndLine="38" EndColumn="35" Covered="False" />
            <Statement FileIndex="436" Line="39" Column="9" EndLine="39" EndColumn="10" Covered="False" />
            <Statement FileIndex="436" Line="40" Column="13" EndLine="40" EndColumn="26" Covered="False" />
            <Statement FileIndex="436" Line="43" Column="9" EndLine="43" EndColumn="78" Covered="False" />
            <Statement FileIndex="436" Line="44" Column="9" EndLine="44" EndColumn="66" Covered="False" />
            <Statement FileIndex="436" Line="45" Column="9" EndLine="45" EndColumn="135" Covered="False" />
            <Statement FileIndex="436" Line="47" Column="9" EndLine="47" EndColumn="21" Covered="False" />
            <Statement FileIndex="436" Line="48" Column="5" EndLine="48" EndColumn="6" Covered="False" />
          </Method>
        </Type>
        <Method Name=".ctor(CoffeeSpace.Client.WebApiClients.IIdentityWebApi):System.Void" CoveredStatements="0" TotalStatements="4" CoveragePercent="0">
          <Statement FileIndex="436" Line="15" Column="5" EndLine="15" EndColumn="55" Covered="False" />
          <Statement FileIndex="436" Line="16" Column="5" EndLine="16" EndColumn="6" Covered="False" />
          <Statement FileIndex="436" Line="17" Column="9" EndLine="17" EndColumn="42" Covered="False" />
          <Statement FileIndex="436" Line="18" Column="5" EndLine="18" EndColumn="6" Covered="False" />
        </Method>
      </Type>
      <Type Name="HubConnectionService" CoveredStatements="0" TotalStatements="26" CoveragePercent="0">
        <Type Name="&lt;DisposeAsync&gt;d__8" CoveredStatements="0" TotalStatements="4" CoveragePercent="0">
          <Method Name="MoveNext():System.Void" CoveredStatements="0" TotalStatements="4" CoveragePercent="0">
            <Statement FileIndex="437" Line="46" Column="5" EndLine="46" EndColumn="6" Covered="False" />
            <Statement FileIndex="437" Line="47" Column="9" EndLine="47" EndColumn="66" Covered="False" />
            <Statement FileIndex="437" Line="48" Column="9" EndLine="48" EndColumn="42" Covered="False" />
            <Statement FileIndex="437" Line="49" Column="5" EndLine="49" EndColumn="6" Covered="False" />
          </Method>
        </Type>
        <Type Name="&lt;StartConnectionAsync&gt;d__5" CoveredStatements="0" TotalStatements="8" CoveragePercent="0">
          <Method Name="MoveNext():System.Void" CoveredStatements="0" TotalStatements="8" CoveragePercent="0">
            <Statement FileIndex="437" Line="23" Column="5" EndLine="23" EndColumn="6" Covered="False" />
            <Statement FileIndex="437" Line="24" Column="9" EndLine="24" EndColumn="73" Covered="False" />
            <Statement FileIndex="437" Line="25" Column="9" EndLine="25" EndColumn="10" Covered="False" />
            <Statement FileIndex="437" Line="26" Column="13" EndLine="26" EndColumn="20" Covered="False" />
            <Statement FileIndex="437" Line="29" Column="9" EndLine="29" EndColumn="28" Covered="False" />
            <Statement FileIndex="437" Line="31" Column="9" EndLine="31" EndColumn="60" Covered="False" />
            <Statement FileIndex="437" Line="32" Column="9" EndLine="32" EndColumn="83" Covered="False" />
            <Statement FileIndex="437" Line="33" Column="5" EndLine="33" EndColumn="6" Covered="False" />
          </Method>
        </Type>
        <Method Name=".ctor():System.Void" CoveredStatements="0" TotalStatements="4" CoveragePercent="0">
          <Statement FileIndex="437" Line="14" Column="5" EndLine="14" EndColumn="34" Covered="False" />
          <Statement FileIndex="437" Line="15" Column="5" EndLine="15" EndColumn="6" Covered="False" />
          <Statement FileIndex="437" Line="16" Column="9" EndLine="19" EndColumn="22" Covered="False" />
          <Statement FileIndex="437" Line="20" Column="5" EndLine="20" EndColumn="6" Covered="False" />
        </Method>
        <Method Name="get_IsConnected():System.Boolean" CoveredStatements="0" TotalStatements="1" CoveragePercent="0">
          <Statement FileIndex="437" Line="12" Column="32" EndLine="12" EndColumn="84" Covered="False" />
        </Method>
        <Method Name="OnOrderCreated(System.Action&lt;CoffeeSpace.Client.Models.Ordering.Order&gt;):System.Void" CoveredStatements="0" TotalStatements="3" CoveragePercent="0">
          <Statement FileIndex="437" Line="36" Column="5" EndLine="36" EndColumn="6" Covered="False" />
          <Statement FileIndex="437" Line="37" Column="9" EndLine="37" EndColumn="60" Covered="False" />
          <Statement FileIndex="437" Line="38" Column="5" EndLine="38" EndColumn="6" Covered="False" />
        </Method>
        <Method Name="OnOrderPaymentPageInitialized(System.Action&lt;System.String&gt;):System.Void" CoveredStatements="0" TotalStatements="3" CoveragePercent="0">
          <Statement FileIndex="437" Line="52" Column="5" EndLine="52" EndColumn="6" Covered="False" />
          <Statement FileIndex="437" Line="53" Column="9" EndLine="53" EndColumn="82" Covered="False" />
          <Statement FileIndex="437" Line="54" Column="5" EndLine="54" EndColumn="6" Covered="False" />
        </Method>
        <Method Name="OnOrderStatusUpdated(System.Action&lt;CoffeeSpace.Client.Models.Ordering.OrderStatus,System.String&gt;):System.Void" CoveredStatements="0" TotalStatements="3" CoveragePercent="0">
          <Statement FileIndex="437" Line="41" Column="5" EndLine="41" EndColumn="6" Covered="False" />
          <Statement FileIndex="437" Line="42" Column="9" EndLine="42" EndColumn="71" Covered="False" />
          <Statement FileIndex="437" Line="43" Column="5" EndLine="43" EndColumn="6" Covered="False" />
        </Method>
      </Type>
    </Namespace>
    <Namespace Name="CoffeeSpace.Client.Views" CoveredStatements="0" TotalStatements="114" CoveragePercent="0">
      <Type Name="CartView" CoveredStatements="0" TotalStatements="5" CoveragePercent="0">
        <Method Name=".ctor(CoffeeSpace.Client._ViewModels.CartViewModel):System.Void" CoveredStatements="0" TotalStatements="5" CoveragePercent="0">
          <Statement FileIndex="438" Line="7" Column="5" EndLine="7" EndColumn="45" Covered="False" />
          <Statement FileIndex="438" Line="8" Column="5" EndLine="8" EndColumn="6" Covered="False" />
          <Statement FileIndex="438" Line="9" Column="9" EndLine="9" EndColumn="31" Covered="False" />
          <Statement FileIndex="438" Line="10" Column="9" EndLine="10" EndColumn="36" Covered="False" />
          <Statement FileIndex="438" Line="11" Column="5" EndLine="11" EndColumn="6" Covered="False" />
        </Method>
      </Type>
      <Type Name="LoginView" CoveredStatements="0" TotalStatements="34" CoveragePercent="0">
        <Type Name="&lt;OnAppearing&gt;d__2" CoveredStatements="0" TotalStatements="8" CoveragePercent="0">
          <Method Name="MoveNext():System.Void" CoveredStatements="0" TotalStatements="8" CoveragePercent="0">
            <Statement FileIndex="439" Line="22" Column="5" EndLine="22" EndColumn="6" Covered="False" />
            <Statement FileIndex="439" Line="23" Column="9" EndLine="23" EndColumn="70" Covered="False" />
            <Statement FileIndex="439" Line="24" Column="9" EndLine="24" EndColumn="43" Covered="False" />
            <Statement FileIndex="439" Line="25" Column="9" EndLine="25" EndColumn="10" Covered="False" />
            <Statement FileIndex="439" Line="26" Column="13" EndLine="26" EndColumn="61" Covered="False" />
            <Statement FileIndex="439" Line="27" Column="9" EndLine="27" EndColumn="10" Covered="False" />
            <Statement FileIndex="439" Line="29" Column="9" EndLine="29" EndColumn="28" Covered="False" />
            <Statement FileIndex="439" Line="30" Column="5" EndLine="30" EndColumn="6" Covered="False" />
          </Method>
        </Type>
        <Type Name="&lt;OnNavigatingFrom&gt;d__3" CoveredStatements="0" TotalStatements="13" CoveragePercent="0">
          <Method Name="MoveNext():System.Void" CoveredStatements="0" TotalStatements="13" CoveragePercent="0">
            <Statement FileIndex="439" Line="33" Column="5" EndLine="33" EndColumn="6" Covered="False" />
            <Statement FileIndex="439" Line="35" Column="9" EndLine="35" EndColumn="73" Covered="False" />
            <Statement FileIndex="439" Line="36" Column="9" EndLine="36" EndColumn="66" Covered="False" />
            <Statement FileIndex="439" Line="37" Column="9" EndLine="37" EndColumn="38" Covered="False" />
            <Statement FileIndex="439" Line="38" Column="9" EndLine="38" EndColumn="10" Covered="False" />
            <Statement FileIndex="439" Line="39" Column="13" EndLine="39" EndColumn="20" Covered="False" />
            <Statement FileIndex="439" Line="42" Column="9" EndLine="45" EndColumn="12" Covered="False" />
            <Statement FileIndex="439" Line="47" Column="9" EndLine="47" EndColumn="21" Covered="False" />
            <Statement FileIndex="439" Line="48" Column="9" EndLine="48" EndColumn="10" Covered="False" />
            <Statement FileIndex="439" Line="49" Column="13" EndLine="49" EndColumn="122" Covered="False" />
            <Statement FileIndex="439" Line="50" Column="13" EndLine="50" EndColumn="20" Covered="False" />
            <Statement FileIndex="439" Line="52" Column="9" EndLine="52" EndColumn="37" Covered="False" />
            <Statement FileIndex="439" Line="53" Column="5" EndLine="53" EndColumn="6" Covered="False" />
          </Method>
        </Type>
        <Method Name=".ctor(CoffeeSpace.Client._ViewModels.LoginViewModel,Mediator.ISender):System.Void" CoveredStatements="0" TotalStatements="6" CoveragePercent="0">
          <Statement FileIndex="439" Line="13" Column="5" EndLine="13" EndColumn="63" Covered="False" />
          <Statement FileIndex="439" Line="14" Column="5" EndLine="14" EndColumn="6" Covered="False" />
          <Statement FileIndex="439" Line="15" Column="9" EndLine="15" EndColumn="31" Covered="False" />
          <Statement FileIndex="439" Line="17" Column="9" EndLine="17" EndColumn="36" Covered="False" />
          <Statement FileIndex="439" Line="18" Column="9" EndLine="18" EndColumn="26" Covered="False" />
          <Statement FileIndex="439" Line="19" Column="5" EndLine="19" EndColumn="6" Covered="False" />
        </Method>
        <Method Name="IsJwtTokenExpired(System.String):System.Boolean" CoveredStatements="0" TotalStatements="7" CoveragePercent="0">
          <Statement FileIndex="439" Line="56" Column="5" EndLine="56" EndColumn="6" Covered="False" />
          <Statement FileIndex="439" Line="57" Column="9" EndLine="57" EndColumn="35" Covered="False" />
          <Statement FileIndex="439" Line="58" Column="9" EndLine="58" EndColumn="10" Covered="False" />
          <Statement FileIndex="439" Line="59" Column="13" EndLine="59" EndColumn="25" Covered="False" />
          <Statement FileIndex="439" Line="62" Column="9" EndLine="62" EndColumn="71" Covered="False" />
          <Statement FileIndex="439" Line="63" Column="9" EndLine="63" EndColumn="75" Covered="False" />
          <Statement FileIndex="439" Line="64" Column="5" EndLine="64" EndColumn="6" Covered="False" />
        </Method>
      </Type>
      <Type Name="MainView" CoveredStatements="0" TotalStatements="14" CoveragePercent="0">
        <Type Name="&lt;OnAppearing&gt;d__3" CoveredStatements="0" TotalStatements="7" CoveragePercent="0">
          <Method Name="MoveNext():System.Void" CoveredStatements="0" TotalStatements="7" CoveragePercent="0">
            <Statement FileIndex="440" Line="24" Column="5" EndLine="24" EndColumn="6" Covered="False" />
            <Statement FileIndex="440" Line="25" Column="9" EndLine="25" EndColumn="47" Covered="False" />
            <Statement FileIndex="440" Line="26" Column="9" EndLine="26" EndColumn="10" Covered="False" />
            <Statement FileIndex="440" Line="27" Column="13" EndLine="27" EndColumn="20" Covered="False" />
            <Statement FileIndex="440" Line="30" Column="9" EndLine="30" EndColumn="70" Covered="False" />
            <Statement FileIndex="440" Line="31" Column="9" EndLine="31" EndColumn="69" Covered="False" />
            <Statement FileIndex="440" Line="32" Column="5" EndLine="32" EndColumn="6" Covered="False" />
          </Method>
        </Type>
        <Method Name=".ctor(CoffeeSpace.Client._ViewModels.MainViewModel,Mediator.ISender):System.Void" CoveredStatements="0" TotalStatements="7" CoveragePercent="0">
          <Statement FileIndex="440" Line="13" Column="5" EndLine="13" EndColumn="61" Covered="False" />
          <Statement FileIndex="440" Line="14" Column="5" EndLine="14" EndColumn="6" Covered="False" />
          <Statement FileIndex="440" Line="15" Column="9" EndLine="15" EndColumn="31" Covered="False" />
          <Statement FileIndex="440" Line="16" Column="9" EndLine="16" EndColumn="36" Covered="False" />
          <Statement FileIndex="440" Line="18" Column="9" EndLine="18" EndColumn="36" Covered="False" />
          <Statement FileIndex="440" Line="19" Column="9" EndLine="19" EndColumn="26" Covered="False" />
          <Statement FileIndex="440" Line="20" Column="5" EndLine="20" EndColumn="6" Covered="False" />
        </Method>
      </Type>
      <Type Name="OrderInformationView" CoveredStatements="0" TotalStatements="15" CoveragePercent="0">
        <Type Name="&lt;OnAppearing&gt;d__2" CoveredStatements="0" TotalStatements="9" CoveragePercent="0">
          <Method Name="MoveNext():System.Void" CoveredStatements="0" TotalStatements="9" CoveragePercent="0">
            <Statement FileIndex="441" Line="18" Column="5" EndLine="18" EndColumn="6" Covered="False" />
            <Statement FileIndex="441" Line="19" Column="9" EndLine="19" EndColumn="28" Covered="False" />
            <Statement FileIndex="441" Line="21" Column="9" EndLine="21" EndColumn="65" Covered="False" />
            <Statement FileIndex="441" Line="22" Column="9" EndLine="22" EndColumn="28" Covered="False" />
            <Statement FileIndex="441" Line="23" Column="9" EndLine="23" EndColumn="10" Covered="False" />
            <Statement FileIndex="441" Line="24" Column="13" EndLine="24" EndColumn="20" Covered="False" />
            <Statement FileIndex="441" Line="27" Column="9" EndLine="27" EndColumn="67" Covered="False" />
            <Statement FileIndex="441" Line="28" Column="9" EndLine="28" EndColumn="91" Covered="False" />
            <Statement FileIndex="441" Line="29" Column="5" EndLine="29" EndColumn="6" Covered="False" />
          </Method>
        </Type>
        <Method Name=".ctor(CoffeeSpace.Client._ViewModels.OrderInformationViewModel,CoffeeSpace.Client.Services.Abstractions.IHubConnectionService):System.Void" CoveredStatements="0" TotalStatements="6" CoveragePercent="0">
          <Statement FileIndex="441" Line="10" Column="5" EndLine="10" EndColumn="113" Covered="False" />
          <Statement FileIndex="441" Line="11" Column="2" EndLine="11" EndColumn="3" Covered="False" />
          <Statement FileIndex="441" Line="12" Column="3" EndLine="12" EndColumn="25" Covered="False" />
          <Statement FileIndex="441" Line="13" Column="3" EndLine="13" EndColumn="30" Covered="False" />
          <Statement FileIndex="441" Line="14" Column="9" EndLine="14" EndColumn="54" Covered="False" />
          <Statement FileIndex="441" Line="15" Column="5" EndLine="15" EndColumn="6" Covered="False" />
        </Method>
      </Type>
      <Type Name="OrderView" CoveredStatements="0" TotalStatements="15" CoveragePercent="0">
        <Type Name="&lt;OnAppearing&gt;d__2" CoveredStatements="0" TotalStatements="9" CoveragePercent="0">
          <Method Name="MoveNext():System.Void" CoveredStatements="0" TotalStatements="9" CoveragePercent="0">
            <Statement FileIndex="442" Line="19" Column="5" EndLine="19" EndColumn="6" Covered="False" />
            <Statement FileIndex="442" Line="20" Column="9" EndLine="20" EndColumn="28" Covered="False" />
            <Statement FileIndex="442" Line="22" Column="9" EndLine="22" EndColumn="65" Covered="False" />
            <Statement FileIndex="442" Line="23" Column="9" EndLine="23" EndColumn="28" Covered="False" />
            <Statement FileIndex="442" Line="24" Column="9" EndLine="24" EndColumn="10" Covered="False" />
            <Statement FileIndex="442" Line="25" Column="13" EndLine="25" EndColumn="20" Covered="False" />
            <Statement FileIndex="442" Line="28" Column="9" EndLine="28" EndColumn="67" Covered="False" />
            <Statement FileIndex="442" Line="29" Column="9" EndLine="29" EndColumn="91" Covered="False" />
            <Statement FileIndex="442" Line="30" Column="5" EndLine="30" EndColumn="6" Covered="False" />
          </Method>
        </Type>
        <Method Name=".ctor(CoffeeSpace.Client._ViewModels.OrderViewModel,CoffeeSpace.Client.Services.Abstractions.IHubConnectionService):System.Void" CoveredStatements="0" TotalStatements="6" CoveragePercent="0">
          <Statement FileIndex="442" Line="10" Column="5" EndLine="10" EndColumn="91" Covered="False" />
          <Statement FileIndex="442" Line="11" Column="5" EndLine="11" EndColumn="6" Covered="False" />
          <Statement FileIndex="442" Line="12" Column="9" EndLine="12" EndColumn="31" Covered="False" />
          <Statement FileIndex="442" Line="14" Column="9" EndLine="14" EndColumn="36" Covered="False" />
          <Statement FileIndex="442" Line="15" Column="9" EndLine="15" EndColumn="54" Covered="False" />
          <Statement FileIndex="442" Line="16" Column="5" EndLine="16" EndColumn="6" Covered="False" />
        </Method>
      </Type>
      <Type Name="ProfileView" CoveredStatements="0" TotalStatements="5" CoveragePercent="0">
        <Method Name=".ctor(CoffeeSpace.Client._ViewModels.ProfileViewModel):System.Void" CoveredStatements="0" TotalStatements="5" CoveragePercent="0">
          <Statement FileIndex="443" Line="11" Column="5" EndLine="11" EndColumn="51" Covered="False" />
          <Statement FileIndex="443" Line="12" Column="5" EndLine="12" EndColumn="6" Covered="False" />
          <Statement FileIndex="443" Line="13" Column="9" EndLine="13" EndColumn="31" Covered="False" />
          <Statement FileIndex="443" Line="14" Column="9" EndLine="14" EndColumn="36" Covered="False" />
          <Statement FileIndex="443" Line="15" Column="5" EndLine="15" EndColumn="6" Covered="False" />
        </Method>
      </Type>
      <Type Name="RegisterView" CoveredStatements="0" TotalStatements="26" CoveragePercent="0">
        <Type Name="&lt;OnNavigatingFrom&gt;d__2" CoveredStatements="0" TotalStatements="13" CoveragePercent="0">
          <Method Name="MoveNext():System.Void" CoveredStatements="0" TotalStatements="13" CoveragePercent="0">
            <Statement FileIndex="444" Line="22" Column="5" EndLine="22" EndColumn="6" Covered="False" />
            <Statement FileIndex="444" Line="24" Column="9" EndLine="24" EndColumn="73" Covered="False" />
            <Statement FileIndex="444" Line="25" Column="9" EndLine="25" EndColumn="66" Covered="False" />
            <Statement FileIndex="444" Line="26" Column="9" EndLine="26" EndColumn="38" Covered="False" />
            <Statement FileIndex="444" Line="27" Column="9" EndLine="27" EndColumn="10" Covered="False" />
            <Statement FileIndex="444" Line="28" Column="13" EndLine="28" EndColumn="20" Covered="False" />
            <Statement FileIndex="444" Line="31" Column="9" EndLine="34" EndColumn="12" Covered="False" />
            <Statement FileIndex="444" Line="36" Column="9" EndLine="36" EndColumn="21" Covered="False" />
            <Statement FileIndex="444" Line="37" Column="9" EndLine="37" EndColumn="10" Covered="False" />
            <Statement FileIndex="444" Line="38" Column="13" EndLine="38" EndColumn="122" Covered="False" />
            <Statement FileIndex="444" Line="39" Column="9" EndLine="39" EndColumn="10" Covered="False" />
            <Statement FileIndex="444" Line="40" Column="9" EndLine="40" EndColumn="37" Covered="False" />
            <Statement FileIndex="444" Line="41" Column="5" EndLine="41" EndColumn="6" Covered="False" />
          </Method>
        </Type>
        <Method Name=".ctor(CoffeeSpace.Client._ViewModels.RegisterViewModel,Mediator.ISender):System.Void" CoveredStatements="0" TotalStatements="6" CoveragePercent="0">
          <Statement FileIndex="444" Line="13" Column="5" EndLine="13" EndColumn="69" Covered="False" />
          <Statement FileIndex="444" Line="14" Column="5" EndLine="14" EndColumn="6" Covered="False" />
          <Statement FileIndex="444" Line="15" Column="9" EndLine="15" EndColumn="31" Covered="False" />
          <Statement FileIndex="444" Line="17" Column="9" EndLine="17" EndColumn="36" Covered="False" />
          <Statement FileIndex="444" Line="18" Column="9" EndLine="18" EndColumn="26" Covered="False" />
          <Statement FileIndex="444" Line="19" Column="5" EndLine="19" EndColumn="6" Covered="False" />
        </Method>
        <Method Name="IsJwtTokenExpired(System.String):System.Boolean" CoveredStatements="0" TotalStatements="7" CoveragePercent="0">
          <Statement FileIndex="444" Line="44" Column="5" EndLine="44" EndColumn="6" Covered="False" />
          <Statement FileIndex="444" Line="45" Column="9" EndLine="45" EndColumn="35" Covered="False" />
          <Statement FileIndex="444" Line="46" Column="9" EndLine="46" EndColumn="10" Covered="False" />
          <Statement FileIndex="444" Line="47" Column="13" EndLine="47" EndColumn="25" Covered="False" />
          <Statement FileIndex="444" Line="50" Column="9" EndLine="50" EndColumn="71" Covered="False" />
          <Statement FileIndex="444" Line="51" Column="9" EndLine="51" EndColumn="75" Covered="False" />
          <Statement FileIndex="444" Line="52" Column="5" EndLine="52" EndColumn="6" Covered="False" />
        </Method>
      </Type>
    </Namespace>
    <Namespace Name="Microsoft.Maui.Controls" CoveredStatements="0" TotalStatements="234" CoveragePercent="0">
      <Type Name="ColorAnimationExtensions_Button" CoveredStatements="0" TotalStatements="26" CoveragePercent="0">
        <Type Name="&lt;&gt;c__DisplayClass0_0" CoveredStatements="0" TotalStatements="1" CoveragePercent="0">
          <Method Name="&lt;TextColorTo&gt;b__0(System.Double,System.Boolean):System.Void" CoveredStatements="0" TotalStatements="1" CoveragePercent="0">
            <Statement FileIndex="471" Line="57" Column="84" EndLine="57" EndColumn="125" Covered="False" />
          </Method>
        </Type>
        <Type Name="&lt;&gt;c__DisplayClass0_1" CoveredStatements="0" TotalStatements="1" CoveragePercent="0">
          <Method Name="&lt;TextColorTo&gt;b__5(System.Double):System.Void" CoveredStatements="0" TotalStatements="1" CoveragePercent="0">
            <Statement FileIndex="471" Line="68" Column="120" EndLine="68" EndColumn="168" Covered="False" />
          </Method>
        </Type>
        <Type Name="&lt;&gt;c__DisplayClass0_2" CoveredStatements="0" TotalStatements="1" CoveragePercent="0">
          <Method Name="&lt;TextColorTo&gt;b__6(System.Double):System.Void" CoveredStatements="0" TotalStatements="1" CoveragePercent="0">
            <Statement FileIndex="471" Line="69" Column="124" EndLine="69" EndColumn="174" Covered="False" />
          </Method>
        </Type>
        <Type Name="&lt;&gt;c__DisplayClass0_3" CoveredStatements="0" TotalStatements="1" CoveragePercent="0">
          <Method Name="&lt;TextColorTo&gt;b__7(System.Double):System.Void" CoveredStatements="0" TotalStatements="1" CoveragePercent="0">
            <Statement FileIndex="471" Line="70" Column="122" EndLine="70" EndColumn="171" Covered="False" />
          </Method>
        </Type>
        <Type Name="&lt;&gt;c__DisplayClass0_4" CoveredStatements="0" TotalStatements="1" CoveragePercent="0">
          <Method Name="&lt;TextColorTo&gt;b__8(System.Double):System.Void" CoveredStatements="0" TotalStatements="1" CoveragePercent="0">
            <Statement FileIndex="471" Line="71" Column="124" EndLine="71" EndColumn="181" Covered="False" />
          </Method>
        </Type>
        <Method Name="&lt;TextColorTo&gt;g__GetAlphaTransformAnimation|0_4(Microsoft.Maui.Controls.Button,System.Single):Microsoft.Maui.Controls.Animation" CoveredStatements="0" TotalStatements="1" CoveragePercent="0">
          <Statement FileIndex="471" Line="71" Column="115" EndLine="71" EndColumn="220" Covered="False" />
        </Method>
        <Method Name="&lt;TextColorTo&gt;g__GetBlueTransformAnimation|0_3(Microsoft.Maui.Controls.Button,System.Single):Microsoft.Maui.Controls.Animation" CoveredStatements="0" TotalStatements="1" CoveragePercent="0">
          <Statement FileIndex="471" Line="70" Column="113" EndLine="70" EndColumn="208" Covered="False" />
        </Method>
        <Method Name="&lt;TextColorTo&gt;g__GetGreenTransformAnimation|0_2(Microsoft.Maui.Controls.Button,System.Single):Microsoft.Maui.Controls.Animation" CoveredStatements="0" TotalStatements="1" CoveragePercent="0">
          <Statement FileIndex="471" Line="69" Column="115" EndLine="69" EndColumn="213" Covered="False" />
        </Method>
        <Method Name="&lt;TextColorTo&gt;g__GetRedTransformAnimation|0_1(Microsoft.Maui.Controls.Button,System.Single):Microsoft.Maui.Controls.Animation" CoveredStatements="0" TotalStatements="1" CoveragePercent="0">
          <Statement FileIndex="471" Line="68" Column="111" EndLine="68" EndColumn="203" Covered="False" />
        </Method>
        <Method Name="TextColorTo(Microsoft.Maui.Controls.Button,Microsoft.Maui.Graphics.Color,System.UInt32,System.UInt32,Microsoft.Maui.Easing):System.Threading.Tasks.Task&lt;System.Boolean&gt;" CoveredStatements="0" TotalStatements="17" CoveragePercent="0">
          <Statement FileIndex="471" Line="24" Column="5" EndLine="24" EndColumn="6" Covered="False" />
          <Statement FileIndex="471" Line="25" Column="9" EndLine="25" EndColumn="52" Covered="False" />
          <Statement FileIndex="471" Line="26" Column="9" EndLine="26" EndColumn="50" Covered="False" />
          <Statement FileIndex="471" Line="27" Column="9" EndLine="27" EndColumn="54" Covered="False" />
          <Statement FileIndex="471" Line="28" Column="13" EndLine="28" EndColumn="121" Covered="False" />
          <Statement FileIndex="471" Line="31" Column="9" EndLine="31" EndColumn="50" Covered="False" />
          <Statement FileIndex="471" Line="32" Column="9" EndLine="32" EndColumn="74" Covered="False" />
          <Statement FileIndex="471" Line="34" Column="9" EndLine="34" EndColumn="10" Covered="False" />
          <Statement FileIndex="471" Line="35" Column="13" EndLine="57" EndColumn="127" Covered="False" />
          <Statement FileIndex="471" Line="58" Column="9" EndLine="58" EndColumn="10" Covered="False" />
          <Statement FileIndex="471" Line="59" Column="9" EndLine="59" EndColumn="38" Covered="False" />
          <Statement FileIndex="471" Line="60" Column="9" EndLine="60" EndColumn="10" Covered="False" />
          <Statement FileIndex="471" Line="63" Column="13" EndLine="63" EndColumn="149" Covered="False" />
          <Statement FileIndex="471" Line="64" Column="13" EndLine="64" EndColumn="56" Covered="False" />
          <Statement FileIndex="471" Line="65" Column="9" EndLine="65" EndColumn="10" Covered="False" />
          <Statement FileIndex="471" Line="67" Column="9" EndLine="67" EndColumn="47" Covered="False" />
          <Statement FileIndex="471" Line="72" Column="5" EndLine="72" EndColumn="6" Covered="False" />
        </Method>
      </Type>
      <Type Name="ColorAnimationExtensions_DatePicker" CoveredStatements="0" TotalStatements="26" CoveragePercent="0">
        <Type Name="&lt;&gt;c__DisplayClass0_0" CoveredStatements="0" TotalStatements="1" CoveragePercent="0">
          <Method Name="&lt;TextColorTo&gt;b__0(System.Double,System.Boolean):System.Void" CoveredStatements="0" TotalStatements="1" CoveragePercent="0">
            <Statement FileIndex="472" Line="57" Column="84" EndLine="57" EndColumn="125" Covered="False" />
          </Method>
        </Type>
        <Type Name="&lt;&gt;c__DisplayClass0_1" CoveredStatements="0" TotalStatements="1" CoveragePercent="0">
          <Method Name="&lt;TextColorTo&gt;b__5(System.Double):System.Void" CoveredStatements="0" TotalStatements="1" CoveragePercent="0">
            <Statement FileIndex="472" Line="68" Column="124" EndLine="68" EndColumn="172" Covered="False" />
          </Method>
        </Type>
        <Type Name="&lt;&gt;c__DisplayClass0_2" CoveredStatements="0" TotalStatements="1" CoveragePercent="0">
          <Method Name="&lt;TextColorTo&gt;b__6(System.Double):System.Void" CoveredStatements="0" TotalStatements="1" CoveragePercent="0">
            <Statement FileIndex="472" Line="69" Column="128" EndLine="69" EndColumn="178" Covered="False" />
          </Method>
        </Type>
        <Type Name="&lt;&gt;c__DisplayClass0_3" CoveredStatements="0" TotalStatements="1" CoveragePercent="0">
          <Method Name="&lt;TextColorTo&gt;b__7(System.Double):System.Void" CoveredStatements="0" TotalStatements="1" CoveragePercent="0">
            <Statement FileIndex="472" Line="70" Column="126" EndLine="70" EndColumn="175" Covered="False" />
          </Method>
        </Type>
        <Type Name="&lt;&gt;c__DisplayClass0_4" CoveredStatements="0" TotalStatements="1" CoveragePercent="0">
          <Method Name="&lt;TextColorTo&gt;b__8(System.Double):System.Void" CoveredStatements="0" TotalStatements="1" CoveragePercent="0">
            <Statement FileIndex="472" Line="71" Column="128" EndLine="71" EndColumn="185" Covered="False" />
          </Method>
        </Type>
        <Method Name="&lt;TextColorTo&gt;g__GetAlphaTransformAnimation|0_4(Microsoft.Maui.Controls.DatePicker,System.Single):Microsoft.Maui.Controls.Animation" CoveredStatements="0" TotalStatements="1" CoveragePercent="0">
          <Statement FileIndex="472" Line="71" Column="119" EndLine="71" EndColumn="224" Covered="False" />
        </Method>
        <Method Name="&lt;TextColorTo&gt;g__GetBlueTransformAnimation|0_3(Microsoft.Maui.Controls.DatePicker,System.Single):Microsoft.Maui.Controls.Animation" CoveredStatements="0" TotalStatements="1" CoveragePercent="0">
          <Statement FileIndex="472" Line="70" Column="117" EndLine="70" EndColumn="212" Covered="False" />
        </Method>
        <Method Name="&lt;TextColorTo&gt;g__GetGreenTransformAnimation|0_2(Microsoft.Maui.Controls.DatePicker,System.Single):Microsoft.Maui.Controls.Animation" CoveredStatements="0" TotalStatements="1" CoveragePercent="0">
          <Statement FileIndex="472" Line="69" Column="119" EndLine="69" EndColumn="217" Covered="False" />
        </Method>
        <Method Name="&lt;TextColorTo&gt;g__GetRedTransformAnimation|0_1(Microsoft.Maui.Controls.DatePicker,System.Single):Microsoft.Maui.Controls.Animation" CoveredStatements="0" TotalStatements="1" CoveragePercent="0">
          <Statement FileIndex="472" Line="68" Column="115" EndLine="68" EndColumn="207" Covered="False" />
        </Method>
        <Method Name="TextColorTo(Microsoft.Maui.Controls.DatePicker,Microsoft.Maui.Graphics.Color,System.UInt32,System.UInt32,Microsoft.Maui.Easing):System.Threading.Tasks.Task&lt;System.Boolean&gt;" CoveredStatements="0" TotalStatements="17" CoveragePercent="0">
          <Statement FileIndex="472" Line="24" Column="5" EndLine="24" EndColumn="6" Covered="False" />
          <Statement FileIndex="472" Line="25" Column="9" EndLine="25" EndColumn="52" Covered="False" />
          <Statement FileIndex="472" Line="26" Column="9" EndLine="26" EndColumn="50" Covered="False" />
          <Statement FileIndex="472" Line="27" Column="9" EndLine="27" EndColumn="54" Covered="False" />
          <Statement FileIndex="472" Line="28" Column="13" EndLine="28" EndColumn="121" Covered="False" />
          <Statement FileIndex="472" Line="31" Column="9" EndLine="31" EndColumn="50" Covered="False" />
          <Statement FileIndex="472" Line="32" Column="9" EndLine="32" EndColumn="74" Covered="False" />
          <Statement FileIndex="472" Line="34" Column="9" EndLine="34" EndColumn="10" Covered="False" />
          <Statement FileIndex="472" Line="35" Column="13" EndLine="57" EndColumn="127" Covered="False" />
          <Statement FileIndex="472" Line="58" Column="9" EndLine="58" EndColumn="10" Covered="False" />
          <Statement FileIndex="472" Line="59" Column="9" EndLine="59" EndColumn="38" Covered="False" />
          <Statement FileIndex="472" Line="60" Column="9" EndLine="60" EndColumn="10" Covered="False" />
          <Statement FileIndex="472" Line="63" Column="13" EndLine="63" EndColumn="153" Covered="False" />
          <Statement FileIndex="472" Line="64" Column="13" EndLine="64" EndColumn="56" Covered="False" />
          <Statement FileIndex="472" Line="65" Column="9" EndLine="65" EndColumn="10" Covered="False" />
          <Statement FileIndex="472" Line="67" Column="9" EndLine="67" EndColumn="47" Covered="False" />
          <Statement FileIndex="472" Line="72" Column="5" EndLine="72" EndColumn="6" Covered="False" />
        </Method>
      </Type>
      <Type Name="ColorAnimationExtensions_Editor" CoveredStatements="0" TotalStatements="26" CoveragePercent="0">
        <Type Name="&lt;&gt;c__DisplayClass0_0" CoveredStatements="0" TotalStatements="1" CoveragePercent="0">
          <Method Name="&lt;TextColorTo&gt;b__0(System.Double,System.Boolean):System.Void" CoveredStatements="0" TotalStatements="1" CoveragePercent="0">
            <Statement FileIndex="473" Line="57" Column="84" EndLine="57" EndColumn="125" Covered="False" />
          </Method>
        </Type>
        <Type Name="&lt;&gt;c__DisplayClass0_1" CoveredStatements="0" TotalStatements="1" CoveragePercent="0">
          <Method Name="&lt;TextColorTo&gt;b__5(System.Double):System.Void" CoveredStatements="0" TotalStatements="1" CoveragePercent="0">
            <Statement FileIndex="473" Line="68" Column="120" EndLine="68" EndColumn="168" Covered="False" />
          </Method>
        </Type>
        <Type Name="&lt;&gt;c__DisplayClass0_2" CoveredStatements="0" TotalStatements="1" CoveragePercent="0">
          <Method Name="&lt;TextColorTo&gt;b__6(System.Double):System.Void" CoveredStatements="0" TotalStatements="1" CoveragePercent="0">
            <Statement FileIndex="473" Line="69" Column="124" EndLine="69" EndColumn="174" Covered="False" />
          </Method>
        </Type>
        <Type Name="&lt;&gt;c__DisplayClass0_3" CoveredStatements="0" TotalStatements="1" CoveragePercent="0">
          <Method Name="&lt;TextColorTo&gt;b__7(System.Double):System.Void" CoveredStatements="0" TotalStatements="1" CoveragePercent="0">
            <Statement FileIndex="473" Line="70" Column="122" EndLine="70" EndColumn="171" Covered="False" />
          </Method>
        </Type>
        <Type Name="&lt;&gt;c__DisplayClass0_4" CoveredStatements="0" TotalStatements="1" CoveragePercent="0">
          <Method Name="&lt;TextColorTo&gt;b__8(System.Double):System.Void" CoveredStatements="0" TotalStatements="1" CoveragePercent="0">
            <Statement FileIndex="473" Line="71" Column="124" EndLine="71" EndColumn="181" Covered="False" />
          </Method>
        </Type>
        <Method Name="&lt;TextColorTo&gt;g__GetAlphaTransformAnimation|0_4(Microsoft.Maui.Controls.Editor,System.Single):Microsoft.Maui.Controls.Animation" CoveredStatements="0" TotalStatements="1" CoveragePercent="0">
          <Statement FileIndex="473" Line="71" Column="115" EndLine="71" EndColumn="220" Covered="False" />
        </Method>
        <Method Name="&lt;TextColorTo&gt;g__GetBlueTransformAnimation|0_3(Microsoft.Maui.Controls.Editor,System.Single):Microsoft.Maui.Controls.Animation" CoveredStatements="0" TotalStatements="1" CoveragePercent="0">
          <Statement FileIndex="473" Line="70" Column="113" EndLine="70" EndColumn="208" Covered="False" />
        </Method>
        <Method Name="&lt;TextColorTo&gt;g__GetGreenTransformAnimation|0_2(Microsoft.Maui.Controls.Editor,System.Single):Microsoft.Maui.Controls.Animation" CoveredStatements="0" TotalStatements="1" CoveragePercent="0">
          <Statement FileIndex="473" Line="69" Column="115" EndLine="69" EndColumn="213" Covered="False" />
        </Method>
        <Method Name="&lt;TextColorTo&gt;g__GetRedTransformAnimation|0_1(Microsoft.Maui.Controls.Editor,System.Single):Microsoft.Maui.Controls.Animation" CoveredStatements="0" TotalStatements="1" CoveragePercent="0">
          <Statement FileIndex="473" Line="68" Column="111" EndLine="68" EndColumn="203" Covered="False" />
        </Method>
        <Method Name="TextColorTo(Microsoft.Maui.Controls.Editor,Microsoft.Maui.Graphics.Color,System.UInt32,System.UInt32,Microsoft.Maui.Easing):System.Threading.Tasks.Task&lt;System.Boolean&gt;" CoveredStatements="0" TotalStatements="17" CoveragePercent="0">
          <Statement FileIndex="473" Line="24" Column="5" EndLine="24" EndColumn="6" Covered="False" />
          <Statement FileIndex="473" Line="25" Column="9" EndLine="25" EndColumn="52" Covered="False" />
          <Statement FileIndex="473" Line="26" Column="9" EndLine="26" EndColumn="50" Covered="False" />
          <Statement FileIndex="473" Line="27" Column="9" EndLine="27" EndColumn="54" Covered="False" />
          <Statement FileIndex="473" Line="28" Column="13" EndLine="28" EndColumn="121" Covered="False" />
          <Statement FileIndex="473" Line="31" Column="9" EndLine="31" EndColumn="50" Covered="False" />
          <Statement FileIndex="473" Line="32" Column="9" EndLine="32" EndColumn="74" Covered="False" />
          <Statement FileIndex="473" Line="34" Column="9" EndLine="34" EndColumn="10" Covered="False" />
          <Statement FileIndex="473" Line="35" Column="13" EndLine="57" EndColumn="127" Covered="False" />
          <Statement FileIndex="473" Line="58" Column="9" EndLine="58" EndColumn="10" Covered="False" />
          <Statement FileIndex="473" Line="59" Column="9" EndLine="59" EndColumn="38" Covered="False" />
          <Statement FileIndex="473" Line="60" Column="9" EndLine="60" EndColumn="10" Covered="False" />
          <Statement FileIndex="473" Line="63" Column="13" EndLine="63" EndColumn="149" Covered="False" />
          <Statement FileIndex="473" Line="64" Column="13" EndLine="64" EndColumn="56" Covered="False" />
          <Statement FileIndex="473" Line="65" Column="9" EndLine="65" EndColumn="10" Covered="False" />
          <Statement FileIndex="473" Line="67" Column="9" EndLine="67" EndColumn="47" Covered="False" />
          <Statement FileIndex="473" Line="72" Column="5" EndLine="72" EndColumn="6" Covered="False" />
        </Method>
      </Type>
      <Type Name="ColorAnimationExtensions_Entry" CoveredStatements="0" TotalStatements="26" CoveragePercent="0">
        <Type Name="&lt;&gt;c__DisplayClass0_0" CoveredStatements="0" TotalStatements="1" CoveragePercent="0">
          <Method Name="&lt;TextColorTo&gt;b__0(System.Double,System.Boolean):System.Void" CoveredStatements="0" TotalStatements="1" CoveragePercent="0">
            <Statement FileIndex="474" Line="57" Column="84" EndLine="57" EndColumn="125" Covered="False" />
          </Method>
        </Type>
        <Type Name="&lt;&gt;c__DisplayClass0_1" CoveredStatements="0" TotalStatements="1" CoveragePercent="0">
          <Method Name="&lt;TextColorTo&gt;b__5(System.Double):System.Void" CoveredStatements="0" TotalStatements="1" CoveragePercent="0">
            <Statement FileIndex="474" Line="68" Column="119" EndLine="68" EndColumn="167" Covered="False" />
          </Method>
        </Type>
        <Type Name="&lt;&gt;c__DisplayClass0_2" CoveredStatements="0" TotalStatements="1" CoveragePercent="0">
          <Method Name="&lt;TextColorTo&gt;b__6(System.Double):System.Void" CoveredStatements="0" TotalStatements="1" CoveragePercent="0">
            <Statement FileIndex="474" Line="69" Column="123" EndLine="69" EndColumn="173" Covered="False" />
          </Method>
        </Type>
        <Type Name="&lt;&gt;c__DisplayClass0_3" CoveredStatements="0" TotalStatements="1" CoveragePercent="0">
          <Method Name="&lt;TextColorTo&gt;b__7(System.Double):System.Void" CoveredStatements="0" TotalStatements="1" CoveragePercent="0">
            <Statement FileIndex="474" Line="70" Column="121" EndLine="70" EndColumn="170" Covered="False" />
          </Method>
        </Type>
        <Type Name="&lt;&gt;c__DisplayClass0_4" CoveredStatements="0" TotalStatements="1" CoveragePercent="0">
          <Method Name="&lt;TextColorTo&gt;b__8(System.Double):System.Void" CoveredStatements="0" TotalStatements="1" CoveragePercent="0">
            <Statement FileIndex="474" Line="71" Column="123" EndLine="71" EndColumn="180" Covered="False" />
          </Method>
        </Type>
        <Method Name="&lt;TextColorTo&gt;g__GetAlphaTransformAnimation|0_4(Microsoft.Maui.Controls.Entry,System.Single):Microsoft.Maui.Controls.Animation" CoveredStatements="0" TotalStatements="1" CoveragePercent="0">
          <Statement FileIndex="474" Line="71" Column="114" EndLine="71" EndColumn="219" Covered="False" />
        </Method>
        <Method Name="&lt;TextColorTo&gt;g__GetBlueTransformAnimation|0_3(Microsoft.Maui.Controls.Entry,System.Single):Microsoft.Maui.Controls.Animation" CoveredStatements="0" TotalStatements="1" CoveragePercent="0">
          <Statement FileIndex="474" Line="70" Column="112" EndLine="70" EndColumn="207" Covered="False" />
        </Method>
        <Method Name="&lt;TextColorTo&gt;g__GetGreenTransformAnimation|0_2(Microsoft.Maui.Controls.Entry,System.Single):Microsoft.Maui.Controls.Animation" CoveredStatements="0" TotalStatements="1" CoveragePercent="0">
          <Statement FileIndex="474" Line="69" Column="114" EndLine="69" EndColumn="212" Covered="False" />
        </Method>
        <Method Name="&lt;TextColorTo&gt;g__GetRedTransformAnimation|0_1(Microsoft.Maui.Controls.Entry,System.Single):Microsoft.Maui.Controls.Animation" CoveredStatements="0" TotalStatements="1" CoveragePercent="0">
          <Statement FileIndex="474" Line="68" Column="110" EndLine="68" EndColumn="202" Covered="False" />
        </Method>
        <Method Name="TextColorTo(Microsoft.Maui.Controls.Entry,Microsoft.Maui.Graphics.Color,System.UInt32,System.UInt32,Microsoft.Maui.Easing):System.Threading.Tasks.Task&lt;System.Boolean&gt;" CoveredStatements="0" TotalStatements="17" CoveragePercent="0">
          <Statement FileIndex="474" Line="24" Column="5" EndLine="24" EndColumn="6" Covered="False" />
          <Statement FileIndex="474" Line="25" Column="9" EndLine="25" EndColumn="52" Covered="False" />
          <Statement FileIndex="474" Line="26" Column="9" EndLine="26" EndColumn="50" Covered="False" />
          <Statement FileIndex="474" Line="27" Column="9" EndLine="27" EndColumn="54" Covered="False" />
          <Statement FileIndex="474" Line="28" Column="13" EndLine="28" EndColumn="121" Covered="False" />
          <Statement FileIndex="474" Line="31" Column="9" EndLine="31" EndColumn="50" Covered="False" />
          <Statement FileIndex="474" Line="32" Column="9" EndLine="32" EndColumn="74" Covered="False" />
          <Statement FileIndex="474" Line="34" Column="9" EndLine="34" EndColumn="10" Covered="False" />
          <Statement FileIndex="474" Line="35" Column="13" EndLine="57" EndColumn="127" Covered="False" />
          <Statement FileIndex="474" Line="58" Column="9" EndLine="58" EndColumn="10" Covered="False" />
          <Statement FileIndex="474" Line="59" Column="9" EndLine="59" EndColumn="38" Covered="False" />
          <Statement FileIndex="474" Line="60" Column="9" EndLine="60" EndColumn="10" Covered="False" />
          <Statement FileIndex="474" Line="63" Column="13" EndLine="63" EndColumn="148" Covered="False" />
          <Statement FileIndex="474" Line="64" Column="13" EndLine="64" EndColumn="56" Covered="False" />
          <Statement FileIndex="474" Line="65" Column="9" EndLine="65" EndColumn="10" Covered="False" />
          <Statement FileIndex="474" Line="67" Column="9" EndLine="67" EndColumn="47" Covered="False" />
          <Statement FileIndex="474" Line="72" Column="5" EndLine="72" EndColumn="6" Covered="False" />
        </Method>
      </Type>
      <Type Name="ColorAnimationExtensions_Label" CoveredStatements="0" TotalStatements="26" CoveragePercent="0">
        <Type Name="&lt;&gt;c__DisplayClass0_0" CoveredStatements="0" TotalStatements="1" CoveragePercent="0">
          <Method Name="&lt;TextColorTo&gt;b__0(System.Double,System.Boolean):System.Void" CoveredStatements="0" TotalStatements="1" CoveragePercent="0">
            <Statement FileIndex="475" Line="57" Column="84" EndLine="57" EndColumn="125" Covered="False" />
          </Method>
        </Type>
        <Type Name="&lt;&gt;c__DisplayClass0_1" CoveredStatements="0" TotalStatements="1" CoveragePercent="0">
          <Method Name="&lt;TextColorTo&gt;b__5(System.Double):System.Void" CoveredStatements="0" TotalStatements="1" CoveragePercent="0">
            <Statement FileIndex="475" Line="68" Column="119" EndLine="68" EndColumn="167" Covered="False" />
          </Method>
        </Type>
        <Type Name="&lt;&gt;c__DisplayClass0_2" CoveredStatements="0" TotalStatements="1" CoveragePercent="0">
          <Method Name="&lt;TextColorTo&gt;b__6(System.Double):System.Void" CoveredStatements="0" TotalStatements="1" CoveragePercent="0">
            <Statement FileIndex="475" Line="69" Column="123" EndLine="69" EndColumn="173" Covered="False" />
          </Method>
        </Type>
        <Type Name="&lt;&gt;c__DisplayClass0_3" CoveredStatements="0" TotalStatements="1" CoveragePercent="0">
          <Method Name="&lt;TextColorTo&gt;b__7(System.Double):System.Void" CoveredStatements="0" TotalStatements="1" CoveragePercent="0">
            <Statement FileIndex="475" Line="70" Column="121" EndLine="70" EndColumn="170" Covered="False" />
          </Method>
        </Type>
        <Type Name="&lt;&gt;c__DisplayClass0_4" CoveredStatements="0" TotalStatements="1" CoveragePercent="0">
          <Method Name="&lt;TextColorTo&gt;b__8(System.Double):System.Void" CoveredStatements="0" TotalStatements="1" CoveragePercent="0">
            <Statement FileIndex="475" Line="71" Column="123" EndLine="71" EndColumn="180" Covered="False" />
          </Method>
        </Type>
        <Method Name="&lt;TextColorTo&gt;g__GetAlphaTransformAnimation|0_4(Microsoft.Maui.Controls.Label,System.Single):Microsoft.Maui.Controls.Animation" CoveredStatements="0" TotalStatements="1" CoveragePercent="0">
          <Statement FileIndex="475" Line="71" Column="114" EndLine="71" EndColumn="219" Covered="False" />
        </Method>
        <Method Name="&lt;TextColorTo&gt;g__GetBlueTransformAnimation|0_3(Microsoft.Maui.Controls.Label,System.Single):Microsoft.Maui.Controls.Animation" CoveredStatements="0" TotalStatements="1" CoveragePercent="0">
          <Statement FileIndex="475" Line="70" Column="112" EndLine="70" EndColumn="207" Covered="False" />
        </Method>
        <Method Name="&lt;TextColorTo&gt;g__GetGreenTransformAnimation|0_2(Microsoft.Maui.Controls.Label,System.Single):Microsoft.Maui.Controls.Animation" CoveredStatements="0" TotalStatements="1" CoveragePercent="0">
          <Statement FileIndex="475" Line="69" Column="114" EndLine="69" EndColumn="212" Covered="False" />
        </Method>
        <Method Name="&lt;TextColorTo&gt;g__GetRedTransformAnimation|0_1(Microsoft.Maui.Controls.Label,System.Single):Microsoft.Maui.Controls.Animation" CoveredStatements="0" TotalStatements="1" CoveragePercent="0">
          <Statement FileIndex="475" Line="68" Column="110" EndLine="68" EndColumn="202" Covered="False" />
        </Method>
        <Method Name="TextColorTo(Microsoft.Maui.Controls.Label,Microsoft.Maui.Graphics.Color,System.UInt32,System.UInt32,Microsoft.Maui.Easing):System.Threading.Tasks.Task&lt;System.Boolean&gt;" CoveredStatements="0" TotalStatements="17" CoveragePercent="0">
          <Statement FileIndex="475" Line="24" Column="5" EndLine="24" EndColumn="6" Covered="False" />
          <Statement FileIndex="475" Line="25" Column="9" EndLine="25" EndColumn="52" Covered="False" />
          <Statement FileIndex="475" Line="26" Column="9" EndLine="26" EndColumn="50" Covered="False" />
          <Statement FileIndex="475" Line="27" Column="9" EndLine="27" EndColumn="54" Covered="False" />
          <Statement FileIndex="475" Line="28" Column="13" EndLine="28" EndColumn="121" Covered="False" />
          <Statement FileIndex="475" Line="31" Column="9" EndLine="31" EndColumn="50" Covered="False" />
          <Statement FileIndex="475" Line="32" Column="9" EndLine="32" EndColumn="74" Covered="False" />
          <Statement FileIndex="475" Line="34" Column="9" EndLine="34" EndColumn="10" Covered="False" />
          <Statement FileIndex="475" Line="35" Column="13" EndLine="57" EndColumn="127" Covered="False" />
          <Statement FileIndex="475" Line="58" Column="9" EndLine="58" EndColumn="10" Covered="False" />
          <Statement FileIndex="475" Line="59" Column="9" EndLine="59" EndColumn="38" Covered="False" />
          <Statement FileIndex="475" Line="60" Column="9" EndLine="60" EndColumn="10" Covered="False" />
          <Statement FileIndex="475" Line="63" Column="13" EndLine="63" EndColumn="148" Covered="False" />
          <Statement FileIndex="475" Line="64" Column="13" EndLine="64" EndColumn="56" Covered="False" />
          <Statement FileIndex="475" Line="65" Column="9" EndLine="65" EndColumn="10" Covered="False" />
          <Statement FileIndex="475" Line="67" Column="9" EndLine="67" EndColumn="47" Covered="False" />
          <Statement FileIndex="475" Line="72" Column="5" EndLine="72" EndColumn="6" Covered="False" />
        </Method>
      </Type>
      <Type Name="ColorAnimationExtensions_Picker" CoveredStatements="0" TotalStatements="26" CoveragePercent="0">
        <Type Name="&lt;&gt;c__DisplayClass0_0" CoveredStatements="0" TotalStatements="1" CoveragePercent="0">
          <Method Name="&lt;TextColorTo&gt;b__0(System.Double,System.Boolean):System.Void" CoveredStatements="0" TotalStatements="1" CoveragePercent="0">
            <Statement FileIndex="476" Line="57" Column="84" EndLine="57" EndColumn="125" Covered="False" />
          </Method>
        </Type>
        <Type Name="&lt;&gt;c__DisplayClass0_1" CoveredStatements="0" TotalStatements="1" CoveragePercent="0">
          <Method Name="&lt;TextColorTo&gt;b__5(System.Double):System.Void" CoveredStatements="0" TotalStatements="1" CoveragePercent="0">
            <Statement FileIndex="476" Line="68" Column="120" EndLine="68" EndColumn="168" Covered="False" />
          </Method>
        </Type>
        <Type Name="&lt;&gt;c__DisplayClass0_2" CoveredStatements="0" TotalStatements="1" CoveragePercent="0">
          <Method Name="&lt;TextColorTo&gt;b__6(System.Double):System.Void" CoveredStatements="0" TotalStatements="1" CoveragePercent="0">
            <Statement FileIndex="476" Line="69" Column="124" EndLine="69" EndColumn="174" Covered="False" />
          </Method>
        </Type>
        <Type Name="&lt;&gt;c__DisplayClass0_3" CoveredStatements="0" TotalStatements="1" CoveragePercent="0">
          <Method Name="&lt;TextColorTo&gt;b__7(System.Double):System.Void" CoveredStatements="0" TotalStatements="1" CoveragePercent="0">
            <Statement FileIndex="476" Line="70" Column="122" EndLine="70" EndColumn="171" Covered="False" />
          </Method>
        </Type>
        <Type Name="&lt;&gt;c__DisplayClass0_4" CoveredStatements="0" TotalStatements="1" CoveragePercent="0">
          <Method Name="&lt;TextColorTo&gt;b__8(System.Double):System.Void" CoveredStatements="0" TotalStatements="1" CoveragePercent="0">
            <Statement FileIndex="476" Line="71" Column="124" EndLine="71" EndColumn="181" Covered="False" />
          </Method>
        </Type>
        <Method Name="&lt;TextColorTo&gt;g__GetAlphaTransformAnimation|0_4(Microsoft.Maui.Controls.Picker,System.Single):Microsoft.Maui.Controls.Animation" CoveredStatements="0" TotalStatements="1" CoveragePercent="0">
          <Statement FileIndex="476" Line="71" Column="115" EndLine="71" EndColumn="220" Covered="False" />
        </Method>
        <Method Name="&lt;TextColorTo&gt;g__GetBlueTransformAnimation|0_3(Microsoft.Maui.Controls.Picker,System.Single):Microsoft.Maui.Controls.Animation" CoveredStatements="0" TotalStatements="1" CoveragePercent="0">
          <Statement FileIndex="476" Line="70" Column="113" EndLine="70" EndColumn="208" Covered="False" />
        </Method>
        <Method Name="&lt;TextColorTo&gt;g__GetGreenTransformAnimation|0_2(Microsoft.Maui.Controls.Picker,System.Single):Microsoft.Maui.Controls.Animation" CoveredStatements="0" TotalStatements="1" CoveragePercent="0">
          <Statement FileIndex="476" Line="69" Column="115" EndLine="69" EndColumn="213" Covered="False" />
        </Method>
        <Method Name="&lt;TextColorTo&gt;g__GetRedTransformAnimation|0_1(Microsoft.Maui.Controls.Picker,System.Single):Microsoft.Maui.Controls.Animation" CoveredStatements="0" TotalStatements="1" CoveragePercent="0">
          <Statement FileIndex="476" Line="68" Column="111" EndLine="68" EndColumn="203" Covered="False" />
        </Method>
        <Method Name="TextColorTo(Microsoft.Maui.Controls.Picker,Microsoft.Maui.Graphics.Color,System.UInt32,System.UInt32,Microsoft.Maui.Easing):System.Threading.Tasks.Task&lt;System.Boolean&gt;" CoveredStatements="0" TotalStatements="17" CoveragePercent="0">
          <Statement FileIndex="476" Line="24" Column="5" EndLine="24" EndColumn="6" Covered="False" />
          <Statement FileIndex="476" Line="25" Column="9" EndLine="25" EndColumn="52" Covered="False" />
          <Statement FileIndex="476" Line="26" Column="9" EndLine="26" EndColumn="50" Covered="False" />
          <Statement FileIndex="476" Line="27" Column="9" EndLine="27" EndColumn="54" Covered="False" />
          <Statement FileIndex="476" Line="28" Column="13" EndLine="28" EndColumn="121" Covered="False" />
          <Statement FileIndex="476" Line="31" Column="9" EndLine="31" EndColumn="50" Covered="False" />
          <Statement FileIndex="476" Line="32" Column="9" EndLine="32" EndColumn="74" Covered="False" />
          <Statement FileIndex="476" Line="34" Column="9" EndLine="34" EndColumn="10" Covered="False" />
          <Statement FileIndex="476" Line="35" Column="13" EndLine="57" EndColumn="127" Covered="False" />
          <Statement FileIndex="476" Line="58" Column="9" EndLine="58" EndColumn="10" Covered="False" />
          <Statement FileIndex="476" Line="59" Column="9" EndLine="59" EndColumn="38" Covered="False" />
          <Statement FileIndex="476" Line="60" Column="9" EndLine="60" EndColumn="10" Covered="False" />
          <Statement FileIndex="476" Line="63" Column="13" EndLine="63" EndColumn="149" Covered="False" />
          <Statement FileIndex="476" Line="64" Column="13" EndLine="64" EndColumn="56" Covered="False" />
          <Statement FileIndex="476" Line="65" Column="9" EndLine="65" EndColumn="10" Covered="False" />
          <Statement FileIndex="476" Line="67" Column="9" EndLine="67" EndColumn="47" Covered="False" />
          <Statement FileIndex="476" Line="72" Column="5" EndLine="72" EndColumn="6" Covered="False" />
        </Method>
      </Type>
      <Type Name="ColorAnimationExtensions_RadioButton" CoveredStatements="0" TotalStatements="26" CoveragePercent="0">
        <Type Name="&lt;&gt;c__DisplayClass0_0" CoveredStatements="0" TotalStatements="1" CoveragePercent="0">
          <Method Name="&lt;TextColorTo&gt;b__0(System.Double,System.Boolean):System.Void" CoveredStatements="0" TotalStatements="1" CoveragePercent="0">
            <Statement FileIndex="477" Line="57" Column="84" EndLine="57" EndColumn="125" Covered="False" />
          </Method>
        </Type>
        <Type Name="&lt;&gt;c__DisplayClass0_1" CoveredStatements="0" TotalStatements="1" CoveragePercent="0">
          <Method Name="&lt;TextColorTo&gt;b__5(System.Double):System.Void" CoveredStatements="0" TotalStatements="1" CoveragePercent="0">
            <Statement FileIndex="477" Line="68" Column="125" EndLine="68" EndColumn="173" Covered="False" />
          </Method>
        </Type>
        <Type Name="&lt;&gt;c__DisplayClass0_2" CoveredStatements="0" TotalStatements="1" CoveragePercent="0">
          <Method Name="&lt;TextColorTo&gt;b__6(System.Double):System.Void" CoveredStatements="0" TotalStatements="1" CoveragePercent="0">
            <Statement FileIndex="477" Line="69" Column="129" EndLine="69" EndColumn="179" Covered="False" />
          </Method>
        </Type>
        <Type Name="&lt;&gt;c__DisplayClass0_3" CoveredStatements="0" TotalStatements="1" CoveragePercent="0">
          <Method Name="&lt;TextColorTo&gt;b__7(System.Double):System.Void" CoveredStatements="0" TotalStatements="1" CoveragePercent="0">
            <Statement FileIndex="477" Line="70" Column="127" EndLine="70" EndColumn="176" Covered="False" />
          </Method>
        </Type>
        <Type Name="&lt;&gt;c__DisplayClass0_4" CoveredStatements="0" TotalStatements="1" CoveragePercent="0">
          <Method Name="&lt;TextColorTo&gt;b__8(System.Double):System.Void" CoveredStatements="0" TotalStatements="1" CoveragePercent="0">
            <Statement FileIndex="477" Line="71" Column="129" EndLine="71" EndColumn="186" Covered="False" />
          </Method>
        </Type>
        <Method Name="&lt;TextColorTo&gt;g__GetAlphaTransformAnimation|0_4(Microsoft.Maui.Controls.RadioButton,System.Single):Microsoft.Maui.Controls.Animation" CoveredStatements="0" TotalStatements="1" CoveragePercent="0">
          <Statement FileIndex="477" Line="71" Column="120" EndLine="71" EndColumn="225" Covered="False" />
        </Method>
        <Method Name="&lt;TextColorTo&gt;g__GetBlueTransformAnimation|0_3(Microsoft.Maui.Controls.RadioButton,System.Single):Microsoft.Maui.Controls.Animation" CoveredStatements="0" TotalStatements="1" CoveragePercent="0">
          <Statement FileIndex="477" Line="70" Column="118" EndLine="70" EndColumn="213" Covered="False" />
        </Method>
        <Method Name="&lt;TextColorTo&gt;g__GetGreenTransformAnimation|0_2(Microsoft.Maui.Controls.RadioButton,System.Single):Microsoft.Maui.Controls.Animation" CoveredStatements="0" TotalStatements="1" CoveragePercent="0">
          <Statement FileIndex="477" Line="69" Column="120" EndLine="69" EndColumn="218" Covered="False" />
        </Method>
        <Method Name="&lt;TextColorTo&gt;g__GetRedTransformAnimation|0_1(Microsoft.Maui.Controls.RadioButton,System.Single):Microsoft.Maui.Controls.Animation" CoveredStatements="0" TotalStatements="1" CoveragePercent="0">
          <Statement FileIndex="477" Line="68" Column="116" EndLine="68" EndColumn="208" Covered="False" />
        </Method>
        <Method Name="TextColorTo(Microsoft.Maui.Controls.RadioButton,Microsoft.Maui.Graphics.Color,System.UInt32,System.UInt32,Microsoft.Maui.Easing):System.Threading.Tasks.Task&lt;System.Boolean&gt;" CoveredStatements="0" TotalStatements="17" CoveragePercent="0">
          <Statement FileIndex="477" Line="24" Column="5" EndLine="24" EndColumn="6" Covered="False" />
          <Statement FileIndex="477" Line="25" Column="9" EndLine="25" EndColumn="52" Covered="False" />
          <Statement FileIndex="477" Line="26" Column="9" EndLine="26" EndColumn="50" Covered="False" />
          <Statement FileIndex="477" Line="27" Column="9" EndLine="27" EndColumn="54" Covered="False" />
          <Statement FileIndex="477" Line="28" Column="13" EndLine="28" EndColumn="121" Covered="False" />
          <Statement FileIndex="477" Line="31" Column="9" EndLine="31" EndColumn="50" Covered="False" />
          <Statement FileIndex="477" Line="32" Column="9" EndLine="32" EndColumn="74" Covered="False" />
          <Statement FileIndex="477" Line="34" Column="9" EndLine="34" EndColumn="10" Covered="False" />
          <Statement FileIndex="477" Line="35" Column="13" EndLine="57" EndColumn="127" Covered="False" />
          <Statement FileIndex="477" Line="58" Column="9" EndLine="58" EndColumn="10" Covered="False" />
          <Statement FileIndex="477" Line="59" Column="9" EndLine="59" EndColumn="38" Covered="False" />
          <Statement FileIndex="477" Line="60" Column="9" EndLine="60" EndColumn="10" Covered="False" />
          <Statement FileIndex="477" Line="63" Column="13" EndLine="63" EndColumn="154" Covered="False" />
          <Statement FileIndex="477" Line="64" Column="13" EndLine="64" EndColumn="56" Covered="False" />
          <Statement FileIndex="477" Line="65" Column="9" EndLine="65" EndColumn="10" Covered="False" />
          <Statement FileIndex="477" Line="67" Column="9" EndLine="67" EndColumn="47" Covered="False" />
          <Statement FileIndex="477" Line="72" Column="5" EndLine="72" EndColumn="6" Covered="False" />
        </Method>
      </Type>
      <Type Name="ColorAnimationExtensions_SearchBar" CoveredStatements="0" TotalStatements="26" CoveragePercent="0">
        <Type Name="&lt;&gt;c__DisplayClass0_0" CoveredStatements="0" TotalStatements="1" CoveragePercent="0">
          <Method Name="&lt;TextColorTo&gt;b__0(System.Double,System.Boolean):System.Void" CoveredStatements="0" TotalStatements="1" CoveragePercent="0">
            <Statement FileIndex="478" Line="57" Column="84" EndLine="57" EndColumn="125" Covered="False" />
          </Method>
        </Type>
        <Type Name="&lt;&gt;c__DisplayClass0_1" CoveredStatements="0" TotalStatements="1" CoveragePercent="0">
          <Method Name="&lt;TextColorTo&gt;b__5(System.Double):System.Void" CoveredStatements="0" TotalStatements="1" CoveragePercent="0">
            <Statement FileIndex="478" Line="68" Column="123" EndLine="68" EndColumn="171" Covered="False" />
          </Method>
        </Type>
        <Type Name="&lt;&gt;c__DisplayClass0_2" CoveredStatements="0" TotalStatements="1" CoveragePercent="0">
          <Method Name="&lt;TextColorTo&gt;b__6(System.Double):System.Void" CoveredStatements="0" TotalStatements="1" CoveragePercent="0">
            <Statement FileIndex="478" Line="69" Column="127" EndLine="69" EndColumn="177" Covered="False" />
          </Method>
        </Type>
        <Type Name="&lt;&gt;c__DisplayClass0_3" CoveredStatements="0" TotalStatements="1" CoveragePercent="0">
          <Method Name="&lt;TextColorTo&gt;b__7(System.Double):System.Void" CoveredStatements="0" TotalStatements="1" CoveragePercent="0">
            <Statement FileIndex="478" Line="70" Column="125" EndLine="70" EndColumn="174" Covered="False" />
          </Method>
        </Type>
        <Type Name="&lt;&gt;c__DisplayClass0_4" CoveredStatements="0" TotalStatements="1" CoveragePercent="0">
          <Method Name="&lt;TextColorTo&gt;b__8(System.Double):System.Void" CoveredStatements="0" TotalStatements="1" CoveragePercent="0">
            <Statement FileIndex="478" Line="71" Column="127" EndLine="71" EndColumn="184" Covered="False" />
          </Method>
        </Type>
        <Method Name="&lt;TextColorTo&gt;g__GetAlphaTransformAnimation|0_4(Microsoft.Maui.Controls.SearchBar,System.Single):Microsoft.Maui.Controls.Animation" CoveredStatements="0" TotalStatements="1" CoveragePercent="0">
          <Statement FileIndex="478" Line="71" Column="118" EndLine="71" EndColumn="223" Covered="False" />
        </Method>
        <Method Name="&lt;TextColorTo&gt;g__GetBlueTransformAnimation|0_3(Microsoft.Maui.Controls.SearchBar,System.Single):Microsoft.Maui.Controls.Animation" CoveredStatements="0" TotalStatements="1" CoveragePercent="0">
          <Statement FileIndex="478" Line="70" Column="116" EndLine="70" EndColumn="211" Covered="False" />
        </Method>
        <Method Name="&lt;TextColorTo&gt;g__GetGreenTransformAnimation|0_2(Microsoft.Maui.Controls.SearchBar,System.Single):Microsoft.Maui.Controls.Animation" CoveredStatements="0" TotalStatements="1" CoveragePercent="0">
          <Statement FileIndex="478" Line="69" Column="118" EndLine="69" EndColumn="216" Covered="False" />
        </Method>
        <Method Name="&lt;TextColorTo&gt;g__GetRedTransformAnimation|0_1(Microsoft.Maui.Controls.SearchBar,System.Single):Microsoft.Maui.Controls.Animation" CoveredStatements="0" TotalStatements="1" CoveragePercent="0">
          <Statement FileIndex="478" Line="68" Column="114" EndLine="68" EndColumn="206" Covered="False" />
        </Method>
        <Method Name="TextColorTo(Microsoft.Maui.Controls.SearchBar,Microsoft.Maui.Graphics.Color,System.UInt32,System.UInt32,Microsoft.Maui.Easing):System.Threading.Tasks.Task&lt;System.Boolean&gt;" CoveredStatements="0" TotalStatements="17" CoveragePercent="0">
          <Statement FileIndex="478" Line="24" Column="5" EndLine="24" EndColumn="6" Covered="False" />
          <Statement FileIndex="478" Line="25" Column="9" EndLine="25" EndColumn="52" Covered="False" />
          <Statement FileIndex="478" Line="26" Column="9" EndLine="26" EndColumn="50" Covered="False" />
          <Statement FileIndex="478" Line="27" Column="9" EndLine="27" EndColumn="54" Covered="False" />
          <Statement FileIndex="478" Line="28" Column="13" EndLine="28" EndColumn="121" Covered="False" />
          <Statement FileIndex="478" Line="31" Column="9" EndLine="31" EndColumn="50" Covered="False" />
          <Statement FileIndex="478" Line="32" Column="9" EndLine="32" EndColumn="74" Covered="False" />
          <Statement FileIndex="478" Line="34" Column="9" EndLine="34" EndColumn="10" Covered="False" />
          <Statement FileIndex="478" Line="35" Column="13" EndLine="57" EndColumn="127" Covered="False" />
          <Statement FileIndex="478" Line="58" Column="9" EndLine="58" EndColumn="10" Covered="False" />
          <Statement FileIndex="478" Line="59" Column="9" EndLine="59" EndColumn="38" Covered="False" />
          <Statement FileIndex="478" Line="60" Column="9" EndLine="60" EndColumn="10" Covered="False" />
          <Statement FileIndex="478" Line="63" Column="13" EndLine="63" EndColumn="152" Covered="False" />
          <Statement FileIndex="478" Line="64" Column="13" EndLine="64" EndColumn="56" Covered="False" />
          <Statement FileIndex="478" Line="65" Column="9" EndLine="65" EndColumn="10" Covered="False" />
          <Statement FileIndex="478" Line="67" Column="9" EndLine="67" EndColumn="47" Covered="False" />
          <Statement FileIndex="478" Line="72" Column="5" EndLine="72" EndColumn="6" Covered="False" />
        </Method>
      </Type>
      <Type Name="ColorAnimationExtensions_TimePicker" CoveredStatements="0" TotalStatements="26" CoveragePercent="0">
        <Type Name="&lt;&gt;c__DisplayClass0_0" CoveredStatements="0" TotalStatements="1" CoveragePercent="0">
          <Method Name="&lt;TextColorTo&gt;b__0(System.Double,System.Boolean):System.Void" CoveredStatements="0" TotalStatements="1" CoveragePercent="0">
            <Statement FileIndex="479" Line="57" Column="84" EndLine="57" EndColumn="125" Covered="False" />
          </Method>
        </Type>
        <Type Name="&lt;&gt;c__DisplayClass0_1" CoveredStatements="0" TotalStatements="1" CoveragePercent="0">
          <Method Name="&lt;TextColorTo&gt;b__5(System.Double):System.Void" CoveredStatements="0" TotalStatements="1" CoveragePercent="0">
            <Statement FileIndex="479" Line="68" Column="124" EndLine="68" EndColumn="172" Covered="False" />
          </Method>
        </Type>
        <Type Name="&lt;&gt;c__DisplayClass0_2" CoveredStatements="0" TotalStatements="1" CoveragePercent="0">
          <Method Name="&lt;TextColorTo&gt;b__6(System.Double):System.Void" CoveredStatements="0" TotalStatements="1" CoveragePercent="0">
            <Statement FileIndex="479" Line="69" Column="128" EndLine="69" EndColumn="178" Covered="False" />
          </Method>
        </Type>
        <Type Name="&lt;&gt;c__DisplayClass0_3" CoveredStatements="0" TotalStatements="1" CoveragePercent="0">
          <Method Name="&lt;TextColorTo&gt;b__7(System.Double):System.Void" CoveredStatements="0" TotalStatements="1" CoveragePercent="0">
            <Statement FileIndex="479" Line="70" Column="126" EndLine="70" EndColumn="175" Covered="False" />
          </Method>
        </Type>
        <Type Name="&lt;&gt;c__DisplayClass0_4" CoveredStatements="0" TotalStatements="1" CoveragePercent="0">
          <Method Name="&lt;TextColorTo&gt;b__8(System.Double):System.Void" CoveredStatements="0" TotalStatements="1" CoveragePercent="0">
            <Statement FileIndex="479" Line="71" Column="128" EndLine="71" EndColumn="185" Covered="False" />
          </Method>
        </Type>
        <Method Name="&lt;TextColorTo&gt;g__GetAlphaTransformAnimation|0_4(Microsoft.Maui.Controls.TimePicker,System.Single):Microsoft.Maui.Controls.Animation" CoveredStatements="0" TotalStatements="1" CoveragePercent="0">
          <Statement FileIndex="479" Line="71" Column="119" EndLine="71" EndColumn="224" Covered="False" />
        </Method>
        <Method Name="&lt;TextColorTo&gt;g__GetBlueTransformAnimation|0_3(Microsoft.Maui.Controls.TimePicker,System.Single):Microsoft.Maui.Controls.Animation" CoveredStatements="0" TotalStatements="1" CoveragePercent="0">
          <Statement FileIndex="479" Line="70" Column="117" EndLine="70" EndColumn="212" Covered="False" />
        </Method>
        <Method Name="&lt;TextColorTo&gt;g__GetGreenTransformAnimation|0_2(Microsoft.Maui.Controls.TimePicker,System.Single):Microsoft.Maui.Controls.Animation" CoveredStatements="0" TotalStatements="1" CoveragePercent="0">
          <Statement FileIndex="479" Line="69" Column="119" EndLine="69" EndColumn="217" Covered="False" />
        </Method>
        <Method Name="&lt;TextColorTo&gt;g__GetRedTransformAnimation|0_1(Microsoft.Maui.Controls.TimePicker,System.Single):Microsoft.Maui.Controls.Animation" CoveredStatements="0" TotalStatements="1" CoveragePercent="0">
          <Statement FileIndex="479" Line="68" Column="115" EndLine="68" EndColumn="207" Covered="False" />
        </Method>
        <Method Name="TextColorTo(Microsoft.Maui.Controls.TimePicker,Microsoft.Maui.Graphics.Color,System.UInt32,System.UInt32,Microsoft.Maui.Easing):System.Threading.Tasks.Task&lt;System.Boolean&gt;" CoveredStatements="0" TotalStatements="17" CoveragePercent="0">
          <Statement FileIndex="479" Line="24" Column="5" EndLine="24" EndColumn="6" Covered="False" />
          <Statement FileIndex="479" Line="25" Column="9" EndLine="25" EndColumn="52" Covered="False" />
          <Statement FileIndex="479" Line="26" Column="9" EndLine="26" EndColumn="50" Covered="False" />
          <Statement FileIndex="479" Line="27" Column="9" EndLine="27" EndColumn="54" Covered="False" />
          <Statement FileIndex="479" Line="28" Column="13" EndLine="28" EndColumn="121" Covered="False" />
          <Statement FileIndex="479" Line="31" Column="9" EndLine="31" EndColumn="50" Covered="False" />
          <Statement FileIndex="479" Line="32" Column="9" EndLine="32" EndColumn="74" Covered="False" />
          <Statement FileIndex="479" Line="34" Column="9" EndLine="34" EndColumn="10" Covered="False" />
          <Statement FileIndex="479" Line="35" Column="13" EndLine="57" EndColumn="127" Covered="False" />
          <Statement FileIndex="479" Line="58" Column="9" EndLine="58" EndColumn="10" Covered="False" />
          <Statement FileIndex="479" Line="59" Column="9" EndLine="59" EndColumn="38" Covered="False" />
          <Statement FileIndex="479" Line="60" Column="9" EndLine="60" EndColumn="10" Covered="False" />
          <Statement FileIndex="479" Line="63" Column="13" EndLine="63" EndColumn="153" Covered="False" />
          <Statement FileIndex="479" Line="64" Column="13" EndLine="64" EndColumn="56" Covered="False" />
          <Statement FileIndex="479" Line="65" Column="9" EndLine="65" EndColumn="10" Covered="False" />
          <Statement FileIndex="479" Line="67" Column="9" EndLine="67" EndColumn="47" Covered="False" />
          <Statement FileIndex="479" Line="72" Column="5" EndLine="72" EndColumn="6" Covered="False" />
        </Method>
      </Type>
    </Namespace>
  </Assembly>
  <Assembly Name="CoffeeSpace.Client" CoveredStatements="0" TotalStatements="741" CoveragePercent="0">
    <Namespace Name="CoffeeSpace" CoveredStatements="0" TotalStatements="2" CoveragePercent="0">
      <Type Name="AppDelegate" CoveredStatements="0" TotalStatements="1" CoveragePercent="0">
        <Method Name="CreateMauiApp():Microsoft.Maui.Hosting.MauiApp" CoveredStatements="0" TotalStatements="1" CoveragePercent="0">
          <Statement FileIndex="432" Line="9" Column="51" EndLine="9" EndColumn="78" Covered="False" />
        </Method>
      </Type>
      <Type Name="Program" CoveredStatements="0" TotalStatements="1" CoveragePercent="0">
        <Method Name="Main(System.String[]):System.Void" CoveredStatements="0" TotalStatements="1" CoveragePercent="0">
          <Statement FileIndex="433" Line="11" Column="9" EndLine="11" EndColumn="60" Covered="False" />
        </Method>
      </Type>
    </Namespace>
    <Namespace Name="CoffeeSpace.Client" CoveredStatements="0" TotalStatements="31" CoveragePercent="0">
      <Type Name="App" CoveredStatements="0" TotalStatements="5" CoveragePercent="0">
        <Method Name=".ctor():System.Void" CoveredStatements="0" TotalStatements="5" CoveragePercent="0">
          <Statement FileIndex="399" Line="8" Column="5" EndLine="8" EndColumn="17" Covered="False" />
          <Statement FileIndex="399" Line="9" Column="5" EndLine="9" EndColumn="6" Covered="False" />
          <Statement FileIndex="399" Line="10" Column="9" EndLine="10" EndColumn="31" Covered="False" />
          <Statement FileIndex="399" Line="12" Column="9" EndLine="12" EndColumn="35" Covered="False" />
          <Statement FileIndex="399" Line="13" Column="5" EndLine="13" EndColumn="6" Covered="False" />
        </Method>
      </Type>
      <Type Name="AppShell" CoveredStatements="0" TotalStatements="8" CoveragePercent="0">
        <Method Name=".ctor():System.Void" CoveredStatements="0" TotalStatements="8" CoveragePercent="0">
          <Statement FileIndex="400" Line="7" Column="5" EndLine="7" EndColumn="22" Covered="False" />
          <Statement FileIndex="400" Line="8" Column="5" EndLine="8" EndColumn="6" Covered="False" />
          <Statement FileIndex="400" Line="9" Column="9" EndLine="9" EndColumn="31" Covered="False" />
          <Statement FileIndex="400" Line="11" Column="9" EndLine="11" EndColumn="67" Covered="False" />
          <Statement FileIndex="400" Line="12" Column="9" EndLine="12" EndColumn="91" Covered="False" />
          <Statement FileIndex="400" Line="13" Column="9" EndLine="13" EndColumn="75" Covered="False" />
          <Statement FileIndex="400" Line="14" Column="9" EndLine="14" EndColumn="69" Covered="False" />
          <Statement FileIndex="400" Line="15" Column="5" EndLine="15" EndColumn="6" Covered="False" />
        </Method>
      </Type>
      <Type Name="MauiProgram" CoveredStatements="0" TotalStatements="18" CoveragePercent="0">
        <Type Name="&lt;&gt;c" CoveredStatements="0" TotalStatements="4" CoveragePercent="0">
          <Method Name="&lt;CreateMauiApp&gt;b__0_0(Microsoft.Maui.Hosting.IFontCollection):System.Void" CoveredStatements="0" TotalStatements="4" CoveragePercent="0">
            <Statement FileIndex="413" Line="21" Column="13" EndLine="21" EndColumn="14" Covered="False" />
            <Statement FileIndex="413" Line="22" Column="17" EndLine="22" EndColumn="74" Covered="False" />
            <Statement FileIndex="413" Line="23" Column="17" EndLine="23" EndColumn="76" Covered="False" />
            <Statement FileIndex="413" Line="24" Column="13" EndLine="24" EndColumn="14" Covered="False" />
          </Method>
        </Type>
        <Method Name="CreateMauiApp():Microsoft.Maui.Hosting.MauiApp" CoveredStatements="0" TotalStatements="14" CoveragePercent="0">
          <Statement FileIndex="413" Line="15" Column="5" EndLine="15" EndColumn="6" Covered="False" />
          <Statement FileIndex="413" Line="16" Column="9" EndLine="16" EndColumn="47" Covered="False" />
          <Statement FileIndex="413" Line="17" Column="9" EndLine="25" EndColumn="38" Covered="False" />
          <Statement FileIndex="413" Line="27" Column="9" EndLine="27" EndColumn="59" Covered="False" />
          <Statement FileIndex="413" Line="28" Column="9" EndLine="28" EndColumn="64" Covered="False" />
          <Statement FileIndex="413" Line="30" Column="9" EndLine="30" EndColumn="64" Covered="False" />
          <Statement FileIndex="413" Line="31" Column="9" EndLine="31" EndColumn="98" Covered="False" />
          <Statement FileIndex="413" Line="33" Column="9" EndLine="33" EndColumn="40" Covered="False" />
          <Statement FileIndex="413" Line="34" Column="9" EndLine="34" EndColumn="76" Covered="False" />
          <Statement FileIndex="413" Line="35" Column="9" EndLine="35" EndColumn="76" Covered="False" />
          <Statement FileIndex="413" Line="37" Column="9" EndLine="41" EndColumn="49" Covered="False" />
          <Statement FileIndex="413" Line="44" Column="9" EndLine="44" EndColumn="36" Covered="False" />
          <Statement FileIndex="413" Line="46" Column="9" EndLine="46" EndColumn="32" Covered="False" />
          <Statement FileIndex="413" Line="47" Column="5" EndLine="47" EndColumn="6" Covered="False" />
        </Method>
      </Type>
    </Namespace>
    <Namespace Name="CoffeeSpace.Client._ViewModels" CoveredStatements="0" TotalStatements="116" CoveragePercent="0">
      <Type Name="CartViewModel" CoveredStatements="0" TotalStatements="19" CoveragePercent="0">
        <Type Name="&lt;&gt;c__DisplayClass3_0" CoveredStatements="0" TotalStatements="1" CoveragePercent="0">
          <Method Name="&lt;AddOrderItemIntoCart&gt;b__0(CoffeeSpace.Client.Models.Ordering.OrderItem):System.Boolean" CoveredStatements="0" TotalStatements="1" CoveragePercent="0">
            <Statement FileIndex="449" Line="28" Column="64" EndLine="28" EndColumn="144" Covered="False" />
          </Method>
        </Type>
        <Type Name="&lt;ConfirmOrdersStock&gt;d__4" CoveredStatements="0" TotalStatements="5" CoveragePercent="0">
          <Method Name="MoveNext():System.Void" CoveredStatements="0" TotalStatements="5" CoveragePercent="0">
            <Statement FileIndex="449" Line="40" Column="5" EndLine="40" EndColumn="6" Covered="False" />
            <Statement FileIndex="449" Line="41" Column="9" EndLine="44" EndColumn="31" Covered="False" />
            <Statement FileIndex="449" Line="46" Column="9" EndLine="46" EndColumn="28" Covered="False" />
            <Statement FileIndex="449" Line="47" Column="9" EndLine="47" EndColumn="69" Covered="False" />
            <Statement FileIndex="449" Line="48" Column="5" EndLine="48" EndColumn="6" Covered="False" />
          </Method>
        </Type>
        <Method Name=".ctor(Mediator.ISender):System.Void" CoveredStatements="0" TotalStatements="5" CoveragePercent="0">
          <Statement FileIndex="449" Line="19" Column="5" EndLine="19" EndColumn="41" Covered="False" />
          <Statement FileIndex="449" Line="20" Column="5" EndLine="20" EndColumn="6" Covered="False" />
          <Statement FileIndex="449" Line="21" Column="9" EndLine="21" EndColumn="26" Covered="False" />
          <Statement FileIndex="449" Line="22" Column="9" EndLine="22" EndColumn="61" Covered="False" />
          <Statement FileIndex="449" Line="23" Column="5" EndLine="23" EndColumn="6" Covered="False" />
        </Method>
        <Method Name="AddOrderItemIntoCart(CoffeeSpace.Client.Models.Ordering.OrderItem):System.Void" CoveredStatements="0" TotalStatements="8" CoveragePercent="0">
          <Statement FileIndex="449" Line="27" Column="5" EndLine="27" EndColumn="6" Covered="False" />
          <Statement FileIndex="449" Line="28" Column="9" EndLine="28" EndColumn="146" Covered="False" />
          <Statement FileIndex="449" Line="29" Column="9" EndLine="29" EndColumn="61" Covered="False" />
          <Statement FileIndex="449" Line="30" Column="9" EndLine="30" EndColumn="10" Covered="False" />
          <Statement FileIndex="449" Line="31" Column="13" EndLine="31" EndColumn="44" Covered="False" />
          <Statement FileIndex="449" Line="32" Column="13" EndLine="32" EndColumn="20" Covered="False" />
          <Statement FileIndex="449" Line="35" Column="9" EndLine="35" EndColumn="55" Covered="False" />
          <Statement FileIndex="449" Line="36" Column="5" EndLine="36" EndColumn="6" Covered="False" />
        </Method>
      </Type>
      <Type Name="LoginViewModel" CoveredStatements="0" TotalStatements="17" CoveragePercent="0">
        <Type Name="&lt;AuthenticateAsync&gt;d__3" CoveredStatements="0" TotalStatements="9" CoveragePercent="0">
          <Method Name="MoveNext():System.Void" CoveredStatements="0" TotalStatements="9" CoveragePercent="0">
            <Statement FileIndex="450" Line="24" Column="5" EndLine="24" EndColumn="6" Covered="False" />
            <Statement FileIndex="450" Line="25" Column="9" EndLine="25" EndColumn="89" Covered="False" />
            <Statement FileIndex="450" Line="26" Column="9" EndLine="26" EndColumn="32" Covered="False" />
            <Statement FileIndex="450" Line="27" Column="9" EndLine="27" EndColumn="10" Covered="False" />
            <Statement FileIndex="450" Line="28" Column="13" EndLine="28" EndColumn="125" Covered="False" />
            <Statement FileIndex="450" Line="28" Column="126" EndLine="28" EndColumn="127" Covered="False" />
            <Statement FileIndex="450" Line="29" Column="13" EndLine="29" EndColumn="20" Covered="False" />
            <Statement FileIndex="450" Line="32" Column="9" EndLine="32" EndColumn="57" Covered="False" />
            <Statement FileIndex="450" Line="33" Column="5" EndLine="33" EndColumn="6" Covered="False" />
          </Method>
        </Type>
        <Type Name="&lt;GoToRegisterFormAsync&gt;d__4" CoveredStatements="0" TotalStatements="3" CoveragePercent="0">
          <Method Name="MoveNext():System.Void" CoveredStatements="0" TotalStatements="3" CoveragePercent="0">
            <Statement FileIndex="450" Line="37" Column="5" EndLine="37" EndColumn="6" Covered="False" />
            <Statement FileIndex="450" Line="38" Column="9" EndLine="38" EndColumn="61" Covered="False" />
            <Statement FileIndex="450" Line="39" Column="5" EndLine="39" EndColumn="6" Covered="False" />
          </Method>
        </Type>
        <Method Name=".ctor(CoffeeSpace.Client.Services.Abstractions.IAuthService):System.Void" CoveredStatements="0" TotalStatements="5" CoveragePercent="0">
          <Statement FileIndex="450" Line="16" Column="5" EndLine="16" EndColumn="52" Covered="False" />
          <Statement FileIndex="450" Line="17" Column="5" EndLine="17" EndColumn="6" Covered="False" />
          <Statement FileIndex="450" Line="18" Column="9" EndLine="18" EndColumn="36" Covered="False" />
          <Statement FileIndex="450" Line="19" Column="9" EndLine="19" EndColumn="44" Covered="False" />
          <Statement FileIndex="450" Line="20" Column="5" EndLine="20" EndColumn="6" Covered="False" />
        </Method>
      </Type>
      <Type Name="MainViewModel" CoveredStatements="0" TotalStatements="8" CoveragePercent="0">
        <Type Name="&lt;AddToCart&gt;d__3" CoveredStatements="0" TotalStatements="3" CoveragePercent="0">
          <Method Name="MoveNext():System.Void" CoveredStatements="0" TotalStatements="3" CoveragePercent="0">
            <Statement FileIndex="451" Line="25" Column="5" EndLine="25" EndColumn="6" Covered="False" />
            <Statement FileIndex="451" Line="26" Column="9" EndLine="29" EndColumn="31" Covered="False" />
            <Statement FileIndex="451" Line="30" Column="5" EndLine="30" EndColumn="6" Covered="False" />
          </Method>
        </Type>
        <Method Name=".ctor(Mediator.ISender):System.Void" CoveredStatements="0" TotalStatements="5" CoveragePercent="0">
          <Statement FileIndex="451" Line="17" Column="5" EndLine="17" EndColumn="41" Covered="False" />
          <Statement FileIndex="451" Line="18" Column="5" EndLine="18" EndColumn="6" Covered="False" />
          <Statement FileIndex="451" Line="19" Column="9" EndLine="19" EndColumn="26" Covered="False" />
          <Statement FileIndex="451" Line="20" Column="9" EndLine="20" EndColumn="57" Covered="False" />
          <Statement FileIndex="451" Line="21" Column="5" EndLine="21" EndColumn="6" Covered="False" />
        </Method>
      </Type>
      <Type Name="OrderInformationViewModel" CoveredStatements="0" TotalStatements="23" CoveragePercent="0">
        <Type Name="&lt;CreateOrderAsync&gt;d__9" CoveredStatements="0" TotalStatements="9" CoveragePercent="0">
          <Method Name="MoveNext():System.Void" CoveredStatements="0" TotalStatements="9" CoveragePercent="0">
            <Statement FileIndex="452" Line="42" Column="5" EndLine="42" EndColumn="6" Covered="False" />
            <Statement FileIndex="452" Line="43" Column="9" EndLine="43" EndColumn="67" Covered="False" />
            <Statement FileIndex="452" Line="44" Column="9" EndLine="53" EndColumn="31" Covered="False" />
            <Statement FileIndex="452" Line="55" Column="9" EndLine="55" EndColumn="21" Covered="False" />
            <Statement FileIndex="452" Line="56" Column="9" EndLine="56" EndColumn="10" Covered="False" />
            <Statement FileIndex="452" Line="57" Column="13" EndLine="57" EndColumn="128" Covered="False" />
            <Statement FileIndex="452" Line="58" Column="13" EndLine="58" EndColumn="20" Covered="False" />
            <Statement FileIndex="452" Line="61" Column="9" EndLine="61" EndColumn="57" Covered="False" />
            <Statement FileIndex="452" Line="62" Column="5" EndLine="62" EndColumn="6" Covered="False" />
          </Method>
        </Type>
        <Type Name="&lt;SendToPaymentPageAsync&gt;d__10" CoveredStatements="0" TotalStatements="2" CoveragePercent="0">
          <Method Name="MoveNext():System.Void" CoveredStatements="0" TotalStatements="2" CoveragePercent="0">
            <Statement FileIndex="452" Line="66" Column="5" EndLine="66" EndColumn="6" Covered="False" />
            <Statement FileIndex="452" Line="68" Column="5" EndLine="68" EndColumn="6" Covered="False" />
          </Method>
        </Type>
        <Method Name=".ctor(Mediator.ISender,CoffeeSpace.Client.Services.Abstractions.IHubConnectionService):System.Void" CoveredStatements="0" TotalStatements="6" CoveragePercent="0">
          <Statement FileIndex="452" Line="27" Column="5" EndLine="27" EndColumn="97" Covered="False" />
          <Statement FileIndex="452" Line="28" Column="5" EndLine="28" EndColumn="6" Covered="False" />
          <Statement FileIndex="452" Line="29" Column="9" EndLine="29" EndColumn="26" Covered="False" />
          <Statement FileIndex="452" Line="31" Column="9" EndLine="31" EndColumn="46" Covered="False" />
          <Statement FileIndex="452" Line="33" Column="9" EndLine="37" EndColumn="12" Covered="False" />
          <Statement FileIndex="452" Line="38" Column="5" EndLine="38" EndColumn="6" Covered="False" />
        </Method>
        <Method Name="&lt;.ctor&gt;b__8_0(System.String):System.Void" CoveredStatements="0" TotalStatements="4" CoveragePercent="0">
          <Statement FileIndex="452" Line="34" Column="9" EndLine="34" EndColumn="10" Covered="False" />
          <Statement FileIndex="452" Line="35" Column="13" EndLine="35" EndColumn="44" Covered="False" />
          <Statement FileIndex="452" Line="36" Column="13" EndLine="36" EndColumn="48" Covered="False" />
          <Statement FileIndex="452" Line="37" Column="9" EndLine="37" EndColumn="10" Covered="False" />
        </Method>
        <Method Name="get_ApprovalLink():System.String" CoveredStatements="0" TotalStatements="1" CoveragePercent="0">
          <Statement FileIndex="452" Line="25" Column="34" EndLine="25" EndColumn="38" Covered="False" />
        </Method>
        <Method Name="set_ApprovalLink(System.String):System.Void" CoveredStatements="0" TotalStatements="1" CoveragePercent="0">
          <Statement FileIndex="452" Line="25" Column="39" EndLine="25" EndColumn="51" Covered="False" />
        </Method>
      </Type>
      <Type Name="OrderViewModel" CoveredStatements="0" TotalStatements="33" CoveragePercent="0">
        <Type Name="&lt;&gt;c__DisplayClass1_0" CoveredStatements="0" TotalStatements="1" CoveragePercent="0">
          <Method Name="&lt;.ctor&gt;b__2(CoffeeSpace.Client.Models.Ordering.Order):System.Boolean" CoveredStatements="0" TotalStatements="1" CoveragePercent="0">
            <Statement FileIndex="453" Line="20" Column="46" EndLine="20" EndColumn="62" Covered="False" />
          </Method>
        </Type>
        <Type Name="&lt;&gt;c__DisplayClass1_1" CoveredStatements="0" TotalStatements="8" CoveragePercent="0">
          <Method Name="&lt;.ctor&gt;b__3(CoffeeSpace.Client.Models.Ordering.Order):System.Boolean" CoveredStatements="0" TotalStatements="1" CoveragePercent="0">
            <Statement FileIndex="453" Line="31" Column="64" EndLine="31" EndColumn="83" Covered="False" />
          </Method>
          <Method Name="&lt;.ctor&gt;b__4():System.Void" CoveredStatements="0" TotalStatements="7" CoveragePercent="0">
            <Statement FileIndex="453" Line="40" Column="17" EndLine="40" EndColumn="18" Covered="False" />
            <Statement FileIndex="453" Line="42" Column="21" EndLine="42" EndColumn="22" Covered="False" />
            <Statement FileIndex="453" Line="43" Column="25" EndLine="43" EndColumn="89" Covered="False" />
            <Statement FileIndex="453" Line="44" Column="25" EndLine="44" EndColumn="63" Covered="False" />
            <Statement FileIndex="453" Line="46" Column="21" EndLine="46" EndColumn="22" Covered="False" />
            <Statement FileIndex="453" Line="46" Column="23" EndLine="46" EndColumn="85" Covered="False" />
            <Statement FileIndex="453" Line="47" Column="17" EndLine="47" EndColumn="18" Covered="False" />
          </Method>
        </Type>
        <Method Name=".ctor(CoffeeSpace.Client._ViewModels.ProfileViewModel,CoffeeSpace.Client.Services.Abstractions.IHubConnectionService):System.Void" CoveredStatements="0" TotalStatements="6" CoveragePercent="0">
          <Statement FileIndex="453" Line="14" Column="5" EndLine="14" EndColumn="105" Covered="False" />
          <Statement FileIndex="453" Line="15" Column="5" EndLine="15" EndColumn="6" Covered="False" />
          <Statement FileIndex="453" Line="16" Column="9" EndLine="16" EndColumn="74" Covered="False" />
          <Statement FileIndex="453" Line="18" Column="9" EndLine="27" EndColumn="12" Covered="False" />
          <Statement FileIndex="453" Line="29" Column="9" EndLine="51" EndColumn="12" Covered="False" />
          <Statement FileIndex="453" Line="52" Column="5" EndLine="52" EndColumn="6" Covered="False" />
        </Method>
        <Method Name="&lt;.ctor&gt;b__1_0(CoffeeSpace.Client.Models.Ordering.Order):System.Void" CoveredStatements="0" TotalStatements="7" CoveragePercent="0">
          <Statement FileIndex="453" Line="19" Column="9" EndLine="19" EndColumn="10" Covered="False" />
          <Statement FileIndex="453" Line="20" Column="13" EndLine="20" EndColumn="64" Covered="False" />
          <Statement FileIndex="453" Line="21" Column="13" EndLine="21" EndColumn="26" Covered="False" />
          <Statement FileIndex="453" Line="22" Column="13" EndLine="22" EndColumn="14" Covered="False" />
          <Statement FileIndex="453" Line="23" Column="17" EndLine="23" EndColumn="24" Covered="False" />
          <Statement FileIndex="453" Line="26" Column="13" EndLine="26" EndColumn="31" Covered="False" />
          <Statement FileIndex="453" Line="27" Column="9" EndLine="27" EndColumn="10" Covered="False" />
        </Method>
        <Method Name="&lt;.ctor&gt;b__1_1(CoffeeSpace.Client.Models.Ordering.OrderStatus,System.String):System.Void" CoveredStatements="0" TotalStatements="11" CoveragePercent="0">
          <Statement FileIndex="453" Line="30" Column="9" EndLine="30" EndColumn="10" Covered="False" />
          <Statement FileIndex="453" Line="31" Column="13" EndLine="31" EndColumn="85" Covered="False" />
          <Statement FileIndex="453" Line="32" Column="13" EndLine="32" EndColumn="39" Covered="False" />
          <Statement FileIndex="453" Line="33" Column="13" EndLine="33" EndColumn="14" Covered="False" />
          <Statement FileIndex="453" Line="34" Column="17" EndLine="34" EndColumn="24" Covered="False" />
          <Statement FileIndex="453" Line="37" Column="13" EndLine="37" EndColumn="62" Covered="False" />
          <Statement FileIndex="453" Line="38" Column="13" EndLine="38" EndColumn="14" Covered="False" />
          <Statement FileIndex="453" Line="39" Column="17" EndLine="47" EndColumn="20" Covered="False" />
          <Statement FileIndex="453" Line="48" Column="13" EndLine="48" EndColumn="14" Covered="False" />
          <Statement FileIndex="453" Line="50" Column="13" EndLine="50" EndColumn="51" Covered="False" />
          <Statement FileIndex="453" Line="51" Column="9" EndLine="51" EndColumn="10" Covered="False" />
        </Method>
      </Type>
      <Type Name="RegisterViewModel" CoveredStatements="0" TotalStatements="16" CoveragePercent="0">
        <Type Name="&lt;GoToLoginFormAsync&gt;d__4" CoveredStatements="0" TotalStatements="3" CoveragePercent="0">
          <Method Name="MoveNext():System.Void" CoveredStatements="0" TotalStatements="3" CoveragePercent="0">
            <Statement FileIndex="455" Line="37" Column="5" EndLine="37" EndColumn="6" Covered="False" />
            <Statement FileIndex="455" Line="38" Column="9" EndLine="38" EndColumn="58" Covered="False" />
            <Statement FileIndex="455" Line="39" Column="5" EndLine="39" EndColumn="6" Covered="False" />
          </Method>
        </Type>
        <Type Name="&lt;RegisterAsync&gt;d__3" CoveredStatements="0" TotalStatements="8" CoveragePercent="0">
          <Method Name="MoveNext():System.Void" CoveredStatements="0" TotalStatements="8" CoveragePercent="0">
            <Statement FileIndex="455" Line="24" Column="5" EndLine="24" EndColumn="6" Covered="False" />
            <Statement FileIndex="455" Line="25" Column="9" EndLine="25" EndColumn="95" Covered="False" />
            <Statement FileIndex="455" Line="26" Column="9" EndLine="26" EndColumn="32" Covered="False" />
            <Statement FileIndex="455" Line="27" Column="9" EndLine="27" EndColumn="10" Covered="False" />
            <Statement FileIndex="455" Line="28" Column="13" EndLine="28" EndColumn="125" Covered="False" />
            <Statement FileIndex="455" Line="29" Column="13" EndLine="29" EndColumn="20" Covered="False" />
            <Statement FileIndex="455" Line="32" Column="9" EndLine="32" EndColumn="57" Covered="False" />
            <Statement FileIndex="455" Line="33" Column="5" EndLine="33" EndColumn="6" Covered="False" />
          </Method>
        </Type>
        <Method Name=".ctor(CoffeeSpace.Client.Services.Abstractions.IAuthService):System.Void" CoveredStatements="0" TotalStatements="5" CoveragePercent="0">
          <Statement FileIndex="455" Line="16" Column="5" EndLine="16" EndColumn="55" Covered="False" />
          <Statement FileIndex="455" Line="17" Column="5" EndLine="17" EndColumn="6" Covered="False" />
          <Statement FileIndex="455" Line="18" Column="9" EndLine="18" EndColumn="49" Covered="False" />
          <Statement FileIndex="455" Line="19" Column="9" EndLine="19" EndColumn="36" Covered="False" />
          <Statement FileIndex="455" Line="20" Column="5" EndLine="20" EndColumn="6" Covered="False" />
        </Method>
      </Type>
    </Namespace>
    <Namespace Name="CoffeeSpace.Client.Contracts.Authentication" CoveredStatements="0" TotalStatements="14" CoveragePercent="0">
      <Type Name="LoginRequest" CoveredStatements="0" TotalStatements="4" CoveragePercent="0">
        <Method Name="get_Password():System.String" CoveredStatements="0" TotalStatements="1" CoveragePercent="0">
          <Statement FileIndex="401" Line="7" Column="30" EndLine="7" EndColumn="34" Covered="False" />
        </Method>
        <Method Name="get_Username():System.String" CoveredStatements="0" TotalStatements="1" CoveragePercent="0">
          <Statement FileIndex="401" Line="5" Column="30" EndLine="5" EndColumn="34" Covered="False" />
        </Method>
        <Method Name="set_Password(System.String):System.Void" CoveredStatements="0" TotalStatements="1" CoveragePercent="0">
          <Statement FileIndex="401" Line="7" Column="35" EndLine="7" EndColumn="40" Covered="False" />
        </Method>
        <Method Name="set_Username(System.String):System.Void" CoveredStatements="0" TotalStatements="1" CoveragePercent="0">
          <Statement FileIndex="401" Line="5" Column="35" EndLine="5" EndColumn="40" Covered="False" />
        </Method>
      </Type>
      <Type Name="RegisterRequest" CoveredStatements="0" TotalStatements="10" CoveragePercent="0">
        <Method Name="get_Email():System.String" CoveredStatements="0" TotalStatements="1" CoveragePercent="0">
          <Statement FileIndex="402" Line="11" Column="27" EndLine="11" EndColumn="31" Covered="False" />
        </Method>
        <Method Name="get_LastName():System.String" CoveredStatements="0" TotalStatements="1" CoveragePercent="0">
          <Statement FileIndex="402" Line="7" Column="30" EndLine="7" EndColumn="34" Covered="False" />
        </Method>
        <Method Name="get_Name():System.String" CoveredStatements="0" TotalStatements="1" CoveragePercent="0">
          <Statement FileIndex="402" Line="5" Column="26" EndLine="5" EndColumn="30" Covered="False" />
        </Method>
        <Method Name="get_Password():System.String" CoveredStatements="0" TotalStatements="1" CoveragePercent="0">
          <Statement FileIndex="402" Line="13" Column="30" EndLine="13" EndColumn="34" Covered="False" />
        </Method>
        <Method Name="get_Username():System.String" CoveredStatements="0" TotalStatements="1" CoveragePercent="0">
          <Statement FileIndex="402" Line="9" Column="30" EndLine="9" EndColumn="34" Covered="False" />
        </Method>
        <Method Name="set_Email(System.String):System.Void" CoveredStatements="0" TotalStatements="1" CoveragePercent="0">
          <Statement FileIndex="402" Line="11" Column="32" EndLine="11" EndColumn="37" Covered="False" />
        </Method>
        <Method Name="set_LastName(System.String):System.Void" CoveredStatements="0" TotalStatements="1" CoveragePercent="0">
          <Statement FileIndex="402" Line="7" Column="35" EndLine="7" EndColumn="40" Covered="False" />
        </Method>
        <Method Name="set_Name(System.String):System.Void" CoveredStatements="0" TotalStatements="1" CoveragePercent="0">
          <Statement FileIndex="402" Line="5" Column="31" EndLine="5" EndColumn="36" Covered="False" />
        </Method>
        <Method Name="set_Password(System.String):System.Void" CoveredStatements="0" TotalStatements="1" CoveragePercent="0">
          <Statement FileIndex="402" Line="13" Column="35" EndLine="13" EndColumn="40" Covered="False" />
        </Method>
        <Method Name="set_Username(System.String):System.Void" CoveredStatements="0" TotalStatements="1" CoveragePercent="0">
          <Statement FileIndex="402" Line="9" Column="35" EndLine="9" EndColumn="40" Covered="False" />
        </Method>
      </Type>
    </Namespace>
    <Namespace Name="CoffeeSpace.Client.Contracts.Ordering" CoveredStatements="0" TotalStatements="22" CoveragePercent="0">
      <Type Name="CreateAddressRequest" CoveredStatements="0" TotalStatements="6" CoveragePercent="0">
        <Method Name="get_City():System.String" CoveredStatements="0" TotalStatements="1" CoveragePercent="0">
          <Statement FileIndex="403" Line="7" Column="26" EndLine="7" EndColumn="30" Covered="False" />
        </Method>
        <Method Name="get_Country():System.String" CoveredStatements="0" TotalStatements="1" CoveragePercent="0">
          <Statement FileIndex="403" Line="9" Column="29" EndLine="9" EndColumn="33" Covered="False" />
        </Method>
        <Method Name="get_Street():System.String" CoveredStatements="0" TotalStatements="1" CoveragePercent="0">
          <Statement FileIndex="403" Line="5" Column="28" EndLine="5" EndColumn="32" Covered="False" />
        </Method>
        <Method Name="set_City(System.String):System.Void" CoveredStatements="0" TotalStatements="1" CoveragePercent="0">
          <Statement FileIndex="403" Line="7" Column="31" EndLine="7" EndColumn="36" Covered="False" />
        </Method>
        <Method Name="set_Country(System.String):System.Void" CoveredStatements="0" TotalStatements="1" CoveragePercent="0">
          <Statement FileIndex="403" Line="9" Column="34" EndLine="9" EndColumn="39" Covered="False" />
        </Method>
        <Method Name="set_Street(System.String):System.Void" CoveredStatements="0" TotalStatements="1" CoveragePercent="0">
          <Statement FileIndex="403" Line="5" Column="33" EndLine="5" EndColumn="38" Covered="False" />
        </Method>
      </Type>
      <Type Name="CreateOrderRequest" CoveredStatements="0" TotalStatements="6" CoveragePercent="0">
        <Method Name="get_Address():CoffeeSpace.Client.Contracts.Ordering.CreateAddressRequest" CoveredStatements="0" TotalStatements="1" CoveragePercent="0">
          <Statement FileIndex="404" Line="9" Column="52" EndLine="9" EndColumn="56" Covered="False" />
        </Method>
        <Method Name="get_OrderItems():System.Collections.Generic.IEnumerable&lt;CoffeeSpace.Client.Models.Ordering.OrderItem&gt;" CoveredStatements="0" TotalStatements="1" CoveragePercent="0">
          <Statement FileIndex="404" Line="11" Column="57" EndLine="11" EndColumn="61" Covered="False" />
        </Method>
        <Method Name="get_Status():System.Int32" CoveredStatements="0" TotalStatements="1" CoveragePercent="0">
          <Statement FileIndex="404" Line="7" Column="34" EndLine="7" EndColumn="38" Covered="False" />
        </Method>
        <Method Name="set_Address(CoffeeSpace.Client.Contracts.Ordering.CreateAddressRequest):System.Void" CoveredStatements="0" TotalStatements="1" CoveragePercent="0">
          <Statement FileIndex="404" Line="9" Column="57" EndLine="9" EndColumn="62" Covered="False" />
        </Method>
        <Method Name="set_OrderItems(System.Collections.Generic.IEnumerable&lt;CoffeeSpace.Client.Models.Ordering.OrderItem&gt;):System.Void" CoveredStatements="0" TotalStatements="1" CoveragePercent="0">
          <Statement FileIndex="404" Line="11" Column="62" EndLine="11" EndColumn="67" Covered="False" />
        </Method>
        <Method Name="set_Status(System.Int32):System.Void" CoveredStatements="0" TotalStatements="1" CoveragePercent="0">
          <Statement FileIndex="404" Line="7" Column="39" EndLine="7" EndColumn="44" Covered="False" />
        </Method>
      </Type>
      <Type Name="CreatePaymentInfoRequest" CoveredStatements="0" TotalStatements="10" CoveragePercent="0">
        <Method Name="get_CardNumber():System.String" CoveredStatements="0" TotalStatements="1" CoveragePercent="0">
          <Statement FileIndex="405" Line="8" Column="32" EndLine="8" EndColumn="36" Covered="False" />
        </Method>
        <Method Name="get_CardType():System.Int32" CoveredStatements="0" TotalStatements="1" CoveragePercent="0">
          <Statement FileIndex="405" Line="16" Column="27" EndLine="16" EndColumn="31" Covered="False" />
        </Method>
        <Method Name="get_ExpirationMonth():System.String" CoveredStatements="0" TotalStatements="1" CoveragePercent="0">
          <Statement FileIndex="405" Line="12" Column="37" EndLine="12" EndColumn="41" Covered="False" />
        </Method>
        <Method Name="get_ExpirationYear():System.String" CoveredStatements="0" TotalStatements="1" CoveragePercent="0">
          <Statement FileIndex="405" Line="14" Column="36" EndLine="14" EndColumn="40" Covered="False" />
        </Method>
        <Method Name="get_SecurityNumber():System.String" CoveredStatements="0" TotalStatements="1" CoveragePercent="0">
          <Statement FileIndex="405" Line="10" Column="36" EndLine="10" EndColumn="40" Covered="False" />
        </Method>
        <Method Name="set_CardNumber(System.String):System.Void" CoveredStatements="0" TotalStatements="1" CoveragePercent="0">
          <Statement FileIndex="405" Line="8" Column="37" EndLine="8" EndColumn="42" Covered="False" />
        </Method>
        <Method Name="set_CardType(System.Int32):System.Void" CoveredStatements="0" TotalStatements="1" CoveragePercent="0">
          <Statement FileIndex="405" Line="16" Column="32" EndLine="16" EndColumn="37" Covered="False" />
        </Method>
        <Method Name="set_ExpirationMonth(System.String):System.Void" CoveredStatements="0" TotalStatements="1" CoveragePercent="0">
          <Statement FileIndex="405" Line="12" Column="42" EndLine="12" EndColumn="47" Covered="False" />
        </Method>
        <Method Name="set_ExpirationYear(System.String):System.Void" CoveredStatements="0" TotalStatements="1" CoveragePercent="0">
          <Statement FileIndex="405" Line="14" Column="41" EndLine="14" EndColumn="46" Covered="False" />
        </Method>
        <Method Name="set_SecurityNumber(System.String):System.Void" CoveredStatements="0" TotalStatements="1" CoveragePercent="0">
          <Statement FileIndex="405" Line="10" Column="41" EndLine="10" EndColumn="46" Covered="False" />
        </Method>
      </Type>
    </Namespace>
    <Namespace Name="CoffeeSpace.Client.Contracts.Responses" CoveredStatements="0" TotalStatements="10" CoveragePercent="0">
      <Type Name="AuthenticationResult" CoveredStatements="0" TotalStatements="10" CoveragePercent="0">
        <Method Name="get_Email():System.String" CoveredStatements="0" TotalStatements="1" CoveragePercent="0">
          <Statement FileIndex="406" Line="13" Column="36" EndLine="13" EndColumn="40" Covered="False" />
        </Method>
        <Method Name="get_ExpiresIn():System.String" CoveredStatements="0" TotalStatements="1" CoveragePercent="0">
          <Statement FileIndex="406" Line="17" Column="40" EndLine="17" EndColumn="44" Covered="False" />
        </Method>
        <Method Name="get_IdToken():System.String" CoveredStatements="0" TotalStatements="1" CoveragePercent="0">
          <Statement FileIndex="406" Line="11" Column="38" EndLine="11" EndColumn="42" Covered="False" />
        </Method>
        <Method Name="get_LocalId():System.String" CoveredStatements="0" TotalStatements="1" CoveragePercent="0">
          <Statement FileIndex="406" Line="19" Column="38" EndLine="19" EndColumn="42" Covered="False" />
        </Method>
        <Method Name="get_RefreshToken():System.String" CoveredStatements="0" TotalStatements="1" CoveragePercent="0">
          <Statement FileIndex="406" Line="15" Column="43" EndLine="15" EndColumn="47" Covered="False" />
        </Method>
        <Method Name="set_Email(System.String):System.Void" CoveredStatements="0" TotalStatements="1" CoveragePercent="0">
          <Statement FileIndex="406" Line="13" Column="41" EndLine="13" EndColumn="46" Covered="False" />
        </Method>
        <Method Name="set_ExpiresIn(System.String):System.Void" CoveredStatements="0" TotalStatements="1" CoveragePercent="0">
          <Statement FileIndex="406" Line="17" Column="45" EndLine="17" EndColumn="50" Covered="False" />
        </Method>
        <Method Name="set_IdToken(System.String):System.Void" CoveredStatements="0" TotalStatements="1" CoveragePercent="0">
          <Statement FileIndex="406" Line="11" Column="43" EndLine="11" EndColumn="48" Covered="False" />
        </Method>
        <Method Name="set_LocalId(System.String):System.Void" CoveredStatements="0" TotalStatements="1" CoveragePercent="0">
          <Statement FileIndex="406" Line="19" Column="43" EndLine="19" EndColumn="48" Covered="False" />
        </Method>
        <Method Name="set_RefreshToken(System.String):System.Void" CoveredStatements="0" TotalStatements="1" CoveragePercent="0">
          <Statement FileIndex="406" Line="15" Column="48" EndLine="15" EndColumn="53" Covered="False" />
        </Method>
      </Type>
    </Namespace>
    <Namespace Name="CoffeeSpace.Client.Extensions" CoveredStatements="0" TotalStatements="23" CoveragePercent="0">
      <Type Name="ApplicationServiceExtensions" CoveredStatements="0" TotalStatements="11" CoveragePercent="0">
        <Type Name="&lt;&gt;c__1&lt;TInterface&gt;" CoveredStatements="0" TotalStatements="1" CoveragePercent="0">
          <Method Name="&lt;AddApplicationService&gt;b__1_1(Scrutor.IImplementationTypeFilter):System.Void" CoveredStatements="0" TotalStatements="1" CoveragePercent="0">
            <Statement FileIndex="407" Line="25" Column="36" EndLine="25" EndColumn="70" Covered="False" />
          </Method>
        </Type>
        <Type Name="&lt;&gt;c__DisplayClass0_0&lt;TPageModel&gt;" CoveredStatements="0" TotalStatements="1" CoveragePercent="0">
          <Method Name="&lt;AddPagesFromAssembly&gt;b__0(Scrutor.ITypeSourceSelector):System.Void" CoveredStatements="0" TotalStatements="1" CoveragePercent="0">
            <Statement FileIndex="407" Line="10" Column="31" EndLine="14" EndColumn="43" Covered="False" />
          </Method>
        </Type>
        <Type Name="&lt;&gt;c__DisplayClass1_0&lt;TInterface&gt;" CoveredStatements="0" TotalStatements="1" CoveragePercent="0">
          <Method Name="&lt;AddApplicationService&gt;b__0(Scrutor.ITypeSourceSelector):System.Void" CoveredStatements="0" TotalStatements="1" CoveragePercent="0">
            <Statement FileIndex="407" Line="23" Column="31" EndLine="27" EndColumn="43" Covered="False" />
          </Method>
        </Type>
        <Method Name="AddApplicationService&lt;TInterface&gt;(Microsoft.Extensions.DependencyInjection.IServiceCollection,Microsoft.Extensions.DependencyInjection.ServiceLifetime):Microsoft.Extensions.DependencyInjection.IServiceCollection" CoveredStatements="0" TotalStatements="4" CoveragePercent="0">
          <Statement FileIndex="407" Line="22" Column="5" EndLine="22" EndColumn="6" Covered="False" />
          <Statement FileIndex="407" Line="23" Column="9" EndLine="27" EndColumn="45" Covered="False" />
          <Statement FileIndex="407" Line="29" Column="9" EndLine="29" EndColumn="25" Covered="False" />
          <Statement FileIndex="407" Line="30" Column="5" EndLine="30" EndColumn="6" Covered="False" />
        </Method>
        <Method Name="AddPagesFromAssembly&lt;TPageModel&gt;(Microsoft.Extensions.DependencyInjection.IServiceCollection,Microsoft.Extensions.DependencyInjection.ServiceLifetime):Microsoft.Extensions.DependencyInjection.IServiceCollection" CoveredStatements="0" TotalStatements="4" CoveragePercent="0">
          <Statement FileIndex="407" Line="9" Column="5" EndLine="9" EndColumn="6" Covered="False" />
          <Statement FileIndex="407" Line="10" Column="9" EndLine="14" EndColumn="45" Covered="False" />
          <Statement FileIndex="407" Line="16" Column="9" EndLine="16" EndColumn="25" Covered="False" />
          <Statement FileIndex="407" Line="17" Column="5" EndLine="17" EndColumn="6" Covered="False" />
        </Method>
      </Type>
      <Type Name="RefitClientExtensions" CoveredStatements="0" TotalStatements="12" CoveragePercent="0">
        <Type Name="&lt;&gt;c__DisplayClass0_0&lt;TClient,TMessageHandler&gt;" CoveredStatements="0" TotalStatements="1" CoveragePercent="0">
          <Method Name="&lt;AddWebApiClient&gt;b__0(System.Net.Http.HttpClient):System.Void" CoveredStatements="0" TotalStatements="1" CoveragePercent="0">
            <Statement FileIndex="408" Line="17" Column="44" EndLine="17" EndColumn="85" Covered="False" />
          </Method>
        </Type>
        <Type Name="&lt;&gt;c__DisplayClass1_0&lt;TClient&gt;" CoveredStatements="0" TotalStatements="1" CoveragePercent="0">
          <Method Name="&lt;AddWebApiClient&gt;b__0(System.Net.Http.HttpClient):System.Void" CoveredStatements="0" TotalStatements="1" CoveragePercent="0">
            <Statement FileIndex="408" Line="31" Column="44" EndLine="31" EndColumn="85" Covered="False" />
          </Method>
        </Type>
        <Method Name="AddWebApiClient&lt;TClient,TMessageHandler&gt;(Microsoft.Extensions.DependencyInjection.IServiceCollection):Microsoft.Extensions.DependencyInjection.IServiceCollection" CoveredStatements="0" TotalStatements="5" CoveragePercent="0">
          <Statement FileIndex="408" Line="11" Column="5" EndLine="11" EndColumn="6" Covered="False" />
          <Statement FileIndex="408" Line="12" Column="9" EndLine="14" EndColumn="39" Covered="False" />
          <Statement FileIndex="408" Line="16" Column="9" EndLine="18" EndColumn="55" Covered="False" />
          <Statement FileIndex="408" Line="20" Column="9" EndLine="20" EndColumn="25" Covered="False" />
          <Statement FileIndex="408" Line="21" Column="5" EndLine="21" EndColumn="6" Covered="False" />
        </Method>
        <Method Name="AddWebApiClient&lt;TClient&gt;(Microsoft.Extensions.DependencyInjection.IServiceCollection):Microsoft.Extensions.DependencyInjection.IServiceCollection" CoveredStatements="0" TotalStatements="5" CoveragePercent="0">
          <Statement FileIndex="408" Line="25" Column="5" EndLine="25" EndColumn="6" Covered="False" />
          <Statement FileIndex="408" Line="26" Column="9" EndLine="28" EndColumn="39" Covered="False" />
          <Statement FileIndex="408" Line="30" Column="9" EndLine="32" EndColumn="73" Covered="False" />
          <Statement FileIndex="408" Line="34" Column="9" EndLine="34" EndColumn="25" Covered="False" />
          <Statement FileIndex="408" Line="35" Column="5" EndLine="35" EndColumn="6" Covered="False" />
        </Method>
      </Type>
    </Namespace>
    <Namespace Name="CoffeeSpace.Client.Handlers" CoveredStatements="0" TotalStatements="9" CoveragePercent="0">
      <Type Name="ApiKeyAuthorizationMessageHandler" CoveredStatements="0" TotalStatements="4" CoveragePercent="0">
        <Type Name="&lt;SendAsync&gt;d__0" CoveredStatements="0" TotalStatements="4" CoveragePercent="0">
          <Method Name="MoveNext():System.Void" CoveredStatements="0" TotalStatements="4" CoveragePercent="0">
            <Statement FileIndex="409" Line="6" Column="5" EndLine="6" EndColumn="6" Covered="False" />
            <Statement FileIndex="409" Line="7" Column="9" EndLine="7" EndColumn="66" Covered="False" />
            <Statement FileIndex="409" Line="9" Column="9" EndLine="9" EndColumn="87" Covered="False" />
            <Statement FileIndex="409" Line="10" Column="5" EndLine="10" EndColumn="6" Covered="False" />
          </Method>
        </Type>
      </Type>
      <Type Name="BearerAuthorizationMessageHandler" CoveredStatements="0" TotalStatements="5" CoveragePercent="0">
        <Type Name="&lt;SendAsync&gt;d__0" CoveredStatements="0" TotalStatements="5" CoveragePercent="0">
          <Method Name="MoveNext():System.Void" CoveredStatements="0" TotalStatements="5" CoveragePercent="0">
            <Statement FileIndex="410" Line="8" Column="5" EndLine="8" EndColumn="6" Covered="False" />
            <Statement FileIndex="410" Line="9" Column="9" EndLine="9" EndColumn="69" Covered="False" />
            <Statement FileIndex="410" Line="10" Column="9" EndLine="10" EndColumn="91" Covered="False" />
            <Statement FileIndex="410" Line="12" Column="9" EndLine="12" EndColumn="87" Covered="False" />
            <Statement FileIndex="410" Line="13" Column="5" EndLine="13" EndColumn="6" Covered="False" />
          </Method>
        </Type>
      </Type>
    </Namespace>
    <Namespace Name="CoffeeSpace.Client.Mappers" CoveredStatements="0" TotalStatements="11" CoveragePercent="0">
      <Type Name="ProductMapper" CoveredStatements="0" TotalStatements="11" CoveragePercent="0">
        <Method Name="MapToOrderItem(CoffeeSpace.Client.Models.Products.Product):CoffeeSpace.Client.Models.Ordering.OrderItem" CoveredStatements="0" TotalStatements="6" CoveragePercent="0">
          <Statement FileIndex="509" Line="8" Column="9" EndLine="8" EndColumn="10" Covered="False" />
          <Statement FileIndex="509" Line="9" Column="13" EndLine="9" EndColumn="33" Covered="False" />
          <Statement FileIndex="509" Line="10" Column="17" EndLine="10" EndColumn="32" Covered="False" />
          <Statement FileIndex="509" Line="11" Column="13" EndLine="17" EndColumn="15" Covered="False" />
          <Statement FileIndex="509" Line="18" Column="13" EndLine="18" EndColumn="27" Covered="False" />
          <Statement FileIndex="509" Line="19" Column="9" EndLine="19" EndColumn="10" Covered="False" />
        </Method>
        <Method Name="ToOrderItem(CoffeeSpace.Client.Models.Products.Product):CoffeeSpace.Client.Models.Ordering.OrderItem" CoveredStatements="0" TotalStatements="5" CoveragePercent="0">
          <Statement FileIndex="412" Line="13" Column="5" EndLine="13" EndColumn="6" Covered="False" />
          <Statement FileIndex="412" Line="14" Column="9" EndLine="14" EndColumn="50" Covered="False" />
          <Statement FileIndex="412" Line="15" Column="9" EndLine="15" EndColumn="48" Covered="False" />
          <Statement FileIndex="412" Line="17" Column="9" EndLine="17" EndColumn="26" Covered="False" />
          <Statement FileIndex="412" Line="18" Column="5" EndLine="18" EndColumn="6" Covered="False" />
        </Method>
      </Type>
    </Namespace>
    <Namespace Name="CoffeeSpace.Client.Messages.Commands" CoveredStatements="0" TotalStatements="10" CoveragePercent="0">
      <Type Name="AddProductToCartCommand" CoveredStatements="0" TotalStatements="2" CoveragePercent="0">
        <Method Name="get_Product():CoffeeSpace.Client.Models.Products.Product" CoveredStatements="0" TotalStatements="1" CoveragePercent="0">
          <Statement FileIndex="415" Line="8" Column="39" EndLine="8" EndColumn="43" Covered="False" />
        </Method>
        <Method Name="set_Product(CoffeeSpace.Client.Models.Products.Product):System.Void" CoveredStatements="0" TotalStatements="1" CoveragePercent="0">
          <Statement FileIndex="415" Line="8" Column="44" EndLine="8" EndColumn="49" Covered="False" />
        </Method>
      </Type>
      <Type Name="ConfirmOrdersStockCommand" CoveredStatements="0" TotalStatements="2" CoveragePercent="0">
        <Method Name="get_OrderItems():System.Collections.Generic.IEnumerable&lt;CoffeeSpace.Client.Models.Ordering.OrderItem&gt;" CoveredStatements="0" TotalStatements="1" CoveragePercent="0">
          <Statement FileIndex="416" Line="8" Column="57" EndLine="8" EndColumn="61" Covered="False" />
        </Method>
        <Method Name="set_OrderItems(System.Collections.Generic.IEnumerable&lt;CoffeeSpace.Client.Models.Ordering.OrderItem&gt;):System.Void" CoveredStatements="0" TotalStatements="1" CoveragePercent="0">
          <Statement FileIndex="416" Line="8" Column="62" EndLine="8" EndColumn="66" Covered="False" />
        </Method>
      </Type>
      <Type Name="CreateOrderCommand" CoveredStatements="0" TotalStatements="4" CoveragePercent="0">
        <Method Name="get_BuyerId():System.Guid" CoveredStatements="0" TotalStatements="1" CoveragePercent="0">
          <Statement FileIndex="417" Line="10" Column="36" EndLine="10" EndColumn="40" Covered="False" />
        </Method>
        <Method Name="get_CreateOrderRequest():CoffeeSpace.Client.Contracts.Ordering.CreateOrderRequest" CoveredStatements="0" TotalStatements="1" CoveragePercent="0">
          <Statement FileIndex="417" Line="8" Column="61" EndLine="8" EndColumn="65" Covered="False" />
        </Method>
        <Method Name="set_BuyerId(System.Guid):System.Void" CoveredStatements="0" TotalStatements="1" CoveragePercent="0">
          <Statement FileIndex="417" Line="10" Column="41" EndLine="10" EndColumn="46" Covered="False" />
        </Method>
        <Method Name="set_CreateOrderRequest(CoffeeSpace.Client.Contracts.Ordering.CreateOrderRequest):System.Void" CoveredStatements="0" TotalStatements="1" CoveragePercent="0">
          <Statement FileIndex="417" Line="8" Column="66" EndLine="8" EndColumn="71" Covered="False" />
        </Method>
      </Type>
      <Type Name="SetNewGlobalBuyerCommand" CoveredStatements="0" TotalStatements="2" CoveragePercent="0">
        <Method Name="get_BuyerEmail():System.String" CoveredStatements="0" TotalStatements="1" CoveragePercent="0">
          <Statement FileIndex="422" Line="7" Column="41" EndLine="7" EndColumn="45" Covered="False" />
        </Method>
        <Method Name="set_BuyerEmail(System.String):System.Void" CoveredStatements="0" TotalStatements="1" CoveragePercent="0">
          <Statement FileIndex="422" Line="7" Column="46" EndLine="7" EndColumn="51" Covered="False" />
        </Method>
      </Type>
    </Namespace>
    <Namespace Name="CoffeeSpace.Client.Messages.Commands.Handlers" CoveredStatements="0" TotalStatements="43" CoveragePercent="0">
      <Type Name="AddProductToCartCommandHandler" CoveredStatements="0" TotalStatements="8" CoveragePercent="0">
        <Method Name=".ctor(CoffeeSpace.Client._ViewModels.CartViewModel):System.Void" CoveredStatements="0" TotalStatements="4" CoveragePercent="0">
          <Statement FileIndex="418" Line="11" Column="5" EndLine="11" EndColumn="71" Covered="False" />
          <Statement FileIndex="418" Line="12" Column="5" EndLine="12" EndColumn="6" Covered="False" />
          <Statement FileIndex="418" Line="13" Column="9" EndLine="13" EndColumn="40" Covered="False" />
          <Statement FileIndex="418" Line="14" Column="5" EndLine="14" EndColumn="6" Covered="False" />
        </Method>
        <Method Name="Handle(CoffeeSpace.Client.Messages.Commands.AddProductToCartCommand,System.Threading.CancellationToken):System.Threading.Tasks.ValueTask&lt;Mediator.Unit&gt;" CoveredStatements="0" TotalStatements="4" CoveragePercent="0">
          <Statement FileIndex="418" Line="17" Column="5" EndLine="17" EndColumn="6" Covered="False" />
          <Statement FileIndex="418" Line="18" Column="9" EndLine="18" EndColumn="76" Covered="False" />
          <Statement FileIndex="418" Line="19" Column="9" EndLine="19" EndColumn="31" Covered="False" />
          <Statement FileIndex="418" Line="20" Column="5" EndLine="20" EndColumn="6" Covered="False" />
        </Method>
      </Type>
      <Type Name="ConfirmOrdersStockCommandHandler" CoveredStatements="0" TotalStatements="8" CoveragePercent="0">
        <Method Name=".ctor(CoffeeSpace.Client._ViewModels.OrderInformationViewModel):System.Void" CoveredStatements="0" TotalStatements="4" CoveragePercent="0">
          <Statement FileIndex="419" Line="13" Column="5" EndLine="13" EndColumn="97" Covered="False" />
          <Statement FileIndex="419" Line="14" Column="5" EndLine="14" EndColumn="6" Covered="False" />
          <Statement FileIndex="419" Line="15" Column="9" EndLine="15" EndColumn="64" Covered="False" />
          <Statement FileIndex="419" Line="16" Column="5" EndLine="16" EndColumn="6" Covered="False" />
        </Method>
        <Method Name="Handle(CoffeeSpace.Client.Messages.Commands.ConfirmOrdersStockCommand,System.Threading.CancellationToken):System.Threading.Tasks.ValueTask&lt;Mediator.Unit&gt;" CoveredStatements="0" TotalStatements="4" CoveragePercent="0">
          <Statement FileIndex="419" Line="19" Column="5" EndLine="19" EndColumn="6" Covered="False" />
          <Statement FileIndex="419" Line="20" Column="9" EndLine="20" EndColumn="77" Covered="False" />
          <Statement FileIndex="419" Line="21" Column="9" EndLine="21" EndColumn="31" Covered="False" />
          <Statement FileIndex="419" Line="22" Column="5" EndLine="22" EndColumn="6" Covered="False" />
        </Method>
      </Type>
      <Type Name="CreateOrderCommandHandler" CoveredStatements="0" TotalStatements="13" CoveragePercent="0">
        <Type Name="&lt;Handle&gt;d__3" CoveredStatements="0" TotalStatements="8" CoveragePercent="0">
          <Method Name="MoveNext():System.Void" CoveredStatements="0" TotalStatements="8" CoveragePercent="0">
            <Statement FileIndex="420" Line="21" Column="5" EndLine="21" EndColumn="6" Covered="False" />
            <Statement FileIndex="420" Line="22" Column="9" EndLine="22" EndColumn="126" Covered="False" />
            <Statement FileIndex="420" Line="23" Column="9" EndLine="23" EndColumn="34" Covered="False" />
            <Statement FileIndex="420" Line="24" Column="9" EndLine="24" EndColumn="10" Covered="False" />
            <Statement FileIndex="420" Line="25" Column="13" EndLine="25" EndColumn="26" Covered="False" />
            <Statement FileIndex="420" Line="28" Column="9" EndLine="28" EndColumn="50" Covered="False" />
            <Statement FileIndex="420" Line="29" Column="9" EndLine="29" EndColumn="21" Covered="False" />
            <Statement FileIndex="420" Line="30" Column="5" EndLine="30" EndColumn="6" Covered="False" />
          </Method>
        </Type>
        <Method Name=".ctor(CoffeeSpace.Client._ViewModels.OrderViewModel,CoffeeSpace.Client.WebApiClients.IOrderingWebApi):System.Void" CoveredStatements="0" TotalStatements="5" CoveragePercent="0">
          <Statement FileIndex="420" Line="14" Column="5" EndLine="14" EndColumn="100" Covered="False" />
          <Statement FileIndex="420" Line="15" Column="5" EndLine="15" EndColumn="6" Covered="False" />
          <Statement FileIndex="420" Line="16" Column="9" EndLine="16" EndColumn="42" Covered="False" />
          <Statement FileIndex="420" Line="17" Column="9" EndLine="17" EndColumn="42" Covered="False" />
          <Statement FileIndex="420" Line="18" Column="5" EndLine="18" EndColumn="6" Covered="False" />
        </Method>
      </Type>
      <Type Name="SetNewGlobalBuyerCommandHandler" CoveredStatements="0" TotalStatements="14" CoveragePercent="0">
        <Type Name="&lt;Handle&gt;d__3" CoveredStatements="0" TotalStatements="9" CoveragePercent="0">
          <Method Name="MoveNext():System.Void" CoveredStatements="0" TotalStatements="9" CoveragePercent="0">
            <Statement FileIndex="421" Line="19" Column="5" EndLine="19" EndColumn="6" Covered="False" />
            <Statement FileIndex="421" Line="20" Column="9" EndLine="20" EndColumn="106" Covered="False" />
            <Statement FileIndex="421" Line="21" Column="9" EndLine="21" EndColumn="27" Covered="False" />
            <Statement FileIndex="421" Line="22" Column="9" EndLine="22" EndColumn="10" Covered="False" />
            <Statement FileIndex="421" Line="23" Column="13" EndLine="23" EndColumn="26" Covered="False" />
            <Statement FileIndex="421" Line="26" Column="9" EndLine="26" EndColumn="41" Covered="False" />
            <Statement FileIndex="421" Line="27" Column="9" EndLine="27" EndColumn="60" Covered="False" />
            <Statement FileIndex="421" Line="28" Column="9" EndLine="28" EndColumn="21" Covered="False" />
            <Statement FileIndex="421" Line="29" Column="5" EndLine="29" EndColumn="6" Covered="False" />
          </Method>
        </Type>
        <Method Name=".ctor(CoffeeSpace.Client.WebApiClients.IBuyersWebApi,CoffeeSpace.Client._ViewModels.ProfileViewModel):System.Void" CoveredStatements="0" TotalStatements="5" CoveragePercent="0">
          <Statement FileIndex="421" Line="12" Column="5" EndLine="12" EndColumn="106" Covered="False" />
          <Statement FileIndex="421" Line="13" Column="5" EndLine="13" EndColumn="6" Covered="False" />
          <Statement FileIndex="421" Line="14" Column="9" EndLine="14" EndColumn="38" Covered="False" />
          <Statement FileIndex="421" Line="15" Column="9" EndLine="15" EndColumn="46" Covered="False" />
          <Statement FileIndex="421" Line="16" Column="5" EndLine="16" EndColumn="6" Covered="False" />
        </Method>
      </Type>
    </Namespace>
    <Namespace Name="CoffeeSpace.Client.Messages.Queries.Handlers" CoveredStatements="0" TotalStatements="8" CoveragePercent="0">
      <Type Name="GetAllProductsQueryHandler" CoveredStatements="0" TotalStatements="8" CoveragePercent="0">
        <Type Name="&lt;Handle&gt;d__2" CoveredStatements="0" TotalStatements="4" CoveragePercent="0">
          <Method Name="MoveNext():System.Void" CoveredStatements="0" TotalStatements="4" CoveragePercent="0">
            <Statement FileIndex="424" Line="17" Column="5" EndLine="17" EndColumn="6" Covered="False" />
            <Statement FileIndex="424" Line="18" Column="9" EndLine="18" EndColumn="85" Covered="False" />
            <Statement FileIndex="424" Line="19" Column="9" EndLine="19" EndColumn="25" Covered="False" />
            <Statement FileIndex="424" Line="20" Column="5" EndLine="20" EndColumn="6" Covered="False" />
          </Method>
        </Type>
        <Method Name=".ctor(CoffeeSpace.Client.WebApiClients.IProductsWebApi):System.Void" CoveredStatements="0" TotalStatements="4" CoveragePercent="0">
          <Statement FileIndex="424" Line="11" Column="5" EndLine="11" EndColumn="70" Covered="False" />
          <Statement FileIndex="424" Line="12" Column="5" EndLine="12" EndColumn="6" Covered="False" />
          <Statement FileIndex="424" Line="13" Column="9" EndLine="13" EndColumn="42" Covered="False" />
          <Statement FileIndex="424" Line="14" Column="5" EndLine="14" EndColumn="6" Covered="False" />
        </Method>
      </Type>
    </Namespace>
    <Namespace Name="CoffeeSpace.Client.Models.Ordering" CoveredStatements="0" TotalStatements="32" CoveragePercent="0">
      <Type Name="Address" CoveredStatements="0" TotalStatements="8" CoveragePercent="0">
        <Method Name="get_City():System.String" CoveredStatements="0" TotalStatements="1" CoveragePercent="0">
          <Statement FileIndex="425" Line="9" Column="35" EndLine="9" EndColumn="39" Covered="False" />
        </Method>
        <Method Name="get_Country():System.String" CoveredStatements="0" TotalStatements="1" CoveragePercent="0">
          <Statement FileIndex="425" Line="11" Column="38" EndLine="11" EndColumn="42" Covered="False" />
        </Method>
        <Method Name="get_Id():System.String" CoveredStatements="0" TotalStatements="1" CoveragePercent="0">
          <Statement FileIndex="425" Line="5" Column="33" EndLine="5" EndColumn="37" Covered="False" />
        </Method>
        <Method Name="get_Street():System.String" CoveredStatements="0" TotalStatements="1" CoveragePercent="0">
          <Statement FileIndex="425" Line="7" Column="37" EndLine="7" EndColumn="41" Covered="False" />
        </Method>
        <Method Name="set_City(System.String):System.Void" CoveredStatements="0" TotalStatements="1" CoveragePercent="0">
          <Statement FileIndex="425" Line="9" Column="40" EndLine="9" EndColumn="45" Covered="False" />
        </Method>
        <Method Name="set_Country(System.String):System.Void" CoveredStatements="0" TotalStatements="1" CoveragePercent="0">
          <Statement FileIndex="425" Line="11" Column="43" EndLine="11" EndColumn="48" Covered="False" />
        </Method>
        <Method Name="set_Id(System.String):System.Void" CoveredStatements="0" TotalStatements="1" CoveragePercent="0">
          <Statement FileIndex="425" Line="5" Column="38" EndLine="5" EndColumn="43" Covered="False" />
        </Method>
        <Method Name="set_Street(System.String):System.Void" CoveredStatements="0" TotalStatements="1" CoveragePercent="0">
          <Statement FileIndex="425" Line="7" Column="42" EndLine="7" EndColumn="47" Covered="False" />
        </Method>
      </Type>
      <Type Name="Buyer" CoveredStatements="0" TotalStatements="8" CoveragePercent="0">
        <Method Name="get_Email():System.String" CoveredStatements="0" TotalStatements="1" CoveragePercent="0">
          <Statement FileIndex="426" Line="9" Column="36" EndLine="9" EndColumn="40" Covered="False" />
        </Method>
        <Method Name="get_Id():System.String" CoveredStatements="0" TotalStatements="1" CoveragePercent="0">
          <Statement FileIndex="426" Line="5" Column="33" EndLine="5" EndColumn="37" Covered="False" />
        </Method>
        <Method Name="get_Name():System.String" CoveredStatements="0" TotalStatements="1" CoveragePercent="0">
          <Statement FileIndex="426" Line="7" Column="35" EndLine="7" EndColumn="39" Covered="False" />
        </Method>
        <Method Name="get_Orders():System.Collections.Generic.IEnumerable&lt;CoffeeSpace.Client.Models.Ordering.Order&gt;" CoveredStatements="0" TotalStatements="1" CoveragePercent="0">
          <Statement FileIndex="426" Line="11" Column="40" EndLine="11" EndColumn="44" Covered="False" />
        </Method>
        <Method Name="set_Email(System.String):System.Void" CoveredStatements="0" TotalStatements="1" CoveragePercent="0">
          <Statement FileIndex="426" Line="9" Column="41" EndLine="9" EndColumn="46" Covered="False" />
        </Method>
        <Method Name="set_Id(System.String):System.Void" CoveredStatements="0" TotalStatements="1" CoveragePercent="0">
          <Statement FileIndex="426" Line="5" Column="38" EndLine="5" EndColumn="43" Covered="False" />
        </Method>
        <Method Name="set_Name(System.String):System.Void" CoveredStatements="0" TotalStatements="1" CoveragePercent="0">
          <Statement FileIndex="426" Line="7" Column="40" EndLine="7" EndColumn="45" Covered="False" />
        </Method>
        <Method Name="set_Orders(System.Collections.Generic.IEnumerable&lt;CoffeeSpace.Client.Models.Ordering.Order&gt;):System.Void" CoveredStatements="0" TotalStatements="1" CoveragePercent="0">
          <Statement FileIndex="426" Line="11" Column="45" EndLine="11" EndColumn="50" Covered="False" />
        </Method>
      </Type>
      <Type Name="Order" CoveredStatements="0" TotalStatements="7" CoveragePercent="0">
        <Method Name=".ctor():System.Void" CoveredStatements="0" TotalStatements="1" CoveragePercent="0">
          <Statement FileIndex="428" Line="11" Column="5" EndLine="11" EndColumn="73" Covered="False" />
        </Method>
        <Method Name="get_Address():CoffeeSpace.Client.Models.Ordering.Address" CoveredStatements="0" TotalStatements="1" CoveragePercent="0">
          <Statement FileIndex="428" Line="15" Column="39" EndLine="15" EndColumn="43" Covered="False" />
        </Method>
        <Method Name="get_Id():System.String" CoveredStatements="0" TotalStatements="1" CoveragePercent="0">
          <Statement FileIndex="428" Line="13" Column="33" EndLine="13" EndColumn="37" Covered="False" />
        </Method>
        <Method Name="get_OrderItems():System.Collections.Generic.IEnumerable&lt;CoffeeSpace.Client.Models.Ordering.OrderItem&gt;" CoveredStatements="0" TotalStatements="1" CoveragePercent="0">
          <Statement FileIndex="428" Line="17" Column="57" EndLine="17" EndColumn="61" Covered="False" />
        </Method>
        <Method Name="set_Address(CoffeeSpace.Client.Models.Ordering.Address):System.Void" CoveredStatements="0" TotalStatements="1" CoveragePercent="0">
          <Statement FileIndex="428" Line="15" Column="44" EndLine="15" EndColumn="49" Covered="False" />
        </Method>
        <Method Name="set_Id(System.String):System.Void" CoveredStatements="0" TotalStatements="1" CoveragePercent="0">
          <Statement FileIndex="428" Line="13" Column="38" EndLine="13" EndColumn="43" Covered="False" />
        </Method>
        <Method Name="set_OrderItems(System.Collections.Generic.IEnumerable&lt;CoffeeSpace.Client.Models.Ordering.OrderItem&gt;):System.Void" CoveredStatements="0" TotalStatements="1" CoveragePercent="0">
          <Statement FileIndex="428" Line="17" Column="62" EndLine="17" EndColumn="67" Covered="False" />
        </Method>
      </Type>
      <Type Name="OrderItem" CoveredStatements="0" TotalStatements="9" CoveragePercent="0">
        <Method Name="get_Description():System.String" CoveredStatements="0" TotalStatements="1" CoveragePercent="0">
          <Statement FileIndex="429" Line="13" Column="42" EndLine="13" EndColumn="46" Covered="False" />
        </Method>
        <Method Name="get_Discount():System.Single" CoveredStatements="0" TotalStatements="1" CoveragePercent="0">
          <Statement FileIndex="429" Line="17" Column="38" EndLine="17" EndColumn="42" Covered="False" />
        </Method>
        <Method Name="get_Title():System.String" CoveredStatements="0" TotalStatements="1" CoveragePercent="0">
          <Statement FileIndex="429" Line="11" Column="36" EndLine="11" EndColumn="40" Covered="False" />
        </Method>
        <Method Name="get_Total():System.Single" CoveredStatements="0" TotalStatements="1" CoveragePercent="0">
          <Statement FileIndex="429" Line="19" Column="27" EndLine="19" EndColumn="47" Covered="False" />
        </Method>
        <Method Name="get_UnitPrice():System.Single" CoveredStatements="0" TotalStatements="1" CoveragePercent="0">
          <Statement FileIndex="429" Line="15" Column="39" EndLine="15" EndColumn="43" Covered="False" />
        </Method>
        <Method Name="set_Description(System.String):System.Void" CoveredStatements="0" TotalStatements="1" CoveragePercent="0">
          <Statement FileIndex="429" Line="13" Column="47" EndLine="13" EndColumn="52" Covered="False" />
        </Method>
        <Method Name="set_Discount(System.Single):System.Void" CoveredStatements="0" TotalStatements="1" CoveragePercent="0">
          <Statement FileIndex="429" Line="17" Column="43" EndLine="17" EndColumn="48" Covered="False" />
        </Method>
        <Method Name="set_Title(System.String):System.Void" CoveredStatements="0" TotalStatements="1" CoveragePercent="0">
          <Statement FileIndex="429" Line="11" Column="41" EndLine="11" EndColumn="46" Covered="False" />
        </Method>
        <Method Name="set_UnitPrice(System.Single):System.Void" CoveredStatements="0" TotalStatements="1" CoveragePercent="0">
          <Statement FileIndex="429" Line="15" Column="44" EndLine="15" EndColumn="49" Covered="False" />
        </Method>
      </Type>
    </Namespace>
    <Namespace Name="CoffeeSpace.Client.Models.Products" CoveredStatements="0" TotalStatements="10" CoveragePercent="0">
      <Type Name="Product" CoveredStatements="0" TotalStatements="10" CoveragePercent="0">
        <Method Name="get_Description():System.String" CoveredStatements="0" TotalStatements="1" CoveragePercent="0">
          <Statement FileIndex="431" Line="7" Column="42" EndLine="7" EndColumn="46" Covered="False" />
        </Method>
        <Method Name="get_Discount():System.Single" CoveredStatements="0" TotalStatements="1" CoveragePercent="0">
          <Statement FileIndex="431" Line="11" Column="38" EndLine="11" EndColumn="42" Covered="False" />
        </Method>
        <Method Name="get_Quantity():System.Int32" CoveredStatements="0" TotalStatements="1" CoveragePercent="0">
          <Statement FileIndex="431" Line="13" Column="37" EndLine="13" EndColumn="41" Covered="False" />
        </Method>
        <Method Name="get_Title():System.String" CoveredStatements="0" TotalStatements="1" CoveragePercent="0">
          <Statement FileIndex="431" Line="5" Column="36" EndLine="5" EndColumn="40" Covered="False" />
        </Method>
        <Method Name="get_UnitPrice():System.Single" CoveredStatements="0" TotalStatements="1" CoveragePercent="0">
          <Statement FileIndex="431" Line="9" Column="39" EndLine="9" EndColumn="43" Covered="False" />
        </Method>
        <Method Name="set_Description(System.String):System.Void" CoveredStatements="0" TotalStatements="1" CoveragePercent="0">
          <Statement FileIndex="431" Line="7" Column="47" EndLine="7" EndColumn="52" Covered="False" />
        </Method>
        <Method Name="set_Discount(System.Single):System.Void" CoveredStatements="0" TotalStatements="1" CoveragePercent="0">
          <Statement FileIndex="431" Line="11" Column="43" EndLine="11" EndColumn="48" Covered="False" />
        </Method>
        <Method Name="set_Quantity(System.Int32):System.Void" CoveredStatements="0" TotalStatements="1" CoveragePercent="0">
          <Statement FileIndex="431" Line="13" Column="42" EndLine="13" EndColumn="46" Covered="False" />
        </Method>
        <Method Name="set_Title(System.String):System.Void" CoveredStatements="0" TotalStatements="1" CoveragePercent="0">
          <Statement FileIndex="431" Line="5" Column="41" EndLine="5" EndColumn="46" Covered="False" />
        </Method>
        <Method Name="set_UnitPrice(System.Single):System.Void" CoveredStatements="0" TotalStatements="1" CoveragePercent="0">
          <Statement FileIndex="431" Line="9" Column="44" EndLine="9" EndColumn="49" Covered="False" />
        </Method>
      </Type>
    </Namespace>
    <Namespace Name="CoffeeSpace.Client.Services" CoveredStatements="0" TotalStatements="52" CoveragePercent="0">
      <Type Name="AuthService" CoveredStatements="0" TotalStatements="26" CoveragePercent="0">
        <Type Name="&lt;&gt;c" CoveredStatements="0" TotalStatements="2" CoveragePercent="0">
          <Method Name="&lt;LoginAsync&gt;b__2_0(System.Security.Claims.Claim):System.Boolean" CoveredStatements="0" TotalStatements="1" CoveragePercent="0">
            <Statement FileIndex="436" Line="30" Column="96" EndLine="30" EndColumn="126" Covered="False" />
          </Method>
          <Method Name="&lt;RegisterAsync&gt;b__3_0(System.Security.Claims.Claim):System.Boolean" CoveredStatements="0" TotalStatements="1" CoveragePercent="0">
            <Statement FileIndex="436" Line="45" Column="96" EndLine="45" EndColumn="126" Covered="False" />
          </Method>
        </Type>
        <Type Name="&lt;LoginAsync&gt;d__2" CoveredStatements="0" TotalStatements="10" CoveragePercent="0">
          <Method Name="MoveNext():System.Void" CoveredStatements="0" TotalStatements="10" CoveragePercent="0">
            <Statement FileIndex="436" Line="21" Column="5" EndLine="21" EndColumn="6" Covered="False" />
            <Statement FileIndex="436" Line="22" Column="9" EndLine="22" EndColumn="85" Covered="False" />
            <Statement FileIndex="436" Line="23" Column="9" EndLine="23" EndColumn="35" Covered="False" />
            <Statement FileIndex="436" Line="24" Column="9" EndLine="24" EndColumn="10" Covered="False" />
            <Statement FileIndex="436" Line="25" Column="13" EndLine="25" EndColumn="26" Covered="False" />
            <Statement FileIndex="436" Line="28" Column="9" EndLine="28" EndColumn="78" Covered="False" />
            <Statement FileIndex="436" Line="29" Column="9" EndLine="29" EndColumn="66" Covered="False" />
            <Statement FileIndex="436" Line="30" Column="9" EndLine="30" EndColumn="135" Covered="False" />
            <Statement FileIndex="436" Line="32" Column="9" EndLine="32" EndColumn="21" Covered="False" />
            <Statement FileIndex="436" Line="33" Column="5" EndLine="33" EndColumn="6" Covered="False" />
          </Method>
        </Type>
        <Type Name="&lt;RegisterAsync&gt;d__3" CoveredStatements="0" TotalStatements="10" CoveragePercent="0">
          <Method Name="MoveNext():System.Void" CoveredStatements="0" TotalStatements="10" CoveragePercent="0">
            <Statement FileIndex="436" Line="36" Column="5" EndLine="36" EndColumn="6" Covered="False" />
            <Statement FileIndex="436" Line="37" Column="9" EndLine="37" EndColumn="88" Covered="False" />
            <Statement FileIndex="436" Line="38" Column="9" EndLine="38" EndColumn="35" Covered="False" />
            <Statement FileIndex="436" Line="39" Column="9" EndLine="39" EndColumn="10" Covered="False" />
            <Statement FileIndex="436" Line="40" Column="13" EndLine="40" EndColumn="26" Covered="False" />
            <Statement FileIndex="436" Line="43" Column="9" EndLine="43" EndColumn="78" Covered="False" />
            <Statement FileIndex="436" Line="44" Column="9" EndLine="44" EndColumn="66" Covered="False" />
            <Statement FileIndex="436" Line="45" Column="9" EndLine="45" EndColumn="135" Covered="False" />
            <Statement FileIndex="436" Line="47" Column="9" EndLine="47" EndColumn="21" Covered="False" />
            <Statement FileIndex="436" Line="48" Column="5" EndLine="48" EndColumn="6" Covered="False" />
          </Method>
        </Type>
        <Method Name=".ctor(CoffeeSpace.Client.WebApiClients.IIdentityWebApi):System.Void" CoveredStatements="0" TotalStatements="4" CoveragePercent="0">
          <Statement FileIndex="436" Line="15" Column="5" EndLine="15" EndColumn="55" Covered="False" />
          <Statement FileIndex="436" Line="16" Column="5" EndLine="16" EndColumn="6" Covered="False" />
          <Statement FileIndex="436" Line="17" Column="9" EndLine="17" EndColumn="42" Covered="False" />
          <Statement FileIndex="436" Line="18" Column="5" EndLine="18" EndColumn="6" Covered="False" />
        </Method>
      </Type>
      <Type Name="HubConnectionService" CoveredStatements="0" TotalStatements="26" CoveragePercent="0">
        <Type Name="&lt;DisposeAsync&gt;d__8" CoveredStatements="0" TotalStatements="4" CoveragePercent="0">
          <Method Name="MoveNext():System.Void" CoveredStatements="0" TotalStatements="4" CoveragePercent="0">
            <Statement FileIndex="437" Line="46" Column="5" EndLine="46" EndColumn="6" Covered="False" />
            <Statement FileIndex="437" Line="47" Column="9" EndLine="47" EndColumn="66" Covered="False" />
            <Statement FileIndex="437" Line="48" Column="9" EndLine="48" EndColumn="42" Covered="False" />
            <Statement FileIndex="437" Line="49" Column="5" EndLine="49" EndColumn="6" Covered="False" />
          </Method>
        </Type>
        <Type Name="&lt;StartConnectionAsync&gt;d__5" CoveredStatements="0" TotalStatements="8" CoveragePercent="0">
          <Method Name="MoveNext():System.Void" CoveredStatements="0" TotalStatements="8" CoveragePercent="0">
            <Statement FileIndex="437" Line="23" Column="5" EndLine="23" EndColumn="6" Covered="False" />
            <Statement FileIndex="437" Line="24" Column="9" EndLine="24" EndColumn="73" Covered="False" />
            <Statement FileIndex="437" Line="25" Column="9" EndLine="25" EndColumn="10" Covered="False" />
            <Statement FileIndex="437" Line="26" Column="13" EndLine="26" EndColumn="20" Covered="False" />
            <Statement FileIndex="437" Line="29" Column="9" EndLine="29" EndColumn="28" Covered="False" />
            <Statement FileIndex="437" Line="31" Column="9" EndLine="31" EndColumn="60" Covered="False" />
            <Statement FileIndex="437" Line="32" Column="9" EndLine="32" EndColumn="83" Covered="False" />
            <Statement FileIndex="437" Line="33" Column="5" EndLine="33" EndColumn="6" Covered="False" />
          </Method>
        </Type>
        <Method Name=".ctor():System.Void" CoveredStatements="0" TotalStatements="4" CoveragePercent="0">
          <Statement FileIndex="437" Line="14" Column="5" EndLine="14" EndColumn="34" Covered="False" />
          <Statement FileIndex="437" Line="15" Column="5" EndLine="15" EndColumn="6" Covered="False" />
          <Statement FileIndex="437" Line="16" Column="9" EndLine="19" EndColumn="22" Covered="False" />
          <Statement FileIndex="437" Line="20" Column="5" EndLine="20" EndColumn="6" Covered="False" />
        </Method>
        <Method Name="get_IsConnected():System.Boolean" CoveredStatements="0" TotalStatements="1" CoveragePercent="0">
          <Statement FileIndex="437" Line="12" Column="32" EndLine="12" EndColumn="84" Covered="False" />
        </Method>
        <Method Name="OnOrderCreated(System.Action&lt;CoffeeSpace.Client.Models.Ordering.Order&gt;):System.Void" CoveredStatements="0" TotalStatements="3" CoveragePercent="0">
          <Statement FileIndex="437" Line="36" Column="5" EndLine="36" EndColumn="6" Covered="False" />
          <Statement FileIndex="437" Line="37" Column="9" EndLine="37" EndColumn="60" Covered="False" />
          <Statement FileIndex="437" Line="38" Column="5" EndLine="38" EndColumn="6" Covered="False" />
        </Method>
        <Method Name="OnOrderPaymentPageInitialized(System.Action&lt;System.String&gt;):System.Void" CoveredStatements="0" TotalStatements="3" CoveragePercent="0">
          <Statement FileIndex="437" Line="52" Column="5" EndLine="52" EndColumn="6" Covered="False" />
          <Statement FileIndex="437" Line="53" Column="9" EndLine="53" EndColumn="82" Covered="False" />
          <Statement FileIndex="437" Line="54" Column="5" EndLine="54" EndColumn="6" Covered="False" />
        </Method>
        <Method Name="OnOrderStatusUpdated(System.Action&lt;CoffeeSpace.Client.Models.Ordering.OrderStatus,System.String&gt;):System.Void" CoveredStatements="0" TotalStatements="3" CoveragePercent="0">
          <Statement FileIndex="437" Line="41" Column="5" EndLine="41" EndColumn="6" Covered="False" />
          <Statement FileIndex="437" Line="42" Column="9" EndLine="42" EndColumn="71" Covered="False" />
          <Statement FileIndex="437" Line="43" Column="5" EndLine="43" EndColumn="6" Covered="False" />
        </Method>
      </Type>
    </Namespace>
    <Namespace Name="CoffeeSpace.Client.Views" CoveredStatements="0" TotalStatements="114" CoveragePercent="0">
      <Type Name="CartView" CoveredStatements="0" TotalStatements="5" CoveragePercent="0">
        <Method Name=".ctor(CoffeeSpace.Client._ViewModels.CartViewModel):System.Void" CoveredStatements="0" TotalStatements="5" CoveragePercent="0">
          <Statement FileIndex="438" Line="7" Column="5" EndLine="7" EndColumn="45" Covered="False" />
          <Statement FileIndex="438" Line="8" Column="5" EndLine="8" EndColumn="6" Covered="False" />
          <Statement FileIndex="438" Line="9" Column="9" EndLine="9" EndColumn="31" Covered="False" />
          <Statement FileIndex="438" Line="10" Column="9" EndLine="10" EndColumn="36" Covered="False" />
          <Statement FileIndex="438" Line="11" Column="5" EndLine="11" EndColumn="6" Covered="False" />
        </Method>
      </Type>
      <Type Name="LoginView" CoveredStatements="0" TotalStatements="34" CoveragePercent="0">
        <Type Name="&lt;OnAppearing&gt;d__2" CoveredStatements="0" TotalStatements="8" CoveragePercent="0">
          <Method Name="MoveNext():System.Void" CoveredStatements="0" TotalStatements="8" CoveragePercent="0">
            <Statement FileIndex="439" Line="22" Column="5" EndLine="22" EndColumn="6" Covered="False" />
            <Statement FileIndex="439" Line="23" Column="9" EndLine="23" EndColumn="70" Covered="False" />
            <Statement FileIndex="439" Line="24" Column="9" EndLine="24" EndColumn="43" Covered="False" />
            <Statement FileIndex="439" Line="25" Column="9" EndLine="25" EndColumn="10" Covered="False" />
            <Statement FileIndex="439" Line="26" Column="13" EndLine="26" EndColumn="61" Covered="False" />
            <Statement FileIndex="439" Line="27" Column="9" EndLine="27" EndColumn="10" Covered="False" />
            <Statement FileIndex="439" Line="29" Column="9" EndLine="29" EndColumn="28" Covered="False" />
            <Statement FileIndex="439" Line="30" Column="5" EndLine="30" EndColumn="6" Covered="False" />
          </Method>
        </Type>
        <Type Name="&lt;OnNavigatingFrom&gt;d__3" CoveredStatements="0" TotalStatements="13" CoveragePercent="0">
          <Method Name="MoveNext():System.Void" CoveredStatements="0" TotalStatements="13" CoveragePercent="0">
            <Statement FileIndex="439" Line="33" Column="5" EndLine="33" EndColumn="6" Covered="False" />
            <Statement FileIndex="439" Line="35" Column="9" EndLine="35" EndColumn="73" Covered="False" />
            <Statement FileIndex="439" Line="36" Column="9" EndLine="36" EndColumn="66" Covered="False" />
            <Statement FileIndex="439" Line="37" Column="9" EndLine="37" EndColumn="38" Covered="False" />
            <Statement FileIndex="439" Line="38" Column="9" EndLine="38" EndColumn="10" Covered="False" />
            <Statement FileIndex="439" Line="39" Column="13" EndLine="39" EndColumn="20" Covered="False" />
            <Statement FileIndex="439" Line="42" Column="9" EndLine="45" EndColumn="12" Covered="False" />
            <Statement FileIndex="439" Line="47" Column="9" EndLine="47" EndColumn="21" Covered="False" />
            <Statement FileIndex="439" Line="48" Column="9" EndLine="48" EndColumn="10" Covered="False" />
            <Statement FileIndex="439" Line="49" Column="13" EndLine="49" EndColumn="122" Covered="False" />
            <Statement FileIndex="439" Line="50" Column="13" EndLine="50" EndColumn="20" Covered="False" />
            <Statement FileIndex="439" Line="52" Column="9" EndLine="52" EndColumn="37" Covered="False" />
            <Statement FileIndex="439" Line="53" Column="5" EndLine="53" EndColumn="6" Covered="False" />
          </Method>
        </Type>
        <Method Name=".ctor(CoffeeSpace.Client._ViewModels.LoginViewModel,Mediator.ISender):System.Void" CoveredStatements="0" TotalStatements="6" CoveragePercent="0">
          <Statement FileIndex="439" Line="13" Column="5" EndLine="13" EndColumn="63" Covered="False" />
          <Statement FileIndex="439" Line="14" Column="5" EndLine="14" EndColumn="6" Covered="False" />
          <Statement FileIndex="439" Line="15" Column="9" EndLine="15" EndColumn="31" Covered="False" />
          <Statement FileIndex="439" Line="17" Column="9" EndLine="17" EndColumn="36" Covered="False" />
          <Statement FileIndex="439" Line="18" Column="9" EndLine="18" EndColumn="26" Covered="False" />
          <Statement FileIndex="439" Line="19" Column="5" EndLine="19" EndColumn="6" Covered="False" />
        </Method>
        <Method Name="IsJwtTokenExpired(System.String):System.Boolean" CoveredStatements="0" TotalStatements="7" CoveragePercent="0">
          <Statement FileIndex="439" Line="56" Column="5" EndLine="56" EndColumn="6" Covered="False" />
          <Statement FileIndex="439" Line="57" Column="9" EndLine="57" EndColumn="35" Covered="False" />
          <Statement FileIndex="439" Line="58" Column="9" EndLine="58" EndColumn="10" Covered="False" />
          <Statement FileIndex="439" Line="59" Column="13" EndLine="59" EndColumn="25" Covered="False" />
          <Statement FileIndex="439" Line="62" Column="9" EndLine="62" EndColumn="71" Covered="False" />
          <Statement FileIndex="439" Line="63" Column="9" EndLine="63" EndColumn="75" Covered="False" />
          <Statement FileIndex="439" Line="64" Column="5" EndLine="64" EndColumn="6" Covered="False" />
        </Method>
      </Type>
      <Type Name="MainView" CoveredStatements="0" TotalStatements="14" CoveragePercent="0">
        <Type Name="&lt;OnAppearing&gt;d__3" CoveredStatements="0" TotalStatements="7" CoveragePercent="0">
          <Method Name="MoveNext():System.Void" CoveredStatements="0" TotalStatements="7" CoveragePercent="0">
            <Statement FileIndex="440" Line="24" Column="5" EndLine="24" EndColumn="6" Covered="False" />
            <Statement FileIndex="440" Line="25" Column="9" EndLine="25" EndColumn="47" Covered="False" />
            <Statement FileIndex="440" Line="26" Column="9" EndLine="26" EndColumn="10" Covered="False" />
            <Statement FileIndex="440" Line="27" Column="13" EndLine="27" EndColumn="20" Covered="False" />
            <Statement FileIndex="440" Line="30" Column="9" EndLine="30" EndColumn="70" Covered="False" />
            <Statement FileIndex="440" Line="31" Column="9" EndLine="31" EndColumn="69" Covered="False" />
            <Statement FileIndex="440" Line="32" Column="5" EndLine="32" EndColumn="6" Covered="False" />
          </Method>
        </Type>
        <Method Name=".ctor(CoffeeSpace.Client._ViewModels.MainViewModel,Mediator.ISender):System.Void" CoveredStatements="0" TotalStatements="7" CoveragePercent="0">
          <Statement FileIndex="440" Line="13" Column="5" EndLine="13" EndColumn="61" Covered="False" />
          <Statement FileIndex="440" Line="14" Column="5" EndLine="14" EndColumn="6" Covered="False" />
          <Statement FileIndex="440" Line="15" Column="9" EndLine="15" EndColumn="31" Covered="False" />
          <Statement FileIndex="440" Line="16" Column="9" EndLine="16" EndColumn="36" Covered="False" />
          <Statement FileIndex="440" Line="18" Column="9" EndLine="18" EndColumn="36" Covered="False" />
          <Statement FileIndex="440" Line="19" Column="9" EndLine="19" EndColumn="26" Covered="False" />
          <Statement FileIndex="440" Line="20" Column="5" EndLine="20" EndColumn="6" Covered="False" />
        </Method>
      </Type>
      <Type Name="OrderInformationView" CoveredStatements="0" TotalStatements="15" CoveragePercent="0">
        <Type Name="&lt;OnAppearing&gt;d__2" CoveredStatements="0" TotalStatements="9" CoveragePercent="0">
          <Method Name="MoveNext():System.Void" CoveredStatements="0" TotalStatements="9" CoveragePercent="0">
            <Statement FileIndex="441" Line="18" Column="5" EndLine="18" EndColumn="6" Covered="False" />
            <Statement FileIndex="441" Line="19" Column="9" EndLine="19" EndColumn="28" Covered="False" />
            <Statement FileIndex="441" Line="21" Column="9" EndLine="21" EndColumn="65" Covered="False" />
            <Statement FileIndex="441" Line="22" Column="9" EndLine="22" EndColumn="28" Covered="False" />
            <Statement FileIndex="441" Line="23" Column="9" EndLine="23" EndColumn="10" Covered="False" />
            <Statement FileIndex="441" Line="24" Column="13" EndLine="24" EndColumn="20" Covered="False" />
            <Statement FileIndex="441" Line="27" Column="9" EndLine="27" EndColumn="67" Covered="False" />
            <Statement FileIndex="441" Line="28" Column="9" EndLine="28" EndColumn="91" Covered="False" />
            <Statement FileIndex="441" Line="29" Column="5" EndLine="29" EndColumn="6" Covered="False" />
          </Method>
        </Type>
        <Method Name=".ctor(CoffeeSpace.Client._ViewModels.OrderInformationViewModel,CoffeeSpace.Client.Services.Abstractions.IHubConnectionService):System.Void" CoveredStatements="0" TotalStatements="6" CoveragePercent="0">
          <Statement FileIndex="441" Line="10" Column="5" EndLine="10" EndColumn="113" Covered="False" />
          <Statement FileIndex="441" Line="11" Column="2" EndLine="11" EndColumn="3" Covered="False" />
          <Statement FileIndex="441" Line="12" Column="3" EndLine="12" EndColumn="25" Covered="False" />
          <Statement FileIndex="441" Line="13" Column="3" EndLine="13" EndColumn="30" Covered="False" />
          <Statement FileIndex="441" Line="14" Column="9" EndLine="14" EndColumn="54" Covered="False" />
          <Statement FileIndex="441" Line="15" Column="5" EndLine="15" EndColumn="6" Covered="False" />
        </Method>
      </Type>
      <Type Name="OrderView" CoveredStatements="0" TotalStatements="15" CoveragePercent="0">
        <Type Name="&lt;OnAppearing&gt;d__2" CoveredStatements="0" TotalStatements="9" CoveragePercent="0">
          <Method Name="MoveNext():System.Void" CoveredStatements="0" TotalStatements="9" CoveragePercent="0">
            <Statement FileIndex="442" Line="19" Column="5" EndLine="19" EndColumn="6" Covered="False" />
            <Statement FileIndex="442" Line="20" Column="9" EndLine="20" EndColumn="28" Covered="False" />
            <Statement FileIndex="442" Line="22" Column="9" EndLine="22" EndColumn="65" Covered="False" />
            <Statement FileIndex="442" Line="23" Column="9" EndLine="23" EndColumn="28" Covered="False" />
            <Statement FileIndex="442" Line="24" Column="9" EndLine="24" EndColumn="10" Covered="False" />
            <Statement FileIndex="442" Line="25" Column="13" EndLine="25" EndColumn="20" Covered="False" />
            <Statement FileIndex="442" Line="28" Column="9" EndLine="28" EndColumn="67" Covered="False" />
            <Statement FileIndex="442" Line="29" Column="9" EndLine="29" EndColumn="91" Covered="False" />
            <Statement FileIndex="442" Line="30" Column="5" EndLine="30" EndColumn="6" Covered="False" />
          </Method>
        </Type>
        <Method Name=".ctor(CoffeeSpace.Client._ViewModels.OrderViewModel,CoffeeSpace.Client.Services.Abstractions.IHubConnectionService):System.Void" CoveredStatements="0" TotalStatements="6" CoveragePercent="0">
          <Statement FileIndex="442" Line="10" Column="5" EndLine="10" EndColumn="91" Covered="False" />
          <Statement FileIndex="442" Line="11" Column="5" EndLine="11" EndColumn="6" Covered="False" />
          <Statement FileIndex="442" Line="12" Column="9" EndLine="12" EndColumn="31" Covered="False" />
          <Statement FileIndex="442" Line="14" Column="9" EndLine="14" EndColumn="36" Covered="False" />
          <Statement FileIndex="442" Line="15" Column="9" EndLine="15" EndColumn="54" Covered="False" />
          <Statement FileIndex="442" Line="16" Column="5" EndLine="16" EndColumn="6" Covered="False" />
        </Method>
      </Type>
      <Type Name="ProfileView" CoveredStatements="0" TotalStatements="5" CoveragePercent="0">
        <Method Name=".ctor(CoffeeSpace.Client._ViewModels.ProfileViewModel):System.Void" CoveredStatements="0" TotalStatements="5" CoveragePercent="0">
          <Statement FileIndex="443" Line="11" Column="5" EndLine="11" EndColumn="51" Covered="False" />
          <Statement FileIndex="443" Line="12" Column="5" EndLine="12" EndColumn="6" Covered="False" />
          <Statement FileIndex="443" Line="13" Column="9" EndLine="13" EndColumn="31" Covered="False" />
          <Statement FileIndex="443" Line="14" Column="9" EndLine="14" EndColumn="36" Covered="False" />
          <Statement FileIndex="443" Line="15" Column="5" EndLine="15" EndColumn="6" Covered="False" />
        </Method>
      </Type>
      <Type Name="RegisterView" CoveredStatements="0" TotalStatements="26" CoveragePercent="0">
        <Type Name="&lt;OnNavigatingFrom&gt;d__2" CoveredStatements="0" TotalStatements="13" CoveragePercent="0">
          <Method Name="MoveNext():System.Void" CoveredStatements="0" TotalStatements="13" CoveragePercent="0">
            <Statement FileIndex="444" Line="22" Column="5" EndLine="22" EndColumn="6" Covered="False" />
            <Statement FileIndex="444" Line="24" Column="9" EndLine="24" EndColumn="73" Covered="False" />
            <Statement FileIndex="444" Line="25" Column="9" EndLine="25" EndColumn="66" Covered="False" />
            <Statement FileIndex="444" Line="26" Column="9" EndLine="26" EndColumn="38" Covered="False" />
            <Statement FileIndex="444" Line="27" Column="9" EndLine="27" EndColumn="10" Covered="False" />
            <Statement FileIndex="444" Line="28" Column="13" EndLine="28" EndColumn="20" Covered="False" />
            <Statement FileIndex="444" Line="31" Column="9" EndLine="34" EndColumn="12" Covered="False" />
            <Statement FileIndex="444" Line="36" Column="9" EndLine="36" EndColumn="21" Covered="False" />
            <Statement FileIndex="444" Line="37" Column="9" EndLine="37" EndColumn="10" Covered="False" />
            <Statement FileIndex="444" Line="38" Column="13" EndLine="38" EndColumn="122" Covered="False" />
            <Statement FileIndex="444" Line="39" Column="9" EndLine="39" EndColumn="10" Covered="False" />
            <Statement FileIndex="444" Line="40" Column="9" EndLine="40" EndColumn="37" Covered="False" />
            <Statement FileIndex="444" Line="41" Column="5" EndLine="41" EndColumn="6" Covered="False" />
          </Method>
        </Type>
        <Method Name=".ctor(CoffeeSpace.Client._ViewModels.RegisterViewModel,Mediator.ISender):System.Void" CoveredStatements="0" TotalStatements="6" CoveragePercent="0">
          <Statement FileIndex="444" Line="13" Column="5" EndLine="13" EndColumn="69" Covered="False" />
          <Statement FileIndex="444" Line="14" Column="5" EndLine="14" EndColumn="6" Covered="False" />
          <Statement FileIndex="444" Line="15" Column="9" EndLine="15" EndColumn="31" Covered="False" />
          <Statement FileIndex="444" Line="17" Column="9" EndLine="17" EndColumn="36" Covered="False" />
          <Statement FileIndex="444" Line="18" Column="9" EndLine="18" EndColumn="26" Covered="False" />
          <Statement FileIndex="444" Line="19" Column="5" EndLine="19" EndColumn="6" Covered="False" />
        </Method>
        <Method Name="IsJwtTokenExpired(System.String):System.Boolean" CoveredStatements="0" TotalStatements="7" CoveragePercent="0">
          <Statement FileIndex="444" Line="44" Column="5" EndLine="44" EndColumn="6" Covered="False" />
          <Statement FileIndex="444" Line="45" Column="9" EndLine="45" EndColumn="35" Covered="False" />
          <Statement FileIndex="444" Line="46" Column="9" EndLine="46" EndColumn="10" Covered="False" />
          <Statement FileIndex="444" Line="47" Column="13" EndLine="47" EndColumn="25" Covered="False" />
          <Statement FileIndex="444" Line="50" Column="9" EndLine="50" EndColumn="71" Covered="False" />
          <Statement FileIndex="444" Line="51" Column="9" EndLine="51" EndColumn="75" Covered="False" />
          <Statement FileIndex="444" Line="52" Column="5" EndLine="52" EndColumn="6" Covered="False" />
        </Method>
      </Type>
    </Namespace>
    <Namespace Name="Microsoft.Maui.Controls" CoveredStatements="0" TotalStatements="234" CoveragePercent="0">
      <Type Name="ColorAnimationExtensions_Button" CoveredStatements="0" TotalStatements="26" CoveragePercent="0">
        <Type Name="&lt;&gt;c__DisplayClass0_0" CoveredStatements="0" TotalStatements="1" CoveragePercent="0">
          <Method Name="&lt;TextColorTo&gt;b__0(System.Double,System.Boolean):System.Void" CoveredStatements="0" TotalStatements="1" CoveragePercent="0">
            <Statement FileIndex="471" Line="57" Column="84" EndLine="57" EndColumn="125" Covered="False" />
          </Method>
        </Type>
        <Type Name="&lt;&gt;c__DisplayClass0_1" CoveredStatements="0" TotalStatements="1" CoveragePercent="0">
          <Method Name="&lt;TextColorTo&gt;b__5(System.Double):System.Void" CoveredStatements="0" TotalStatements="1" CoveragePercent="0">
            <Statement FileIndex="471" Line="68" Column="120" EndLine="68" EndColumn="168" Covered="False" />
          </Method>
        </Type>
        <Type Name="&lt;&gt;c__DisplayClass0_2" CoveredStatements="0" TotalStatements="1" CoveragePercent="0">
          <Method Name="&lt;TextColorTo&gt;b__6(System.Double):System.Void" CoveredStatements="0" TotalStatements="1" CoveragePercent="0">
            <Statement FileIndex="471" Line="69" Column="124" EndLine="69" EndColumn="174" Covered="False" />
          </Method>
        </Type>
        <Type Name="&lt;&gt;c__DisplayClass0_3" CoveredStatements="0" TotalStatements="1" CoveragePercent="0">
          <Method Name="&lt;TextColorTo&gt;b__7(System.Double):System.Void" CoveredStatements="0" TotalStatements="1" CoveragePercent="0">
            <Statement FileIndex="471" Line="70" Column="122" EndLine="70" EndColumn="171" Covered="False" />
          </Method>
        </Type>
        <Type Name="&lt;&gt;c__DisplayClass0_4" CoveredStatements="0" TotalStatements="1" CoveragePercent="0">
          <Method Name="&lt;TextColorTo&gt;b__8(System.Double):System.Void" CoveredStatements="0" TotalStatements="1" CoveragePercent="0">
            <Statement FileIndex="471" Line="71" Column="124" EndLine="71" EndColumn="181" Covered="False" />
          </Method>
        </Type>
        <Method Name="&lt;TextColorTo&gt;g__GetAlphaTransformAnimation|0_4(Microsoft.Maui.Controls.Button,System.Single):Microsoft.Maui.Controls.Animation" CoveredStatements="0" TotalStatements="1" CoveragePercent="0">
          <Statement FileIndex="471" Line="71" Column="115" EndLine="71" EndColumn="220" Covered="False" />
        </Method>
        <Method Name="&lt;TextColorTo&gt;g__GetBlueTransformAnimation|0_3(Microsoft.Maui.Controls.Button,System.Single):Microsoft.Maui.Controls.Animation" CoveredStatements="0" TotalStatements="1" CoveragePercent="0">
          <Statement FileIndex="471" Line="70" Column="113" EndLine="70" EndColumn="208" Covered="False" />
        </Method>
        <Method Name="&lt;TextColorTo&gt;g__GetGreenTransformAnimation|0_2(Microsoft.Maui.Controls.Button,System.Single):Microsoft.Maui.Controls.Animation" CoveredStatements="0" TotalStatements="1" CoveragePercent="0">
          <Statement FileIndex="471" Line="69" Column="115" EndLine="69" EndColumn="213" Covered="False" />
        </Method>
        <Method Name="&lt;TextColorTo&gt;g__GetRedTransformAnimation|0_1(Microsoft.Maui.Controls.Button,System.Single):Microsoft.Maui.Controls.Animation" CoveredStatements="0" TotalStatements="1" CoveragePercent="0">
          <Statement FileIndex="471" Line="68" Column="111" EndLine="68" EndColumn="203" Covered="False" />
        </Method>
        <Method Name="TextColorTo(Microsoft.Maui.Controls.Button,Microsoft.Maui.Graphics.Color,System.UInt32,System.UInt32,Microsoft.Maui.Easing):System.Threading.Tasks.Task&lt;System.Boolean&gt;" CoveredStatements="0" TotalStatements="17" CoveragePercent="0">
          <Statement FileIndex="471" Line="24" Column="5" EndLine="24" EndColumn="6" Covered="False" />
          <Statement FileIndex="471" Line="25" Column="9" EndLine="25" EndColumn="52" Covered="False" />
          <Statement FileIndex="471" Line="26" Column="9" EndLine="26" EndColumn="50" Covered="False" />
          <Statement FileIndex="471" Line="27" Column="9" EndLine="27" EndColumn="54" Covered="False" />
          <Statement FileIndex="471" Line="28" Column="13" EndLine="28" EndColumn="121" Covered="False" />
          <Statement FileIndex="471" Line="31" Column="9" EndLine="31" EndColumn="50" Covered="False" />
          <Statement FileIndex="471" Line="32" Column="9" EndLine="32" EndColumn="74" Covered="False" />
          <Statement FileIndex="471" Line="34" Column="9" EndLine="34" EndColumn="10" Covered="False" />
          <Statement FileIndex="471" Line="35" Column="13" EndLine="57" EndColumn="127" Covered="False" />
          <Statement FileIndex="471" Line="58" Column="9" EndLine="58" EndColumn="10" Covered="False" />
          <Statement FileIndex="471" Line="59" Column="9" EndLine="59" EndColumn="38" Covered="False" />
          <Statement FileIndex="471" Line="60" Column="9" EndLine="60" EndColumn="10" Covered="False" />
          <Statement FileIndex="471" Line="63" Column="13" EndLine="63" EndColumn="149" Covered="False" />
          <Statement FileIndex="471" Line="64" Column="13" EndLine="64" EndColumn="56" Covered="False" />
          <Statement FileIndex="471" Line="65" Column="9" EndLine="65" EndColumn="10" Covered="False" />
          <Statement FileIndex="471" Line="67" Column="9" EndLine="67" EndColumn="47" Covered="False" />
          <Statement FileIndex="471" Line="72" Column="5" EndLine="72" EndColumn="6" Covered="False" />
        </Method>
      </Type>
      <Type Name="ColorAnimationExtensions_DatePicker" CoveredStatements="0" TotalStatements="26" CoveragePercent="0">
        <Type Name="&lt;&gt;c__DisplayClass0_0" CoveredStatements="0" TotalStatements="1" CoveragePercent="0">
          <Method Name="&lt;TextColorTo&gt;b__0(System.Double,System.Boolean):System.Void" CoveredStatements="0" TotalStatements="1" CoveragePercent="0">
            <Statement FileIndex="472" Line="57" Column="84" EndLine="57" EndColumn="125" Covered="False" />
          </Method>
        </Type>
        <Type Name="&lt;&gt;c__DisplayClass0_1" CoveredStatements="0" TotalStatements="1" CoveragePercent="0">
          <Method Name="&lt;TextColorTo&gt;b__5(System.Double):System.Void" CoveredStatements="0" TotalStatements="1" CoveragePercent="0">
            <Statement FileIndex="472" Line="68" Column="124" EndLine="68" EndColumn="172" Covered="False" />
          </Method>
        </Type>
        <Type Name="&lt;&gt;c__DisplayClass0_2" CoveredStatements="0" TotalStatements="1" CoveragePercent="0">
          <Method Name="&lt;TextColorTo&gt;b__6(System.Double):System.Void" CoveredStatements="0" TotalStatements="1" CoveragePercent="0">
            <Statement FileIndex="472" Line="69" Column="128" EndLine="69" EndColumn="178" Covered="False" />
          </Method>
        </Type>
        <Type Name="&lt;&gt;c__DisplayClass0_3" CoveredStatements="0" TotalStatements="1" CoveragePercent="0">
          <Method Name="&lt;TextColorTo&gt;b__7(System.Double):System.Void" CoveredStatements="0" TotalStatements="1" CoveragePercent="0">
            <Statement FileIndex="472" Line="70" Column="126" EndLine="70" EndColumn="175" Covered="False" />
          </Method>
        </Type>
        <Type Name="&lt;&gt;c__DisplayClass0_4" CoveredStatements="0" TotalStatements="1" CoveragePercent="0">
          <Method Name="&lt;TextColorTo&gt;b__8(System.Double):System.Void" CoveredStatements="0" TotalStatements="1" CoveragePercent="0">
            <Statement FileIndex="472" Line="71" Column="128" EndLine="71" EndColumn="185" Covered="False" />
          </Method>
        </Type>
        <Method Name="&lt;TextColorTo&gt;g__GetAlphaTransformAnimation|0_4(Microsoft.Maui.Controls.DatePicker,System.Single):Microsoft.Maui.Controls.Animation" CoveredStatements="0" TotalStatements="1" CoveragePercent="0">
          <Statement FileIndex="472" Line="71" Column="119" EndLine="71" EndColumn="224" Covered="False" />
        </Method>
        <Method Name="&lt;TextColorTo&gt;g__GetBlueTransformAnimation|0_3(Microsoft.Maui.Controls.DatePicker,System.Single):Microsoft.Maui.Controls.Animation" CoveredStatements="0" TotalStatements="1" CoveragePercent="0">
          <Statement FileIndex="472" Line="70" Column="117" EndLine="70" EndColumn="212" Covered="False" />
        </Method>
        <Method Name="&lt;TextColorTo&gt;g__GetGreenTransformAnimation|0_2(Microsoft.Maui.Controls.DatePicker,System.Single):Microsoft.Maui.Controls.Animation" CoveredStatements="0" TotalStatements="1" CoveragePercent="0">
          <Statement FileIndex="472" Line="69" Column="119" EndLine="69" EndColumn="217" Covered="False" />
        </Method>
        <Method Name="&lt;TextColorTo&gt;g__GetRedTransformAnimation|0_1(Microsoft.Maui.Controls.DatePicker,System.Single):Microsoft.Maui.Controls.Animation" CoveredStatements="0" TotalStatements="1" CoveragePercent="0">
          <Statement FileIndex="472" Line="68" Column="115" EndLine="68" EndColumn="207" Covered="False" />
        </Method>
        <Method Name="TextColorTo(Microsoft.Maui.Controls.DatePicker,Microsoft.Maui.Graphics.Color,System.UInt32,System.UInt32,Microsoft.Maui.Easing):System.Threading.Tasks.Task&lt;System.Boolean&gt;" CoveredStatements="0" TotalStatements="17" CoveragePercent="0">
          <Statement FileIndex="472" Line="24" Column="5" EndLine="24" EndColumn="6" Covered="False" />
          <Statement FileIndex="472" Line="25" Column="9" EndLine="25" EndColumn="52" Covered="False" />
          <Statement FileIndex="472" Line="26" Column="9" EndLine="26" EndColumn="50" Covered="False" />
          <Statement FileIndex="472" Line="27" Column="9" EndLine="27" EndColumn="54" Covered="False" />
          <Statement FileIndex="472" Line="28" Column="13" EndLine="28" EndColumn="121" Covered="False" />
          <Statement FileIndex="472" Line="31" Column="9" EndLine="31" EndColumn="50" Covered="False" />
          <Statement FileIndex="472" Line="32" Column="9" EndLine="32" EndColumn="74" Covered="False" />
          <Statement FileIndex="472" Line="34" Column="9" EndLine="34" EndColumn="10" Covered="False" />
          <Statement FileIndex="472" Line="35" Column="13" EndLine="57" EndColumn="127" Covered="False" />
          <Statement FileIndex="472" Line="58" Column="9" EndLine="58" EndColumn="10" Covered="False" />
          <Statement FileIndex="472" Line="59" Column="9" EndLine="59" EndColumn="38" Covered="False" />
          <Statement FileIndex="472" Line="60" Column="9" EndLine="60" EndColumn="10" Covered="False" />
          <Statement FileIndex="472" Line="63" Column="13" EndLine="63" EndColumn="153" Covered="False" />
          <Statement FileIndex="472" Line="64" Column="13" EndLine="64" EndColumn="56" Covered="False" />
          <Statement FileIndex="472" Line="65" Column="9" EndLine="65" EndColumn="10" Covered="False" />
          <Statement FileIndex="472" Line="67" Column="9" EndLine="67" EndColumn="47" Covered="False" />
          <Statement FileIndex="472" Line="72" Column="5" EndLine="72" EndColumn="6" Covered="False" />
        </Method>
      </Type>
      <Type Name="ColorAnimationExtensions_Editor" CoveredStatements="0" TotalStatements="26" CoveragePercent="0">
        <Type Name="&lt;&gt;c__DisplayClass0_0" CoveredStatements="0" TotalStatements="1" CoveragePercent="0">
          <Method Name="&lt;TextColorTo&gt;b__0(System.Double,System.Boolean):System.Void" CoveredStatements="0" TotalStatements="1" CoveragePercent="0">
            <Statement FileIndex="473" Line="57" Column="84" EndLine="57" EndColumn="125" Covered="False" />
          </Method>
        </Type>
        <Type Name="&lt;&gt;c__DisplayClass0_1" CoveredStatements="0" TotalStatements="1" CoveragePercent="0">
          <Method Name="&lt;TextColorTo&gt;b__5(System.Double):System.Void" CoveredStatements="0" TotalStatements="1" CoveragePercent="0">
            <Statement FileIndex="473" Line="68" Column="120" EndLine="68" EndColumn="168" Covered="False" />
          </Method>
        </Type>
        <Type Name="&lt;&gt;c__DisplayClass0_2" CoveredStatements="0" TotalStatements="1" CoveragePercent="0">
          <Method Name="&lt;TextColorTo&gt;b__6(System.Double):System.Void" CoveredStatements="0" TotalStatements="1" CoveragePercent="0">
            <Statement FileIndex="473" Line="69" Column="124" EndLine="69" EndColumn="174" Covered="False" />
          </Method>
        </Type>
        <Type Name="&lt;&gt;c__DisplayClass0_3" CoveredStatements="0" TotalStatements="1" CoveragePercent="0">
          <Method Name="&lt;TextColorTo&gt;b__7(System.Double):System.Void" CoveredStatements="0" TotalStatements="1" CoveragePercent="0">
            <Statement FileIndex="473" Line="70" Column="122" EndLine="70" EndColumn="171" Covered="False" />
          </Method>
        </Type>
        <Type Name="&lt;&gt;c__DisplayClass0_4" CoveredStatements="0" TotalStatements="1" CoveragePercent="0">
          <Method Name="&lt;TextColorTo&gt;b__8(System.Double):System.Void" CoveredStatements="0" TotalStatements="1" CoveragePercent="0">
            <Statement FileIndex="473" Line="71" Column="124" EndLine="71" EndColumn="181" Covered="False" />
          </Method>
        </Type>
        <Method Name="&lt;TextColorTo&gt;g__GetAlphaTransformAnimation|0_4(Microsoft.Maui.Controls.Editor,System.Single):Microsoft.Maui.Controls.Animation" CoveredStatements="0" TotalStatements="1" CoveragePercent="0">
          <Statement FileIndex="473" Line="71" Column="115" EndLine="71" EndColumn="220" Covered="False" />
        </Method>
        <Method Name="&lt;TextColorTo&gt;g__GetBlueTransformAnimation|0_3(Microsoft.Maui.Controls.Editor,System.Single):Microsoft.Maui.Controls.Animation" CoveredStatements="0" TotalStatements="1" CoveragePercent="0">
          <Statement FileIndex="473" Line="70" Column="113" EndLine="70" EndColumn="208" Covered="False" />
        </Method>
        <Method Name="&lt;TextColorTo&gt;g__GetGreenTransformAnimation|0_2(Microsoft.Maui.Controls.Editor,System.Single):Microsoft.Maui.Controls.Animation" CoveredStatements="0" TotalStatements="1" CoveragePercent="0">
          <Statement FileIndex="473" Line="69" Column="115" EndLine="69" EndColumn="213" Covered="False" />
        </Method>
        <Method Name="&lt;TextColorTo&gt;g__GetRedTransformAnimation|0_1(Microsoft.Maui.Controls.Editor,System.Single):Microsoft.Maui.Controls.Animation" CoveredStatements="0" TotalStatements="1" CoveragePercent="0">
          <Statement FileIndex="473" Line="68" Column="111" EndLine="68" EndColumn="203" Covered="False" />
        </Method>
        <Method Name="TextColorTo(Microsoft.Maui.Controls.Editor,Microsoft.Maui.Graphics.Color,System.UInt32,System.UInt32,Microsoft.Maui.Easing):System.Threading.Tasks.Task&lt;System.Boolean&gt;" CoveredStatements="0" TotalStatements="17" CoveragePercent="0">
          <Statement FileIndex="473" Line="24" Column="5" EndLine="24" EndColumn="6" Covered="False" />
          <Statement FileIndex="473" Line="25" Column="9" EndLine="25" EndColumn="52" Covered="False" />
          <Statement FileIndex="473" Line="26" Column="9" EndLine="26" EndColumn="50" Covered="False" />
          <Statement FileIndex="473" Line="27" Column="9" EndLine="27" EndColumn="54" Covered="False" />
          <Statement FileIndex="473" Line="28" Column="13" EndLine="28" EndColumn="121" Covered="False" />
          <Statement FileIndex="473" Line="31" Column="9" EndLine="31" EndColumn="50" Covered="False" />
          <Statement FileIndex="473" Line="32" Column="9" EndLine="32" EndColumn="74" Covered="False" />
          <Statement FileIndex="473" Line="34" Column="9" EndLine="34" EndColumn="10" Covered="False" />
          <Statement FileIndex="473" Line="35" Column="13" EndLine="57" EndColumn="127" Covered="False" />
          <Statement FileIndex="473" Line="58" Column="9" EndLine="58" EndColumn="10" Covered="False" />
          <Statement FileIndex="473" Line="59" Column="9" EndLine="59" EndColumn="38" Covered="False" />
          <Statement FileIndex="473" Line="60" Column="9" EndLine="60" EndColumn="10" Covered="False" />
          <Statement FileIndex="473" Line="63" Column="13" EndLine="63" EndColumn="149" Covered="False" />
          <Statement FileIndex="473" Line="64" Column="13" EndLine="64" EndColumn="56" Covered="False" />
          <Statement FileIndex="473" Line="65" Column="9" EndLine="65" EndColumn="10" Covered="False" />
          <Statement FileIndex="473" Line="67" Column="9" EndLine="67" EndColumn="47" Covered="False" />
          <Statement FileIndex="473" Line="72" Column="5" EndLine="72" EndColumn="6" Covered="False" />
        </Method>
      </Type>
      <Type Name="ColorAnimationExtensions_Entry" CoveredStatements="0" TotalStatements="26" CoveragePercent="0">
        <Type Name="&lt;&gt;c__DisplayClass0_0" CoveredStatements="0" TotalStatements="1" CoveragePercent="0">
          <Method Name="&lt;TextColorTo&gt;b__0(System.Double,System.Boolean):System.Void" CoveredStatements="0" TotalStatements="1" CoveragePercent="0">
            <Statement FileIndex="474" Line="57" Column="84" EndLine="57" EndColumn="125" Covered="False" />
          </Method>
        </Type>
        <Type Name="&lt;&gt;c__DisplayClass0_1" CoveredStatements="0" TotalStatements="1" CoveragePercent="0">
          <Method Name="&lt;TextColorTo&gt;b__5(System.Double):System.Void" CoveredStatements="0" TotalStatements="1" CoveragePercent="0">
            <Statement FileIndex="474" Line="68" Column="119" EndLine="68" EndColumn="167" Covered="False" />
          </Method>
        </Type>
        <Type Name="&lt;&gt;c__DisplayClass0_2" CoveredStatements="0" TotalStatements="1" CoveragePercent="0">
          <Method Name="&lt;TextColorTo&gt;b__6(System.Double):System.Void" CoveredStatements="0" TotalStatements="1" CoveragePercent="0">
            <Statement FileIndex="474" Line="69" Column="123" EndLine="69" EndColumn="173" Covered="False" />
          </Method>
        </Type>
        <Type Name="&lt;&gt;c__DisplayClass0_3" CoveredStatements="0" TotalStatements="1" CoveragePercent="0">
          <Method Name="&lt;TextColorTo&gt;b__7(System.Double):System.Void" CoveredStatements="0" TotalStatements="1" CoveragePercent="0">
            <Statement FileIndex="474" Line="70" Column="121" EndLine="70" EndColumn="170" Covered="False" />
          </Method>
        </Type>
        <Type Name="&lt;&gt;c__DisplayClass0_4" CoveredStatements="0" TotalStatements="1" CoveragePercent="0">
          <Method Name="&lt;TextColorTo&gt;b__8(System.Double):System.Void" CoveredStatements="0" TotalStatements="1" CoveragePercent="0">
            <Statement FileIndex="474" Line="71" Column="123" EndLine="71" EndColumn="180" Covered="False" />
          </Method>
        </Type>
        <Method Name="&lt;TextColorTo&gt;g__GetAlphaTransformAnimation|0_4(Microsoft.Maui.Controls.Entry,System.Single):Microsoft.Maui.Controls.Animation" CoveredStatements="0" TotalStatements="1" CoveragePercent="0">
          <Statement FileIndex="474" Line="71" Column="114" EndLine="71" EndColumn="219" Covered="False" />
        </Method>
        <Method Name="&lt;TextColorTo&gt;g__GetBlueTransformAnimation|0_3(Microsoft.Maui.Controls.Entry,System.Single):Microsoft.Maui.Controls.Animation" CoveredStatements="0" TotalStatements="1" CoveragePercent="0">
          <Statement FileIndex="474" Line="70" Column="112" EndLine="70" EndColumn="207" Covered="False" />
        </Method>
        <Method Name="&lt;TextColorTo&gt;g__GetGreenTransformAnimation|0_2(Microsoft.Maui.Controls.Entry,System.Single):Microsoft.Maui.Controls.Animation" CoveredStatements="0" TotalStatements="1" CoveragePercent="0">
          <Statement FileIndex="474" Line="69" Column="114" EndLine="69" EndColumn="212" Covered="False" />
        </Method>
        <Method Name="&lt;TextColorTo&gt;g__GetRedTransformAnimation|0_1(Microsoft.Maui.Controls.Entry,System.Single):Microsoft.Maui.Controls.Animation" CoveredStatements="0" TotalStatements="1" CoveragePercent="0">
          <Statement FileIndex="474" Line="68" Column="110" EndLine="68" EndColumn="202" Covered="False" />
        </Method>
        <Method Name="TextColorTo(Microsoft.Maui.Controls.Entry,Microsoft.Maui.Graphics.Color,System.UInt32,System.UInt32,Microsoft.Maui.Easing):System.Threading.Tasks.Task&lt;System.Boolean&gt;" CoveredStatements="0" TotalStatements="17" CoveragePercent="0">
          <Statement FileIndex="474" Line="24" Column="5" EndLine="24" EndColumn="6" Covered="False" />
          <Statement FileIndex="474" Line="25" Column="9" EndLine="25" EndColumn="52" Covered="False" />
          <Statement FileIndex="474" Line="26" Column="9" EndLine="26" EndColumn="50" Covered="False" />
          <Statement FileIndex="474" Line="27" Column="9" EndLine="27" EndColumn="54" Covered="False" />
          <Statement FileIndex="474" Line="28" Column="13" EndLine="28" EndColumn="121" Covered="False" />
          <Statement FileIndex="474" Line="31" Column="9" EndLine="31" EndColumn="50" Covered="False" />
          <Statement FileIndex="474" Line="32" Column="9" EndLine="32" EndColumn="74" Covered="False" />
          <Statement FileIndex="474" Line="34" Column="9" EndLine="34" EndColumn="10" Covered="False" />
          <Statement FileIndex="474" Line="35" Column="13" EndLine="57" EndColumn="127" Covered="False" />
          <Statement FileIndex="474" Line="58" Column="9" EndLine="58" EndColumn="10" Covered="False" />
          <Statement FileIndex="474" Line="59" Column="9" EndLine="59" EndColumn="38" Covered="False" />
          <Statement FileIndex="474" Line="60" Column="9" EndLine="60" EndColumn="10" Covered="False" />
          <Statement FileIndex="474" Line="63" Column="13" EndLine="63" EndColumn="148" Covered="False" />
          <Statement FileIndex="474" Line="64" Column="13" EndLine="64" EndColumn="56" Covered="False" />
          <Statement FileIndex="474" Line="65" Column="9" EndLine="65" EndColumn="10" Covered="False" />
          <Statement FileIndex="474" Line="67" Column="9" EndLine="67" EndColumn="47" Covered="False" />
          <Statement FileIndex="474" Line="72" Column="5" EndLine="72" EndColumn="6" Covered="False" />
        </Method>
      </Type>
      <Type Name="ColorAnimationExtensions_Label" CoveredStatements="0" TotalStatements="26" CoveragePercent="0">
        <Type Name="&lt;&gt;c__DisplayClass0_0" CoveredStatements="0" TotalStatements="1" CoveragePercent="0">
          <Method Name="&lt;TextColorTo&gt;b__0(System.Double,System.Boolean):System.Void" CoveredStatements="0" TotalStatements="1" CoveragePercent="0">
            <Statement FileIndex="475" Line="57" Column="84" EndLine="57" EndColumn="125" Covered="False" />
          </Method>
        </Type>
        <Type Name="&lt;&gt;c__DisplayClass0_1" CoveredStatements="0" TotalStatements="1" CoveragePercent="0">
          <Method Name="&lt;TextColorTo&gt;b__5(System.Double):System.Void" CoveredStatements="0" TotalStatements="1" CoveragePercent="0">
            <Statement FileIndex="475" Line="68" Column="119" EndLine="68" EndColumn="167" Covered="False" />
          </Method>
        </Type>
        <Type Name="&lt;&gt;c__DisplayClass0_2" CoveredStatements="0" TotalStatements="1" CoveragePercent="0">
          <Method Name="&lt;TextColorTo&gt;b__6(System.Double):System.Void" CoveredStatements="0" TotalStatements="1" CoveragePercent="0">
            <Statement FileIndex="475" Line="69" Column="123" EndLine="69" EndColumn="173" Covered="False" />
          </Method>
        </Type>
        <Type Name="&lt;&gt;c__DisplayClass0_3" CoveredStatements="0" TotalStatements="1" CoveragePercent="0">
          <Method Name="&lt;TextColorTo&gt;b__7(System.Double):System.Void" CoveredStatements="0" TotalStatements="1" CoveragePercent="0">
            <Statement FileIndex="475" Line="70" Column="121" EndLine="70" EndColumn="170" Covered="False" />
          </Method>
        </Type>
        <Type Name="&lt;&gt;c__DisplayClass0_4" CoveredStatements="0" TotalStatements="1" CoveragePercent="0">
          <Method Name="&lt;TextColorTo&gt;b__8(System.Double):System.Void" CoveredStatements="0" TotalStatements="1" CoveragePercent="0">
            <Statement FileIndex="475" Line="71" Column="123" EndLine="71" EndColumn="180" Covered="False" />
          </Method>
        </Type>
        <Method Name="&lt;TextColorTo&gt;g__GetAlphaTransformAnimation|0_4(Microsoft.Maui.Controls.Label,System.Single):Microsoft.Maui.Controls.Animation" CoveredStatements="0" TotalStatements="1" CoveragePercent="0">
          <Statement FileIndex="475" Line="71" Column="114" EndLine="71" EndColumn="219" Covered="False" />
        </Method>
        <Method Name="&lt;TextColorTo&gt;g__GetBlueTransformAnimation|0_3(Microsoft.Maui.Controls.Label,System.Single):Microsoft.Maui.Controls.Animation" CoveredStatements="0" TotalStatements="1" CoveragePercent="0">
          <Statement FileIndex="475" Line="70" Column="112" EndLine="70" EndColumn="207" Covered="False" />
        </Method>
        <Method Name="&lt;TextColorTo&gt;g__GetGreenTransformAnimation|0_2(Microsoft.Maui.Controls.Label,System.Single):Microsoft.Maui.Controls.Animation" CoveredStatements="0" TotalStatements="1" CoveragePercent="0">
          <Statement FileIndex="475" Line="69" Column="114" EndLine="69" EndColumn="212" Covered="False" />
        </Method>
        <Method Name="&lt;TextColorTo&gt;g__GetRedTransformAnimation|0_1(Microsoft.Maui.Controls.Label,System.Single):Microsoft.Maui.Controls.Animation" CoveredStatements="0" TotalStatements="1" CoveragePercent="0">
          <Statement FileIndex="475" Line="68" Column="110" EndLine="68" EndColumn="202" Covered="False" />
        </Method>
        <Method Name="TextColorTo(Microsoft.Maui.Controls.Label,Microsoft.Maui.Graphics.Color,System.UInt32,System.UInt32,Microsoft.Maui.Easing):System.Threading.Tasks.Task&lt;System.Boolean&gt;" CoveredStatements="0" TotalStatements="17" CoveragePercent="0">
          <Statement FileIndex="475" Line="24" Column="5" EndLine="24" EndColumn="6" Covered="False" />
          <Statement FileIndex="475" Line="25" Column="9" EndLine="25" EndColumn="52" Covered="False" />
          <Statement FileIndex="475" Line="26" Column="9" EndLine="26" EndColumn="50" Covered="False" />
          <Statement FileIndex="475" Line="27" Column="9" EndLine="27" EndColumn="54" Covered="False" />
          <Statement FileIndex="475" Line="28" Column="13" EndLine="28" EndColumn="121" Covered="False" />
          <Statement FileIndex="475" Line="31" Column="9" EndLine="31" EndColumn="50" Covered="False" />
          <Statement FileIndex="475" Line="32" Column="9" EndLine="32" EndColumn="74" Covered="False" />
          <Statement FileIndex="475" Line="34" Column="9" EndLine="34" EndColumn="10" Covered="False" />
          <Statement FileIndex="475" Line="35" Column="13" EndLine="57" EndColumn="127" Covered="False" />
          <Statement FileIndex="475" Line="58" Column="9" EndLine="58" EndColumn="10" Covered="False" />
          <Statement FileIndex="475" Line="59" Column="9" EndLine="59" EndColumn="38" Covered="False" />
          <Statement FileIndex="475" Line="60" Column="9" EndLine="60" EndColumn="10" Covered="False" />
          <Statement FileIndex="475" Line="63" Column="13" EndLine="63" EndColumn="148" Covered="False" />
          <Statement FileIndex="475" Line="64" Column="13" EndLine="64" EndColumn="56" Covered="False" />
          <Statement FileIndex="475" Line="65" Column="9" EndLine="65" EndColumn="10" Covered="False" />
          <Statement FileIndex="475" Line="67" Column="9" EndLine="67" EndColumn="47" Covered="False" />
          <Statement FileIndex="475" Line="72" Column="5" EndLine="72" EndColumn="6" Covered="False" />
        </Method>
      </Type>
      <Type Name="ColorAnimationExtensions_Picker" CoveredStatements="0" TotalStatements="26" CoveragePercent="0">
        <Type Name="&lt;&gt;c__DisplayClass0_0" CoveredStatements="0" TotalStatements="1" CoveragePercent="0">
          <Method Name="&lt;TextColorTo&gt;b__0(System.Double,System.Boolean):System.Void" CoveredStatements="0" TotalStatements="1" CoveragePercent="0">
            <Statement FileIndex="476" Line="57" Column="84" EndLine="57" EndColumn="125" Covered="False" />
          </Method>
        </Type>
        <Type Name="&lt;&gt;c__DisplayClass0_1" CoveredStatements="0" TotalStatements="1" CoveragePercent="0">
          <Method Name="&lt;TextColorTo&gt;b__5(System.Double):System.Void" CoveredStatements="0" TotalStatements="1" CoveragePercent="0">
            <Statement FileIndex="476" Line="68" Column="120" EndLine="68" EndColumn="168" Covered="False" />
          </Method>
        </Type>
        <Type Name="&lt;&gt;c__DisplayClass0_2" CoveredStatements="0" TotalStatements="1" CoveragePercent="0">
          <Method Name="&lt;TextColorTo&gt;b__6(System.Double):System.Void" CoveredStatements="0" TotalStatements="1" CoveragePercent="0">
            <Statement FileIndex="476" Line="69" Column="124" EndLine="69" EndColumn="174" Covered="False" />
          </Method>
        </Type>
        <Type Name="&lt;&gt;c__DisplayClass0_3" CoveredStatements="0" TotalStatements="1" CoveragePercent="0">
          <Method Name="&lt;TextColorTo&gt;b__7(System.Double):System.Void" CoveredStatements="0" TotalStatements="1" CoveragePercent="0">
            <Statement FileIndex="476" Line="70" Column="122" EndLine="70" EndColumn="171" Covered="False" />
          </Method>
        </Type>
        <Type Name="&lt;&gt;c__DisplayClass0_4" CoveredStatements="0" TotalStatements="1" CoveragePercent="0">
          <Method Name="&lt;TextColorTo&gt;b__8(System.Double):System.Void" CoveredStatements="0" TotalStatements="1" CoveragePercent="0">
            <Statement FileIndex="476" Line="71" Column="124" EndLine="71" EndColumn="181" Covered="False" />
          </Method>
        </Type>
        <Method Name="&lt;TextColorTo&gt;g__GetAlphaTransformAnimation|0_4(Microsoft.Maui.Controls.Picker,System.Single):Microsoft.Maui.Controls.Animation" CoveredStatements="0" TotalStatements="1" CoveragePercent="0">
          <Statement FileIndex="476" Line="71" Column="115" EndLine="71" EndColumn="220" Covered="False" />
        </Method>
        <Method Name="&lt;TextColorTo&gt;g__GetBlueTransformAnimation|0_3(Microsoft.Maui.Controls.Picker,System.Single):Microsoft.Maui.Controls.Animation" CoveredStatements="0" TotalStatements="1" CoveragePercent="0">
          <Statement FileIndex="476" Line="70" Column="113" EndLine="70" EndColumn="208" Covered="False" />
        </Method>
        <Method Name="&lt;TextColorTo&gt;g__GetGreenTransformAnimation|0_2(Microsoft.Maui.Controls.Picker,System.Single):Microsoft.Maui.Controls.Animation" CoveredStatements="0" TotalStatements="1" CoveragePercent="0">
          <Statement FileIndex="476" Line="69" Column="115" EndLine="69" EndColumn="213" Covered="False" />
        </Method>
        <Method Name="&lt;TextColorTo&gt;g__GetRedTransformAnimation|0_1(Microsoft.Maui.Controls.Picker,System.Single):Microsoft.Maui.Controls.Animation" CoveredStatements="0" TotalStatements="1" CoveragePercent="0">
          <Statement FileIndex="476" Line="68" Column="111" EndLine="68" EndColumn="203" Covered="False" />
        </Method>
        <Method Name="TextColorTo(Microsoft.Maui.Controls.Picker,Microsoft.Maui.Graphics.Color,System.UInt32,System.UInt32,Microsoft.Maui.Easing):System.Threading.Tasks.Task&lt;System.Boolean&gt;" CoveredStatements="0" TotalStatements="17" CoveragePercent="0">
          <Statement FileIndex="476" Line="24" Column="5" EndLine="24" EndColumn="6" Covered="False" />
          <Statement FileIndex="476" Line="25" Column="9" EndLine="25" EndColumn="52" Covered="False" />
          <Statement FileIndex="476" Line="26" Column="9" EndLine="26" EndColumn="50" Covered="False" />
          <Statement FileIndex="476" Line="27" Column="9" EndLine="27" EndColumn="54" Covered="False" />
          <Statement FileIndex="476" Line="28" Column="13" EndLine="28" EndColumn="121" Covered="False" />
          <Statement FileIndex="476" Line="31" Column="9" EndLine="31" EndColumn="50" Covered="False" />
          <Statement FileIndex="476" Line="32" Column="9" EndLine="32" EndColumn="74" Covered="False" />
          <Statement FileIndex="476" Line="34" Column="9" EndLine="34" EndColumn="10" Covered="False" />
          <Statement FileIndex="476" Line="35" Column="13" EndLine="57" EndColumn="127" Covered="False" />
          <Statement FileIndex="476" Line="58" Column="9" EndLine="58" EndColumn="10" Covered="False" />
          <Statement FileIndex="476" Line="59" Column="9" EndLine="59" EndColumn="38" Covered="False" />
          <Statement FileIndex="476" Line="60" Column="9" EndLine="60" EndColumn="10" Covered="False" />
          <Statement FileIndex="476" Line="63" Column="13" EndLine="63" EndColumn="149" Covered="False" />
          <Statement FileIndex="476" Line="64" Column="13" EndLine="64" EndColumn="56" Covered="False" />
          <Statement FileIndex="476" Line="65" Column="9" EndLine="65" EndColumn="10" Covered="False" />
          <Statement FileIndex="476" Line="67" Column="9" EndLine="67" EndColumn="47" Covered="False" />
          <Statement FileIndex="476" Line="72" Column="5" EndLine="72" EndColumn="6" Covered="False" />
        </Method>
      </Type>
      <Type Name="ColorAnimationExtensions_RadioButton" CoveredStatements="0" TotalStatements="26" CoveragePercent="0">
        <Type Name="&lt;&gt;c__DisplayClass0_0" CoveredStatements="0" TotalStatements="1" CoveragePercent="0">
          <Method Name="&lt;TextColorTo&gt;b__0(System.Double,System.Boolean):System.Void" CoveredStatements="0" TotalStatements="1" CoveragePercent="0">
            <Statement FileIndex="477" Line="57" Column="84" EndLine="57" EndColumn="125" Covered="False" />
          </Method>
        </Type>
        <Type Name="&lt;&gt;c__DisplayClass0_1" CoveredStatements="0" TotalStatements="1" CoveragePercent="0">
          <Method Name="&lt;TextColorTo&gt;b__5(System.Double):System.Void" CoveredStatements="0" TotalStatements="1" CoveragePercent="0">
            <Statement FileIndex="477" Line="68" Column="125" EndLine="68" EndColumn="173" Covered="False" />
          </Method>
        </Type>
        <Type Name="&lt;&gt;c__DisplayClass0_2" CoveredStatements="0" TotalStatements="1" CoveragePercent="0">
          <Method Name="&lt;TextColorTo&gt;b__6(System.Double):System.Void" CoveredStatements="0" TotalStatements="1" CoveragePercent="0">
            <Statement FileIndex="477" Line="69" Column="129" EndLine="69" EndColumn="179" Covered="False" />
          </Method>
        </Type>
        <Type Name="&lt;&gt;c__DisplayClass0_3" CoveredStatements="0" TotalStatements="1" CoveragePercent="0">
          <Method Name="&lt;TextColorTo&gt;b__7(System.Double):System.Void" CoveredStatements="0" TotalStatements="1" CoveragePercent="0">
            <Statement FileIndex="477" Line="70" Column="127" EndLine="70" EndColumn="176" Covered="False" />
          </Method>
        </Type>
        <Type Name="&lt;&gt;c__DisplayClass0_4" CoveredStatements="0" TotalStatements="1" CoveragePercent="0">
          <Method Name="&lt;TextColorTo&gt;b__8(System.Double):System.Void" CoveredStatements="0" TotalStatements="1" CoveragePercent="0">
            <Statement FileIndex="477" Line="71" Column="129" EndLine="71" EndColumn="186" Covered="False" />
          </Method>
        </Type>
        <Method Name="&lt;TextColorTo&gt;g__GetAlphaTransformAnimation|0_4(Microsoft.Maui.Controls.RadioButton,System.Single):Microsoft.Maui.Controls.Animation" CoveredStatements="0" TotalStatements="1" CoveragePercent="0">
          <Statement FileIndex="477" Line="71" Column="120" EndLine="71" EndColumn="225" Covered="False" />
        </Method>
        <Method Name="&lt;TextColorTo&gt;g__GetBlueTransformAnimation|0_3(Microsoft.Maui.Controls.RadioButton,System.Single):Microsoft.Maui.Controls.Animation" CoveredStatements="0" TotalStatements="1" CoveragePercent="0">
          <Statement FileIndex="477" Line="70" Column="118" EndLine="70" EndColumn="213" Covered="False" />
        </Method>
        <Method Name="&lt;TextColorTo&gt;g__GetGreenTransformAnimation|0_2(Microsoft.Maui.Controls.RadioButton,System.Single):Microsoft.Maui.Controls.Animation" CoveredStatements="0" TotalStatements="1" CoveragePercent="0">
          <Statement FileIndex="477" Line="69" Column="120" EndLine="69" EndColumn="218" Covered="False" />
        </Method>
        <Method Name="&lt;TextColorTo&gt;g__GetRedTransformAnimation|0_1(Microsoft.Maui.Controls.RadioButton,System.Single):Microsoft.Maui.Controls.Animation" CoveredStatements="0" TotalStatements="1" CoveragePercent="0">
          <Statement FileIndex="477" Line="68" Column="116" EndLine="68" EndColumn="208" Covered="False" />
        </Method>
        <Method Name="TextColorTo(Microsoft.Maui.Controls.RadioButton,Microsoft.Maui.Graphics.Color,System.UInt32,System.UInt32,Microsoft.Maui.Easing):System.Threading.Tasks.Task&lt;System.Boolean&gt;" CoveredStatements="0" TotalStatements="17" CoveragePercent="0">
          <Statement FileIndex="477" Line="24" Column="5" EndLine="24" EndColumn="6" Covered="False" />
          <Statement FileIndex="477" Line="25" Column="9" EndLine="25" EndColumn="52" Covered="False" />
          <Statement FileIndex="477" Line="26" Column="9" EndLine="26" EndColumn="50" Covered="False" />
          <Statement FileIndex="477" Line="27" Column="9" EndLine="27" EndColumn="54" Covered="False" />
          <Statement FileIndex="477" Line="28" Column="13" EndLine="28" EndColumn="121" Covered="False" />
          <Statement FileIndex="477" Line="31" Column="9" EndLine="31" EndColumn="50" Covered="False" />
          <Statement FileIndex="477" Line="32" Column="9" EndLine="32" EndColumn="74" Covered="False" />
          <Statement FileIndex="477" Line="34" Column="9" EndLine="34" EndColumn="10" Covered="False" />
          <Statement FileIndex="477" Line="35" Column="13" EndLine="57" EndColumn="127" Covered="False" />
          <Statement FileIndex="477" Line="58" Column="9" EndLine="58" EndColumn="10" Covered="False" />
          <Statement FileIndex="477" Line="59" Column="9" EndLine="59" EndColumn="38" Covered="False" />
          <Statement FileIndex="477" Line="60" Column="9" EndLine="60" EndColumn="10" Covered="False" />
          <Statement FileIndex="477" Line="63" Column="13" EndLine="63" EndColumn="154" Covered="False" />
          <Statement FileIndex="477" Line="64" Column="13" EndLine="64" EndColumn="56" Covered="False" />
          <Statement FileIndex="477" Line="65" Column="9" EndLine="65" EndColumn="10" Covered="False" />
          <Statement FileIndex="477" Line="67" Column="9" EndLine="67" EndColumn="47" Covered="False" />
          <Statement FileIndex="477" Line="72" Column="5" EndLine="72" EndColumn="6" Covered="False" />
        </Method>
      </Type>
      <Type Name="ColorAnimationExtensions_SearchBar" CoveredStatements="0" TotalStatements="26" CoveragePercent="0">
        <Type Name="&lt;&gt;c__DisplayClass0_0" CoveredStatements="0" TotalStatements="1" CoveragePercent="0">
          <Method Name="&lt;TextColorTo&gt;b__0(System.Double,System.Boolean):System.Void" CoveredStatements="0" TotalStatements="1" CoveragePercent="0">
            <Statement FileIndex="478" Line="57" Column="84" EndLine="57" EndColumn="125" Covered="False" />
          </Method>
        </Type>
        <Type Name="&lt;&gt;c__DisplayClass0_1" CoveredStatements="0" TotalStatements="1" CoveragePercent="0">
          <Method Name="&lt;TextColorTo&gt;b__5(System.Double):System.Void" CoveredStatements="0" TotalStatements="1" CoveragePercent="0">
            <Statement FileIndex="478" Line="68" Column="123" EndLine="68" EndColumn="171" Covered="False" />
          </Method>
        </Type>
        <Type Name="&lt;&gt;c__DisplayClass0_2" CoveredStatements="0" TotalStatements="1" CoveragePercent="0">
          <Method Name="&lt;TextColorTo&gt;b__6(System.Double):System.Void" CoveredStatements="0" TotalStatements="1" CoveragePercent="0">
            <Statement FileIndex="478" Line="69" Column="127" EndLine="69" EndColumn="177" Covered="False" />
          </Method>
        </Type>
        <Type Name="&lt;&gt;c__DisplayClass0_3" CoveredStatements="0" TotalStatements="1" CoveragePercent="0">
          <Method Name="&lt;TextColorTo&gt;b__7(System.Double):System.Void" CoveredStatements="0" TotalStatements="1" CoveragePercent="0">
            <Statement FileIndex="478" Line="70" Column="125" EndLine="70" EndColumn="174" Covered="False" />
          </Method>
        </Type>
        <Type Name="&lt;&gt;c__DisplayClass0_4" CoveredStatements="0" TotalStatements="1" CoveragePercent="0">
          <Method Name="&lt;TextColorTo&gt;b__8(System.Double):System.Void" CoveredStatements="0" TotalStatements="1" CoveragePercent="0">
            <Statement FileIndex="478" Line="71" Column="127" EndLine="71" EndColumn="184" Covered="False" />
          </Method>
        </Type>
        <Method Name="&lt;TextColorTo&gt;g__GetAlphaTransformAnimation|0_4(Microsoft.Maui.Controls.SearchBar,System.Single):Microsoft.Maui.Controls.Animation" CoveredStatements="0" TotalStatements="1" CoveragePercent="0">
          <Statement FileIndex="478" Line="71" Column="118" EndLine="71" EndColumn="223" Covered="False" />
        </Method>
        <Method Name="&lt;TextColorTo&gt;g__GetBlueTransformAnimation|0_3(Microsoft.Maui.Controls.SearchBar,System.Single):Microsoft.Maui.Controls.Animation" CoveredStatements="0" TotalStatements="1" CoveragePercent="0">
          <Statement FileIndex="478" Line="70" Column="116" EndLine="70" EndColumn="211" Covered="False" />
        </Method>
        <Method Name="&lt;TextColorTo&gt;g__GetGreenTransformAnimation|0_2(Microsoft.Maui.Controls.SearchBar,System.Single):Microsoft.Maui.Controls.Animation" CoveredStatements="0" TotalStatements="1" CoveragePercent="0">
          <Statement FileIndex="478" Line="69" Column="118" EndLine="69" EndColumn="216" Covered="False" />
        </Method>
        <Method Name="&lt;TextColorTo&gt;g__GetRedTransformAnimation|0_1(Microsoft.Maui.Controls.SearchBar,System.Single):Microsoft.Maui.Controls.Animation" CoveredStatements="0" TotalStatements="1" CoveragePercent="0">
          <Statement FileIndex="478" Line="68" Column="114" EndLine="68" EndColumn="206" Covered="False" />
        </Method>
        <Method Name="TextColorTo(Microsoft.Maui.Controls.SearchBar,Microsoft.Maui.Graphics.Color,System.UInt32,System.UInt32,Microsoft.Maui.Easing):System.Threading.Tasks.Task&lt;System.Boolean&gt;" CoveredStatements="0" TotalStatements="17" CoveragePercent="0">
          <Statement FileIndex="478" Line="24" Column="5" EndLine="24" EndColumn="6" Covered="False" />
          <Statement FileIndex="478" Line="25" Column="9" EndLine="25" EndColumn="52" Covered="False" />
          <Statement FileIndex="478" Line="26" Column="9" EndLine="26" EndColumn="50" Covered="False" />
          <Statement FileIndex="478" Line="27" Column="9" EndLine="27" EndColumn="54" Covered="False" />
          <Statement FileIndex="478" Line="28" Column="13" EndLine="28" EndColumn="121" Covered="False" />
          <Statement FileIndex="478" Line="31" Column="9" EndLine="31" EndColumn="50" Covered="False" />
          <Statement FileIndex="478" Line="32" Column="9" EndLine="32" EndColumn="74" Covered="False" />
          <Statement FileIndex="478" Line="34" Column="9" EndLine="34" EndColumn="10" Covered="False" />
          <Statement FileIndex="478" Line="35" Column="13" EndLine="57" EndColumn="127" Covered="False" />
          <Statement FileIndex="478" Line="58" Column="9" EndLine="58" EndColumn="10" Covered="False" />
          <Statement FileIndex="478" Line="59" Column="9" EndLine="59" EndColumn="38" Covered="False" />
          <Statement FileIndex="478" Line="60" Column="9" EndLine="60" EndColumn="10" Covered="False" />
          <Statement FileIndex="478" Line="63" Column="13" EndLine="63" EndColumn="152" Covered="False" />
          <Statement FileIndex="478" Line="64" Column="13" EndLine="64" EndColumn="56" Covered="False" />
          <Statement FileIndex="478" Line="65" Column="9" EndLine="65" EndColumn="10" Covered="False" />
          <Statement FileIndex="478" Line="67" Column="9" EndLine="67" EndColumn="47" Covered="False" />
          <Statement FileIndex="478" Line="72" Column="5" EndLine="72" EndColumn="6" Covered="False" />
        </Method>
      </Type>
      <Type Name="ColorAnimationExtensions_TimePicker" CoveredStatements="0" TotalStatements="26" CoveragePercent="0">
        <Type Name="&lt;&gt;c__DisplayClass0_0" CoveredStatements="0" TotalStatements="1" CoveragePercent="0">
          <Method Name="&lt;TextColorTo&gt;b__0(System.Double,System.Boolean):System.Void" CoveredStatements="0" TotalStatements="1" CoveragePercent="0">
            <Statement FileIndex="479" Line="57" Column="84" EndLine="57" EndColumn="125" Covered="False" />
          </Method>
        </Type>
        <Type Name="&lt;&gt;c__DisplayClass0_1" CoveredStatements="0" TotalStatements="1" CoveragePercent="0">
          <Method Name="&lt;TextColorTo&gt;b__5(System.Double):System.Void" CoveredStatements="0" TotalStatements="1" CoveragePercent="0">
            <Statement FileIndex="479" Line="68" Column="124" EndLine="68" EndColumn="172" Covered="False" />
          </Method>
        </Type>
        <Type Name="&lt;&gt;c__DisplayClass0_2" CoveredStatements="0" TotalStatements="1" CoveragePercent="0">
          <Method Name="&lt;TextColorTo&gt;b__6(System.Double):System.Void" CoveredStatements="0" TotalStatements="1" CoveragePercent="0">
            <Statement FileIndex="479" Line="69" Column="128" EndLine="69" EndColumn="178" Covered="False" />
          </Method>
        </Type>
        <Type Name="&lt;&gt;c__DisplayClass0_3" CoveredStatements="0" TotalStatements="1" CoveragePercent="0">
          <Method Name="&lt;TextColorTo&gt;b__7(System.Double):System.Void" CoveredStatements="0" TotalStatements="1" CoveragePercent="0">
            <Statement FileIndex="479" Line="70" Column="126" EndLine="70" EndColumn="175" Covered="False" />
          </Method>
        </Type>
        <Type Name="&lt;&gt;c__DisplayClass0_4" CoveredStatements="0" TotalStatements="1" CoveragePercent="0">
          <Method Name="&lt;TextColorTo&gt;b__8(System.Double):System.Void" CoveredStatements="0" TotalStatements="1" CoveragePercent="0">
            <Statement FileIndex="479" Line="71" Column="128" EndLine="71" EndColumn="185" Covered="False" />
          </Method>
        </Type>
        <Method Name="&lt;TextColorTo&gt;g__GetAlphaTransformAnimation|0_4(Microsoft.Maui.Controls.TimePicker,System.Single):Microsoft.Maui.Controls.Animation" CoveredStatements="0" TotalStatements="1" CoveragePercent="0">
          <Statement FileIndex="479" Line="71" Column="119" EndLine="71" EndColumn="224" Covered="False" />
        </Method>
        <Method Name="&lt;TextColorTo&gt;g__GetBlueTransformAnimation|0_3(Microsoft.Maui.Controls.TimePicker,System.Single):Microsoft.Maui.Controls.Animation" CoveredStatements="0" TotalStatements="1" CoveragePercent="0">
          <Statement FileIndex="479" Line="70" Column="117" EndLine="70" EndColumn="212" Covered="False" />
        </Method>
        <Method Name="&lt;TextColorTo&gt;g__GetGreenTransformAnimation|0_2(Microsoft.Maui.Controls.TimePicker,System.Single):Microsoft.Maui.Controls.Animation" CoveredStatements="0" TotalStatements="1" CoveragePercent="0">
          <Statement FileIndex="479" Line="69" Column="119" EndLine="69" EndColumn="217" Covered="False" />
        </Method>
        <Method Name="&lt;TextColorTo&gt;g__GetRedTransformAnimation|0_1(Microsoft.Maui.Controls.TimePicker,System.Single):Microsoft.Maui.Controls.Animation" CoveredStatements="0" TotalStatements="1" CoveragePercent="0">
          <Statement FileIndex="479" Line="68" Column="115" EndLine="68" EndColumn="207" Covered="False" />
        </Method>
        <Method Name="TextColorTo(Microsoft.Maui.Controls.TimePicker,Microsoft.Maui.Graphics.Color,System.UInt32,System.UInt32,Microsoft.Maui.Easing):System.Threading.Tasks.Task&lt;System.Boolean&gt;" CoveredStatements="0" TotalStatements="17" CoveragePercent="0">
          <Statement FileIndex="479" Line="24" Column="5" EndLine="24" EndColumn="6" Covered="False" />
          <Statement FileIndex="479" Line="25" Column="9" EndLine="25" EndColumn="52" Covered="False" />
          <Statement FileIndex="479" Line="26" Column="9" EndLine="26" EndColumn="50" Covered="False" />
          <Statement FileIndex="479" Line="27" Column="9" EndLine="27" EndColumn="54" Covered="False" />
          <Statement FileIndex="479" Line="28" Column="13" EndLine="28" EndColumn="121" Covered="False" />
          <Statement FileIndex="479" Line="31" Column="9" EndLine="31" EndColumn="50" Covered="False" />
          <Statement FileIndex="479" Line="32" Column="9" EndLine="32" EndColumn="74" Covered="False" />
          <Statement FileIndex="479" Line="34" Column="9" EndLine="34" EndColumn="10" Covered="False" />
          <Statement FileIndex="479" Line="35" Column="13" EndLine="57" EndColumn="127" Covered="False" />
          <Statement FileIndex="479" Line="58" Column="9" EndLine="58" EndColumn="10" Covered="False" />
          <Statement FileIndex="479" Line="59" Column="9" EndLine="59" EndColumn="38" Covered="False" />
          <Statement FileIndex="479" Line="60" Column="9" EndLine="60" EndColumn="10" Covered="False" />
          <Statement FileIndex="479" Line="63" Column="13" EndLine="63" EndColumn="153" Covered="False" />
          <Statement FileIndex="479" Line="64" Column="13" EndLine="64" EndColumn="56" Covered="False" />
          <Statement FileIndex="479" Line="65" Column="9" EndLine="65" EndColumn="10" Covered="False" />
          <Statement FileIndex="479" Line="67" Column="9" EndLine="67" EndColumn="47" Covered="False" />
          <Statement FileIndex="479" Line="72" Column="5" EndLine="72" EndColumn="6" Covered="False" />
        </Method>
      </Type>
    </Namespace>
  </Assembly>
  <Assembly Name="CoffeeSpace.Core" CoveredStatements="120" TotalStatements="208" CoveragePercent="58">
    <Namespace Name="CoffeeSpace.Core.Extensions" CoveredStatements="69" TotalStatements="125" CoveragePercent="55">
      <Type Name="ApplicationDbExtensions" CoveredStatements="12" TotalStatements="14" CoveragePercent="86">
        <Type Name="&lt;&gt;c__0&lt;TDbContext&gt;" CoveredStatements="0" TotalStatements="1" CoveragePercent="0">
          <Method Name="&lt;AddApplicationDb&gt;b__0_0(Npgsql.EntityFrameworkCore.PostgreSQL.Infrastructure.NpgsqlDbContextOptionsBuilder):System.Void" CoveredStatements="0" TotalStatements="1" CoveragePercent="0">
            <Statement FileIndex="130" Line="11" Column="69" EndLine="11" EndColumn="92" Covered="False" />
          </Method>
        </Type>
        <Type Name="&lt;&gt;c__1&lt;TDbInterface,TDbContext&gt;" CoveredStatements="1" TotalStatements="2" CoveragePercent="50">
          <Method Name="&lt;AddApplicationDb&gt;b__1_0(Npgsql.EntityFrameworkCore.PostgreSQL.Infrastructure.NpgsqlDbContextOptionsBuilder):System.Void" CoveredStatements="0" TotalStatements="1" CoveragePercent="0">
            <Statement FileIndex="130" Line="21" Column="69" EndLine="21" EndColumn="92" Covered="False" />
          </Method>
          <Method Name="&lt;AddApplicationDb&gt;b__1_1(Microsoft.Extensions.DependencyInjection.ServiceDescriptor):System.Boolean" CoveredStatements="1" TotalStatements="1" CoveragePercent="100">
            <Statement FileIndex="130" Line="25" Column="13" EndLine="25" EndColumn="55" Covered="True" />
          </Method>
        </Type>
        <Method Name="AddApplicationDb&lt;TDbContext&gt;(Microsoft.Extensions.DependencyInjection.IServiceCollection,System.String):Microsoft.Extensions.DependencyInjection.IServiceCollection" CoveredStatements="5" TotalStatements="5" CoveragePercent="100">
          <Statement FileIndex="130" Line="10" Column="5" EndLine="10" EndColumn="6" Covered="True" />
          <Statement FileIndex="130" Line="11" Column="9" EndLine="11" EndColumn="94" Covered="True" />
          <Statement FileIndex="130" Line="12" Column="9" EndLine="12" EndColumn="74" Covered="True" />
          <Statement FileIndex="130" Line="14" Column="9" EndLine="14" EndColumn="25" Covered="True" />
          <Statement FileIndex="130" Line="15" Column="5" EndLine="15" EndColumn="6" Covered="True" />
        </Method>
        <Method Name="AddApplicationDb&lt;TDbInterface,TDbContext&gt;(Microsoft.Extensions.DependencyInjection.IServiceCollection,System.String):Microsoft.Extensions.DependencyInjection.IServiceCollection" CoveredStatements="6" TotalStatements="6" CoveragePercent="100">
          <Statement FileIndex="130" Line="20" Column="5" EndLine="20" EndColumn="6" Covered="True" />
          <Statement FileIndex="130" Line="21" Column="9" EndLine="21" EndColumn="94" Covered="True" />
          <Statement FileIndex="130" Line="22" Column="9" EndLine="22" EndColumn="74" Covered="True" />
          <Statement FileIndex="130" Line="24" Column="9" EndLine="25" EndColumn="67" Covered="True" />
          <Statement FileIndex="130" Line="26" Column="9" EndLine="26" EndColumn="25" Covered="True" />
          <Statement FileIndex="130" Line="27" Column="5" EndLine="27" EndColumn="6" Covered="True" />
        </Method>
      </Type>
      <Type Name="ApplicationServiceExtensions" CoveredStatements="24" TotalStatements="32" CoveragePercent="75">
        <Type Name="&lt;&gt;c__0&lt;TInterface&gt;" CoveredStatements="3" TotalStatements="3" CoveragePercent="100">
          <Method Name="&lt;AddApplicationService&gt;b__0_1(Scrutor.IImplementationTypeFilter):System.Void" CoveredStatements="3" TotalStatements="3" CoveragePercent="100">
            <Statement FileIndex="131" Line="15" Column="13" EndLine="15" EndColumn="14" Covered="True" />
            <Statement FileIndex="131" Line="16" Column="17" EndLine="17" EndColumn="52" Covered="True" />
            <Statement FileIndex="131" Line="18" Column="13" EndLine="18" EndColumn="14" Covered="True" />
          </Method>
        </Type>
        <Type Name="&lt;&gt;c__1&lt;TImplementation&gt;" CoveredStatements="3" TotalStatements="3" CoveragePercent="100">
          <Method Name="&lt;AddApplicationServiceAsSelf&gt;b__1_1(Scrutor.IImplementationTypeFilter):System.Void" CoveredStatements="3" TotalStatements="3" CoveragePercent="100">
            <Statement FileIndex="131" Line="32" Column="13" EndLine="32" EndColumn="14" Covered="True" />
            <Statement FileIndex="131" Line="33" Column="17" EndLine="34" EndColumn="52" Covered="True" />
            <Statement FileIndex="131" Line="35" Column="13" EndLine="35" EndColumn="14" Covered="True" />
          </Method>
        </Type>
        <Type Name="&lt;&gt;c__DisplayClass0_0&lt;TInterface&gt;" CoveredStatements="1" TotalStatements="1" CoveragePercent="100">
          <Method Name="&lt;AddApplicationService&gt;b__0(Scrutor.ITypeSourceSelector):System.Void" CoveredStatements="1" TotalStatements="1" CoveragePercent="100">
            <Statement FileIndex="131" Line="12" Column="31" EndLine="20" EndColumn="43" Covered="True" />
          </Method>
        </Type>
        <Type Name="&lt;&gt;c__DisplayClass1_0&lt;TImplementation&gt;" CoveredStatements="1" TotalStatements="1" CoveragePercent="100">
          <Method Name="&lt;AddApplicationServiceAsSelf&gt;b__0(Scrutor.ITypeSourceSelector):System.Void" CoveredStatements="1" TotalStatements="1" CoveragePercent="100">
            <Statement FileIndex="131" Line="29" Column="31" EndLine="37" EndColumn="43" Covered="True" />
          </Method>
        </Type>
        <Type Name="&lt;&gt;c__DisplayClass2_0" CoveredStatements="4" TotalStatements="4" CoveragePercent="100">
          <Method Name="&lt;AddApplicationService&gt;b__0(Scrutor.ITypeSourceSelector):System.Void" CoveredStatements="1" TotalStatements="1" CoveragePercent="100">
            <Statement FileIndex="131" Line="47" Column="31" EndLine="55" EndColumn="43" Covered="True" />
          </Method>
          <Method Name="&lt;AddApplicationService&gt;b__1(Scrutor.IImplementationTypeFilter):System.Void" CoveredStatements="3" TotalStatements="3" CoveragePercent="100">
            <Statement FileIndex="131" Line="50" Column="13" EndLine="50" EndColumn="14" Covered="True" />
            <Statement FileIndex="131" Line="51" Column="17" EndLine="52" EndColumn="52" Covered="True" />
            <Statement FileIndex="131" Line="53" Column="13" EndLine="53" EndColumn="14" Covered="True" />
          </Method>
        </Type>
        <Type Name="&lt;&gt;c__DisplayClass3_0" CoveredStatements="0" TotalStatements="4" CoveragePercent="0">
          <Method Name="&lt;AddApplicationService&gt;b__0(Scrutor.ITypeSourceSelector):System.Void" CoveredStatements="0" TotalStatements="1" CoveragePercent="0">
            <Statement FileIndex="131" Line="66" Column="31" EndLine="74" EndColumn="43" Covered="False" />
          </Method>
          <Method Name="&lt;AddApplicationService&gt;b__1(Scrutor.IImplementationTypeFilter):System.Void" CoveredStatements="0" TotalStatements="3" CoveragePercent="0">
            <Statement FileIndex="131" Line="69" Column="13" EndLine="69" EndColumn="14" Covered="False" />
            <Statement FileIndex="131" Line="70" Column="17" EndLine="71" EndColumn="52" Covered="False" />
            <Statement FileIndex="131" Line="72" Column="13" EndLine="72" EndColumn="14" Covered="False" />
          </Method>
        </Type>
        <Method Name="AddApplicationService(Microsoft.Extensions.DependencyInjection.IServiceCollection,System.Type,Microsoft.Extensions.DependencyInjection.ServiceLifetime):Microsoft.Extensions.DependencyInjection.IServiceCollection" CoveredStatements="4" TotalStatements="4" CoveragePercent="100">
          <Statement FileIndex="131" Line="46" Column="5" EndLine="46" EndColumn="6" Covered="True" />
          <Statement FileIndex="131" Line="47" Column="9" EndLine="55" EndColumn="45" Covered="True" />
          <Statement FileIndex="131" Line="57" Column="9" EndLine="57" EndColumn="25" Covered="True" />
          <Statement FileIndex="131" Line="58" Column="5" EndLine="58" EndColumn="6" Covered="True" />
        </Method>
        <Method Name="AddApplicationService(Microsoft.Extensions.DependencyInjection.IServiceCollection,System.Type,System.Type,Microsoft.Extensions.DependencyInjection.ServiceLifetime):Microsoft.Extensions.DependencyInjection.IServiceCollection" CoveredStatements="0" TotalStatements="4" CoveragePercent="0">
          <Statement FileIndex="131" Line="65" Column="5" EndLine="65" EndColumn="6" Covered="False" />
          <Statement FileIndex="131" Line="66" Column="9" EndLine="74" EndColumn="45" Covered="False" />
          <Statement FileIndex="131" Line="76" Column="9" EndLine="76" EndColumn="25" Covered="False" />
          <Statement FileIndex="131" Line="77" Column="5" EndLine="77" EndColumn="6" Covered="False" />
        </Method>
        <Method Name="AddApplicationService&lt;TInterface&gt;(Microsoft.Extensions.DependencyInjection.IServiceCollection,Microsoft.Extensions.DependencyInjection.ServiceLifetime):Microsoft.Extensions.DependencyInjection.IServiceCollection" CoveredStatements="4" TotalStatements="4" CoveragePercent="100">
          <Statement FileIndex="131" Line="11" Column="5" EndLine="11" EndColumn="6" Covered="True" />
          <Statement FileIndex="131" Line="12" Column="9" EndLine="20" EndColumn="45" Covered="True" />
          <Statement FileIndex="131" Line="22" Column="9" EndLine="22" EndColumn="25" Covered="True" />
          <Statement FileIndex="131" Line="23" Column="5" EndLine="23" EndColumn="6" Covered="True" />
        </Method>
        <Method Name="AddApplicationServiceAsSelf&lt;TImplementation&gt;(Microsoft.Extensions.DependencyInjection.IServiceCollection,Microsoft.Extensions.DependencyInjection.ServiceLifetime):Microsoft.Extensions.DependencyInjection.IServiceCollection" CoveredStatements="4" TotalStatements="4" CoveragePercent="100">
          <Statement FileIndex="131" Line="28" Column="5" EndLine="28" EndColumn="6" Covered="True" />
          <Statement FileIndex="131" Line="29" Column="9" EndLine="37" EndColumn="45" Covered="True" />
          <Statement FileIndex="131" Line="39" Column="9" EndLine="39" EndColumn="25" Covered="True" />
          <Statement FileIndex="131" Line="40" Column="5" EndLine="40" EndColumn="6" Covered="True" />
        </Method>
      </Type>
      <Type Name="AzureKeyVaultExtensions" CoveredStatements="5" TotalStatements="6" CoveragePercent="83">
        <Method Name="AddAzureKeyVault(Microsoft.Extensions.Configuration.IConfigurationBuilder):Microsoft.Extensions.Configuration.IConfigurationBuilder" CoveredStatements="5" TotalStatements="6" CoveragePercent="83">
          <Statement FileIndex="132" Line="13" Column="5" EndLine="13" EndColumn="6" Covered="True" />
          <Statement FileIndex="132" Line="14" Column="9" EndLine="14" EndColumn="87" Covered="True" />
          <Statement FileIndex="132" Line="15" Column="9" EndLine="15" EndColumn="10" Covered="True" />
          <Statement FileIndex="132" Line="16" Column="13" EndLine="16" EndColumn="34" Covered="True" />
          <Statement FileIndex="132" Line="19" Column="9" EndLine="22" EndColumn="65" Covered="False" />
          <Statement FileIndex="132" Line="23" Column="5" EndLine="23" EndColumn="6" Covered="True" />
        </Method>
      </Type>
      <Type Name="DbContextExtensions" CoveredStatements="0" TotalStatements="20" CoveragePercent="0">
        <Type Name="&lt;LoadDataAsync&gt;d__2&lt;TEntity,TProperty&gt;" CoveredStatements="0" TotalStatements="7" CoveragePercent="0">
          <Method Name="MoveNext():System.Void" CoveredStatements="0" TotalStatements="7" CoveragePercent="0">
            <Statement FileIndex="133" Line="30" Column="5" EndLine="30" EndColumn="6" Covered="False" />
            <Statement FileIndex="133" Line="31" Column="9" EndLine="31" EndColumn="16" Covered="False" />
            <Statement FileIndex="133" Line="31" Column="32" EndLine="31" EndColumn="40" Covered="False" />
            <Statement FileIndex="133" Line="31" Column="18" EndLine="31" EndColumn="28" Covered="False" />
            <Statement FileIndex="133" Line="32" Column="13" EndLine="32" EndColumn="60" Covered="False" />
            <Statement FileIndex="133" Line="31" Column="29" EndLine="31" EndColumn="31" Covered="False" />
            <Statement FileIndex="133" Line="33" Column="5" EndLine="33" EndColumn="6" Covered="False" />
          </Method>
        </Type>
        <Type Name="&lt;LoadDataAsync&gt;d__3&lt;TEntity,TProperty&gt;" CoveredStatements="0" TotalStatements="7" CoveragePercent="0">
          <Method Name="MoveNext():System.Void" CoveredStatements="0" TotalStatements="7" CoveragePercent="0">
            <Statement FileIndex="133" Line="39" Column="5" EndLine="39" EndColumn="6" Covered="False" />
            <Statement FileIndex="133" Line="40" Column="9" EndLine="40" EndColumn="16" Covered="False" />
            <Statement FileIndex="133" Line="40" Column="32" EndLine="40" EndColumn="40" Covered="False" />
            <Statement FileIndex="133" Line="40" Column="18" EndLine="40" EndColumn="28" Covered="False" />
            <Statement FileIndex="133" Line="41" Column="13" EndLine="41" EndColumn="59" Covered="False" />
            <Statement FileIndex="133" Line="40" Column="29" EndLine="40" EndColumn="31" Covered="False" />
            <Statement FileIndex="133" Line="42" Column="5" EndLine="42" EndColumn="6" Covered="False" />
          </Method>
        </Type>
        <Method Name="LoadDataAsync&lt;TEntity,TProperty&gt;(Microsoft.EntityFrameworkCore.DbSet&lt;TEntity&gt;,TEntity,System.Linq.Expressions.Expression&lt;System.Func&lt;TEntity,System.Collections.Generic.IEnumerable&lt;TProperty&gt;&gt;&gt;):System.Threading.Tasks.Task" CoveredStatements="0" TotalStatements="3" CoveragePercent="0">
          <Statement FileIndex="133" Line="20" Column="5" EndLine="20" EndColumn="6" Covered="False" />
          <Statement FileIndex="133" Line="21" Column="9" EndLine="23" EndColumn="26" Covered="False" />
          <Statement FileIndex="133" Line="24" Column="5" EndLine="24" EndColumn="6" Covered="False" />
        </Method>
        <Method Name="LoadDataAsync&lt;TEntity,TProperty&gt;(Microsoft.EntityFrameworkCore.DbSet&lt;TEntity&gt;,TEntity,System.Linq.Expressions.Expression&lt;System.Func&lt;TEntity,TProperty&gt;&gt;):System.Threading.Tasks.Task" CoveredStatements="0" TotalStatements="3" CoveragePercent="0">
          <Statement FileIndex="133" Line="11" Column="5" EndLine="11" EndColumn="6" Covered="False" />
          <Statement FileIndex="133" Line="12" Column="9" EndLine="14" EndColumn="26" Covered="False" />
          <Statement FileIndex="133" Line="15" Column="5" EndLine="15" EndColumn="6" Covered="False" />
        </Method>
      </Type>
      <Type Name="DbContextSettingsExtensions" CoveredStatements="4" TotalStatements="8" CoveragePercent="50">
        <Type Name="&lt;&gt;c__DisplayClass0_0&lt;TDbContext&gt;" CoveredStatements="0" TotalStatements="4" CoveragePercent="0">
          <Method Name="&lt;AddNpgsqlDbContextOptions&gt;b__0(System.IServiceProvider):Microsoft.Extensions.Options.IOptions&lt;CoffeeSpace.Core.Settings.PostgresDbContextSettings&lt;TDbContext&gt;&gt;" CoveredStatements="0" TotalStatements="4" CoveragePercent="0">
            <Statement FileIndex="134" Line="15" Column="9" EndLine="15" EndColumn="10" Covered="False" />
            <Statement FileIndex="134" Line="16" Column="13" EndLine="16" EndColumn="79" Covered="False" />
            <Statement FileIndex="134" Line="17" Column="13" EndLine="23" EndColumn="16" Covered="False" />
            <Statement FileIndex="134" Line="24" Column="9" EndLine="24" EndColumn="10" Covered="False" />
          </Method>
        </Type>
        <Method Name="AddNpgsqlDbContextOptions&lt;TDbContext&gt;(Microsoft.Extensions.DependencyInjection.IServiceCollection,System.String):Microsoft.Extensions.DependencyInjection.IServiceCollection" CoveredStatements="4" TotalStatements="4" CoveragePercent="100">
          <Statement FileIndex="134" Line="13" Column="5" EndLine="13" EndColumn="6" Covered="True" />
          <Statement FileIndex="134" Line="14" Column="9" EndLine="24" EndColumn="12" Covered="True" />
          <Statement FileIndex="134" Line="26" Column="9" EndLine="26" EndColumn="25" Covered="True" />
          <Statement FileIndex="134" Line="27" Column="5" EndLine="27" EndColumn="6" Covered="True" />
        </Method>
      </Type>
      <Type Name="JwtBearerExtensions" CoveredStatements="19" TotalStatements="19" CoveragePercent="100">
        <Type Name="&lt;&gt;c" CoveredStatements="12" TotalStatements="12" CoveragePercent="100">
          <Method Name="&lt;AddJwtBearer&gt;b__0_0(Microsoft.AspNetCore.Authorization.AuthorizationOptions):System.Void" CoveredStatements="3" TotalStatements="3" CoveragePercent="100">
            <Statement FileIndex="135" Line="16" Column="13" EndLine="16" EndColumn="14" Covered="True" />
            <Statement FileIndex="135" Line="17" Column="17" EndLine="21" EndColumn="20" Covered="True" />
            <Statement FileIndex="135" Line="22" Column="13" EndLine="22" EndColumn="14" Covered="True" />
          </Method>
          <Method Name="&lt;AddJwtBearer&gt;b__0_1(Microsoft.AspNetCore.Authentication.AuthenticationOptions):System.Void" CoveredStatements="5" TotalStatements="5" CoveragePercent="100">
            <Statement FileIndex="135" Line="24" Column="13" EndLine="24" EndColumn="14" Covered="True" />
            <Statement FileIndex="135" Line="25" Column="17" EndLine="25" EndColumn="89" Covered="True" />
            <Statement FileIndex="135" Line="26" Column="17" EndLine="26" EndColumn="92" Covered="True" />
            <Statement FileIndex="135" Line="27" Column="17" EndLine="27" EndColumn="80" Covered="True" />
            <Statement FileIndex="135" Line="28" Column="13" EndLine="28" EndColumn="14" Covered="True" />
          </Method>
          <Method Name="&lt;AddJwtBearer&gt;b__0_3(Microsoft.AspNetCore.Authorization.AuthorizationPolicyBuilder):System.Void" CoveredStatements="4" TotalStatements="4" CoveragePercent="100">
            <Statement FileIndex="135" Line="18" Column="17" EndLine="18" EndColumn="18" Covered="True" />
            <Statement FileIndex="135" Line="19" Column="21" EndLine="19" EndColumn="100" Covered="True" />
            <Statement FileIndex="135" Line="20" Column="21" EndLine="20" EndColumn="70" Covered="True" />
            <Statement FileIndex="135" Line="21" Column="17" EndLine="21" EndColumn="18" Covered="True" />
          </Method>
        </Type>
        <Type Name="&lt;&gt;c__DisplayClass0_0" CoveredStatements="3" TotalStatements="3" CoveragePercent="100">
          <Method Name="&lt;AddJwtBearer&gt;b__2(Microsoft.AspNetCore.Authentication.JwtBearer.JwtBearerOptions):System.Void" CoveredStatements="3" TotalStatements="3" CoveragePercent="100">
            <Statement FileIndex="135" Line="30" Column="13" EndLine="30" EndColumn="14" Covered="True" />
            <Statement FileIndex="135" Line="31" Column="17" EndLine="42" EndColumn="19" Covered="True" />
            <Statement FileIndex="135" Line="43" Column="13" EndLine="43" EndColumn="14" Covered="True" />
          </Method>
        </Type>
        <Method Name="AddJwtBearer(Microsoft.Extensions.Configuration.IConfigurationBuilder,Microsoft.AspNetCore.Builder.WebApplicationBuilder):Microsoft.Extensions.Configuration.IConfigurationBuilder" CoveredStatements="4" TotalStatements="4" CoveragePercent="100">
          <Statement FileIndex="135" Line="14" Column="5" EndLine="14" EndColumn="6" Covered="True" />
          <Statement FileIndex="135" Line="15" Column="9" EndLine="43" EndColumn="16" Covered="True" />
          <Statement FileIndex="135" Line="45" Column="9" EndLine="45" EndColumn="38" Covered="True" />
          <Statement FileIndex="135" Line="46" Column="5" EndLine="46" EndColumn="6" Covered="True" />
        </Method>
      </Type>
      <Type Name="RateLimiterExtensions" CoveredStatements="0" TotalStatements="14" CoveragePercent="0">
        <Type Name="&lt;&gt;c" CoveredStatements="0" TotalStatements="7" CoveragePercent="0">
          <Method Name="&lt;AddBucketRateLimiter&gt;b__1_1(System.Threading.RateLimiting.TokenBucketRateLimiterOptions):System.Void" CoveredStatements="0" TotalStatements="7" CoveragePercent="0">
            <Statement FileIndex="136" Line="19" Column="13" EndLine="19" EndColumn="14" Covered="False" />
            <Statement FileIndex="136" Line="20" Column="17" EndLine="20" EndColumn="48" Covered="False" />
            <Statement FileIndex="136" Line="21" Column="17" EndLine="21" EndColumn="78" Covered="False" />
            <Statement FileIndex="136" Line="22" Column="17" EndLine="22" EndColumn="52" Covered="False" />
            <Statement FileIndex="136" Line="23" Column="17" EndLine="23" EndColumn="47" Covered="False" />
            <Statement FileIndex="136" Line="24" Column="17" EndLine="24" EndColumn="88" Covered="False" />
            <Statement FileIndex="136" Line="25" Column="13" EndLine="25" EndColumn="14" Covered="False" />
          </Method>
        </Type>
        <Type Name="&lt;&gt;c__DisplayClass1_0" CoveredStatements="0" TotalStatements="4" CoveragePercent="0">
          <Method Name="&lt;AddBucketRateLimiter&gt;b__0(Microsoft.AspNetCore.RateLimiting.RateLimiterOptions):System.Void" CoveredStatements="0" TotalStatements="4" CoveragePercent="0">
            <Statement FileIndex="136" Line="15" Column="9" EndLine="15" EndColumn="10" Covered="False" />
            <Statement FileIndex="136" Line="16" Column="13" EndLine="16" EndColumn="63" Covered="False" />
            <Statement FileIndex="136" Line="18" Column="13" EndLine="25" EndColumn="16" Covered="False" />
            <Statement FileIndex="136" Line="26" Column="9" EndLine="26" EndColumn="10" Covered="False" />
          </Method>
        </Type>
        <Method Name="AddBucketRateLimiter(Microsoft.Extensions.DependencyInjection.IServiceCollection,System.Int32):Microsoft.Extensions.DependencyInjection.IServiceCollection" CoveredStatements="0" TotalStatements="3" CoveragePercent="0">
          <Statement FileIndex="136" Line="13" Column="5" EndLine="13" EndColumn="6" Covered="False" />
          <Statement FileIndex="136" Line="14" Column="9" EndLine="26" EndColumn="12" Covered="False" />
          <Statement FileIndex="136" Line="27" Column="5" EndLine="27" EndColumn="6" Covered="False" />
        </Method>
      </Type>
      <Type Name="SerilogExtensions" CoveredStatements="5" TotalStatements="12" CoveragePercent="42">
        <Method Name="AddDatadogLogging(Serilog.LoggerConfiguration,System.String):Serilog.LoggerConfiguration" CoveredStatements="5" TotalStatements="7" CoveragePercent="71">
          <Statement FileIndex="137" Line="23" Column="5" EndLine="23" EndColumn="6" Covered="True" />
          <Statement FileIndex="137" Line="24" Column="9" EndLine="24" EndColumn="82" Covered="True" />
          <Statement FileIndex="137" Line="25" Column="9" EndLine="25" EndColumn="10" Covered="True" />
          <Statement FileIndex="137" Line="26" Column="13" EndLine="26" EndColumn="40" Covered="True" />
          <Statement FileIndex="137" Line="29" Column="9" EndLine="32" EndColumn="106" Covered="False" />
          <Statement FileIndex="137" Line="34" Column="9" EndLine="34" EndColumn="36" Covered="False" />
          <Statement FileIndex="137" Line="35" Column="5" EndLine="35" EndColumn="6" Covered="True" />
        </Method>
        <Method Name="AddDatadogLogging(Serilog.LoggerConfiguration):Serilog.LoggerConfiguration" CoveredStatements="0" TotalStatements="5" CoveragePercent="0">
          <Statement FileIndex="137" Line="12" Column="5" EndLine="12" EndColumn="6" Covered="False" />
          <Statement FileIndex="137" Line="13" Column="9" EndLine="13" EndColumn="68" Covered="False" />
          <Statement FileIndex="137" Line="14" Column="9" EndLine="17" EndColumn="106" Covered="False" />
          <Statement FileIndex="137" Line="19" Column="9" EndLine="19" EndColumn="36" Covered="False" />
          <Statement FileIndex="137" Line="20" Column="5" EndLine="20" EndColumn="6" Covered="False" />
        </Method>
      </Type>
    </Namespace>
    <Namespace Name="CoffeeSpace.Core.Managers" CoveredStatements="0" TotalStatements="10" CoveragePercent="0">
      <Type Name="PrefixKeyVaultSecretManager" CoveredStatements="0" TotalStatements="10" CoveragePercent="0">
        <Method Name=".ctor(System.String):System.Void" CoveredStatements="0" TotalStatements="4" CoveragePercent="0">
          <Statement FileIndex="138" Line="11" Column="5" EndLine="11" EndColumn="54" Covered="False" />
          <Statement FileIndex="138" Line="12" Column="5" EndLine="12" EndColumn="6" Covered="False" />
          <Statement FileIndex="138" Line="13" Column="9" EndLine="13" EndColumn="32" Covered="False" />
          <Statement FileIndex="138" Line="14" Column="5" EndLine="14" EndColumn="6" Covered="False" />
        </Method>
        <Method Name="GetKey(Azure.Security.KeyVault.Secrets.KeyVaultSecret):System.String" CoveredStatements="0" TotalStatements="3" CoveragePercent="0">
          <Statement FileIndex="138" Line="22" Column="5" EndLine="22" EndColumn="6" Covered="False" />
          <Statement FileIndex="138" Line="23" Column="9" EndLine="24" EndColumn="60" Covered="False" />
          <Statement FileIndex="138" Line="25" Column="5" EndLine="25" EndColumn="6" Covered="False" />
        </Method>
        <Method Name="Load(Azure.Security.KeyVault.Secrets.SecretProperties):System.Boolean" CoveredStatements="0" TotalStatements="3" CoveragePercent="0">
          <Statement FileIndex="138" Line="17" Column="5" EndLine="17" EndColumn="6" Covered="False" />
          <Statement FileIndex="138" Line="18" Column="9" EndLine="18" EndColumn="48" Covered="False" />
          <Statement FileIndex="138" Line="19" Column="5" EndLine="19" EndColumn="6" Covered="False" />
        </Method>
      </Type>
    </Namespace>
    <Namespace Name="CoffeeSpace.Core.Services" CoveredStatements="37" TotalStatements="45" CoveragePercent="82">
      <Type Name="CacheService&lt;TEntity&gt;" CoveredStatements="37" TotalStatements="45" CoveragePercent="82">
        <Type Name="&lt;GetAllAsync&gt;d__3" CoveredStatements="4" TotalStatements="4" CoveragePercent="100">
          <Method Name="MoveNext():System.Void" CoveredStatements="4" TotalStatements="4" CoveragePercent="100">
            <Statement FileIndex="140" Line="24" Column="5" EndLine="24" EndColumn="6" Covered="True" />
            <Statement FileIndex="140" Line="25" Column="9" EndLine="25" EndColumn="98" Covered="True" />
            <Statement FileIndex="140" Line="26" Column="9" EndLine="28" EndColumn="85" Covered="True" />
            <Statement FileIndex="140" Line="30" Column="5" EndLine="30" EndColumn="6" Covered="True" />
          </Method>
        </Type>
        <Type Name="&lt;GetAllOrCreateAsync&gt;d__8" CoveredStatements="9" TotalStatements="13" CoveragePercent="69">
          <Method Name="MoveNext():System.Void" CoveredStatements="9" TotalStatements="13" CoveragePercent="69">
            <Statement FileIndex="140" Line="77" Column="5" EndLine="77" EndColumn="6" Covered="True" />
            <Statement FileIndex="140" Line="78" Column="9" EndLine="78" EndColumn="70" Covered="True" />
            <Statement FileIndex="140" Line="79" Column="9" EndLine="79" EndColumn="79" Covered="True" />
            <Statement FileIndex="140" Line="80" Column="9" EndLine="80" EndColumn="10" Covered="False" />
            <Statement FileIndex="140" Line="81" Column="13" EndLine="81" EndColumn="33" Covered="False" />
            <Statement FileIndex="140" Line="84" Column="9" EndLine="84" EndColumn="43" Covered="True" />
            <Statement FileIndex="140" Line="85" Column="9" EndLine="85" EndColumn="70" Covered="True" />
            <Statement FileIndex="140" Line="86" Column="9" EndLine="86" EndColumn="10" Covered="False" />
            <Statement FileIndex="140" Line="87" Column="13" EndLine="87" EndColumn="48" Covered="False" />
            <Statement FileIndex="140" Line="90" Column="9" EndLine="93" EndColumn="12" Covered="True" />
            <Statement FileIndex="140" Line="95" Column="9" EndLine="95" EndColumn="60" Covered="True" />
            <Statement FileIndex="140" Line="96" Column="9" EndLine="96" EndColumn="23" Covered="True" />
            <Statement FileIndex="140" Line="97" Column="5" EndLine="97" EndColumn="6" Covered="True" />
          </Method>
        </Type>
        <Type Name="&lt;GetAsync&gt;d__4" CoveredStatements="4" TotalStatements="4" CoveragePercent="100">
          <Method Name="MoveNext():System.Void" CoveredStatements="4" TotalStatements="4" CoveragePercent="100">
            <Statement FileIndex="140" Line="33" Column="5" EndLine="33" EndColumn="6" Covered="True" />
            <Statement FileIndex="140" Line="34" Column="9" EndLine="34" EndColumn="98" Covered="True" />
            <Statement FileIndex="140" Line="35" Column="9" EndLine="37" EndColumn="71" Covered="True" />
            <Statement FileIndex="140" Line="39" Column="5" EndLine="39" EndColumn="6" Covered="True" />
          </Method>
        </Type>
        <Type Name="&lt;GetOrCreateAsync&gt;d__7" CoveredStatements="9" TotalStatements="13" CoveragePercent="69">
          <Method Name="MoveNext():System.Void" CoveredStatements="9" TotalStatements="13" CoveragePercent="69">
            <Statement FileIndex="140" Line="53" Column="5" EndLine="53" EndColumn="6" Covered="True" />
            <Statement FileIndex="140" Line="54" Column="9" EndLine="54" EndColumn="67" Covered="True" />
            <Statement FileIndex="140" Line="55" Column="9" EndLine="55" EndColumn="38" Covered="True" />
            <Statement FileIndex="140" Line="56" Column="9" EndLine="56" EndColumn="10" Covered="False" />
            <Statement FileIndex="140" Line="57" Column="13" EndLine="57" EndColumn="33" Covered="False" />
            <Statement FileIndex="140" Line="60" Column="9" EndLine="60" EndColumn="43" Covered="True" />
            <Statement FileIndex="140" Line="61" Column="9" EndLine="61" EndColumn="28" Covered="True" />
            <Statement FileIndex="140" Line="62" Column="9" EndLine="62" EndColumn="10" Covered="False" />
            <Statement FileIndex="140" Line="63" Column="13" EndLine="63" EndColumn="25" Covered="False" />
            <Statement FileIndex="140" Line="66" Column="9" EndLine="69" EndColumn="12" Covered="True" />
            <Statement FileIndex="140" Line="71" Column="9" EndLine="71" EndColumn="60" Covered="True" />
            <Statement FileIndex="140" Line="72" Column="9" EndLine="72" EndColumn="23" Covered="True" />
            <Statement FileIndex="140" Line="73" Column="5" EndLine="73" EndColumn="6" Covered="True" />
          </Method>
        </Type>
        <Method Name=".ctor(Microsoft.Extensions.Caching.Distributed.IDistributedCache):System.Void" CoveredStatements="5" TotalStatements="5" CoveragePercent="100">
          <Statement FileIndex="140" Line="13" Column="5" EndLine="13" EndColumn="60" Covered="True" />
          <Statement FileIndex="140" Line="14" Column="5" EndLine="14" EndColumn="6" Covered="True" />
          <Statement FileIndex="140" Line="15" Column="9" EndLine="15" EndColumn="46" Covered="True" />
          <Statement FileIndex="140" Line="16" Column="9" EndLine="20" EndColumn="11" Covered="True" />
          <Statement FileIndex="140" Line="21" Column="5" EndLine="21" EndColumn="6" Covered="True" />
        </Method>
        <Method Name="RemoveAsync(System.String,System.Threading.CancellationToken):System.Threading.Tasks.Task" CoveredStatements="3" TotalStatements="3" CoveragePercent="100">
          <Statement FileIndex="140" Line="47" Column="5" EndLine="47" EndColumn="6" Covered="True" />
          <Statement FileIndex="140" Line="48" Column="9" EndLine="48" EndColumn="70" Covered="True" />
          <Statement FileIndex="140" Line="49" Column="5" EndLine="49" EndColumn="6" Covered="True" />
        </Method>
        <Method Name="SetAsync(System.String,System.String,System.Threading.CancellationToken):System.Threading.Tasks.Task" CoveredStatements="3" TotalStatements="3" CoveragePercent="100">
          <Statement FileIndex="140" Line="42" Column="5" EndLine="42" EndColumn="6" Covered="True" />
          <Statement FileIndex="140" Line="43" Column="9" EndLine="43" EndColumn="91" Covered="True" />
          <Statement FileIndex="140" Line="44" Column="5" EndLine="44" EndColumn="6" Covered="True" />
        </Method>
      </Type>
    </Namespace>
    <Namespace Name="CoffeeSpace.Core.Settings" CoveredStatements="14" TotalStatements="28" CoveragePercent="50">
      <Type Name="AwsMessagingSettings" CoveredStatements="6" TotalStatements="6" CoveragePercent="100">
        <Method Name="get_AccessKey():System.String" CoveredStatements="1" TotalStatements="1" CoveragePercent="100">
          <Statement FileIndex="141" Line="9" Column="40" EndLine="9" EndColumn="44" Covered="True" />
        </Method>
        <Method Name="get_Region():System.String" CoveredStatements="1" TotalStatements="1" CoveragePercent="100">
          <Statement FileIndex="141" Line="7" Column="37" EndLine="7" EndColumn="41" Covered="True" />
        </Method>
        <Method Name="get_SecretKey():System.String" CoveredStatements="1" TotalStatements="1" CoveragePercent="100">
          <Statement FileIndex="141" Line="11" Column="40" EndLine="11" EndColumn="44" Covered="True" />
        </Method>
        <Method Name="set_AccessKey(System.String):System.Void" CoveredStatements="1" TotalStatements="1" CoveragePercent="100">
          <Statement FileIndex="141" Line="9" Column="45" EndLine="9" EndColumn="50" Covered="True" />
        </Method>
        <Method Name="set_Region(System.String):System.Void" CoveredStatements="1" TotalStatements="1" CoveragePercent="100">
          <Statement FileIndex="141" Line="7" Column="42" EndLine="7" EndColumn="47" Covered="True" />
        </Method>
        <Method Name="set_SecretKey(System.String):System.Void" CoveredStatements="1" TotalStatements="1" CoveragePercent="100">
          <Statement FileIndex="141" Line="11" Column="45" EndLine="11" EndColumn="50" Covered="True" />
        </Method>
      </Type>
      <Type Name="JwtSettings" CoveredStatements="8" TotalStatements="8" CoveragePercent="100">
        <Method Name="get_Audience():System.String" CoveredStatements="1" TotalStatements="1" CoveragePercent="100">
          <Statement FileIndex="142" Line="7" Column="39" EndLine="7" EndColumn="43" Covered="True" />
        </Method>
        <Method Name="get_Expire():System.Int32" CoveredStatements="1" TotalStatements="1" CoveragePercent="100">
          <Statement FileIndex="142" Line="13" Column="34" EndLine="13" EndColumn="38" Covered="True" />
        </Method>
        <Method Name="get_Issuer():System.String" CoveredStatements="1" TotalStatements="1" CoveragePercent="100">
          <Statement FileIndex="142" Line="9" Column="37" EndLine="9" EndColumn="41" Covered="True" />
        </Method>
        <Method Name="get_Key():System.String" CoveredStatements="1" TotalStatements="1" CoveragePercent="100">
          <Statement FileIndex="142" Line="11" Column="34" EndLine="11" EndColumn="38" Covered="True" />
        </Method>
        <Method Name="set_Audience(System.String):System.Void" CoveredStatements="1" TotalStatements="1" CoveragePercent="100">
          <Statement FileIndex="142" Line="7" Column="44" EndLine="7" EndColumn="49" Covered="True" />
        </Method>
        <Method Name="set_Expire(System.Int32):System.Void" CoveredStatements="1" TotalStatements="1" CoveragePercent="100">
          <Statement FileIndex="142" Line="13" Column="39" EndLine="13" EndColumn="44" Covered="True" />
        </Method>
        <Method Name="set_Issuer(System.String):System.Void" CoveredStatements="1" TotalStatements="1" CoveragePercent="100">
          <Statement FileIndex="142" Line="9" Column="42" EndLine="9" EndColumn="47" Covered="True" />
        </Method>
        <Method Name="set_Key(System.String):System.Void" CoveredStatements="1" TotalStatements="1" CoveragePercent="100">
          <Statement FileIndex="142" Line="11" Column="39" EndLine="11" EndColumn="44" Covered="True" />
        </Method>
      </Type>
      <Type Name="PostgresDbContextSettings&lt;TDbContext&gt;" CoveredStatements="0" TotalStatements="8" CoveragePercent="0">
        <Method Name="get_ConnectionString():System.String" CoveredStatements="0" TotalStatements="1" CoveragePercent="0">
          <Statement FileIndex="143" Line="8" Column="47" EndLine="8" EndColumn="51" Covered="False" />
        </Method>
        <Method Name="get_Database():System.String" CoveredStatements="0" TotalStatements="1" CoveragePercent="0">
          <Statement FileIndex="143" Line="10" Column="39" EndLine="10" EndColumn="43" Covered="False" />
        </Method>
        <Method Name="get_Host():System.String" CoveredStatements="0" TotalStatements="1" CoveragePercent="0">
          <Statement FileIndex="143" Line="12" Column="35" EndLine="12" EndColumn="39" Covered="False" />
        </Method>
        <Method Name="get_Port():System.Int32" CoveredStatements="0" TotalStatements="1" CoveragePercent="0">
          <Statement FileIndex="143" Line="14" Column="32" EndLine="14" EndColumn="36" Covered="False" />
        </Method>
        <Method Name="set_ConnectionString(System.String):System.Void" CoveredStatements="0" TotalStatements="1" CoveragePercent="0">
          <Statement FileIndex="143" Line="8" Column="52" EndLine="8" EndColumn="57" Covered="False" />
        </Method>
        <Method Name="set_Database(System.String):System.Void" CoveredStatements="0" TotalStatements="1" CoveragePercent="0">
          <Statement FileIndex="143" Line="10" Column="44" EndLine="10" EndColumn="49" Covered="False" />
        </Method>
        <Method Name="set_Host(System.String):System.Void" CoveredStatements="0" TotalStatements="1" CoveragePercent="0">
          <Statement FileIndex="143" Line="12" Column="40" EndLine="12" EndColumn="45" Covered="False" />
        </Method>
        <Method Name="set_Port(System.Int32):System.Void" CoveredStatements="0" TotalStatements="1" CoveragePercent="0">
          <Statement FileIndex="143" Line="14" Column="37" EndLine="14" EndColumn="42" Covered="False" />
        </Method>
      </Type>
      <Type Name="RabbitMqSettings" CoveredStatements="0" TotalStatements="6" CoveragePercent="0">
        <Method Name="get_Host():System.String" CoveredStatements="0" TotalStatements="1" CoveragePercent="0">
          <Statement FileIndex="144" Line="5" Column="35" EndLine="5" EndColumn="39" Covered="False" />
        </Method>
        <Method Name="get_Password():System.String" CoveredStatements="0" TotalStatements="1" CoveragePercent="0">
          <Statement FileIndex="144" Line="9" Column="39" EndLine="9" EndColumn="43" Covered="False" />
        </Method>
        <Method Name="get_Username():System.String" CoveredStatements="0" TotalStatements="1" CoveragePercent="0">
          <Statement FileIndex="144" Line="7" Column="39" EndLine="7" EndColumn="43" Covered="False" />
        </Method>
        <Method Name="set_Host(System.String):System.Void" CoveredStatements="0" TotalStatements="1" CoveragePercent="0">
          <Statement FileIndex="144" Line="5" Column="40" EndLine="5" EndColumn="45" Covered="False" />
        </Method>
        <Method Name="set_Password(System.String):System.Void" CoveredStatements="0" TotalStatements="1" CoveragePercent="0">
          <Statement FileIndex="144" Line="9" Column="44" EndLine="9" EndColumn="49" Covered="False" />
        </Method>
        <Method Name="set_Username(System.String):System.Void" CoveredStatements="0" TotalStatements="1" CoveragePercent="0">
          <Statement FileIndex="144" Line="7" Column="44" EndLine="7" EndColumn="49" Covered="False" />
        </Method>
      </Type>
    </Namespace>
  </Assembly>
  <Assembly Name="CoffeeSpace.Domain" CoveredStatements="53" TotalStatements="53" CoveragePercent="100">
    <Namespace Name="CoffeeSpace.Domain.Ordering.BuyerInfo" CoveredStatements="8" TotalStatements="8" CoveragePercent="100">
      <Type Name="Buyer" CoveredStatements="8" TotalStatements="8" CoveragePercent="100">
        <Method Name="get_Email():System.String" CoveredStatements="1" TotalStatements="1" CoveragePercent="100">
          <Statement FileIndex="375" Line="11" Column="36" EndLine="11" EndColumn="40" Covered="True" />
        </Method>
        <Method Name="get_Id():System.String" CoveredStatements="1" TotalStatements="1" CoveragePercent="100">
          <Statement FileIndex="375" Line="7" Column="33" EndLine="7" EndColumn="37" Covered="True" />
        </Method>
        <Method Name="get_Name():System.String" CoveredStatements="1" TotalStatements="1" CoveragePercent="100">
          <Statement FileIndex="375" Line="9" Column="35" EndLine="9" EndColumn="39" Covered="True" />
        </Method>
        <Method Name="get_Orders():System.Collections.Generic.IEnumerable&lt;CoffeeSpace.Domain.Ordering.Orders.Order&gt;" CoveredStatements="1" TotalStatements="1" CoveragePercent="100">
          <Statement FileIndex="375" Line="13" Column="41" EndLine="13" EndColumn="45" Covered="True" />
        </Method>
        <Method Name="set_Email(System.String):System.Void" CoveredStatements="1" TotalStatements="1" CoveragePercent="100">
          <Statement FileIndex="375" Line="11" Column="41" EndLine="11" EndColumn="46" Covered="True" />
        </Method>
        <Method Name="set_Id(System.String):System.Void" CoveredStatements="1" TotalStatements="1" CoveragePercent="100">
          <Statement FileIndex="375" Line="7" Column="38" EndLine="7" EndColumn="43" Covered="True" />
        </Method>
        <Method Name="set_Name(System.String):System.Void" CoveredStatements="1" TotalStatements="1" CoveragePercent="100">
          <Statement FileIndex="375" Line="9" Column="40" EndLine="9" EndColumn="45" Covered="True" />
        </Method>
        <Method Name="set_Orders(System.Collections.Generic.IEnumerable&lt;CoffeeSpace.Domain.Ordering.Orders.Order&gt;):System.Void" CoveredStatements="1" TotalStatements="1" CoveragePercent="100">
          <Statement FileIndex="375" Line="13" Column="46" EndLine="13" EndColumn="51" Covered="True" />
        </Method>
      </Type>
    </Namespace>
    <Namespace Name="CoffeeSpace.Domain.Ordering.Orders" CoveredStatements="32" TotalStatements="32" CoveragePercent="100">
      <Type Name="Address" CoveredStatements="8" TotalStatements="8" CoveragePercent="100">
        <Method Name="get_City():System.String" CoveredStatements="1" TotalStatements="1" CoveragePercent="100">
          <Statement FileIndex="376" Line="9" Column="35" EndLine="9" EndColumn="39" Covered="True" />
        </Method>
        <Method Name="get_Country():System.String" CoveredStatements="1" TotalStatements="1" CoveragePercent="100">
          <Statement FileIndex="376" Line="11" Column="38" EndLine="11" EndColumn="42" Covered="True" />
        </Method>
        <Method Name="get_Id():System.String" CoveredStatements="1" TotalStatements="1" CoveragePercent="100">
          <Statement FileIndex="376" Line="5" Column="33" EndLine="5" EndColumn="37" Covered="True" />
        </Method>
        <Method Name="get_Street():System.String" CoveredStatements="1" TotalStatements="1" CoveragePercent="100">
          <Statement FileIndex="376" Line="7" Column="37" EndLine="7" EndColumn="41" Covered="True" />
        </Method>
        <Method Name="set_City(System.String):System.Void" CoveredStatements="1" TotalStatements="1" CoveragePercent="100">
          <Statement FileIndex="376" Line="9" Column="40" EndLine="9" EndColumn="45" Covered="True" />
        </Method>
        <Method Name="set_Country(System.String):System.Void" CoveredStatements="1" TotalStatements="1" CoveragePercent="100">
          <Statement FileIndex="376" Line="11" Column="43" EndLine="11" EndColumn="48" Covered="True" />
        </Method>
        <Method Name="set_Id(System.String):System.Void" CoveredStatements="1" TotalStatements="1" CoveragePercent="100">
          <Statement FileIndex="376" Line="5" Column="38" EndLine="5" EndColumn="43" Covered="True" />
        </Method>
        <Method Name="set_Street(System.String):System.Void" CoveredStatements="1" TotalStatements="1" CoveragePercent="100">
          <Statement FileIndex="376" Line="7" Column="42" EndLine="7" EndColumn="47" Covered="True" />
        </Method>
      </Type>
      <Type Name="Order" CoveredStatements="10" TotalStatements="10" CoveragePercent="100">
        <Method Name="get_Address():CoffeeSpace.Domain.Ordering.Orders.Address" CoveredStatements="1" TotalStatements="1" CoveragePercent="100">
          <Statement FileIndex="377" Line="13" Column="39" EndLine="13" EndColumn="43" Covered="True" />
        </Method>
        <Method Name="get_BuyerId():System.String" CoveredStatements="1" TotalStatements="1" CoveragePercent="100">
          <Statement FileIndex="377" Line="11" Column="38" EndLine="11" EndColumn="42" Covered="True" />
        </Method>
        <Method Name="get_Id():System.String" CoveredStatements="1" TotalStatements="1" CoveragePercent="100">
          <Statement FileIndex="377" Line="7" Column="33" EndLine="7" EndColumn="37" Covered="True" />
        </Method>
        <Method Name="get_OrderItems():System.Collections.Generic.IEnumerable&lt;CoffeeSpace.Domain.Ordering.Orders.OrderItem&gt;" CoveredStatements="1" TotalStatements="1" CoveragePercent="100">
          <Statement FileIndex="377" Line="15" Column="57" EndLine="15" EndColumn="61" Covered="True" />
        </Method>
        <Method Name="get_Status():CoffeeSpace.Domain.Ordering.Orders.OrderStatus" CoveredStatements="1" TotalStatements="1" CoveragePercent="100">
          <Statement FileIndex="377" Line="9" Column="42" EndLine="9" EndColumn="46" Covered="True" />
        </Method>
        <Method Name="set_Address(CoffeeSpace.Domain.Ordering.Orders.Address):System.Void" CoveredStatements="1" TotalStatements="1" CoveragePercent="100">
          <Statement FileIndex="377" Line="13" Column="44" EndLine="13" EndColumn="49" Covered="True" />
        </Method>
        <Method Name="set_BuyerId(System.String):System.Void" CoveredStatements="1" TotalStatements="1" CoveragePercent="100">
          <Statement FileIndex="377" Line="11" Column="43" EndLine="11" EndColumn="48" Covered="True" />
        </Method>
        <Method Name="set_Id(System.String):System.Void" CoveredStatements="1" TotalStatements="1" CoveragePercent="100">
          <Statement FileIndex="377" Line="7" Column="38" EndLine="7" EndColumn="43" Covered="True" />
        </Method>
        <Method Name="set_OrderItems(System.Collections.Generic.IEnumerable&lt;CoffeeSpace.Domain.Ordering.Orders.OrderItem&gt;):System.Void" CoveredStatements="1" TotalStatements="1" CoveragePercent="100">
          <Statement FileIndex="377" Line="15" Column="62" EndLine="15" EndColumn="67" Covered="True" />
        </Method>
        <Method Name="set_Status(CoffeeSpace.Domain.Ordering.Orders.OrderStatus):System.Void" CoveredStatements="1" TotalStatements="1" CoveragePercent="100">
          <Statement FileIndex="377" Line="9" Column="47" EndLine="9" EndColumn="52" Covered="True" />
        </Method>
      </Type>
      <Type Name="OrderItem" CoveredStatements="14" TotalStatements="14" CoveragePercent="100">
        <Method Name=".ctor():System.Void" CoveredStatements="1" TotalStatements="1" CoveragePercent="100">
          <Statement FileIndex="378" Line="5" Column="39" EndLine="5" EndColumn="64" Covered="True" />
        </Method>
        <Method Name="get_Description():System.String" CoveredStatements="1" TotalStatements="1" CoveragePercent="100">
          <Statement FileIndex="378" Line="9" Column="42" EndLine="9" EndColumn="46" Covered="True" />
        </Method>
        <Method Name="get_Discount():System.Single" CoveredStatements="1" TotalStatements="1" CoveragePercent="100">
          <Statement FileIndex="378" Line="15" Column="38" EndLine="15" EndColumn="42" Covered="True" />
        </Method>
        <Method Name="get_Id():System.String" CoveredStatements="1" TotalStatements="1" CoveragePercent="100">
          <Statement FileIndex="378" Line="5" Column="24" EndLine="5" EndColumn="28" Covered="True" />
        </Method>
        <Method Name="get_Quantity():System.Int32" CoveredStatements="1" TotalStatements="1" CoveragePercent="100">
          <Statement FileIndex="378" Line="13" Column="36" EndLine="13" EndColumn="40" Covered="True" />
        </Method>
        <Method Name="get_Title():System.String" CoveredStatements="1" TotalStatements="1" CoveragePercent="100">
          <Statement FileIndex="378" Line="7" Column="36" EndLine="7" EndColumn="40" Covered="True" />
        </Method>
        <Method Name="get_Total():System.Single" CoveredStatements="1" TotalStatements="1" CoveragePercent="100">
          <Statement FileIndex="378" Line="17" Column="27" EndLine="17" EndColumn="47" Covered="True" />
        </Method>
        <Method Name="get_UnitPrice():System.Single" CoveredStatements="1" TotalStatements="1" CoveragePercent="100">
          <Statement FileIndex="378" Line="11" Column="39" EndLine="11" EndColumn="43" Covered="True" />
        </Method>
        <Method Name="set_Description(System.String):System.Void" CoveredStatements="1" TotalStatements="1" CoveragePercent="100">
          <Statement FileIndex="378" Line="9" Column="47" EndLine="9" EndColumn="52" Covered="True" />
        </Method>
        <Method Name="set_Discount(System.Single):System.Void" CoveredStatements="1" TotalStatements="1" CoveragePercent="100">
          <Statement FileIndex="378" Line="15" Column="43" EndLine="15" EndColumn="48" Covered="True" />
        </Method>
        <Method Name="set_Id(System.String):System.Void" CoveredStatements="1" TotalStatements="1" CoveragePercent="100">
          <Statement FileIndex="378" Line="5" Column="29" EndLine="5" EndColumn="34" Covered="True" />
        </Method>
        <Method Name="set_Quantity(System.Int32):System.Void" CoveredStatements="1" TotalStatements="1" CoveragePercent="100">
          <Statement FileIndex="378" Line="13" Column="41" EndLine="13" EndColumn="45" Covered="True" />
        </Method>
        <Method Name="set_Title(System.String):System.Void" CoveredStatements="1" TotalStatements="1" CoveragePercent="100">
          <Statement FileIndex="378" Line="7" Column="41" EndLine="7" EndColumn="46" Covered="True" />
        </Method>
        <Method Name="set_UnitPrice(System.Single):System.Void" CoveredStatements="1" TotalStatements="1" CoveragePercent="100">
          <Statement FileIndex="378" Line="11" Column="44" EndLine="11" EndColumn="49" Covered="True" />
        </Method>
      </Type>
    </Namespace>
    <Namespace Name="CoffeeSpace.Domain.Products" CoveredStatements="13" TotalStatements="13" CoveragePercent="100">
      <Type Name="Product" CoveredStatements="13" TotalStatements="13" CoveragePercent="100">
        <Method Name="get_Description():System.String" CoveredStatements="1" TotalStatements="1" CoveragePercent="100">
          <Statement FileIndex="380" Line="9" Column="42" EndLine="9" EndColumn="46" Covered="True" />
        </Method>
        <Method Name="get_Discount():System.Single" CoveredStatements="1" TotalStatements="1" CoveragePercent="100">
          <Statement FileIndex="380" Line="13" Column="38" EndLine="13" EndColumn="42" Covered="True" />
        </Method>
        <Method Name="get_Id():System.String" CoveredStatements="1" TotalStatements="1" CoveragePercent="100">
          <Statement FileIndex="380" Line="5" Column="33" EndLine="5" EndColumn="37" Covered="True" />
        </Method>
        <Method Name="get_Quantity():System.Int32" CoveredStatements="1" TotalStatements="1" CoveragePercent="100">
          <Statement FileIndex="380" Line="15" Column="37" EndLine="15" EndColumn="41" Covered="True" />
        </Method>
        <Method Name="get_Title():System.String" CoveredStatements="1" TotalStatements="1" CoveragePercent="100">
          <Statement FileIndex="380" Line="7" Column="36" EndLine="7" EndColumn="40" Covered="True" />
        </Method>
        <Method Name="get_Total():System.Single" CoveredStatements="1" TotalStatements="1" CoveragePercent="100">
          <Statement FileIndex="380" Line="17" Column="27" EndLine="17" EndColumn="47" Covered="True" />
        </Method>
        <Method Name="get_UnitPrice():System.Single" CoveredStatements="1" TotalStatements="1" CoveragePercent="100">
          <Statement FileIndex="380" Line="11" Column="39" EndLine="11" EndColumn="43" Covered="True" />
        </Method>
        <Method Name="set_Description(System.String):System.Void" CoveredStatements="1" TotalStatements="1" CoveragePercent="100">
          <Statement FileIndex="380" Line="9" Column="47" EndLine="9" EndColumn="52" Covered="True" />
        </Method>
        <Method Name="set_Discount(System.Single):System.Void" CoveredStatements="1" TotalStatements="1" CoveragePercent="100">
          <Statement FileIndex="380" Line="13" Column="43" EndLine="13" EndColumn="48" Covered="True" />
        </Method>
        <Method Name="set_Id(System.String):System.Void" CoveredStatements="1" TotalStatements="1" CoveragePercent="100">
          <Statement FileIndex="380" Line="5" Column="38" EndLine="5" EndColumn="43" Covered="True" />
        </Method>
        <Method Name="set_Quantity(System.Int32):System.Void" CoveredStatements="1" TotalStatements="1" CoveragePercent="100">
          <Statement FileIndex="380" Line="15" Column="42" EndLine="15" EndColumn="47" Covered="True" />
        </Method>
        <Method Name="set_Title(System.String):System.Void" CoveredStatements="1" TotalStatements="1" CoveragePercent="100">
          <Statement FileIndex="380" Line="7" Column="41" EndLine="7" EndColumn="46" Covered="True" />
        </Method>
        <Method Name="set_UnitPrice(System.Single):System.Void" CoveredStatements="1" TotalStatements="1" CoveragePercent="100">
          <Statement FileIndex="380" Line="11" Column="44" EndLine="11" EndColumn="49" Covered="True" />
        </Method>
      </Type>
    </Namespace>
  </Assembly>
  <Assembly Name="CoffeeSpace.IdentityApi" CoveredStatements="190" TotalStatements="209" CoveragePercent="91">
    <Namespace Name="CoffeeSpace.IdentityApi.Application.Contracts.Requests.Login" CoveredStatements="4" TotalStatements="4" CoveragePercent="100">
      <Type Name="LoginRequest" CoveredStatements="4" TotalStatements="4" CoveragePercent="100">
        <Method Name="get_Password():System.String" CoveredStatements="1" TotalStatements="1" CoveragePercent="100">
          <Statement FileIndex="50" Line="7" Column="39" EndLine="7" EndColumn="43" Covered="True" />
        </Method>
        <Method Name="get_Username():System.String" CoveredStatements="1" TotalStatements="1" CoveragePercent="100">
          <Statement FileIndex="50" Line="5" Column="39" EndLine="5" EndColumn="43" Covered="True" />
        </Method>
        <Method Name="set_Password(System.String):System.Void" CoveredStatements="1" TotalStatements="1" CoveragePercent="100">
          <Statement FileIndex="50" Line="7" Column="44" EndLine="7" EndColumn="49" Covered="True" />
        </Method>
        <Method Name="set_Username(System.String):System.Void" CoveredStatements="1" TotalStatements="1" CoveragePercent="100">
          <Statement FileIndex="50" Line="5" Column="44" EndLine="5" EndColumn="49" Covered="True" />
        </Method>
      </Type>
    </Namespace>
    <Namespace Name="CoffeeSpace.IdentityApi.Application.Contracts.Requests.Register" CoveredStatements="10" TotalStatements="10" CoveragePercent="100">
      <Type Name="RegisterRequest" CoveredStatements="10" TotalStatements="10" CoveragePercent="100">
        <Method Name="get_Email():System.String" CoveredStatements="1" TotalStatements="1" CoveragePercent="100">
          <Statement FileIndex="51" Line="11" Column="36" EndLine="11" EndColumn="40" Covered="True" />
        </Method>
        <Method Name="get_LastName():System.String" CoveredStatements="1" TotalStatements="1" CoveragePercent="100">
          <Statement FileIndex="51" Line="7" Column="39" EndLine="7" EndColumn="43" Covered="True" />
        </Method>
        <Method Name="get_Name():System.String" CoveredStatements="1" TotalStatements="1" CoveragePercent="100">
          <Statement FileIndex="51" Line="5" Column="35" EndLine="5" EndColumn="39" Covered="True" />
        </Method>
        <Method Name="get_Password():System.String" CoveredStatements="1" TotalStatements="1" CoveragePercent="100">
          <Statement FileIndex="51" Line="13" Column="39" EndLine="13" EndColumn="43" Covered="True" />
        </Method>
        <Method Name="get_UserName():System.String" CoveredStatements="1" TotalStatements="1" CoveragePercent="100">
          <Statement FileIndex="51" Line="9" Column="39" EndLine="9" EndColumn="43" Covered="True" />
        </Method>
        <Method Name="set_Email(System.String):System.Void" CoveredStatements="1" TotalStatements="1" CoveragePercent="100">
          <Statement FileIndex="51" Line="11" Column="41" EndLine="11" EndColumn="46" Covered="True" />
        </Method>
        <Method Name="set_LastName(System.String):System.Void" CoveredStatements="1" TotalStatements="1" CoveragePercent="100">
          <Statement FileIndex="51" Line="7" Column="44" EndLine="7" EndColumn="49" Covered="True" />
        </Method>
        <Method Name="set_Name(System.String):System.Void" CoveredStatements="1" TotalStatements="1" CoveragePercent="100">
          <Statement FileIndex="51" Line="5" Column="40" EndLine="5" EndColumn="45" Covered="True" />
        </Method>
        <Method Name="set_Password(System.String):System.Void" CoveredStatements="1" TotalStatements="1" CoveragePercent="100">
          <Statement FileIndex="51" Line="13" Column="44" EndLine="13" EndColumn="49" Covered="True" />
        </Method>
        <Method Name="set_UserName(System.String):System.Void" CoveredStatements="1" TotalStatements="1" CoveragePercent="100">
          <Statement FileIndex="51" Line="9" Column="44" EndLine="9" EndColumn="49" Covered="True" />
        </Method>
      </Type>
    </Namespace>
    <Namespace Name="CoffeeSpace.IdentityApi.Application.Extensions" CoveredStatements="22" TotalStatements="22" CoveragePercent="100">
      <Type Name="ApiVersionExtensions" CoveredStatements="9" TotalStatements="9" CoveragePercent="100">
        <Type Name="&lt;&gt;c__DisplayClass0_0" CoveredStatements="6" TotalStatements="6" CoveragePercent="100">
          <Method Name="&lt;AddApiVersioning&gt;b__0(Asp.Versioning.ApiVersioningOptions):System.Void" CoveredStatements="6" TotalStatements="6" CoveragePercent="100">
            <Statement FileIndex="52" Line="10" Column="13" EndLine="10" EndColumn="14" Covered="True" />
            <Statement FileIndex="52" Line="11" Column="17" EndLine="11" EndColumn="45" Covered="True" />
            <Statement FileIndex="52" Line="12" Column="17" EndLine="12" EndColumn="59" Covered="True" />
            <Statement FileIndex="52" Line="13" Column="17" EndLine="13" EndColumn="44" Covered="True" />
            <Statement FileIndex="52" Line="14" Column="17" EndLine="14" EndColumn="78" Covered="True" />
            <Statement FileIndex="52" Line="15" Column="13" EndLine="15" EndColumn="14" Covered="True" />
          </Method>
        </Type>
        <Method Name="AddApiVersioning(Microsoft.Extensions.DependencyInjection.IServiceCollection,Asp.Versioning.IApiVersionReader,System.Boolean):Asp.Versioning.IApiVersioningBuilder" CoveredStatements="3" TotalStatements="3" CoveragePercent="100">
          <Statement FileIndex="52" Line="8" Column="5" EndLine="8" EndColumn="6" Covered="True" />
          <Statement FileIndex="52" Line="9" Column="9" EndLine="16" EndColumn="23" Covered="True" />
          <Statement FileIndex="52" Line="17" Column="5" EndLine="17" EndColumn="6" Covered="True" />
        </Method>
      </Type>
      <Type Name="HealthChecksExtensions" CoveredStatements="3" TotalStatements="3" CoveragePercent="100">
        <Method Name="AddServiceHealthChecks(Microsoft.Extensions.DependencyInjection.IServiceCollection,Microsoft.AspNetCore.Builder.WebApplicationBuilder):Microsoft.Extensions.DependencyInjection.IHealthChecksBuilder" CoveredStatements="3" TotalStatements="3" CoveragePercent="100">
          <Statement FileIndex="53" Line="6" Column="5" EndLine="6" EndColumn="6" Covered="True" />
          <Statement FileIndex="53" Line="7" Column="9" EndLine="9" EndColumn="112" Covered="True" />
          <Statement FileIndex="53" Line="10" Column="5" EndLine="10" EndColumn="6" Covered="True" />
        </Method>
      </Type>
      <Type Name="IdentityExtensions" CoveredStatements="10" TotalStatements="10" CoveragePercent="100">
        <Type Name="&lt;&gt;c__DisplayClass0_0" CoveredStatements="4" TotalStatements="4" CoveragePercent="100">
          <Method Name="&lt;AddIdentityConfiguration&gt;b__0(Microsoft.AspNetCore.Identity.IdentityOptions):System.Void" CoveredStatements="4" TotalStatements="4" CoveragePercent="100">
            <Statement FileIndex="54" Line="27" Column="13" EndLine="27" EndColumn="14" Covered="True" />
            <Statement FileIndex="54" Line="28" Column="17" EndLine="28" EndColumn="46" Covered="True" />
            <Statement FileIndex="54" Line="29" Column="17" EndLine="29" EndColumn="38" Covered="True" />
            <Statement FileIndex="54" Line="30" Column="13" EndLine="30" EndColumn="14" Covered="True" />
          </Method>
        </Type>
        <Method Name="AddIdentityConfiguration(Microsoft.Extensions.DependencyInjection.IServiceCollection,Microsoft.AspNetCore.Identity.PasswordOptions,Microsoft.AspNetCore.Identity.UserOptions):Microsoft.Extensions.DependencyInjection.IServiceCollection" CoveredStatements="6" TotalStatements="6" CoveragePercent="100">
          <Statement FileIndex="54" Line="11" Column="5" EndLine="11" EndColumn="6" Covered="True" />
          <Statement FileIndex="54" Line="12" Column="9" EndLine="19" EndColumn="11" Covered="True" />
          <Statement FileIndex="54" Line="21" Column="9" EndLine="24" EndColumn="11" Covered="True" />
          <Statement FileIndex="54" Line="26" Column="9" EndLine="32" EndColumn="41" Covered="True" />
          <Statement FileIndex="54" Line="34" Column="9" EndLine="34" EndColumn="25" Covered="True" />
          <Statement FileIndex="54" Line="35" Column="5" EndLine="35" EndColumn="6" Covered="True" />
        </Method>
      </Type>
    </Namespace>
    <Namespace Name="CoffeeSpace.IdentityApi.Application.Mapping" CoveredStatements="4" TotalStatements="4" CoveragePercent="100">
      <Type Name="ApplicationUserMappingProfile" CoveredStatements="4" TotalStatements="4" CoveragePercent="100">
        <Method Name="ToUser(CoffeeSpace.IdentityApi.Application.Contracts.Requests.Register.RegisterRequest):CoffeeSpace.IdentityApi.Application.Models.ApplicationUser" CoveredStatements="4" TotalStatements="4" CoveragePercent="100">
          <Statement FileIndex="78" Line="8" Column="9" EndLine="8" EndColumn="10" Covered="True" />
          <Statement FileIndex="78" Line="9" Column="13" EndLine="16" EndColumn="15" Covered="True" />
          <Statement FileIndex="78" Line="17" Column="13" EndLine="17" EndColumn="27" Covered="True" />
          <Statement FileIndex="78" Line="18" Column="9" EndLine="18" EndColumn="10" Covered="True" />
        </Method>
      </Type>
    </Namespace>
    <Namespace Name="CoffeeSpace.IdentityApi.Application.Messages.Consumers" CoveredStatements="25" TotalStatements="25" CoveragePercent="100">
      <Type Name="DeleteBuyerConsumer" CoveredStatements="12" TotalStatements="12" CoveragePercent="100">
        <Type Name="&lt;Consume&gt;d__2" CoveredStatements="8" TotalStatements="8" CoveragePercent="100">
          <Method Name="MoveNext():System.Void" CoveredStatements="8" TotalStatements="8" CoveragePercent="100">
            <Statement FileIndex="57" Line="18" Column="5" EndLine="18" EndColumn="6" Covered="True" />
            <Statement FileIndex="57" Line="19" Column="9" EndLine="19" EndColumn="79" Covered="True" />
            <Statement FileIndex="57" Line="20" Column="9" EndLine="20" EndColumn="30" Covered="True" />
            <Statement FileIndex="57" Line="21" Column="9" EndLine="21" EndColumn="10" Covered="True" />
            <Statement FileIndex="57" Line="22" Column="13" EndLine="22" EndColumn="50" Covered="True" />
            <Statement FileIndex="57" Line="23" Column="13" EndLine="23" EndColumn="119" Covered="True" />
            <Statement FileIndex="57" Line="24" Column="9" EndLine="24" EndColumn="10" Covered="True" />
            <Statement FileIndex="57" Line="25" Column="5" EndLine="25" EndColumn="6" Covered="True" />
          </Method>
        </Type>
        <Method Name=".ctor(Microsoft.AspNetCore.Identity.UserManager&lt;CoffeeSpace.IdentityApi.Application.Models.ApplicationUser&gt;):System.Void" CoveredStatements="4" TotalStatements="4" CoveragePercent="100">
          <Statement FileIndex="57" Line="12" Column="5" EndLine="12" EndColumn="73" Covered="True" />
          <Statement FileIndex="57" Line="13" Column="5" EndLine="13" EndColumn="6" Covered="True" />
          <Statement FileIndex="57" Line="14" Column="9" EndLine="14" EndColumn="36" Covered="True" />
          <Statement FileIndex="57" Line="15" Column="5" EndLine="15" EndColumn="6" Covered="True" />
        </Method>
      </Type>
      <Type Name="UpdateBuyerConsumer" CoveredStatements="13" TotalStatements="13" CoveragePercent="100">
        <Type Name="&lt;Consume&gt;d__2" CoveredStatements="9" TotalStatements="9" CoveragePercent="100">
          <Method Name="MoveNext():System.Void" CoveredStatements="9" TotalStatements="9" CoveragePercent="100">
            <Statement FileIndex="58" Line="18" Column="5" EndLine="18" EndColumn="6" Covered="True" />
            <Statement FileIndex="58" Line="19" Column="9" EndLine="19" EndColumn="85" Covered="True" />
            <Statement FileIndex="58" Line="20" Column="9" EndLine="20" EndColumn="30" Covered="True" />
            <Statement FileIndex="58" Line="21" Column="9" EndLine="21" EndColumn="10" Covered="True" />
            <Statement FileIndex="58" Line="22" Column="13" EndLine="22" EndColumn="81" Covered="True" />
            <Statement FileIndex="58" Line="23" Column="13" EndLine="23" EndColumn="83" Covered="True" />
            <Statement FileIndex="58" Line="25" Column="13" EndLine="25" EndColumn="108" Covered="True" />
            <Statement FileIndex="58" Line="26" Column="9" EndLine="26" EndColumn="10" Covered="True" />
            <Statement FileIndex="58" Line="27" Column="5" EndLine="27" EndColumn="6" Covered="True" />
          </Method>
        </Type>
        <Method Name=".ctor(Microsoft.AspNetCore.Identity.UserManager&lt;CoffeeSpace.IdentityApi.Application.Models.ApplicationUser&gt;):System.Void" CoveredStatements="4" TotalStatements="4" CoveragePercent="100">
          <Statement FileIndex="58" Line="12" Column="5" EndLine="12" EndColumn="73" Covered="True" />
          <Statement FileIndex="58" Line="13" Column="5" EndLine="13" EndColumn="6" Covered="True" />
          <Statement FileIndex="58" Line="14" Column="9" EndLine="14" EndColumn="36" Covered="True" />
          <Statement FileIndex="58" Line="15" Column="5" EndLine="15" EndColumn="6" Covered="True" />
        </Method>
      </Type>
    </Namespace>
    <Namespace Name="CoffeeSpace.IdentityApi.Application.Models" CoveredStatements="8" TotalStatements="10" CoveragePercent="80">
      <Type Name="ApplicationUser" CoveredStatements="8" TotalStatements="10" CoveragePercent="80">
        <Method Name="get_Email():System.String" CoveredStatements="1" TotalStatements="1" CoveragePercent="100">
          <Statement FileIndex="59" Line="13" Column="46" EndLine="13" EndColumn="50" Covered="True" />
        </Method>
        <Method Name="get_LastName():System.String" CoveredStatements="0" TotalStatements="1" CoveragePercent="0">
          <Statement FileIndex="59" Line="9" Column="39" EndLine="9" EndColumn="43" Covered="False" />
        </Method>
        <Method Name="get_Name():System.String" CoveredStatements="0" TotalStatements="1" CoveragePercent="0">
          <Statement FileIndex="59" Line="7" Column="35" EndLine="7" EndColumn="39" Covered="False" />
        </Method>
        <Method Name="get_Password():System.String" CoveredStatements="1" TotalStatements="1" CoveragePercent="100">
          <Statement FileIndex="59" Line="15" Column="39" EndLine="15" EndColumn="43" Covered="True" />
        </Method>
        <Method Name="get_UserName():System.String" CoveredStatements="1" TotalStatements="1" CoveragePercent="100">
          <Statement FileIndex="59" Line="11" Column="49" EndLine="11" EndColumn="53" Covered="True" />
        </Method>
        <Method Name="set_Email(System.String):System.Void" CoveredStatements="1" TotalStatements="1" CoveragePercent="100">
          <Statement FileIndex="59" Line="13" Column="51" EndLine="13" EndColumn="55" Covered="True" />
        </Method>
        <Method Name="set_LastName(System.String):System.Void" CoveredStatements="1" TotalStatements="1" CoveragePercent="100">
          <Statement FileIndex="59" Line="9" Column="44" EndLine="9" EndColumn="49" Covered="True" />
        </Method>
        <Method Name="set_Name(System.String):System.Void" CoveredStatements="1" TotalStatements="1" CoveragePercent="100">
          <Statement FileIndex="59" Line="7" Column="40" EndLine="7" EndColumn="45" Covered="True" />
        </Method>
        <Method Name="set_Password(System.String):System.Void" CoveredStatements="1" TotalStatements="1" CoveragePercent="100">
          <Statement FileIndex="59" Line="15" Column="44" EndLine="15" EndColumn="49" Covered="True" />
        </Method>
        <Method Name="set_UserName(System.String):System.Void" CoveredStatements="1" TotalStatements="1" CoveragePercent="100">
          <Statement FileIndex="59" Line="11" Column="54" EndLine="11" EndColumn="58" Covered="True" />
        </Method>
      </Type>
    </Namespace>
    <Namespace Name="CoffeeSpace.IdentityApi.Application.Services" CoveredStatements="50" TotalStatements="50" CoveragePercent="100">
      <Type Name="AuthService" CoveredStatements="34" TotalStatements="34" CoveragePercent="100">
        <Type Name="&lt;LoginAsync&gt;d__6" CoveredStatements="9" TotalStatements="9" CoveragePercent="100">
          <Method Name="MoveNext():System.Void" CoveredStatements="9" TotalStatements="9" CoveragePercent="100">
            <Statement FileIndex="62" Line="56" Column="5" EndLine="56" EndColumn="6" Covered="True" />
            <Statement FileIndex="62" Line="57" Column="9" EndLine="57" EndColumn="103" Covered="True" />
            <Statement FileIndex="62" Line="58" Column="9" EndLine="58" EndColumn="37" Covered="True" />
            <Statement FileIndex="62" Line="59" Column="9" EndLine="59" EndColumn="10" Covered="True" />
            <Statement FileIndex="62" Line="60" Column="13" EndLine="60" EndColumn="25" Covered="True" />
            <Statement FileIndex="62" Line="63" Column="9" EndLine="63" EndColumn="90" Covered="True" />
            <Statement FileIndex="62" Line="64" Column="9" EndLine="64" EndColumn="96" Covered="True" />
            <Statement FileIndex="62" Line="66" Column="9" EndLine="66" EndColumn="22" Covered="True" />
            <Statement FileIndex="62" Line="67" Column="5" EndLine="67" EndColumn="6" Covered="True" />
          </Method>
        </Type>
        <Type Name="&lt;RegisterAsync&gt;d__4" CoveredStatements="16" TotalStatements="16" CoveragePercent="100">
          <Method Name="MoveNext():System.Void" CoveredStatements="16" TotalStatements="16" CoveragePercent="100">
            <Statement FileIndex="62" Line="23" Column="5" EndLine="23" EndColumn="6" Covered="True" />
            <Statement FileIndex="62" Line="24" Column="9" EndLine="24" EndColumn="88" Covered="True" />
            <Statement FileIndex="62" Line="25" Column="9" EndLine="25" EndColumn="31" Covered="True" />
            <Statement FileIndex="62" Line="26" Column="9" EndLine="26" EndColumn="10" Covered="True" />
            <Statement FileIndex="62" Line="27" Column="13" EndLine="27" EndColumn="25" Covered="True" />
            <Statement FileIndex="62" Line="30" Column="9" EndLine="30" EndColumn="116" Covered="True" />
            <Statement FileIndex="62" Line="31" Column="9" EndLine="31" EndColumn="39" Covered="True" />
            <Statement FileIndex="62" Line="32" Column="9" EndLine="32" EndColumn="10" Covered="True" />
            <Statement FileIndex="62" Line="33" Column="13" EndLine="33" EndColumn="25" Covered="True" />
            <Statement FileIndex="62" Line="36" Column="9" EndLine="36" EndColumn="105" Covered="True" />
            <Statement FileIndex="62" Line="37" Column="9" EndLine="41" EndColumn="31" Covered="True" />
            <Statement FileIndex="62" Line="43" Column="9" EndLine="43" EndColumn="74" Covered="True" />
            <Statement FileIndex="62" Line="44" Column="9" EndLine="44" EndColumn="78" Covered="True" />
            <Statement FileIndex="62" Line="46" Column="9" EndLine="46" EndColumn="84" Covered="True" />
            <Statement FileIndex="62" Line="47" Column="9" EndLine="47" EndColumn="22" Covered="True" />
            <Statement FileIndex="62" Line="48" Column="5" EndLine="48" EndColumn="6" Covered="True" />
          </Method>
        </Type>
        <Method Name=".ctor(Microsoft.AspNetCore.Identity.SignInManager&lt;CoffeeSpace.IdentityApi.Application.Models.ApplicationUser&gt;,CoffeeSpace.IdentityApi.Application.Services.Abstractions.ITokenWriter&lt;CoffeeSpace.IdentityApi.Application.Models.ApplicationUser&gt;,MassTransit.ISendEndpointProvider):System.Void" CoveredStatements="6" TotalStatements="6" CoveragePercent="100">
          <Statement FileIndex="62" Line="15" Column="5" EndLine="15" EndColumn="152" Covered="True" />
          <Statement FileIndex="62" Line="16" Column="5" EndLine="16" EndColumn="6" Covered="True" />
          <Statement FileIndex="62" Line="17" Column="9" EndLine="17" EndColumn="40" Covered="True" />
          <Statement FileIndex="62" Line="18" Column="9" EndLine="18" EndColumn="36" Covered="True" />
          <Statement FileIndex="62" Line="19" Column="9" EndLine="19" EndColumn="46" Covered="True" />
          <Statement FileIndex="62" Line="20" Column="5" EndLine="20" EndColumn="6" Covered="True" />
        </Method>
        <Method Name="LoginAsync(CoffeeSpace.IdentityApi.Application.Models.ApplicationUser,System.Threading.CancellationToken):System.Threading.Tasks.Task&lt;System.String&gt;" CoveredStatements="3" TotalStatements="3" CoveragePercent="100">
          <Statement FileIndex="62" Line="51" Column="5" EndLine="51" EndColumn="6" Covered="True" />
          <Statement FileIndex="62" Line="52" Column="9" EndLine="52" EndColumn="77" Covered="True" />
          <Statement FileIndex="62" Line="53" Column="5" EndLine="53" EndColumn="6" Covered="True" />
        </Method>
      </Type>
      <Type Name="TokenWriter" CoveredStatements="16" TotalStatements="16" CoveragePercent="100">
        <Type Name="&lt;WriteTokenAsync&gt;d__3" CoveredStatements="5" TotalStatements="5" CoveragePercent="100">
          <Method Name="MoveNext():System.Void" CoveredStatements="5" TotalStatements="5" CoveragePercent="100">
            <Statement FileIndex="63" Line="25" Column="5" EndLine="25" EndColumn="6" Covered="True" />
            <Statement FileIndex="63" Line="26" Column="9" EndLine="26" EndColumn="73" Covered="True" />
            <Statement FileIndex="63" Line="27" Column="9" EndLine="27" EndColumn="82" Covered="True" />
            <Statement FileIndex="63" Line="29" Column="9" EndLine="29" EndColumn="22" Covered="True" />
            <Statement FileIndex="63" Line="30" Column="5" EndLine="30" EndColumn="6" Covered="True" />
          </Method>
        </Type>
        <Method Name=".ctor(Microsoft.Extensions.Options.IOptions&lt;CoffeeSpace.Core.Settings.JwtSettings&gt;,Microsoft.AspNetCore.Identity.IUserClaimsPrincipalFactory&lt;CoffeeSpace.IdentityApi.Application.Models.ApplicationUser&gt;):System.Void" CoveredStatements="5" TotalStatements="5" CoveragePercent="100">
          <Statement FileIndex="63" Line="18" Column="5" EndLine="18" EndColumn="121" Covered="True" />
          <Statement FileIndex="63" Line="19" Column="5" EndLine="19" EndColumn="6" Covered="True" />
          <Statement FileIndex="63" Line="20" Column="9" EndLine="20" EndColumn="46" Covered="True" />
          <Statement FileIndex="63" Line="21" Column="9" EndLine="21" EndColumn="42" Covered="True" />
          <Statement FileIndex="63" Line="22" Column="5" EndLine="22" EndColumn="6" Covered="True" />
        </Method>
        <Method Name="WriteTokenAsync(System.Security.Claims.ClaimsPrincipal,System.Threading.CancellationToken):System.Threading.Tasks.Task&lt;System.String&gt;" CoveredStatements="6" TotalStatements="6" CoveragePercent="100">
          <Statement FileIndex="63" Line="33" Column="5" EndLine="33" EndColumn="6" Covered="True" />
          <Statement FileIndex="63" Line="34" Column="9" EndLine="34" EndColumn="95" Covered="True" />
          <Statement FileIndex="63" Line="35" Column="9" EndLine="35" EndColumn="104" Covered="True" />
          <Statement FileIndex="63" Line="36" Column="9" EndLine="42" EndColumn="26" Covered="True" />
          <Statement FileIndex="63" Line="44" Column="9" EndLine="44" EndColumn="92" Covered="True" />
          <Statement FileIndex="63" Line="45" Column="5" EndLine="45" EndColumn="6" Covered="True" />
        </Method>
      </Type>
    </Namespace>
    <Namespace Name="CoffeeSpace.IdentityApi.Application.Validators" CoveredStatements="13" TotalStatements="13" CoveragePercent="100">
      <Type Name="LoginRequestValidator" CoveredStatements="5" TotalStatements="5" CoveragePercent="100">
        <Method Name=".ctor():System.Void" CoveredStatements="5" TotalStatements="5" CoveragePercent="100">
          <Statement FileIndex="64" Line="8" Column="5" EndLine="8" EndColumn="35" Covered="True" />
          <Statement FileIndex="64" Line="9" Column="5" EndLine="9" EndColumn="6" Covered="True" />
          <Statement FileIndex="64" Line="10" Column="9" EndLine="12" EndColumn="24" Covered="True" />
          <Statement FileIndex="64" Line="14" Column="9" EndLine="17" EndColumn="105" Covered="True" />
          <Statement FileIndex="64" Line="18" Column="5" EndLine="18" EndColumn="6" Covered="True" />
        </Method>
      </Type>
      <Type Name="RegisterRequestValidator" CoveredStatements="8" TotalStatements="8" CoveragePercent="100">
        <Method Name=".ctor():System.Void" CoveredStatements="8" TotalStatements="8" CoveragePercent="100">
          <Statement FileIndex="65" Line="8" Column="5" EndLine="8" EndColumn="38" Covered="True" />
          <Statement FileIndex="65" Line="9" Column="5" EndLine="9" EndColumn="6" Covered="True" />
          <Statement FileIndex="65" Line="10" Column="9" EndLine="12" EndColumn="24" Covered="True" />
          <Statement FileIndex="65" Line="14" Column="9" EndLine="16" EndColumn="24" Covered="True" />
          <Statement FileIndex="65" Line="18" Column="9" EndLine="20" EndColumn="24" Covered="True" />
          <Statement FileIndex="65" Line="22" Column="9" EndLine="25" EndColumn="29" Covered="True" />
          <Statement FileIndex="65" Line="27" Column="9" EndLine="30" EndColumn="106" Covered="True" />
          <Statement FileIndex="65" Line="31" Column="5" EndLine="31" EndColumn="6" Covered="True" />
        </Method>
      </Type>
    </Namespace>
    <Namespace Name="CoffeeSpace.IdentityApi.Controllers" CoveredStatements="13" TotalStatements="13" CoveragePercent="100">
      <Type Name="AuthController" CoveredStatements="13" TotalStatements="13" CoveragePercent="100">
        <Type Name="&lt;LoginAsync&gt;d__3" CoveredStatements="4" TotalStatements="4" CoveragePercent="100">
          <Method Name="MoveNext():System.Void" CoveredStatements="4" TotalStatements="4" CoveragePercent="100">
            <Statement FileIndex="66" Line="38" Column="5" EndLine="38" EndColumn="6" Covered="True" />
            <Statement FileIndex="66" Line="39" Column="9" EndLine="39" EndColumn="110" Covered="True" />
            <Statement FileIndex="66" Line="40" Column="9" EndLine="42" EndColumn="61" Covered="True" />
            <Statement FileIndex="66" Line="43" Column="5" EndLine="43" EndColumn="6" Covered="True" />
          </Method>
        </Type>
        <Type Name="&lt;RegisterAsync&gt;d__2" CoveredStatements="5" TotalStatements="5" CoveragePercent="100">
          <Method Name="MoveNext():System.Void" CoveredStatements="5" TotalStatements="5" CoveragePercent="100">
            <Statement FileIndex="66" Line="27" Column="5" EndLine="27" EndColumn="6" Covered="True" />
            <Statement FileIndex="66" Line="28" Column="9" EndLine="28" EndColumn="48" Covered="True" />
            <Statement FileIndex="66" Line="29" Column="9" EndLine="29" EndColumn="94" Covered="True" />
            <Statement FileIndex="66" Line="31" Column="9" EndLine="33" EndColumn="28" Covered="True" />
            <Statement FileIndex="66" Line="34" Column="5" EndLine="34" EndColumn="6" Covered="True" />
          </Method>
        </Type>
        <Method Name=".ctor(CoffeeSpace.IdentityApi.Application.Services.Abstractions.IAuthService&lt;CoffeeSpace.IdentityApi.Application.Models.ApplicationUser&gt;):System.Void" CoveredStatements="4" TotalStatements="4" CoveragePercent="100">
          <Statement FileIndex="66" Line="20" Column="5" EndLine="20" EndColumn="69" Covered="True" />
          <Statement FileIndex="66" Line="21" Column="5" EndLine="21" EndColumn="6" Covered="True" />
          <Statement FileIndex="66" Line="22" Column="9" EndLine="22" EndColumn="36" Covered="True" />
          <Statement FileIndex="66" Line="23" Column="5" EndLine="23" EndColumn="6" Covered="True" />
        </Method>
      </Type>
    </Namespace>
    <Namespace Name="CoffeeSpace.IdentityApi.Filters" CoveredStatements="9" TotalStatements="15" CoveragePercent="60">
      <Type Name="ApiKeyAuthorizationFilter" CoveredStatements="9" TotalStatements="15" CoveragePercent="60">
        <Method Name=".ctor(Microsoft.Extensions.Options.IOptions&lt;CoffeeSpace.IdentityApi.Settings.ApiKeySettings&gt;):System.Void" CoveredStatements="4" TotalStatements="4" CoveragePercent="100">
          <Statement FileIndex="67" Line="12" Column="5" EndLine="12" EndColumn="78" Covered="True" />
          <Statement FileIndex="67" Line="13" Column="5" EndLine="13" EndColumn="6" Covered="True" />
          <Statement FileIndex="67" Line="14" Column="9" EndLine="14" EndColumn="48" Covered="True" />
          <Statement FileIndex="67" Line="15" Column="5" EndLine="15" EndColumn="6" Covered="True" />
        </Method>
        <Method Name="OnAuthorization(Microsoft.AspNetCore.Mvc.Filters.AuthorizationFilterContext):System.Void" CoveredStatements="5" TotalStatements="11" CoveragePercent="45">
          <Statement FileIndex="67" Line="18" Column="5" EndLine="18" EndColumn="6" Covered="True" />
          <Statement FileIndex="67" Line="19" Column="9" EndLine="19" EndColumn="115" Covered="True" />
          <Statement FileIndex="67" Line="20" Column="9" EndLine="20" EndColumn="10" Covered="False" />
          <Statement FileIndex="67" Line="21" Column="13" EndLine="21" EndColumn="81" Covered="False" />
          <Statement FileIndex="67" Line="22" Column="13" EndLine="22" EndColumn="20" Covered="False" />
          <Statement FileIndex="67" Line="25" Column="9" EndLine="25" EndColumn="57" Covered="True" />
          <Statement FileIndex="67" Line="26" Column="9" EndLine="26" EndColumn="48" Covered="True" />
          <Statement FileIndex="67" Line="27" Column="9" EndLine="27" EndColumn="10" Covered="False" />
          <Statement FileIndex="67" Line="28" Column="13" EndLine="28" EndColumn="86" Covered="False" />
          <Statement FileIndex="67" Line="29" Column="9" EndLine="29" EndColumn="10" Covered="False" />
          <Statement FileIndex="67" Line="30" Column="5" EndLine="30" EndColumn="6" Covered="True" />
        </Method>
      </Type>
    </Namespace>
    <Namespace Name="CoffeeSpace.IdentityApi.Settings" CoveredStatements="4" TotalStatements="4" CoveragePercent="100">
      <Type Name="ApiKeySettings" CoveredStatements="4" TotalStatements="4" CoveragePercent="100">
        <Method Name="get_ApiKey():System.String" CoveredStatements="1" TotalStatements="1" CoveragePercent="100">
          <Statement FileIndex="73" Line="7" Column="37" EndLine="7" EndColumn="41" Covered="True" />
        </Method>
        <Method Name="get_HeaderName():System.String" CoveredStatements="1" TotalStatements="1" CoveragePercent="100">
          <Statement FileIndex="73" Line="9" Column="41" EndLine="9" EndColumn="45" Covered="True" />
        </Method>
        <Method Name="set_ApiKey(System.String):System.Void" CoveredStatements="1" TotalStatements="1" CoveragePercent="100">
          <Statement FileIndex="73" Line="7" Column="42" EndLine="7" EndColumn="47" Covered="True" />
        </Method>
        <Method Name="set_HeaderName(System.String):System.Void" CoveredStatements="1" TotalStatements="1" CoveragePercent="100">
          <Statement FileIndex="73" Line="9" Column="46" EndLine="9" EndColumn="51" Covered="True" />
        </Method>
      </Type>
    </Namespace>
    <Type Name="Program" CoveredStatements="28" TotalStatements="39" CoveragePercent="72">
      <Type Name="&lt;&gt;c" CoveredStatements="7" TotalStatements="14" CoveragePercent="50">
        <Method Name="&lt;&lt;Main&gt;$&gt;b__0_0(Microsoft.Extensions.Hosting.HostBuilderContext,Serilog.LoggerConfiguration):System.Void" CoveredStatements="1" TotalStatements="1" CoveragePercent="100">
          <Statement FileIndex="72" Line="21" Column="5" EndLine="22" EndColumn="43" Covered="True" />
        </Method>
        <Method Name="&lt;&lt;Main&gt;$&gt;b__0_1(MassTransit.IBusRegistrationConfigurator):System.Void" CoveredStatements="6" TotalStatements="6" CoveragePercent="100">
          <Statement FileIndex="72" Line="51" Column="1" EndLine="51" EndColumn="2" Covered="True" />
          <Statement FileIndex="72" Line="52" Column="5" EndLine="52" EndColumn="43" Covered="True" />
          <Statement FileIndex="72" Line="54" Column="5" EndLine="54" EndColumn="42" Covered="True" />
          <Statement FileIndex="72" Line="55" Column="5" EndLine="55" EndColumn="42" Covered="True" />
          <Statement FileIndex="72" Line="57" Column="5" EndLine="70" EndColumn="8" Covered="True" />
          <Statement FileIndex="72" Line="71" Column="1" EndLine="71" EndColumn="2" Covered="True" />
        </Method>
        <Method Name="&lt;&lt;Main&gt;$&gt;b__0_2(MassTransit.IBusRegistrationContext,MassTransit.IAmazonSqsBusFactoryConfigurator):System.Void" CoveredStatements="0" TotalStatements="7" CoveragePercent="0">
          <Statement FileIndex="72" Line="58" Column="5" EndLine="58" EndColumn="6" Covered="False" />
          <Statement FileIndex="72" Line="59" Column="9" EndLine="59" EndColumn="94" Covered="False" />
          <Statement FileIndex="72" Line="60" Column="9" EndLine="64" EndColumn="12" Covered="False" />
          <Statement FileIndex="72" Line="66" Column="9" EndLine="66" EndColumn="44" Covered="False" />
          <Statement FileIndex="72" Line="68" Column="9" EndLine="68" EndColumn="46" Covered="False" />
          <Statement FileIndex="72" Line="69" Column="9" EndLine="69" EndColumn="48" Covered="False" />
          <Statement FileIndex="72" Line="70" Column="5" EndLine="70" EndColumn="6" Covered="False" />
        </Method>
      </Type>
      <Type Name="&lt;&gt;c__DisplayClass0_0" CoveredStatements="0" TotalStatements="4" CoveragePercent="0">
        <Method Name="&lt;&lt;Main&gt;$&gt;b__3(MassTransit.IAmazonSqsHostConfigurator):System.Void" CoveredStatements="0" TotalStatements="4" CoveragePercent="0">
          <Statement FileIndex="72" Line="61" Column="9" EndLine="61" EndColumn="10" Covered="False" />
          <Statement FileIndex="72" Line="62" Column="13" EndLine="62" EndColumn="57" Covered="False" />
          <Statement FileIndex="72" Line="63" Column="13" EndLine="63" EndColumn="57" Covered="False" />
          <Statement FileIndex="72" Line="64" Column="9" EndLine="64" EndColumn="10" Covered="False" />
        </Method>
      </Type>
      <Method Name="&lt;Main&gt;$(System.String[]):System.Void" CoveredStatements="21" TotalStatements="21" CoveragePercent="100">
        <Statement FileIndex="72" Line="18" Column="1" EndLine="18" EndColumn="50" Covered="True" />
        <Statement FileIndex="72" Line="20" Column="1" EndLine="22" EndColumn="45" Covered="True" />
        <Statement FileIndex="72" Line="24" Column="1" EndLine="24" EndColumn="42" Covered="True" />
        <Statement FileIndex="72" Line="25" Column="1" EndLine="25" EndColumn="35" Covered="True" />
        <Statement FileIndex="72" Line="27" Column="1" EndLine="27" EndColumn="81" Covered="True" />
        <Statement FileIndex="72" Line="28" Column="1" EndLine="28" EndColumn="117" Covered="True" />
        <Statement FileIndex="72" Line="30" Column="1" EndLine="30" EndColumn="73" Covered="True" />
        <Statement FileIndex="72" Line="31" Column="1" EndLine="31" EndColumn="73" Covered="True" />
        <Statement FileIndex="72" Line="33" Column="1" EndLine="33" EndColumn="75" Covered="True" />
        <Statement FileIndex="72" Line="35" Column="1" EndLine="37" EndColumn="24" Covered="True" />
        <Statement FileIndex="72" Line="39" Column="1" EndLine="41" EndColumn="24" Covered="True" />
        <Statement FileIndex="72" Line="43" Column="1" EndLine="45" EndColumn="24" Covered="True" />
        <Statement FileIndex="72" Line="47" Column="1" EndLine="48" EndColumn="120" Covered="True" />
        <Statement FileIndex="72" Line="50" Column="1" EndLine="71" EndColumn="4" Covered="True" />
        <Statement FileIndex="72" Line="73" Column="1" EndLine="73" EndColumn="45" Covered="True" />
        <Statement FileIndex="72" Line="74" Column="1" EndLine="74" EndColumn="50" Covered="True" />
        <Statement FileIndex="72" Line="76" Column="1" EndLine="76" EndColumn="27" Covered="True" />
        <Statement FileIndex="72" Line="78" Column="1" EndLine="78" EndColumn="32" Covered="True" />
        <Statement FileIndex="72" Line="79" Column="1" EndLine="79" EndColumn="33" Covered="True" />
        <Statement FileIndex="72" Line="81" Column="1" EndLine="81" EndColumn="22" Covered="True" />
        <Statement FileIndex="72" Line="83" Column="1" EndLine="83" EndColumn="11" Covered="True" />
      </Method>
    </Type>
  </Assembly>
  <Assembly Name="CoffeeSpace.OrderingApi" CoveredStatements="623" TotalStatements="683" CoveragePercent="91">
    <Namespace Name="CoffeeSpace.OrderingApi.Application.Contracts.Requests.Addresses" CoveredStatements="8" TotalStatements="16" CoveragePercent="50">
      <Type Name="CreateAddressRequest" CoveredStatements="8" TotalStatements="8" CoveragePercent="100">
        <Method Name=".ctor():System.Void" CoveredStatements="1" TotalStatements="1" CoveragePercent="100">
          <Statement FileIndex="173" Line="5" Column="31" EndLine="5" EndColumn="45" Covered="True" />
        </Method>
        <Method Name="get_City():System.String" CoveredStatements="1" TotalStatements="1" CoveragePercent="100">
          <Statement FileIndex="173" Line="9" Column="35" EndLine="9" EndColumn="39" Covered="True" />
        </Method>
        <Method Name="get_Country():System.String" CoveredStatements="1" TotalStatements="1" CoveragePercent="100">
          <Statement FileIndex="173" Line="11" Column="38" EndLine="11" EndColumn="42" Covered="True" />
        </Method>
        <Method Name="get_Id():System.Guid" CoveredStatements="1" TotalStatements="1" CoveragePercent="100">
          <Statement FileIndex="173" Line="5" Column="22" EndLine="5" EndColumn="26" Covered="True" />
        </Method>
        <Method Name="get_Street():System.String" CoveredStatements="1" TotalStatements="1" CoveragePercent="100">
          <Statement FileIndex="173" Line="7" Column="37" EndLine="7" EndColumn="41" Covered="True" />
        </Method>
        <Method Name="set_City(System.String):System.Void" CoveredStatements="1" TotalStatements="1" CoveragePercent="100">
          <Statement FileIndex="173" Line="9" Column="40" EndLine="9" EndColumn="45" Covered="True" />
        </Method>
        <Method Name="set_Country(System.String):System.Void" CoveredStatements="1" TotalStatements="1" CoveragePercent="100">
          <Statement FileIndex="173" Line="11" Column="43" EndLine="11" EndColumn="48" Covered="True" />
        </Method>
        <Method Name="set_Street(System.String):System.Void" CoveredStatements="1" TotalStatements="1" CoveragePercent="100">
          <Statement FileIndex="173" Line="7" Column="42" EndLine="7" EndColumn="47" Covered="True" />
        </Method>
      </Type>
      <Type Name="UpdateAddressRequest" CoveredStatements="0" TotalStatements="8" CoveragePercent="0">
        <Method Name="get_City():System.String" CoveredStatements="0" TotalStatements="1" CoveragePercent="0">
          <Statement FileIndex="174" Line="9" Column="35" EndLine="9" EndColumn="39" Covered="False" />
        </Method>
        <Method Name="get_Country():System.String" CoveredStatements="0" TotalStatements="1" CoveragePercent="0">
          <Statement FileIndex="174" Line="11" Column="38" EndLine="11" EndColumn="42" Covered="False" />
        </Method>
        <Method Name="get_Id():System.Guid" CoveredStatements="0" TotalStatements="1" CoveragePercent="0">
          <Statement FileIndex="174" Line="5" Column="22" EndLine="5" EndColumn="26" Covered="False" />
        </Method>
        <Method Name="get_Street():System.String" CoveredStatements="0" TotalStatements="1" CoveragePercent="0">
          <Statement FileIndex="174" Line="7" Column="37" EndLine="7" EndColumn="41" Covered="False" />
        </Method>
        <Method Name="set_City(System.String):System.Void" CoveredStatements="0" TotalStatements="1" CoveragePercent="0">
          <Statement FileIndex="174" Line="9" Column="40" EndLine="9" EndColumn="45" Covered="False" />
        </Method>
        <Method Name="set_Country(System.String):System.Void" CoveredStatements="0" TotalStatements="1" CoveragePercent="0">
          <Statement FileIndex="174" Line="11" Column="43" EndLine="11" EndColumn="48" Covered="False" />
        </Method>
        <Method Name="set_Id(System.Guid):System.Void" CoveredStatements="0" TotalStatements="1" CoveragePercent="0">
          <Statement FileIndex="174" Line="5" Column="27" EndLine="5" EndColumn="40" Covered="False" />
        </Method>
        <Method Name="set_Street(System.String):System.Void" CoveredStatements="0" TotalStatements="1" CoveragePercent="0">
          <Statement FileIndex="174" Line="7" Column="42" EndLine="7" EndColumn="47" Covered="False" />
        </Method>
      </Type>
    </Namespace>
    <Namespace Name="CoffeeSpace.OrderingApi.Application.Contracts.Requests.Buyers" CoveredStatements="18" TotalStatements="18" CoveragePercent="100">
      <Type Name="CreateBuyerRequest" CoveredStatements="6" TotalStatements="6" CoveragePercent="100">
        <Method Name=".ctor():System.Void" CoveredStatements="1" TotalStatements="1" CoveragePercent="100">
          <Statement FileIndex="175" Line="5" Column="31" EndLine="5" EndColumn="45" Covered="True" />
        </Method>
        <Method Name="get_Email():System.String" CoveredStatements="1" TotalStatements="1" CoveragePercent="100">
          <Statement FileIndex="175" Line="9" Column="36" EndLine="9" EndColumn="40" Covered="True" />
        </Method>
        <Method Name="get_Id():System.Guid" CoveredStatements="1" TotalStatements="1" CoveragePercent="100">
          <Statement FileIndex="175" Line="5" Column="22" EndLine="5" EndColumn="26" Covered="True" />
        </Method>
        <Method Name="get_Name():System.String" CoveredStatements="1" TotalStatements="1" CoveragePercent="100">
          <Statement FileIndex="175" Line="7" Column="35" EndLine="7" EndColumn="39" Covered="True" />
        </Method>
        <Method Name="set_Email(System.String):System.Void" CoveredStatements="1" TotalStatements="1" CoveragePercent="100">
          <Statement FileIndex="175" Line="9" Column="41" EndLine="9" EndColumn="46" Covered="True" />
        </Method>
        <Method Name="set_Name(System.String):System.Void" CoveredStatements="1" TotalStatements="1" CoveragePercent="100">
          <Statement FileIndex="175" Line="7" Column="40" EndLine="7" EndColumn="45" Covered="True" />
        </Method>
      </Type>
      <Type Name="DeleteBuyerByIdRequest" CoveredStatements="2" TotalStatements="2" CoveragePercent="100">
        <Method Name="get_Id():System.Guid" CoveredStatements="1" TotalStatements="1" CoveragePercent="100">
          <Statement FileIndex="176" Line="5" Column="31" EndLine="5" EndColumn="35" Covered="True" />
        </Method>
        <Method Name="set_Id(System.Guid):System.Void" CoveredStatements="1" TotalStatements="1" CoveragePercent="100">
          <Statement FileIndex="176" Line="5" Column="36" EndLine="5" EndColumn="41" Covered="True" />
        </Method>
      </Type>
      <Type Name="GetBuyerByEmailRequest" CoveredStatements="2" TotalStatements="2" CoveragePercent="100">
        <Method Name="get_Email():System.String" CoveredStatements="1" TotalStatements="1" CoveragePercent="100">
          <Statement FileIndex="177" Line="5" Column="36" EndLine="5" EndColumn="40" Covered="True" />
        </Method>
        <Method Name="set_Email(System.String):System.Void" CoveredStatements="1" TotalStatements="1" CoveragePercent="100">
          <Statement FileIndex="177" Line="5" Column="41" EndLine="5" EndColumn="46" Covered="True" />
        </Method>
      </Type>
      <Type Name="GetBuyerByIdRequest" CoveredStatements="2" TotalStatements="2" CoveragePercent="100">
        <Method Name="get_Id():System.Guid" CoveredStatements="1" TotalStatements="1" CoveragePercent="100">
          <Statement FileIndex="178" Line="5" Column="31" EndLine="5" EndColumn="35" Covered="True" />
        </Method>
        <Method Name="set_Id(System.Guid):System.Void" CoveredStatements="1" TotalStatements="1" CoveragePercent="100">
          <Statement FileIndex="178" Line="5" Column="36" EndLine="5" EndColumn="41" Covered="True" />
        </Method>
      </Type>
      <Type Name="UpdateBuyerRequest" CoveredStatements="6" TotalStatements="6" CoveragePercent="100">
        <Method Name="get_Email():System.String" CoveredStatements="1" TotalStatements="1" CoveragePercent="100">
          <Statement FileIndex="179" Line="9" Column="36" EndLine="9" EndColumn="40" Covered="True" />
        </Method>
        <Method Name="get_Id():System.Guid" CoveredStatements="1" TotalStatements="1" CoveragePercent="100">
          <Statement FileIndex="179" Line="5" Column="22" EndLine="5" EndColumn="26" Covered="True" />
        </Method>
        <Method Name="get_Name():System.String" CoveredStatements="1" TotalStatements="1" CoveragePercent="100">
          <Statement FileIndex="179" Line="7" Column="35" EndLine="7" EndColumn="39" Covered="True" />
        </Method>
        <Method Name="set_Email(System.String):System.Void" CoveredStatements="1" TotalStatements="1" CoveragePercent="100">
          <Statement FileIndex="179" Line="9" Column="41" EndLine="9" EndColumn="46" Covered="True" />
        </Method>
        <Method Name="set_Id(System.Guid):System.Void" CoveredStatements="1" TotalStatements="1" CoveragePercent="100">
          <Statement FileIndex="179" Line="5" Column="27" EndLine="5" EndColumn="40" Covered="True" />
        </Method>
        <Method Name="set_Name(System.String):System.Void" CoveredStatements="1" TotalStatements="1" CoveragePercent="100">
          <Statement FileIndex="179" Line="7" Column="40" EndLine="7" EndColumn="45" Covered="True" />
        </Method>
      </Type>
    </Namespace>
    <Namespace Name="CoffeeSpace.OrderingApi.Application.Contracts.Requests.Orders" CoveredStatements="20" TotalStatements="20" CoveragePercent="100">
      <Type Name="CreateOrderRequest" CoveredStatements="10" TotalStatements="10" CoveragePercent="100">
        <Method Name=".ctor():System.Void" CoveredStatements="1" TotalStatements="1" CoveragePercent="100">
          <Statement FileIndex="180" Line="8" Column="31" EndLine="8" EndColumn="45" Covered="True" />
        </Method>
        <Method Name="get_Address():CoffeeSpace.OrderingApi.Application.Contracts.Requests.Addresses.CreateAddressRequest" CoveredStatements="1" TotalStatements="1" CoveragePercent="100">
          <Statement FileIndex="180" Line="14" Column="52" EndLine="14" EndColumn="56" Covered="True" />
        </Method>
        <Method Name="get_BuyerId():System.Guid" CoveredStatements="1" TotalStatements="1" CoveragePercent="100">
          <Statement FileIndex="180" Line="10" Column="27" EndLine="10" EndColumn="31" Covered="True" />
        </Method>
        <Method Name="get_Id():System.Guid" CoveredStatements="1" TotalStatements="1" CoveragePercent="100">
          <Statement FileIndex="180" Line="8" Column="22" EndLine="8" EndColumn="26" Covered="True" />
        </Method>
        <Method Name="get_OrderItems():System.Collections.Generic.IEnumerable&lt;CoffeeSpace.Domain.Ordering.Orders.OrderItem&gt;" CoveredStatements="1" TotalStatements="1" CoveragePercent="100">
          <Statement FileIndex="180" Line="16" Column="57" EndLine="16" EndColumn="61" Covered="True" />
        </Method>
        <Method Name="get_Status():CoffeeSpace.Domain.Ordering.Orders.OrderStatus" CoveredStatements="1" TotalStatements="1" CoveragePercent="100">
          <Statement FileIndex="180" Line="12" Column="42" EndLine="12" EndColumn="46" Covered="True" />
        </Method>
        <Method Name="set_Address(CoffeeSpace.OrderingApi.Application.Contracts.Requests.Addresses.CreateAddressRequest):System.Void" CoveredStatements="1" TotalStatements="1" CoveragePercent="100">
          <Statement FileIndex="180" Line="14" Column="57" EndLine="14" EndColumn="62" Covered="True" />
        </Method>
        <Method Name="set_BuyerId(System.Guid):System.Void" CoveredStatements="1" TotalStatements="1" CoveragePercent="100">
          <Statement FileIndex="180" Line="10" Column="32" EndLine="10" EndColumn="45" Covered="True" />
        </Method>
        <Method Name="set_OrderItems(System.Collections.Generic.IEnumerable&lt;CoffeeSpace.Domain.Ordering.Orders.OrderItem&gt;):System.Void" CoveredStatements="1" TotalStatements="1" CoveragePercent="100">
          <Statement FileIndex="180" Line="16" Column="62" EndLine="16" EndColumn="67" Covered="True" />
        </Method>
        <Method Name="set_Status(CoffeeSpace.Domain.Ordering.Orders.OrderStatus):System.Void" CoveredStatements="1" TotalStatements="1" CoveragePercent="100">
          <Statement FileIndex="180" Line="12" Column="47" EndLine="12" EndColumn="52" Covered="True" />
        </Method>
      </Type>
      <Type Name="DeleteOrderRequest" CoveredStatements="4" TotalStatements="4" CoveragePercent="100">
        <Method Name="get_BuyerId():System.Guid" CoveredStatements="1" TotalStatements="1" CoveragePercent="100">
          <Statement FileIndex="181" Line="7" Column="36" EndLine="7" EndColumn="40" Covered="True" />
        </Method>
        <Method Name="get_Id():System.Guid" CoveredStatements="1" TotalStatements="1" CoveragePercent="100">
          <Statement FileIndex="181" Line="5" Column="31" EndLine="5" EndColumn="35" Covered="True" />
        </Method>
        <Method Name="set_BuyerId(System.Guid):System.Void" CoveredStatements="1" TotalStatements="1" CoveragePercent="100">
          <Statement FileIndex="181" Line="7" Column="41" EndLine="7" EndColumn="46" Covered="True" />
        </Method>
        <Method Name="set_Id(System.Guid):System.Void" CoveredStatements="1" TotalStatements="1" CoveragePercent="100">
          <Statement FileIndex="181" Line="5" Column="36" EndLine="5" EndColumn="41" Covered="True" />
        </Method>
      </Type>
      <Type Name="GetAllOrdersByBuyerIdRequest" CoveredStatements="2" TotalStatements="2" CoveragePercent="100">
        <Method Name="get_BuyerId():System.Guid" CoveredStatements="1" TotalStatements="1" CoveragePercent="100">
          <Statement FileIndex="182" Line="5" Column="36" EndLine="5" EndColumn="40" Covered="True" />
        </Method>
        <Method Name="set_BuyerId(System.Guid):System.Void" CoveredStatements="1" TotalStatements="1" CoveragePercent="100">
          <Statement FileIndex="182" Line="5" Column="41" EndLine="5" EndColumn="46" Covered="True" />
        </Method>
      </Type>
      <Type Name="GetOrderByIdRequest" CoveredStatements="4" TotalStatements="4" CoveragePercent="100">
        <Method Name="get_BuyerId():System.Guid" CoveredStatements="1" TotalStatements="1" CoveragePercent="100">
          <Statement FileIndex="183" Line="7" Column="36" EndLine="7" EndColumn="40" Covered="True" />
        </Method>
        <Method Name="get_Id():System.Guid" CoveredStatements="1" TotalStatements="1" CoveragePercent="100">
          <Statement FileIndex="183" Line="5" Column="31" EndLine="5" EndColumn="35" Covered="True" />
        </Method>
        <Method Name="set_BuyerId(System.Guid):System.Void" CoveredStatements="1" TotalStatements="1" CoveragePercent="100">
          <Statement FileIndex="183" Line="7" Column="41" EndLine="7" EndColumn="46" Covered="True" />
        </Method>
        <Method Name="set_Id(System.Guid):System.Void" CoveredStatements="1" TotalStatements="1" CoveragePercent="100">
          <Statement FileIndex="183" Line="5" Column="36" EndLine="5" EndColumn="41" Covered="True" />
        </Method>
      </Type>
    </Namespace>
    <Namespace Name="CoffeeSpace.OrderingApi.Application.Contracts.Responses.Addressses" CoveredStatements="8" TotalStatements="8" CoveragePercent="100">
      <Type Name="AddressResponse" CoveredStatements="8" TotalStatements="8" CoveragePercent="100">
        <Method Name="get_City():System.String" CoveredStatements="1" TotalStatements="1" CoveragePercent="100">
          <Statement FileIndex="184" Line="9" Column="35" EndLine="9" EndColumn="39" Covered="True" />
        </Method>
        <Method Name="get_Country():System.String" CoveredStatements="1" TotalStatements="1" CoveragePercent="100">
          <Statement FileIndex="184" Line="11" Column="38" EndLine="11" EndColumn="42" Covered="True" />
        </Method>
        <Method Name="get_Id():System.String" CoveredStatements="1" TotalStatements="1" CoveragePercent="100">
          <Statement FileIndex="184" Line="5" Column="33" EndLine="5" EndColumn="37" Covered="True" />
        </Method>
        <Method Name="get_Street():System.String" CoveredStatements="1" TotalStatements="1" CoveragePercent="100">
          <Statement FileIndex="184" Line="7" Column="37" EndLine="7" EndColumn="41" Covered="True" />
        </Method>
        <Method Name="set_City(System.String):System.Void" CoveredStatements="1" TotalStatements="1" CoveragePercent="100">
          <Statement FileIndex="184" Line="9" Column="40" EndLine="9" EndColumn="45" Covered="True" />
        </Method>
        <Method Name="set_Country(System.String):System.Void" CoveredStatements="1" TotalStatements="1" CoveragePercent="100">
          <Statement FileIndex="184" Line="11" Column="43" EndLine="11" EndColumn="48" Covered="True" />
        </Method>
        <Method Name="set_Id(System.String):System.Void" CoveredStatements="1" TotalStatements="1" CoveragePercent="100">
          <Statement FileIndex="184" Line="5" Column="38" EndLine="5" EndColumn="43" Covered="True" />
        </Method>
        <Method Name="set_Street(System.String):System.Void" CoveredStatements="1" TotalStatements="1" CoveragePercent="100">
          <Statement FileIndex="184" Line="7" Column="42" EndLine="7" EndColumn="47" Covered="True" />
        </Method>
      </Type>
    </Namespace>
    <Namespace Name="CoffeeSpace.OrderingApi.Application.Contracts.Responses.Buyers" CoveredStatements="8" TotalStatements="8" CoveragePercent="100">
      <Type Name="BuyerResponse" CoveredStatements="8" TotalStatements="8" CoveragePercent="100">
        <Method Name="get_Email():System.String" CoveredStatements="1" TotalStatements="1" CoveragePercent="100">
          <Statement FileIndex="185" Line="11" Column="36" EndLine="11" EndColumn="40" Covered="True" />
        </Method>
        <Method Name="get_Id():System.String" CoveredStatements="1" TotalStatements="1" CoveragePercent="100">
          <Statement FileIndex="185" Line="7" Column="33" EndLine="7" EndColumn="37" Covered="True" />
        </Method>
        <Method Name="get_Name():System.String" CoveredStatements="1" TotalStatements="1" CoveragePercent="100">
          <Statement FileIndex="185" Line="9" Column="35" EndLine="9" EndColumn="39" Covered="True" />
        </Method>
        <Method Name="get_Orders():System.Collections.Generic.IEnumerable&lt;CoffeeSpace.OrderingApi.Application.Contracts.Responses.Orders.OrderResponse&gt;" CoveredStatements="1" TotalStatements="1" CoveragePercent="100">
          <Statement FileIndex="185" Line="13" Column="49" EndLine="13" EndColumn="53" Covered="True" />
        </Method>
        <Method Name="set_Email(System.String):System.Void" CoveredStatements="1" TotalStatements="1" CoveragePercent="100">
          <Statement FileIndex="185" Line="11" Column="41" EndLine="11" EndColumn="46" Covered="True" />
        </Method>
        <Method Name="set_Id(System.String):System.Void" CoveredStatements="1" TotalStatements="1" CoveragePercent="100">
          <Statement FileIndex="185" Line="7" Column="38" EndLine="7" EndColumn="43" Covered="True" />
        </Method>
        <Method Name="set_Name(System.String):System.Void" CoveredStatements="1" TotalStatements="1" CoveragePercent="100">
          <Statement FileIndex="185" Line="9" Column="40" EndLine="9" EndColumn="45" Covered="True" />
        </Method>
        <Method Name="set_Orders(System.Collections.Generic.IEnumerable&lt;CoffeeSpace.OrderingApi.Application.Contracts.Responses.Orders.OrderResponse&gt;):System.Void" CoveredStatements="1" TotalStatements="1" CoveragePercent="100">
          <Statement FileIndex="185" Line="13" Column="54" EndLine="13" EndColumn="59" Covered="True" />
        </Method>
      </Type>
    </Namespace>
    <Namespace Name="CoffeeSpace.OrderingApi.Application.Contracts.Responses.Orders" CoveredStatements="8" TotalStatements="8" CoveragePercent="100">
      <Type Name="OrderResponse" CoveredStatements="8" TotalStatements="8" CoveragePercent="100">
        <Method Name="get_Address():CoffeeSpace.OrderingApi.Application.Contracts.Responses.Addressses.AddressResponse" CoveredStatements="1" TotalStatements="1" CoveragePercent="100">
          <Statement FileIndex="186" Line="12" Column="47" EndLine="12" EndColumn="51" Covered="True" />
        </Method>
        <Method Name="get_Id():System.String" CoveredStatements="1" TotalStatements="1" CoveragePercent="100">
          <Statement FileIndex="186" Line="8" Column="33" EndLine="8" EndColumn="37" Covered="True" />
        </Method>
        <Method Name="get_OrderItems():System.Collections.Generic.IEnumerable&lt;CoffeeSpace.Domain.Ordering.Orders.OrderItem&gt;" CoveredStatements="1" TotalStatements="1" CoveragePercent="100">
          <Statement FileIndex="186" Line="14" Column="57" EndLine="14" EndColumn="61" Covered="True" />
        </Method>
        <Method Name="get_Status():CoffeeSpace.Domain.Ordering.Orders.OrderStatus" CoveredStatements="1" TotalStatements="1" CoveragePercent="100">
          <Statement FileIndex="186" Line="10" Column="42" EndLine="10" EndColumn="46" Covered="True" />
        </Method>
        <Method Name="set_Address(CoffeeSpace.OrderingApi.Application.Contracts.Responses.Addressses.AddressResponse):System.Void" CoveredStatements="1" TotalStatements="1" CoveragePercent="100">
          <Statement FileIndex="186" Line="12" Column="52" EndLine="12" EndColumn="57" Covered="True" />
        </Method>
        <Method Name="set_Id(System.String):System.Void" CoveredStatements="1" TotalStatements="1" CoveragePercent="100">
          <Statement FileIndex="186" Line="8" Column="38" EndLine="8" EndColumn="43" Covered="True" />
        </Method>
        <Method Name="set_OrderItems(System.Collections.Generic.IEnumerable&lt;CoffeeSpace.Domain.Ordering.Orders.OrderItem&gt;):System.Void" CoveredStatements="1" TotalStatements="1" CoveragePercent="100">
          <Statement FileIndex="186" Line="14" Column="62" EndLine="14" EndColumn="67" Covered="True" />
        </Method>
        <Method Name="set_Status(CoffeeSpace.Domain.Ordering.Orders.OrderStatus):System.Void" CoveredStatements="1" TotalStatements="1" CoveragePercent="100">
          <Statement FileIndex="186" Line="10" Column="47" EndLine="10" EndColumn="52" Covered="True" />
        </Method>
      </Type>
    </Namespace>
    <Namespace Name="CoffeeSpace.OrderingApi.Application.Extensions" CoveredStatements="12" TotalStatements="12" CoveragePercent="100">
      <Type Name="ApiVersionExtensions" CoveredStatements="9" TotalStatements="9" CoveragePercent="100">
        <Type Name="&lt;&gt;c__DisplayClass0_0" CoveredStatements="6" TotalStatements="6" CoveragePercent="100">
          <Method Name="&lt;AddApiVersioning&gt;b__0(Asp.Versioning.ApiVersioningOptions):System.Void" CoveredStatements="6" TotalStatements="6" CoveragePercent="100">
            <Statement FileIndex="187" Line="10" Column="13" EndLine="10" EndColumn="14" Covered="True" />
            <Statement FileIndex="187" Line="11" Column="17" EndLine="11" EndColumn="45" Covered="True" />
            <Statement FileIndex="187" Line="12" Column="17" EndLine="12" EndColumn="59" Covered="True" />
            <Statement FileIndex="187" Line="13" Column="17" EndLine="13" EndColumn="44" Covered="True" />
            <Statement FileIndex="187" Line="14" Column="17" EndLine="14" EndColumn="78" Covered="True" />
            <Statement FileIndex="187" Line="15" Column="13" EndLine="15" EndColumn="14" Covered="True" />
          </Method>
        </Type>
        <Method Name="AddApiVersioning(Microsoft.Extensions.DependencyInjection.IServiceCollection,Asp.Versioning.IApiVersionReader,System.Boolean):Asp.Versioning.IApiVersioningBuilder" CoveredStatements="3" TotalStatements="3" CoveragePercent="100">
          <Statement FileIndex="187" Line="8" Column="5" EndLine="8" EndColumn="6" Covered="True" />
          <Statement FileIndex="187" Line="9" Column="9" EndLine="15" EndColumn="16" Covered="True" />
          <Statement FileIndex="187" Line="16" Column="5" EndLine="16" EndColumn="6" Covered="True" />
        </Method>
      </Type>
      <Type Name="HealthChecksExtensions" CoveredStatements="3" TotalStatements="3" CoveragePercent="100">
        <Method Name="AddServiceHealthChecks(Microsoft.Extensions.DependencyInjection.IServiceCollection,Microsoft.AspNetCore.Builder.WebApplicationBuilder):Microsoft.Extensions.DependencyInjection.IHealthChecksBuilder" CoveredStatements="3" TotalStatements="3" CoveragePercent="100">
          <Statement FileIndex="188" Line="6" Column="5" EndLine="6" EndColumn="6" Covered="True" />
          <Statement FileIndex="188" Line="7" Column="9" EndLine="10" EndColumn="113" Covered="True" />
          <Statement FileIndex="188" Line="11" Column="5" EndLine="11" EndColumn="6" Covered="True" />
        </Method>
      </Type>
    </Namespace>
    <Namespace Name="CoffeeSpace.OrderingApi.Application.Helpers" CoveredStatements="4" TotalStatements="4" CoveragePercent="100">
      <Type Name="CacheKeys" CoveredStatements="4" TotalStatements="4" CoveragePercent="100">
        <Type Name="Buyers" CoveredStatements="2" TotalStatements="2" CoveragePercent="100">
          <Method Name="Get(System.String):System.String" CoveredStatements="1" TotalStatements="1" CoveragePercent="100">
            <Statement FileIndex="190" Line="7" Column="48" EndLine="7" EndColumn="62" Covered="True" />
          </Method>
          <Method Name="GetByEmail(System.String):System.String" CoveredStatements="1" TotalStatements="1" CoveragePercent="100">
            <Statement FileIndex="190" Line="8" Column="58" EndLine="8" EndColumn="81" Covered="True" />
          </Method>
        </Type>
        <Type Name="Order" CoveredStatements="2" TotalStatements="2" CoveragePercent="100">
          <Method Name="GetAll(System.String):System.String" CoveredStatements="1" TotalStatements="1" CoveragePercent="100">
            <Statement FileIndex="190" Line="13" Column="59" EndLine="13" EndColumn="85" Covered="True" />
          </Method>
          <Method Name="GetByCustomerId(System.String,System.String):System.String" CoveredStatements="1" TotalStatements="1" CoveragePercent="100">
            <Statement FileIndex="190" Line="14" Column="79" EndLine="14" EndColumn="106" Covered="True" />
          </Method>
        </Type>
      </Type>
    </Namespace>
    <Namespace Name="CoffeeSpace.OrderingApi.Application.Mapping" CoveredStatements="49" TotalStatements="49" CoveragePercent="100">
      <Type Name="BuyerMappingProfile" CoveredStatements="25" TotalStatements="25" CoveragePercent="100">
        <Type Name="&lt;&gt;c" CoveredStatements="1" TotalStatements="1" CoveragePercent="100">
          <Method Name="&lt;ToResponse&gt;b__0_0(CoffeeSpace.Domain.Ordering.Orders.Order):CoffeeSpace.OrderingApi.Application.Contracts.Responses.Orders.OrderResponse" CoveredStatements="1" TotalStatements="1" CoveragePercent="100">
            <Statement FileIndex="265" Line="14" Column="106" EndLine="14" EndColumn="127" Covered="True" />
          </Method>
        </Type>
        <Method Name="MapToAddressResponse(CoffeeSpace.Domain.Ordering.Orders.Address):CoffeeSpace.OrderingApi.Application.Contracts.Responses.Addressses.AddressResponse" CoveredStatements="4" TotalStatements="4" CoveragePercent="100">
          <Statement FileIndex="265" Line="54" Column="9" EndLine="54" EndColumn="10" Covered="True" />
          <Statement FileIndex="265" Line="55" Column="13" EndLine="61" EndColumn="15" Covered="True" />
          <Statement FileIndex="265" Line="62" Column="13" EndLine="62" EndColumn="27" Covered="True" />
          <Statement FileIndex="265" Line="63" Column="9" EndLine="63" EndColumn="10" Covered="True" />
        </Method>
        <Method Name="MapToOrderResponse(CoffeeSpace.Domain.Ordering.Orders.Order):CoffeeSpace.OrderingApi.Application.Contracts.Responses.Orders.OrderResponse" CoveredStatements="4" TotalStatements="4" CoveragePercent="100">
          <Statement FileIndex="265" Line="42" Column="9" EndLine="42" EndColumn="10" Covered="True" />
          <Statement FileIndex="265" Line="43" Column="13" EndLine="49" EndColumn="15" Covered="True" />
          <Statement FileIndex="265" Line="50" Column="13" EndLine="50" EndColumn="27" Covered="True" />
          <Statement FileIndex="265" Line="51" Column="9" EndLine="51" EndColumn="10" Covered="True" />
        </Method>
        <Method Name="ToBuyer(CoffeeSpace.OrderingApi.Application.Contracts.Requests.Buyers.CreateBuyerRequest):CoffeeSpace.Domain.Ordering.BuyerInfo.Buyer" CoveredStatements="4" TotalStatements="4" CoveragePercent="100">
          <Statement FileIndex="265" Line="20" Column="9" EndLine="20" EndColumn="10" Covered="True" />
          <Statement FileIndex="265" Line="21" Column="13" EndLine="26" EndColumn="15" Covered="True" />
          <Statement FileIndex="265" Line="27" Column="13" EndLine="27" EndColumn="27" Covered="True" />
          <Statement FileIndex="265" Line="28" Column="9" EndLine="28" EndColumn="10" Covered="True" />
        </Method>
        <Method Name="ToBuyer(CoffeeSpace.OrderingApi.Application.Contracts.Requests.Buyers.UpdateBuyerRequest,System.Guid):CoffeeSpace.Domain.Ordering.BuyerInfo.Buyer" CoveredStatements="4" TotalStatements="4" CoveragePercent="100">
          <Statement FileIndex="191" Line="18" Column="5" EndLine="18" EndColumn="6" Covered="True" />
          <Statement FileIndex="191" Line="19" Column="9" EndLine="19" EndColumn="25" Covered="True" />
          <Statement FileIndex="191" Line="20" Column="9" EndLine="20" EndColumn="34" Covered="True" />
          <Statement FileIndex="191" Line="21" Column="5" EndLine="21" EndColumn="6" Covered="True" />
        </Method>
        <Method Name="ToBuyer(CoffeeSpace.OrderingApi.Application.Contracts.Requests.Buyers.UpdateBuyerRequest):CoffeeSpace.Domain.Ordering.BuyerInfo.Buyer" CoveredStatements="4" TotalStatements="4" CoveragePercent="100">
          <Statement FileIndex="265" Line="31" Column="9" EndLine="31" EndColumn="10" Covered="True" />
          <Statement FileIndex="265" Line="32" Column="13" EndLine="37" EndColumn="15" Covered="True" />
          <Statement FileIndex="265" Line="38" Column="13" EndLine="38" EndColumn="27" Covered="True" />
          <Statement FileIndex="265" Line="39" Column="9" EndLine="39" EndColumn="10" Covered="True" />
        </Method>
        <Method Name="ToResponse(CoffeeSpace.Domain.Ordering.BuyerInfo.Buyer):CoffeeSpace.OrderingApi.Application.Contracts.Responses.Buyers.BuyerResponse" CoveredStatements="4" TotalStatements="4" CoveragePercent="100">
          <Statement FileIndex="265" Line="8" Column="9" EndLine="8" EndColumn="10" Covered="True" />
          <Statement FileIndex="265" Line="9" Column="13" EndLine="15" EndColumn="15" Covered="True" />
          <Statement FileIndex="265" Line="16" Column="13" EndLine="16" EndColumn="27" Covered="True" />
          <Statement FileIndex="265" Line="17" Column="9" EndLine="17" EndColumn="10" Covered="True" />
        </Method>
      </Type>
      <Type Name="OrderItemMappingProfile" CoveredStatements="4" TotalStatements="4" CoveragePercent="100">
        <Method Name="ToProduct(CoffeeSpace.Domain.Ordering.Orders.OrderItem):CoffeeSpace.Domain.Products.Product" CoveredStatements="4" TotalStatements="4" CoveragePercent="100">
          <Statement FileIndex="266" Line="8" Column="9" EndLine="8" EndColumn="10" Covered="True" />
          <Statement FileIndex="266" Line="9" Column="13" EndLine="17" EndColumn="15" Covered="True" />
          <Statement FileIndex="266" Line="18" Column="13" EndLine="18" EndColumn="27" Covered="True" />
          <Statement FileIndex="266" Line="19" Column="9" EndLine="19" EndColumn="10" Covered="True" />
        </Method>
      </Type>
      <Type Name="OrderMappingProfile" CoveredStatements="20" TotalStatements="20" CoveragePercent="100">
        <Method Name="MapToAddress(CoffeeSpace.OrderingApi.Application.Contracts.Requests.Addresses.CreateAddressRequest):CoffeeSpace.Domain.Ordering.Orders.Address" CoveredStatements="4" TotalStatements="4" CoveragePercent="100">
          <Statement FileIndex="267" Line="45" Column="9" EndLine="45" EndColumn="10" Covered="True" />
          <Statement FileIndex="267" Line="46" Column="13" EndLine="52" EndColumn="15" Covered="True" />
          <Statement FileIndex="267" Line="53" Column="13" EndLine="53" EndColumn="27" Covered="True" />
          <Statement FileIndex="267" Line="54" Column="9" EndLine="54" EndColumn="10" Covered="True" />
        </Method>
        <Method Name="MapToAddressResponse(CoffeeSpace.Domain.Ordering.Orders.Address):CoffeeSpace.OrderingApi.Application.Contracts.Responses.Addressses.AddressResponse" CoveredStatements="4" TotalStatements="4" CoveragePercent="100">
          <Statement FileIndex="267" Line="33" Column="9" EndLine="33" EndColumn="10" Covered="True" />
          <Statement FileIndex="267" Line="34" Column="13" EndLine="40" EndColumn="15" Covered="True" />
          <Statement FileIndex="267" Line="41" Column="13" EndLine="41" EndColumn="27" Covered="True" />
          <Statement FileIndex="267" Line="42" Column="9" EndLine="42" EndColumn="10" Covered="True" />
        </Method>
        <Method Name="ToOrder(CoffeeSpace.OrderingApi.Application.Contracts.Requests.Orders.CreateOrderRequest,System.Guid):CoffeeSpace.Domain.Ordering.Orders.Order" CoveredStatements="4" TotalStatements="4" CoveragePercent="100">
          <Statement FileIndex="193" Line="16" Column="5" EndLine="16" EndColumn="6" Covered="True" />
          <Statement FileIndex="193" Line="17" Column="9" EndLine="17" EndColumn="35" Covered="True" />
          <Statement FileIndex="193" Line="19" Column="9" EndLine="19" EndColumn="34" Covered="True" />
          <Statement FileIndex="193" Line="20" Column="5" EndLine="20" EndColumn="6" Covered="True" />
        </Method>
        <Method Name="ToOrder(CoffeeSpace.OrderingApi.Application.Contracts.Requests.Orders.CreateOrderRequest):CoffeeSpace.Domain.Ordering.Orders.Order" CoveredStatements="4" TotalStatements="4" CoveragePercent="100">
          <Statement FileIndex="267" Line="20" Column="9" EndLine="20" EndColumn="10" Covered="True" />
          <Statement FileIndex="267" Line="21" Column="13" EndLine="28" EndColumn="15" Covered="True" />
          <Statement FileIndex="267" Line="29" Column="13" EndLine="29" EndColumn="27" Covered="True" />
          <Statement FileIndex="267" Line="30" Column="9" EndLine="30" EndColumn="10" Covered="True" />
        </Method>
        <Method Name="ToResponse(CoffeeSpace.Domain.Ordering.Orders.Order):CoffeeSpace.OrderingApi.Application.Contracts.Responses.Orders.OrderResponse" CoveredStatements="4" TotalStatements="4" CoveragePercent="100">
          <Statement FileIndex="267" Line="8" Column="9" EndLine="8" EndColumn="10" Covered="True" />
          <Statement FileIndex="267" Line="9" Column="13" EndLine="15" EndColumn="15" Covered="True" />
          <Statement FileIndex="267" Line="16" Column="13" EndLine="16" EndColumn="27" Covered="True" />
          <Statement FileIndex="267" Line="17" Column="9" EndLine="17" EndColumn="10" Covered="True" />
        </Method>
      </Type>
    </Namespace>
    <Namespace Name="CoffeeSpace.OrderingApi.Application.Messaging.Masstransit.Consumers" CoveredStatements="24" TotalStatements="31" CoveragePercent="77">
      <Type Name="PaymentPageInitializedConsumer" CoveredStatements="0" TotalStatements="7" CoveragePercent="0">
        <Type Name="&lt;Consume&gt;d__2" CoveredStatements="0" TotalStatements="3" CoveragePercent="0">
          <Method Name="MoveNext():System.Void" CoveredStatements="0" TotalStatements="3" CoveragePercent="0">
            <Statement FileIndex="194" Line="19" Column="5" EndLine="19" EndColumn="6" Covered="False" />
            <Statement FileIndex="194" Line="20" Column="9" EndLine="22" EndColumn="104" Covered="False" />
            <Statement FileIndex="194" Line="23" Column="5" EndLine="23" EndColumn="6" Covered="False" />
          </Method>
        </Type>
        <Method Name=".ctor(Microsoft.AspNetCore.SignalR.IHubContext&lt;CoffeeSpace.OrderingApi.Application.SignalRHubs.OrderingHub,CoffeeSpace.OrderingApi.Application.SignalRHubs.Abstraction.IOrderingHub&gt;):System.Void" CoveredStatements="0" TotalStatements="4" CoveragePercent="0">
          <Statement FileIndex="194" Line="13" Column="5" EndLine="13" EndColumn="93" Covered="False" />
          <Statement FileIndex="194" Line="14" Column="5" EndLine="14" EndColumn="6" Covered="False" />
          <Statement FileIndex="194" Line="15" Column="9" EndLine="15" EndColumn="34" Covered="False" />
          <Statement FileIndex="194" Line="16" Column="5" EndLine="16" EndColumn="6" Covered="False" />
        </Method>
      </Type>
      <Type Name="RegisterNewBuyerConsumer" CoveredStatements="9" TotalStatements="9" CoveragePercent="100">
        <Method Name=".ctor(CoffeeSpace.OrderingApi.Application.Services.Abstractions.IBuyerService,Microsoft.Extensions.Logging.ILogger&lt;CoffeeSpace.OrderingApi.Application.Messaging.Masstransit.Consumers.RegisterNewBuyerConsumer&gt;):System.Void" CoveredStatements="5" TotalStatements="5" CoveragePercent="100">
          <Statement FileIndex="195" Line="13" Column="5" EndLine="13" EndColumn="106" Covered="True" />
          <Statement FileIndex="195" Line="14" Column="5" EndLine="14" EndColumn="6" Covered="True" />
          <Statement FileIndex="195" Line="15" Column="9" EndLine="15" EndColumn="38" Covered="True" />
          <Statement FileIndex="195" Line="16" Column="9" EndLine="16" EndColumn="26" Covered="True" />
          <Statement FileIndex="195" Line="17" Column="5" EndLine="17" EndColumn="6" Covered="True" />
        </Method>
        <Method Name="Consume(MassTransit.ConsumeContext&lt;CoffeeSpace.Messages.Buyers.RegisterNewBuyer&gt;):System.Threading.Tasks.Task" CoveredStatements="4" TotalStatements="4" CoveragePercent="100">
          <Statement FileIndex="195" Line="20" Column="5" EndLine="20" EndColumn="6" Covered="True" />
          <Statement FileIndex="195" Line="21" Column="9" EndLine="21" EndColumn="102" Covered="True" />
          <Statement FileIndex="195" Line="22" Column="9" EndLine="27" EndColumn="39" Covered="True" />
          <Statement FileIndex="195" Line="28" Column="5" EndLine="28" EndColumn="6" Covered="True" />
        </Method>
      </Type>
      <Type Name="UpdateOrderStatusConsumer" CoveredStatements="15" TotalStatements="15" CoveragePercent="100">
        <Type Name="&lt;Consume&gt;d__4" CoveredStatements="9" TotalStatements="9" CoveragePercent="100">
          <Method Name="MoveNext():System.Void" CoveredStatements="9" TotalStatements="9" CoveragePercent="100">
            <Statement FileIndex="196" Line="26" Column="5" EndLine="26" EndColumn="6" Covered="True" />
            <Statement FileIndex="196" Line="27" Column="9" EndLine="27" EndColumn="39" Covered="True" />
            <Statement FileIndex="196" Line="29" Column="9" EndLine="29" EndColumn="146" Covered="True" />
            <Statement FileIndex="196" Line="30" Column="9" EndLine="30" EndColumn="29" Covered="True" />
            <Statement FileIndex="196" Line="31" Column="9" EndLine="31" EndColumn="10" Covered="True" />
            <Statement FileIndex="196" Line="32" Column="13" EndLine="36" EndColumn="43" Covered="True" />
            <Statement FileIndex="196" Line="38" Column="13" EndLine="38" EndColumn="132" Covered="True" />
            <Statement FileIndex="196" Line="39" Column="9" EndLine="39" EndColumn="10" Covered="True" />
            <Statement FileIndex="196" Line="40" Column="5" EndLine="40" EndColumn="6" Covered="True" />
          </Method>
        </Type>
        <Method Name=".ctor(CoffeeSpace.OrderingApi.Application.Repositories.Abstractions.IOrderRepository,Mediator.IPublisher,Microsoft.AspNetCore.SignalR.IHubContext&lt;CoffeeSpace.OrderingApi.Application.SignalRHubs.OrderingHub,CoffeeSpace.OrderingApi.Application.SignalRHubs.Abstraction.IOrderingHub&gt;):System.Void" CoveredStatements="6" TotalStatements="6" CoveragePercent="100">
          <Statement FileIndex="196" Line="18" Column="5" EndLine="18" EndColumn="144" Covered="True" />
          <Statement FileIndex="196" Line="19" Column="5" EndLine="19" EndColumn="6" Covered="True" />
          <Statement FileIndex="196" Line="20" Column="9" EndLine="20" EndColumn="44" Covered="True" />
          <Statement FileIndex="196" Line="21" Column="9" EndLine="21" EndColumn="32" Covered="True" />
          <Statement FileIndex="196" Line="22" Column="9" EndLine="22" EndColumn="34" Covered="True" />
          <Statement FileIndex="196" Line="23" Column="5" EndLine="23" EndColumn="6" Covered="True" />
        </Method>
      </Type>
    </Namespace>
    <Namespace Name="CoffeeSpace.OrderingApi.Application.Messaging.Masstransit.Sagas" CoveredStatements="68" TotalStatements="80" CoveragePercent="85">
      <Type Name="OrderStateInstance" CoveredStatements="11" TotalStatements="14" CoveragePercent="79">
        <Method Name="get_BuyerId():System.String" CoveredStatements="1" TotalStatements="1" CoveragePercent="100">
          <Statement FileIndex="198" Line="13" Column="38" EndLine="13" EndColumn="42" Covered="True" />
        </Method>
        <Method Name="get_CorrelationId():System.Guid" CoveredStatements="1" TotalStatements="1" CoveragePercent="100">
          <Statement FileIndex="198" Line="7" Column="33" EndLine="7" EndColumn="37" Covered="True" />
        </Method>
        <Method Name="get_CurrentState():System.Int32" CoveredStatements="1" TotalStatements="1" CoveragePercent="100">
          <Statement FileIndex="198" Line="9" Column="31" EndLine="9" EndColumn="35" Covered="True" />
        </Method>
        <Method Name="get_OrderId():System.String" CoveredStatements="1" TotalStatements="1" CoveragePercent="100">
          <Statement FileIndex="198" Line="11" Column="38" EndLine="11" EndColumn="42" Covered="True" />
        </Method>
        <Method Name="get_PaymentSuccess():System.Boolean" CoveredStatements="0" TotalStatements="1" CoveragePercent="0">
          <Statement FileIndex="198" Line="19" Column="34" EndLine="19" EndColumn="38" Covered="False" />
        </Method>
        <Method Name="get_StockValidationSuccess():System.Boolean" CoveredStatements="0" TotalStatements="1" CoveragePercent="0">
          <Statement FileIndex="198" Line="17" Column="43" EndLine="17" EndColumn="47" Covered="False" />
        </Method>
        <Method Name="get_UpdateOrderStatusCorrelationId():System.String" CoveredStatements="0" TotalStatements="1" CoveragePercent="0">
          <Statement FileIndex="198" Line="15" Column="61" EndLine="15" EndColumn="65" Covered="False" />
        </Method>
        <Method Name="set_BuyerId(System.String):System.Void" CoveredStatements="1" TotalStatements="1" CoveragePercent="100">
          <Statement FileIndex="198" Line="13" Column="43" EndLine="13" EndColumn="47" Covered="True" />
        </Method>
        <Method Name="set_CorrelationId(System.Guid):System.Void" CoveredStatements="1" TotalStatements="1" CoveragePercent="100">
          <Statement FileIndex="198" Line="7" Column="38" EndLine="7" EndColumn="42" Covered="True" />
        </Method>
        <Method Name="set_CurrentState(System.Int32):System.Void" CoveredStatements="1" TotalStatements="1" CoveragePercent="100">
          <Statement FileIndex="198" Line="9" Column="36" EndLine="9" EndColumn="40" Covered="True" />
        </Method>
        <Method Name="set_OrderId(System.String):System.Void" CoveredStatements="1" TotalStatements="1" CoveragePercent="100">
          <Statement FileIndex="198" Line="11" Column="43" EndLine="11" EndColumn="47" Covered="True" />
        </Method>
        <Method Name="set_PaymentSuccess(System.Boolean):System.Void" CoveredStatements="1" TotalStatements="1" CoveragePercent="100">
          <Statement FileIndex="198" Line="19" Column="39" EndLine="19" EndColumn="43" Covered="True" />
        </Method>
        <Method Name="set_StockValidationSuccess(System.Boolean):System.Void" CoveredStatements="1" TotalStatements="1" CoveragePercent="100">
          <Statement FileIndex="198" Line="17" Column="48" EndLine="17" EndColumn="52" Covered="True" />
        </Method>
        <Method Name="set_UpdateOrderStatusCorrelationId(System.String):System.Void" CoveredStatements="1" TotalStatements="1" CoveragePercent="100">
          <Statement FileIndex="198" Line="15" Column="66" EndLine="15" EndColumn="70" Covered="True" />
        </Method>
      </Type>
      <Type Name="OrderStateMachine" CoveredStatements="57" TotalStatements="66" CoveragePercent="86">
        <Type Name="&lt;&gt;c" CoveredStatements="20" TotalStatements="26" CoveragePercent="77">
          <Method Name="&lt;.ctor&gt;b__20_1(MassTransit.IEventCorrelationConfigurator&lt;CoffeeSpace.OrderingApi.Application.Messaging.Masstransit.Sagas.OrderStateInstance,CoffeeSpace.Messages.Ordering.Commands.SubmitOrder&gt;):System.Void" CoveredStatements="1" TotalStatements="1" CoveragePercent="100">
            <Statement FileIndex="199" Line="28" Column="13" EndLine="28" EndColumn="77" Covered="True" />
          </Method>
          <Method Name="&lt;.ctor&gt;b__20_11(MassTransit.BehaviorContext&lt;CoffeeSpace.OrderingApi.Application.Messaging.Masstransit.Sagas.OrderStateInstance,CoffeeSpace.Messages.Ordering.Commands.SubmitOrder&gt;):System.Void" CoveredStatements="7" TotalStatements="7" CoveragePercent="100">
            <Statement FileIndex="199" Line="52" Column="17" EndLine="52" EndColumn="18" Covered="True" />
            <Statement FileIndex="199" Line="53" Column="21" EndLine="53" EndColumn="69" Covered="True" />
            <Statement FileIndex="199" Line="54" Column="21" EndLine="54" EndColumn="92" Covered="True" />
            <Statement FileIndex="199" Line="55" Column="21" EndLine="55" EndColumn="74" Covered="True" />
            <Statement FileIndex="199" Line="56" Column="21" EndLine="56" EndColumn="65" Covered="True" />
            <Statement FileIndex="199" Line="57" Column="21" EndLine="57" EndColumn="57" Covered="True" />
            <Statement FileIndex="199" Line="58" Column="17" EndLine="58" EndColumn="18" Covered="True" />
          </Method>
          <Method Name="&lt;.ctor&gt;b__20_12(MassTransit.BehaviorContext&lt;CoffeeSpace.OrderingApi.Application.Messaging.Masstransit.Sagas.OrderStateInstance,CoffeeSpace.Messages.Ordering.Commands.SubmitOrder&gt;):System.Threading.Tasks.Task&lt;MassTransit.SendTuple&lt;CoffeeSpace.Messages.Products.Commands.OrderStockValidation&gt;&gt;" CoveredStatements="1" TotalStatements="1" CoveragePercent="100">
            <Statement FileIndex="199" Line="59" Column="66" EndLine="63" EndColumn="19" Covered="True" />
          </Method>
          <Method Name="&lt;.ctor&gt;b__20_13(MassTransit.EventActivityBinder&lt;CoffeeSpace.OrderingApi.Application.Messaging.Masstransit.Sagas.OrderStateInstance&gt;):MassTransit.EventActivityBinder&lt;CoffeeSpace.OrderingApi.Application.Messaging.Masstransit.Sagas.OrderStateInstance&gt;" CoveredStatements="1" TotalStatements="1" CoveragePercent="100">
            <Statement FileIndex="199" Line="66" Column="32" EndLine="73" EndColumn="21" Covered="True" />
          </Method>
          <Method Name="&lt;.ctor&gt;b__20_14(MassTransit.EventActivityBinder&lt;CoffeeSpace.OrderingApi.Application.Messaging.Masstransit.Sagas.OrderStateInstance&gt;):MassTransit.EventActivityBinder&lt;CoffeeSpace.OrderingApi.Application.Messaging.Masstransit.Sagas.OrderStateInstance&gt;" CoveredStatements="1" TotalStatements="1" CoveragePercent="100">
            <Statement FileIndex="199" Line="75" Column="39" EndLine="75" EndColumn="56" Covered="True" />
          </Method>
          <Method Name="&lt;.ctor&gt;b__20_16(MassTransit.BehaviorContext&lt;CoffeeSpace.OrderingApi.Application.Messaging.Masstransit.Sagas.OrderStateInstance,CoffeeSpace.Messages.Products.Responses.OrderStockConfirmed&gt;):System.Threading.Tasks.Task&lt;MassTransit.SendTuple&lt;CoffeeSpace.Messages.Ordering.Commands.RequestOrderPayment&gt;&gt;" CoveredStatements="0" TotalStatements="1" CoveragePercent="0">
            <Statement FileIndex="199" Line="92" Column="58" EndLine="95" EndColumn="19" Covered="False" />
          </Method>
          <Method Name="&lt;.ctor&gt;b__20_17(MassTransit.BehaviorContext&lt;CoffeeSpace.OrderingApi.Application.Messaging.Masstransit.Sagas.OrderStateInstance,CoffeeSpace.Messages.Products.Responses.OrderStockConfirmed&gt;):System.Void" CoveredStatements="0" TotalStatements="1" CoveragePercent="0">
            <Statement FileIndex="199" Line="96" Column="34" EndLine="96" EndColumn="76" Covered="False" />
          </Method>
          <Method Name="&lt;.ctor&gt;b__20_19(MassTransit.BehaviorContext&lt;CoffeeSpace.OrderingApi.Application.Messaging.Masstransit.Sagas.OrderStateInstance,CoffeeSpace.Messages.Ordering.Responses.OrderPaymentSuccess&gt;):System.Threading.Tasks.Task&lt;MassTransit.SendTuple&lt;CoffeeSpace.Messages.Shipment.Commands.RequestOrderShipment&gt;&gt;" CoveredStatements="0" TotalStatements="1" CoveragePercent="0">
            <Statement FileIndex="199" Line="106" Column="59" EndLine="109" EndColumn="19" Covered="False" />
          </Method>
          <Method Name="&lt;.ctor&gt;b__20_20(MassTransit.BehaviorContext&lt;CoffeeSpace.OrderingApi.Application.Messaging.Masstransit.Sagas.OrderStateInstance,CoffeeSpace.Messages.Ordering.Responses.OrderPaymentSuccess&gt;):System.Void" CoveredStatements="0" TotalStatements="1" CoveragePercent="0">
            <Statement FileIndex="199" Line="110" Column="34" EndLine="110" EndColumn="68" Covered="False" />
          </Method>
          <Method Name="&lt;.ctor&gt;b__20_22(MassTransit.BehaviorContext&lt;CoffeeSpace.OrderingApi.Application.Messaging.Masstransit.Sagas.OrderStateInstance,CoffeeSpace.Messages.Shipment.Responses.OrderShipped&gt;):System.Threading.Tasks.Task&lt;MassTransit.SendTuple&lt;CoffeeSpace.Messages.Ordering.Commands.UpdateOrderStatus&gt;&gt;" CoveredStatements="0" TotalStatements="1" CoveragePercent="0">
            <Statement FileIndex="199" Line="121" Column="42" EndLine="126" EndColumn="19" Covered="False" />
          </Method>
          <Method Name="&lt;.ctor&gt;b__20_23(MassTransit.ConsumeContext&lt;CoffeeSpace.Messages.Ordering.Commands.SubmitOrder&gt;):System.Guid" CoveredStatements="1" TotalStatements="1" CoveragePercent="100">
            <Statement FileIndex="199" Line="28" Column="40" EndLine="28" EndColumn="76" Covered="True" />
          </Method>
          <Method Name="&lt;.ctor&gt;b__20_24(MassTransit.ConsumeContext&lt;CoffeeSpace.Messages.Ordering.Commands.CancelOrder&gt;):System.Guid" CoveredStatements="0" TotalStatements="1" CoveragePercent="0">
            <Statement FileIndex="199" Line="31" Column="40" EndLine="31" EndColumn="76" Covered="False" />
          </Method>
          <Method Name="&lt;.ctor&gt;b__20_25(CoffeeSpace.Domain.Ordering.Orders.OrderItem):CoffeeSpace.Domain.Products.Product" CoveredStatements="1" TotalStatements="1" CoveragePercent="100">
            <Statement FileIndex="199" Line="62" Column="77" EndLine="62" EndColumn="90" Covered="True" />
          </Method>
          <Method Name="&lt;.ctor&gt;b__20_26(MassTransit.BehaviorContext&lt;CoffeeSpace.OrderingApi.Application.Messaging.Masstransit.Sagas.OrderStateInstance&gt;):System.Boolean" CoveredStatements="1" TotalStatements="1" CoveragePercent="100">
            <Statement FileIndex="199" Line="66" Column="53" EndLine="66" EndColumn="82" Covered="True" />
          </Method>
          <Method Name="&lt;.ctor&gt;b__20_27(MassTransit.EventActivityBinder&lt;CoffeeSpace.OrderingApi.Application.Messaging.Masstransit.Sagas.OrderStateInstance&gt;):MassTransit.EventActivityBinder&lt;CoffeeSpace.OrderingApi.Application.Messaging.Masstransit.Sagas.OrderStateInstance&gt;" CoveredStatements="1" TotalStatements="1" CoveragePercent="100">
            <Statement FileIndex="199" Line="67" Column="13" EndLine="73" EndColumn="20" Covered="True" />
          </Method>
          <Method Name="&lt;.ctor&gt;b__20_28(MassTransit.BehaviorContext&lt;CoffeeSpace.OrderingApi.Application.Messaging.Masstransit.Sagas.OrderStateInstance&gt;):System.Threading.Tasks.Task&lt;MassTransit.SendTuple&lt;CoffeeSpace.Messages.Ordering.Commands.UpdateOrderStatus&gt;&gt;" CoveredStatements="1" TotalStatements="1" CoveragePercent="100">
            <Statement FileIndex="199" Line="68" Column="17" EndLine="73" EndColumn="19" Covered="True" />
          </Method>
          <Method Name="&lt;.ctor&gt;b__20_3(MassTransit.IEventCorrelationConfigurator&lt;CoffeeSpace.OrderingApi.Application.Messaging.Masstransit.Sagas.OrderStateInstance,CoffeeSpace.Messages.Ordering.Commands.CancelOrder&gt;):System.Void" CoveredStatements="1" TotalStatements="1" CoveragePercent="100">
            <Statement FileIndex="199" Line="31" Column="13" EndLine="31" EndColumn="77" Covered="True" />
          </Method>
          <Method Name="&lt;.ctor&gt;b__20_5(MassTransit.IRequestConfigurator&lt;CoffeeSpace.OrderingApi.Application.Messaging.Masstransit.Sagas.OrderStateInstance,CoffeeSpace.Messages.Products.Commands.OrderStockValidation,CoffeeSpace.Messages.Products.Responses.OrderStockConfirmed&gt;):System.Void" CoveredStatements="1" TotalStatements="1" CoveragePercent="100">
            <Statement FileIndex="199" Line="34" Column="13" EndLine="34" EndColumn="49" Covered="True" />
          </Method>
          <Method Name="&lt;.ctor&gt;b__20_7(MassTransit.IRequestConfigurator&lt;CoffeeSpace.OrderingApi.Application.Messaging.Masstransit.Sagas.OrderStateInstance,CoffeeSpace.Messages.Ordering.Commands.RequestOrderPayment,CoffeeSpace.Messages.Ordering.Responses.OrderPaymentSuccess&gt;):System.Void" CoveredStatements="1" TotalStatements="1" CoveragePercent="100">
            <Statement FileIndex="199" Line="37" Column="13" EndLine="37" EndColumn="49" Covered="True" />
          </Method>
          <Method Name="&lt;.ctor&gt;b__20_9(MassTransit.IRequestConfigurator&lt;CoffeeSpace.OrderingApi.Application.Messaging.Masstransit.Sagas.OrderStateInstance,CoffeeSpace.Messages.Shipment.Commands.RequestOrderShipment,CoffeeSpace.Messages.Shipment.Responses.OrderShipped&gt;):System.Void" CoveredStatements="1" TotalStatements="1" CoveragePercent="100">
            <Statement FileIndex="199" Line="40" Column="13" EndLine="40" EndColumn="49" Covered="True" />
          </Method>
        </Type>
        <Type Name="&lt;&gt;c__DisplayClass20_0" CoveredStatements="0" TotalStatements="3" CoveragePercent="0">
          <Method Name="&lt;.ctor&gt;b__15(MassTransit.BehaviorContext&lt;CoffeeSpace.OrderingApi.Application.Messaging.Masstransit.Sagas.OrderStateInstance,MassTransit.Contracts.RequestTimeoutExpired&lt;CoffeeSpace.Messages.Products.Commands.OrderStockValidation&gt;&gt;):System.Void" CoveredStatements="0" TotalStatements="1" CoveragePercent="0">
            <Statement FileIndex="199" Line="88" Column="21" EndLine="89" EndColumn="46" Covered="False" />
          </Method>
          <Method Name="&lt;.ctor&gt;b__18(MassTransit.BehaviorContext&lt;CoffeeSpace.OrderingApi.Application.Messaging.Masstransit.Sagas.OrderStateInstance,MassTransit.Contracts.RequestTimeoutExpired&lt;CoffeeSpace.Messages.Ordering.Commands.RequestOrderPayment&gt;&gt;):System.Void" CoveredStatements="0" TotalStatements="1" CoveragePercent="0">
            <Statement FileIndex="199" Line="102" Column="21" EndLine="103" EndColumn="46" Covered="False" />
          </Method>
          <Method Name="&lt;.ctor&gt;b__21(MassTransit.BehaviorContext&lt;CoffeeSpace.OrderingApi.Application.Messaging.Masstransit.Sagas.OrderStateInstance,MassTransit.Contracts.RequestTimeoutExpired&lt;CoffeeSpace.Messages.Shipment.Commands.RequestOrderShipment&gt;&gt;):System.Void" CoveredStatements="0" TotalStatements="1" CoveragePercent="0">
            <Statement FileIndex="199" Line="117" Column="21" EndLine="118" EndColumn="46" Covered="False" />
          </Method>
        </Type>
        <Method Name=".ctor(Microsoft.Extensions.Logging.ILogger&lt;CoffeeSpace.OrderingApi.Application.Messaging.Masstransit.Sagas.OrderStateMachine&gt;):System.Void" CoveredStatements="17" TotalStatements="17" CoveragePercent="100">
          <Statement FileIndex="199" Line="25" Column="5" EndLine="25" EndColumn="64" Covered="True" />
          <Statement FileIndex="199" Line="26" Column="5" EndLine="26" EndColumn="6" Covered="True" />
          <Statement FileIndex="199" Line="27" Column="9" EndLine="28" EndColumn="79" Covered="True" />
          <Statement FileIndex="199" Line="30" Column="9" EndLine="31" EndColumn="79" Covered="True" />
          <Statement FileIndex="199" Line="33" Column="9" EndLine="34" EndColumn="51" Covered="True" />
          <Statement FileIndex="199" Line="36" Column="9" EndLine="37" EndColumn="51" Covered="True" />
          <Statement FileIndex="199" Line="39" Column="9" EndLine="40" EndColumn="51" Covered="True" />
          <Statement FileIndex="199" Line="42" Column="9" EndLine="47" EndColumn="23" Covered="True" />
          <Statement FileIndex="199" Line="49" Column="9" EndLine="64" EndColumn="43" Covered="True" />
          <Statement FileIndex="199" Line="66" Column="9" EndLine="73" EndColumn="23" Covered="True" />
          <Statement FileIndex="199" Line="75" Column="9" EndLine="75" EndColumn="58" Covered="True" />
          <Statement FileIndex="199" Line="77" Column="9" EndLine="83" EndColumn="42" Covered="True" />
          <Statement FileIndex="199" Line="85" Column="9" EndLine="97" EndColumn="48" Covered="True" />
          <Statement FileIndex="199" Line="99" Column="9" EndLine="112" EndColumn="65" Covered="True" />
          <Statement FileIndex="199" Line="114" Column="9" EndLine="129" EndColumn="57" Covered="True" />
          <Statement FileIndex="199" Line="131" Column="9" EndLine="131" EndColumn="37" Covered="True" />
          <Statement FileIndex="199" Line="132" Column="5" EndLine="132" EndColumn="6" Covered="True" />
        </Method>
        <Method Name="get_Canceled():MassTransit.State" CoveredStatements="1" TotalStatements="1" CoveragePercent="100">
          <Statement FileIndex="199" Line="23" Column="38" EndLine="23" EndColumn="42" Covered="True" />
        </Method>
        <Method Name="get_CancelOrder():MassTransit.Event&lt;CoffeeSpace.Messages.Ordering.Commands.CancelOrder&gt;" CoveredStatements="1" TotalStatements="1" CoveragePercent="100">
          <Statement FileIndex="199" Line="136" Column="54" EndLine="136" EndColumn="58" Covered="True" />
        </Method>
        <Method Name="get_Paid():MassTransit.State" CoveredStatements="1" TotalStatements="1" CoveragePercent="100">
          <Statement FileIndex="199" Line="19" Column="34" EndLine="19" EndColumn="38" Covered="True" />
        </Method>
        <Method Name="get_RequestOrderPayment():MassTransit.Request&lt;CoffeeSpace.OrderingApi.Application.Messaging.Masstransit.Sagas.OrderStateInstance,CoffeeSpace.Messages.Ordering.Commands.RequestOrderPayment,CoffeeSpace.Messages.Ordering.Responses.OrderPaymentSuccess&gt;" CoveredStatements="1" TotalStatements="1" CoveragePercent="100">
          <Statement FileIndex="199" Line="138" Column="104" EndLine="138" EndColumn="108" Covered="True" />
        </Method>
        <Method Name="get_RequestOrderShipment():MassTransit.Request&lt;CoffeeSpace.OrderingApi.Application.Messaging.Masstransit.Sagas.OrderStateInstance,CoffeeSpace.Messages.Shipment.Commands.RequestOrderShipment,CoffeeSpace.Messages.Shipment.Responses.OrderShipped&gt;" CoveredStatements="1" TotalStatements="1" CoveragePercent="100">
          <Statement FileIndex="199" Line="142" Column="99" EndLine="142" EndColumn="103" Covered="True" />
        </Method>
        <Method Name="get_RequestOrderStockValidation():MassTransit.Request&lt;CoffeeSpace.OrderingApi.Application.Messaging.Masstransit.Sagas.OrderStateInstance,CoffeeSpace.Messages.Products.Commands.OrderStockValidation,CoffeeSpace.Messages.Products.Responses.OrderStockConfirmed&gt;" CoveredStatements="1" TotalStatements="1" CoveragePercent="100">
          <Statement FileIndex="199" Line="140" Column="113" EndLine="140" EndColumn="117" Covered="True" />
        </Method>
        <Method Name="get_Shipped():MassTransit.State" CoveredStatements="1" TotalStatements="1" CoveragePercent="100">
          <Statement FileIndex="199" Line="21" Column="37" EndLine="21" EndColumn="41" Covered="True" />
        </Method>
        <Method Name="get_StockConfirmed():MassTransit.State" CoveredStatements="1" TotalStatements="1" CoveragePercent="100">
          <Statement FileIndex="199" Line="17" Column="44" EndLine="17" EndColumn="48" Covered="True" />
        </Method>
        <Method Name="get_SubmitOrder():MassTransit.Event&lt;CoffeeSpace.Messages.Ordering.Commands.SubmitOrder&gt;" CoveredStatements="1" TotalStatements="1" CoveragePercent="100">
          <Statement FileIndex="199" Line="134" Column="54" EndLine="134" EndColumn="58" Covered="True" />
        </Method>
        <Method Name="get_Submitted():MassTransit.State" CoveredStatements="1" TotalStatements="1" CoveragePercent="100">
          <Statement FileIndex="199" Line="15" Column="39" EndLine="15" EndColumn="43" Covered="True" />
        </Method>
        <Method Name="set_Canceled(MassTransit.State):System.Void" CoveredStatements="1" TotalStatements="1" CoveragePercent="100">
          <Statement FileIndex="199" Line="23" Column="43" EndLine="23" EndColumn="48" Covered="True" />
        </Method>
        <Method Name="set_CancelOrder(MassTransit.Event&lt;CoffeeSpace.Messages.Ordering.Commands.CancelOrder&gt;):System.Void" CoveredStatements="1" TotalStatements="1" CoveragePercent="100">
          <Statement FileIndex="199" Line="136" Column="59" EndLine="136" EndColumn="64" Covered="True" />
        </Method>
        <Method Name="set_Paid(MassTransit.State):System.Void" CoveredStatements="1" TotalStatements="1" CoveragePercent="100">
          <Statement FileIndex="199" Line="19" Column="39" EndLine="19" EndColumn="44" Covered="True" />
        </Method>
        <Method Name="set_RequestOrderPayment(MassTransit.Request&lt;CoffeeSpace.OrderingApi.Application.Messaging.Masstransit.Sagas.OrderStateInstance,CoffeeSpace.Messages.Ordering.Commands.RequestOrderPayment,CoffeeSpace.Messages.Ordering.Responses.OrderPaymentSuccess&gt;):System.Void" CoveredStatements="1" TotalStatements="1" CoveragePercent="100">
          <Statement FileIndex="199" Line="138" Column="109" EndLine="138" EndColumn="114" Covered="True" />
        </Method>
        <Method Name="set_RequestOrderShipment(MassTransit.Request&lt;CoffeeSpace.OrderingApi.Application.Messaging.Masstransit.Sagas.OrderStateInstance,CoffeeSpace.Messages.Shipment.Commands.RequestOrderShipment,CoffeeSpace.Messages.Shipment.Responses.OrderShipped&gt;):System.Void" CoveredStatements="1" TotalStatements="1" CoveragePercent="100">
          <Statement FileIndex="199" Line="142" Column="104" EndLine="142" EndColumn="109" Covered="True" />
        </Method>
        <Method Name="set_RequestOrderStockValidation(MassTransit.Request&lt;CoffeeSpace.OrderingApi.Application.Messaging.Masstransit.Sagas.OrderStateInstance,CoffeeSpace.Messages.Products.Commands.OrderStockValidation,CoffeeSpace.Messages.Products.Responses.OrderStockConfirmed&gt;):System.Void" CoveredStatements="1" TotalStatements="1" CoveragePercent="100">
          <Statement FileIndex="199" Line="140" Column="118" EndLine="140" EndColumn="123" Covered="True" />
        </Method>
        <Method Name="set_Shipped(MassTransit.State):System.Void" CoveredStatements="1" TotalStatements="1" CoveragePercent="100">
          <Statement FileIndex="199" Line="21" Column="42" EndLine="21" EndColumn="47" Covered="True" />
        </Method>
        <Method Name="set_StockConfirmed(MassTransit.State):System.Void" CoveredStatements="1" TotalStatements="1" CoveragePercent="100">
          <Statement FileIndex="199" Line="17" Column="49" EndLine="17" EndColumn="54" Covered="True" />
        </Method>
        <Method Name="set_SubmitOrder(MassTransit.Event&lt;CoffeeSpace.Messages.Ordering.Commands.SubmitOrder&gt;):System.Void" CoveredStatements="1" TotalStatements="1" CoveragePercent="100">
          <Statement FileIndex="199" Line="134" Column="59" EndLine="134" EndColumn="64" Covered="True" />
        </Method>
        <Method Name="set_Submitted(MassTransit.State):System.Void" CoveredStatements="1" TotalStatements="1" CoveragePercent="100">
          <Statement FileIndex="199" Line="15" Column="44" EndLine="15" EndColumn="49" Covered="True" />
        </Method>
      </Type>
    </Namespace>
    <Namespace Name="CoffeeSpace.OrderingApi.Application.Messaging.Masstransit.Sagas.Definitions" CoveredStatements="5" TotalStatements="5" CoveragePercent="100">
      <Type Name="OrderStateDefinition" CoveredStatements="5" TotalStatements="5" CoveragePercent="100">
        <Type Name="&lt;&gt;c" CoveredStatements="1" TotalStatements="1" CoveragePercent="100">
          <Method Name="&lt;ConfigureSaga&gt;b__0_0(MassTransit.IRetryConfigurator):System.Void" CoveredStatements="1" TotalStatements="1" CoveragePercent="100">
            <Statement FileIndex="197" Line="13" Column="51" EndLine="13" EndColumn="105" Covered="True" />
          </Method>
        </Type>
        <Method Name="ConfigureSaga(MassTransit.IReceiveEndpointConfigurator,MassTransit.ISagaConfigurator&lt;CoffeeSpace.OrderingApi.Application.Messaging.Masstransit.Sagas.OrderStateInstance&gt;,MassTransit.IRegistrationContext):System.Void" CoveredStatements="4" TotalStatements="4" CoveragePercent="100">
          <Statement FileIndex="197" Line="12" Column="5" EndLine="12" EndColumn="6" Covered="True" />
          <Statement FileIndex="197" Line="13" Column="9" EndLine="13" EndColumn="107" Covered="True" />
          <Statement FileIndex="197" Line="14" Column="9" EndLine="14" EndColumn="101" Covered="True" />
          <Statement FileIndex="197" Line="15" Column="5" EndLine="15" EndColumn="6" Covered="True" />
        </Method>
      </Type>
    </Namespace>
    <Namespace Name="CoffeeSpace.OrderingApi.Application.Messaging.Mediator.Notifications.Buyers" CoveredStatements="10" TotalStatements="10" CoveragePercent="100">
      <Type Name="CreateBuyerNotification" CoveredStatements="4" TotalStatements="4" CoveragePercent="100">
        <Method Name="get_Email():System.String" CoveredStatements="1" TotalStatements="1" CoveragePercent="100">
          <Statement FileIndex="200" Line="9" Column="36" EndLine="9" EndColumn="40" Covered="True" />
        </Method>
        <Method Name="get_Id():System.String" CoveredStatements="1" TotalStatements="1" CoveragePercent="100">
          <Statement FileIndex="200" Line="7" Column="33" EndLine="7" EndColumn="37" Covered="True" />
        </Method>
        <Method Name="set_Email(System.String):System.Void" CoveredStatements="1" TotalStatements="1" CoveragePercent="100">
          <Statement FileIndex="200" Line="9" Column="41" EndLine="9" EndColumn="46" Covered="True" />
        </Method>
        <Method Name="set_Id(System.String):System.Void" CoveredStatements="1" TotalStatements="1" CoveragePercent="100">
          <Statement FileIndex="200" Line="7" Column="38" EndLine="7" EndColumn="43" Covered="True" />
        </Method>
      </Type>
      <Type Name="DeleteBuyerNotification" CoveredStatements="2" TotalStatements="2" CoveragePercent="100">
        <Method Name="get_Id():System.String" CoveredStatements="1" TotalStatements="1" CoveragePercent="100">
          <Statement FileIndex="201" Line="7" Column="33" EndLine="7" EndColumn="37" Covered="True" />
        </Method>
        <Method Name="set_Id(System.String):System.Void" CoveredStatements="1" TotalStatements="1" CoveragePercent="100">
          <Statement FileIndex="201" Line="7" Column="38" EndLine="7" EndColumn="43" Covered="True" />
        </Method>
      </Type>
      <Type Name="UpdateBuyerNotification" CoveredStatements="4" TotalStatements="4" CoveragePercent="100">
        <Method Name="get_Email():System.String" CoveredStatements="1" TotalStatements="1" CoveragePercent="100">
          <Statement FileIndex="203" Line="9" Column="36" EndLine="9" EndColumn="40" Covered="True" />
        </Method>
        <Method Name="get_Id():System.String" CoveredStatements="1" TotalStatements="1" CoveragePercent="100">
          <Statement FileIndex="203" Line="7" Column="33" EndLine="7" EndColumn="37" Covered="True" />
        </Method>
        <Method Name="set_Email(System.String):System.Void" CoveredStatements="1" TotalStatements="1" CoveragePercent="100">
          <Statement FileIndex="203" Line="9" Column="41" EndLine="9" EndColumn="46" Covered="True" />
        </Method>
        <Method Name="set_Id(System.String):System.Void" CoveredStatements="1" TotalStatements="1" CoveragePercent="100">
          <Statement FileIndex="203" Line="7" Column="38" EndLine="7" EndColumn="43" Covered="True" />
        </Method>
      </Type>
    </Namespace>
    <Namespace Name="CoffeeSpace.OrderingApi.Application.Messaging.Mediator.Notifications.Buyers.Handlers" CoveredStatements="16" TotalStatements="16" CoveragePercent="100">
      <Type Name="BuyerCacheNotificationHandlers" CoveredStatements="16" TotalStatements="16" CoveragePercent="100">
        <Type Name="&lt;Handle&gt;d__2" CoveredStatements="4" TotalStatements="4" CoveragePercent="100">
          <Method Name="MoveNext():System.Void" CoveredStatements="4" TotalStatements="4" CoveragePercent="100">
            <Statement FileIndex="202" Line="21" Column="5" EndLine="21" EndColumn="6" Covered="True" />
            <Statement FileIndex="202" Line="22" Column="9" EndLine="22" EndColumn="99" Covered="True" />
            <Statement FileIndex="202" Line="23" Column="9" EndLine="23" EndColumn="109" Covered="True" />
            <Statement FileIndex="202" Line="24" Column="5" EndLine="24" EndColumn="6" Covered="True" />
          </Method>
        </Type>
        <Type Name="&lt;Handle&gt;d__3" CoveredStatements="4" TotalStatements="4" CoveragePercent="100">
          <Method Name="MoveNext():System.Void" CoveredStatements="4" TotalStatements="4" CoveragePercent="100">
            <Statement FileIndex="202" Line="27" Column="5" EndLine="27" EndColumn="6" Covered="True" />
            <Statement FileIndex="202" Line="28" Column="9" EndLine="28" EndColumn="99" Covered="True" />
            <Statement FileIndex="202" Line="29" Column="9" EndLine="29" EndColumn="109" Covered="True" />
            <Statement FileIndex="202" Line="30" Column="5" EndLine="30" EndColumn="6" Covered="True" />
          </Method>
        </Type>
        <Type Name="&lt;Handle&gt;d__4" CoveredStatements="4" TotalStatements="4" CoveragePercent="100">
          <Method Name="MoveNext():System.Void" CoveredStatements="4" TotalStatements="4" CoveragePercent="100">
            <Statement FileIndex="202" Line="33" Column="5" EndLine="33" EndColumn="6" Covered="True" />
            <Statement FileIndex="202" Line="34" Column="9" EndLine="34" EndColumn="99" Covered="True" />
            <Statement FileIndex="202" Line="35" Column="9" EndLine="35" EndColumn="101" Covered="True" />
            <Statement FileIndex="202" Line="36" Column="5" EndLine="36" EndColumn="6" Covered="True" />
          </Method>
        </Type>
        <Method Name=".ctor(CoffeeSpace.Core.Services.Abstractions.ICacheService&lt;CoffeeSpace.Domain.Ordering.BuyerInfo.Buyer&gt;):System.Void" CoveredStatements="4" TotalStatements="4" CoveragePercent="100">
          <Statement FileIndex="202" Line="15" Column="5" EndLine="15" EndColumn="77" Covered="True" />
          <Statement FileIndex="202" Line="16" Column="5" EndLine="16" EndColumn="6" Covered="True" />
          <Statement FileIndex="202" Line="17" Column="9" EndLine="17" EndColumn="38" Covered="True" />
          <Statement FileIndex="202" Line="18" Column="5" EndLine="18" EndColumn="6" Covered="True" />
        </Method>
      </Type>
    </Namespace>
    <Namespace Name="CoffeeSpace.OrderingApi.Application.Messaging.Mediator.Notifications.Orders" CoveredStatements="10" TotalStatements="12" CoveragePercent="83">
      <Type Name="CreateOrderNotification" CoveredStatements="4" TotalStatements="4" CoveragePercent="100">
        <Method Name="get_BuyerId():System.String" CoveredStatements="1" TotalStatements="1" CoveragePercent="100">
          <Statement FileIndex="204" Line="9" Column="38" EndLine="9" EndColumn="42" Covered="True" />
        </Method>
        <Method Name="get_Id():System.String" CoveredStatements="1" TotalStatements="1" CoveragePercent="100">
          <Statement FileIndex="204" Line="7" Column="33" EndLine="7" EndColumn="37" Covered="True" />
        </Method>
        <Method Name="set_BuyerId(System.String):System.Void" CoveredStatements="1" TotalStatements="1" CoveragePercent="100">
          <Statement FileIndex="204" Line="9" Column="43" EndLine="9" EndColumn="48" Covered="True" />
        </Method>
        <Method Name="set_Id(System.String):System.Void" CoveredStatements="1" TotalStatements="1" CoveragePercent="100">
          <Statement FileIndex="204" Line="7" Column="38" EndLine="7" EndColumn="43" Covered="True" />
        </Method>
      </Type>
      <Type Name="DeleteOrderNotification" CoveredStatements="4" TotalStatements="4" CoveragePercent="100">
        <Method Name="get_BuyerId():System.String" CoveredStatements="1" TotalStatements="1" CoveragePercent="100">
          <Statement FileIndex="205" Line="9" Column="38" EndLine="9" EndColumn="42" Covered="True" />
        </Method>
        <Method Name="get_Id():System.String" CoveredStatements="1" TotalStatements="1" CoveragePercent="100">
          <Statement FileIndex="205" Line="7" Column="33" EndLine="7" EndColumn="37" Covered="True" />
        </Method>
        <Method Name="set_BuyerId(System.String):System.Void" CoveredStatements="1" TotalStatements="1" CoveragePercent="100">
          <Statement FileIndex="205" Line="9" Column="43" EndLine="9" EndColumn="48" Covered="True" />
        </Method>
        <Method Name="set_Id(System.String):System.Void" CoveredStatements="1" TotalStatements="1" CoveragePercent="100">
          <Statement FileIndex="205" Line="7" Column="38" EndLine="7" EndColumn="43" Covered="True" />
        </Method>
      </Type>
      <Type Name="UpdateOrderNotification" CoveredStatements="2" TotalStatements="4" CoveragePercent="50">
        <Method Name="get_BuyerId():System.String" CoveredStatements="0" TotalStatements="1" CoveragePercent="0">
          <Statement FileIndex="207" Line="9" Column="38" EndLine="9" EndColumn="42" Covered="False" />
        </Method>
        <Method Name="get_Id():System.String" CoveredStatements="0" TotalStatements="1" CoveragePercent="0">
          <Statement FileIndex="207" Line="7" Column="33" EndLine="7" EndColumn="37" Covered="False" />
        </Method>
        <Method Name="set_BuyerId(System.String):System.Void" CoveredStatements="1" TotalStatements="1" CoveragePercent="100">
          <Statement FileIndex="207" Line="9" Column="43" EndLine="9" EndColumn="48" Covered="True" />
        </Method>
        <Method Name="set_Id(System.String):System.Void" CoveredStatements="1" TotalStatements="1" CoveragePercent="100">
          <Statement FileIndex="207" Line="7" Column="38" EndLine="7" EndColumn="43" Covered="True" />
        </Method>
      </Type>
    </Namespace>
    <Namespace Name="CoffeeSpace.OrderingApi.Application.Messaging.Mediator.Notifications.Orders.Handlers" CoveredStatements="14" TotalStatements="19" CoveragePercent="74">
      <Type Name="OrderCacheNotificationHandler" CoveredStatements="14" TotalStatements="19" CoveragePercent="74">
        <Type Name="&lt;Handle&gt;d__2" CoveredStatements="5" TotalStatements="5" CoveragePercent="100">
          <Method Name="MoveNext():System.Void" CoveredStatements="5" TotalStatements="5" CoveragePercent="100">
            <Statement FileIndex="206" Line="21" Column="5" EndLine="21" EndColumn="6" Covered="True" />
            <Statement FileIndex="206" Line="22" Column="9" EndLine="22" EndColumn="106" Covered="True" />
            <Statement FileIndex="206" Line="23" Column="9" EndLine="23" EndColumn="132" Covered="True" />
            <Statement FileIndex="206" Line="25" Column="9" EndLine="25" EndColumn="104" Covered="True" />
            <Statement FileIndex="206" Line="26" Column="5" EndLine="26" EndColumn="6" Covered="True" />
          </Method>
        </Type>
        <Type Name="&lt;Handle&gt;d__3" CoveredStatements="0" TotalStatements="5" CoveragePercent="0">
          <Method Name="MoveNext():System.Void" CoveredStatements="0" TotalStatements="5" CoveragePercent="0">
            <Statement FileIndex="206" Line="29" Column="5" EndLine="29" EndColumn="6" Covered="False" />
            <Statement FileIndex="206" Line="30" Column="9" EndLine="30" EndColumn="106" Covered="False" />
            <Statement FileIndex="206" Line="31" Column="9" EndLine="31" EndColumn="132" Covered="False" />
            <Statement FileIndex="206" Line="33" Column="9" EndLine="33" EndColumn="104" Covered="False" />
            <Statement FileIndex="206" Line="34" Column="5" EndLine="34" EndColumn="6" Covered="False" />
          </Method>
        </Type>
        <Type Name="&lt;Handle&gt;d__4" CoveredStatements="5" TotalStatements="5" CoveragePercent="100">
          <Method Name="MoveNext():System.Void" CoveredStatements="5" TotalStatements="5" CoveragePercent="100">
            <Statement FileIndex="206" Line="37" Column="5" EndLine="37" EndColumn="6" Covered="True" />
            <Statement FileIndex="206" Line="38" Column="9" EndLine="38" EndColumn="106" Covered="True" />
            <Statement FileIndex="206" Line="39" Column="9" EndLine="39" EndColumn="132" Covered="True" />
            <Statement FileIndex="206" Line="41" Column="9" EndLine="41" EndColumn="104" Covered="True" />
            <Statement FileIndex="206" Line="42" Column="5" EndLine="42" EndColumn="6" Covered="True" />
          </Method>
        </Type>
        <Method Name=".ctor(CoffeeSpace.Core.Services.Abstractions.ICacheService&lt;CoffeeSpace.Domain.Ordering.Orders.Order&gt;):System.Void" CoveredStatements="4" TotalStatements="4" CoveragePercent="100">
          <Statement FileIndex="206" Line="15" Column="5" EndLine="15" EndColumn="76" Covered="True" />
          <Statement FileIndex="206" Line="16" Column="5" EndLine="16" EndColumn="6" Covered="True" />
          <Statement FileIndex="206" Line="17" Column="9" EndLine="17" EndColumn="38" Covered="True" />
          <Statement FileIndex="206" Line="18" Column="5" EndLine="18" EndColumn="6" Covered="True" />
        </Method>
      </Type>
    </Namespace>
    <Namespace Name="CoffeeSpace.OrderingApi.Application.Repositories" CoveredStatements="49" TotalStatements="55" CoveragePercent="89">
      <Type Name="BuyerRepository" CoveredStatements="26" TotalStatements="26" CoveragePercent="100">
        <Type Name="&lt;CreateAsync&gt;d__4" CoveredStatements="5" TotalStatements="5" CoveragePercent="100">
          <Method Name="MoveNext():System.Void" CoveredStatements="5" TotalStatements="5" CoveragePercent="100">
            <Statement FileIndex="211" Line="44" Column="5" EndLine="44" EndColumn="6" Covered="True" />
            <Statement FileIndex="211" Line="45" Column="9" EndLine="45" EndColumn="76" Covered="True" />
            <Statement FileIndex="211" Line="46" Column="9" EndLine="46" EndColumn="83" Covered="True" />
            <Statement FileIndex="211" Line="48" Column="9" EndLine="48" EndColumn="27" Covered="True" />
            <Statement FileIndex="211" Line="49" Column="5" EndLine="49" EndColumn="6" Covered="True" />
          </Method>
        </Type>
        <Type Name="&lt;DeleteByIdAsync&gt;d__6" CoveredStatements="4" TotalStatements="4" CoveragePercent="100">
          <Method Name="MoveNext():System.Void" CoveredStatements="4" TotalStatements="4" CoveragePercent="100">
            <Statement FileIndex="211" Line="62" Column="5" EndLine="62" EndColumn="6" Covered="True" />
            <Statement FileIndex="211" Line="63" Column="9" EndLine="65" EndColumn="52" Covered="True" />
            <Statement FileIndex="211" Line="67" Column="9" EndLine="67" EndColumn="27" Covered="True" />
            <Statement FileIndex="211" Line="68" Column="5" EndLine="68" EndColumn="6" Covered="True" />
          </Method>
        </Type>
        <Type Name="&lt;UpdateAsync&gt;d__5" CoveredStatements="5" TotalStatements="5" CoveragePercent="100">
          <Method Name="MoveNext():System.Void" CoveredStatements="5" TotalStatements="5" CoveragePercent="100">
            <Statement FileIndex="211" Line="52" Column="5" EndLine="52" EndColumn="6" Covered="True" />
            <Statement FileIndex="211" Line="53" Column="9" EndLine="53" EndColumn="49" Covered="True" />
            <Statement FileIndex="211" Line="54" Column="9" EndLine="54" EndColumn="83" Covered="True" />
            <Statement FileIndex="211" Line="56" Column="9" EndLine="58" EndColumn="20" Covered="True" />
            <Statement FileIndex="211" Line="59" Column="5" EndLine="59" EndColumn="6" Covered="True" />
          </Method>
        </Type>
        <Method Name=".ctor(CoffeeSpace.OrderingApi.Persistence.Abstractions.IOrderingDbContext):System.Void" CoveredStatements="4" TotalStatements="4" CoveragePercent="100">
          <Statement FileIndex="211" Line="12" Column="5" EndLine="12" EndColumn="65" Covered="True" />
          <Statement FileIndex="211" Line="13" Column="5" EndLine="13" EndColumn="6" Covered="True" />
          <Statement FileIndex="211" Line="14" Column="9" EndLine="14" EndColumn="48" Covered="True" />
          <Statement FileIndex="211" Line="15" Column="5" EndLine="15" EndColumn="6" Covered="True" />
        </Method>
        <Method Name="GetByEmailAsync(System.String,System.Threading.CancellationToken):System.Threading.Tasks.Task&lt;CoffeeSpace.Domain.Ordering.BuyerInfo.Buyer&gt;" CoveredStatements="4" TotalStatements="4" CoveragePercent="100">
          <Statement FileIndex="211" Line="31" Column="5" EndLine="31" EndColumn="6" Covered="True" />
          <Statement FileIndex="211" Line="32" Column="9" EndLine="38" EndColumn="84" Covered="True" />
          <Statement FileIndex="211" Line="40" Column="9" EndLine="40" EndColumn="22" Covered="True" />
          <Statement FileIndex="211" Line="41" Column="5" EndLine="41" EndColumn="6" Covered="True" />
        </Method>
        <Method Name="GetByIdAsync(System.String,System.Threading.CancellationToken):System.Threading.Tasks.Task&lt;CoffeeSpace.Domain.Ordering.BuyerInfo.Buyer&gt;" CoveredStatements="4" TotalStatements="4" CoveragePercent="100">
          <Statement FileIndex="211" Line="18" Column="5" EndLine="18" EndColumn="6" Covered="True" />
          <Statement FileIndex="211" Line="19" Column="9" EndLine="25" EndColumn="78" Covered="True" />
          <Statement FileIndex="211" Line="27" Column="9" EndLine="27" EndColumn="22" Covered="True" />
          <Statement FileIndex="211" Line="28" Column="5" EndLine="28" EndColumn="6" Covered="True" />
        </Method>
      </Type>
      <Type Name="OrderRepository" CoveredStatements="23" TotalStatements="29" CoveragePercent="79">
        <Type Name="&lt;CreateAsync&gt;d__4" CoveredStatements="5" TotalStatements="5" CoveragePercent="100">
          <Method Name="MoveNext():System.Void" CoveredStatements="5" TotalStatements="5" CoveragePercent="100">
            <Statement FileIndex="212" Line="45" Column="5" EndLine="45" EndColumn="6" Covered="True" />
            <Statement FileIndex="212" Line="46" Column="9" EndLine="46" EndColumn="76" Covered="True" />
            <Statement FileIndex="212" Line="47" Column="9" EndLine="47" EndColumn="83" Covered="True" />
            <Statement FileIndex="212" Line="49" Column="9" EndLine="49" EndColumn="27" Covered="True" />
            <Statement FileIndex="212" Line="50" Column="5" EndLine="50" EndColumn="6" Covered="True" />
          </Method>
        </Type>
        <Type Name="&lt;DeleteByIdAsync&gt;d__6" CoveredStatements="4" TotalStatements="4" CoveragePercent="100">
          <Method Name="MoveNext():System.Void" CoveredStatements="4" TotalStatements="4" CoveragePercent="100">
            <Statement FileIndex="212" Line="63" Column="5" EndLine="63" EndColumn="6" Covered="True" />
            <Statement FileIndex="212" Line="64" Column="9" EndLine="66" EndColumn="52" Covered="True" />
            <Statement FileIndex="212" Line="68" Column="9" EndLine="68" EndColumn="27" Covered="True" />
            <Statement FileIndex="212" Line="69" Column="5" EndLine="69" EndColumn="6" Covered="True" />
          </Method>
        </Type>
        <Type Name="&lt;GetAllByBuyerIdAsync&gt;d__2" CoveredStatements="6" TotalStatements="8" CoveragePercent="75">
          <Method Name="MoveNext():System.Void" CoveredStatements="6" TotalStatements="8" CoveragePercent="75">
            <Statement FileIndex="212" Line="18" Column="5" EndLine="18" EndColumn="6" Covered="True" />
            <Statement FileIndex="212" Line="19" Column="9" EndLine="19" EndColumn="87" Covered="True" />
            <Statement FileIndex="212" Line="20" Column="9" EndLine="20" EndColumn="25" Covered="True" />
            <Statement FileIndex="212" Line="21" Column="9" EndLine="21" EndColumn="10" Covered="False" />
            <Statement FileIndex="212" Line="22" Column="13" EndLine="22" EndColumn="46" Covered="False" />
            <Statement FileIndex="212" Line="25" Column="9" EndLine="29" EndColumn="45" Covered="True" />
            <Statement FileIndex="212" Line="31" Column="9" EndLine="31" EndColumn="23" Covered="True" />
            <Statement FileIndex="212" Line="32" Column="5" EndLine="32" EndColumn="6" Covered="True" />
          </Method>
        </Type>
        <Type Name="&lt;UpdateOrderStatusAsync&gt;d__5" CoveredStatements="0" TotalStatements="4" CoveragePercent="0">
          <Method Name="MoveNext():System.Void" CoveredStatements="0" TotalStatements="4" CoveragePercent="0">
            <Statement FileIndex="212" Line="53" Column="5" EndLine="53" EndColumn="6" Covered="False" />
            <Statement FileIndex="212" Line="54" Column="9" EndLine="57" EndColumn="86" Covered="False" />
            <Statement FileIndex="212" Line="59" Column="9" EndLine="59" EndColumn="27" Covered="False" />
            <Statement FileIndex="212" Line="60" Column="5" EndLine="60" EndColumn="6" Covered="False" />
          </Method>
        </Type>
        <Method Name=".ctor(CoffeeSpace.OrderingApi.Persistence.Abstractions.IOrderingDbContext):System.Void" CoveredStatements="4" TotalStatements="4" CoveragePercent="100">
          <Statement FileIndex="212" Line="12" Column="5" EndLine="12" EndColumn="65" Covered="True" />
          <Statement FileIndex="212" Line="13" Column="5" EndLine="13" EndColumn="6" Covered="True" />
          <Statement FileIndex="212" Line="14" Column="9" EndLine="14" EndColumn="48" Covered="True" />
          <Statement FileIndex="212" Line="15" Column="5" EndLine="15" EndColumn="6" Covered="True" />
        </Method>
        <Method Name="GetByIdAsync(System.String,System.Threading.CancellationToken):System.Threading.Tasks.Task&lt;CoffeeSpace.Domain.Ordering.Orders.Order&gt;" CoveredStatements="4" TotalStatements="4" CoveragePercent="100">
          <Statement FileIndex="212" Line="35" Column="5" EndLine="35" EndColumn="6" Covered="True" />
          <Statement FileIndex="212" Line="36" Column="9" EndLine="39" EndColumn="78" Covered="True" />
          <Statement FileIndex="212" Line="41" Column="9" EndLine="41" EndColumn="22" Covered="True" />
          <Statement FileIndex="212" Line="42" Column="5" EndLine="42" EndColumn="6" Covered="True" />
        </Method>
      </Type>
    </Namespace>
    <Namespace Name="CoffeeSpace.OrderingApi.Application.Services" CoveredStatements="64" TotalStatements="66" CoveragePercent="97">
      <Type Name="BuyerService" CoveredStatements="37" TotalStatements="39" CoveragePercent="95">
        <Type Name="&lt;CreateAsync&gt;d__5" CoveredStatements="4" TotalStatements="4" CoveragePercent="100">
          <Method Name="MoveNext():System.Void" CoveredStatements="4" TotalStatements="4" CoveragePercent="100">
            <Statement FileIndex="215" Line="33" Column="5" EndLine="33" EndColumn="6" Covered="True" />
            <Statement FileIndex="215" Line="34" Column="9" EndLine="34" EndColumn="87" Covered="True" />
            <Statement FileIndex="215" Line="35" Column="9" EndLine="35" EndColumn="26" Covered="True" />
            <Statement FileIndex="215" Line="36" Column="5" EndLine="36" EndColumn="6" Covered="True" />
          </Method>
        </Type>
        <Type Name="&lt;DeleteByIdAsync&gt;d__7" CoveredStatements="11" TotalStatements="13" CoveragePercent="85">
          <Method Name="MoveNext():System.Void" CoveredStatements="11" TotalStatements="13" CoveragePercent="85">
            <Statement FileIndex="215" Line="56" Column="5" EndLine="56" EndColumn="6" Covered="True" />
            <Statement FileIndex="215" Line="57" Column="9" EndLine="57" EndColumn="99" Covered="True" />
            <Statement FileIndex="215" Line="58" Column="9" EndLine="58" EndColumn="35" Covered="True" />
            <Statement FileIndex="215" Line="59" Column="9" EndLine="59" EndColumn="10" Covered="False" />
            <Statement FileIndex="215" Line="60" Column="13" EndLine="60" EndColumn="26" Covered="False" />
            <Statement FileIndex="215" Line="63" Column="9" EndLine="63" EndColumn="99" Covered="True" />
            <Statement FileIndex="215" Line="64" Column="9" EndLine="64" EndColumn="24" Covered="True" />
            <Statement FileIndex="215" Line="65" Column="9" EndLine="65" EndColumn="10" Covered="True" />
            <Statement FileIndex="215" Line="66" Column="13" EndLine="66" EndColumn="26" Covered="True" />
            <Statement FileIndex="215" Line="69" Column="9" EndLine="69" EndColumn="107" Covered="True" />
            <Statement FileIndex="215" Line="70" Column="9" EndLine="74" EndColumn="53" Covered="True" />
            <Statement FileIndex="215" Line="76" Column="9" EndLine="76" EndColumn="21" Covered="True" />
            <Statement FileIndex="215" Line="77" Column="5" EndLine="77" EndColumn="6" Covered="True" />
          </Method>
        </Type>
        <Type Name="&lt;UpdateAsync&gt;d__6" CoveredStatements="9" TotalStatements="9" CoveragePercent="100">
          <Method Name="MoveNext():System.Void" CoveredStatements="9" TotalStatements="9" CoveragePercent="100">
            <Statement FileIndex="215" Line="39" Column="5" EndLine="39" EndColumn="6" Covered="True" />
            <Statement FileIndex="215" Line="40" Column="9" EndLine="40" EndColumn="89" Covered="True" />
            <Statement FileIndex="215" Line="41" Column="9" EndLine="41" EndColumn="34" Covered="True" />
            <Statement FileIndex="215" Line="42" Column="9" EndLine="42" EndColumn="10" Covered="True" />
            <Statement FileIndex="215" Line="43" Column="13" EndLine="43" EndColumn="25" Covered="True" />
            <Statement FileIndex="215" Line="46" Column="9" EndLine="46" EndColumn="107" Covered="True" />
            <Statement FileIndex="215" Line="47" Column="9" EndLine="50" EndColumn="53" Covered="True" />
            <Statement FileIndex="215" Line="52" Column="9" EndLine="52" EndColumn="29" Covered="True" />
            <Statement FileIndex="215" Line="53" Column="5" EndLine="53" EndColumn="6" Covered="True" />
          </Method>
        </Type>
        <Method Name=".ctor(CoffeeSpace.OrderingApi.Application.Repositories.Abstractions.IBuyerRepository,MassTransit.ISendEndpointProvider):System.Void" CoveredStatements="5" TotalStatements="5" CoveragePercent="100">
          <Statement FileIndex="215" Line="14" Column="5" EndLine="14" EndColumn="102" Covered="True" />
          <Statement FileIndex="215" Line="15" Column="5" EndLine="15" EndColumn="6" Covered="True" />
          <Statement FileIndex="215" Line="16" Column="9" EndLine="16" EndColumn="44" Covered="True" />
          <Statement FileIndex="215" Line="17" Column="9" EndLine="17" EndColumn="54" Covered="True" />
          <Statement FileIndex="215" Line="18" Column="5" EndLine="18" EndColumn="6" Covered="True" />
        </Method>
        <Method Name="GetByEmailAsync(System.String,System.Threading.CancellationToken):System.Threading.Tasks.Task&lt;CoffeeSpace.Domain.Ordering.BuyerInfo.Buyer&gt;" CoveredStatements="4" TotalStatements="4" CoveragePercent="100">
          <Statement FileIndex="215" Line="27" Column="5" EndLine="27" EndColumn="6" Covered="True" />
          <Statement FileIndex="215" Line="28" Column="9" EndLine="28" EndColumn="80" Covered="True" />
          <Statement FileIndex="215" Line="29" Column="9" EndLine="29" EndColumn="22" Covered="True" />
          <Statement FileIndex="215" Line="30" Column="5" EndLine="30" EndColumn="6" Covered="True" />
        </Method>
        <Method Name="GetByIdAsync(System.Guid,System.Threading.CancellationToken):System.Threading.Tasks.Task&lt;CoffeeSpace.Domain.Ordering.BuyerInfo.Buyer&gt;" CoveredStatements="4" TotalStatements="4" CoveragePercent="100">
          <Statement FileIndex="215" Line="21" Column="5" EndLine="21" EndColumn="6" Covered="True" />
          <Statement FileIndex="215" Line="22" Column="9" EndLine="22" EndColumn="85" Covered="True" />
          <Statement FileIndex="215" Line="23" Column="9" EndLine="23" EndColumn="22" Covered="True" />
          <Statement FileIndex="215" Line="24" Column="5" EndLine="24" EndColumn="6" Covered="True" />
        </Method>
      </Type>
      <Type Name="OrderService" CoveredStatements="27" TotalStatements="27" CoveragePercent="100">
        <Type Name="&lt;CreateAsync&gt;d__6" CoveredStatements="9" TotalStatements="9" CoveragePercent="100">
          <Method Name="MoveNext():System.Void" CoveredStatements="9" TotalStatements="9" CoveragePercent="100">
            <Statement FileIndex="218" Line="39" Column="5" EndLine="39" EndColumn="6" Covered="True" />
            <Statement FileIndex="218" Line="40" Column="9" EndLine="40" EndColumn="87" Covered="True" />
            <Statement FileIndex="218" Line="41" Column="9" EndLine="41" EndColumn="24" Covered="True" />
            <Statement FileIndex="218" Line="42" Column="9" EndLine="42" EndColumn="10" Covered="True" />
            <Statement FileIndex="218" Line="43" Column="13" EndLine="43" EndColumn="30" Covered="True" />
            <Statement FileIndex="218" Line="46" Column="9" EndLine="46" EndColumn="107" Covered="True" />
            <Statement FileIndex="218" Line="47" Column="9" EndLine="50" EndColumn="53" Covered="True" />
            <Statement FileIndex="218" Line="52" Column="9" EndLine="52" EndColumn="26" Covered="True" />
            <Statement FileIndex="218" Line="53" Column="5" EndLine="53" EndColumn="6" Covered="True" />
          </Method>
        </Type>
        <Method Name=".ctor(CoffeeSpace.OrderingApi.Application.Repositories.Abstractions.IOrderRepository,MassTransit.IPublishEndpoint,Microsoft.AspNetCore.SignalR.IHubContext&lt;CoffeeSpace.OrderingApi.Application.SignalRHubs.OrderingHub,CoffeeSpace.OrderingApi.Application.SignalRHubs.Abstraction.IOrderingHub&gt;):System.Void" CoveredStatements="6" TotalStatements="6" CoveragePercent="100">
          <Statement FileIndex="218" Line="19" Column="5" EndLine="19" EndColumn="143" Covered="True" />
          <Statement FileIndex="218" Line="20" Column="5" EndLine="20" EndColumn="6" Covered="True" />
          <Statement FileIndex="218" Line="21" Column="9" EndLine="21" EndColumn="44" Covered="True" />
          <Statement FileIndex="218" Line="22" Column="9" EndLine="22" EndColumn="44" Covered="True" />
          <Statement FileIndex="218" Line="23" Column="9" EndLine="23" EndColumn="34" Covered="True" />
          <Statement FileIndex="218" Line="24" Column="5" EndLine="24" EndColumn="6" Covered="True" />
        </Method>
        <Method Name="DeleteByIdAsync(System.Guid,System.Guid,System.Threading.CancellationToken):System.Threading.Tasks.Task&lt;System.Boolean&gt;" CoveredStatements="4" TotalStatements="4" CoveragePercent="100">
          <Statement FileIndex="218" Line="56" Column="5" EndLine="56" EndColumn="6" Covered="True" />
          <Statement FileIndex="218" Line="57" Column="9" EndLine="57" EndColumn="92" Covered="True" />
          <Statement FileIndex="218" Line="58" Column="9" EndLine="58" EndColumn="26" Covered="True" />
          <Statement FileIndex="218" Line="59" Column="5" EndLine="59" EndColumn="6" Covered="True" />
        </Method>
        <Method Name="GetAllByBuyerIdAsync(System.Guid,System.Threading.CancellationToken):System.Threading.Tasks.Task&lt;System.Collections.Generic.IEnumerable&lt;CoffeeSpace.Domain.Ordering.Orders.Order&gt;&gt;" CoveredStatements="4" TotalStatements="4" CoveragePercent="100">
          <Statement FileIndex="218" Line="27" Column="5" EndLine="27" EndColumn="6" Covered="True" />
          <Statement FileIndex="218" Line="28" Column="9" EndLine="28" EndColumn="99" Covered="True" />
          <Statement FileIndex="218" Line="29" Column="9" EndLine="29" EndColumn="23" Covered="True" />
          <Statement FileIndex="218" Line="30" Column="5" EndLine="30" EndColumn="6" Covered="True" />
        </Method>
        <Method Name="GetByIdAsync(System.Guid,System.Guid,System.Threading.CancellationToken):System.Threading.Tasks.Task&lt;CoffeeSpace.Domain.Ordering.Orders.Order&gt;" CoveredStatements="4" TotalStatements="4" CoveragePercent="100">
          <Statement FileIndex="218" Line="33" Column="5" EndLine="33" EndColumn="6" Covered="True" />
          <Statement FileIndex="218" Line="34" Column="9" EndLine="34" EndColumn="85" Covered="True" />
          <Statement FileIndex="218" Line="35" Column="9" EndLine="35" EndColumn="22" Covered="True" />
          <Statement FileIndex="218" Line="36" Column="5" EndLine="36" EndColumn="6" Covered="True" />
        </Method>
      </Type>
    </Namespace>
    <Namespace Name="CoffeeSpace.OrderingApi.Application.Services.Decorators" CoveredStatements="80" TotalStatements="80" CoveragePercent="100">
      <Type Name="CachedBuyerService" CoveredStatements="44" TotalStatements="44" CoveragePercent="100">
        <Type Name="&lt;&gt;c__DisplayClass4_0" CoveredStatements="4" TotalStatements="4" CoveragePercent="100">
          <Method Name="&lt;GetByIdAsync&gt;b__0():System.Threading.Tasks.Task&lt;CoffeeSpace.Domain.Ordering.BuyerInfo.Buyer&gt;" CoveredStatements="4" TotalStatements="4" CoveragePercent="100">
            <Statement FileIndex="216" Line="28" Column="9" EndLine="28" EndColumn="10" Covered="True" />
            <Statement FileIndex="216" Line="29" Column="13" EndLine="29" EndColumn="75" Covered="True" />
            <Statement FileIndex="216" Line="30" Column="13" EndLine="30" EndColumn="26" Covered="True" />
            <Statement FileIndex="216" Line="31" Column="9" EndLine="31" EndColumn="10" Covered="True" />
          </Method>
        </Type>
        <Type Name="&lt;&gt;c__DisplayClass5_0" CoveredStatements="4" TotalStatements="4" CoveragePercent="100">
          <Method Name="&lt;GetByEmailAsync&gt;b__0():System.Threading.Tasks.Task&lt;CoffeeSpace.Domain.Ordering.BuyerInfo.Buyer&gt;" CoveredStatements="4" TotalStatements="4" CoveragePercent="100">
            <Statement FileIndex="216" Line="37" Column="9" EndLine="37" EndColumn="10" Covered="True" />
            <Statement FileIndex="216" Line="38" Column="13" EndLine="38" EndColumn="81" Covered="True" />
            <Statement FileIndex="216" Line="39" Column="13" EndLine="39" EndColumn="26" Covered="True" />
            <Statement FileIndex="216" Line="40" Column="9" EndLine="40" EndColumn="10" Covered="True" />
          </Method>
        </Type>
        <Type Name="&lt;CreateAsync&gt;d__6" CoveredStatements="8" TotalStatements="8" CoveragePercent="100">
          <Method Name="MoveNext():System.Void" CoveredStatements="8" TotalStatements="8" CoveragePercent="100">
            <Statement FileIndex="216" Line="44" Column="5" EndLine="44" EndColumn="6" Covered="True" />
            <Statement FileIndex="216" Line="45" Column="9" EndLine="45" EndColumn="84" Covered="True" />
            <Statement FileIndex="216" Line="46" Column="9" EndLine="46" EndColumn="23" Covered="True" />
            <Statement FileIndex="216" Line="47" Column="9" EndLine="47" EndColumn="10" Covered="True" />
            <Statement FileIndex="216" Line="48" Column="13" EndLine="52" EndColumn="57" Covered="True" />
            <Statement FileIndex="216" Line="53" Column="9" EndLine="53" EndColumn="10" Covered="True" />
            <Statement FileIndex="216" Line="55" Column="9" EndLine="55" EndColumn="26" Covered="True" />
            <Statement FileIndex="216" Line="56" Column="5" EndLine="56" EndColumn="6" Covered="True" />
          </Method>
        </Type>
        <Type Name="&lt;DeleteByIdAsync&gt;d__8" CoveredStatements="8" TotalStatements="8" CoveragePercent="100">
          <Method Name="MoveNext():System.Void" CoveredStatements="8" TotalStatements="8" CoveragePercent="100">
            <Statement FileIndex="216" Line="74" Column="5" EndLine="74" EndColumn="6" Covered="True" />
            <Statement FileIndex="216" Line="75" Column="9" EndLine="75" EndColumn="85" Covered="True" />
            <Statement FileIndex="216" Line="76" Column="9" EndLine="76" EndColumn="23" Covered="True" />
            <Statement FileIndex="216" Line="77" Column="9" EndLine="77" EndColumn="10" Covered="True" />
            <Statement FileIndex="216" Line="78" Column="13" EndLine="81" EndColumn="57" Covered="True" />
            <Statement FileIndex="216" Line="82" Column="9" EndLine="82" EndColumn="10" Covered="True" />
            <Statement FileIndex="216" Line="84" Column="9" EndLine="84" EndColumn="26" Covered="True" />
            <Statement FileIndex="216" Line="85" Column="5" EndLine="85" EndColumn="6" Covered="True" />
          </Method>
        </Type>
        <Type Name="&lt;UpdateAsync&gt;d__7" CoveredStatements="8" TotalStatements="8" CoveragePercent="100">
          <Method Name="MoveNext():System.Void" CoveredStatements="8" TotalStatements="8" CoveragePercent="100">
            <Statement FileIndex="216" Line="59" Column="5" EndLine="59" EndColumn="6" Covered="True" />
            <Statement FileIndex="216" Line="60" Column="9" EndLine="60" EndColumn="86" Covered="True" />
            <Statement FileIndex="216" Line="61" Column="9" EndLine="61" EndColumn="38" Covered="True" />
            <Statement FileIndex="216" Line="62" Column="9" EndLine="62" EndColumn="10" Covered="True" />
            <Statement FileIndex="216" Line="63" Column="13" EndLine="67" EndColumn="57" Covered="True" />
            <Statement FileIndex="216" Line="68" Column="9" EndLine="68" EndColumn="10" Covered="True" />
            <Statement FileIndex="216" Line="70" Column="9" EndLine="70" EndColumn="29" Covered="True" />
            <Statement FileIndex="216" Line="71" Column="5" EndLine="71" EndColumn="6" Covered="True" />
          </Method>
        </Type>
        <Method Name=".ctor(CoffeeSpace.Core.Services.Abstractions.ICacheService&lt;CoffeeSpace.Domain.Ordering.BuyerInfo.Buyer&gt;,CoffeeSpace.OrderingApi.Application.Services.Abstractions.IBuyerService,Mediator.IPublisher):System.Void" CoveredStatements="6" TotalStatements="6" CoveragePercent="100">
          <Statement FileIndex="216" Line="18" Column="5" EndLine="18" EndColumn="115" Covered="True" />
          <Statement FileIndex="216" Line="19" Column="5" EndLine="19" EndColumn="6" Covered="True" />
          <Statement FileIndex="216" Line="20" Column="9" EndLine="20" EndColumn="38" Covered="True" />
          <Statement FileIndex="216" Line="21" Column="9" EndLine="21" EndColumn="38" Covered="True" />
          <Statement FileIndex="216" Line="22" Column="9" EndLine="22" EndColumn="32" Covered="True" />
          <Statement FileIndex="216" Line="23" Column="5" EndLine="23" EndColumn="6" Covered="True" />
        </Method>
        <Method Name="GetByEmailAsync(System.String,System.Threading.CancellationToken):System.Threading.Tasks.Task&lt;CoffeeSpace.Domain.Ordering.BuyerInfo.Buyer&gt;" CoveredStatements="3" TotalStatements="3" CoveragePercent="100">
          <Statement FileIndex="216" Line="35" Column="5" EndLine="35" EndColumn="6" Covered="True" />
          <Statement FileIndex="216" Line="36" Column="9" EndLine="40" EndColumn="31" Covered="True" />
          <Statement FileIndex="216" Line="41" Column="5" EndLine="41" EndColumn="6" Covered="True" />
        </Method>
        <Method Name="GetByIdAsync(System.Guid,System.Threading.CancellationToken):System.Threading.Tasks.Task&lt;CoffeeSpace.Domain.Ordering.BuyerInfo.Buyer&gt;" CoveredStatements="3" TotalStatements="3" CoveragePercent="100">
          <Statement FileIndex="216" Line="26" Column="5" EndLine="26" EndColumn="6" Covered="True" />
          <Statement FileIndex="216" Line="27" Column="9" EndLine="31" EndColumn="31" Covered="True" />
          <Statement FileIndex="216" Line="32" Column="5" EndLine="32" EndColumn="6" Covered="True" />
        </Method>
      </Type>
      <Type Name="CachedOrderService" CoveredStatements="36" TotalStatements="36" CoveragePercent="100">
        <Type Name="&lt;&gt;c__DisplayClass4_0" CoveredStatements="4" TotalStatements="4" CoveragePercent="100">
          <Method Name="&lt;GetAllByBuyerIdAsync&gt;b__0():System.Threading.Tasks.Task&lt;System.Collections.Generic.IEnumerable&lt;CoffeeSpace.Domain.Ordering.Orders.Order&gt;&gt;" CoveredStatements="4" TotalStatements="4" CoveragePercent="100">
            <Statement FileIndex="217" Line="28" Column="9" EndLine="28" EndColumn="10" Covered="True" />
            <Statement FileIndex="217" Line="29" Column="13" EndLine="29" EndColumn="89" Covered="True" />
            <Statement FileIndex="217" Line="30" Column="13" EndLine="30" EndColumn="27" Covered="True" />
            <Statement FileIndex="217" Line="31" Column="9" EndLine="31" EndColumn="10" Covered="True" />
          </Method>
        </Type>
        <Type Name="&lt;&gt;c__DisplayClass5_0" CoveredStatements="4" TotalStatements="4" CoveragePercent="100">
          <Method Name="&lt;GetByIdAsync&gt;b__0():System.Threading.Tasks.Task&lt;CoffeeSpace.Domain.Ordering.Orders.Order&gt;" CoveredStatements="4" TotalStatements="4" CoveragePercent="100">
            <Statement FileIndex="217" Line="37" Column="9" EndLine="37" EndColumn="10" Covered="True" />
            <Statement FileIndex="217" Line="38" Column="13" EndLine="38" EndColumn="84" Covered="True" />
            <Statement FileIndex="217" Line="39" Column="13" EndLine="39" EndColumn="26" Covered="True" />
            <Statement FileIndex="217" Line="40" Column="9" EndLine="40" EndColumn="10" Covered="True" />
          </Method>
        </Type>
        <Type Name="&lt;CreateAsync&gt;d__6" CoveredStatements="8" TotalStatements="8" CoveragePercent="100">
          <Method Name="MoveNext():System.Void" CoveredStatements="8" TotalStatements="8" CoveragePercent="100">
            <Statement FileIndex="217" Line="45" Column="5" EndLine="45" EndColumn="6" Covered="True" />
            <Statement FileIndex="217" Line="46" Column="9" EndLine="46" EndColumn="84" Covered="True" />
            <Statement FileIndex="217" Line="47" Column="9" EndLine="47" EndColumn="23" Covered="True" />
            <Statement FileIndex="217" Line="48" Column="9" EndLine="48" EndColumn="10" Covered="True" />
            <Statement FileIndex="217" Line="49" Column="13" EndLine="53" EndColumn="57" Covered="True" />
            <Statement FileIndex="217" Line="54" Column="9" EndLine="54" EndColumn="10" Covered="True" />
            <Statement FileIndex="217" Line="56" Column="9" EndLine="56" EndColumn="26" Covered="True" />
            <Statement FileIndex="217" Line="57" Column="5" EndLine="57" EndColumn="6" Covered="True" />
          </Method>
        </Type>
        <Type Name="&lt;DeleteByIdAsync&gt;d__7" CoveredStatements="8" TotalStatements="8" CoveragePercent="100">
          <Method Name="MoveNext():System.Void" CoveredStatements="8" TotalStatements="8" CoveragePercent="100">
            <Statement FileIndex="217" Line="60" Column="5" EndLine="60" EndColumn="6" Covered="True" />
            <Statement FileIndex="217" Line="61" Column="9" EndLine="61" EndColumn="94" Covered="True" />
            <Statement FileIndex="217" Line="62" Column="9" EndLine="62" EndColumn="23" Covered="True" />
            <Statement FileIndex="217" Line="63" Column="9" EndLine="63" EndColumn="10" Covered="True" />
            <Statement FileIndex="217" Line="64" Column="13" EndLine="68" EndColumn="57" Covered="True" />
            <Statement FileIndex="217" Line="69" Column="9" EndLine="69" EndColumn="10" Covered="True" />
            <Statement FileIndex="217" Line="71" Column="9" EndLine="71" EndColumn="26" Covered="True" />
            <Statement FileIndex="217" Line="73" Column="5" EndLine="73" EndColumn="6" Covered="True" />
          </Method>
        </Type>
        <Method Name=".ctor(CoffeeSpace.Core.Services.Abstractions.ICacheService&lt;CoffeeSpace.Domain.Ordering.Orders.Order&gt;,CoffeeSpace.OrderingApi.Application.Services.Abstractions.IOrderService,Mediator.IPublisher):System.Void" CoveredStatements="6" TotalStatements="6" CoveragePercent="100">
          <Statement FileIndex="217" Line="18" Column="5" EndLine="18" EndColumn="115" Covered="True" />
          <Statement FileIndex="217" Line="19" Column="5" EndLine="19" EndColumn="6" Covered="True" />
          <Statement FileIndex="217" Line="20" Column="9" EndLine="20" EndColumn="38" Covered="True" />
          <Statement FileIndex="217" Line="21" Column="9" EndLine="21" EndColumn="38" Covered="True" />
          <Statement FileIndex="217" Line="22" Column="9" EndLine="22" EndColumn="32" Covered="True" />
          <Statement FileIndex="217" Line="23" Column="5" EndLine="23" EndColumn="6" Covered="True" />
        </Method>
        <Method Name="GetAllByBuyerIdAsync(System.Guid,System.Threading.CancellationToken):System.Threading.Tasks.Task&lt;System.Collections.Generic.IEnumerable&lt;CoffeeSpace.Domain.Ordering.Orders.Order&gt;&gt;" CoveredStatements="3" TotalStatements="3" CoveragePercent="100">
          <Statement FileIndex="217" Line="26" Column="5" EndLine="26" EndColumn="6" Covered="True" />
          <Statement FileIndex="217" Line="27" Column="9" EndLine="31" EndColumn="31" Covered="True" />
          <Statement FileIndex="217" Line="32" Column="5" EndLine="32" EndColumn="6" Covered="True" />
        </Method>
        <Method Name="GetByIdAsync(System.Guid,System.Guid,System.Threading.CancellationToken):System.Threading.Tasks.Task&lt;CoffeeSpace.Domain.Ordering.Orders.Order&gt;" CoveredStatements="3" TotalStatements="3" CoveragePercent="100">
          <Statement FileIndex="217" Line="35" Column="5" EndLine="35" EndColumn="6" Covered="True" />
          <Statement FileIndex="217" Line="36" Column="9" EndLine="40" EndColumn="31" Covered="True" />
          <Statement FileIndex="217" Line="42" Column="5" EndLine="42" EndColumn="6" Covered="True" />
        </Method>
      </Type>
    </Namespace>
    <Namespace Name="CoffeeSpace.OrderingApi.Application.SignalRHubs" CoveredStatements="0" TotalStatements="6" CoveragePercent="0">
      <Type Name="OrderingHub" CoveredStatements="0" TotalStatements="6" CoveragePercent="0">
        <Type Name="&lt;JoinGroup&gt;d__0" CoveredStatements="0" TotalStatements="3" CoveragePercent="0">
          <Method Name="MoveNext():System.Void" CoveredStatements="0" TotalStatements="3" CoveragePercent="0">
            <Statement FileIndex="220" Line="9" Column="5" EndLine="9" EndColumn="6" Covered="False" />
            <Statement FileIndex="220" Line="10" Column="9" EndLine="10" EndColumn="71" Covered="False" />
            <Statement FileIndex="220" Line="11" Column="5" EndLine="11" EndColumn="6" Covered="False" />
          </Method>
        </Type>
        <Type Name="&lt;LeaveGroup&gt;d__1" CoveredStatements="0" TotalStatements="3" CoveragePercent="0">
          <Method Name="MoveNext():System.Void" CoveredStatements="0" TotalStatements="3" CoveragePercent="0">
            <Statement FileIndex="220" Line="14" Column="5" EndLine="14" EndColumn="6" Covered="False" />
            <Statement FileIndex="220" Line="15" Column="9" EndLine="15" EndColumn="76" Covered="False" />
            <Statement FileIndex="220" Line="16" Column="5" EndLine="16" EndColumn="6" Covered="False" />
          </Method>
        </Type>
      </Type>
    </Namespace>
    <Namespace Name="CoffeeSpace.OrderingApi.Application.Validators.Buyers" CoveredStatements="17" TotalStatements="17" CoveragePercent="100">
      <Type Name="BuyerResponseValidator" CoveredStatements="6" TotalStatements="6" CoveragePercent="100">
        <Method Name=".ctor():System.Void" CoveredStatements="6" TotalStatements="6" CoveragePercent="100">
          <Statement FileIndex="221" Line="8" Column="5" EndLine="8" EndColumn="36" Covered="True" />
          <Statement FileIndex="221" Line="9" Column="5" EndLine="9" EndColumn="6" Covered="True" />
          <Statement FileIndex="221" Line="10" Column="9" EndLine="12" EndColumn="25" Covered="True" />
          <Statement FileIndex="221" Line="14" Column="9" EndLine="16" EndColumn="25" Covered="True" />
          <Statement FileIndex="221" Line="18" Column="9" EndLine="21" EndColumn="29" Covered="True" />
          <Statement FileIndex="221" Line="22" Column="5" EndLine="22" EndColumn="6" Covered="True" />
        </Method>
      </Type>
      <Type Name="CreateBuyerRequestValidator" CoveredStatements="5" TotalStatements="5" CoveragePercent="100">
        <Method Name=".ctor():System.Void" CoveredStatements="5" TotalStatements="5" CoveragePercent="100">
          <Statement FileIndex="222" Line="8" Column="5" EndLine="8" EndColumn="41" Covered="True" />
          <Statement FileIndex="222" Line="9" Column="5" EndLine="9" EndColumn="6" Covered="True" />
          <Statement FileIndex="222" Line="10" Column="9" EndLine="12" EndColumn="25" Covered="True" />
          <Statement FileIndex="222" Line="14" Column="9" EndLine="17" EndColumn="29" Covered="True" />
          <Statement FileIndex="222" Line="18" Column="5" EndLine="18" EndColumn="6" Covered="True" />
        </Method>
      </Type>
      <Type Name="UpdateBuyerRequestValidator" CoveredStatements="6" TotalStatements="6" CoveragePercent="100">
        <Method Name=".ctor():System.Void" CoveredStatements="6" TotalStatements="6" CoveragePercent="100">
          <Statement FileIndex="223" Line="8" Column="5" EndLine="8" EndColumn="41" Covered="True" />
          <Statement FileIndex="223" Line="9" Column="5" EndLine="9" EndColumn="6" Covered="True" />
          <Statement FileIndex="223" Line="10" Column="9" EndLine="11" EndColumn="22" Covered="True" />
          <Statement FileIndex="223" Line="13" Column="9" EndLine="15" EndColumn="25" Covered="True" />
          <Statement FileIndex="223" Line="17" Column="9" EndLine="20" EndColumn="29" Covered="True" />
          <Statement FileIndex="223" Line="21" Column="5" EndLine="21" EndColumn="6" Covered="True" />
        </Method>
      </Type>
    </Namespace>
    <Namespace Name="CoffeeSpace.OrderingApi.Application.Validators.Orders" CoveredStatements="24" TotalStatements="24" CoveragePercent="100">
      <Type Name="CreateOrderRequestValidator" CoveredStatements="8" TotalStatements="8" CoveragePercent="100">
        <Method Name=".ctor():System.Void" CoveredStatements="8" TotalStatements="8" CoveragePercent="100">
          <Statement FileIndex="225" Line="8" Column="5" EndLine="8" EndColumn="41" Covered="True" />
          <Statement FileIndex="225" Line="9" Column="5" EndLine="9" EndColumn="6" Covered="True" />
          <Statement FileIndex="225" Line="10" Column="9" EndLine="11" EndColumn="22" Covered="True" />
          <Statement FileIndex="225" Line="13" Column="9" EndLine="15" EndColumn="25" Covered="True" />
          <Statement FileIndex="225" Line="17" Column="9" EndLine="18" EndColumn="25" Covered="True" />
          <Statement FileIndex="225" Line="20" Column="9" EndLine="22" EndColumn="24" Covered="True" />
          <Statement FileIndex="225" Line="24" Column="9" EndLine="26" EndColumn="53" Covered="True" />
          <Statement FileIndex="225" Line="27" Column="5" EndLine="27" EndColumn="6" Covered="True" />
        </Method>
      </Type>
      <Type Name="OrderItemValidator" CoveredStatements="8" TotalStatements="8" CoveragePercent="100">
        <Method Name=".ctor():System.Void" CoveredStatements="8" TotalStatements="8" CoveragePercent="100">
          <Statement FileIndex="226" Line="8" Column="5" EndLine="8" EndColumn="32" Covered="True" />
          <Statement FileIndex="226" Line="9" Column="5" EndLine="9" EndColumn="6" Covered="True" />
          <Statement FileIndex="226" Line="10" Column="9" EndLine="12" EndColumn="24" Covered="True" />
          <Statement FileIndex="226" Line="14" Column="9" EndLine="16" EndColumn="24" Covered="True" />
          <Statement FileIndex="226" Line="18" Column="9" EndLine="20" EndColumn="35" Covered="True" />
          <Statement FileIndex="226" Line="22" Column="9" EndLine="26" EndColumn="27" Covered="True" />
          <Statement FileIndex="226" Line="28" Column="9" EndLine="31" EndColumn="29" Covered="True" />
          <Statement FileIndex="226" Line="32" Column="5" EndLine="32" EndColumn="6" Covered="True" />
        </Method>
      </Type>
      <Type Name="OrderResponseValidator" CoveredStatements="8" TotalStatements="8" CoveragePercent="100">
        <Method Name=".ctor():System.Void" CoveredStatements="8" TotalStatements="8" CoveragePercent="100">
          <Statement FileIndex="227" Line="8" Column="5" EndLine="8" EndColumn="36" Covered="True" />
          <Statement FileIndex="227" Line="9" Column="5" EndLine="9" EndColumn="6" Covered="True" />
          <Statement FileIndex="227" Line="10" Column="9" EndLine="12" EndColumn="25" Covered="True" />
          <Statement FileIndex="227" Line="14" Column="9" EndLine="16" EndColumn="25" Covered="True" />
          <Statement FileIndex="227" Line="18" Column="9" EndLine="19" EndColumn="25" Covered="True" />
          <Statement FileIndex="227" Line="21" Column="9" EndLine="23" EndColumn="24" Covered="True" />
          <Statement FileIndex="227" Line="25" Column="9" EndLine="27" EndColumn="53" Covered="True" />
          <Statement FileIndex="227" Line="28" Column="5" EndLine="28" EndColumn="6" Covered="True" />
        </Method>
      </Type>
    </Namespace>
    <Namespace Name="CoffeeSpace.OrderingApi.Controllers" CoveredStatements="48" TotalStatements="48" CoveragePercent="100">
      <Type Name="BuyersController" CoveredStatements="25" TotalStatements="25" CoveragePercent="100">
        <Type Name="&lt;CreateBuyer&gt;d__4" CoveredStatements="5" TotalStatements="5" CoveragePercent="100">
          <Method Name="MoveNext():System.Void" CoveredStatements="5" TotalStatements="5" CoveragePercent="100">
            <Statement FileIndex="228" Line="42" Column="5" EndLine="42" EndColumn="6" Covered="True" />
            <Statement FileIndex="228" Line="43" Column="9" EndLine="43" EndColumn="39" Covered="True" />
            <Statement FileIndex="228" Line="44" Column="9" EndLine="44" EndColumn="82" Covered="True" />
            <Statement FileIndex="228" Line="46" Column="9" EndLine="48" EndColumn="28" Covered="True" />
            <Statement FileIndex="228" Line="49" Column="5" EndLine="49" EndColumn="6" Covered="True" />
          </Method>
        </Type>
        <Type Name="&lt;DeleteBuyerById&gt;d__6" CoveredStatements="4" TotalStatements="4" CoveragePercent="100">
          <Method Name="MoveNext():System.Void" CoveredStatements="4" TotalStatements="4" CoveragePercent="100">
            <Statement FileIndex="228" Line="62" Column="5" EndLine="62" EndColumn="6" Covered="True" />
            <Statement FileIndex="228" Line="63" Column="9" EndLine="63" EndColumn="91" Covered="True" />
            <Statement FileIndex="228" Line="64" Column="9" EndLine="66" EndColumn="26" Covered="True" />
            <Statement FileIndex="228" Line="67" Column="5" EndLine="67" EndColumn="6" Covered="True" />
          </Method>
        </Type>
        <Type Name="&lt;GetBuyerByEmail&gt;d__3" CoveredStatements="4" TotalStatements="4" CoveragePercent="100">
          <Method Name="MoveNext():System.Void" CoveredStatements="4" TotalStatements="4" CoveragePercent="100">
            <Statement FileIndex="228" Line="33" Column="5" EndLine="33" EndColumn="6" Covered="True" />
            <Statement FileIndex="228" Line="34" Column="9" EndLine="34" EndColumn="91" Covered="True" />
            <Statement FileIndex="228" Line="35" Column="9" EndLine="37" EndColumn="26" Covered="True" />
            <Statement FileIndex="228" Line="38" Column="5" EndLine="38" EndColumn="6" Covered="True" />
          </Method>
        </Type>
        <Type Name="&lt;GetBuyerById&gt;d__2" CoveredStatements="4" TotalStatements="4" CoveragePercent="100">
          <Method Name="MoveNext():System.Void" CoveredStatements="4" TotalStatements="4" CoveragePercent="100">
            <Statement FileIndex="228" Line="24" Column="5" EndLine="24" EndColumn="6" Covered="True" />
            <Statement FileIndex="228" Line="25" Column="9" EndLine="25" EndColumn="85" Covered="True" />
            <Statement FileIndex="228" Line="26" Column="9" EndLine="28" EndColumn="26" Covered="True" />
            <Statement FileIndex="228" Line="29" Column="5" EndLine="29" EndColumn="6" Covered="True" />
          </Method>
        </Type>
        <Type Name="&lt;UpdateBuyer&gt;d__5" CoveredStatements="4" TotalStatements="4" CoveragePercent="100">
          <Method Name="MoveNext():System.Void" CoveredStatements="4" TotalStatements="4" CoveragePercent="100">
            <Statement FileIndex="228" Line="53" Column="5" EndLine="53" EndColumn="6" Covered="True" />
            <Statement FileIndex="228" Line="54" Column="9" EndLine="54" EndColumn="100" Covered="True" />
            <Statement FileIndex="228" Line="55" Column="9" EndLine="57" EndColumn="26" Covered="True" />
            <Statement FileIndex="228" Line="58" Column="5" EndLine="58" EndColumn="6" Covered="True" />
          </Method>
        </Type>
        <Method Name=".ctor(CoffeeSpace.OrderingApi.Application.Services.Abstractions.IBuyerService):System.Void" CoveredStatements="4" TotalStatements="4" CoveragePercent="100">
          <Statement FileIndex="228" Line="17" Column="5" EndLine="17" EndColumn="56" Covered="True" />
          <Statement FileIndex="228" Line="18" Column="5" EndLine="18" EndColumn="6" Covered="True" />
          <Statement FileIndex="228" Line="19" Column="9" EndLine="19" EndColumn="38" Covered="True" />
          <Statement FileIndex="228" Line="20" Column="5" EndLine="20" EndColumn="6" Covered="True" />
        </Method>
      </Type>
      <Type Name="OrdersController" CoveredStatements="23" TotalStatements="23" CoveragePercent="100">
        <Type Name="&lt;&gt;c" CoveredStatements="1" TotalStatements="1" CoveragePercent="100">
          <Method Name="&lt;GetAllOrdersByBuyerId&gt;b__2_0(CoffeeSpace.Domain.Ordering.Orders.Order):CoffeeSpace.OrderingApi.Application.Contracts.Responses.Orders.OrderResponse" CoveredStatements="1" TotalStatements="1" CoveragePercent="100">
            <Statement FileIndex="229" Line="27" Column="43" EndLine="27" EndColumn="57" Covered="True" />
          </Method>
        </Type>
        <Type Name="&lt;CreateOrder&gt;d__4" CoveredStatements="5" TotalStatements="5" CoveragePercent="100">
          <Method Name="MoveNext():System.Void" CoveredStatements="5" TotalStatements="5" CoveragePercent="100">
            <Statement FileIndex="229" Line="43" Column="5" EndLine="43" EndColumn="6" Covered="True" />
            <Statement FileIndex="229" Line="44" Column="9" EndLine="44" EndColumn="46" Covered="True" />
            <Statement FileIndex="229" Line="45" Column="9" EndLine="45" EndColumn="82" Covered="True" />
            <Statement FileIndex="229" Line="47" Column="9" EndLine="49" EndColumn="28" Covered="True" />
            <Statement FileIndex="229" Line="50" Column="5" EndLine="50" EndColumn="6" Covered="True" />
          </Method>
        </Type>
        <Type Name="&lt;DeleteOrder&gt;d__5" CoveredStatements="4" TotalStatements="4" CoveragePercent="100">
          <Method Name="MoveNext():System.Void" CoveredStatements="4" TotalStatements="4" CoveragePercent="100">
            <Statement FileIndex="229" Line="54" Column="5" EndLine="54" EndColumn="6" Covered="True" />
            <Statement FileIndex="229" Line="55" Column="9" EndLine="55" EndColumn="108" Covered="True" />
            <Statement FileIndex="229" Line="56" Column="9" EndLine="58" EndColumn="26" Covered="True" />
            <Statement FileIndex="229" Line="59" Column="5" EndLine="59" EndColumn="6" Covered="True" />
          </Method>
        </Type>
        <Type Name="&lt;GetAllOrdersByBuyerId&gt;d__2" CoveredStatements="5" TotalStatements="5" CoveragePercent="100">
          <Method Name="MoveNext():System.Void" CoveredStatements="5" TotalStatements="5" CoveragePercent="100">
            <Statement FileIndex="229" Line="25" Column="5" EndLine="25" EndColumn="6" Covered="True" />
            <Statement FileIndex="229" Line="26" Column="9" EndLine="26" EndColumn="99" Covered="True" />
            <Statement FileIndex="229" Line="27" Column="9" EndLine="27" EndColumn="59" Covered="True" />
            <Statement FileIndex="229" Line="29" Column="9" EndLine="29" EndColumn="29" Covered="True" />
            <Statement FileIndex="229" Line="30" Column="5" EndLine="30" EndColumn="6" Covered="True" />
          </Method>
        </Type>
        <Type Name="&lt;GetOrderByBuyerId&gt;d__3" CoveredStatements="4" TotalStatements="4" CoveragePercent="100">
          <Method Name="MoveNext():System.Void" CoveredStatements="4" TotalStatements="4" CoveragePercent="100">
            <Statement FileIndex="229" Line="34" Column="5" EndLine="34" EndColumn="6" Covered="True" />
            <Statement FileIndex="229" Line="35" Column="9" EndLine="35" EndColumn="102" Covered="True" />
            <Statement FileIndex="229" Line="36" Column="9" EndLine="38" EndColumn="26" Covered="True" />
            <Statement FileIndex="229" Line="39" Column="5" EndLine="39" EndColumn="6" Covered="True" />
          </Method>
        </Type>
        <Method Name=".ctor(CoffeeSpace.OrderingApi.Application.Services.Abstractions.IOrderService):System.Void" CoveredStatements="4" TotalStatements="4" CoveragePercent="100">
          <Statement FileIndex="229" Line="18" Column="5" EndLine="18" EndColumn="56" Covered="True" />
          <Statement FileIndex="229" Line="19" Column="5" EndLine="19" EndColumn="6" Covered="True" />
          <Statement FileIndex="229" Line="20" Column="9" EndLine="20" EndColumn="38" Covered="True" />
          <Statement FileIndex="229" Line="21" Column="5" EndLine="21" EndColumn="6" Covered="True" />
        </Method>
      </Type>
    </Namespace>
    <Type Name="Program" CoveredStatements="59" TotalStatements="71" CoveragePercent="83">
      <Type Name="&lt;&gt;c" CoveredStatements="24" TotalStatements="32" CoveragePercent="75">
        <Method Name="&lt;&lt;Main&gt;$&gt;b__0_0(Microsoft.Extensions.Hosting.HostBuilderContext,Serilog.LoggerConfiguration):System.Void" CoveredStatements="1" TotalStatements="1" CoveragePercent="100">
          <Statement FileIndex="257" Line="29" Column="5" EndLine="30" EndColumn="43" Covered="True" />
        </Method>
        <Method Name="&lt;&lt;Main&gt;$&gt;b__0_2(Microsoft.AspNetCore.Cors.Infrastructure.CorsOptions):System.Void" CoveredStatements="1" TotalStatements="1" CoveragePercent="100">
          <Statement FileIndex="257" Line="65" Column="37" EndLine="69" EndColumn="66" Covered="True" />
        </Method>
        <Method Name="&lt;&lt;Main&gt;$&gt;b__0_3(Quartz.IServiceCollectionQuartzConfigurator):System.Void" CoveredStatements="6" TotalStatements="6" CoveragePercent="100">
          <Statement FileIndex="257" Line="72" Column="1" EndLine="72" EndColumn="2" Covered="True" />
          <Statement FileIndex="257" Line="73" Column="5" EndLine="73" EndColumn="51" Covered="True" />
          <Statement FileIndex="257" Line="74" Column="5" EndLine="74" EndColumn="26" Covered="True" />
          <Statement FileIndex="257" Line="76" Column="5" EndLine="76" EndColumn="46" Covered="True" />
          <Statement FileIndex="257" Line="77" Column="5" EndLine="77" EndColumn="30" Covered="True" />
          <Statement FileIndex="257" Line="78" Column="1" EndLine="78" EndColumn="2" Covered="True" />
        </Method>
        <Method Name="&lt;&lt;Main&gt;$&gt;b__0_4(MassTransit.IBusRegistrationConfigurator):System.Void" CoveredStatements="9" TotalStatements="9" CoveragePercent="100">
          <Statement FileIndex="257" Line="81" Column="1" EndLine="81" EndColumn="2" Covered="True" />
          <Statement FileIndex="257" Line="82" Column="5" EndLine="82" EndColumn="54" Covered="True" />
          <Statement FileIndex="257" Line="83" Column="5" EndLine="83" EndColumn="82" Covered="True" />
          <Statement FileIndex="257" Line="85" Column="5" EndLine="85" EndColumn="39" Covered="True" />
          <Statement FileIndex="257" Line="86" Column="5" EndLine="86" EndColumn="47" Covered="True" />
          <Statement FileIndex="257" Line="88" Column="5" EndLine="88" EndColumn="124" Covered="True" />
          <Statement FileIndex="257" Line="89" Column="5" EndLine="96" EndColumn="12" Covered="True" />
          <Statement FileIndex="257" Line="98" Column="5" EndLine="113" EndColumn="8" Covered="True" />
          <Statement FileIndex="257" Line="114" Column="1" EndLine="114" EndColumn="2" Covered="True" />
        </Method>
        <Method Name="&lt;&lt;Main&gt;$&gt;b__0_5(Microsoft.AspNetCore.Cors.Infrastructure.CorsPolicyBuilder):System.Void" CoveredStatements="1" TotalStatements="1" CoveragePercent="100">
          <Statement FileIndex="257" Line="66" Column="5" EndLine="69" EndColumn="65" Covered="True" />
        </Method>
        <Method Name="&lt;&lt;Main&gt;$&gt;b__0_6(MassTransit.IEntityFrameworkOutboxConfigurator):System.Void" CoveredStatements="1" TotalStatements="1" CoveragePercent="100">
          <Statement FileIndex="257" Line="88" Column="90" EndLine="88" EndColumn="122" Covered="True" />
        </Method>
        <Method Name="&lt;&lt;Main&gt;$&gt;b__0_7(MassTransit.IEntityFrameworkSagaRepositoryConfigurator&lt;CoffeeSpace.OrderingApi.Application.Messaging.Masstransit.Sagas.OrderStateInstance&gt;):System.Void" CoveredStatements="5" TotalStatements="5" CoveragePercent="100">
          <Statement FileIndex="257" Line="91" Column="9" EndLine="91" EndColumn="10" Covered="True" />
          <Statement FileIndex="257" Line="92" Column="13" EndLine="92" EndColumn="81" Covered="True" />
          <Statement FileIndex="257" Line="94" Column="13" EndLine="94" EndColumn="50" Covered="True" />
          <Statement FileIndex="257" Line="95" Column="13" EndLine="95" EndColumn="81" Covered="True" />
          <Statement FileIndex="257" Line="96" Column="9" EndLine="96" EndColumn="10" Covered="True" />
        </Method>
        <Method Name="&lt;&lt;Main&gt;$&gt;b__0_8(MassTransit.IBusRegistrationContext,MassTransit.IAmazonSqsBusFactoryConfigurator):System.Void" CoveredStatements="0" TotalStatements="8" CoveragePercent="0">
          <Statement FileIndex="257" Line="99" Column="5" EndLine="99" EndColumn="6" Covered="False" />
          <Statement FileIndex="257" Line="100" Column="9" EndLine="100" EndColumn="103" Covered="False" />
          <Statement FileIndex="257" Line="101" Column="9" EndLine="105" EndColumn="12" Covered="False" />
          <Statement FileIndex="257" Line="107" Column="9" EndLine="107" EndColumn="45" Covered="False" />
          <Statement FileIndex="257" Line="109" Column="9" EndLine="109" EndColumn="46" Covered="False" />
          <Statement FileIndex="257" Line="110" Column="9" EndLine="110" EndColumn="48" Covered="False" />
          <Statement FileIndex="257" Line="112" Column="9" EndLine="112" EndColumn="44" Covered="False" />
          <Statement FileIndex="257" Line="113" Column="5" EndLine="113" EndColumn="6" Covered="False" />
        </Method>
      </Type>
      <Type Name="&lt;&gt;c__DisplayClass0_0" CoveredStatements="1" TotalStatements="1" CoveragePercent="100">
        <Method Name="&lt;&lt;Main&gt;$&gt;b__1(Microsoft.Extensions.Caching.StackExchangeRedis.RedisCacheOptions):System.Void" CoveredStatements="1" TotalStatements="1" CoveragePercent="100">
          <Statement FileIndex="257" Line="38" Column="50" EndLine="38" EndColumn="115" Covered="True" />
        </Method>
      </Type>
      <Type Name="&lt;&gt;c__DisplayClass0_1" CoveredStatements="0" TotalStatements="4" CoveragePercent="0">
        <Method Name="&lt;&lt;Main&gt;$&gt;b__9(MassTransit.IAmazonSqsHostConfigurator):System.Void" CoveredStatements="0" TotalStatements="4" CoveragePercent="0">
          <Statement FileIndex="257" Line="102" Column="9" EndLine="102" EndColumn="10" Covered="False" />
          <Statement FileIndex="257" Line="103" Column="13" EndLine="103" EndColumn="66" Covered="False" />
          <Statement FileIndex="257" Line="104" Column="13" EndLine="104" EndColumn="66" Covered="False" />
          <Statement FileIndex="257" Line="105" Column="9" EndLine="105" EndColumn="10" Covered="False" />
        </Method>
      </Type>
      <Method Name="&lt;Main&gt;$(System.String[]):System.Void" CoveredStatements="34" TotalStatements="34" CoveragePercent="100">
        <Statement FileIndex="257" Line="23" Column="1" EndLine="23" EndColumn="50" Covered="True" />
        <Statement FileIndex="257" Line="25" Column="1" EndLine="25" EndColumn="42" Covered="True" />
        <Statement FileIndex="257" Line="26" Column="1" EndLine="26" EndColumn="45" Covered="True" />
        <Statement FileIndex="257" Line="28" Column="1" EndLine="30" EndColumn="45" Covered="True" />
        <Statement FileIndex="257" Line="32" Column="1" EndLine="32" EndColumn="49" Covered="True" />
        <Statement FileIndex="257" Line="34" Column="1" EndLine="34" EndColumn="35" Covered="True" />
        <Statement FileIndex="257" Line="35" Column="1" EndLine="35" EndColumn="32" Covered="True" />
        <Statement FileIndex="257" Line="37" Column="1" EndLine="37" EndColumn="81" Covered="True" />
        <Statement FileIndex="257" Line="38" Column="1" EndLine="38" EndColumn="117" Covered="True" />
        <Statement FileIndex="257" Line="40" Column="1" EndLine="40" EndColumn="129" Covered="True" />
        <Statement FileIndex="257" Line="41" Column="1" EndLine="41" EndColumn="121" Covered="True" />
        <Statement FileIndex="257" Line="43" Column="1" EndLine="43" EndColumn="65" Covered="True" />
        <Statement FileIndex="257" Line="45" Column="1" EndLine="45" EndColumn="57" Covered="True" />
        <Statement FileIndex="257" Line="46" Column="1" EndLine="46" EndColumn="60" Covered="True" />
        <Statement FileIndex="257" Line="48" Column="1" EndLine="48" EndColumn="57" Covered="True" />
        <Statement FileIndex="257" Line="49" Column="1" EndLine="49" EndColumn="60" Covered="True" />
        <Statement FileIndex="257" Line="51" Column="1" EndLine="51" EndColumn="64" Covered="True" />
        <Statement FileIndex="257" Line="52" Column="1" EndLine="52" EndColumn="64" Covered="True" />
        <Statement FileIndex="257" Line="54" Column="1" EndLine="56" EndColumn="24" Covered="True" />
        <Statement FileIndex="257" Line="58" Column="1" EndLine="60" EndColumn="24" Covered="True" />
        <Statement FileIndex="257" Line="62" Column="1" EndLine="63" EndColumn="115" Covered="True" />
        <Statement FileIndex="257" Line="65" Column="1" EndLine="69" EndColumn="68" Covered="True" />
        <Statement FileIndex="257" Line="71" Column="1" EndLine="78" EndColumn="4" Covered="True" />
        <Statement FileIndex="257" Line="80" Column="1" EndLine="114" EndColumn="4" Covered="True" />
        <Statement FileIndex="257" Line="116" Column="1" EndLine="116" EndColumn="50" Covered="True" />
        <Statement FileIndex="257" Line="118" Column="1" EndLine="118" EndColumn="27" Covered="True" />
        <Statement FileIndex="257" Line="120" Column="1" EndLine="120" EndColumn="32" Covered="True" />
        <Statement FileIndex="257" Line="121" Column="1" EndLine="121" EndColumn="33" Covered="True" />
        <Statement FileIndex="257" Line="123" Column="1" EndLine="123" EndColumn="15" Covered="True" />
        <Statement FileIndex="257" Line="124" Column="1" EndLine="124" EndColumn="25" Covered="True" />
        <Statement FileIndex="257" Line="125" Column="1" EndLine="125" EndColumn="24" Covered="True" />
        <Statement FileIndex="257" Line="127" Column="1" EndLine="127" EndColumn="22" Covered="True" />
        <Statement FileIndex="257" Line="128" Column="1" EndLine="128" EndColumn="41" Covered="True" />
        <Statement FileIndex="257" Line="130" Column="1" EndLine="130" EndColumn="11" Covered="True" />
      </Method>
    </Type>
  </Assembly>
  <Assembly Name="CoffeeSpace.PaymentService" CoveredStatements="51" TotalStatements="264" CoveragePercent="19">
    <Namespace Name="CoffeeSpace.PaymentService.Consumers" CoveredStatements="9" TotalStatements="13" CoveragePercent="69">
      <Type Name="OrderPaymentValidationConsumer" CoveredStatements="9" TotalStatements="13" CoveragePercent="69">
        <Type Name="&lt;Consume&gt;d__3" CoveredStatements="4" TotalStatements="8" CoveragePercent="50">
          <Method Name="MoveNext():System.Void" CoveredStatements="4" TotalStatements="8" CoveragePercent="50">
            <Statement FileIndex="79" Line="20" Column="5" EndLine="20" EndColumn="6" Covered="True" />
            <Statement FileIndex="79" Line="21" Column="9" EndLine="21" EndColumn="117" Covered="True" />
            <Statement FileIndex="79" Line="22" Column="9" EndLine="22" EndColumn="34" Covered="True" />
            <Statement FileIndex="79" Line="23" Column="9" EndLine="23" EndColumn="10" Covered="False" />
            <Statement FileIndex="79" Line="24" Column="13" EndLine="24" EndColumn="85" Covered="False" />
            <Statement FileIndex="79" Line="25" Column="13" EndLine="25" EndColumn="20" Covered="False" />
            <Statement FileIndex="79" Line="28" Column="9" EndLine="33" EndColumn="12" Covered="True" />
            <Statement FileIndex="79" Line="34" Column="5" EndLine="34" EndColumn="6" Covered="False" />
          </Method>
        </Type>
        <Method Name=".ctor(CoffeeSpace.PaymentService.Services.Abstractions.IPaymentService,MassTransit.IPublishEndpoint):System.Void" CoveredStatements="5" TotalStatements="5" CoveragePercent="100">
          <Statement FileIndex="79" Line="13" Column="5" EndLine="13" EndColumn="108" Covered="True" />
          <Statement FileIndex="79" Line="14" Column="5" EndLine="14" EndColumn="6" Covered="True" />
          <Statement FileIndex="79" Line="15" Column="9" EndLine="15" EndColumn="42" Covered="True" />
          <Statement FileIndex="79" Line="16" Column="9" EndLine="16" EndColumn="44" Covered="True" />
          <Statement FileIndex="79" Line="17" Column="5" EndLine="17" EndColumn="6" Covered="True" />
        </Method>
      </Type>
    </Namespace>
    <Namespace Name="CoffeeSpace.PaymentService.Contracts.Requests" CoveredStatements="0" TotalStatements="6" CoveragePercent="0">
      <Type Name="CapturePaypalPaymentRequest" CoveredStatements="0" TotalStatements="2" CoveragePercent="0">
        <Method Name="get_Token():System.String" CoveredStatements="0" TotalStatements="1" CoveragePercent="0">
          <Statement FileIndex="80" Line="5" Column="36" EndLine="5" EndColumn="40" Covered="False" />
        </Method>
        <Method Name="set_Token(System.String):System.Void" CoveredStatements="0" TotalStatements="1" CoveragePercent="0">
          <Statement FileIndex="80" Line="5" Column="41" EndLine="5" EndColumn="46" Covered="False" />
        </Method>
      </Type>
      <Type Name="GetPaypalOrderByOrderIdRequest" CoveredStatements="0" TotalStatements="2" CoveragePercent="0">
        <Method Name="get_OrderId():System.String" CoveredStatements="0" TotalStatements="1" CoveragePercent="0">
          <Statement FileIndex="81" Line="5" Column="38" EndLine="5" EndColumn="42" Covered="False" />
        </Method>
        <Method Name="set_OrderId(System.String):System.Void" CoveredStatements="0" TotalStatements="1" CoveragePercent="0">
          <Statement FileIndex="81" Line="5" Column="43" EndLine="5" EndColumn="48" Covered="False" />
        </Method>
      </Type>
      <Type Name="GetPaypalOrderByPaypalOrderIdRequest" CoveredStatements="0" TotalStatements="2" CoveragePercent="0">
        <Method Name="get_PaypalOrderId():System.String" CoveredStatements="0" TotalStatements="1" CoveragePercent="0">
          <Statement FileIndex="82" Line="5" Column="44" EndLine="5" EndColumn="48" Covered="False" />
        </Method>
        <Method Name="set_PaypalOrderId(System.String):System.Void" CoveredStatements="0" TotalStatements="1" CoveragePercent="0">
          <Statement FileIndex="82" Line="5" Column="49" EndLine="5" EndColumn="54" Covered="False" />
        </Method>
      </Type>
    </Namespace>
    <Namespace Name="CoffeeSpace.PaymentService.Contracts.Responses" CoveredStatements="0" TotalStatements="8" CoveragePercent="0">
      <Type Name="PaypalOrderInformationResponse" CoveredStatements="0" TotalStatements="8" CoveragePercent="0">
        <Method Name="get_ApplicationOrderId():System.String" CoveredStatements="0" TotalStatements="1" CoveragePercent="0">
          <Statement FileIndex="83" Line="9" Column="49" EndLine="9" EndColumn="53" Covered="False" />
        </Method>
        <Method Name="get_Id():System.String" CoveredStatements="0" TotalStatements="1" CoveragePercent="0">
          <Statement FileIndex="83" Line="7" Column="33" EndLine="7" EndColumn="37" Covered="False" />
        </Method>
        <Method Name="get_PaypalOrder():PayPalCheckoutSdk.Orders.Order" CoveredStatements="0" TotalStatements="1" CoveragePercent="0">
          <Statement FileIndex="83" Line="13" Column="41" EndLine="13" EndColumn="45" Covered="False" />
        </Method>
        <Method Name="get_PaypalOrderId():System.String" CoveredStatements="0" TotalStatements="1" CoveragePercent="0">
          <Statement FileIndex="83" Line="11" Column="44" EndLine="11" EndColumn="48" Covered="False" />
        </Method>
        <Method Name="set_ApplicationOrderId(System.String):System.Void" CoveredStatements="0" TotalStatements="1" CoveragePercent="0">
          <Statement FileIndex="83" Line="9" Column="54" EndLine="9" EndColumn="59" Covered="False" />
        </Method>
        <Method Name="set_Id(System.String):System.Void" CoveredStatements="0" TotalStatements="1" CoveragePercent="0">
          <Statement FileIndex="83" Line="7" Column="38" EndLine="7" EndColumn="43" Covered="False" />
        </Method>
        <Method Name="set_PaypalOrder(PayPalCheckoutSdk.Orders.Order):System.Void" CoveredStatements="0" TotalStatements="1" CoveragePercent="0">
          <Statement FileIndex="83" Line="13" Column="46" EndLine="13" EndColumn="51" Covered="False" />
        </Method>
        <Method Name="set_PaypalOrderId(System.String):System.Void" CoveredStatements="0" TotalStatements="1" CoveragePercent="0">
          <Statement FileIndex="83" Line="11" Column="49" EndLine="11" EndColumn="54" Covered="False" />
        </Method>
      </Type>
    </Namespace>
    <Namespace Name="CoffeeSpace.PaymentService.Endpoints" CoveredStatements="0" TotalStatements="16" CoveragePercent="0">
      <Type Name="CapturePaypalPaymentEndpoint" CoveredStatements="0" TotalStatements="8" CoveragePercent="0">
        <Type Name="&lt;ExecuteAsync&gt;d__2" CoveredStatements="0" TotalStatements="4" CoveragePercent="0">
          <Method Name="MoveNext():System.Void" CoveredStatements="0" TotalStatements="4" CoveragePercent="0">
            <Statement FileIndex="84" Line="23" Column="5" EndLine="23" EndColumn="6" Covered="False" />
            <Statement FileIndex="84" Line="24" Column="9" EndLine="24" EndColumn="92" Covered="False" />
            <Statement FileIndex="84" Line="25" Column="9" EndLine="27" EndColumn="41" Covered="False" />
            <Statement FileIndex="84" Line="28" Column="5" EndLine="28" EndColumn="6" Covered="False" />
          </Method>
        </Type>
        <Method Name=".ctor(CoffeeSpace.PaymentService.Services.Abstractions.IPaymentService):System.Void" CoveredStatements="0" TotalStatements="4" CoveragePercent="0">
          <Statement FileIndex="84" Line="17" Column="5" EndLine="17" EndColumn="72" Covered="False" />
          <Statement FileIndex="84" Line="18" Column="5" EndLine="18" EndColumn="6" Covered="False" />
          <Statement FileIndex="84" Line="19" Column="9" EndLine="19" EndColumn="42" Covered="False" />
          <Statement FileIndex="84" Line="20" Column="5" EndLine="20" EndColumn="6" Covered="False" />
        </Method>
      </Type>
      <Type Name="GetPaypalOrderByOrderIdEndpoint" CoveredStatements="0" TotalStatements="8" CoveragePercent="0">
        <Type Name="&lt;ExecuteAsync&gt;d__2" CoveredStatements="0" TotalStatements="4" CoveragePercent="0">
          <Method Name="MoveNext():System.Void" CoveredStatements="0" TotalStatements="4" CoveragePercent="0">
            <Statement FileIndex="85" Line="21" Column="5" EndLine="21" EndColumn="6" Covered="False" />
            <Statement FileIndex="85" Line="22" Column="9" EndLine="22" EndColumn="107" Covered="False" />
            <Statement FileIndex="85" Line="23" Column="9" EndLine="25" EndColumn="39" Covered="False" />
            <Statement FileIndex="85" Line="26" Column="5" EndLine="26" EndColumn="6" Covered="False" />
          </Method>
        </Type>
        <Method Name=".ctor(CoffeeSpace.PaymentService.Services.Abstractions.IPaymentService):System.Void" CoveredStatements="0" TotalStatements="4" CoveragePercent="0">
          <Statement FileIndex="85" Line="15" Column="5" EndLine="15" EndColumn="75" Covered="False" />
          <Statement FileIndex="85" Line="16" Column="5" EndLine="16" EndColumn="6" Covered="False" />
          <Statement FileIndex="85" Line="17" Column="9" EndLine="17" EndColumn="42" Covered="False" />
          <Statement FileIndex="85" Line="18" Column="5" EndLine="18" EndColumn="6" Covered="False" />
        </Method>
      </Type>
    </Namespace>
    <Namespace Name="CoffeeSpace.PaymentService.Extensions" CoveredStatements="0" TotalStatements="31" CoveragePercent="0">
      <Type Name="HealthChecksExtensions" CoveredStatements="0" TotalStatements="3" CoveragePercent="0">
        <Method Name="AddServiceHealthChecks(Microsoft.Extensions.DependencyInjection.IServiceCollection,Microsoft.AspNetCore.Builder.WebApplicationBuilder):Microsoft.Extensions.DependencyInjection.IHealthChecksBuilder" CoveredStatements="0" TotalStatements="3" CoveragePercent="0">
          <Statement FileIndex="86" Line="6" Column="5" EndLine="6" EndColumn="6" Covered="False" />
          <Statement FileIndex="86" Line="7" Column="9" EndLine="9" EndColumn="112" Covered="False" />
          <Statement FileIndex="86" Line="10" Column="5" EndLine="10" EndColumn="6" Covered="False" />
        </Method>
      </Type>
      <Type Name="PayPalOrderRequestBuilder" CoveredStatements="0" TotalStatements="28" CoveragePercent="0">
        <Type Name="&lt;&gt;c" CoveredStatements="0" TotalStatements="2" CoveragePercent="0">
          <Method Name="&lt;WithPurchaseUnits&gt;b__3_0(CoffeeSpace.Domain.Ordering.Orders.OrderItem):System.Single" CoveredStatements="0" TotalStatements="1" CoveragePercent="0">
            <Statement FileIndex="87" Line="34" Column="60" EndLine="34" EndColumn="75" Covered="False" />
          </Method>
          <Method Name="&lt;WithPurchaseUnits&gt;b__3_1(CoffeeSpace.Domain.Ordering.Orders.OrderItem):PayPalCheckoutSdk.Orders.Item" CoveredStatements="0" TotalStatements="1" CoveragePercent="0">
            <Statement FileIndex="87" Line="54" Column="52" EndLine="65" EndColumn="14" Covered="False" />
          </Method>
        </Type>
        <Method Name=".ctor():System.Void" CoveredStatements="0" TotalStatements="4" CoveragePercent="0">
          <Statement FileIndex="87" Line="12" Column="5" EndLine="12" EndColumn="39" Covered="False" />
          <Statement FileIndex="87" Line="13" Column="5" EndLine="13" EndColumn="6" Covered="False" />
          <Statement FileIndex="87" Line="14" Column="9" EndLine="14" EndColumn="44" Covered="False" />
          <Statement FileIndex="87" Line="15" Column="5" EndLine="15" EndColumn="6" Covered="False" />
        </Method>
        <Method Name="Build():PayPalCheckoutSdk.Orders.OrderRequest" CoveredStatements="0" TotalStatements="3" CoveragePercent="0">
          <Statement FileIndex="87" Line="98" Column="5" EndLine="98" EndColumn="6" Covered="False" />
          <Statement FileIndex="87" Line="99" Column="9" EndLine="99" EndColumn="30" Covered="False" />
          <Statement FileIndex="87" Line="100" Column="5" EndLine="100" EndColumn="6" Covered="False" />
        </Method>
        <Method Name="WithAddress(CoffeeSpace.Domain.Ordering.Orders.Address):CoffeeSpace.PaymentService.Extensions.PayPalOrderRequestBuilder" CoveredStatements="0" TotalStatements="8" CoveragePercent="0">
          <Statement FileIndex="87" Line="73" Column="5" EndLine="73" EndColumn="6" Covered="False" />
          <Statement FileIndex="87" Line="74" Column="9" EndLine="74" EndColumn="61" Covered="False" />
          <Statement FileIndex="87" Line="75" Column="9" EndLine="75" EndColumn="10" Covered="False" />
          <Statement FileIndex="87" Line="76" Column="13" EndLine="76" EndColumn="25" Covered="False" />
          <Statement FileIndex="87" Line="79" Column="9" EndLine="91" EndColumn="11" Covered="False" />
          <Statement FileIndex="87" Line="93" Column="9" EndLine="93" EndColumn="72" Covered="False" />
          <Statement FileIndex="87" Line="94" Column="9" EndLine="94" EndColumn="21" Covered="False" />
          <Statement FileIndex="87" Line="95" Column="5" EndLine="95" EndColumn="6" Covered="False" />
        </Method>
        <Method Name="WithDefaultContext():CoffeeSpace.PaymentService.Extensions.PayPalOrderRequestBuilder" CoveredStatements="0" TotalStatements="5" CoveragePercent="0">
          <Statement FileIndex="87" Line="18" Column="5" EndLine="18" EndColumn="6" Covered="False" />
          <Statement FileIndex="87" Line="19" Column="9" EndLine="19" EndColumn="86" Covered="False" />
          <Statement FileIndex="87" Line="20" Column="9" EndLine="28" EndColumn="11" Covered="False" />
          <Statement FileIndex="87" Line="29" Column="9" EndLine="29" EndColumn="21" Covered="False" />
          <Statement FileIndex="87" Line="30" Column="5" EndLine="30" EndColumn="6" Covered="False" />
        </Method>
        <Method Name="WithPurchaseUnits(System.Collections.Generic.ICollection&lt;CoffeeSpace.Domain.Ordering.Orders.OrderItem&gt;):CoffeeSpace.PaymentService.Extensions.PayPalOrderRequestBuilder" CoveredStatements="0" TotalStatements="6" CoveragePercent="0">
          <Statement FileIndex="87" Line="33" Column="5" EndLine="33" EndColumn="6" Covered="False" />
          <Statement FileIndex="87" Line="34" Column="9" EndLine="34" EndColumn="91" Covered="False" />
          <Statement FileIndex="87" Line="35" Column="9" EndLine="66" EndColumn="11" Covered="False" />
          <Statement FileIndex="87" Line="68" Column="9" EndLine="68" EndColumn="93" Covered="False" />
          <Statement FileIndex="87" Line="69" Column="9" EndLine="69" EndColumn="21" Covered="False" />
          <Statement FileIndex="87" Line="70" Column="5" EndLine="70" EndColumn="6" Covered="False" />
        </Method>
      </Type>
    </Namespace>
    <Namespace Name="CoffeeSpace.PaymentService.Mappers" CoveredStatements="0" TotalStatements="3" CoveragePercent="0">
      <Type Name="PaypalOrderInformationMapper" CoveredStatements="0" TotalStatements="3" CoveragePercent="0">
        <Method Name="ToPaypalOrderInformation(PayPalCheckoutSdk.Orders.Order,CoffeeSpace.Domain.Ordering.Orders.Order):CoffeeSpace.PaymentService.Models.PaypalOrderInformation" CoveredStatements="0" TotalStatements="3" CoveragePercent="0">
          <Statement FileIndex="90" Line="9" Column="5" EndLine="9" EndColumn="6" Covered="False" />
          <Statement FileIndex="90" Line="10" Column="9" EndLine="17" EndColumn="11" Covered="False" />
          <Statement FileIndex="90" Line="18" Column="5" EndLine="18" EndColumn="6" Covered="False" />
        </Method>
      </Type>
    </Namespace>
    <Namespace Name="CoffeeSpace.PaymentService.Messages.Commands" CoveredStatements="2" TotalStatements="4" CoveragePercent="50">
      <Type Name="CapturePaypalOrderCommand" CoveredStatements="1" TotalStatements="2" CoveragePercent="50">
        <Method Name="get_PaypalPaymentId():System.String" CoveredStatements="0" TotalStatements="1" CoveragePercent="0">
          <Statement FileIndex="92" Line="7" Column="46" EndLine="7" EndColumn="50" Covered="False" />
        </Method>
        <Method Name="set_PaypalPaymentId(System.String):System.Void" CoveredStatements="1" TotalStatements="1" CoveragePercent="100">
          <Statement FileIndex="92" Line="7" Column="51" EndLine="7" EndColumn="56" Covered="True" />
        </Method>
      </Type>
      <Type Name="CreatePaypalOrderCommand" CoveredStatements="1" TotalStatements="2" CoveragePercent="50">
        <Method Name="get_ApplicationOrder():CoffeeSpace.Domain.Ordering.Orders.Order" CoveredStatements="0" TotalStatements="1" CoveragePercent="0">
          <Statement FileIndex="93" Line="7" Column="46" EndLine="7" EndColumn="50" Covered="False" />
        </Method>
        <Method Name="set_ApplicationOrder(CoffeeSpace.Domain.Ordering.Orders.Order):System.Void" CoveredStatements="1" TotalStatements="1" CoveragePercent="100">
          <Statement FileIndex="93" Line="7" Column="51" EndLine="7" EndColumn="56" Covered="True" />
        </Method>
      </Type>
    </Namespace>
    <Namespace Name="CoffeeSpace.PaymentService.Messages.Commands.Handlers" CoveredStatements="0" TotalStatements="36" CoveragePercent="0">
      <Type Name="CapturePaypalOrderCommandHandler" CoveredStatements="0" TotalStatements="18" CoveragePercent="0">
        <Type Name="&lt;Handle&gt;d__2" CoveredStatements="0" TotalStatements="12" CoveragePercent="0">
          <Method Name="MoveNext():System.Void" CoveredStatements="0" TotalStatements="12" CoveragePercent="0">
            <Statement FileIndex="94" Line="23" Column="5" EndLine="23" EndColumn="6" Covered="False" />
            <Statement FileIndex="94" Line="24" Column="9" EndLine="24" EndColumn="73" Covered="False" />
            <Statement FileIndex="94" Line="25" Column="9" EndLine="25" EndColumn="52" Covered="False" />
            <Statement FileIndex="94" Line="27" Column="9" EndLine="27" EndColumn="49" Covered="False" />
            <Statement FileIndex="94" Line="28" Column="9" EndLine="28" EndColumn="42" Covered="False" />
            <Statement FileIndex="94" Line="30" Column="9" EndLine="30" EndColumn="65" Covered="False" />
            <Statement FileIndex="94" Line="31" Column="9" EndLine="31" EndColumn="63" Covered="False" />
            <Statement FileIndex="94" Line="32" Column="9" EndLine="32" EndColumn="10" Covered="False" />
            <Statement FileIndex="94" Line="33" Column="13" EndLine="33" EndColumn="25" Covered="False" />
            <Statement FileIndex="94" Line="36" Column="9" EndLine="36" EndColumn="55" Covered="False" />
            <Statement FileIndex="94" Line="37" Column="9" EndLine="37" EndColumn="31" Covered="False" />
            <Statement FileIndex="94" Line="38" Column="5" EndLine="38" EndColumn="6" Covered="False" />
          </Method>
        </Type>
        <Method Name=".ctor(Microsoft.Extensions.Options.IOptions&lt;CoffeeSpace.PaymentService.Settings.PaypalAuthenticationSettings&gt;):System.Void" CoveredStatements="0" TotalStatements="6" CoveragePercent="0">
          <Statement FileIndex="94" Line="14" Column="5" EndLine="14" EndColumn="97" Covered="False" />
          <Statement FileIndex="94" Line="15" Column="5" EndLine="15" EndColumn="6" Covered="False" />
          <Statement FileIndex="94" Line="16" Column="9" EndLine="16" EndColumn="53" Covered="False" />
          <Statement FileIndex="94" Line="17" Column="9" EndLine="17" EndColumn="119" Covered="False" />
          <Statement FileIndex="94" Line="19" Column="9" EndLine="19" EndColumn="70" Covered="False" />
          <Statement FileIndex="94" Line="20" Column="5" EndLine="20" EndColumn="6" Covered="False" />
        </Method>
      </Type>
      <Type Name="CreatePaypalOrderCommandHandler" CoveredStatements="0" TotalStatements="18" CoveragePercent="0">
        <Type Name="&lt;Handle&gt;d__2" CoveredStatements="0" TotalStatements="12" CoveragePercent="0">
          <Method Name="MoveNext():System.Void" CoveredStatements="0" TotalStatements="12" CoveragePercent="0">
            <Statement FileIndex="95" Line="24" Column="5" EndLine="24" EndColumn="6" Covered="False" />
            <Statement FileIndex="95" Line="25" Column="9" EndLine="25" EndColumn="49" Covered="False" />
            <Statement FileIndex="95" Line="26" Column="9" EndLine="30" EndColumn="22" Covered="False" />
            <Statement FileIndex="95" Line="32" Column="9" EndLine="32" EndColumn="64" Covered="False" />
            <Statement FileIndex="95" Line="33" Column="9" EndLine="33" EndColumn="42" Covered="False" />
            <Statement FileIndex="95" Line="35" Column="9" EndLine="35" EndColumn="65" Covered="False" />
            <Statement FileIndex="95" Line="36" Column="9" EndLine="36" EndColumn="63" Covered="False" />
            <Statement FileIndex="95" Line="37" Column="9" EndLine="37" EndColumn="10" Covered="False" />
            <Statement FileIndex="95" Line="38" Column="13" EndLine="38" EndColumn="25" Covered="False" />
            <Statement FileIndex="95" Line="41" Column="9" EndLine="41" EndColumn="53" Covered="False" />
            <Statement FileIndex="95" Line="42" Column="9" EndLine="42" EndColumn="29" Covered="False" />
            <Statement FileIndex="95" Line="43" Column="5" EndLine="43" EndColumn="6" Covered="False" />
          </Method>
        </Type>
        <Method Name=".ctor(Microsoft.Extensions.Options.IOptions&lt;CoffeeSpace.PaymentService.Settings.PaypalAuthenticationSettings&gt;):System.Void" CoveredStatements="0" TotalStatements="6" CoveragePercent="0">
          <Statement FileIndex="95" Line="15" Column="5" EndLine="15" EndColumn="96" Covered="False" />
          <Statement FileIndex="95" Line="16" Column="5" EndLine="16" EndColumn="6" Covered="False" />
          <Statement FileIndex="95" Line="17" Column="9" EndLine="17" EndColumn="53" Covered="False" />
          <Statement FileIndex="95" Line="18" Column="9" EndLine="18" EndColumn="119" Covered="False" />
          <Statement FileIndex="95" Line="20" Column="9" EndLine="20" EndColumn="70" Covered="False" />
          <Statement FileIndex="95" Line="21" Column="5" EndLine="21" EndColumn="6" Covered="False" />
        </Method>
      </Type>
    </Namespace>
    <Namespace Name="CoffeeSpace.PaymentService.Messages.Notifications" CoveredStatements="0" TotalStatements="2" CoveragePercent="0">
      <Type Name="OrderPaymentCapturedNotification" CoveredStatements="0" TotalStatements="2" CoveragePercent="0">
        <Method Name="get_CapturedPaypalOrderId():System.String" CoveredStatements="0" TotalStatements="1" CoveragePercent="0">
          <Statement FileIndex="97" Line="7" Column="52" EndLine="7" EndColumn="56" Covered="False" />
        </Method>
        <Method Name="set_CapturedPaypalOrderId(System.String):System.Void" CoveredStatements="0" TotalStatements="1" CoveragePercent="0">
          <Statement FileIndex="97" Line="7" Column="57" EndLine="7" EndColumn="62" Covered="False" />
        </Method>
      </Type>
    </Namespace>
    <Namespace Name="CoffeeSpace.PaymentService.Messages.Notifications.Handlers" CoveredStatements="0" TotalStatements="10" CoveragePercent="0">
      <Type Name="OrderPaymentCapturedNotificationHandler" CoveredStatements="0" TotalStatements="10" CoveragePercent="0">
        <Type Name="&lt;&gt;c__DisplayClass3_0" CoveredStatements="0" TotalStatements="1" CoveragePercent="0">
          <Method Name="&lt;Handle&gt;b__0(MassTransit.PublishContext&lt;CoffeeSpace.Messages.Ordering.Responses.OrderPaymentSuccess&gt;):System.Void" CoveredStatements="0" TotalStatements="1" CoveragePercent="0">
            <Statement FileIndex="96" Line="28" Column="23" EndLine="28" EndColumn="75" Covered="False" />
          </Method>
        </Type>
        <Type Name="&lt;Handle&gt;d__3" CoveredStatements="0" TotalStatements="4" CoveragePercent="0">
          <Method Name="MoveNext():System.Void" CoveredStatements="0" TotalStatements="4" CoveragePercent="0">
            <Statement FileIndex="96" Line="22" Column="5" EndLine="22" EndColumn="6" Covered="False" />
            <Statement FileIndex="96" Line="23" Column="9" EndLine="23" EndColumn="127" Covered="False" />
            <Statement FileIndex="96" Line="24" Column="9" EndLine="28" EndColumn="96" Covered="False" />
            <Statement FileIndex="96" Line="29" Column="5" EndLine="29" EndColumn="6" Covered="False" />
          </Method>
        </Type>
        <Method Name=".ctor(MassTransit.IPublishEndpoint,CoffeeSpace.Core.Services.Abstractions.ICacheService&lt;CoffeeSpace.Domain.Ordering.Orders.Order&gt;):System.Void" CoveredStatements="0" TotalStatements="5" CoveragePercent="0">
          <Statement FileIndex="96" Line="15" Column="5" EndLine="15" EndColumn="119" Covered="False" />
          <Statement FileIndex="96" Line="16" Column="5" EndLine="16" EndColumn="6" Covered="False" />
          <Statement FileIndex="96" Line="17" Column="9" EndLine="17" EndColumn="44" Covered="False" />
          <Statement FileIndex="96" Line="18" Column="9" EndLine="18" EndColumn="34" Covered="False" />
          <Statement FileIndex="96" Line="19" Column="5" EndLine="19" EndColumn="6" Covered="False" />
        </Method>
      </Type>
    </Namespace>
    <Namespace Name="CoffeeSpace.PaymentService.Messages.PipelineBehaviours" CoveredStatements="0" TotalStatements="30" CoveragePercent="0">
      <Type Name="CapturePaypalOrderPipelineBehaviour" CoveredStatements="0" TotalStatements="14" CoveragePercent="0">
        <Type Name="&lt;Handle&gt;d__3" CoveredStatements="0" TotalStatements="9" CoveragePercent="0">
          <Method Name="MoveNext():System.Void" CoveredStatements="0" TotalStatements="9" CoveragePercent="0">
            <Statement FileIndex="98" Line="22" Column="5" EndLine="22" EndColumn="6" Covered="False" />
            <Statement FileIndex="98" Line="23" Column="9" EndLine="23" EndColumn="74" Covered="False" />
            <Statement FileIndex="98" Line="24" Column="9" EndLine="24" EndColumn="41" Covered="False" />
            <Statement FileIndex="98" Line="25" Column="9" EndLine="25" EndColumn="10" Covered="False" />
            <Statement FileIndex="98" Line="26" Column="13" EndLine="26" EndColumn="25" Covered="False" />
            <Statement FileIndex="98" Line="29" Column="9" EndLine="29" EndColumn="130" Covered="False" />
            <Statement FileIndex="98" Line="30" Column="9" EndLine="33" EndColumn="31" Covered="False" />
            <Statement FileIndex="98" Line="35" Column="9" EndLine="35" EndColumn="36" Covered="False" />
            <Statement FileIndex="98" Line="36" Column="5" EndLine="36" EndColumn="6" Covered="False" />
          </Method>
        </Type>
        <Method Name=".ctor(CoffeeSpace.PaymentService.Repositories.Abstractions.IPaymentRepository,Mediator.ISender,Mediator.IPublisher):System.Void" CoveredStatements="0" TotalStatements="5" CoveragePercent="0">
          <Statement FileIndex="98" Line="14" Column="5" EndLine="14" EndColumn="123" Covered="False" />
          <Statement FileIndex="98" Line="15" Column="5" EndLine="15" EndColumn="6" Covered="False" />
          <Statement FileIndex="98" Line="16" Column="9" EndLine="16" EndColumn="48" Covered="False" />
          <Statement FileIndex="98" Line="17" Column="9" EndLine="17" EndColumn="32" Covered="False" />
          <Statement FileIndex="98" Line="18" Column="5" EndLine="18" EndColumn="6" Covered="False" />
        </Method>
      </Type>
      <Type Name="CreateOrderInformationPipelineBehaviour" CoveredStatements="0" TotalStatements="16" CoveragePercent="0">
        <Type Name="&lt;Handle&gt;d__3" CoveredStatements="0" TotalStatements="11" CoveragePercent="0">
          <Method Name="MoveNext():System.Void" CoveredStatements="0" TotalStatements="11" CoveragePercent="0">
            <Statement FileIndex="99" Line="23" Column="5" EndLine="23" EndColumn="6" Covered="False" />
            <Statement FileIndex="99" Line="24" Column="9" EndLine="24" EndColumn="73" Covered="False" />
            <Statement FileIndex="99" Line="25" Column="9" EndLine="25" EndColumn="40" Covered="False" />
            <Statement FileIndex="99" Line="26" Column="9" EndLine="26" EndColumn="10" Covered="False" />
            <Statement FileIndex="99" Line="27" Column="13" EndLine="27" EndColumn="25" Covered="False" />
            <Statement FileIndex="99" Line="30" Column="9" EndLine="30" EndColumn="57" Covered="False" />
            <Statement FileIndex="99" Line="31" Column="9" EndLine="31" EndColumn="100" Covered="False" />
            <Statement FileIndex="99" Line="33" Column="9" EndLine="33" EndColumn="140" Covered="False" />
            <Statement FileIndex="99" Line="34" Column="9" EndLine="34" EndColumn="96" Covered="False" />
            <Statement FileIndex="99" Line="36" Column="9" EndLine="36" EndColumn="35" Covered="False" />
            <Statement FileIndex="99" Line="37" Column="5" EndLine="37" EndColumn="6" Covered="False" />
          </Method>
        </Type>
        <Method Name=".ctor(CoffeeSpace.PaymentService.Repositories.Abstractions.IPaymentRepository,CoffeeSpace.Core.Services.Abstractions.ICacheService&lt;PayPalCheckoutSdk.Orders.Order&gt;):System.Void" CoveredStatements="0" TotalStatements="5" CoveragePercent="0">
          <Statement FileIndex="99" Line="16" Column="5" EndLine="16" EndColumn="124" Covered="False" />
          <Statement FileIndex="99" Line="17" Column="5" EndLine="17" EndColumn="6" Covered="False" />
          <Statement FileIndex="99" Line="18" Column="9" EndLine="18" EndColumn="48" Covered="False" />
          <Statement FileIndex="99" Line="19" Column="9" EndLine="19" EndColumn="38" Covered="False" />
          <Statement FileIndex="99" Line="20" Column="5" EndLine="20" EndColumn="6" Covered="False" />
        </Method>
      </Type>
    </Namespace>
    <Namespace Name="CoffeeSpace.PaymentService.Messages.Queries" CoveredStatements="1" TotalStatements="2" CoveragePercent="50">
      <Type Name="GetPaypalOrderInformationByOrderIdQuery" CoveredStatements="1" TotalStatements="2" CoveragePercent="50">
        <Method Name="get_Id():System.String" CoveredStatements="0" TotalStatements="1" CoveragePercent="0">
          <Statement FileIndex="101" Line="8" Column="33" EndLine="8" EndColumn="37" Covered="False" />
        </Method>
        <Method Name="set_Id(System.String):System.Void" CoveredStatements="1" TotalStatements="1" CoveragePercent="100">
          <Statement FileIndex="101" Line="8" Column="38" EndLine="8" EndColumn="43" Covered="True" />
        </Method>
      </Type>
    </Namespace>
    <Namespace Name="CoffeeSpace.PaymentService.Messages.Queries.Handlers" CoveredStatements="0" TotalStatements="8" CoveragePercent="0">
      <Type Name="GetPaypalOrderInformationByIdQueryHandler" CoveredStatements="0" TotalStatements="8" CoveragePercent="0">
        <Type Name="&lt;Handle&gt;d__2" CoveredStatements="0" TotalStatements="4" CoveragePercent="0">
          <Method Name="MoveNext():System.Void" CoveredStatements="0" TotalStatements="4" CoveragePercent="0">
            <Statement FileIndex="102" Line="17" Column="5" EndLine="17" EndColumn="6" Covered="False" />
            <Statement FileIndex="102" Line="18" Column="9" EndLine="18" EndColumn="121" Covered="False" />
            <Statement FileIndex="102" Line="19" Column="9" EndLine="19" EndColumn="39" Covered="False" />
            <Statement FileIndex="102" Line="20" Column="5" EndLine="20" EndColumn="6" Covered="False" />
          </Method>
        </Type>
        <Method Name=".ctor(CoffeeSpace.PaymentService.Repositories.Abstractions.IPaymentRepository):System.Void" CoveredStatements="0" TotalStatements="4" CoveragePercent="0">
          <Statement FileIndex="102" Line="11" Column="5" EndLine="11" EndColumn="91" Covered="False" />
          <Statement FileIndex="102" Line="12" Column="5" EndLine="12" EndColumn="6" Covered="False" />
          <Statement FileIndex="102" Line="13" Column="9" EndLine="13" EndColumn="48" Covered="False" />
          <Statement FileIndex="102" Line="14" Column="5" EndLine="14" EndColumn="6" Covered="False" />
        </Method>
      </Type>
    </Namespace>
    <Namespace Name="CoffeeSpace.PaymentService.Models" CoveredStatements="6" TotalStatements="10" CoveragePercent="60">
      <Type Name="PaypalOrderInformation" CoveredStatements="6" TotalStatements="10" CoveragePercent="60">
        <Method Name="get_ApplicationOrderId():System.String" CoveredStatements="0" TotalStatements="1" CoveragePercent="0">
          <Statement FileIndex="103" Line="9" Column="49" EndLine="9" EndColumn="53" Covered="False" />
        </Method>
        <Method Name="get_BuyerId():System.String" CoveredStatements="0" TotalStatements="1" CoveragePercent="0">
          <Statement FileIndex="103" Line="13" Column="38" EndLine="13" EndColumn="42" Covered="False" />
        </Method>
        <Method Name="get_Id():System.String" CoveredStatements="1" TotalStatements="1" CoveragePercent="100">
          <Statement FileIndex="103" Line="7" Column="33" EndLine="7" EndColumn="37" Covered="True" />
        </Method>
        <Method Name="get_PaypalOrder():PayPalCheckoutSdk.Orders.Order" CoveredStatements="0" TotalStatements="1" CoveragePercent="0">
          <Statement FileIndex="103" Line="15" Column="41" EndLine="15" EndColumn="45" Covered="False" />
        </Method>
        <Method Name="get_PaypalOrderId():System.String" CoveredStatements="0" TotalStatements="1" CoveragePercent="0">
          <Statement FileIndex="103" Line="11" Column="44" EndLine="11" EndColumn="48" Covered="False" />
        </Method>
        <Method Name="set_ApplicationOrderId(System.String):System.Void" CoveredStatements="1" TotalStatements="1" CoveragePercent="100">
          <Statement FileIndex="103" Line="9" Column="54" EndLine="9" EndColumn="59" Covered="True" />
        </Method>
        <Method Name="set_BuyerId(System.String):System.Void" CoveredStatements="1" TotalStatements="1" CoveragePercent="100">
          <Statement FileIndex="103" Line="13" Column="43" EndLine="13" EndColumn="48" Covered="True" />
        </Method>
        <Method Name="set_Id(System.String):System.Void" CoveredStatements="1" TotalStatements="1" CoveragePercent="100">
          <Statement FileIndex="103" Line="7" Column="38" EndLine="7" EndColumn="43" Covered="True" />
        </Method>
        <Method Name="set_PaypalOrder(PayPalCheckoutSdk.Orders.Order):System.Void" CoveredStatements="1" TotalStatements="1" CoveragePercent="100">
          <Statement FileIndex="103" Line="15" Column="46" EndLine="15" EndColumn="51" Covered="True" />
        </Method>
        <Method Name="set_PaypalOrderId(System.String):System.Void" CoveredStatements="1" TotalStatements="1" CoveragePercent="100">
          <Statement FileIndex="103" Line="11" Column="49" EndLine="11" EndColumn="54" Covered="True" />
        </Method>
      </Type>
    </Namespace>
    <Namespace Name="CoffeeSpace.PaymentService.Repositories" CoveredStatements="17" TotalStatements="25" CoveragePercent="68">
      <Type Name="PaymentRepository" CoveredStatements="17" TotalStatements="25" CoveragePercent="68">
        <Type Name="&lt;CreatePaymentAsync&gt;d__4" CoveredStatements="5" TotalStatements="5" CoveragePercent="100">
          <Method Name="MoveNext():System.Void" CoveredStatements="5" TotalStatements="5" CoveragePercent="100">
            <Statement FileIndex="118" Line="33" Column="5" EndLine="33" EndColumn="6" Covered="True" />
            <Statement FileIndex="118" Line="34" Column="9" EndLine="34" EndColumn="91" Covered="True" />
            <Statement FileIndex="118" Line="35" Column="9" EndLine="35" EndColumn="75" Covered="True" />
            <Statement FileIndex="118" Line="37" Column="9" EndLine="37" EndColumn="27" Covered="True" />
            <Statement FileIndex="118" Line="38" Column="5" EndLine="38" EndColumn="6" Covered="True" />
          </Method>
        </Type>
        <Type Name="&lt;DeletePaymentByIdAsync&gt;d__6" CoveredStatements="0" TotalStatements="4" CoveragePercent="0">
          <Method Name="MoveNext():System.Void" CoveredStatements="0" TotalStatements="4" CoveragePercent="0">
            <Statement FileIndex="118" Line="50" Column="5" EndLine="50" EndColumn="6" Covered="False" />
            <Statement FileIndex="118" Line="51" Column="9" EndLine="53" EndColumn="52" Covered="False" />
            <Statement FileIndex="118" Line="55" Column="9" EndLine="55" EndColumn="27" Covered="False" />
            <Statement FileIndex="118" Line="56" Column="5" EndLine="56" EndColumn="6" Covered="False" />
          </Method>
        </Type>
        <Type Name="&lt;GetByApplicationOrderIdAsync&gt;d__3" CoveredStatements="4" TotalStatements="4" CoveragePercent="100">
          <Method Name="MoveNext():System.Void" CoveredStatements="4" TotalStatements="4" CoveragePercent="100">
            <Statement FileIndex="118" Line="27" Column="5" EndLine="27" EndColumn="6" Covered="True" />
            <Statement FileIndex="118" Line="28" Column="9" EndLine="28" EndColumn="132" Covered="True" />
            <Statement FileIndex="118" Line="29" Column="9" EndLine="29" EndColumn="39" Covered="True" />
            <Statement FileIndex="118" Line="30" Column="5" EndLine="30" EndColumn="6" Covered="True" />
          </Method>
        </Type>
        <Type Name="&lt;GetPaypalOrderByIdAsync&gt;d__2" CoveredStatements="4" TotalStatements="4" CoveragePercent="100">
          <Method Name="MoveNext():System.Void" CoveredStatements="4" TotalStatements="4" CoveragePercent="100">
            <Statement FileIndex="118" Line="20" Column="5" EndLine="20" EndColumn="6" Covered="True" />
            <Statement FileIndex="118" Line="21" Column="9" EndLine="21" EndColumn="110" Covered="True" />
            <Statement FileIndex="118" Line="22" Column="9" EndLine="22" EndColumn="28" Covered="True" />
            <Statement FileIndex="118" Line="23" Column="5" EndLine="23" EndColumn="6" Covered="True" />
          </Method>
        </Type>
        <Type Name="&lt;UpdatePaymentStatusAsync&gt;d__5" CoveredStatements="0" TotalStatements="4" CoveragePercent="0">
          <Method Name="MoveNext():System.Void" CoveredStatements="0" TotalStatements="4" CoveragePercent="0">
            <Statement FileIndex="118" Line="41" Column="5" EndLine="41" EndColumn="6" Covered="False" />
            <Statement FileIndex="118" Line="42" Column="9" EndLine="44" EndColumn="87" Covered="False" />
            <Statement FileIndex="118" Line="46" Column="9" EndLine="46" EndColumn="27" Covered="False" />
            <Statement FileIndex="118" Line="47" Column="5" EndLine="47" EndColumn="6" Covered="False" />
          </Method>
        </Type>
        <Method Name=".ctor(CoffeeSpace.PaymentService.Persistence.Abstractions.IPaymentDbContext):System.Void" CoveredStatements="4" TotalStatements="4" CoveragePercent="100">
          <Statement FileIndex="118" Line="14" Column="5" EndLine="14" EndColumn="58" Covered="True" />
          <Statement FileIndex="118" Line="15" Column="5" EndLine="15" EndColumn="6" Covered="True" />
          <Statement FileIndex="118" Line="16" Column="9" EndLine="16" EndColumn="32" Covered="True" />
          <Statement FileIndex="118" Line="17" Column="5" EndLine="17" EndColumn="6" Covered="True" />
        </Method>
      </Type>
    </Namespace>
    <Namespace Name="CoffeeSpace.PaymentService.Services" CoveredStatements="16" TotalStatements="16" CoveragePercent="100">
      <Type Name="PaymentService" CoveredStatements="16" TotalStatements="16" CoveragePercent="100">
        <Type Name="&lt;CapturePaypalPaymentAsync&gt;d__3" CoveredStatements="4" TotalStatements="4" CoveragePercent="100">
          <Method Name="MoveNext():System.Void" CoveredStatements="4" TotalStatements="4" CoveragePercent="100">
            <Statement FileIndex="120" Line="31" Column="5" EndLine="31" EndColumn="6" Covered="True" />
            <Statement FileIndex="120" Line="32" Column="9" EndLine="35" EndColumn="31" Covered="True" />
            <Statement FileIndex="120" Line="37" Column="9" EndLine="37" EndColumn="36" Covered="True" />
            <Statement FileIndex="120" Line="38" Column="5" EndLine="38" EndColumn="6" Covered="True" />
          </Method>
        </Type>
        <Type Name="&lt;CreateOrderAsync&gt;d__2" CoveredStatements="4" TotalStatements="4" CoveragePercent="100">
          <Method Name="MoveNext():System.Void" CoveredStatements="4" TotalStatements="4" CoveragePercent="100">
            <Statement FileIndex="120" Line="20" Column="5" EndLine="20" EndColumn="6" Covered="True" />
            <Statement FileIndex="120" Line="21" Column="9" EndLine="24" EndColumn="31" Covered="True" />
            <Statement FileIndex="120" Line="26" Column="9" EndLine="26" EndColumn="35" Covered="True" />
            <Statement FileIndex="120" Line="27" Column="5" EndLine="27" EndColumn="6" Covered="True" />
          </Method>
        </Type>
        <Type Name="&lt;GetOrderPaymentByOrderIdAsync&gt;d__4" CoveredStatements="4" TotalStatements="4" CoveragePercent="100">
          <Method Name="MoveNext():System.Void" CoveredStatements="4" TotalStatements="4" CoveragePercent="100">
            <Statement FileIndex="120" Line="42" Column="5" EndLine="42" EndColumn="6" Covered="True" />
            <Statement FileIndex="120" Line="43" Column="9" EndLine="46" EndColumn="31" Covered="True" />
            <Statement FileIndex="120" Line="48" Column="8" EndLine="48" EndColumn="38" Covered="True" />
            <Statement FileIndex="120" Line="49" Column="5" EndLine="49" EndColumn="6" Covered="True" />
          </Method>
        </Type>
        <Method Name=".ctor(Mediator.ISender):System.Void" CoveredStatements="4" TotalStatements="4" CoveragePercent="100">
          <Statement FileIndex="120" Line="14" Column="5" EndLine="14" EndColumn="42" Covered="True" />
          <Statement FileIndex="120" Line="15" Column="5" EndLine="15" EndColumn="6" Covered="True" />
          <Statement FileIndex="120" Line="16" Column="9" EndLine="16" EndColumn="26" Covered="True" />
          <Statement FileIndex="120" Line="17" Column="5" EndLine="17" EndColumn="6" Covered="True" />
        </Method>
      </Type>
    </Namespace>
    <Namespace Name="CoffeeSpace.PaymentService.Settings" CoveredStatements="0" TotalStatements="4" CoveragePercent="0">
      <Type Name="PaypalAuthenticationSettings" CoveredStatements="0" TotalStatements="4" CoveragePercent="0">
        <Method Name="get_ClientId():System.String" CoveredStatements="0" TotalStatements="1" CoveragePercent="0">
          <Statement FileIndex="121" Line="7" Column="39" EndLine="7" EndColumn="43" Covered="False" />
        </Method>
        <Method Name="get_ClientSecret():System.String" CoveredStatements="0" TotalStatements="1" CoveragePercent="0">
          <Statement FileIndex="121" Line="9" Column="43" EndLine="9" EndColumn="47" Covered="False" />
        </Method>
        <Method Name="set_ClientId(System.String):System.Void" CoveredStatements="0" TotalStatements="1" CoveragePercent="0">
          <Statement FileIndex="121" Line="7" Column="44" EndLine="7" EndColumn="49" Covered="False" />
        </Method>
        <Method Name="set_ClientSecret(System.String):System.Void" CoveredStatements="0" TotalStatements="1" CoveragePercent="0">
          <Statement FileIndex="121" Line="9" Column="48" EndLine="9" EndColumn="53" Covered="False" />
        </Method>
      </Type>
    </Namespace>
    <Type Name="Program" CoveredStatements="0" TotalStatements="40" CoveragePercent="0">
      <Type Name="&lt;&gt;c" CoveredStatements="0" TotalStatements="13" CoveragePercent="0">
        <Method Name="&lt;&lt;Main&gt;$&gt;b__0_0(Microsoft.Extensions.Hosting.HostBuilderContext,Serilog.LoggerConfiguration):System.Void" CoveredStatements="0" TotalStatements="1" CoveragePercent="0">
          <Statement FileIndex="116" Line="24" Column="5" EndLine="25" EndColumn="46" Covered="False" />
        </Method>
        <Method Name="&lt;&lt;Main&gt;$&gt;b__0_2(MassTransit.IBusRegistrationConfigurator):System.Void" CoveredStatements="0" TotalStatements="5" CoveragePercent="0">
          <Statement FileIndex="116" Line="48" Column="1" EndLine="48" EndColumn="2" Covered="False" />
          <Statement FileIndex="116" Line="49" Column="5" EndLine="49" EndColumn="43" Covered="False" />
          <Statement FileIndex="116" Line="50" Column="5" EndLine="50" EndColumn="53" Covered="False" />
          <Statement FileIndex="116" Line="52" Column="5" EndLine="64" EndColumn="8" Covered="False" />
          <Statement FileIndex="116" Line="65" Column="1" EndLine="65" EndColumn="2" Covered="False" />
        </Method>
        <Method Name="&lt;&lt;Main&gt;$&gt;b__0_3(MassTransit.IBusRegistrationContext,MassTransit.IAmazonSqsBusFactoryConfigurator):System.Void" CoveredStatements="0" TotalStatements="7" CoveragePercent="0">
          <Statement FileIndex="116" Line="53" Column="5" EndLine="53" EndColumn="6" Covered="False" />
          <Statement FileIndex="116" Line="54" Column="9" EndLine="54" EndColumn="94" Covered="False" />
          <Statement FileIndex="116" Line="55" Column="9" EndLine="59" EndColumn="12" Covered="False" />
          <Statement FileIndex="116" Line="60" Column="9" EndLine="60" EndColumn="46" Covered="False" />
          <Statement FileIndex="116" Line="61" Column="9" EndLine="61" EndColumn="48" Covered="False" />
          <Statement FileIndex="116" Line="63" Column="9" EndLine="63" EndColumn="44" Covered="False" />
          <Statement FileIndex="116" Line="64" Column="5" EndLine="64" EndColumn="6" Covered="False" />
        </Method>
      </Type>
      <Type Name="&lt;&gt;c__DisplayClass0_0" CoveredStatements="0" TotalStatements="1" CoveragePercent="0">
        <Method Name="&lt;&lt;Main&gt;$&gt;b__1(Microsoft.Extensions.Caching.StackExchangeRedis.RedisCacheOptions):System.Void" CoveredStatements="0" TotalStatements="1" CoveragePercent="0">
          <Statement FileIndex="116" Line="27" Column="56" EndLine="27" EndColumn="127" Covered="False" />
        </Method>
      </Type>
      <Type Name="&lt;&gt;c__DisplayClass0_1" CoveredStatements="0" TotalStatements="4" CoveragePercent="0">
        <Method Name="&lt;&lt;Main&gt;$&gt;b__4(MassTransit.IAmazonSqsHostConfigurator):System.Void" CoveredStatements="0" TotalStatements="4" CoveragePercent="0">
          <Statement FileIndex="116" Line="56" Column="9" EndLine="56" EndColumn="10" Covered="False" />
          <Statement FileIndex="116" Line="57" Column="13" EndLine="57" EndColumn="57" Covered="False" />
          <Statement FileIndex="116" Line="58" Column="13" EndLine="58" EndColumn="57" Covered="False" />
          <Statement FileIndex="116" Line="59" Column="9" EndLine="59" EndColumn="10" Covered="False" />
        </Method>
      </Type>
      <Method Name="&lt;Main&gt;$(System.String[]):System.Void" CoveredStatements="0" TotalStatements="22" CoveragePercent="0">
        <Statement FileIndex="116" Line="18" Column="1" EndLine="18" EndColumn="50" Covered="False" />
        <Statement FileIndex="116" Line="20" Column="1" EndLine="20" EndColumn="42" Covered="False" />
        <Statement FileIndex="116" Line="21" Column="1" EndLine="21" EndColumn="45" Covered="False" />
        <Statement FileIndex="116" Line="23" Column="1" EndLine="25" EndColumn="48" Covered="False" />
        <Statement FileIndex="116" Line="27" Column="1" EndLine="27" EndColumn="129" Covered="False" />
        <Statement FileIndex="116" Line="28" Column="1" EndLine="28" EndColumn="126" Covered="False" />
        <Statement FileIndex="116" Line="30" Column="1" EndLine="30" EndColumn="62" Covered="False" />
        <Statement FileIndex="116" Line="31" Column="1" EndLine="31" EndColumn="59" Covered="False" />
        <Statement FileIndex="116" Line="33" Column="1" EndLine="33" EndColumn="32" Covered="False" />
        <Statement FileIndex="116" Line="34" Column="1" EndLine="34" EndColumn="37" Covered="False" />
        <Statement FileIndex="116" Line="36" Column="1" EndLine="36" EndColumn="65" Covered="False" />
        <Statement FileIndex="116" Line="37" Column="1" EndLine="37" EndColumn="103" Covered="False" />
        <Statement FileIndex="116" Line="39" Column="1" EndLine="41" EndColumn="24" Covered="False" />
        <Statement FileIndex="116" Line="43" Column="1" EndLine="45" EndColumn="24" Covered="False" />
        <Statement FileIndex="116" Line="47" Column="1" EndLine="65" EndColumn="4" Covered="False" />
        <Statement FileIndex="116" Line="67" Column="1" EndLine="67" EndColumn="50" Covered="False" />
        <Statement FileIndex="116" Line="69" Column="1" EndLine="69" EndColumn="27" Covered="False" />
        <Statement FileIndex="116" Line="71" Column="1" EndLine="71" EndColumn="33" Covered="False" />
        <Statement FileIndex="116" Line="73" Column="1" EndLine="73" EndColumn="25" Covered="False" />
        <Statement FileIndex="116" Line="74" Column="1" EndLine="74" EndColumn="24" Covered="False" />
        <Statement FileIndex="116" Line="76" Column="1" EndLine="76" EndColumn="24" Covered="False" />
        <Statement FileIndex="116" Line="77" Column="1" EndLine="77" EndColumn="11" Covered="False" />
      </Method>
    </Type>
  </Assembly>
  <Assembly Name="CoffeeSpace.ProductApi" CoveredStatements="260" TotalStatements="278" CoveragePercent="94">
    <Namespace Name="CoffeeSpace.ProductApi.Application.Contracts.Requests" CoveredStatements="28" TotalStatements="32" CoveragePercent="88">
      <Type Name="CreateProductRequest" CoveredStatements="12" TotalStatements="12" CoveragePercent="100">
        <Method Name=".ctor():System.Void" CoveredStatements="1" TotalStatements="1" CoveragePercent="100">
          <Statement FileIndex="1" Line="5" Column="31" EndLine="5" EndColumn="45" Covered="True" />
        </Method>
        <Method Name="get_Description():System.String" CoveredStatements="1" TotalStatements="1" CoveragePercent="100">
          <Statement FileIndex="1" Line="9" Column="42" EndLine="9" EndColumn="46" Covered="True" />
        </Method>
        <Method Name="get_Discount():System.Single" CoveredStatements="1" TotalStatements="1" CoveragePercent="100">
          <Statement FileIndex="1" Line="13" Column="38" EndLine="13" EndColumn="42" Covered="True" />
        </Method>
        <Method Name="get_Id():System.Guid" CoveredStatements="1" TotalStatements="1" CoveragePercent="100">
          <Statement FileIndex="1" Line="5" Column="22" EndLine="5" EndColumn="26" Covered="True" />
        </Method>
        <Method Name="get_Quantity():System.Int32" CoveredStatements="1" TotalStatements="1" CoveragePercent="100">
          <Statement FileIndex="1" Line="15" Column="37" EndLine="15" EndColumn="41" Covered="True" />
        </Method>
        <Method Name="get_Title():System.String" CoveredStatements="1" TotalStatements="1" CoveragePercent="100">
          <Statement FileIndex="1" Line="7" Column="36" EndLine="7" EndColumn="40" Covered="True" />
        </Method>
        <Method Name="get_UnitPrice():System.Single" CoveredStatements="1" TotalStatements="1" CoveragePercent="100">
          <Statement FileIndex="1" Line="11" Column="39" EndLine="11" EndColumn="43" Covered="True" />
        </Method>
        <Method Name="set_Description(System.String):System.Void" CoveredStatements="1" TotalStatements="1" CoveragePercent="100">
          <Statement FileIndex="1" Line="9" Column="47" EndLine="9" EndColumn="52" Covered="True" />
        </Method>
        <Method Name="set_Discount(System.Single):System.Void" CoveredStatements="1" TotalStatements="1" CoveragePercent="100">
          <Statement FileIndex="1" Line="13" Column="43" EndLine="13" EndColumn="48" Covered="True" />
        </Method>
        <Method Name="set_Quantity(System.Int32):System.Void" CoveredStatements="1" TotalStatements="1" CoveragePercent="100">
          <Statement FileIndex="1" Line="15" Column="42" EndLine="15" EndColumn="47" Covered="True" />
        </Method>
        <Method Name="set_Title(System.String):System.Void" CoveredStatements="1" TotalStatements="1" CoveragePercent="100">
          <Statement FileIndex="1" Line="7" Column="41" EndLine="7" EndColumn="46" Covered="True" />
        </Method>
        <Method Name="set_UnitPrice(System.Single):System.Void" CoveredStatements="1" TotalStatements="1" CoveragePercent="100">
          <Statement FileIndex="1" Line="11" Column="44" EndLine="11" EndColumn="49" Covered="True" />
        </Method>
      </Type>
      <Type Name="DeleteProductByIdRequest" CoveredStatements="2" TotalStatements="2" CoveragePercent="100">
        <Method Name="get_Id():System.Guid" CoveredStatements="1" TotalStatements="1" CoveragePercent="100">
          <Statement FileIndex="2" Line="5" Column="31" EndLine="5" EndColumn="35" Covered="True" />
        </Method>
        <Method Name="set_Id(System.Guid):System.Void" CoveredStatements="1" TotalStatements="1" CoveragePercent="100">
          <Statement FileIndex="2" Line="5" Column="36" EndLine="5" EndColumn="41" Covered="True" />
        </Method>
      </Type>
      <Type Name="GetPagedProductsRequest" CoveredStatements="0" TotalStatements="4" CoveragePercent="0">
        <Method Name="get_Page():System.Int32" CoveredStatements="0" TotalStatements="1" CoveragePercent="0">
          <Statement FileIndex="3" Line="5" Column="32" EndLine="5" EndColumn="36" Covered="False" />
        </Method>
        <Method Name="get_PageSize():System.Int32" CoveredStatements="0" TotalStatements="1" CoveragePercent="0">
          <Statement FileIndex="3" Line="7" Column="36" EndLine="7" EndColumn="40" Covered="False" />
        </Method>
        <Method Name="set_Page(System.Int32):System.Void" CoveredStatements="0" TotalStatements="1" CoveragePercent="0">
          <Statement FileIndex="3" Line="5" Column="37" EndLine="5" EndColumn="42" Covered="False" />
        </Method>
        <Method Name="set_PageSize(System.Int32):System.Void" CoveredStatements="0" TotalStatements="1" CoveragePercent="0">
          <Statement FileIndex="3" Line="7" Column="41" EndLine="7" EndColumn="46" Covered="False" />
        </Method>
      </Type>
      <Type Name="GetProductByIdRequest" CoveredStatements="2" TotalStatements="2" CoveragePercent="100">
        <Method Name="get_Id():System.Guid" CoveredStatements="1" TotalStatements="1" CoveragePercent="100">
          <Statement FileIndex="4" Line="5" Column="31" EndLine="5" EndColumn="35" Covered="True" />
        </Method>
        <Method Name="set_Id(System.Guid):System.Void" CoveredStatements="1" TotalStatements="1" CoveragePercent="100">
          <Statement FileIndex="4" Line="5" Column="36" EndLine="5" EndColumn="41" Covered="True" />
        </Method>
      </Type>
      <Type Name="UpdateProductRequest" CoveredStatements="12" TotalStatements="12" CoveragePercent="100">
        <Method Name="get_Description():System.String" CoveredStatements="1" TotalStatements="1" CoveragePercent="100">
          <Statement FileIndex="5" Line="9" Column="42" EndLine="9" EndColumn="46" Covered="True" />
        </Method>
        <Method Name="get_Discount():System.Single" CoveredStatements="1" TotalStatements="1" CoveragePercent="100">
          <Statement FileIndex="5" Line="13" Column="38" EndLine="13" EndColumn="42" Covered="True" />
        </Method>
        <Method Name="get_Id():System.Guid" CoveredStatements="1" TotalStatements="1" CoveragePercent="100">
          <Statement FileIndex="5" Line="5" Column="22" EndLine="5" EndColumn="26" Covered="True" />
        </Method>
        <Method Name="get_Quantity():System.Int32" CoveredStatements="1" TotalStatements="1" CoveragePercent="100">
          <Statement FileIndex="5" Line="15" Column="37" EndLine="15" EndColumn="41" Covered="True" />
        </Method>
        <Method Name="get_Title():System.String" CoveredStatements="1" TotalStatements="1" CoveragePercent="100">
          <Statement FileIndex="5" Line="7" Column="36" EndLine="7" EndColumn="40" Covered="True" />
        </Method>
        <Method Name="get_UnitPrice():System.Single" CoveredStatements="1" TotalStatements="1" CoveragePercent="100">
          <Statement FileIndex="5" Line="11" Column="39" EndLine="11" EndColumn="43" Covered="True" />
        </Method>
        <Method Name="set_Description(System.String):System.Void" CoveredStatements="1" TotalStatements="1" CoveragePercent="100">
          <Statement FileIndex="5" Line="9" Column="47" EndLine="9" EndColumn="52" Covered="True" />
        </Method>
        <Method Name="set_Discount(System.Single):System.Void" CoveredStatements="1" TotalStatements="1" CoveragePercent="100">
          <Statement FileIndex="5" Line="13" Column="43" EndLine="13" EndColumn="48" Covered="True" />
        </Method>
        <Method Name="set_Id(System.Guid):System.Void" CoveredStatements="1" TotalStatements="1" CoveragePercent="100">
          <Statement FileIndex="5" Line="5" Column="27" EndLine="5" EndColumn="40" Covered="True" />
        </Method>
        <Method Name="set_Quantity(System.Int32):System.Void" CoveredStatements="1" TotalStatements="1" CoveragePercent="100">
          <Statement FileIndex="5" Line="15" Column="42" EndLine="15" EndColumn="47" Covered="True" />
        </Method>
        <Method Name="set_Title(System.String):System.Void" CoveredStatements="1" TotalStatements="1" CoveragePercent="100">
          <Statement FileIndex="5" Line="7" Column="41" EndLine="7" EndColumn="46" Covered="True" />
        </Method>
        <Method Name="set_UnitPrice(System.Single):System.Void" CoveredStatements="1" TotalStatements="1" CoveragePercent="100">
          <Statement FileIndex="5" Line="11" Column="44" EndLine="11" EndColumn="49" Covered="True" />
        </Method>
      </Type>
    </Namespace>
    <Namespace Name="CoffeeSpace.ProductApi.Application.Contracts.Responses" CoveredStatements="12" TotalStatements="12" CoveragePercent="100">
      <Type Name="ProductResponse" CoveredStatements="12" TotalStatements="12" CoveragePercent="100">
        <Method Name="get_Description():System.String" CoveredStatements="1" TotalStatements="1" CoveragePercent="100">
          <Statement FileIndex="6" Line="9" Column="42" EndLine="9" EndColumn="46" Covered="True" />
        </Method>
        <Method Name="get_Discount():System.Single" CoveredStatements="1" TotalStatements="1" CoveragePercent="100">
          <Statement FileIndex="6" Line="13" Column="38" EndLine="13" EndColumn="42" Covered="True" />
        </Method>
        <Method Name="get_Id():System.String" CoveredStatements="1" TotalStatements="1" CoveragePercent="100">
          <Statement FileIndex="6" Line="5" Column="33" EndLine="5" EndColumn="37" Covered="True" />
        </Method>
        <Method Name="get_Quantity():System.Int32" CoveredStatements="1" TotalStatements="1" CoveragePercent="100">
          <Statement FileIndex="6" Line="15" Column="37" EndLine="15" EndColumn="41" Covered="True" />
        </Method>
        <Method Name="get_Title():System.String" CoveredStatements="1" TotalStatements="1" CoveragePercent="100">
          <Statement FileIndex="6" Line="7" Column="36" EndLine="7" EndColumn="40" Covered="True" />
        </Method>
        <Method Name="get_UnitPrice():System.Single" CoveredStatements="1" TotalStatements="1" CoveragePercent="100">
          <Statement FileIndex="6" Line="11" Column="39" EndLine="11" EndColumn="43" Covered="True" />
        </Method>
        <Method Name="set_Description(System.String):System.Void" CoveredStatements="1" TotalStatements="1" CoveragePercent="100">
          <Statement FileIndex="6" Line="9" Column="47" EndLine="9" EndColumn="52" Covered="True" />
        </Method>
        <Method Name="set_Discount(System.Single):System.Void" CoveredStatements="1" TotalStatements="1" CoveragePercent="100">
          <Statement FileIndex="6" Line="13" Column="43" EndLine="13" EndColumn="48" Covered="True" />
        </Method>
        <Method Name="set_Id(System.String):System.Void" CoveredStatements="1" TotalStatements="1" CoveragePercent="100">
          <Statement FileIndex="6" Line="5" Column="38" EndLine="5" EndColumn="43" Covered="True" />
        </Method>
        <Method Name="set_Quantity(System.Int32):System.Void" CoveredStatements="1" TotalStatements="1" CoveragePercent="100">
          <Statement FileIndex="6" Line="15" Column="42" EndLine="15" EndColumn="47" Covered="True" />
        </Method>
        <Method Name="set_Title(System.String):System.Void" CoveredStatements="1" TotalStatements="1" CoveragePercent="100">
          <Statement FileIndex="6" Line="7" Column="41" EndLine="7" EndColumn="46" Covered="True" />
        </Method>
        <Method Name="set_UnitPrice(System.Single):System.Void" CoveredStatements="1" TotalStatements="1" CoveragePercent="100">
          <Statement FileIndex="6" Line="11" Column="44" EndLine="11" EndColumn="49" Covered="True" />
        </Method>
      </Type>
    </Namespace>
    <Namespace Name="CoffeeSpace.ProductApi.Application.Extensions" CoveredStatements="12" TotalStatements="15" CoveragePercent="80">
      <Type Name="ApiVersionExtensions" CoveredStatements="9" TotalStatements="9" CoveragePercent="100">
        <Type Name="&lt;&gt;c__DisplayClass0_0" CoveredStatements="6" TotalStatements="6" CoveragePercent="100">
          <Method Name="&lt;AddApiVersioning&gt;b__0(Asp.Versioning.ApiVersioningOptions):System.Void" CoveredStatements="6" TotalStatements="6" CoveragePercent="100">
            <Statement FileIndex="7" Line="10" Column="13" EndLine="10" EndColumn="14" Covered="True" />
            <Statement FileIndex="7" Line="11" Column="17" EndLine="11" EndColumn="45" Covered="True" />
            <Statement FileIndex="7" Line="12" Column="17" EndLine="12" EndColumn="59" Covered="True" />
            <Statement FileIndex="7" Line="13" Column="17" EndLine="13" EndColumn="44" Covered="True" />
            <Statement FileIndex="7" Line="14" Column="17" EndLine="14" EndColumn="78" Covered="True" />
            <Statement FileIndex="7" Line="15" Column="13" EndLine="15" EndColumn="14" Covered="True" />
          </Method>
        </Type>
        <Method Name="AddApiVersioning(Microsoft.Extensions.DependencyInjection.IServiceCollection,Asp.Versioning.IApiVersionReader,System.Boolean):Asp.Versioning.IApiVersioningBuilder" CoveredStatements="3" TotalStatements="3" CoveragePercent="100">
          <Statement FileIndex="7" Line="8" Column="5" EndLine="8" EndColumn="6" Covered="True" />
          <Statement FileIndex="7" Line="9" Column="9" EndLine="16" EndColumn="23" Covered="True" />
          <Statement FileIndex="7" Line="17" Column="5" EndLine="17" EndColumn="6" Covered="True" />
        </Method>
      </Type>
      <Type Name="HealthChecksExtensions" CoveredStatements="3" TotalStatements="3" CoveragePercent="100">
        <Method Name="AddServiceHealthChecks(Microsoft.Extensions.DependencyInjection.IServiceCollection,Microsoft.AspNetCore.Builder.WebApplicationBuilder):Microsoft.Extensions.DependencyInjection.IHealthChecksBuilder" CoveredStatements="3" TotalStatements="3" CoveragePercent="100">
          <Statement FileIndex="8" Line="6" Column="5" EndLine="6" EndColumn="6" Covered="True" />
          <Statement FileIndex="8" Line="7" Column="9" EndLine="9" EndColumn="113" Covered="True" />
          <Statement FileIndex="8" Line="10" Column="5" EndLine="10" EndColumn="6" Covered="True" />
        </Method>
      </Type>
      <Type Name="PagedListExtensions" CoveredStatements="0" TotalStatements="3" CoveragePercent="0">
        <Method Name="ToPagedList&lt;TEntity&gt;(System.Collections.Generic.IEnumerable&lt;TEntity&gt;,System.Int32,System.Int32,System.Int32):CoffeeSpace.ProductApi.Application.Helpers.PagedList&lt;TEntity&gt;" CoveredStatements="0" TotalStatements="3" CoveragePercent="0">
          <Statement FileIndex="9" Line="8" Column="5" EndLine="8" EndColumn="6" Covered="False" />
          <Statement FileIndex="9" Line="9" Column="9" EndLine="15" EndColumn="11" Covered="False" />
          <Statement FileIndex="9" Line="16" Column="5" EndLine="16" EndColumn="6" Covered="False" />
        </Method>
      </Type>
    </Namespace>
    <Namespace Name="CoffeeSpace.ProductApi.Application.Helpers" CoveredStatements="2" TotalStatements="13" CoveragePercent="15">
      <Type Name="CacheKeys" CoveredStatements="2" TotalStatements="3" CoveragePercent="67">
        <Type Name="Products" CoveredStatements="2" TotalStatements="3" CoveragePercent="67">
          <Method Name="get_GetAll():System.String" CoveredStatements="1" TotalStatements="1" CoveragePercent="100">
            <Statement FileIndex="11" Line="7" Column="40" EndLine="7" EndColumn="54" Covered="True" />
          </Method>
          <Method Name="GetById(System.String):System.String" CoveredStatements="1" TotalStatements="1" CoveragePercent="100">
            <Statement FileIndex="11" Line="11" Column="52" EndLine="11" EndColumn="68" Covered="True" />
          </Method>
          <Method Name="GetPaged(System.Int32,System.Int32):System.String" CoveredStatements="0" TotalStatements="1" CoveragePercent="0">
            <Statement FileIndex="11" Line="9" Column="66" EndLine="9" EndColumn="109" Covered="False" />
          </Method>
        </Type>
      </Type>
      <Type Name="PagedList&lt;TEntity&gt;" CoveredStatements="0" TotalStatements="10" CoveragePercent="0">
        <Method Name="get_Count():System.Int32" CoveredStatements="0" TotalStatements="1" CoveragePercent="0">
          <Statement FileIndex="12" Line="11" Column="33" EndLine="11" EndColumn="37" Covered="False" />
        </Method>
        <Method Name="get_HasNextPage():System.Boolean" CoveredStatements="0" TotalStatements="1" CoveragePercent="0">
          <Statement FileIndex="12" Line="13" Column="32" EndLine="13" EndColumn="55" Covered="False" />
        </Method>
        <Method Name="get_HasPreviousPage():System.Boolean" CoveredStatements="0" TotalStatements="1" CoveragePercent="0">
          <Statement FileIndex="12" Line="15" Column="36" EndLine="15" EndColumn="44" Covered="False" />
        </Method>
        <Method Name="get_Items():System.Collections.Generic.IEnumerable&lt;TEntity&gt;" CoveredStatements="0" TotalStatements="1" CoveragePercent="0">
          <Statement FileIndex="12" Line="5" Column="50" EndLine="5" EndColumn="54" Covered="False" />
        </Method>
        <Method Name="get_Page():System.Int32" CoveredStatements="0" TotalStatements="1" CoveragePercent="0">
          <Statement FileIndex="12" Line="7" Column="32" EndLine="7" EndColumn="36" Covered="False" />
        </Method>
        <Method Name="get_PageSize():System.Int32" CoveredStatements="0" TotalStatements="1" CoveragePercent="0">
          <Statement FileIndex="12" Line="9" Column="36" EndLine="9" EndColumn="40" Covered="False" />
        </Method>
        <Method Name="set_Count(System.Int32):System.Void" CoveredStatements="0" TotalStatements="1" CoveragePercent="0">
          <Statement FileIndex="12" Line="11" Column="38" EndLine="11" EndColumn="43" Covered="False" />
        </Method>
        <Method Name="set_Items(System.Collections.Generic.IEnumerable&lt;TEntity&gt;):System.Void" CoveredStatements="0" TotalStatements="1" CoveragePercent="0">
          <Statement FileIndex="12" Line="5" Column="55" EndLine="5" EndColumn="60" Covered="False" />
        </Method>
        <Method Name="set_Page(System.Int32):System.Void" CoveredStatements="0" TotalStatements="1" CoveragePercent="0">
          <Statement FileIndex="12" Line="7" Column="37" EndLine="7" EndColumn="42" Covered="False" />
        </Method>
        <Method Name="set_PageSize(System.Int32):System.Void" CoveredStatements="0" TotalStatements="1" CoveragePercent="0">
          <Statement FileIndex="12" Line="9" Column="41" EndLine="9" EndColumn="46" Covered="False" />
        </Method>
      </Type>
    </Namespace>
    <Namespace Name="CoffeeSpace.ProductApi.Application.Mapping" CoveredStatements="16" TotalStatements="16" CoveragePercent="100">
      <Type Name="ProductMappingConfig" CoveredStatements="16" TotalStatements="16" CoveragePercent="100">
        <Method Name="ToProduct(CoffeeSpace.ProductApi.Application.Contracts.Requests.CreateProductRequest):CoffeeSpace.Domain.Products.Product" CoveredStatements="4" TotalStatements="4" CoveragePercent="100">
          <Statement FileIndex="35" Line="22" Column="9" EndLine="22" EndColumn="10" Covered="True" />
          <Statement FileIndex="35" Line="23" Column="13" EndLine="31" EndColumn="15" Covered="True" />
          <Statement FileIndex="35" Line="32" Column="13" EndLine="32" EndColumn="27" Covered="True" />
          <Statement FileIndex="35" Line="33" Column="9" EndLine="33" EndColumn="10" Covered="True" />
        </Method>
        <Method Name="ToProduct(CoffeeSpace.ProductApi.Application.Contracts.Requests.UpdateProductRequest,System.Guid):CoffeeSpace.Domain.Products.Product" CoveredStatements="4" TotalStatements="4" CoveragePercent="100">
          <Statement FileIndex="13" Line="18" Column="5" EndLine="18" EndColumn="6" Covered="True" />
          <Statement FileIndex="13" Line="19" Column="9" EndLine="19" EndColumn="25" Covered="True" />
          <Statement FileIndex="13" Line="21" Column="9" EndLine="21" EndColumn="36" Covered="True" />
          <Statement FileIndex="13" Line="22" Column="5" EndLine="22" EndColumn="6" Covered="True" />
        </Method>
        <Method Name="ToProduct(CoffeeSpace.ProductApi.Application.Contracts.Requests.UpdateProductRequest):CoffeeSpace.Domain.Products.Product" CoveredStatements="4" TotalStatements="4" CoveragePercent="100">
          <Statement FileIndex="35" Line="36" Column="9" EndLine="36" EndColumn="10" Covered="True" />
          <Statement FileIndex="35" Line="37" Column="13" EndLine="45" EndColumn="15" Covered="True" />
          <Statement FileIndex="35" Line="46" Column="13" EndLine="46" EndColumn="27" Covered="True" />
          <Statement FileIndex="35" Line="47" Column="9" EndLine="47" EndColumn="10" Covered="True" />
        </Method>
        <Method Name="ToResponse(CoffeeSpace.Domain.Products.Product):CoffeeSpace.ProductApi.Application.Contracts.Responses.ProductResponse" CoveredStatements="4" TotalStatements="4" CoveragePercent="100">
          <Statement FileIndex="35" Line="8" Column="9" EndLine="8" EndColumn="10" Covered="True" />
          <Statement FileIndex="35" Line="9" Column="13" EndLine="17" EndColumn="15" Covered="True" />
          <Statement FileIndex="35" Line="18" Column="13" EndLine="18" EndColumn="27" Covered="True" />
          <Statement FileIndex="35" Line="19" Column="9" EndLine="19" EndColumn="10" Covered="True" />
        </Method>
      </Type>
    </Namespace>
    <Namespace Name="CoffeeSpace.ProductApi.Application.Messages.Consumers" CoveredStatements="18" TotalStatements="18" CoveragePercent="100">
      <Type Name="OrderStockValidationConsumer" CoveredStatements="18" TotalStatements="18" CoveragePercent="100">
        <Type Name="&lt;&gt;c__DisplayClass3_0" CoveredStatements="1" TotalStatements="1" CoveragePercent="100">
          <Method Name="&lt;Consume&gt;b__0(CoffeeSpace.Domain.Products.Product):System.Boolean" CoveredStatements="1" TotalStatements="1" CoveragePercent="100">
            <Statement FileIndex="14" Line="23" Column="13" EndLine="23" EndColumn="93" Covered="True" />
          </Method>
        </Type>
        <Type Name="&lt;&gt;c__DisplayClass3_1" CoveredStatements="1" TotalStatements="1" CoveragePercent="100">
          <Method Name="&lt;Consume&gt;b__1(CoffeeSpace.Domain.Products.Product):System.Boolean" CoveredStatements="1" TotalStatements="1" CoveragePercent="100">
            <Statement FileIndex="14" Line="23" Column="37" EndLine="23" EndColumn="92" Covered="True" />
          </Method>
        </Type>
        <Type Name="&lt;Consume&gt;d__3" CoveredStatements="11" TotalStatements="11" CoveragePercent="100">
          <Method Name="MoveNext():System.Void" CoveredStatements="11" TotalStatements="11" CoveragePercent="100">
            <Statement FileIndex="14" Line="20" Column="5" EndLine="20" EndColumn="6" Covered="True" />
            <Statement FileIndex="14" Line="21" Column="9" EndLine="21" EndColumn="96" Covered="True" />
            <Statement FileIndex="14" Line="22" Column="9" EndLine="23" EndColumn="95" Covered="True" />
            <Statement FileIndex="14" Line="25" Column="9" EndLine="25" EndColumn="22" Covered="True" />
            <Statement FileIndex="14" Line="26" Column="9" EndLine="26" EndColumn="10" Covered="True" />
            <Statement FileIndex="14" Line="27" Column="13" EndLine="27" EndColumn="162" Covered="True" />
            <Statement FileIndex="14" Line="28" Column="13" EndLine="28" EndColumn="86" Covered="True" />
            <Statement FileIndex="14" Line="30" Column="13" EndLine="30" EndColumn="20" Covered="True" />
            <Statement FileIndex="14" Line="33" Column="9" EndLine="33" EndColumn="135" Covered="True" />
            <Statement FileIndex="14" Line="34" Column="9" EndLine="38" EndColumn="12" Covered="True" />
            <Statement FileIndex="14" Line="39" Column="5" EndLine="39" EndColumn="6" Covered="True" />
          </Method>
        </Type>
        <Method Name=".ctor(CoffeeSpace.ProductApi.Application.Repositories.Abstractions.IProductRepository,Microsoft.Extensions.Logging.ILogger&lt;CoffeeSpace.ProductApi.Application.Messages.Consumers.OrderStockValidationConsumer&gt;):System.Void" CoveredStatements="5" TotalStatements="5" CoveragePercent="100">
          <Statement FileIndex="14" Line="13" Column="5" EndLine="13" EndColumn="124" Covered="True" />
          <Statement FileIndex="14" Line="14" Column="5" EndLine="14" EndColumn="6" Covered="True" />
          <Statement FileIndex="14" Line="15" Column="9" EndLine="15" EndColumn="48" Covered="True" />
          <Statement FileIndex="14" Line="16" Column="9" EndLine="16" EndColumn="26" Covered="True" />
          <Statement FileIndex="14" Line="17" Column="5" EndLine="17" EndColumn="6" Covered="True" />
        </Method>
      </Type>
    </Namespace>
    <Namespace Name="CoffeeSpace.ProductApi.Application.Repositories" CoveredStatements="78" TotalStatements="78" CoveragePercent="100">
      <Type Name="CachedProductRepository" CoveredStatements="48" TotalStatements="48" CoveragePercent="100">
        <Type Name="&lt;&gt;c__DisplayClass4_0" CoveredStatements="4" TotalStatements="4" CoveragePercent="100">
          <Method Name="&lt;GetAllProductsAsync&gt;b__0():System.Threading.Tasks.Task&lt;System.Collections.Generic.IEnumerable&lt;CoffeeSpace.Domain.Products.Product&gt;&gt;" CoveredStatements="4" TotalStatements="4" CoveragePercent="100">
            <Statement FileIndex="16" Line="29" Column="9" EndLine="29" EndColumn="10" Covered="True" />
            <Statement FileIndex="16" Line="30" Column="13" EndLine="30" EndColumn="86" Covered="True" />
            <Statement FileIndex="16" Line="31" Column="13" EndLine="31" EndColumn="29" Covered="True" />
            <Statement FileIndex="16" Line="32" Column="9" EndLine="32" EndColumn="10" Covered="True" />
          </Method>
        </Type>
        <Type Name="&lt;&gt;c__DisplayClass5_0" CoveredStatements="4" TotalStatements="4" CoveragePercent="100">
          <Method Name="&lt;GetProductByIdAsync&gt;b__0():System.Threading.Tasks.Task&lt;CoffeeSpace.Domain.Products.Product&gt;" CoveredStatements="4" TotalStatements="4" CoveragePercent="100">
            <Statement FileIndex="16" Line="38" Column="9" EndLine="38" EndColumn="10" Covered="True" />
            <Statement FileIndex="16" Line="39" Column="13" EndLine="39" EndColumn="89" Covered="True" />
            <Statement FileIndex="16" Line="40" Column="13" EndLine="40" EndColumn="28" Covered="True" />
            <Statement FileIndex="16" Line="41" Column="9" EndLine="41" EndColumn="10" Covered="True" />
          </Method>
        </Type>
        <Type Name="&lt;CreateProductAsync&gt;d__6" CoveredStatements="8" TotalStatements="8" CoveragePercent="100">
          <Method Name="MoveNext():System.Void" CoveredStatements="8" TotalStatements="8" CoveragePercent="100">
            <Statement FileIndex="16" Line="45" Column="5" EndLine="45" EndColumn="6" Covered="True" />
            <Statement FileIndex="16" Line="46" Column="9" EndLine="46" EndColumn="96" Covered="True" />
            <Statement FileIndex="16" Line="47" Column="9" EndLine="47" EndColumn="21" Covered="True" />
            <Statement FileIndex="16" Line="48" Column="9" EndLine="48" EndColumn="10" Covered="True" />
            <Statement FileIndex="16" Line="49" Column="13" EndLine="49" EndColumn="91" Covered="True" />
            <Statement FileIndex="16" Line="50" Column="9" EndLine="50" EndColumn="10" Covered="True" />
            <Statement FileIndex="16" Line="52" Column="9" EndLine="52" EndColumn="24" Covered="True" />
            <Statement FileIndex="16" Line="53" Column="5" EndLine="53" EndColumn="6" Covered="True" />
          </Method>
        </Type>
        <Type Name="&lt;DeleteProductByIdAsync&gt;d__8" CoveredStatements="9" TotalStatements="9" CoveragePercent="100">
          <Method Name="MoveNext():System.Void" CoveredStatements="9" TotalStatements="9" CoveragePercent="100">
            <Statement FileIndex="16" Line="68" Column="5" EndLine="68" EndColumn="6" Covered="True" />
            <Statement FileIndex="16" Line="69" Column="9" EndLine="69" EndColumn="95" Covered="True" />
            <Statement FileIndex="16" Line="70" Column="9" EndLine="70" EndColumn="21" Covered="True" />
            <Statement FileIndex="16" Line="71" Column="9" EndLine="71" EndColumn="10" Covered="True" />
            <Statement FileIndex="16" Line="72" Column="13" EndLine="72" EndColumn="91" Covered="True" />
            <Statement FileIndex="16" Line="73" Column="13" EndLine="73" EndColumn="96" Covered="True" />
            <Statement FileIndex="16" Line="74" Column="9" EndLine="74" EndColumn="10" Covered="True" />
            <Statement FileIndex="16" Line="76" Column="9" EndLine="76" EndColumn="24" Covered="True" />
            <Statement FileIndex="16" Line="77" Column="5" EndLine="77" EndColumn="6" Covered="True" />
          </Method>
        </Type>
        <Type Name="&lt;UpdateProductAsync&gt;d__7" CoveredStatements="9" TotalStatements="9" CoveragePercent="100">
          <Method Name="MoveNext():System.Void" CoveredStatements="9" TotalStatements="9" CoveragePercent="100">
            <Statement FileIndex="16" Line="56" Column="5" EndLine="56" EndColumn="6" Covered="True" />
            <Statement FileIndex="16" Line="57" Column="9" EndLine="57" EndColumn="102" Covered="True" />
            <Statement FileIndex="16" Line="58" Column="9" EndLine="58" EndColumn="40" Covered="True" />
            <Statement FileIndex="16" Line="59" Column="9" EndLine="59" EndColumn="10" Covered="True" />
            <Statement FileIndex="16" Line="60" Column="13" EndLine="60" EndColumn="91" Covered="True" />
            <Statement FileIndex="16" Line="61" Column="13" EndLine="61" EndColumn="111" Covered="True" />
            <Statement FileIndex="16" Line="62" Column="9" EndLine="62" EndColumn="10" Covered="True" />
            <Statement FileIndex="16" Line="64" Column="9" EndLine="64" EndColumn="31" Covered="True" />
            <Statement FileIndex="16" Line="65" Column="5" EndLine="65" EndColumn="6" Covered="True" />
          </Method>
        </Type>
        <Method Name=".ctor(CoffeeSpace.ProductApi.Application.Repositories.Abstractions.IProductRepository,CoffeeSpace.Core.Services.Abstractions.ICacheService&lt;CoffeeSpace.Domain.Products.Product&gt;):System.Void" CoveredStatements="5" TotalStatements="5" CoveragePercent="100">
          <Statement FileIndex="16" Line="15" Column="5" EndLine="15" EndColumn="110" Covered="True" />
          <Statement FileIndex="16" Line="16" Column="5" EndLine="16" EndColumn="6" Covered="True" />
          <Statement FileIndex="16" Line="17" Column="9" EndLine="17" EndColumn="48" Covered="True" />
          <Statement FileIndex="16" Line="18" Column="9" EndLine="18" EndColumn="38" Covered="True" />
          <Statement FileIndex="16" Line="19" Column="5" EndLine="19" EndColumn="6" Covered="True" />
        </Method>
        <Method Name="GetAllProductsAsync(System.Threading.CancellationToken):System.Threading.Tasks.Task&lt;System.Collections.Generic.IEnumerable&lt;CoffeeSpace.Domain.Products.Product&gt;&gt;" CoveredStatements="3" TotalStatements="3" CoveragePercent="100">
          <Statement FileIndex="16" Line="27" Column="5" EndLine="27" EndColumn="6" Covered="True" />
          <Statement FileIndex="16" Line="28" Column="9" EndLine="32" EndColumn="31" Covered="True" />
          <Statement FileIndex="16" Line="33" Column="5" EndLine="33" EndColumn="6" Covered="True" />
        </Method>
        <Method Name="GetCountAsync(System.Threading.CancellationToken):System.Threading.Tasks.Task&lt;System.Int32&gt;" CoveredStatements="3" TotalStatements="3" CoveragePercent="100">
          <Statement FileIndex="16" Line="22" Column="5" EndLine="22" EndColumn="6" Covered="True" />
          <Statement FileIndex="16" Line="23" Column="9" EndLine="23" EndColumn="68" Covered="True" />
          <Statement FileIndex="16" Line="24" Column="5" EndLine="24" EndColumn="6" Covered="True" />
        </Method>
        <Method Name="GetProductByIdAsync(System.String,System.Threading.CancellationToken):System.Threading.Tasks.Task&lt;CoffeeSpace.Domain.Products.Product&gt;" CoveredStatements="3" TotalStatements="3" CoveragePercent="100">
          <Statement FileIndex="16" Line="36" Column="5" EndLine="36" EndColumn="6" Covered="True" />
          <Statement FileIndex="16" Line="37" Column="9" EndLine="41" EndColumn="31" Covered="True" />
          <Statement FileIndex="16" Line="42" Column="5" EndLine="42" EndColumn="6" Covered="True" />
        </Method>
      </Type>
      <Type Name="ProductRepository" CoveredStatements="30" TotalStatements="30" CoveragePercent="100">
        <Type Name="&lt;CreateProductAsync&gt;d__5" CoveredStatements="5" TotalStatements="5" CoveragePercent="100">
          <Method Name="MoveNext():System.Void" CoveredStatements="5" TotalStatements="5" CoveragePercent="100">
            <Statement FileIndex="17" Line="37" Column="5" EndLine="37" EndColumn="6" Covered="True" />
            <Statement FileIndex="17" Line="38" Column="9" EndLine="38" EndColumn="79" Covered="True" />
            <Statement FileIndex="17" Line="39" Column="9" EndLine="39" EndColumn="82" Covered="True" />
            <Statement FileIndex="17" Line="41" Column="9" EndLine="41" EndColumn="27" Covered="True" />
            <Statement FileIndex="17" Line="42" Column="5" EndLine="42" EndColumn="6" Covered="True" />
          </Method>
        </Type>
        <Type Name="&lt;DeleteProductByIdAsync&gt;d__7" CoveredStatements="4" TotalStatements="4" CoveragePercent="100">
          <Method Name="MoveNext():System.Void" CoveredStatements="4" TotalStatements="4" CoveragePercent="100">
            <Statement FileIndex="17" Line="55" Column="5" EndLine="55" EndColumn="6" Covered="True" />
            <Statement FileIndex="17" Line="56" Column="9" EndLine="58" EndColumn="52" Covered="True" />
            <Statement FileIndex="17" Line="60" Column="9" EndLine="60" EndColumn="27" Covered="True" />
            <Statement FileIndex="17" Line="61" Column="5" EndLine="61" EndColumn="6" Covered="True" />
          </Method>
        </Type>
        <Type Name="&lt;GetAllProductsAsync&gt;d__3" CoveredStatements="4" TotalStatements="4" CoveragePercent="100">
          <Method Name="MoveNext():System.Void" CoveredStatements="4" TotalStatements="4" CoveragePercent="100">
            <Statement FileIndex="17" Line="25" Column="5" EndLine="25" EndColumn="6" Covered="True" />
            <Statement FileIndex="17" Line="26" Column="9" EndLine="26" EndColumn="88" Covered="True" />
            <Statement FileIndex="17" Line="27" Column="9" EndLine="27" EndColumn="25" Covered="True" />
            <Statement FileIndex="17" Line="28" Column="5" EndLine="28" EndColumn="6" Covered="True" />
          </Method>
        </Type>
        <Type Name="&lt;GetProductByIdAsync&gt;d__4" CoveredStatements="4" TotalStatements="4" CoveragePercent="100">
          <Method Name="MoveNext():System.Void" CoveredStatements="4" TotalStatements="4" CoveragePercent="100">
            <Statement FileIndex="17" Line="31" Column="5" EndLine="31" EndColumn="6" Covered="True" />
            <Statement FileIndex="17" Line="32" Column="9" EndLine="32" EndColumn="125" Covered="True" />
            <Statement FileIndex="17" Line="33" Column="9" EndLine="33" EndColumn="24" Covered="True" />
            <Statement FileIndex="17" Line="34" Column="5" EndLine="34" EndColumn="6" Covered="True" />
          </Method>
        </Type>
        <Type Name="&lt;UpdateProductAsync&gt;d__6" CoveredStatements="5" TotalStatements="5" CoveragePercent="100">
          <Method Name="MoveNext():System.Void" CoveredStatements="5" TotalStatements="5" CoveragePercent="100">
            <Statement FileIndex="17" Line="45" Column="5" EndLine="45" EndColumn="6" Covered="True" />
            <Statement FileIndex="17" Line="46" Column="9" EndLine="46" EndColumn="52" Covered="True" />
            <Statement FileIndex="17" Line="47" Column="9" EndLine="47" EndColumn="82" Covered="True" />
            <Statement FileIndex="17" Line="49" Column="9" EndLine="51" EndColumn="20" Covered="True" />
            <Statement FileIndex="17" Line="52" Column="5" EndLine="52" EndColumn="6" Covered="True" />
          </Method>
        </Type>
        <Method Name=".ctor(CoffeeSpace.ProductApi.Persistence.Abstractions.IProductDbContext):System.Void" CoveredStatements="4" TotalStatements="4" CoveragePercent="100">
          <Statement FileIndex="17" Line="13" Column="5" EndLine="13" EndColumn="65" Covered="True" />
          <Statement FileIndex="17" Line="14" Column="5" EndLine="14" EndColumn="6" Covered="True" />
          <Statement FileIndex="17" Line="15" Column="9" EndLine="15" EndColumn="46" Covered="True" />
          <Statement FileIndex="17" Line="16" Column="5" EndLine="16" EndColumn="6" Covered="True" />
        </Method>
        <Method Name="GetCountAsync(System.Threading.CancellationToken):System.Threading.Tasks.Task&lt;System.Int32&gt;" CoveredStatements="4" TotalStatements="4" CoveragePercent="100">
          <Statement FileIndex="17" Line="19" Column="5" EndLine="19" EndColumn="6" Covered="True" />
          <Statement FileIndex="17" Line="20" Column="9" EndLine="20" EndColumn="78" Covered="True" />
          <Statement FileIndex="17" Line="21" Column="9" EndLine="21" EndColumn="22" Covered="True" />
          <Statement FileIndex="17" Line="22" Column="5" EndLine="22" EndColumn="6" Covered="True" />
        </Method>
      </Type>
    </Namespace>
    <Namespace Name="CoffeeSpace.ProductApi.Application.Validators" CoveredStatements="25" TotalStatements="25" CoveragePercent="100">
      <Type Name="CreateProductRequestValidator" CoveredStatements="8" TotalStatements="8" CoveragePercent="100">
        <Method Name=".ctor():System.Void" CoveredStatements="8" TotalStatements="8" CoveragePercent="100">
          <Statement FileIndex="18" Line="8" Column="5" EndLine="8" EndColumn="43" Covered="True" />
          <Statement FileIndex="18" Line="9" Column="5" EndLine="9" EndColumn="6" Covered="True" />
          <Statement FileIndex="18" Line="10" Column="9" EndLine="12" EndColumn="24" Covered="True" />
          <Statement FileIndex="18" Line="14" Column="9" EndLine="16" EndColumn="24" Covered="True" />
          <Statement FileIndex="18" Line="18" Column="9" EndLine="22" EndColumn="35" Covered="True" />
          <Statement FileIndex="18" Line="24" Column="9" EndLine="28" EndColumn="27" Covered="True" />
          <Statement FileIndex="18" Line="30" Column="9" EndLine="33" EndColumn="29" Covered="True" />
          <Statement FileIndex="18" Line="34" Column="5" EndLine="34" EndColumn="6" Covered="True" />
        </Method>
      </Type>
      <Type Name="ProductResponseValidator" CoveredStatements="9" TotalStatements="9" CoveragePercent="100">
        <Method Name=".ctor():System.Void" CoveredStatements="9" TotalStatements="9" CoveragePercent="100">
          <Statement FileIndex="19" Line="8" Column="5" EndLine="8" EndColumn="38" Covered="True" />
          <Statement FileIndex="19" Line="9" Column="5" EndLine="9" EndColumn="6" Covered="True" />
          <Statement FileIndex="19" Line="10" Column="9" EndLine="12" EndColumn="24" Covered="True" />
          <Statement FileIndex="19" Line="14" Column="9" EndLine="16" EndColumn="24" Covered="True" />
          <Statement FileIndex="19" Line="18" Column="9" EndLine="20" EndColumn="24" Covered="True" />
          <Statement FileIndex="19" Line="22" Column="9" EndLine="26" EndColumn="35" Covered="True" />
          <Statement FileIndex="19" Line="28" Column="9" EndLine="32" EndColumn="27" Covered="True" />
          <Statement FileIndex="19" Line="34" Column="9" EndLine="37" EndColumn="29" Covered="True" />
          <Statement FileIndex="19" Line="38" Column="5" EndLine="38" EndColumn="6" Covered="True" />
        </Method>
      </Type>
      <Type Name="UpdateProductRequestValidator" CoveredStatements="8" TotalStatements="8" CoveragePercent="100">
        <Method Name=".ctor():System.Void" CoveredStatements="8" TotalStatements="8" CoveragePercent="100">
          <Statement FileIndex="20" Line="8" Column="5" EndLine="8" EndColumn="43" Covered="True" />
          <Statement FileIndex="20" Line="9" Column="5" EndLine="9" EndColumn="6" Covered="True" />
          <Statement FileIndex="20" Line="10" Column="9" EndLine="12" EndColumn="24" Covered="True" />
          <Statement FileIndex="20" Line="14" Column="9" EndLine="16" EndColumn="24" Covered="True" />
          <Statement FileIndex="20" Line="18" Column="9" EndLine="22" EndColumn="35" Covered="True" />
          <Statement FileIndex="20" Line="24" Column="9" EndLine="28" EndColumn="27" Covered="True" />
          <Statement FileIndex="20" Line="30" Column="9" EndLine="33" EndColumn="29" Covered="True" />
          <Statement FileIndex="20" Line="34" Column="5" EndLine="34" EndColumn="6" Covered="True" />
        </Method>
      </Type>
    </Namespace>
    <Namespace Name="CoffeeSpace.ProductApi.Controllers" CoveredStatements="27" TotalStatements="27" CoveragePercent="100">
      <Type Name="ProductsController" CoveredStatements="27" TotalStatements="27" CoveragePercent="100">
        <Type Name="&lt;&gt;c" CoveredStatements="1" TotalStatements="1" CoveragePercent="100">
          <Method Name="&lt;GetAll&gt;b__2_0(CoffeeSpace.Domain.Products.Product):CoffeeSpace.ProductApi.Application.Contracts.Responses.ProductResponse" CoveredStatements="1" TotalStatements="1" CoveragePercent="100">
            <Statement FileIndex="21" Line="27" Column="52" EndLine="27" EndColumn="72" Covered="True" />
          </Method>
        </Type>
        <Type Name="&lt;Create&gt;d__4" CoveredStatements="5" TotalStatements="5" CoveragePercent="100">
          <Method Name="MoveNext():System.Void" CoveredStatements="5" TotalStatements="5" CoveragePercent="100">
            <Statement FileIndex="21" Line="43" Column="5" EndLine="43" EndColumn="6" Covered="True" />
            <Statement FileIndex="21" Line="44" Column="9" EndLine="44" EndColumn="43" Covered="True" />
            <Statement FileIndex="21" Line="45" Column="9" EndLine="45" EndColumn="96" Covered="True" />
            <Statement FileIndex="21" Line="47" Column="9" EndLine="49" EndColumn="28" Covered="True" />
            <Statement FileIndex="21" Line="50" Column="5" EndLine="50" EndColumn="6" Covered="True" />
          </Method>
        </Type>
        <Type Name="&lt;Delete&gt;d__6" CoveredStatements="4" TotalStatements="4" CoveragePercent="100">
          <Method Name="MoveNext():System.Void" CoveredStatements="4" TotalStatements="4" CoveragePercent="100">
            <Statement FileIndex="21" Line="64" Column="5" EndLine="64" EndColumn="6" Covered="True" />
            <Statement FileIndex="21" Line="65" Column="9" EndLine="65" EndColumn="114" Covered="True" />
            <Statement FileIndex="21" Line="66" Column="9" EndLine="68" EndColumn="26" Covered="True" />
            <Statement FileIndex="21" Line="69" Column="5" EndLine="69" EndColumn="6" Covered="True" />
          </Method>
        </Type>
        <Type Name="&lt;GetAll&gt;d__2" CoveredStatements="5" TotalStatements="5" CoveragePercent="100">
          <Method Name="MoveNext():System.Void" CoveredStatements="5" TotalStatements="5" CoveragePercent="100">
            <Statement FileIndex="21" Line="25" Column="5" EndLine="25" EndColumn="6" Covered="True" />
            <Statement FileIndex="21" Line="26" Column="9" EndLine="26" EndColumn="88" Covered="True" />
            <Statement FileIndex="21" Line="27" Column="9" EndLine="27" EndColumn="74" Covered="True" />
            <Statement FileIndex="21" Line="29" Column="9" EndLine="29" EndColumn="30" Covered="True" />
            <Statement FileIndex="21" Line="30" Column="5" EndLine="30" EndColumn="6" Covered="True" />
          </Method>
        </Type>
        <Type Name="&lt;GetById&gt;d__3" CoveredStatements="4" TotalStatements="4" CoveragePercent="100">
          <Method Name="MoveNext():System.Void" CoveredStatements="4" TotalStatements="4" CoveragePercent="100">
            <Statement FileIndex="21" Line="34" Column="5" EndLine="34" EndColumn="6" Covered="True" />
            <Statement FileIndex="21" Line="35" Column="9" EndLine="35" EndColumn="110" Covered="True" />
            <Statement FileIndex="21" Line="36" Column="9" EndLine="38" EndColumn="26" Covered="True" />
            <Statement FileIndex="21" Line="39" Column="5" EndLine="39" EndColumn="6" Covered="True" />
          </Method>
        </Type>
        <Type Name="&lt;Update&gt;d__5" CoveredStatements="4" TotalStatements="4" CoveragePercent="100">
          <Method Name="MoveNext():System.Void" CoveredStatements="4" TotalStatements="4" CoveragePercent="100">
            <Statement FileIndex="21" Line="54" Column="5" EndLine="54" EndColumn="6" Covered="True" />
            <Statement FileIndex="21" Line="55" Column="9" EndLine="55" EndColumn="116" Covered="True" />
            <Statement FileIndex="21" Line="57" Column="9" EndLine="59" EndColumn="26" Covered="True" />
            <Statement FileIndex="21" Line="60" Column="5" EndLine="60" EndColumn="6" Covered="True" />
          </Method>
        </Type>
        <Method Name=".ctor(CoffeeSpace.ProductApi.Application.Repositories.Abstractions.IProductRepository):System.Void" CoveredStatements="4" TotalStatements="4" CoveragePercent="100">
          <Statement FileIndex="21" Line="18" Column="5" EndLine="18" EndColumn="68" Covered="True" />
          <Statement FileIndex="21" Line="19" Column="5" EndLine="19" EndColumn="6" Covered="True" />
          <Statement FileIndex="21" Line="20" Column="9" EndLine="20" EndColumn="48" Covered="True" />
          <Statement FileIndex="21" Line="21" Column="5" EndLine="21" EndColumn="6" Covered="True" />
        </Method>
      </Type>
    </Namespace>
    <Type Name="Program" CoveredStatements="42" TotalStatements="42" CoveragePercent="100">
      <Type Name="&lt;&gt;c" CoveredStatements="14" TotalStatements="14" CoveragePercent="100">
        <Method Name="&lt;&lt;Main&gt;$&gt;b__0_0(Microsoft.Extensions.Hosting.HostBuilderContext,Serilog.LoggerConfiguration):System.Void" CoveredStatements="1" TotalStatements="1" CoveragePercent="100">
          <Statement FileIndex="30" Line="24" Column="5" EndLine="25" EndColumn="42" Covered="True" />
        </Method>
        <Method Name="&lt;&lt;Main&gt;$&gt;b__0_2(MassTransit.IBusRegistrationConfigurator):System.Void" CoveredStatements="6" TotalStatements="6" CoveragePercent="100">
          <Statement FileIndex="30" Line="50" Column="1" EndLine="50" EndColumn="2" Covered="True" />
          <Statement FileIndex="30" Line="51" Column="5" EndLine="51" EndColumn="43" Covered="True" />
          <Statement FileIndex="30" Line="52" Column="5" EndLine="52" EndColumn="51" Covered="True" />
          <Statement FileIndex="30" Line="54" Column="5" EndLine="54" EndColumn="32" Covered="True" />
          <Statement FileIndex="30" Line="55" Column="5" EndLine="68" EndColumn="8" Covered="True" />
          <Statement FileIndex="30" Line="69" Column="1" EndLine="69" EndColumn="2" Covered="True" />
        </Method>
        <Method Name="&lt;&lt;Main&gt;$&gt;b__0_3(MassTransit.IBusRegistrationContext,MassTransit.IAmazonSqsBusFactoryConfigurator):System.Void" CoveredStatements="7" TotalStatements="7" CoveragePercent="100">
          <Statement FileIndex="30" Line="56" Column="5" EndLine="56" EndColumn="6" Covered="True" />
          <Statement FileIndex="30" Line="57" Column="9" EndLine="57" EndColumn="94" Covered="True" />
          <Statement FileIndex="30" Line="58" Column="9" EndLine="62" EndColumn="12" Covered="True" />
          <Statement FileIndex="30" Line="64" Column="9" EndLine="64" EndColumn="50" Covered="True" />
          <Statement FileIndex="30" Line="66" Column="9" EndLine="66" EndColumn="52" Covered="True" />
          <Statement FileIndex="30" Line="67" Column="9" EndLine="67" EndColumn="54" Covered="True" />
          <Statement FileIndex="30" Line="68" Column="5" EndLine="68" EndColumn="6" Covered="True" />
        </Method>
      </Type>
      <Type Name="&lt;&gt;c__DisplayClass0_0" CoveredStatements="1" TotalStatements="1" CoveragePercent="100">
        <Method Name="&lt;&lt;Main&gt;$&gt;b__1(Microsoft.Extensions.Caching.StackExchangeRedis.RedisCacheOptions):System.Void" CoveredStatements="1" TotalStatements="1" CoveragePercent="100">
          <Statement FileIndex="30" Line="30" Column="50" EndLine="30" EndColumn="115" Covered="True" />
        </Method>
      </Type>
      <Type Name="&lt;&gt;c__DisplayClass0_1" CoveredStatements="4" TotalStatements="4" CoveragePercent="100">
        <Method Name="&lt;&lt;Main&gt;$&gt;b__4(MassTransit.IAmazonSqsHostConfigurator):System.Void" CoveredStatements="4" TotalStatements="4" CoveragePercent="100">
          <Statement FileIndex="30" Line="59" Column="9" EndLine="59" EndColumn="10" Covered="True" />
          <Statement FileIndex="30" Line="60" Column="13" EndLine="60" EndColumn="63" Covered="True" />
          <Statement FileIndex="30" Line="61" Column="13" EndLine="61" EndColumn="63" Covered="True" />
          <Statement FileIndex="30" Line="62" Column="9" EndLine="62" EndColumn="10" Covered="True" />
        </Method>
      </Type>
      <Method Name="&lt;Main&gt;$(System.String[]):System.Void" CoveredStatements="23" TotalStatements="23" CoveragePercent="100">
        <Statement FileIndex="30" Line="18" Column="1" EndLine="18" EndColumn="50" Covered="True" />
        <Statement FileIndex="30" Line="20" Column="1" EndLine="20" EndColumn="42" Covered="True" />
        <Statement FileIndex="30" Line="21" Column="1" EndLine="21" EndColumn="45" Covered="True" />
        <Statement FileIndex="30" Line="23" Column="1" EndLine="25" EndColumn="44" Covered="True" />
        <Statement FileIndex="30" Line="27" Column="1" EndLine="27" EndColumn="35" Covered="True" />
        <Statement FileIndex="30" Line="28" Column="1" EndLine="28" EndColumn="81" Covered="True" />
        <Statement FileIndex="30" Line="30" Column="1" EndLine="30" EndColumn="117" Covered="True" />
        <Statement FileIndex="30" Line="31" Column="1" EndLine="31" EndColumn="127" Covered="True" />
        <Statement FileIndex="30" Line="33" Column="1" EndLine="33" EndColumn="62" Covered="True" />
        <Statement FileIndex="30" Line="35" Column="1" EndLine="35" EndColumn="65" Covered="True" />
        <Statement FileIndex="30" Line="36" Column="1" EndLine="36" EndColumn="74" Covered="True" />
        <Statement FileIndex="30" Line="38" Column="1" EndLine="39" EndColumn="128" Covered="True" />
        <Statement FileIndex="30" Line="41" Column="1" EndLine="43" EndColumn="24" Covered="True" />
        <Statement FileIndex="30" Line="45" Column="1" EndLine="47" EndColumn="24" Covered="True" />
        <Statement FileIndex="30" Line="49" Column="1" EndLine="69" EndColumn="4" Covered="True" />
        <Statement FileIndex="30" Line="71" Column="1" EndLine="71" EndColumn="50" Covered="True" />
        <Statement FileIndex="30" Line="73" Column="1" EndLine="73" EndColumn="27" Covered="True" />
        <Statement FileIndex="30" Line="75" Column="1" EndLine="75" EndColumn="32" Covered="True" />
        <Statement FileIndex="30" Line="76" Column="1" EndLine="76" EndColumn="33" Covered="True" />
        <Statement FileIndex="30" Line="78" Column="1" EndLine="78" EndColumn="25" Covered="True" />
        <Statement FileIndex="30" Line="79" Column="1" EndLine="79" EndColumn="24" Covered="True" />
        <Statement FileIndex="30" Line="81" Column="1" EndLine="81" EndColumn="22" Covered="True" />
        <Statement FileIndex="30" Line="83" Column="1" EndLine="83" EndColumn="11" Covered="True" />
      </Method>
    </Type>
  </Assembly>
  <Assembly Name="CoffeeSpace.ShipmentService" CoveredStatements="9" TotalStatements="35" CoveragePercent="26">
    <Namespace Name="CoffeeSpace.ShipmentService.Consumers" CoveredStatements="9" TotalStatements="9" CoveragePercent="100">
      <Type Name="RequestOrderShipmentConsumer" CoveredStatements="9" TotalStatements="9" CoveragePercent="100">
        <Type Name="&lt;Consume&gt;d__2" CoveredStatements="5" TotalStatements="5" CoveragePercent="100">
          <Method Name="MoveNext():System.Void" CoveredStatements="5" TotalStatements="5" CoveragePercent="100">
            <Statement FileIndex="36" Line="17" Column="5" EndLine="17" EndColumn="6" Covered="True" />
            <Statement FileIndex="36" Line="19" Column="9" EndLine="19" EndColumn="51" Covered="True" />
            <Statement FileIndex="36" Line="21" Column="9" EndLine="21" EndColumn="138" Covered="True" />
            <Statement FileIndex="36" Line="22" Column="9" EndLine="25" EndColumn="12" Covered="True" />
            <Statement FileIndex="36" Line="26" Column="5" EndLine="26" EndColumn="6" Covered="True" />
          </Method>
        </Type>
        <Method Name=".ctor(Microsoft.Extensions.Logging.ILogger&lt;CoffeeSpace.ShipmentService.Consumers.RequestOrderShipmentConsumer&gt;):System.Void" CoveredStatements="4" TotalStatements="4" CoveragePercent="100">
          <Statement FileIndex="36" Line="11" Column="5" EndLine="11" EndColumn="86" Covered="True" />
          <Statement FileIndex="36" Line="12" Column="5" EndLine="12" EndColumn="6" Covered="True" />
          <Statement FileIndex="36" Line="13" Column="9" EndLine="13" EndColumn="26" Covered="True" />
          <Statement FileIndex="36" Line="14" Column="5" EndLine="14" EndColumn="6" Covered="True" />
        </Method>
      </Type>
    </Namespace>
    <Type Name="Program" CoveredStatements="0" TotalStatements="26" CoveragePercent="0">
      <Type Name="&lt;&gt;c" CoveredStatements="0" TotalStatements="13" CoveragePercent="0">
        <Method Name="&lt;&lt;Main&gt;$&gt;b__0_0(Microsoft.Extensions.Hosting.HostBuilderContext,Serilog.LoggerConfiguration):System.Void" CoveredStatements="0" TotalStatements="1" CoveragePercent="0">
          <Statement FileIndex="37" Line="13" Column="5" EndLine="14" EndColumn="47" Covered="False" />
        </Method>
        <Method Name="&lt;&lt;Main&gt;$&gt;b__0_1(MassTransit.IBusRegistrationConfigurator):System.Void" CoveredStatements="0" TotalStatements="5" CoveragePercent="0">
          <Statement FileIndex="37" Line="21" Column="1" EndLine="21" EndColumn="2" Covered="False" />
          <Statement FileIndex="37" Line="22" Column="5" EndLine="22" EndColumn="43" Covered="False" />
          <Statement FileIndex="37" Line="23" Column="5" EndLine="23" EndColumn="51" Covered="False" />
          <Statement FileIndex="37" Line="25" Column="5" EndLine="37" EndColumn="8" Covered="False" />
          <Statement FileIndex="37" Line="38" Column="1" EndLine="38" EndColumn="2" Covered="False" />
        </Method>
        <Method Name="&lt;&lt;Main&gt;$&gt;b__0_2(MassTransit.IBusRegistrationContext,MassTransit.IAmazonSqsBusFactoryConfigurator):System.Void" CoveredStatements="0" TotalStatements="7" CoveragePercent="0">
          <Statement FileIndex="37" Line="26" Column="5" EndLine="26" EndColumn="6" Covered="False" />
          <Statement FileIndex="37" Line="27" Column="9" EndLine="27" EndColumn="94" Covered="False" />
          <Statement FileIndex="37" Line="28" Column="9" EndLine="32" EndColumn="12" Covered="False" />
          <Statement FileIndex="37" Line="33" Column="9" EndLine="33" EndColumn="46" Covered="False" />
          <Statement FileIndex="37" Line="34" Column="9" EndLine="34" EndColumn="48" Covered="False" />
          <Statement FileIndex="37" Line="36" Column="9" EndLine="36" EndColumn="44" Covered="False" />
          <Statement FileIndex="37" Line="37" Column="5" EndLine="37" EndColumn="6" Covered="False" />
        </Method>
      </Type>
      <Type Name="&lt;&gt;c__DisplayClass0_0" CoveredStatements="0" TotalStatements="4" CoveragePercent="0">
        <Method Name="&lt;&lt;Main&gt;$&gt;b__3(MassTransit.IAmazonSqsHostConfigurator):System.Void" CoveredStatements="0" TotalStatements="4" CoveragePercent="0">
          <Statement FileIndex="37" Line="29" Column="9" EndLine="29" EndColumn="10" Covered="False" />
          <Statement FileIndex="37" Line="30" Column="13" EndLine="30" EndColumn="57" Covered="False" />
          <Statement FileIndex="37" Line="31" Column="13" EndLine="31" EndColumn="57" Covered="False" />
          <Statement FileIndex="37" Line="32" Column="9" EndLine="32" EndColumn="10" Covered="False" />
        </Method>
      </Type>
      <Method Name="&lt;Main&gt;$(System.String[]):System.Void" CoveredStatements="0" TotalStatements="9" CoveragePercent="0">
        <Statement FileIndex="37" Line="8" Column="1" EndLine="8" EndColumn="50" Covered="False" />
        <Statement FileIndex="37" Line="10" Column="1" EndLine="10" EndColumn="42" Covered="False" />
        <Statement FileIndex="37" Line="12" Column="1" EndLine="14" EndColumn="49" Covered="False" />
        <Statement FileIndex="37" Line="16" Column="1" EndLine="18" EndColumn="25" Covered="False" />
        <Statement FileIndex="37" Line="20" Column="1" EndLine="38" EndColumn="4" Covered="False" />
        <Statement FileIndex="37" Line="40" Column="1" EndLine="40" EndColumn="36" Covered="False" />
        <Statement FileIndex="37" Line="41" Column="1" EndLine="41" EndColumn="27" Covered="False" />
        <Statement FileIndex="37" Line="43" Column="1" EndLine="43" EndColumn="33" Covered="False" />
        <Statement FileIndex="37" Line="45" Column="1" EndLine="45" EndColumn="11" Covered="False" />
      </Method>
    </Type>
  </Assembly>
</Root>