<?xml version="1.0" encoding="utf-8"?>
<Root CoveredStatements="3662" TotalStatements="3974" CoveragePercent="92" ReportType="DetailedXml" DotCoverVersion="2023.2.1">
  <FileIndices>
    <File Index="1" Name="D:\Codes\CoffeeSpace\CoffeeSpace.Core\Attributes\Decorator.cs" ChecksumAlgorithm="SHA256" Checksum="C3F3F161398A0F978DEA71CB2CDAEC0D4DF52AD3B428737B7A11D10106C0D26C" />
    <File Index="2" Name="D:\Codes\CoffeeSpace\CoffeeSpace.Core\Extensions\ApplicationDbExtensions.cs" ChecksumAlgorithm="SHA256" Checksum="91EC66E74B244B079D45215EBB661BD6358A4537F5BFF713061A4713F3D63B7A" />
    <File Index="3" Name="D:\Codes\CoffeeSpace\CoffeeSpace.Core\Extensions\ApplicationServiceExtensions.cs" ChecksumAlgorithm="SHA256" Checksum="2DDD452F796CDC9B269CC3CA9192AF9EB4756C03DAB61B4D16755ABEAB2ABF59" />
    <File Index="4" Name="D:\Codes\CoffeeSpace\CoffeeSpace.Core\Extensions\AzureKeyVaultExtensions.cs" ChecksumAlgorithm="SHA256" Checksum="2484074966FA4388E9E1F5B5DE9A984CFD8A876ACAD506D2642A6A8F539B6F2C" />
    <File Index="5" Name="D:\Codes\CoffeeSpace\CoffeeSpace.Core\Extensions\DbContextExtensions.cs" ChecksumAlgorithm="SHA256" Checksum="E7EB89F59D375CD5208C452B446D340ECCD3993D8AAC9D26FD87363CFC0D0662" />
    <File Index="6" Name="D:\Codes\CoffeeSpace\CoffeeSpace.Core\Extensions\DbContextSettingsExtensions.cs" ChecksumAlgorithm="SHA256" Checksum="AEAFB4F719C4FFC9867EFAD1405181A54F5915F20932B730F5D2F36A4EBF84E3" />
    <File Index="7" Name="D:\Codes\CoffeeSpace\CoffeeSpace.Core\Extensions\JwtBearerExtensions.cs" ChecksumAlgorithm="SHA256" Checksum="DCC5C7B5BCEC7A19D6997F566BCAA9C60564C3C736CD0F163261D750D3F882A0" />
    <File Index="8" Name="D:\Codes\CoffeeSpace\CoffeeSpace.Core\Extensions\RateLimiterExtensions.cs" ChecksumAlgorithm="SHA256" Checksum="2529A5844C1E789F1B9E29C967FBBB2193B96703D39028AA0A333A60C4D5F5EC" />
    <File Index="9" Name="D:\Codes\CoffeeSpace\CoffeeSpace.Core\Services\Abstractions\ICacheService.cs" ChecksumAlgorithm="SHA256" Checksum="D2C638DFC7FCE546B2EC74DA608991EB3025C5D9F8D2CF8FFFBA8FDABA665052" />
    <File Index="10" Name="D:\Codes\CoffeeSpace\CoffeeSpace.Core\Services\CacheService.cs" ChecksumAlgorithm="SHA256" Checksum="CB9739229CA015AE71F6BDA3C5087CF6240EC55193C73DBCE3E106384A7087E7" />
    <File Index="11" Name="D:\Codes\CoffeeSpace\CoffeeSpace.Core\Services\PrefixKeyVaultSecretManager.cs" ChecksumAlgorithm="SHA256" Checksum="6350918E85924CF821B892D744424D02E9F315233821600433CCD4BAB2BF4026" />
    <File Index="12" Name="D:\Codes\CoffeeSpace\CoffeeSpace.Core\Settings\AwsMessagingSettings.cs" ChecksumAlgorithm="SHA256" Checksum="69D0237CA7AB5E1ED8ED8D92133313D5978D308D7177375D36E25E620561BC9F" />
    <File Index="13" Name="D:\Codes\CoffeeSpace\CoffeeSpace.Core\Settings\JwtSettings.cs" ChecksumAlgorithm="SHA256" Checksum="E5AEF6E2CF227EDAC6AC43A15781CFFAB634E53E540CFF02A8685BC3EE315098" />
    <File Index="14" Name="D:\Codes\CoffeeSpace\CoffeeSpace.Core\Settings\PostgresDbContextSettings.cs" ChecksumAlgorithm="SHA256" Checksum="5CDF7F8D8C1F1615F057210AC8F85E57A5231749438FEE5A6D6F3D5DF2BF1E2D" />
    <File Index="15" Name="D:\Codes\CoffeeSpace\CoffeeSpace.Core\Settings\RabbitMqSettings.cs" ChecksumAlgorithm="SHA256" Checksum="F163FA9BBB7F6ED1B3757F7C1DEAA7334C09315DBE0313B7677A6B21A8D77178" />
    <File Index="16" Name="D:\Codes\CoffeeSpace\CoffeeSpace.Core\obj\Debug\net7.0\CoffeeSpace.Core.GlobalUsings.g.cs" ChecksumAlgorithm="SHA256" Checksum="F3F134E9E825E3E7268090F58B1AF2BDA2DE513F61A09C56F48B9B8D08612ABC" />
    <File Index="17" Name="D:\Codes\CoffeeSpace\CoffeeSpace.Core\obj\Debug\net7.0\.NETCoreApp,Version=v7.0.AssemblyAttributes.cs" ChecksumAlgorithm="SHA256" Checksum="AC9DDB5EE1D6ADC61057F3029BF0242B3F619F1F85D4CC8FFA956B76EA48D939" />
    <File Index="18" Name="D:\Codes\CoffeeSpace\CoffeeSpace.Core\obj\Debug\net7.0\CoffeeSpace.Core.AssemblyInfo.cs" ChecksumAlgorithm="SHA256" Checksum="915127B4B4792ABE28D4C4FB8BD7D96C2854CAFF3A7D50061A5DAA44B5BD6A15" />
    <File Index="19" Name="D:\Codes\CoffeeSpace\tests\Unit Tests\CoffeeSpace.PaymentService.Tests\Consumers\OrderPaymentValidationConsumerTests.cs" ChecksumAlgorithm="SHA256" Checksum="45BDB09022CC155B71A91F30F3D4D89DCA4BF42E8D2F0415B9E0BD4220D181A3" />
    <File Index="20" Name="D:\Codes\CoffeeSpace\tests\Unit Tests\CoffeeSpace.PaymentService.Tests\Repositories\PaymentHistoryRepositoryTests.cs" ChecksumAlgorithm="SHA256" Checksum="6160BBF46B04197C34501509B889F9796FC01AFF632E57EBF952E9EBE68819A9" />
    <File Index="21" Name="C:\Users\nikit\.nuget\packages\microsoft.net.test.sdk\17.7.2\build\netcoreapp3.1\Microsoft.NET.Test.Sdk.Program.cs" ChecksumAlgorithm="SHA256" Checksum="D66F12F9433816A8C7DC1B2ACB9E1010F5418F5EEB51E80F1DF57AA1DCAB8D8A" />
    <File Index="22" Name="D:\Codes\CoffeeSpace\tests\Unit Tests\CoffeeSpace.PaymentService.Tests\obj\Debug\net7.0\CoffeeSpace.PaymentService.Tests.GlobalUsings.g.cs" ChecksumAlgorithm="SHA256" Checksum="F3F134E9E825E3E7268090F58B1AF2BDA2DE513F61A09C56F48B9B8D08612ABC" />
    <File Index="23" Name="D:\Codes\CoffeeSpace\tests\Unit Tests\CoffeeSpace.PaymentService.Tests\obj\Debug\net7.0\.NETCoreApp,Version=v7.0.AssemblyAttributes.cs" ChecksumAlgorithm="SHA256" Checksum="AC9DDB5EE1D6ADC61057F3029BF0242B3F619F1F85D4CC8FFA956B76EA48D939" />
    <File Index="24" Name="D:\Codes\CoffeeSpace\tests\Unit Tests\CoffeeSpace.PaymentService.Tests\obj\Debug\net7.0\CoffeeSpace.PaymentService.Tests.AssemblyInfo.cs" ChecksumAlgorithm="SHA256" Checksum="DFE50DB3D335FF5BFE3205EFF4D73B59A4DA8D0F3BDEF03A07905B1939A020D7" />
    <File Index="25" Name="D:\Codes\CoffeeSpace\CoffeeSpace.PaymentService\Consumers\OrderPaymentValidationConsumer.cs" ChecksumAlgorithm="SHA256" Checksum="763AA252B5D927972CE29CC1DAA1D75125481881E6AFE4FFA5878359A4D8901E" />
    <File Index="26" Name="D:\Codes\CoffeeSpace\CoffeeSpace.PaymentService\Extensions\HealthChecksExtensions.cs" ChecksumAlgorithm="SHA256" Checksum="199D43A4A213A19FE9127FA585A374C7113B8F61128767F9683AEBCA4331484C" />
    <File Index="27" Name="D:\Codes\CoffeeSpace\CoffeeSpace.PaymentService\Models\PaymentHistory.cs" ChecksumAlgorithm="SHA256" Checksum="3515EAC15DDD888DE58BE55F8DD760C95CE563C589787633A81471145F2339E8" />
    <File Index="28" Name="D:\Codes\CoffeeSpace\CoffeeSpace.PaymentService\Persistence\Abstractions\IPaymentDbContext.cs" ChecksumAlgorithm="SHA256" Checksum="8E88B43C7EAAAAC508BBCBF1426C02A63FB7A16F20810423B0EE79B35F8D257E" />
    <File Index="29" Name="D:\Codes\CoffeeSpace\CoffeeSpace.PaymentService\Persistence\Configurations\PaymentHistoryConfigurations.cs" ChecksumAlgorithm="SHA256" Checksum="E86C6F528505AE70432FC8DDE4C7F4835FB51BDA5EA5BA536496B89F787F3E84" />
    <File Index="30" Name="D:\Codes\CoffeeSpace\CoffeeSpace.PaymentService\Persistence\Migrations\Init.cs" ChecksumAlgorithm="SHA256" Checksum="49A9D72FEBA029AB25C178F637D419F2F11B5492AA3E80A38456E2EC0085FAD3" />
    <File Index="31" Name="D:\Codes\CoffeeSpace\CoffeeSpace.PaymentService\Persistence\Migrations\Init.Designer.cs" ChecksumAlgorithm="SHA256" Checksum="54409460EA21F4FEC2028F0698446B67227C6AFA1186B89DB77436C8C6C0513A" />
    <File Index="32" Name="D:\Codes\CoffeeSpace\CoffeeSpace.PaymentService\Persistence\Migrations\PaymentDbContextModelSnapshot.cs" ChecksumAlgorithm="SHA256" Checksum="244EFE1703D229ED2ECE65BEA729993548D1C380C212731C9AB5DBF2E0715226" />
    <File Index="33" Name="D:\Codes\CoffeeSpace\CoffeeSpace.PaymentService\Persistence\PaymentDbContext.cs" ChecksumAlgorithm="SHA256" Checksum="C1DE5E03BCE0FA2CBB545F6DA5665B59D585F5686E4FBAA506EF60CFECAF3818" />
    <File Index="34" Name="D:\Codes\CoffeeSpace\CoffeeSpace.PaymentService\Program.cs" ChecksumAlgorithm="SHA256" Checksum="90B4EC1753827DB1D593B7D2B1AAF822092A42CFFC0F7FD5281EF1FAEC397AC3" />
    <File Index="35" Name="D:\Codes\CoffeeSpace\CoffeeSpace.PaymentService\Repositories\Abstractions\IPaymentHistoryRepository.cs" ChecksumAlgorithm="SHA256" Checksum="C72DDF50F3AB938A10F554F154A3E4123C99842C549B79F8257F8E31385C9933" />
    <File Index="36" Name="D:\Codes\CoffeeSpace\CoffeeSpace.PaymentService\Repositories\PaymentHistoryRepository.cs" ChecksumAlgorithm="SHA256" Checksum="32EA4843F1F3D04C6366B66BDEC59B6FBF013BE3573FD4EB44E59BB7F1780EC5" />
    <File Index="37" Name="D:\Codes\CoffeeSpace\CoffeeSpace.PaymentService\obj\Debug\net7.0\CoffeeSpace.PaymentService.GlobalUsings.g.cs" ChecksumAlgorithm="SHA256" Checksum="1BC1691037C29525F4B104FE05A77BBEF040A27CCE2AB784ED28226F8C8B5E35" />
    <File Index="38" Name="D:\Codes\CoffeeSpace\CoffeeSpace.PaymentService\obj\Debug\net7.0\.NETCoreApp,Version=v7.0.AssemblyAttributes.cs" ChecksumAlgorithm="SHA256" Checksum="AC9DDB5EE1D6ADC61057F3029BF0242B3F619F1F85D4CC8FFA956B76EA48D939" />
    <File Index="39" Name="D:\Codes\CoffeeSpace\CoffeeSpace.PaymentService\obj\Debug\net7.0\CoffeeSpace.PaymentService.AssemblyInfo.cs" ChecksumAlgorithm="SHA256" Checksum="E4B6C93B02247722B3E8F025A7EF135E256B6F12DE587D199B86454CB2710A44" />
    <File Index="40" Name="D:\Codes\CoffeeSpace\CoffeeSpace.PaymentService\obj\Debug\net7.0\CoffeeSpace.PaymentService.MvcApplicationPartsAssemblyInfo.cs" ChecksumAlgorithm="SHA256" Checksum="6488EDCDB8CF046D273B787929D04536A29E266E11827C176D6B34F451C78224" />
    <File Index="41" Name="D:\Codes\CoffeeSpace\CoffeeSpace.ShipmentService\Consumers\RequestOrderShipmentConsumer.cs" ChecksumAlgorithm="SHA256" Checksum="A6C48364B77545429ED353D431E9E5788B6B7EB715B7E582B2DEAB67CE98DECA" />
    <File Index="42" Name="D:\Codes\CoffeeSpace\CoffeeSpace.ShipmentService\Program.cs" ChecksumAlgorithm="SHA256" Checksum="3276B877F27074E1E1D270E06DE3890B4657279306A5D6BF0F27C253E52B65FF" />
    <File Index="43" Name="D:\Codes\CoffeeSpace\CoffeeSpace.ShipmentService\obj\Debug\net7.0\CoffeeSpace.ShipmentService.GlobalUsings.g.cs" ChecksumAlgorithm="SHA256" Checksum="1BC1691037C29525F4B104FE05A77BBEF040A27CCE2AB784ED28226F8C8B5E35" />
    <File Index="44" Name="D:\Codes\CoffeeSpace\CoffeeSpace.ShipmentService\obj\Debug\net7.0\.NETCoreApp,Version=v7.0.AssemblyAttributes.cs" ChecksumAlgorithm="SHA256" Checksum="AC9DDB5EE1D6ADC61057F3029BF0242B3F619F1F85D4CC8FFA956B76EA48D939" />
    <File Index="45" Name="D:\Codes\CoffeeSpace\CoffeeSpace.ShipmentService\obj\Debug\net7.0\CoffeeSpace.ShipmentService.AssemblyInfo.cs" ChecksumAlgorithm="SHA256" Checksum="CFADFDEDE864570342676F29BCF34A8ED9B3921872D1D0F7DECF14A2BFF89961" />
    <File Index="46" Name="D:\Codes\CoffeeSpace\CoffeeSpace.ShipmentService\obj\Debug\net7.0\CoffeeSpace.ShipmentService.MvcApplicationPartsAssemblyInfo.cs" ChecksumAlgorithm="SHA256" Checksum="6488EDCDB8CF046D273B787929D04536A29E266E11827C176D6B34F451C78224" />
    <File Index="47" Name="D:\Codes\CoffeeSpace\CoffeeSpace.Messages\Buyers\DeleteBuyer.cs" ChecksumAlgorithm="SHA256" Checksum="5D8ECCEE310214FE65D83DC929B1B4B5215D4EB133ABE81ED95DDAA4F73FC45F" />
    <File Index="48" Name="D:\Codes\CoffeeSpace\CoffeeSpace.Messages\Buyers\RegisterNewBuyer.cs" ChecksumAlgorithm="SHA256" Checksum="8D1D97A8213F7A1BA1650A0298A881A2850461518CF3294930B881AB2FC28B6D" />
    <File Index="49" Name="D:\Codes\CoffeeSpace\CoffeeSpace.Messages\Buyers\UpdateBuyer.cs" ChecksumAlgorithm="SHA256" Checksum="3222660D3DB8B9A0A76DEB9154BA5B54F848800C8B55606F4E8FB0F3E018BF31" />
    <File Index="50" Name="D:\Codes\CoffeeSpace\CoffeeSpace.Messages\Ordering\Events\CancelOrder.cs" ChecksumAlgorithm="SHA256" Checksum="5FCB421542A913EEF09D109F870A0B33C9CFE7C2666C8664934C93D26CE9E0E7" />
    <File Index="51" Name="D:\Codes\CoffeeSpace\CoffeeSpace.Messages\Ordering\Events\OrderPaymentValidation.cs" ChecksumAlgorithm="SHA256" Checksum="DFB1890F06A14FA5E50899138224784BA732E7ACE171390C33410E9B3F80EC4C" />
    <File Index="52" Name="D:\Codes\CoffeeSpace\CoffeeSpace.Messages\Ordering\Events\ShipOrder.cs" ChecksumAlgorithm="SHA256" Checksum="235DFF80D6C6A239746984D76F9FF06BEB3F19C7C79A3723800BF00C875B76D8" />
    <File Index="53" Name="D:\Codes\CoffeeSpace\CoffeeSpace.Messages\Ordering\Events\SubmitOrder.cs" ChecksumAlgorithm="SHA256" Checksum="0C6BEBD8F7CE8D570F3804DB7C0BCC0A7C9F6E14FA7A10BD2614D99A91703C84" />
    <File Index="54" Name="D:\Codes\CoffeeSpace\CoffeeSpace.Messages\Ordering\Events\UpdateOrderStatus.cs" ChecksumAlgorithm="SHA256" Checksum="11C3A7DC5C9FCAC020533D536D672A057A588EAD268F1E51FFA757B708B2D21A" />
    <File Index="55" Name="D:\Codes\CoffeeSpace\CoffeeSpace.Messages\Ordering\Responses\OrderPaymentValidationResult.cs" ChecksumAlgorithm="SHA256" Checksum="CFAE17FDFB38C13F65207A3EB9800D1747A115A6D21712268764A9E7A47AA0B3" />
    <File Index="56" Name="D:\Codes\CoffeeSpace\CoffeeSpace.Messages\Products\Events\OrderStockValidation.cs" ChecksumAlgorithm="SHA256" Checksum="33AABE8552E63AD0080788F699172B5F866B512B1D7F5EDD4D1963D0F00FC9E4" />
    <File Index="57" Name="D:\Codes\CoffeeSpace\CoffeeSpace.Messages\Products\Responses\OrderStockValidationResult.cs" ChecksumAlgorithm="SHA256" Checksum="37D4A0E320AB41BA7518FC4C957CDF6D58A4F34BBA5732E336D2284C95E170F5" />
    <File Index="58" Name="D:\Codes\CoffeeSpace\CoffeeSpace.Messages\Shipment\Events\RequestOrderShipment.cs" ChecksumAlgorithm="SHA256" Checksum="32C9CBD4D4B9687CAC585C05F1380DD14DE32A482B90BFB8147912E2BC89F54B" />
    <File Index="59" Name="D:\Codes\CoffeeSpace\CoffeeSpace.Messages\Shipment\Responses\OrderShipmentResponse.cs" ChecksumAlgorithm="SHA256" Checksum="66EE8FC35BC682217E75989AB02A2875C7A1268C59D5A864415C9A6AC1D7316F" />
    <File Index="60" Name="D:\Codes\CoffeeSpace\CoffeeSpace.Messages\obj\Debug\net7.0\CoffeeSpace.Messages.GlobalUsings.g.cs" ChecksumAlgorithm="SHA256" Checksum="F3F134E9E825E3E7268090F58B1AF2BDA2DE513F61A09C56F48B9B8D08612ABC" />
    <File Index="61" Name="D:\Codes\CoffeeSpace\CoffeeSpace.Messages\obj\Debug\net7.0\.NETCoreApp,Version=v7.0.AssemblyAttributes.cs" ChecksumAlgorithm="SHA256" Checksum="AC9DDB5EE1D6ADC61057F3029BF0242B3F619F1F85D4CC8FFA956B76EA48D939" />
    <File Index="62" Name="D:\Codes\CoffeeSpace\CoffeeSpace.Messages\obj\Debug\net7.0\CoffeeSpace.Messages.AssemblyInfo.cs" ChecksumAlgorithm="SHA256" Checksum="F5199DC945984D21E61BEDFB54349DDA0F3C64EC8729504B55E406670A4324F0" />
    <File Index="63" Name="D:\Codes\CoffeeSpace\CoffeeSpace.IdentityApi\Application\Contracts\Requests\Login\LoginRequest.cs" ChecksumAlgorithm="SHA256" Checksum="4B8A678546A81D097CE5680B853767632D5CC6AF2BF8C4A4FA3D1EAA422DC0CB" />
    <File Index="64" Name="D:\Codes\CoffeeSpace\CoffeeSpace.IdentityApi\Application\Contracts\Requests\Register\RegisterRequest.cs" ChecksumAlgorithm="SHA256" Checksum="D00B4CB0406CC8E5E5D67A748368FEE06F6F68B69274190C48895461839CBE5A" />
    <File Index="65" Name="D:\Codes\CoffeeSpace\CoffeeSpace.IdentityApi\Application\Extensions\ApiVersionExtensions.cs" ChecksumAlgorithm="SHA256" Checksum="3888E2485A0C5CD2D5787F4F36E284C02C40CBCF2C993C2C0E9DEBDFF72AE2CE" />
    <File Index="66" Name="D:\Codes\CoffeeSpace\CoffeeSpace.IdentityApi\Application\Extensions\HealthChecksExtensions.cs" ChecksumAlgorithm="SHA256" Checksum="E5617F3748053E0CC17E70ABA514CDEBF3C36F6F5FADB9F13DDBF9B0A60A1512" />
    <File Index="67" Name="D:\Codes\CoffeeSpace\CoffeeSpace.IdentityApi\Application\Extensions\IdentityExtensions.cs" ChecksumAlgorithm="SHA256" Checksum="EEC1102FEF60DD93155061426077622F476AB15E6CC3D48F5C704AF5E6F80C62" />
    <File Index="68" Name="D:\Codes\CoffeeSpace\CoffeeSpace.IdentityApi\Application\Helpers\ApiEndpoints.cs" ChecksumAlgorithm="SHA256" Checksum="E32B56FC36B45E5B9E2A3128F76531A8B298E398871A0691EC93450B73ECA9A3" />
    <File Index="69" Name="D:\Codes\CoffeeSpace\CoffeeSpace.IdentityApi\Application\Mapping\ApplicationUserMappingProfile.cs" ChecksumAlgorithm="SHA256" Checksum="50D08E406F3F81413211A784F7F2A6DED3B46230C8681983E170270C8CF40673" />
    <File Index="70" Name="D:\Codes\CoffeeSpace\CoffeeSpace.IdentityApi\Application\Messages\Commands\Handlers\RegisterUserCommandHandler.cs" ChecksumAlgorithm="SHA256" Checksum="F44259E42290437C270259B724970E850F0B32B3DA13406BE486E7C49839116C" />
    <File Index="71" Name="D:\Codes\CoffeeSpace\CoffeeSpace.IdentityApi\Application\Messages\Commands\RegisterUserCommand.cs" ChecksumAlgorithm="SHA256" Checksum="D07DDDCB24B30C575DD732F4493BBBF69260214CC3A6BAA6939CE844400AF166" />
    <File Index="72" Name="D:\Codes\CoffeeSpace\CoffeeSpace.IdentityApi\Application\Messages\Consumers\DeleteBuyerConsumer.cs" ChecksumAlgorithm="SHA256" Checksum="CB4C08034CD834D78894767C9FCF2E3A9A18E3FED12F29788BFA0C5024657B91" />
    <File Index="73" Name="D:\Codes\CoffeeSpace\CoffeeSpace.IdentityApi\Application\Messages\Consumers\UpdateBuyerConsumer.cs" ChecksumAlgorithm="SHA256" Checksum="AACE881864F58DF84E887D58664145D495D4E53A43C4EE58267E22626618E6A2" />
    <File Index="74" Name="D:\Codes\CoffeeSpace\CoffeeSpace.IdentityApi\Application\Messages\Queries\Handlers\LoginUserQueryHandler.cs" ChecksumAlgorithm="SHA256" Checksum="79FDFC8CDE77E33890E735881DB751566E58612995B69CC4CB5A9E848390AB5F" />
    <File Index="75" Name="D:\Codes\CoffeeSpace\CoffeeSpace.IdentityApi\Application\Messages\Queries\LoginUserQuery.cs" ChecksumAlgorithm="SHA256" Checksum="1C2C6C82F1E0643DAF5B0AD468D0FC8869F5D493F9E58DFCCAC4DFE6881226FF" />
    <File Index="76" Name="D:\Codes\CoffeeSpace\CoffeeSpace.IdentityApi\Application\Models\ApplicationUser.cs" ChecksumAlgorithm="SHA256" Checksum="243C2E4A0F06014151BD3C0C0B53322B30A3FEB502BD85E22D407F467B3F4A21" />
    <File Index="77" Name="D:\Codes\CoffeeSpace\CoffeeSpace.IdentityApi\Application\Services\Abstractions\IAuthService.cs" ChecksumAlgorithm="SHA256" Checksum="4C55C15680018D2AA2F107E6A604BAAE393EBDA1E4EDA6F77282221FC3F6F192" />
    <File Index="78" Name="D:\Codes\CoffeeSpace\CoffeeSpace.IdentityApi\Application\Services\Abstractions\ITokenWriter.cs" ChecksumAlgorithm="SHA256" Checksum="41252868936400711D1FC2707BCD8C6F6FCC72D32DA0C7DF170BB5A22EB059BC" />
    <File Index="79" Name="D:\Codes\CoffeeSpace\CoffeeSpace.IdentityApi\Application\Services\AuthService.cs" ChecksumAlgorithm="SHA256" Checksum="D5F01223082A45582BABCF5D03D769C6A54DA86325694BD34562F519396DA235" />
    <File Index="80" Name="D:\Codes\CoffeeSpace\CoffeeSpace.IdentityApi\Application\Services\TokenWriter.cs" ChecksumAlgorithm="SHA256" Checksum="38D16AC4C98C0043D71CB0ACF865EC47950A8DC27887C845967DCAF6849E98DC" />
    <File Index="81" Name="D:\Codes\CoffeeSpace\CoffeeSpace.IdentityApi\Application\Validators\LoginRequestValidator.cs" ChecksumAlgorithm="SHA256" Checksum="3A90F177C3FA39CB37D9CBE739714BA4F5B7A854B82CD68131AD903E730F668F" />
    <File Index="82" Name="D:\Codes\CoffeeSpace\CoffeeSpace.IdentityApi\Application\Validators\RegisterRequestValidator.cs" ChecksumAlgorithm="SHA256" Checksum="02816E9E2E048C4D13E9A7319B7CFC9D9EA4D78A0C6823969202A0AA4C71DA0D" />
    <File Index="83" Name="D:\Codes\CoffeeSpace\CoffeeSpace.IdentityApi\Controllers\AuthController.cs" ChecksumAlgorithm="SHA256" Checksum="15C46B58E56A5E4B50043C06B6EF876837297A7CD4929E118544CD35B9C94788" />
    <File Index="84" Name="D:\Codes\CoffeeSpace\CoffeeSpace.IdentityApi\MediatorConfiguration.cs" ChecksumAlgorithm="SHA256" Checksum="C35D38E1901E19C68467B77C1390D9883E1544B4AEDA7153EBA2F5E7E51F4071" />
    <File Index="85" Name="D:\Codes\CoffeeSpace\CoffeeSpace.IdentityApi\Persistence\ApplicationUsersDbContext.cs" ChecksumAlgorithm="SHA256" Checksum="1711D2FE20DA08D711110E7104C8FE4DFB25BF4DAB24656C65271036487B3CF8" />
    <File Index="86" Name="D:\Codes\CoffeeSpace\CoffeeSpace.IdentityApi\Persistence\Migrations\ApplicationUsersDbContextModelSnapshot.cs" ChecksumAlgorithm="SHA256" Checksum="8D276AB17A5A363BE9063221FCFE6775C46AFDC36FC08FFAD44F034A14500BB9" />
    <File Index="87" Name="D:\Codes\CoffeeSpace\CoffeeSpace.IdentityApi\Persistence\Migrations\Init.cs" ChecksumAlgorithm="SHA256" Checksum="6DD18264896577A44EECFB446A3EAA0DE059FDD35512C6AFD08673913E14E641" />
    <File Index="88" Name="D:\Codes\CoffeeSpace\CoffeeSpace.IdentityApi\Persistence\Migrations\Init.Designer.cs" ChecksumAlgorithm="SHA256" Checksum="B34322A50B0C88ED10FF6CA6AF79691BFF7ECF47E28804E08D2EA01C0DF112E1" />
    <File Index="89" Name="D:\Codes\CoffeeSpace\CoffeeSpace.IdentityApi\Program.cs" ChecksumAlgorithm="SHA256" Checksum="D49BD475769C21E9DE8EDF16965669E9B232BEE7EB8B20FDCEDFC668F5583549" />
    <File Index="90" Name="D:\Codes\CoffeeSpace\CoffeeSpace.IdentityApi\obj\Debug\net7.0\CoffeeSpace.IdentityApi.GlobalUsings.g.cs" ChecksumAlgorithm="SHA256" Checksum="1BC1691037C29525F4B104FE05A77BBEF040A27CCE2AB784ED28226F8C8B5E35" />
    <File Index="91" Name="D:\Codes\CoffeeSpace\CoffeeSpace.IdentityApi\obj\Debug\net7.0\.NETCoreApp,Version=v7.0.AssemblyAttributes.cs" ChecksumAlgorithm="SHA256" Checksum="AC9DDB5EE1D6ADC61057F3029BF0242B3F619F1F85D4CC8FFA956B76EA48D939" />
    <File Index="92" Name="D:\Codes\CoffeeSpace\CoffeeSpace.IdentityApi\obj\Debug\net7.0\CoffeeSpace.IdentityApi.AssemblyInfo.cs" ChecksumAlgorithm="SHA256" Checksum="0C47F50EDDA0E927AD5806204D253789ECF1F3FB415E4FBDD55F30C3DB8C8064" />
    <File Index="93" Name="D:\Codes\CoffeeSpace\CoffeeSpace.IdentityApi\obj\Debug\net7.0\CoffeeSpace.IdentityApi.MvcApplicationPartsAssemblyInfo.cs" ChecksumAlgorithm="SHA256" Checksum="4EE67F18671965F31BB2416794D02DD3A338FD29CE768FAAD1EC304120378AD4" />
    <File Index="94" Name="D:\Codes\CoffeeSpace\CoffeeSpace.IdentityApi\Mediator.SourceGenerator.Roslyn40\Mediator.SourceGenerator.IncrementalMediatorGenerator\MediatorOptions.g.cs" ChecksumAlgorithm="SHA1" Checksum="BF4A591AC4A81F66D61D617E9717779D6CE42DA3" />
    <File Index="95" Name="D:\Codes\CoffeeSpace\CoffeeSpace.IdentityApi\Mediator.SourceGenerator.Roslyn40\Mediator.SourceGenerator.IncrementalMediatorGenerator\MediatorOptionsAttribute.g.cs" ChecksumAlgorithm="SHA1" Checksum="4A401E4F4372D559DD005B1492DCBCE7B56F5736" />
    <File Index="96" Name="D:\Codes\CoffeeSpace\CoffeeSpace.IdentityApi\Mediator.SourceGenerator.Roslyn40\Mediator.SourceGenerator.IncrementalMediatorGenerator\Mediator.g.cs" ChecksumAlgorithm="SHA1" Checksum="DC0E523DFEA5F19AD4EB40014BCC5B49CE149E4F" />
    <File Index="97" Name="D:\Codes\CoffeeSpace\CoffeeSpace.IdentityApi\Riok.Mapperly\Riok.Mapperly.MapperGenerator\ApplicationUserMappingProfile.g.cs" ChecksumAlgorithm="SHA1" Checksum="903A8721954AB5788D172A27330696D78C77ABAF" />
    <File Index="98" Name="D:\Codes\CoffeeSpace\CoffeeSpace.OrderingApi\Application\Contracts\Requests\Addresses\CreateAddressRequest.cs" ChecksumAlgorithm="SHA256" Checksum="44D1D3EA997D3B3031CF4BD1251F9B90CFC21039A304C0C84244F175392EC838" />
    <File Index="99" Name="D:\Codes\CoffeeSpace\CoffeeSpace.OrderingApi\Application\Contracts\Requests\Addresses\UpdateAddressRequest.cs" ChecksumAlgorithm="SHA256" Checksum="CE64A2EF957B42052352ED1664D63D09C7CB998823BBAFD264440095AC28A9CA" />
    <File Index="100" Name="D:\Codes\CoffeeSpace\CoffeeSpace.OrderingApi\Application\Contracts\Requests\Buyers\CreateBuyerRequest.cs" ChecksumAlgorithm="SHA256" Checksum="C5D6C8B3489772F71F17D771397B7AAA5FC9D74853473ADF77C8D4DF6FEA97E4" />
    <File Index="101" Name="D:\Codes\CoffeeSpace\CoffeeSpace.OrderingApi\Application\Contracts\Requests\Buyers\DeleteBuyerByIdRequest.cs" ChecksumAlgorithm="SHA256" Checksum="AB4C3725BDEF97A6C6E694F26C56C55AB7F4F78B16427DC667BB2788CC11A706" />
    <File Index="102" Name="D:\Codes\CoffeeSpace\CoffeeSpace.OrderingApi\Application\Contracts\Requests\Buyers\GetBuyerByEmailRequest.cs" ChecksumAlgorithm="SHA256" Checksum="86BC59203BFF46D308F4B9CBD861946B5BEFBFBA713403AAD60DB9A84921E86A" />
    <File Index="103" Name="D:\Codes\CoffeeSpace\CoffeeSpace.OrderingApi\Application\Contracts\Requests\Buyers\GetBuyerByIdRequest.cs" ChecksumAlgorithm="SHA256" Checksum="D17526A1D0BC5BB53E0E264F8AF1879AB89247ED034B860F00BD97A2C387E308" />
    <File Index="104" Name="D:\Codes\CoffeeSpace\CoffeeSpace.OrderingApi\Application\Contracts\Requests\Buyers\UpdateBuyerRequest.cs" ChecksumAlgorithm="SHA256" Checksum="68B254A270B67B34023D31DA3B2355164B54CC5CE63553D63BFA0FE7EAFA37E8" />
    <File Index="105" Name="D:\Codes\CoffeeSpace\CoffeeSpace.OrderingApi\Application\Contracts\Requests\Orders\CreateOrderRequest.cs" ChecksumAlgorithm="SHA256" Checksum="D23E12FDB3AAB4A9EFF50653D545E57F9FC7238B210CF4D163C3B3C72F54B576" />
    <File Index="106" Name="D:\Codes\CoffeeSpace\CoffeeSpace.OrderingApi\Application\Contracts\Requests\Orders\DeleteOrderRequest.cs" ChecksumAlgorithm="SHA256" Checksum="CD81C52441469ED2F6BF896B9B0F63122ED294568F67FAD742408DFA87E65000" />
    <File Index="107" Name="D:\Codes\CoffeeSpace\CoffeeSpace.OrderingApi\Application\Contracts\Requests\Orders\GetAllOrdersByBuyerIdRequest.cs" ChecksumAlgorithm="SHA256" Checksum="E6A04BB1A482083989D0793FD95BAA23573CD0766D3106671C9A2233B0879C5C" />
    <File Index="108" Name="D:\Codes\CoffeeSpace\CoffeeSpace.OrderingApi\Application\Contracts\Requests\Orders\GetOrderByIdRequest.cs" ChecksumAlgorithm="SHA256" Checksum="B7E8253D848D2D822C99DD4E19376AD2C2946FD0F5E2AFB6548A73DB195664B8" />
    <File Index="109" Name="D:\Codes\CoffeeSpace\CoffeeSpace.OrderingApi\Application\Contracts\Requests\PaymentInfo\CreatePaymentInfoRequest.cs" ChecksumAlgorithm="SHA256" Checksum="AB5062C9719762AB604C5F57C1BDE8A9F080C12EE7578E9D748F1D7BB2DB4287" />
    <File Index="110" Name="D:\Codes\CoffeeSpace\CoffeeSpace.OrderingApi\Application\Contracts\Requests\PaymentInfo\UpdatePaymentInfoRequest.cs" ChecksumAlgorithm="SHA256" Checksum="B652085DF2A6D40C063D33AA5DBEA6A1076F37DD949CD9C10AFC5739E9E0FC42" />
    <File Index="111" Name="D:\Codes\CoffeeSpace\CoffeeSpace.OrderingApi\Application\Contracts\Responses\Addressses\AddressResponse.cs" ChecksumAlgorithm="SHA256" Checksum="436A8D36A0C377CEA4DE73E66FBF5C32B39AE4163FAFCAAFFDACF70CEF694089" />
    <File Index="112" Name="D:\Codes\CoffeeSpace\CoffeeSpace.OrderingApi\Application\Contracts\Responses\Buyers\BuyerResponse.cs" ChecksumAlgorithm="SHA256" Checksum="E17666274586955FE63A8FFF86197095A673F7C14F7E07358CA7DB95602CE734" />
    <File Index="113" Name="D:\Codes\CoffeeSpace\CoffeeSpace.OrderingApi\Application\Contracts\Responses\Orders\OrderResponse.cs" ChecksumAlgorithm="SHA256" Checksum="1729D1B11EE6E26C140FB74757A491D6B4CC8C600CBF7CAAF6721BDAB4C729BC" />
    <File Index="114" Name="D:\Codes\CoffeeSpace\CoffeeSpace.OrderingApi\Application\Extensions\ApiVersionExtensions.cs" ChecksumAlgorithm="SHA256" Checksum="62E1D79AFE8E309C17967DF07C99CC309843AE8F18F84BC3BC5FFBC3CE8BBE41" />
    <File Index="115" Name="D:\Codes\CoffeeSpace\CoffeeSpace.OrderingApi\Application\Extensions\HealthChecksExtensions.cs" ChecksumAlgorithm="SHA256" Checksum="259C623004C621DE0A60212D7D4690A4C57E3AB26E961EB90608AC1AFC22E8C6" />
    <File Index="116" Name="D:\Codes\CoffeeSpace\CoffeeSpace.OrderingApi\Application\Helpers\ApiEndpoints.cs" ChecksumAlgorithm="SHA256" Checksum="06A62D807AD1C08820BB21BE232CA2F5C04198BE6A3A4A6742DFD269C4852458" />
    <File Index="117" Name="D:\Codes\CoffeeSpace\CoffeeSpace.OrderingApi\Application\Helpers\CacheKeys.cs" ChecksumAlgorithm="SHA256" Checksum="F022690A58CA9541A41882F71F35D258833E051F51FFE8A6C23C4911B4E2D147" />
    <File Index="118" Name="D:\Codes\CoffeeSpace\CoffeeSpace.OrderingApi\Application\Mapping\BuyerMappingProfile.cs" ChecksumAlgorithm="SHA256" Checksum="C0DB1DD45FD0779F4289F0335ADC0F7B57BE0C63CC6EAD99141A629C25288352" />
    <File Index="119" Name="D:\Codes\CoffeeSpace\CoffeeSpace.OrderingApi\Application\Mapping\OrderItemMappingProfile.cs" ChecksumAlgorithm="SHA256" Checksum="0611C94E79677E0ABCC4CC627C10F71759168B68D5CEF9AC5279BBF23A97ACDA" />
    <File Index="120" Name="D:\Codes\CoffeeSpace\CoffeeSpace.OrderingApi\Application\Mapping\OrderMappingProfile.cs" ChecksumAlgorithm="SHA256" Checksum="7BAD86DE1DB80922E28C8389D2DE5DE7C4692BE15028A5D1EE34F5F298FEF093" />
    <File Index="121" Name="D:\Codes\CoffeeSpace\CoffeeSpace.OrderingApi\Application\Messaging\Masstransit\Consumers\RegisterNewBuyerConsumer.cs" ChecksumAlgorithm="SHA256" Checksum="890299906D5FE03E35610871C97959974EF07BE12C76325EC0ED7A836985FCCB" />
    <File Index="122" Name="D:\Codes\CoffeeSpace\CoffeeSpace.OrderingApi\Application\Messaging\Masstransit\Consumers\UpdateOrderStatusConsumer.cs" ChecksumAlgorithm="SHA256" Checksum="8B04C8B668FB2682CFA564DE98141C9C941F381F9B888780D02680E0061E35C6" />
    <File Index="123" Name="D:\Codes\CoffeeSpace\CoffeeSpace.OrderingApi\Application\Messaging\Masstransit\Sagas\Definitions\OrderStateDefinition.cs" ChecksumAlgorithm="SHA256" Checksum="C02E9AF3D87985A4470325EC490E8D9D209C618A7D758FD05627026F9941FCFC" />
    <File Index="124" Name="D:\Codes\CoffeeSpace\CoffeeSpace.OrderingApi\Application\Messaging\Masstransit\Sagas\OrderStateInstance.cs" ChecksumAlgorithm="SHA256" Checksum="82B90DB8A3223EB2172AAD3DAC599FEBE5258D600057EA7B19D188280F48A57C" />
    <File Index="125" Name="D:\Codes\CoffeeSpace\CoffeeSpace.OrderingApi\Application\Messaging\Masstransit\Sagas\OrderStateMachine.cs" ChecksumAlgorithm="SHA256" Checksum="223510D9FFDC0BD26D0948E7BC66997A7A18D8BFD409CE07767AEC21C14DD7F4" />
    <File Index="126" Name="D:\Codes\CoffeeSpace\CoffeeSpace.OrderingApi\Application\Messaging\Mediator\Commands\Buyers\CreateBuyerCommand.cs" ChecksumAlgorithm="SHA256" Checksum="1DA640D40C69060B0791881155EFE00FDC42372372CACC205184CD951B29DD09" />
    <File Index="127" Name="D:\Codes\CoffeeSpace\CoffeeSpace.OrderingApi\Application\Messaging\Mediator\Commands\Buyers\DeleteBuyerByIdCommand.cs" ChecksumAlgorithm="SHA256" Checksum="0EE6D906453EB1A2AB27C1247111C2763B4F0345F35E5BA77196CF86A80558EC" />
    <File Index="128" Name="D:\Codes\CoffeeSpace\CoffeeSpace.OrderingApi\Application\Messaging\Mediator\Commands\Buyers\Handlers\CreateBuyerCommandHandler.cs" ChecksumAlgorithm="SHA256" Checksum="F69B97BA5A81B9E9DD67B29698EFCE3BC5DB8923EF82095F9D3E4FF2464F2C0F" />
    <File Index="129" Name="D:\Codes\CoffeeSpace\CoffeeSpace.OrderingApi\Application\Messaging\Mediator\Commands\Buyers\Handlers\DeleteBuyerByIdCommandHandler.cs" ChecksumAlgorithm="SHA256" Checksum="9263B66501EEE853D929DC628C38D8CEE6BC90213013AD7F477E5F37E506F924" />
    <File Index="130" Name="D:\Codes\CoffeeSpace\CoffeeSpace.OrderingApi\Application\Messaging\Mediator\Commands\Buyers\Handlers\UpdateBuyerCommandHandler.cs" ChecksumAlgorithm="SHA256" Checksum="56DBD4B6225D6DD2C277F5F5D30748FE03384E12BB22EFB8E7E7DD8B1B24FEEB" />
    <File Index="131" Name="D:\Codes\CoffeeSpace\CoffeeSpace.OrderingApi\Application\Messaging\Mediator\Commands\Buyers\UpdateBuyerCommand.cs" ChecksumAlgorithm="SHA256" Checksum="03A985A295C5C6D363D6C3294CDE9DC01DFDB86DE779C81D1EA543FA57B91957" />
    <File Index="132" Name="D:\Codes\CoffeeSpace\CoffeeSpace.OrderingApi\Application\Messaging\Mediator\Commands\Orders\CreateOrderCommand.cs" ChecksumAlgorithm="SHA256" Checksum="1C335FFF5DFB2D16A0FABB19C5AD320EBFB274CF354D7E1716E39BB34DA8CA0C" />
    <File Index="133" Name="D:\Codes\CoffeeSpace\CoffeeSpace.OrderingApi\Application\Messaging\Mediator\Commands\Orders\DeleteOrderByIdCommand.cs" ChecksumAlgorithm="SHA256" Checksum="B0DC704F6EBFF5A8B08AF447C9837EA58C4F27515D609CE38D1CFCEC1E90D08F" />
    <File Index="134" Name="D:\Codes\CoffeeSpace\CoffeeSpace.OrderingApi\Application\Messaging\Mediator\Commands\Orders\Handlers\CreateOrderCommandHandler.cs" ChecksumAlgorithm="SHA256" Checksum="4419147C44A7D139C783D0FA49F4CE2BAA08EF97DE9F8E8537A63196CFCA6AD5" />
    <File Index="135" Name="D:\Codes\CoffeeSpace\CoffeeSpace.OrderingApi\Application\Messaging\Mediator\Commands\Orders\Handlers\DeleteOrderByIdCommandHandler.cs" ChecksumAlgorithm="SHA256" Checksum="DDD9419605CEEFF45DDF8486E1F9FB932986D1C89D9814A6C32601A957BC0B44" />
    <File Index="136" Name="D:\Codes\CoffeeSpace\CoffeeSpace.OrderingApi\Application\Messaging\Mediator\Commands\Orders\Handlers\UpdateOrderCommandHandler.cs" ChecksumAlgorithm="SHA256" Checksum="88537E36009092904EE20EE942C14E5E82E11A9181C657A0055656D3202259C2" />
    <File Index="137" Name="D:\Codes\CoffeeSpace\CoffeeSpace.OrderingApi\Application\Messaging\Mediator\Commands\Orders\UpdateOrderCommand.cs" ChecksumAlgorithm="SHA256" Checksum="D8BD7AEB005B02B964171DEA1E89BB877AFFD9429A6FA20E7FFFDA06C72E21AA" />
    <File Index="138" Name="D:\Codes\CoffeeSpace\CoffeeSpace.OrderingApi\Application\Messaging\Mediator\Notifications\Buyers\CreateBuyerNotification.cs" ChecksumAlgorithm="SHA256" Checksum="DBD7C1E13AE7DBF33B126E222977048CCAD7BA7827E2097E79DC6F9558E3EC21" />
    <File Index="139" Name="D:\Codes\CoffeeSpace\CoffeeSpace.OrderingApi\Application\Messaging\Mediator\Notifications\Buyers\DeleteBuyerNotification.cs" ChecksumAlgorithm="SHA256" Checksum="49246525B8E7EEC6F71EFD28B95F4413C9328CC69321CB5CB603458DB825632F" />
    <File Index="140" Name="D:\Codes\CoffeeSpace\CoffeeSpace.OrderingApi\Application\Messaging\Mediator\Notifications\Buyers\Handlers\BuyerCacheNotificationHandlers.cs" ChecksumAlgorithm="SHA256" Checksum="A7D45A746D9BCD3BA53C8126AA3520A7087CCB32711383F32A834BDD52FC376A" />
    <File Index="141" Name="D:\Codes\CoffeeSpace\CoffeeSpace.OrderingApi\Application\Messaging\Mediator\Notifications\Buyers\UpdateBuyerNotification.cs" ChecksumAlgorithm="SHA256" Checksum="C0344ABDE5EA654D1E10E2B504B629624AEB193AF40D41D81083A7A73D5D83C3" />
    <File Index="142" Name="D:\Codes\CoffeeSpace\CoffeeSpace.OrderingApi\Application\Messaging\Mediator\Notifications\Orders\CreateOrderNotification.cs" ChecksumAlgorithm="SHA256" Checksum="3CC4167993513E0EFD4046199CDCE3EAF402F310C99224F52312213E396C77DC" />
    <File Index="143" Name="D:\Codes\CoffeeSpace\CoffeeSpace.OrderingApi\Application\Messaging\Mediator\Notifications\Orders\DeleteOrderNotification.cs" ChecksumAlgorithm="SHA256" Checksum="7DC7C8CC57301DF41684935EEF72C72A9DF21797A187278F3B57A818DADDD4A9" />
    <File Index="144" Name="D:\Codes\CoffeeSpace\CoffeeSpace.OrderingApi\Application\Messaging\Mediator\Notifications\Orders\Handlers\OrderCacheNotificationHandler.cs" ChecksumAlgorithm="SHA256" Checksum="EADBF09221F43DEB1A2F6D4151EB2B5EB44E201C342A254AA5D039C032B45426" />
    <File Index="145" Name="D:\Codes\CoffeeSpace\CoffeeSpace.OrderingApi\Application\Messaging\Mediator\Notifications\Orders\UpdateOrderNotification.cs" ChecksumAlgorithm="SHA256" Checksum="1DD251FB2AA9E302760291C29263687AC21D5125B1D568155300EE7E57F43EBA" />
    <File Index="146" Name="D:\Codes\CoffeeSpace\CoffeeSpace.OrderingApi\Application\Messaging\Mediator\Queries\Buyers\GetBuyerByEmailQuery.cs" ChecksumAlgorithm="SHA256" Checksum="E549036A23F272CF69A00319DC981CBF77AE55B38A010661BF62E13AC070A68B" />
    <File Index="147" Name="D:\Codes\CoffeeSpace\CoffeeSpace.OrderingApi\Application\Messaging\Mediator\Queries\Buyers\GetBuyerByIdQuery.cs" ChecksumAlgorithm="SHA256" Checksum="BF46D078F5D0594E039D1FD204FF50D53A5A40A981170BCAF163E97CF5E1075F" />
    <File Index="148" Name="D:\Codes\CoffeeSpace\CoffeeSpace.OrderingApi\Application\Messaging\Mediator\Queries\Buyers\Handlers\GetBuyerByEmailQueryHandler.cs" ChecksumAlgorithm="SHA256" Checksum="D670D4CFF1036320DA5225108100B37616DA532B83B582F78CD498F2BC3D6856" />
    <File Index="149" Name="D:\Codes\CoffeeSpace\CoffeeSpace.OrderingApi\Application\Messaging\Mediator\Queries\Buyers\Handlers\GetBuyerByIdQueryHandler.cs" ChecksumAlgorithm="SHA256" Checksum="FF4336888755AA11B713AA98B16E5188394B7913A6420F7A7D9723564DD054EF" />
    <File Index="150" Name="D:\Codes\CoffeeSpace\CoffeeSpace.OrderingApi\Application\Messaging\Mediator\Queries\Orders\GetAllOrdersByBuyerIdQuery.cs" ChecksumAlgorithm="SHA256" Checksum="029CF40837399645615F7DF89476C8E802CCE2FD5DF73BD7B97C90E2078FDDC8" />
    <File Index="151" Name="D:\Codes\CoffeeSpace\CoffeeSpace.OrderingApi\Application\Messaging\Mediator\Queries\Orders\GetOrderByIdQuery.cs" ChecksumAlgorithm="SHA256" Checksum="D11E485BF764AA3021756DF7186E646ED9EC8D42FEBCE19196DA1484FF5F8ED6" />
    <File Index="152" Name="D:\Codes\CoffeeSpace\CoffeeSpace.OrderingApi\Application\Messaging\Mediator\Queries\Orders\Handlers\GetAllOrdersByBuyerIdQueryHandler.cs" ChecksumAlgorithm="SHA256" Checksum="5EB589AD4AC820AA5F1D255124F32DCA8D1585AF8DF4EDCCF71515FD5598474A" />
    <File Index="153" Name="D:\Codes\CoffeeSpace\CoffeeSpace.OrderingApi\Application\Messaging\Mediator\Queries\Orders\Handlers\GetOrderByIdQueryHandler.cs" ChecksumAlgorithm="SHA256" Checksum="496F5635D3C01017B7A7C9A5A982CC95C5C6A4CE4226DFCE659469EC7F19617A" />
    <File Index="154" Name="D:\Codes\CoffeeSpace\CoffeeSpace.OrderingApi\Application\Pipelines\Buyers\BuyerCacheInvalidationPipeline.cs" ChecksumAlgorithm="SHA256" Checksum="474538F7AE88930E980B2272CFA9C6ACB9D4D139C271CF9B3D5DBEDC8128EEF3" />
    <File Index="155" Name="D:\Codes\CoffeeSpace\CoffeeSpace.OrderingApi\Application\Pipelines\Buyers\BuyerCachePipeline.cs" ChecksumAlgorithm="SHA256" Checksum="BDF51F77D3B7E355D25B6753BA4A1C7FE2E38FC8E497B2B82776FCDFB8307188" />
    <File Index="156" Name="D:\Codes\CoffeeSpace\CoffeeSpace.OrderingApi\Application\Pipelines\IPipelineAssemblyMarker.cs" ChecksumAlgorithm="SHA256" Checksum="FD5992962CA94859F4FA6583E3CB0CF9F667258B17457AA340540F30DF966689" />
    <File Index="157" Name="D:\Codes\CoffeeSpace\CoffeeSpace.OrderingApi\Application\Pipelines\Orders\OrderCacheInvalidationPipeline.cs" ChecksumAlgorithm="SHA256" Checksum="7D891531F5AD970E849C615A28872F22C875C94333D3EC58C918939FF026475F" />
    <File Index="158" Name="D:\Codes\CoffeeSpace\CoffeeSpace.OrderingApi\Application\Pipelines\Orders\OrderCachePipeline.cs" ChecksumAlgorithm="SHA256" Checksum="ADD64A0E5634132D4F8EA5EDACAF066A305BDF6BEDD9355C195353A86329EBDA" />
    <File Index="159" Name="D:\Codes\CoffeeSpace\CoffeeSpace.OrderingApi\Application\Repositories\Abstractions\IBuyerRepository.cs" ChecksumAlgorithm="SHA256" Checksum="C1A9EF6B0E4FE2756E1A94830DA6D27BCE97E51CB621D6AF2FA6B19597F145C2" />
    <File Index="160" Name="D:\Codes\CoffeeSpace\CoffeeSpace.OrderingApi\Application\Repositories\Abstractions\IOrderRepository.cs" ChecksumAlgorithm="SHA256" Checksum="80DDBBC80F249AC5D50903157EFDA3585F4ADF01D64A10FBEE405F99F2442CD3" />
    <File Index="161" Name="D:\Codes\CoffeeSpace\CoffeeSpace.OrderingApi\Application\Repositories\Abstractions\IRepository.cs" ChecksumAlgorithm="SHA256" Checksum="EBC6AE361BB21FD6CBAF39371184255E488653F246FB4AEDD443135E18673914" />
    <File Index="162" Name="D:\Codes\CoffeeSpace\CoffeeSpace.OrderingApi\Application\Repositories\BuyerRepository.cs" ChecksumAlgorithm="SHA256" Checksum="EF5906152B3742728371AAE301E1BC4D2E546885DF457185F0834DD9C5EF5AB4" />
    <File Index="163" Name="D:\Codes\CoffeeSpace\CoffeeSpace.OrderingApi\Application\Repositories\OrderRepository.cs" ChecksumAlgorithm="SHA256" Checksum="41C73BE7DB26CF507C741FAB5EC18634650347E85270321711DFC0335ED58628" />
    <File Index="164" Name="D:\Codes\CoffeeSpace\CoffeeSpace.OrderingApi\Application\Services\Abstractions\IBuyerService.cs" ChecksumAlgorithm="SHA256" Checksum="BEF9AD1E1B76566D62D78915B83806F072845F46752B42AD6D4F401660485A15" />
    <File Index="165" Name="D:\Codes\CoffeeSpace\CoffeeSpace.OrderingApi\Application\Services\Abstractions\IOrderService.cs" ChecksumAlgorithm="SHA256" Checksum="60D0AEDBAA8DF01B0F1E7FA10C41C4BB2175F502049378B72C4AAD16BB52B2A1" />
    <File Index="166" Name="D:\Codes\CoffeeSpace\CoffeeSpace.OrderingApi\Application\Services\BuyerService.cs" ChecksumAlgorithm="SHA256" Checksum="DC611865E2261FE46C3B13A4EAB5BD63F13A36FB1C22D923A58FF463B16E6DB1" />
    <File Index="167" Name="D:\Codes\CoffeeSpace\CoffeeSpace.OrderingApi\Application\Services\OrderService.cs" ChecksumAlgorithm="SHA256" Checksum="56B3F81168C52F80608E9021A15283A133941C918DFA18B20300BA495A9AD7F1" />
    <File Index="168" Name="D:\Codes\CoffeeSpace\CoffeeSpace.OrderingApi\Application\Validators\Buyers\BuyerResponseValidator.cs" ChecksumAlgorithm="SHA256" Checksum="935756F82FC8CC8988F686ED70ADDA3124E2DD737EA5CB4CB17C146ADA46E7E2" />
    <File Index="169" Name="D:\Codes\CoffeeSpace\CoffeeSpace.OrderingApi\Application\Validators\Buyers\CreateBuyerRequestValidator.cs" ChecksumAlgorithm="SHA256" Checksum="4180BEAFB4C174859932A7E05A9231EC0BBD3364CC4D09B0C22BBA0C16260530" />
    <File Index="170" Name="D:\Codes\CoffeeSpace\CoffeeSpace.OrderingApi\Application\Validators\Buyers\UpdateBuyerRequestValidator.cs" ChecksumAlgorithm="SHA256" Checksum="0705A37B8CE6DF93709BEE4720F7A5DB04D489366E9B92E61ECC0D1D3B6572C2" />
    <File Index="171" Name="D:\Codes\CoffeeSpace\CoffeeSpace.OrderingApi\Application\Validators\IValidatorMarker.cs" ChecksumAlgorithm="SHA256" Checksum="63345C68180F5D925CB8368596332D82D3A7D91ECB92C74D5F4400EC57630388" />
    <File Index="172" Name="D:\Codes\CoffeeSpace\CoffeeSpace.OrderingApi\Application\Validators\Orders\CreateOrderRequestValidator.cs" ChecksumAlgorithm="SHA256" Checksum="A7957C8C348DF0E1C4035ECF9FEEA56075F15428385B26D21576605DDF96FE95" />
    <File Index="173" Name="D:\Codes\CoffeeSpace\CoffeeSpace.OrderingApi\Application\Validators\Orders\OrderItemValidator.cs" ChecksumAlgorithm="SHA256" Checksum="A37BE20333A26CC4C59F63E667AEE1681E355CDA28ECD572757090815346FA5A" />
    <File Index="174" Name="D:\Codes\CoffeeSpace\CoffeeSpace.OrderingApi\Application\Validators\Orders\OrderResponseValidator.cs" ChecksumAlgorithm="SHA256" Checksum="972DE446F3FF64261636C518618FF2AF73D44C0EE3DE56EBBDE22D14C1241EA9" />
    <File Index="175" Name="D:\Codes\CoffeeSpace\CoffeeSpace.OrderingApi\Controllers\BuyersController.cs" ChecksumAlgorithm="SHA256" Checksum="3651F6E8DA6F2860F618C0759AF4F9AA109ABB765E5C3DC5427813AB6B5B9B49" />
    <File Index="176" Name="D:\Codes\CoffeeSpace\CoffeeSpace.OrderingApi\Controllers\OrdersController.cs" ChecksumAlgorithm="SHA256" Checksum="7F3B836A3FEF384968EF14A706BF16827E9DBD2B64F60DAD85FC247428A24B51" />
    <File Index="177" Name="D:\Codes\CoffeeSpace\CoffeeSpace.OrderingApi\MediatorConfiguration.cs" ChecksumAlgorithm="SHA256" Checksum="C35D38E1901E19C68467B77C1390D9883E1544B4AEDA7153EBA2F5E7E51F4071" />
    <File Index="178" Name="D:\Codes\CoffeeSpace\CoffeeSpace.OrderingApi\Persistence\Abstractions\IOrderingDbContext.cs" ChecksumAlgorithm="SHA256" Checksum="F2911E6FC081EDF6DB88A86B9E12EBAA15A13D25C17C700D8CC32F864937D0A7" />
    <File Index="179" Name="D:\Codes\CoffeeSpace\CoffeeSpace.OrderingApi\Persistence\Configurations\AddressConfiguration.cs" ChecksumAlgorithm="SHA256" Checksum="D911CA456C2884CAA9B2EB66EB1A0293ED0F92F70B0A6DC0C4037FAE5B73FA8F" />
    <File Index="180" Name="D:\Codes\CoffeeSpace\CoffeeSpace.OrderingApi\Persistence\Configurations\BuyerConfiguration.cs" ChecksumAlgorithm="SHA256" Checksum="F3143C0457812816AB0594DA7C156892E66503C89D8F95131ADA4880DCBFF50D" />
    <File Index="181" Name="D:\Codes\CoffeeSpace\CoffeeSpace.OrderingApi\Persistence\Configurations\OrderConfiguration.cs" ChecksumAlgorithm="SHA256" Checksum="30C3FCFFD68E5FD0E59A31D147487FB4AA48A84725E3AC456728DA2A59E6DC9B" />
    <File Index="182" Name="D:\Codes\CoffeeSpace\CoffeeSpace.OrderingApi\Persistence\Configurations\OrderItemConfiguration.cs" ChecksumAlgorithm="SHA256" Checksum="DE9CF029348BB49EB555D6519FD76476F457285E0E7C2D1D0FBA8B4521EBB34A" />
    <File Index="183" Name="D:\Codes\CoffeeSpace\CoffeeSpace.OrderingApi\Persistence\Configurations\OrderStateMap.cs" ChecksumAlgorithm="SHA256" Checksum="ACB3F5191C001D1A74243555C637FC7066E790F5A46631AE34A3ABCF01FE004E" />
    <File Index="184" Name="D:\Codes\CoffeeSpace\CoffeeSpace.OrderingApi\Persistence\Configurations\PaymentInfoConfiguration.cs" ChecksumAlgorithm="SHA256" Checksum="A360A41A2535D85B5C6B712579076FA6CB6BBE60B61FD8A762E6A37F26CC2AD4" />
    <File Index="185" Name="D:\Codes\CoffeeSpace\CoffeeSpace.OrderingApi\Persistence\Migrations\OrderingDb\20230617102508_Initial.cs" ChecksumAlgorithm="SHA256" Checksum="7311467264031317DC7B15F49746710280C22898FE075ED26955F893D17D9632" />
    <File Index="186" Name="D:\Codes\CoffeeSpace\CoffeeSpace.OrderingApi\Persistence\Migrations\OrderingDb\20230617102508_Initial.Designer.cs" ChecksumAlgorithm="SHA256" Checksum="8B36C433489BCEF808E0DF37F6FD3A0AE4712B9CCF7675790621E5B872B422BE" />
    <File Index="187" Name="D:\Codes\CoffeeSpace\CoffeeSpace.OrderingApi\Persistence\Migrations\OrderingDb\20230911205935_IncreaseSizeOf_ProductDescription.cs" ChecksumAlgorithm="SHA256" Checksum="769BBBC5271FEF174D7DD82FC7BA118EC4F211DD8DDAED8B1BF64E08C164189A" />
    <File Index="188" Name="D:\Codes\CoffeeSpace\CoffeeSpace.OrderingApi\Persistence\Migrations\OrderingDb\20230911205935_IncreaseSizeOf_ProductDescription.Designer.cs" ChecksumAlgorithm="SHA256" Checksum="A1C1C8A2A2FA4B1BDBE8DE0BD7E883D6C945C7868A82C4B9E7E179DE221B59BC" />
    <File Index="189" Name="D:\Codes\CoffeeSpace\CoffeeSpace.OrderingApi\Persistence\Migrations\OrderingDb\20230922191813_Added_OrderItem_Quantity.cs" ChecksumAlgorithm="SHA256" Checksum="1B121E6FA661A1B8C7838B2B9A35669F9A2D587F9535B524FE7D10769BDBA6BF" />
    <File Index="190" Name="D:\Codes\CoffeeSpace\CoffeeSpace.OrderingApi\Persistence\Migrations\OrderingDb\20230922191813_Added_OrderItem_Quantity.Designer.cs" ChecksumAlgorithm="SHA256" Checksum="FEF52F241F706D443067A2268E5FD9F5558FD072FEFB04C365B6A6F95D39410E" />
    <File Index="191" Name="D:\Codes\CoffeeSpace\CoffeeSpace.OrderingApi\Persistence\Migrations\OrderingDb\OrderingDbContextModelSnapshot.cs" ChecksumAlgorithm="SHA256" Checksum="0079A83D18685B36F20F15F4DDC029D150995E7319EAE11D00EA6B62E30A352D" />
    <File Index="192" Name="D:\Codes\CoffeeSpace\CoffeeSpace.OrderingApi\Persistence\Migrations\SagaDb\20230617103242_Initial.cs" ChecksumAlgorithm="SHA256" Checksum="CB8F9E72765B5AAE1B25D89EC779AD859B079A0739010B906915CB8621F5D755" />
    <File Index="193" Name="D:\Codes\CoffeeSpace\CoffeeSpace.OrderingApi\Persistence\Migrations\SagaDb\20230617103242_Initial.Designer.cs" ChecksumAlgorithm="SHA256" Checksum="D1BE76D2C2E12EF66387D30AF757ADBCD4093E51263B8B20C1668F9BD74468F1" />
    <File Index="194" Name="D:\Codes\CoffeeSpace\CoffeeSpace.OrderingApi\Persistence\Migrations\SagaDb\20230619152335_Added_BusOutbox.cs" ChecksumAlgorithm="SHA256" Checksum="755D332F5251630444D3E08437DE450822641ADD4F17EF822475085753E8180D" />
    <File Index="195" Name="D:\Codes\CoffeeSpace\CoffeeSpace.OrderingApi\Persistence\Migrations\SagaDb\20230619152335_Added_BusOutbox.Designer.cs" ChecksumAlgorithm="SHA256" Checksum="B02C0656F0ECA2871A72022808391101EE62B9E33EEB5A4B85D3D7881E5B6274" />
    <File Index="196" Name="D:\Codes\CoffeeSpace\CoffeeSpace.OrderingApi\Persistence\Migrations\SagaDb\20230910204202_Update_BusOutbox.cs" ChecksumAlgorithm="SHA256" Checksum="7D4710F2034EFAB794D89FBAC45005ED76A4C00AB0E1D53253EFC16115847883" />
    <File Index="197" Name="D:\Codes\CoffeeSpace\CoffeeSpace.OrderingApi\Persistence\Migrations\SagaDb\20230910204202_Update_BusOutbox.Designer.cs" ChecksumAlgorithm="SHA256" Checksum="004E7F69172E1AA4CA13623D9088F1B383AC615AD7CFCC65B74AC090BDC9DC93" />
    <File Index="198" Name="D:\Codes\CoffeeSpace\CoffeeSpace.OrderingApi\Persistence\Migrations\SagaDb\OrderStateSagaDbContextModelSnapshot.cs" ChecksumAlgorithm="SHA256" Checksum="5EF28B7A5D10C6B265137CD6520B45E182888D3E6593188E0A42229C820A9C34" />
    <File Index="199" Name="D:\Codes\CoffeeSpace\CoffeeSpace.OrderingApi\Persistence\OrderingDbContext.cs" ChecksumAlgorithm="SHA256" Checksum="96423840E737EEEC119477CA875096983F9A9B24773A18CC53F6967678C8B5F1" />
    <File Index="200" Name="D:\Codes\CoffeeSpace\CoffeeSpace.OrderingApi\Persistence\OrderStateSagaDbContext.cs" ChecksumAlgorithm="SHA256" Checksum="1C50C1CCD2FB3AD10D1B476530E19D5C8E0F70AE98905D4E10862F9E30A4CD1A" />
    <File Index="201" Name="D:\Codes\CoffeeSpace\CoffeeSpace.OrderingApi\Program.cs" ChecksumAlgorithm="SHA256" Checksum="80A92FF4BB9538835AE192F46ADBD198F88D54079D1F7D41C821C6E1736BD065" />
    <File Index="202" Name="D:\Codes\CoffeeSpace\CoffeeSpace.OrderingApi\obj\Debug\net7.0\CoffeeSpace.OrderingApi.GlobalUsings.g.cs" ChecksumAlgorithm="SHA256" Checksum="1BC1691037C29525F4B104FE05A77BBEF040A27CCE2AB784ED28226F8C8B5E35" />
    <File Index="203" Name="D:\Codes\CoffeeSpace\CoffeeSpace.OrderingApi\obj\Debug\net7.0\.NETCoreApp,Version=v7.0.AssemblyAttributes.cs" ChecksumAlgorithm="SHA256" Checksum="AC9DDB5EE1D6ADC61057F3029BF0242B3F619F1F85D4CC8FFA956B76EA48D939" />
    <File Index="204" Name="D:\Codes\CoffeeSpace\CoffeeSpace.OrderingApi\obj\Debug\net7.0\CoffeeSpace.OrderingApi.AssemblyInfo.cs" ChecksumAlgorithm="SHA256" Checksum="A92EDCF301F2A04BA7685FE1377CC3EE32AB9B659A1ACC1A6E1A3306133D2BE9" />
    <File Index="205" Name="D:\Codes\CoffeeSpace\CoffeeSpace.OrderingApi\obj\Debug\net7.0\CoffeeSpace.OrderingApi.MvcApplicationPartsAssemblyInfo.cs" ChecksumAlgorithm="SHA256" Checksum="4EE67F18671965F31BB2416794D02DD3A338FD29CE768FAAD1EC304120378AD4" />
    <File Index="206" Name="D:\Codes\CoffeeSpace\CoffeeSpace.OrderingApi\Mediator.SourceGenerator.Roslyn40\Mediator.SourceGenerator.IncrementalMediatorGenerator\MediatorOptions.g.cs" ChecksumAlgorithm="SHA1" Checksum="BF4A591AC4A81F66D61D617E9717779D6CE42DA3" />
    <File Index="207" Name="D:\Codes\CoffeeSpace\CoffeeSpace.OrderingApi\Mediator.SourceGenerator.Roslyn40\Mediator.SourceGenerator.IncrementalMediatorGenerator\MediatorOptionsAttribute.g.cs" ChecksumAlgorithm="SHA1" Checksum="4A401E4F4372D559DD005B1492DCBCE7B56F5736" />
    <File Index="208" Name="D:\Codes\CoffeeSpace\CoffeeSpace.OrderingApi\Mediator.SourceGenerator.Roslyn40\Mediator.SourceGenerator.IncrementalMediatorGenerator\Mediator.g.cs" ChecksumAlgorithm="SHA1" Checksum="70C15E91C89D1DA6379B81C89FB6A385D23D697F" />
    <File Index="209" Name="D:\Codes\CoffeeSpace\CoffeeSpace.OrderingApi\Riok.Mapperly\Riok.Mapperly.MapperGenerator\BuyerMappingProfile.g.cs" ChecksumAlgorithm="SHA1" Checksum="D326CEB6B2DB6797008FAECFC158E4FAB21B6226" />
    <File Index="210" Name="D:\Codes\CoffeeSpace\CoffeeSpace.OrderingApi\Riok.Mapperly\Riok.Mapperly.MapperGenerator\OrderItemMappingProfile.g.cs" ChecksumAlgorithm="SHA1" Checksum="419AF0BF0C78506536E4CE5CBAB2DD2D29A30356" />
    <File Index="211" Name="D:\Codes\CoffeeSpace\CoffeeSpace.OrderingApi\Riok.Mapperly\Riok.Mapperly.MapperGenerator\OrderMappingProfile.g.cs" ChecksumAlgorithm="SHA1" Checksum="C4DEC167AEB09D7AAE82F8B2C322E35B0305B098" />
    <File Index="212" Name="D:\Codes\CoffeeSpace\tests\Unit Tests\CoffeeSpace.ProductApi.Tests\Consumers\OrderStockValidationConsumerTests.cs" ChecksumAlgorithm="SHA256" Checksum="F9C5F14BC43A39087A037D0998317C6B0A48F341E8947DF9455D040DBD593148" />
    <File Index="213" Name="D:\Codes\CoffeeSpace\tests\Unit Tests\CoffeeSpace.ProductApi.Tests\Repositories\CachedProductRepositoryTests.cs" ChecksumAlgorithm="SHA256" Checksum="9352317C1725825112D867754D5EF90B7CC4FBBC15300C240460A6009FF12931" />
    <File Index="214" Name="D:\Codes\CoffeeSpace\tests\Unit Tests\CoffeeSpace.ProductApi.Tests\Repositories\ProductRepositoryTests.cs" ChecksumAlgorithm="SHA256" Checksum="DD015B50D85020159AE0812A48CDFB25567F20B509B3B5A4E6B940067E75263F" />
    <File Index="215" Name="D:\Codes\CoffeeSpace\tests\Unit Tests\CoffeeSpace.ProductApi.Tests\Services\ProductServiceTests.cs" ChecksumAlgorithm="SHA256" Checksum="725E41769C318AB4DC39765B6BE893E7A973BFCA163C7C77890AD0A079094B94" />
    <File Index="216" Name="D:\Codes\CoffeeSpace\tests\Unit Tests\CoffeeSpace.ProductApi.Tests\Validators\CreateProductRequestValidatorTests.cs" ChecksumAlgorithm="SHA256" Checksum="30652AEF75C11BD3C7682D03F308088B7D9DA2A1CE26A2A18078F86A6EF0BA2B" />
    <File Index="217" Name="D:\Codes\CoffeeSpace\tests\Unit Tests\CoffeeSpace.ProductApi.Tests\Validators\ProductResponseValidatorTests.cs" ChecksumAlgorithm="SHA256" Checksum="D8BD460AC734766BA0F0B4F074B8C01C90C367055525EB4CD4743B0456396474" />
    <File Index="218" Name="D:\Codes\CoffeeSpace\tests\Unit Tests\CoffeeSpace.ProductApi.Tests\Validators\UpdateProductRequestValidatorTests.cs" ChecksumAlgorithm="SHA256" Checksum="FAF7B2F48CC6BD17F6C99417DD16EE16C9DF62B1932FF60FB807CF98FAC5FD5C" />
    <File Index="219" Name="D:\Codes\CoffeeSpace\tests\Unit Tests\CoffeeSpace.ProductApi.Tests\obj\Debug\net7.0\CoffeeSpace.ProductApi.Tests.GlobalUsings.g.cs" ChecksumAlgorithm="SHA256" Checksum="F3F134E9E825E3E7268090F58B1AF2BDA2DE513F61A09C56F48B9B8D08612ABC" />
    <File Index="220" Name="D:\Codes\CoffeeSpace\tests\Unit Tests\CoffeeSpace.ProductApi.Tests\obj\Debug\net7.0\.NETCoreApp,Version=v7.0.AssemblyAttributes.cs" ChecksumAlgorithm="SHA256" Checksum="AC9DDB5EE1D6ADC61057F3029BF0242B3F619F1F85D4CC8FFA956B76EA48D939" />
    <File Index="221" Name="D:\Codes\CoffeeSpace\tests\Unit Tests\CoffeeSpace.ProductApi.Tests\obj\Debug\net7.0\CoffeeSpace.ProductApi.Tests.AssemblyInfo.cs" ChecksumAlgorithm="SHA256" Checksum="B8B5830432F061224439C05ADF56FF4E86A1EE91DA81141234780B1688E2CD29" />
    <File Index="222" Name="D:\Codes\CoffeeSpace\CoffeeSpace.ProductApi\Application\Contracts\Requests\CreateProductRequest.cs" ChecksumAlgorithm="SHA256" Checksum="083C6C9885E41D25335F0E2BEDDAEAB8ACC9BCED22B1A0B2BEC30A73D9B14ADC" />
    <File Index="223" Name="D:\Codes\CoffeeSpace\CoffeeSpace.ProductApi\Application\Contracts\Requests\DeleteProductByIdRequest.cs" ChecksumAlgorithm="SHA256" Checksum="E9B2E948891540AAE97C54315CE46697357C31A04AA28EFB076BD6691284AE9E" />
    <File Index="224" Name="D:\Codes\CoffeeSpace\CoffeeSpace.ProductApi\Application\Contracts\Requests\GetPagedProductsRequest.cs" ChecksumAlgorithm="SHA256" Checksum="7D72376308BA4ED70EE74AF4D500FC97EF83038EDF53E2B1AD5D5B301E49FB29" />
    <File Index="225" Name="D:\Codes\CoffeeSpace\CoffeeSpace.ProductApi\Application\Contracts\Requests\GetProductByIdRequest.cs" ChecksumAlgorithm="SHA256" Checksum="0C5C6308C7237CC7B06C26D16454E2B073EE83227AEA155C5B3DA0A3D848A014" />
    <File Index="226" Name="D:\Codes\CoffeeSpace\CoffeeSpace.ProductApi\Application\Contracts\Requests\UpdateProductRequest.cs" ChecksumAlgorithm="SHA256" Checksum="3BE9CB85A268196A03D274BF42FF007BD3592BB380735DC00069397D4F9A0211" />
    <File Index="227" Name="D:\Codes\CoffeeSpace\CoffeeSpace.ProductApi\Application\Contracts\Responses\ProductResponse.cs" ChecksumAlgorithm="SHA256" Checksum="E8E24F7E61C01F6327E36D41AC3B9F5BCB804D0F325F8591E930C50CBBE2032C" />
    <File Index="228" Name="D:\Codes\CoffeeSpace\CoffeeSpace.ProductApi\Application\Extensions\ApiVersionExtensions.cs" ChecksumAlgorithm="SHA256" Checksum="D70F53C8EF5D9614A8A3C4E671AE6B7D13AB2442D08A6FCD609F44DBF02CEB76" />
    <File Index="229" Name="D:\Codes\CoffeeSpace\CoffeeSpace.ProductApi\Application\Extensions\HealthChecksExtensions.cs" ChecksumAlgorithm="SHA256" Checksum="5AEFB4BB5FC78476479BB225CA36E8B316A75914460DE63D4A58A89A4C768622" />
    <File Index="230" Name="D:\Codes\CoffeeSpace\CoffeeSpace.ProductApi\Application\Extensions\PagedListExtensions.cs" ChecksumAlgorithm="SHA256" Checksum="39786AA8F8A2011C9766027F616893FDE68414B928ED73DBC4548D89C7DB90FE" />
    <File Index="231" Name="D:\Codes\CoffeeSpace\CoffeeSpace.ProductApi\Application\Helpers\ApiEndpoints.cs" ChecksumAlgorithm="SHA256" Checksum="6B8356D40914E47CC7A0BDDE1808A35E8DB7E18204957E9AFAE05CD004523508" />
    <File Index="232" Name="D:\Codes\CoffeeSpace\CoffeeSpace.ProductApi\Application\Helpers\CacheKeys.cs" ChecksumAlgorithm="SHA256" Checksum="54803A9839E3A8950F87641DE9090F4552E76AA51F2F4A6B74B407E40EFA5F0D" />
    <File Index="233" Name="D:\Codes\CoffeeSpace\CoffeeSpace.ProductApi\Application\Helpers\PagedList.cs" ChecksumAlgorithm="SHA256" Checksum="7E2E9C9F16CD694D9A4890263F4DCABA9DAFBCF97C94FE7408FDC2FCA9B97CD3" />
    <File Index="234" Name="D:\Codes\CoffeeSpace\CoffeeSpace.ProductApi\Application\Mapping\ProductMappingConfig.cs" ChecksumAlgorithm="SHA256" Checksum="16A1826C276F911023B1C50635BEB65F3B6D61E3DC04E9CB5C3F47A3A8BF3619" />
    <File Index="235" Name="D:\Codes\CoffeeSpace\CoffeeSpace.ProductApi\Application\Messages\Consumers\OrderStockValidationConsumer.cs" ChecksumAlgorithm="SHA256" Checksum="1253568B010BECC3F1AD478E836DBC908941647793D64A6A9881581D6FE50A9B" />
    <File Index="236" Name="D:\Codes\CoffeeSpace\CoffeeSpace.ProductApi\Application\Repositories\Abstractions\IProductRepository.cs" ChecksumAlgorithm="SHA256" Checksum="03F0DB359FDCAD7A620BF49536886638A48D928822DE2F243B4742489210C712" />
    <File Index="237" Name="D:\Codes\CoffeeSpace\CoffeeSpace.ProductApi\Application\Repositories\CachedProductRepository.cs" ChecksumAlgorithm="SHA256" Checksum="4F2750A53DC9F7A89C86EE6942D4D67CC4C44C7248EE4F096D07559F4219AD48" />
    <File Index="238" Name="D:\Codes\CoffeeSpace\CoffeeSpace.ProductApi\Application\Repositories\ProductRepository.cs" ChecksumAlgorithm="SHA256" Checksum="ED2AD69F4BD1A6D144BF7A361B20D24CB8549969FA5955F78A71FB0832B1C14E" />
    <File Index="239" Name="D:\Codes\CoffeeSpace\CoffeeSpace.ProductApi\Application\Services\Abstractions\IProductService.cs" ChecksumAlgorithm="SHA256" Checksum="30F680A04A6FA9693A9145CA3E4390CC4CFA543E53F34D04EE735FD7362DAE5B" />
    <File Index="240" Name="D:\Codes\CoffeeSpace\CoffeeSpace.ProductApi\Application\Services\ProductService.cs" ChecksumAlgorithm="SHA256" Checksum="1E8461D504B5CF42F5196D0E4B80756FDBDB48EDD133C99147734D5FC6881E3B" />
    <File Index="241" Name="D:\Codes\CoffeeSpace\CoffeeSpace.ProductApi\Application\Validators\CreateProductRequestValidator.cs" ChecksumAlgorithm="SHA256" Checksum="DE480C396A89EC653E947B5F610CA6F2B63F9ABEF8605455A141B4540857F7BE" />
    <File Index="242" Name="D:\Codes\CoffeeSpace\CoffeeSpace.ProductApi\Application\Validators\ProductResponseValidator.cs" ChecksumAlgorithm="SHA256" Checksum="02CADB9B23DA9E24CCA78A6770974B2481A6EF34EB1E56A08928324EFD425AF6" />
    <File Index="243" Name="D:\Codes\CoffeeSpace\CoffeeSpace.ProductApi\Application\Validators\UpdateProductRequestValidator.cs" ChecksumAlgorithm="SHA256" Checksum="92572223E40D18DA4A5203807FF7C3FF4AE9529BB95747DEFB7EAC2CD644CB1F" />
    <File Index="244" Name="D:\Codes\CoffeeSpace\CoffeeSpace.ProductApi\Controllers\ProductsController.cs" ChecksumAlgorithm="SHA256" Checksum="9FEBC3B6CF470E46A6057F184B48DEE1C3A097CE697888D3DC446E06F38473FC" />
    <File Index="245" Name="D:\Codes\CoffeeSpace\CoffeeSpace.ProductApi\Persistence\Abstractions\IProductDbContext.cs" ChecksumAlgorithm="SHA256" Checksum="D98A54D4EEE87CB69A1421294B4035E74DC1300B3FD9B4A46BF977851BE0CCB5" />
    <File Index="246" Name="D:\Codes\CoffeeSpace\CoffeeSpace.ProductApi\Persistence\Configurations\ProductConfiguration.cs" ChecksumAlgorithm="SHA256" Checksum="713FA9838C86B8E215211FA9B3D9D489C19EC4C9AC8A1964D7B064AF39D73984" />
    <File Index="247" Name="D:\Codes\CoffeeSpace\CoffeeSpace.ProductApi\Persistence\Migrations\20230617104041_Init.cs" ChecksumAlgorithm="SHA256" Checksum="DCD8B4555F4ED8621101020721988C05486A146C59A733347AAC73F6B829347F" />
    <File Index="248" Name="D:\Codes\CoffeeSpace\CoffeeSpace.ProductApi\Persistence\Migrations\20230617104041_Init.Designer.cs" ChecksumAlgorithm="SHA256" Checksum="87D9384B7E4D9680D2EC58433CCE1D7CB0BABA2AC32CE24EC270A82A1876F595" />
    <File Index="249" Name="D:\Codes\CoffeeSpace\CoffeeSpace.ProductApi\Persistence\Migrations\20230621203400_Increased_MaxSizeOf_Description.cs" ChecksumAlgorithm="SHA256" Checksum="3DB56F203350305798C2B3029B1342C77BDB08D9C0D087959DDC7E374F475AFC" />
    <File Index="250" Name="D:\Codes\CoffeeSpace\CoffeeSpace.ProductApi\Persistence\Migrations\20230621203400_Increased_MaxSizeOf_Description.Designer.cs" ChecksumAlgorithm="SHA256" Checksum="1A1DBC36484F6A48CD6DA4162DBB35D68D58F07E63D4245ADCCA186713783C6A" />
    <File Index="251" Name="D:\Codes\CoffeeSpace\CoffeeSpace.ProductApi\Persistence\Migrations\ProductDbContextModelSnapshot.cs" ChecksumAlgorithm="SHA256" Checksum="45BBC140660CB56861F3559DBB85F2474068C90A0F280B4021D0CBBEC0D1191F" />
    <File Index="252" Name="D:\Codes\CoffeeSpace\CoffeeSpace.ProductApi\Persistence\ProductDbContext.cs" ChecksumAlgorithm="SHA256" Checksum="F6543CA1925FF9E466D3D2E43C715E9F749CE02C1596A4A179363881FB54EBD5" />
    <File Index="253" Name="D:\Codes\CoffeeSpace\CoffeeSpace.ProductApi\Program.cs" ChecksumAlgorithm="SHA256" Checksum="5772C65EC9870DDF25700E01FCC68A774707014439F78B2CE9E97ED291709B99" />
    <File Index="254" Name="D:\Codes\CoffeeSpace\CoffeeSpace.ProductApi\obj\Debug\net7.0\CoffeeSpace.ProductApi.GlobalUsings.g.cs" ChecksumAlgorithm="SHA256" Checksum="1BC1691037C29525F4B104FE05A77BBEF040A27CCE2AB784ED28226F8C8B5E35" />
    <File Index="255" Name="D:\Codes\CoffeeSpace\CoffeeSpace.ProductApi\obj\Debug\net7.0\.NETCoreApp,Version=v7.0.AssemblyAttributes.cs" ChecksumAlgorithm="SHA256" Checksum="AC9DDB5EE1D6ADC61057F3029BF0242B3F619F1F85D4CC8FFA956B76EA48D939" />
    <File Index="256" Name="D:\Codes\CoffeeSpace\CoffeeSpace.ProductApi\obj\Debug\net7.0\CoffeeSpace.ProductApi.AssemblyInfo.cs" ChecksumAlgorithm="SHA256" Checksum="2DEB62E43FFE9EE392B9BA7200E8FF6385995B06A92CC5EEB79C5A75BC8466A7" />
    <File Index="257" Name="D:\Codes\CoffeeSpace\CoffeeSpace.ProductApi\obj\Debug\net7.0\CoffeeSpace.ProductApi.MvcApplicationPartsAssemblyInfo.cs" ChecksumAlgorithm="SHA256" Checksum="4EE67F18671965F31BB2416794D02DD3A338FD29CE768FAAD1EC304120378AD4" />
    <File Index="258" Name="D:\Codes\CoffeeSpace\CoffeeSpace.ProductApi\Riok.Mapperly\Riok.Mapperly.MapperGenerator\ProductMappingConfig.g.cs" ChecksumAlgorithm="SHA1" Checksum="112A12A76CCC121F90B30797471C956B06F32D96" />
    <File Index="259" Name="D:\Codes\CoffeeSpace\tests\Unit Tests\CoffeeSpace.IdentityApi.Tests\Consumers\DeleteBuyerConsumerTests.cs" ChecksumAlgorithm="SHA256" Checksum="C3C26A863AB5373B6A5CA4DEDA18D0C80DE424B040ED27241BC496BBE023A4C4" />
    <File Index="260" Name="D:\Codes\CoffeeSpace\tests\Unit Tests\CoffeeSpace.IdentityApi.Tests\Consumers\UpdateBuyerConsumerTests.cs" ChecksumAlgorithm="SHA256" Checksum="80A70F7C7C5AF063DF5AB2DDE9D0CE77A6EB2F328A032DF413368566AA03CD3C" />
    <File Index="261" Name="D:\Codes\CoffeeSpace\tests\Unit Tests\CoffeeSpace.IdentityApi.Tests\Services\AuthServiceTests.cs" ChecksumAlgorithm="SHA256" Checksum="6B284F22E76945A9089E75E4F4C827C45070F197BEA4983FCE0496DA5C859A07" />
    <File Index="262" Name="D:\Codes\CoffeeSpace\tests\Unit Tests\CoffeeSpace.IdentityApi.Tests\Services\TokenWriterTests.cs" ChecksumAlgorithm="SHA256" Checksum="1FE6A49EA0328605A5E728087E99D5CF04796C6FE491935E77BAF77838161B90" />
    <File Index="263" Name="D:\Codes\CoffeeSpace\tests\Unit Tests\CoffeeSpace.IdentityApi.Tests\Validators\LoginRequestValidatorTests.cs" ChecksumAlgorithm="SHA256" Checksum="6F43F3A6935479BA9DC32FC2D2F3F7E634FE01F19DB500D1469C4A944D6DFF19" />
    <File Index="264" Name="D:\Codes\CoffeeSpace\tests\Unit Tests\CoffeeSpace.IdentityApi.Tests\Validators\RegisterRequestValidatorTests.cs" ChecksumAlgorithm="SHA256" Checksum="6D88214712DAF61A630E72559D772362938C60626E9F0E3A2971230C229070D8" />
    <File Index="265" Name="D:\Codes\CoffeeSpace\tests\Unit Tests\CoffeeSpace.IdentityApi.Tests\obj\Debug\net7.0\CoffeeSpace.IdentityApi.Tests.GlobalUsings.g.cs" ChecksumAlgorithm="SHA256" Checksum="F3F134E9E825E3E7268090F58B1AF2BDA2DE513F61A09C56F48B9B8D08612ABC" />
    <File Index="266" Name="D:\Codes\CoffeeSpace\tests\Unit Tests\CoffeeSpace.IdentityApi.Tests\obj\Debug\net7.0\.NETCoreApp,Version=v7.0.AssemblyAttributes.cs" ChecksumAlgorithm="SHA256" Checksum="AC9DDB5EE1D6ADC61057F3029BF0242B3F619F1F85D4CC8FFA956B76EA48D939" />
    <File Index="267" Name="D:\Codes\CoffeeSpace\tests\Unit Tests\CoffeeSpace.IdentityApi.Tests\obj\Debug\net7.0\CoffeeSpace.IdentityApi.Tests.AssemblyInfo.cs" ChecksumAlgorithm="SHA256" Checksum="ACAAC7F85D1C7202550F61890E69DF2515EFCEA6EB40D98303485816FFF34F46" />
    <File Index="268" Name="D:\Codes\CoffeeSpace\tests\Unit Tests\CoffeeSpace.OrderingApi.Tests\Consumers\RegisterNewBuyerConsumerTests.cs" ChecksumAlgorithm="SHA256" Checksum="DF52CFF92766E37DC023D20AFD295A1DC8C38785481AACFE6F20530D5FBCBA44" />
    <File Index="269" Name="D:\Codes\CoffeeSpace\tests\Unit Tests\CoffeeSpace.OrderingApi.Tests\Consumers\UpdateOrderStatusConsumerTests.cs" ChecksumAlgorithm="SHA256" Checksum="C88F89484FB32518749541FAAB518532F0EDD5CDDADA201F7454AA269ABDD5F1" />
    <File Index="270" Name="D:\Codes\CoffeeSpace\tests\Unit Tests\CoffeeSpace.OrderingApi.Tests\Fixtures\OrderingDbContextFixture.cs" ChecksumAlgorithm="SHA256" Checksum="AA6CF597611B33758515F861F371F023157C23C9FF072BD4EB7A28E18CADAC50" />
    <File Index="271" Name="D:\Codes\CoffeeSpace\tests\Unit Tests\CoffeeSpace.OrderingApi.Tests\Repositories\BuyerRepositoryTests.cs" ChecksumAlgorithm="SHA256" Checksum="3ECCCF0357E4954BDAB5FF42565043A97F738BC7612E35B6DD83686E6064EF3A" />
    <File Index="272" Name="D:\Codes\CoffeeSpace\tests\Unit Tests\CoffeeSpace.OrderingApi.Tests\Repositories\OrderRepositoryTests.cs" ChecksumAlgorithm="SHA256" Checksum="5D1CFD04376A8B149AC1D68A0226154C7D0928203AB965CD481D3E664A868C26" />
    <File Index="273" Name="D:\Codes\CoffeeSpace\tests\Unit Tests\CoffeeSpace.OrderingApi.Tests\Sagas\OrderStateMachineTests.cs" ChecksumAlgorithm="SHA256" Checksum="C3A6846DA1E6ADE81008D76B126FEF1DED4BD3D57BA7F47594B8AD69F85756D5" />
    <File Index="274" Name="D:\Codes\CoffeeSpace\tests\Unit Tests\CoffeeSpace.OrderingApi.Tests\Services\BuyerServiceTests.cs" ChecksumAlgorithm="SHA256" Checksum="BF0F22BB60F6CCB6E2C07265C5DB2503D3AC6ACF782E4201D736C79FDA362F2A" />
    <File Index="275" Name="D:\Codes\CoffeeSpace\tests\Unit Tests\CoffeeSpace.OrderingApi.Tests\Services\OrderServiceTests.cs" ChecksumAlgorithm="SHA256" Checksum="328DB0DFA2781D022CB24DFEC254C6DE3692957813946ED27F56C367F698B193" />
    <File Index="276" Name="D:\Codes\CoffeeSpace\tests\Unit Tests\CoffeeSpace.OrderingApi.Tests\Validators\Buyers\BuyerResponseValidatorTests.cs" ChecksumAlgorithm="SHA256" Checksum="A1272DBFE3E9B3AC4DA79641CB9A1858656DA89561A4A88CD695D1FED4F26158" />
    <File Index="277" Name="D:\Codes\CoffeeSpace\tests\Unit Tests\CoffeeSpace.OrderingApi.Tests\Validators\Buyers\CreateBuyerRequestValidatorTests.cs" ChecksumAlgorithm="SHA256" Checksum="711AF36E7FA4DF89DF4342AB9982B6A4DCCD93D0BEC12D79BD231EBB97F970D6" />
    <File Index="278" Name="D:\Codes\CoffeeSpace\tests\Unit Tests\CoffeeSpace.OrderingApi.Tests\Validators\Buyers\UpdateBuyerRequestValidatorTests.cs" ChecksumAlgorithm="SHA256" Checksum="8654BCC11F1D68B9B74C475E3913199E2830765A97BDFCD69AEE39F4E85E9683" />
    <File Index="279" Name="D:\Codes\CoffeeSpace\tests\Unit Tests\CoffeeSpace.OrderingApi.Tests\Validators\Orders\CreateOrderRequestValidatorTests.cs" ChecksumAlgorithm="SHA256" Checksum="4D4C0F15BADF57BDBF772BBAE38CD9A65C1BA01640C7C4CA90FB5576F9CD1457" />
    <File Index="280" Name="D:\Codes\CoffeeSpace\tests\Unit Tests\CoffeeSpace.OrderingApi.Tests\Validators\Orders\OrderResponseValidatorTests.cs" ChecksumAlgorithm="SHA256" Checksum="306BC9B26CA4E5DAF1CC0FA36C5D539F238240148B38FA8B580D5A14664493FF" />
    <File Index="281" Name="D:\Codes\CoffeeSpace\tests\Unit Tests\CoffeeSpace.OrderingApi.Tests\obj\Debug\net7.0\CoffeeSpace.OrderingApi.Tests.GlobalUsings.g.cs" ChecksumAlgorithm="SHA256" Checksum="F3F134E9E825E3E7268090F58B1AF2BDA2DE513F61A09C56F48B9B8D08612ABC" />
    <File Index="282" Name="D:\Codes\CoffeeSpace\tests\Unit Tests\CoffeeSpace.OrderingApi.Tests\obj\Debug\net7.0\.NETCoreApp,Version=v7.0.AssemblyAttributes.cs" ChecksumAlgorithm="SHA256" Checksum="AC9DDB5EE1D6ADC61057F3029BF0242B3F619F1F85D4CC8FFA956B76EA48D939" />
    <File Index="283" Name="D:\Codes\CoffeeSpace\tests\Unit Tests\CoffeeSpace.OrderingApi.Tests\obj\Debug\net7.0\CoffeeSpace.OrderingApi.Tests.AssemblyInfo.cs" ChecksumAlgorithm="SHA256" Checksum="DDAE8101E8560CA719377B97369960EDD9514910654F75BAB31DE934E16B6800" />
    <File Index="284" Name="D:\Codes\CoffeeSpace\CoffeeSpace.ApiGateway\Extensions\AzureKeyVaultExtensions.cs" ChecksumAlgorithm="SHA256" Checksum="5F52377DCE82089E272901735D8DA745DC63E83686DDA3A4BC4C1E9FB7FEF9C9" />
    <File Index="285" Name="D:\Codes\CoffeeSpace\CoffeeSpace.ApiGateway\Extensions\JwtBearerExtensions.cs" ChecksumAlgorithm="SHA256" Checksum="9ABEE43AEDEA0C7DC1364850BD0AA37110E1A97CAE45200C3FBD20465513EB29" />
    <File Index="286" Name="D:\Codes\CoffeeSpace\CoffeeSpace.ApiGateway\Program.cs" ChecksumAlgorithm="SHA256" Checksum="2E724BE76B844A2326F352BE52817732A7669B4F0768AF57CFAD0D8B28ED1218" />
    <File Index="287" Name="D:\Codes\CoffeeSpace\CoffeeSpace.ApiGateway\Services\PrefixKeyVaultSecretManager.cs" ChecksumAlgorithm="SHA256" Checksum="8EF1C8BC970E9B89868CD088F8A52C177C913D3FC8EF811D7BDB4CF7A2951ECB" />
    <File Index="288" Name="D:\Codes\CoffeeSpace\CoffeeSpace.ApiGateway\obj\Debug\net7.0\CoffeeSpace.ApiGateway.GlobalUsings.g.cs" ChecksumAlgorithm="SHA256" Checksum="1BC1691037C29525F4B104FE05A77BBEF040A27CCE2AB784ED28226F8C8B5E35" />
    <File Index="289" Name="D:\Codes\CoffeeSpace\CoffeeSpace.ApiGateway\obj\Debug\net7.0\.NETCoreApp,Version=v7.0.AssemblyAttributes.cs" ChecksumAlgorithm="SHA256" Checksum="AC9DDB5EE1D6ADC61057F3029BF0242B3F619F1F85D4CC8FFA956B76EA48D939" />
    <File Index="290" Name="D:\Codes\CoffeeSpace\CoffeeSpace.ApiGateway\obj\Debug\net7.0\CoffeeSpace.ApiGateway.AssemblyInfo.cs" ChecksumAlgorithm="SHA256" Checksum="C3B137A8D3B6621E80BE6859E160E2FAB58058621DE9F6376B11D5635AC68664" />
    <File Index="291" Name="D:\Codes\CoffeeSpace\CoffeeSpace.ApiGateway\obj\Debug\net7.0\CoffeeSpace.ApiGateway.MvcApplicationPartsAssemblyInfo.cs" ChecksumAlgorithm="SHA256" Checksum="3982ED1EEDD48CE2BD16E68937A5DB71402E4D3863E6CEB414A4DE910A9555D4" />
    <File Index="292" Name="D:\Codes\CoffeeSpace\tests\Integration Tests\CoffeeSpace.ProductApi.Tests.Integration\Controllers\ProductsApiControllerTests.cs" ChecksumAlgorithm="SHA256" Checksum="20F36409DCBFFEF3FEDE4B25618D00ABA775E5451E1663D2F88E2D582D01E574" />
    <File Index="293" Name="D:\Codes\CoffeeSpace\tests\Integration Tests\CoffeeSpace.ProductApi.Tests.Integration\Fakers\CreateProductRequestFaker.cs" ChecksumAlgorithm="SHA256" Checksum="F14E821391B63773F3FEA177C367E6CFB6FEF6EEF2E12BA2A29F119559053668" />
    <File Index="294" Name="D:\Codes\CoffeeSpace\tests\Integration Tests\CoffeeSpace.ProductApi.Tests.Integration\Fakers\ProductFaker.cs" ChecksumAlgorithm="SHA256" Checksum="F7AA69B2E20E8C6360CCE4439584F038D853D403F265EAF63CBD7FC305D81897" />
    <File Index="295" Name="D:\Codes\CoffeeSpace\tests\Integration Tests\CoffeeSpace.ProductApi.Tests.Integration\Fakers\UpdateProductRequestFaker.cs" ChecksumAlgorithm="SHA256" Checksum="7328127A650C22233C4BD9D9EABBC06DF936ACE8E2040B9E1529865B3EC485D1" />
    <File Index="296" Name="D:\Codes\CoffeeSpace\tests\Integration Tests\CoffeeSpace.ProductApi.Tests.Integration\Fixtures\ProductApiFactory.cs" ChecksumAlgorithm="SHA256" Checksum="0692FB4866E04731D6C8A21B38E97882F398B46ED1E20EDE11400794A409F4A9" />
    <File Index="297" Name="D:\Codes\CoffeeSpace\tests\Integration Tests\CoffeeSpace.ProductApi.Tests.Integration\obj\Debug\net7.0\CoffeeSpace.ProductApi.Tests.Integration.GlobalUsings.g.cs" ChecksumAlgorithm="SHA256" Checksum="C993D12FF0AF5D756D01FD6DB55AC8843EEDB52F85DDE667566020259BF98408" />
    <File Index="298" Name="D:\Codes\CoffeeSpace\tests\Integration Tests\CoffeeSpace.ProductApi.Tests.Integration\obj\Debug\net7.0\Verify.Attributes.cs" ChecksumAlgorithm="SHA256" Checksum="6BEBEF3F1286898BE108AB71D3362D72578C1662C3E1B3A27207C36C08134FC6" />
    <File Index="299" Name="D:\Codes\CoffeeSpace\tests\Integration Tests\CoffeeSpace.ProductApi.Tests.Integration\obj\Debug\net7.0\.NETCoreApp,Version=v7.0.AssemblyAttributes.cs" ChecksumAlgorithm="SHA256" Checksum="AC9DDB5EE1D6ADC61057F3029BF0242B3F619F1F85D4CC8FFA956B76EA48D939" />
    <File Index="300" Name="D:\Codes\CoffeeSpace\tests\Integration Tests\CoffeeSpace.ProductApi.Tests.Integration\obj\Debug\net7.0\CoffeeSpace.ProductApi.Tests.Integration.AssemblyInfo.cs" ChecksumAlgorithm="SHA256" Checksum="4C3F4E34CD15691470B370D55784DE199A32B9AA500FB06888307C4AC0D94664" />
    <File Index="301" Name="D:\Codes\CoffeeSpace\tests\Integration Tests\CoffeeSpace.OrderingApi.Tests.Integration\obj\Debug\net7.0\CoffeeSpace.OrderingApi.Tests.Integration.AssemblyInfo.cs" ChecksumAlgorithm="SHA256" Checksum="3E4900EAAE018E7509E70C9978B2CC32F292730B27EECC672DACFC5F9280ECBC" />
    <File Index="302" Name="D:\Codes\CoffeeSpace\tests\Integration Tests\CoffeeSpace.OrderingApi.Tests.Integration\obj\Debug\net7.0\.NETCoreApp,Version=v7.0.AssemblyAttributes.cs" ChecksumAlgorithm="SHA256" Checksum="AC9DDB5EE1D6ADC61057F3029BF0242B3F619F1F85D4CC8FFA956B76EA48D939" />
    <File Index="303" Name="D:\Codes\CoffeeSpace\tests\Integration Tests\CoffeeSpace.OrderingApi.Tests.Integration\obj\Debug\net7.0\Verify.Attributes.cs" ChecksumAlgorithm="SHA256" Checksum="69BE3F66858ABD24A72EA184756900885BD689797257FD8848027BE9D4B92CE9" />
    <File Index="304" Name="D:\Codes\CoffeeSpace\tests\Integration Tests\CoffeeSpace.OrderingApi.Tests.Integration\obj\Debug\net7.0\CoffeeSpace.OrderingApi.Tests.Integration.GlobalUsings.g.cs" ChecksumAlgorithm="SHA256" Checksum="C993D12FF0AF5D756D01FD6DB55AC8843EEDB52F85DDE667566020259BF98408" />
    <File Index="305" Name="D:\Codes\CoffeeSpace\tests\Integration Tests\CoffeeSpace.OrderingApi.Tests.Integration\Fixtures\OrderingCollectionFixture.cs" ChecksumAlgorithm="SHA256" Checksum="412EE6B8C5534B9AA6106C53C1F66AC1624C52ADD5F2358C031D0243501EBE9D" />
    <File Index="306" Name="D:\Codes\CoffeeSpace\tests\Integration Tests\CoffeeSpace.OrderingApi.Tests.Integration\Fixtures\OrderingApiFactory.cs" ChecksumAlgorithm="SHA256" Checksum="C194C845B4CC0CD46C7D420F1E4B2290C86F1ADB850AFC79C9CBA56C79358F13" />
    <File Index="307" Name="D:\Codes\CoffeeSpace\tests\Integration Tests\CoffeeSpace.OrderingApi.Tests.Integration\Fakers\Requests\UpdateBuyerRequestFaker.cs" ChecksumAlgorithm="SHA256" Checksum="246F96297F1C9357A1C53E416656EA47C3B090ACB94D5B590EF938D2CFFEF9BF" />
    <File Index="308" Name="D:\Codes\CoffeeSpace\tests\Integration Tests\CoffeeSpace.OrderingApi.Tests.Integration\Fakers\Requests\CreatePaymentInfoRequestFaker.cs" ChecksumAlgorithm="SHA256" Checksum="47428091605CAA5EB8BB9D12E16F33DCD7418A375DA4DDA6F0227471EE8496C6" />
    <File Index="309" Name="D:\Codes\CoffeeSpace\tests\Integration Tests\CoffeeSpace.OrderingApi.Tests.Integration\Fakers\Requests\CreateOrderRequestFaker.cs" ChecksumAlgorithm="SHA256" Checksum="5A2367897D58723B93F6ECCDD694164A1AB7547CD32A36B9686E637444882B1D" />
    <File Index="310" Name="D:\Codes\CoffeeSpace\tests\Integration Tests\CoffeeSpace.OrderingApi.Tests.Integration\Fakers\Requests\CreateBuyerRequestFaker.cs" ChecksumAlgorithm="SHA256" Checksum="DFE7C518E4A071CF33C38846BC6E1972E95D54281B8D06843A275D804B41DCCA" />
    <File Index="311" Name="D:\Codes\CoffeeSpace\tests\Integration Tests\CoffeeSpace.OrderingApi.Tests.Integration\Fakers\Requests\CreateAddressRequestFaker.cs" ChecksumAlgorithm="SHA256" Checksum="9991BEE8FF08650C1BF9E73E376D2B145D472631E7D4207C91B56048F6EF7458" />
    <File Index="312" Name="D:\Codes\CoffeeSpace\tests\Integration Tests\CoffeeSpace.OrderingApi.Tests.Integration\Fakers\Models\PaymentInfoFaker.cs" ChecksumAlgorithm="SHA256" Checksum="F1714C03980D16AEA940B18350EEDEEF720DE1B0119209BDD435F17C2BDA6FEB" />
    <File Index="313" Name="D:\Codes\CoffeeSpace\tests\Integration Tests\CoffeeSpace.OrderingApi.Tests.Integration\Fakers\Models\OrderItemFaker.cs" ChecksumAlgorithm="SHA256" Checksum="F2598DE61BEA6B657FE40AD125CE03C3E41C41D44918B1F267903C26A5F7E4B4" />
    <File Index="314" Name="D:\Codes\CoffeeSpace\tests\Integration Tests\CoffeeSpace.OrderingApi.Tests.Integration\Fakers\Models\OrderFaker.cs" ChecksumAlgorithm="SHA256" Checksum="0D43408989F5AD11BBDFA3B16503E72235FFAE2B9857BF6045560DE81AB2E39A" />
    <File Index="315" Name="D:\Codes\CoffeeSpace\tests\Integration Tests\CoffeeSpace.OrderingApi.Tests.Integration\Fakers\Models\BuyerFaker.cs" ChecksumAlgorithm="SHA256" Checksum="D679F0F9AA67A1877D057F0EBCE9F162BA64FA58CE07AAA6047544020DE41638" />
    <File Index="316" Name="D:\Codes\CoffeeSpace\tests\Integration Tests\CoffeeSpace.OrderingApi.Tests.Integration\Fakers\Models\AddressFaker.cs" ChecksumAlgorithm="SHA256" Checksum="336351DE4BFD0B393FAFDEEF45BBC172B1F612DF2297F1020BAF1C886FD2C68C" />
    <File Index="317" Name="D:\Codes\CoffeeSpace\tests\Integration Tests\CoffeeSpace.OrderingApi.Tests.Integration\Controllers\OrdersControllerTests.cs" ChecksumAlgorithm="SHA256" Checksum="DB94FEB647DF8877BF9D28D96D465ED35483F19BA613FECC61185AF47C1656C4" />
    <File Index="318" Name="D:\Codes\CoffeeSpace\tests\Integration Tests\CoffeeSpace.OrderingApi.Tests.Integration\Controllers\BuyersControllerTests.cs" ChecksumAlgorithm="SHA256" Checksum="B0F96CED805246E886194FC37F33456E8791F46C9CA527A657EB2E0F7DBFED96" />
    <File Index="319" Name="D:\Codes\CoffeeSpace\tests\Integration Tests\CoffeeSpace.IdentityApi.Tests.Integration\Controllers\AuthControllerTests.cs" ChecksumAlgorithm="SHA256" Checksum="78178B5C8DD70860A1C875A2C782A2897CB6F70CC30B392C4ACABCF91412E7B7" />
    <File Index="320" Name="D:\Codes\CoffeeSpace\tests\Integration Tests\CoffeeSpace.IdentityApi.Tests.Integration\Fakers\LoginRequestFaker.cs" ChecksumAlgorithm="SHA256" Checksum="9778FBB656D71FE437A9F182C809E5E6938884DA6FBC0A1A6C0B3B82C08E8969" />
    <File Index="321" Name="D:\Codes\CoffeeSpace\tests\Integration Tests\CoffeeSpace.IdentityApi.Tests.Integration\Fakers\RegisterRequestFaker.cs" ChecksumAlgorithm="SHA256" Checksum="FFEDE3E50B8142BC2123AFC8A8691DB598855F0F5BCF92FE231A9A0922A1BCBE" />
    <File Index="322" Name="D:\Codes\CoffeeSpace\tests\Integration Tests\CoffeeSpace.IdentityApi.Tests.Integration\Fixtures\IdentityApiFactory.cs" ChecksumAlgorithm="SHA256" Checksum="59B26D8161AA2398A87DFC3ADBF59638EA58D1C74B599AE39E1628843F853350" />
    <File Index="323" Name="D:\Codes\CoffeeSpace\tests\Integration Tests\CoffeeSpace.IdentityApi.Tests.Integration\obj\Debug\net7.0\CoffeeSpace.IdentityApi.Tests.Integration.GlobalUsings.g.cs" ChecksumAlgorithm="SHA256" Checksum="C993D12FF0AF5D756D01FD6DB55AC8843EEDB52F85DDE667566020259BF98408" />
    <File Index="324" Name="D:\Codes\CoffeeSpace\tests\Integration Tests\CoffeeSpace.IdentityApi.Tests.Integration\obj\Debug\net7.0\Verify.Attributes.cs" ChecksumAlgorithm="SHA256" Checksum="1BFD1B8D24058A3F7261AC65EB9E899B33A1E0A25E258D6ADBC54E0353405FBE" />
    <File Index="325" Name="D:\Codes\CoffeeSpace\tests\Integration Tests\CoffeeSpace.IdentityApi.Tests.Integration\obj\Debug\net7.0\.NETCoreApp,Version=v7.0.AssemblyAttributes.cs" ChecksumAlgorithm="SHA256" Checksum="AC9DDB5EE1D6ADC61057F3029BF0242B3F619F1F85D4CC8FFA956B76EA48D939" />
    <File Index="326" Name="D:\Codes\CoffeeSpace\tests\Integration Tests\CoffeeSpace.IdentityApi.Tests.Integration\obj\Debug\net7.0\CoffeeSpace.IdentityApi.Tests.Integration.AssemblyInfo.cs" ChecksumAlgorithm="SHA256" Checksum="87F3E16D08F75278CDD814101173206CDADB35D44532DFEF03E4D9460A3D6810" />
    <File Index="327" Name="D:\Codes\CoffeeSpace\CoffeeSpace.Client\App.xaml.cs" ChecksumAlgorithm="SHA256" Checksum="73EE9C55F82F827F1E7C6872264F19F302AA726EA8060289E5A456D26B479297" />
    <File Index="328" Name="D:\Codes\CoffeeSpace\CoffeeSpace.Client\AppShell.xaml.cs" ChecksumAlgorithm="SHA256" Checksum="DC3CE5D37EE7D6360721B2C9D74503AB56B167C11C4B08E525F730F69127B9E1" />
    <File Index="329" Name="D:\Codes\CoffeeSpace\CoffeeSpace.Client\Contracts\Authentication\LoginRequest.cs" ChecksumAlgorithm="SHA256" Checksum="8EC88811F234F05523F658FFA5ACA4237AB00C657BD498B27768357E59A19D69" />
    <File Index="330" Name="D:\Codes\CoffeeSpace\CoffeeSpace.Client\Contracts\Authentication\RegisterRequest.cs" ChecksumAlgorithm="SHA256" Checksum="000FA48AF44BF6173E8793AF7024F3DDA9C187CE452E4F0DADA3171C6938CE23" />
    <File Index="331" Name="D:\Codes\CoffeeSpace\CoffeeSpace.Client\Contracts\Ordering\CreateAddressRequest.cs" ChecksumAlgorithm="SHA256" Checksum="B054216C51CADA6803A6C3A1878A84148CDE615B6B082F0B9A5F562EDA4C2B84" />
    <File Index="332" Name="D:\Codes\CoffeeSpace\CoffeeSpace.Client\Contracts\Ordering\CreateOrderRequest.cs" ChecksumAlgorithm="SHA256" Checksum="5B83CB18180B641B6E771E89626B92C5D058D3923683209B47B2104BB21659BC" />
    <File Index="333" Name="D:\Codes\CoffeeSpace\CoffeeSpace.Client\Contracts\Ordering\CreatePaymentInfoRequest.cs" ChecksumAlgorithm="SHA256" Checksum="3EA83E2F4A5E2D4E7CF669A549B75C53BF7CA7D277513C0B3FC54926E7833519" />
    <File Index="334" Name="D:\Codes\CoffeeSpace\CoffeeSpace.Client\Extensions\ApplicationServiceExtensions.cs" ChecksumAlgorithm="SHA256" Checksum="D56FDD7E992FE55C5512BC726E1DBB230903B83167B82171951885C6F2ED7C2F" />
    <File Index="335" Name="D:\Codes\CoffeeSpace\CoffeeSpace.Client\Extensions\RefitClientExtensions.cs" ChecksumAlgorithm="SHA256" Checksum="AC9A736056D05A3940A1ABA5EE5B3D8119FDC5E2B2B08D8B56BDD5A524345B53" />
    <File Index="336" Name="D:\Codes\CoffeeSpace\CoffeeSpace.Client\Handlers\AuthHeaderHandler.cs" ChecksumAlgorithm="SHA256" Checksum="3CF4966A1E974C81D7D3185DA81A3A2FE4914B47C9DC6D61293749F1B26031C2" />
    <File Index="337" Name="D:\Codes\CoffeeSpace\CoffeeSpace.Client\Helpers\ApiEndpoints.cs" ChecksumAlgorithm="SHA256" Checksum="4300E9762C51F043C84C9A6FCB2D183702386B95080F8CEAB6C6065D4B6D6277" />
    <File Index="338" Name="D:\Codes\CoffeeSpace\CoffeeSpace.Client\Helpers\PagedList.cs" ChecksumAlgorithm="SHA256" Checksum="44E4A3BC3065AB5CBA98B86640703EB0B3E9E497157BADB0470C3968145BF789" />
    <File Index="339" Name="D:\Codes\CoffeeSpace\CoffeeSpace.Client\Mappers\ProductMapper.cs" ChecksumAlgorithm="SHA256" Checksum="A19DC3C4C31643182ED50855F9D6AED030ADFE9AE5CB0A571C6B5E9C5FB03BA6" />
    <File Index="340" Name="D:\Codes\CoffeeSpace\CoffeeSpace.Client\MauiProgram.cs" ChecksumAlgorithm="SHA256" Checksum="7D8B33078B9EBB3613D1EA86731F83C21428622A39882B02BF91925326FFD7B1" />
    <File Index="341" Name="D:\Codes\CoffeeSpace\CoffeeSpace.Client\MediatorConfiguration.cs" ChecksumAlgorithm="SHA256" Checksum="C35D38E1901E19C68467B77C1390D9883E1544B4AEDA7153EBA2F5E7E51F4071" />
    <File Index="342" Name="D:\Codes\CoffeeSpace\CoffeeSpace.Client\Messages\Commands\AddProductToCartCommand.cs" ChecksumAlgorithm="SHA256" Checksum="A35E38326B068600CF2F40153825ACD7E7D25D3DAFDF86481C21E6B96699F825" />
    <File Index="343" Name="D:\Codes\CoffeeSpace\CoffeeSpace.Client\Messages\Commands\ConfirmOrdersStockCommand.cs" ChecksumAlgorithm="SHA256" Checksum="96A002AA3A6F786C312E7E5C7A3B25FFC3AF8BC72E347C2E74C57FF85917CAAD" />
    <File Index="344" Name="D:\Codes\CoffeeSpace\CoffeeSpace.Client\Messages\Commands\CreateOrderCommand.cs" ChecksumAlgorithm="SHA256" Checksum="31CAC4655F4BB9529B737E5E2CB26FC867188189AC44469614BA469B4B93296C" />
    <File Index="345" Name="D:\Codes\CoffeeSpace\CoffeeSpace.Client\Messages\Commands\Handlers\AddProductToCartCommandHandler.cs" ChecksumAlgorithm="SHA256" Checksum="C63C0FCBA3537D748DE3DA42FF06DF9C05E3A36420CD4DB213B0D278C3B994DB" />
    <File Index="346" Name="D:\Codes\CoffeeSpace\CoffeeSpace.Client\Messages\Commands\Handlers\ConfirmOrdersStockCommandHandler.cs" ChecksumAlgorithm="SHA256" Checksum="A846878C20CDF9AE458FE3FB4239B67C63657C41083F46DF013A44443F2AAD05" />
    <File Index="347" Name="D:\Codes\CoffeeSpace\CoffeeSpace.Client\Messages\Commands\Handlers\CreateOrderCommandHandler.cs" ChecksumAlgorithm="SHA256" Checksum="5857E89D9840E5A73CC0992E7EBECEA03A2E5AD9F9D25AE6307282CF016150D9" />
    <File Index="348" Name="D:\Codes\CoffeeSpace\CoffeeSpace.Client\Messages\Queries\GetAllProductsQuery.cs" ChecksumAlgorithm="SHA256" Checksum="43C43E29F0359C19D7D41817D95068BFCCBE9B73FC5A58D94089BFE9B4F76565" />
    <File Index="349" Name="D:\Codes\CoffeeSpace\CoffeeSpace.Client\Messages\Queries\Handlers\GetAllProductsQueryHandler.cs" ChecksumAlgorithm="SHA256" Checksum="6F9376E363161804550C353BF04A373B499161B2B069FDCAC759B50091416DFF" />
    <File Index="350" Name="D:\Codes\CoffeeSpace\CoffeeSpace.Client\Models\Ordering\Address.cs" ChecksumAlgorithm="SHA256" Checksum="A8952A4226E676B85B838D8D7E45DCC1DB2D1667EA48418D781DF2F49679D891" />
    <File Index="351" Name="D:\Codes\CoffeeSpace\CoffeeSpace.Client\Models\Ordering\Buyer.cs" ChecksumAlgorithm="SHA256" Checksum="53A9558421053F639379F2625D9D5E23E207A0C76EE668D8CE8571E7CA916FDA" />
    <File Index="352" Name="D:\Codes\CoffeeSpace\CoffeeSpace.Client\Models\Ordering\CardType.cs" ChecksumAlgorithm="SHA256" Checksum="EAF9EAB10F453A8CC274FDA7F9BCA1227A0FEF3B3C7A68B3B30ADE2B9CDCC5E6" />
    <File Index="353" Name="D:\Codes\CoffeeSpace\CoffeeSpace.Client\Models\Ordering\Order.cs" ChecksumAlgorithm="SHA256" Checksum="A1B184186B216DA7F64D6637A242DC95B2EA7865AF9B246226E70D0BEE165E5E" />
    <File Index="354" Name="D:\Codes\CoffeeSpace\CoffeeSpace.Client\Models\Ordering\OrderItem.cs" ChecksumAlgorithm="SHA256" Checksum="E9FBCD50F5A442C9DD802E644424EF24E9F78F19D7CADEF02BBA82862E2738C5" />
    <File Index="355" Name="D:\Codes\CoffeeSpace\CoffeeSpace.Client\Models\Ordering\OrderStatus.cs" ChecksumAlgorithm="SHA256" Checksum="E6550F3E7D0BF2AAFDC9A8320AF090447AE25560BBFC9ECD8D725988BC009C78" />
    <File Index="356" Name="D:\Codes\CoffeeSpace\CoffeeSpace.Client\Models\Ordering\PaymentInfo.cs" ChecksumAlgorithm="SHA256" Checksum="88E2C0AFF2AFD77B15CCFECB1FB3288639774DE9546086696537DE9BBDFF9918" />
    <File Index="357" Name="D:\Codes\CoffeeSpace\CoffeeSpace.Client\Models\Products\Product.cs" ChecksumAlgorithm="SHA256" Checksum="9AB31D1D7969D9E7DD8BD4E61F79377A62683A9CBEFE640B08346F78C0F23EB0" />
    <File Index="358" Name="D:\Codes\CoffeeSpace\CoffeeSpace.Client\Platforms\MacCatalyst\AppDelegate.cs" ChecksumAlgorithm="SHA256" Checksum="EF679D9B01A845E0B34A337D9E35A5E67855450A3D77CC212ED28E58638A883C" />
    <File Index="359" Name="D:\Codes\CoffeeSpace\CoffeeSpace.Client\Platforms\MacCatalyst\Program.cs" ChecksumAlgorithm="SHA256" Checksum="572A110DCD36DB60EEE5FF9D2E2587F6C99F86761CFA18D98B112A25B99A85DF" />
    <File Index="360" Name="D:\Codes\CoffeeSpace\CoffeeSpace.Client\Services\Abstractions\IAuthService.cs" ChecksumAlgorithm="SHA256" Checksum="A94FFF619DA9AB89AAFADCFEB8149B62CD1B21F356A72D3F4D4E86F3A85B9995" />
    <File Index="361" Name="D:\Codes\CoffeeSpace\CoffeeSpace.Client\Services\AuthService.cs" ChecksumAlgorithm="SHA256" Checksum="7348D8B311A2832E7C3B5F70F20CB911B0037D66391C5574EDF70EC480EFD513" />
    <File Index="362" Name="D:\Codes\CoffeeSpace\CoffeeSpace.Client\Views\CartView.xaml.cs" ChecksumAlgorithm="SHA256" Checksum="0128465FADC576EBC4609ADDEE566C717232B6CE8B3AB7D775DA5A650A0947C3" />
    <File Index="363" Name="D:\Codes\CoffeeSpace\CoffeeSpace.Client\Views\LoginView.xaml.cs" ChecksumAlgorithm="SHA256" Checksum="49D8783772E26C9E8EF80354A1DF13ECA3168828CE4994C1162258918DF86F22" />
    <File Index="364" Name="D:\Codes\CoffeeSpace\CoffeeSpace.Client\Views\MainView.xaml.cs" ChecksumAlgorithm="SHA256" Checksum="CB26232EC1D5FAB6D9D6A807D9C749BD195B26FFF61EBF2A90171E639E56F9E7" />
    <File Index="365" Name="D:\Codes\CoffeeSpace\CoffeeSpace.Client\Views\OrderInformationView.xaml.cs" ChecksumAlgorithm="SHA256" Checksum="B02B42C3A4B122F4CA3ACDE9413C8F63E506A31D32C46D07BA8B320FD814C62C" />
    <File Index="366" Name="D:\Codes\CoffeeSpace\CoffeeSpace.Client\Views\OrderView.xaml.cs" ChecksumAlgorithm="SHA256" Checksum="2D8B7E125D61B70D332D83E3F9CB10662B80A43C08B91DA321C2D7D94F72BE0A" />
    <File Index="367" Name="D:\Codes\CoffeeSpace\CoffeeSpace.Client\Views\ProfileView.xaml.cs" ChecksumAlgorithm="SHA256" Checksum="E7D2220B1D1FB32AB9445025927749826E1580BF7AA771AA4C08DC4E67409F14" />
    <File Index="368" Name="D:\Codes\CoffeeSpace\CoffeeSpace.Client\WebApiClients\IBuyersWebApi.cs" ChecksumAlgorithm="SHA256" Checksum="82BB0265A432C664B8F451C819619FEC7DA63D6D43538A13083EC0F609C41E2F" />
    <File Index="369" Name="D:\Codes\CoffeeSpace\CoffeeSpace.Client\WebApiClients\IIdentityWebApi.cs" ChecksumAlgorithm="SHA256" Checksum="86491A6E4386C1C59EBD4DDDE25B837332CBF391D3A8D6E805BF65B534289A65" />
    <File Index="370" Name="D:\Codes\CoffeeSpace\CoffeeSpace.Client\WebApiClients\IOrderingWebApi.cs" ChecksumAlgorithm="SHA256" Checksum="A7669E379354E27D8A1BE29FE4F9018AFED777FB233DB43E020CCC2B8DA9D663" />
    <File Index="371" Name="D:\Codes\CoffeeSpace\CoffeeSpace.Client\WebApiClients\IProductsWebApi.cs" ChecksumAlgorithm="SHA256" Checksum="5AF8339AB7FA2647D8AECA98E59BCDAB9ACD2FF0718BF327E3A783FBAFECF13D" />
    <File Index="372" Name="D:\Codes\CoffeeSpace\CoffeeSpace.Client\_ViewModels\CartViewModel.cs" ChecksumAlgorithm="SHA256" Checksum="5A2436A567FB7190B0C1C13E99E14389777AB09A6521725A5820CA4011E36846" />
    <File Index="373" Name="D:\Codes\CoffeeSpace\CoffeeSpace.Client\_ViewModels\LoginViewModel.cs" ChecksumAlgorithm="SHA256" Checksum="EA20888C50D465A384D6AA8E50AAABEDDE8C8BC2BC8879D8D63A878D9B5D5BD7" />
    <File Index="374" Name="D:\Codes\CoffeeSpace\CoffeeSpace.Client\_ViewModels\MainViewModel.cs" ChecksumAlgorithm="SHA256" Checksum="325689791DAD1ED40EF807A841CC2F97596CFFD1BAB7D1C2002B7AAEA2FC561C" />
    <File Index="375" Name="D:\Codes\CoffeeSpace\CoffeeSpace.Client\_ViewModels\OrderInformationViewModel.cs" ChecksumAlgorithm="SHA256" Checksum="BFDEC9CC2CCC1335B61CF459A83D93D2642BD7F38BEDA409C0299EB49ED8527D" />
    <File Index="376" Name="D:\Codes\CoffeeSpace\CoffeeSpace.Client\_ViewModels\OrderViewModel.cs" ChecksumAlgorithm="SHA256" Checksum="E9D0045E9ABA0F5A5327471FC77E01E4A374EDF8B4076E7FDE3D3CEE404E15F3" />
    <File Index="377" Name="D:\Codes\CoffeeSpace\CoffeeSpace.Client\_ViewModels\ProfileViewModel.cs" ChecksumAlgorithm="SHA256" Checksum="77A6F444AF0151E2B021494857BE95D6C95F26B22A4A5EF02DD7FA0B701C0679" />
    <File Index="378" Name="D:\Codes\CoffeeSpace\CoffeeSpace.Client\obj\Debug\net7.0-maccatalyst\maccatalyst-x64\CoffeeSpace.Client.GlobalUsings.g.cs" ChecksumAlgorithm="SHA256" Checksum="B5C7008BB0221F6654F04001376B0A63D8F402FAC43853D55361729A5508A47F" />
    <File Index="379" Name="D:\Codes\CoffeeSpace\CoffeeSpace.Client\obj\Debug\net7.0-maccatalyst\maccatalyst-x64\CoffeeSpace.Client.nfloat.g.cs" ChecksumAlgorithm="SHA256" Checksum="A215325654AA77676068210B20A90494A166814B74EF477C70717B71A85B12AB" />
    <File Index="380" Name="D:\Codes\CoffeeSpace\CoffeeSpace.Client\obj\Debug\net7.0-maccatalyst\maccatalyst-x64\.NETCoreApp,Version=v7.0.AssemblyAttributes.cs" ChecksumAlgorithm="SHA256" Checksum="AC9DDB5EE1D6ADC61057F3029BF0242B3F619F1F85D4CC8FFA956B76EA48D939" />
    <File Index="381" Name="D:\Codes\CoffeeSpace\CoffeeSpace.Client\obj\Debug\net7.0-maccatalyst\maccatalyst-x64\CoffeeSpace.Client.AssemblyInfo.cs" ChecksumAlgorithm="SHA256" Checksum="83D3288173D287308F1AB08D653C34BC3828518F7B206391B71358382457343B" />
    <File Index="382" Name="D:\Codes\CoffeeSpace\CoffeeSpace.Client\Microsoft.Maui.Controls.SourceGen\Microsoft.Maui.Controls.SourceGen.CodeBehindGenerator\Resources_Styles_Colors.xaml.sg.cs" ChecksumAlgorithm="SHA1" Checksum="D87DF123E9F48508325B6BC1ED6612E2D0EBA26A" />
    <File Index="383" Name="D:\Codes\CoffeeSpace\CoffeeSpace.Client\Microsoft.Maui.Controls.SourceGen\Microsoft.Maui.Controls.SourceGen.CodeBehindGenerator\Resources_Styles_Styles.xaml.sg.cs" ChecksumAlgorithm="SHA1" Checksum="6D65448509D07EA2E3FF940D4A845337596921AB" />
    <File Index="384" Name="D:\Codes\CoffeeSpace\CoffeeSpace.Client\Microsoft.Maui.Controls.SourceGen\Microsoft.Maui.Controls.SourceGen.CodeBehindGenerator\Views_CartView.xaml.sg.cs" ChecksumAlgorithm="SHA1" Checksum="9C166F19DB6A08F67283D979C77CFF21ED389AA1" />
    <File Index="385" Name="D:\Codes\CoffeeSpace\CoffeeSpace.Client\Microsoft.Maui.Controls.SourceGen\Microsoft.Maui.Controls.SourceGen.CodeBehindGenerator\Views_LoginView.xaml.sg.cs" ChecksumAlgorithm="SHA1" Checksum="08845A62AA6BCF90773A3937EACCBE9B79ADDDD6" />
    <File Index="386" Name="D:\Codes\CoffeeSpace\CoffeeSpace.Client\Microsoft.Maui.Controls.SourceGen\Microsoft.Maui.Controls.SourceGen.CodeBehindGenerator\Views_MainView.xaml.sg.cs" ChecksumAlgorithm="SHA1" Checksum="68D81306BB1499D95C34A62D87221E86D62E1B0F" />
    <File Index="387" Name="D:\Codes\CoffeeSpace\CoffeeSpace.Client\Microsoft.Maui.Controls.SourceGen\Microsoft.Maui.Controls.SourceGen.CodeBehindGenerator\Views_OrderView.xaml.sg.cs" ChecksumAlgorithm="SHA1" Checksum="DF38B039974C37AA013EAEC11D57DD5BFF0FF629" />
    <File Index="388" Name="D:\Codes\CoffeeSpace\CoffeeSpace.Client\Microsoft.Maui.Controls.SourceGen\Microsoft.Maui.Controls.SourceGen.CodeBehindGenerator\Views_ProfileView.xaml.sg.cs" ChecksumAlgorithm="SHA1" Checksum="5565CB8F0D1266559F34F8EB90393A576CA215F2" />
    <File Index="389" Name="D:\Codes\CoffeeSpace\CoffeeSpace.Client\Microsoft.Maui.Controls.SourceGen\Microsoft.Maui.Controls.SourceGen.CodeBehindGenerator\App.xaml.sg.cs" ChecksumAlgorithm="SHA1" Checksum="D764E9FF7BB72D18A9A2C0A4B3BAC513982458B6" />
    <File Index="390" Name="D:\Codes\CoffeeSpace\CoffeeSpace.Client\Microsoft.Maui.Controls.SourceGen\Microsoft.Maui.Controls.SourceGen.CodeBehindGenerator\AppShell.xaml.sg.cs" ChecksumAlgorithm="SHA1" Checksum="C11EBBF9A5F25B4E81F32C6CB1805CD2BB7ACA55" />
    <File Index="391" Name="D:\Codes\CoffeeSpace\CoffeeSpace.Client\Microsoft.Maui.Controls.SourceGen\Microsoft.Maui.Controls.SourceGen.CodeBehindGenerator\Views_OrderInformationView.xaml.sg.cs" ChecksumAlgorithm="SHA1" Checksum="A118DD4B320F923A08E151AEC1DEF0F3B4685F82" />
    <File Index="392" Name="D:\Codes\CoffeeSpace\CoffeeSpace.Client\CommunityToolkit.Maui.SourceGenerators\CommunityToolkit.Maui.SourceGenerators.Generators.TextColorToGenerator\ButtonTextColorTo.g.shared.cs" ChecksumAlgorithm="SHA1" Checksum="E906FD4C88A44F11D6E0F39F0269B747FCE129BE" />
    <File Index="393" Name="D:\Codes\CoffeeSpace\CoffeeSpace.Client\CommunityToolkit.Maui.SourceGenerators\CommunityToolkit.Maui.SourceGenerators.Generators.TextColorToGenerator\DatePickerTextColorTo.g.shared.cs" ChecksumAlgorithm="SHA1" Checksum="A833370EDD7DAF3951E2D4A6C1BDF10558EE7807" />
    <File Index="394" Name="D:\Codes\CoffeeSpace\CoffeeSpace.Client\CommunityToolkit.Maui.SourceGenerators\CommunityToolkit.Maui.SourceGenerators.Generators.TextColorToGenerator\EditorTextColorTo.g.shared.cs" ChecksumAlgorithm="SHA1" Checksum="641322E7D155398CB9D55262608477FF9C336F9C" />
    <File Index="395" Name="D:\Codes\CoffeeSpace\CoffeeSpace.Client\CommunityToolkit.Maui.SourceGenerators\CommunityToolkit.Maui.SourceGenerators.Generators.TextColorToGenerator\EntryTextColorTo.g.shared.cs" ChecksumAlgorithm="SHA1" Checksum="877A4DBC919F6B69654580DD0D72ADCB12E40441" />
    <File Index="396" Name="D:\Codes\CoffeeSpace\CoffeeSpace.Client\CommunityToolkit.Maui.SourceGenerators\CommunityToolkit.Maui.SourceGenerators.Generators.TextColorToGenerator\LabelTextColorTo.g.shared.cs" ChecksumAlgorithm="SHA1" Checksum="A451B6844F6C568FECA434F4F3CDB4416706D8EA" />
    <File Index="397" Name="D:\Codes\CoffeeSpace\CoffeeSpace.Client\CommunityToolkit.Maui.SourceGenerators\CommunityToolkit.Maui.SourceGenerators.Generators.TextColorToGenerator\PickerTextColorTo.g.shared.cs" ChecksumAlgorithm="SHA1" Checksum="26EF86CA133329091848090F3F8B61DA45BC0A4A" />
    <File Index="398" Name="D:\Codes\CoffeeSpace\CoffeeSpace.Client\CommunityToolkit.Maui.SourceGenerators\CommunityToolkit.Maui.SourceGenerators.Generators.TextColorToGenerator\RadioButtonTextColorTo.g.shared.cs" ChecksumAlgorithm="SHA1" Checksum="AFD2230F32D6003641910F2DFF7E12F3327B333F" />
    <File Index="399" Name="D:\Codes\CoffeeSpace\CoffeeSpace.Client\CommunityToolkit.Maui.SourceGenerators\CommunityToolkit.Maui.SourceGenerators.Generators.TextColorToGenerator\SearchBarTextColorTo.g.shared.cs" ChecksumAlgorithm="SHA1" Checksum="CDB032664A22C201CBE0E83039FF8A6E0E3BE457" />
    <File Index="400" Name="D:\Codes\CoffeeSpace\CoffeeSpace.Client\CommunityToolkit.Maui.SourceGenerators\CommunityToolkit.Maui.SourceGenerators.Generators.TextColorToGenerator\TimePickerTextColorTo.g.shared.cs" ChecksumAlgorithm="SHA1" Checksum="5388C72F1E53E67ABDABF3CD66E324CC3B43AD06" />
    <File Index="401" Name="D:\Codes\CoffeeSpace\CoffeeSpace.Client\CommunityToolkit.Mvvm.SourceGenerators\CommunityToolkit.Mvvm.SourceGenerators.ObservablePropertyGenerator\CoffeeSpace.Client._ViewModels.CartViewModel.g.cs" ChecksumAlgorithm="SHA1" Checksum="CB847598BAF0B4DA8C99DBEBD7F59FF8C3FB855E" />
    <File Index="402" Name="D:\Codes\CoffeeSpace\CoffeeSpace.Client\CommunityToolkit.Mvvm.SourceGenerators\CommunityToolkit.Mvvm.SourceGenerators.ObservablePropertyGenerator\CoffeeSpace.Client._ViewModels.LoginViewModel.g.cs" ChecksumAlgorithm="SHA1" Checksum="4F3924D904ABC6FE56F5A84A2ABDA2394E2FD6C7" />
    <File Index="403" Name="D:\Codes\CoffeeSpace\CoffeeSpace.Client\CommunityToolkit.Mvvm.SourceGenerators\CommunityToolkit.Mvvm.SourceGenerators.ObservablePropertyGenerator\CoffeeSpace.Client._ViewModels.MainViewModel.g.cs" ChecksumAlgorithm="SHA1" Checksum="E6B70CFC5E21D0C8FEEE8A705B52F7D48A100F6C" />
    <File Index="404" Name="D:\Codes\CoffeeSpace\CoffeeSpace.Client\CommunityToolkit.Mvvm.SourceGenerators\CommunityToolkit.Mvvm.SourceGenerators.ObservablePropertyGenerator\CoffeeSpace.Client._ViewModels.OrderInformationViewModel.g.cs" ChecksumAlgorithm="SHA1" Checksum="01DE6FE0BDA2B3F922FC500E708620C44E4C6560" />
    <File Index="405" Name="D:\Codes\CoffeeSpace\CoffeeSpace.Client\CommunityToolkit.Mvvm.SourceGenerators\CommunityToolkit.Mvvm.SourceGenerators.ObservablePropertyGenerator\CoffeeSpace.Client._ViewModels.OrderViewModel.g.cs" ChecksumAlgorithm="SHA1" Checksum="B5427E0B4AD71EE61EAA69642E314571F3A3CC24" />
    <File Index="406" Name="D:\Codes\CoffeeSpace\CoffeeSpace.Client\CommunityToolkit.Mvvm.SourceGenerators\CommunityToolkit.Mvvm.SourceGenerators.ObservablePropertyGenerator\CoffeeSpace.Client._ViewModels.ProfileViewModel.g.cs" ChecksumAlgorithm="SHA1" Checksum="5632E8ADF526335CD38BC8FF4BFED9112C762224" />
    <File Index="407" Name="D:\Codes\CoffeeSpace\CoffeeSpace.Client\CommunityToolkit.Mvvm.SourceGenerators\CommunityToolkit.Mvvm.SourceGenerators.ObservablePropertyGenerator\__KnownINotifyPropertyChangingArgs.g.cs" ChecksumAlgorithm="SHA1" Checksum="AC7DBBD496C64EAC4FBADB6BB8707AFEA96CC51C" />
    <File Index="408" Name="D:\Codes\CoffeeSpace\CoffeeSpace.Client\CommunityToolkit.Mvvm.SourceGenerators\CommunityToolkit.Mvvm.SourceGenerators.ObservablePropertyGenerator\__KnownINotifyPropertyChangedArgs.g.cs" ChecksumAlgorithm="SHA1" Checksum="E8BE74DF985E327435B66C2C3C43EF85E5B997A8" />
    <File Index="409" Name="D:\Codes\CoffeeSpace\CoffeeSpace.Client\CommunityToolkit.Mvvm.SourceGenerators\CommunityToolkit.Mvvm.SourceGenerators.RelayCommandGenerator\CoffeeSpace.Client._ViewModels.CartViewModel.AddOrderItemIntoCart.g.cs" ChecksumAlgorithm="SHA1" Checksum="0AA33EF41EC674D18D6C4A0E4A717532D53CF321" />
    <File Index="410" Name="D:\Codes\CoffeeSpace\CoffeeSpace.Client\CommunityToolkit.Mvvm.SourceGenerators\CommunityToolkit.Mvvm.SourceGenerators.RelayCommandGenerator\CoffeeSpace.Client._ViewModels.CartViewModel.ConfirmOrdersStock.g.cs" ChecksumAlgorithm="SHA1" Checksum="5D6C12462BA18B4568B477A372E103958108ED3C" />
    <File Index="411" Name="D:\Codes\CoffeeSpace\CoffeeSpace.Client\CommunityToolkit.Mvvm.SourceGenerators\CommunityToolkit.Mvvm.SourceGenerators.RelayCommandGenerator\CoffeeSpace.Client._ViewModels.LoginViewModel.Authenticate.g.cs" ChecksumAlgorithm="SHA1" Checksum="635FBB8E23DC48B76329E589A3A43FA62736ED17" />
    <File Index="412" Name="D:\Codes\CoffeeSpace\CoffeeSpace.Client\CommunityToolkit.Mvvm.SourceGenerators\CommunityToolkit.Mvvm.SourceGenerators.RelayCommandGenerator\CoffeeSpace.Client._ViewModels.MainViewModel.AddToCart.g.cs" ChecksumAlgorithm="SHA1" Checksum="0573BFB0A3431FE42E62DCB1B8FE837718D6982D" />
    <File Index="413" Name="D:\Codes\CoffeeSpace\CoffeeSpace.Client\CommunityToolkit.Mvvm.SourceGenerators\CommunityToolkit.Mvvm.SourceGenerators.RelayCommandGenerator\CoffeeSpace.Client._ViewModels.OrderInformationViewModel.CreateOrderAsync.g.cs" ChecksumAlgorithm="SHA1" Checksum="EAEB4A6B58B87290F1B5354E24A73D5DE2FF10C3" />
    <File Index="414" Name="D:\Codes\CoffeeSpace\CoffeeSpace.Client\CommunityToolkit.Mvvm.SourceGenerators\CommunityToolkit.Mvvm.SourceGenerators.RelayCommandGenerator\CoffeeSpace.Client._ViewModels.ProfileViewModel.ChangePasswordVisibility.g.cs" ChecksumAlgorithm="SHA1" Checksum="46D014B9E5DB3C54D1A0A38FD1C762BE5A0CC5B8" />
    <File Index="415" Name="D:\Codes\CoffeeSpace\CoffeeSpace.Client\CommunityToolkit.Mvvm.SourceGenerators\CommunityToolkit.Mvvm.SourceGenerators.RelayCommandGenerator\CoffeeSpace.Client._ViewModels.ProfileViewModel.ChangePassword.g.cs" ChecksumAlgorithm="SHA1" Checksum="BDAFE9B9090C8D6D9760B325199E7D5880BC8BDF" />
    <File Index="416" Name="D:\Codes\CoffeeSpace\CoffeeSpace.Client\Mediator.SourceGenerator.Roslyn40\Mediator.SourceGenerator.IncrementalMediatorGenerator\MediatorOptions.g.cs" ChecksumAlgorithm="SHA1" Checksum="BF4A591AC4A81F66D61D617E9717779D6CE42DA3" />
    <File Index="417" Name="D:\Codes\CoffeeSpace\CoffeeSpace.Client\Mediator.SourceGenerator.Roslyn40\Mediator.SourceGenerator.IncrementalMediatorGenerator\MediatorOptionsAttribute.g.cs" ChecksumAlgorithm="SHA1" Checksum="4A401E4F4372D559DD005B1492DCBCE7B56F5736" />
    <File Index="418" Name="D:\Codes\CoffeeSpace\CoffeeSpace.Client\Mediator.SourceGenerator.Roslyn40\Mediator.SourceGenerator.IncrementalMediatorGenerator\Mediator.g.cs" ChecksumAlgorithm="SHA1" Checksum="344A007486A80E3327364F6E4201D2B319F95434" />
    <File Index="419" Name="D:\Codes\CoffeeSpace\CoffeeSpace.Client\InterfaceStubGeneratorV2\Refit.Generator.InterfaceStubGeneratorV2\PreserveAttribute.g.cs" ChecksumAlgorithm="SHA1" Checksum="EC5138C98AECEA839190DC8C2CE4567039D68F5D" />
    <File Index="420" Name="D:\Codes\CoffeeSpace\CoffeeSpace.Client\InterfaceStubGeneratorV2\Refit.Generator.InterfaceStubGeneratorV2\Generated.g.cs" ChecksumAlgorithm="SHA1" Checksum="32CAD8D6AD48BB1DDB896EAAA626BC46B5752389" />
    <File Index="421" Name="D:\Codes\CoffeeSpace\CoffeeSpace.Client\InterfaceStubGeneratorV2\Refit.Generator.InterfaceStubGeneratorV2\IBuyersWebApi.g.cs" ChecksumAlgorithm="SHA1" Checksum="F6A9529FCFC74F22541AF2BEE5C42BA0AB6D7155" />
    <File Index="422" Name="D:\Codes\CoffeeSpace\CoffeeSpace.Client\InterfaceStubGeneratorV2\Refit.Generator.InterfaceStubGeneratorV2\IIdentityWebApi.g.cs" ChecksumAlgorithm="SHA1" Checksum="891F506DD15B973D82752A76B38F58288A160010" />
    <File Index="423" Name="D:\Codes\CoffeeSpace\CoffeeSpace.Client\InterfaceStubGeneratorV2\Refit.Generator.InterfaceStubGeneratorV2\IOrderingWebApi.g.cs" ChecksumAlgorithm="SHA1" Checksum="261D4D88BE181AE837DE913DCA5339982172BD05" />
    <File Index="424" Name="D:\Codes\CoffeeSpace\CoffeeSpace.Client\InterfaceStubGeneratorV2\Refit.Generator.InterfaceStubGeneratorV2\IProductsWebApi.g.cs" ChecksumAlgorithm="SHA1" Checksum="15EF643504B32F329B564018FDB06DD9303A32FA" />
    <File Index="425" Name="D:\Codes\CoffeeSpace\CoffeeSpace.Client\Riok.Mapperly\Riok.Mapperly.MapperGenerator\ProductMapper.g.cs" ChecksumAlgorithm="SHA1" Checksum="2150213D00D0F9E1DA7F2F1AD500CD55EEF586B6" />
    <File Index="426" Name="D:\Codes\CoffeeSpace\CoffeeSpace.Client\Platforms\iOS\AppDelegate.cs" ChecksumAlgorithm="SHA256" Checksum="EF679D9B01A845E0B34A337D9E35A5E67855450A3D77CC212ED28E58638A883C" />
    <File Index="427" Name="D:\Codes\CoffeeSpace\CoffeeSpace.Client\Platforms\iOS\Program.cs" ChecksumAlgorithm="SHA256" Checksum="572A110DCD36DB60EEE5FF9D2E2587F6C99F86761CFA18D98B112A25B99A85DF" />
    <File Index="428" Name="D:\Codes\CoffeeSpace\CoffeeSpace.Client\obj\Debug\net7.0-ios\iossimulator-x64\CoffeeSpace.Client.GlobalUsings.g.cs" ChecksumAlgorithm="SHA256" Checksum="B5C7008BB0221F6654F04001376B0A63D8F402FAC43853D55361729A5508A47F" />
    <File Index="429" Name="D:\Codes\CoffeeSpace\CoffeeSpace.Client\obj\Debug\net7.0-ios\iossimulator-x64\CoffeeSpace.Client.nfloat.g.cs" ChecksumAlgorithm="SHA256" Checksum="A215325654AA77676068210B20A90494A166814B74EF477C70717B71A85B12AB" />
    <File Index="430" Name="D:\Codes\CoffeeSpace\CoffeeSpace.Client\obj\Debug\net7.0-ios\iossimulator-x64\.NETCoreApp,Version=v7.0.AssemblyAttributes.cs" ChecksumAlgorithm="SHA256" Checksum="AC9DDB5EE1D6ADC61057F3029BF0242B3F619F1F85D4CC8FFA956B76EA48D939" />
    <File Index="431" Name="D:\Codes\CoffeeSpace\CoffeeSpace.Client\obj\Debug\net7.0-ios\iossimulator-x64\CoffeeSpace.Client.AssemblyInfo.cs" ChecksumAlgorithm="SHA256" Checksum="EF175539F055E493D6548225C1629C49068ED274747791E88954DF398CF5F138" />
    <File Index="432" Name="D:\Codes\CoffeeSpace\CoffeeSpace.Client\Platforms\Android\MainActivity.cs" ChecksumAlgorithm="SHA256" Checksum="48DDB4912083CF99C05172B6B33E08CCD9A3349A95174EEAC21ECA6AC6FBE963" />
    <File Index="433" Name="D:\Codes\CoffeeSpace\CoffeeSpace.Client\Platforms\Android\MainApplication.cs" ChecksumAlgorithm="SHA256" Checksum="FA3E4120756231AB04A195A08B318C0DA05BA3558CCAB2BC0AD5D78D2C562189" />
    <File Index="434" Name="D:\Codes\CoffeeSpace\CoffeeSpace.Client\Platforms\Android\WebAuthenticationCallbackActivity.cs" ChecksumAlgorithm="SHA256" Checksum="AD7B23E4523DD296B1CEA5E8E6966624A42689E836DBE2E88EBAC52243496FE3" />
    <File Index="435" Name="D:\Codes\CoffeeSpace\CoffeeSpace.Client\obj\Debug\net7.0-android\CoffeeSpace.Client.GlobalUsings.g.cs" ChecksumAlgorithm="SHA256" Checksum="B5C7008BB0221F6654F04001376B0A63D8F402FAC43853D55361729A5508A47F" />
    <File Index="436" Name="D:\Codes\CoffeeSpace\CoffeeSpace.Client\obj\Debug\net7.0-android\.NETCoreApp,Version=v7.0.AssemblyAttributes.cs" ChecksumAlgorithm="SHA256" Checksum="AC9DDB5EE1D6ADC61057F3029BF0242B3F619F1F85D4CC8FFA956B76EA48D939" />
    <File Index="437" Name="D:\Codes\CoffeeSpace\CoffeeSpace.Client\obj\Debug\net7.0-android\CoffeeSpace.Client.AssemblyInfo.cs" ChecksumAlgorithm="SHA256" Checksum="7595496B222F475A5E82E1A4878CB50F00874332A8D0843E57627F188C46A256" />
    <File Index="438" Name="D:\Codes\CoffeeSpace\CoffeeSpace.Client\obj\Debug\net7.0-android\Resource.designer.cs" ChecksumAlgorithm="SHA256" Checksum="4B47A8F6553F817664642C601D6A3D1235021C3A78ECF73D62F611FD056F5FA5" />
    <File Index="451" Name="D:\Codes\CoffeeSpace\tests\Acceptance Tests\CoffeeSpace.ProductApi.Tests.Acceptance\Features\ProductManagement.feature" />
    <File Index="450" Name="D:\Codes\CoffeeSpace\tests\Acceptance Tests\CoffeeSpace.ProductApi.Tests.Acceptance\obj\Debug\net7.0\CoffeeSpace.ProductApi.Tests.Acceptance.AssemblyInfo.cs" ChecksumAlgorithm="SHA256" Checksum="4B55B99A01504CCA3E9F284FCA90DAA23378C167CD45FC832EF97F7F0459D3B0" />
    <File Index="449" Name="D:\Codes\CoffeeSpace\tests\Acceptance Tests\CoffeeSpace.ProductApi.Tests.Acceptance\obj\Debug\net7.0\.NETCoreApp,Version=v7.0.AssemblyAttributes.cs" ChecksumAlgorithm="SHA256" Checksum="AC9DDB5EE1D6ADC61057F3029BF0242B3F619F1F85D4CC8FFA956B76EA48D939" />
    <File Index="448" Name="D:\Codes\CoffeeSpace\tests\Acceptance Tests\CoffeeSpace.ProductApi.Tests.Acceptance\obj\Debug\net7.0\CoffeeSpace.ProductApi.Tests.Acceptance.GlobalUsings.g.cs" ChecksumAlgorithm="SHA256" Checksum="F3F134E9E825E3E7268090F58B1AF2BDA2DE513F61A09C56F48B9B8D08612ABC" />
    <File Index="447" Name="D:\Codes\CoffeeSpace\tests\Acceptance Tests\CoffeeSpace.ProductApi.Tests.Acceptance\obj\Debug\net7.0\xUnit.AssemblyHooks.cs" ChecksumAlgorithm="SHA256" Checksum="28FD470CFCA778191C28F11D1B92CFD092481F80D82A27FF1D9FE52271873BD8" />
    <File Index="446" Name="D:\Codes\CoffeeSpace\tests\Acceptance Tests\CoffeeSpace.ProductApi.Tests.Acceptance\StepDefinitions\ProductManagementSteps.cs" ChecksumAlgorithm="SHA256" Checksum="00369C496F83AB77C7724BA579A88F2AE3F0356FBF26A2ADE7FDACF092C78D0C" />
    <File Index="445" Name="D:\Codes\CoffeeSpace\tests\Acceptance Tests\CoffeeSpace.ProductApi.Tests.Acceptance\Models\UpdateProductRequest.cs" ChecksumAlgorithm="SHA256" Checksum="71A47584BB769A1F6C6300D2C40E58F5BA89670A8154ABF1CA9708E982E31B8D" />
    <File Index="444" Name="D:\Codes\CoffeeSpace\tests\Acceptance Tests\CoffeeSpace.ProductApi.Tests.Acceptance\Models\RegisterRequest.cs" ChecksumAlgorithm="SHA256" Checksum="E4FD796277A3A44623B9E568190E4052F6DCCB6539CA3747EE156071BC17AC9B" />
    <File Index="443" Name="D:\Codes\CoffeeSpace\tests\Acceptance Tests\CoffeeSpace.ProductApi.Tests.Acceptance\Models\ProductResponse.cs" ChecksumAlgorithm="SHA256" Checksum="E8E24F7E61C01F6327E36D41AC3B9F5BCB804D0F325F8591E930C50CBBE2032C" />
    <File Index="442" Name="D:\Codes\CoffeeSpace\tests\Acceptance Tests\CoffeeSpace.ProductApi.Tests.Acceptance\Models\CreateProductRequest.cs" ChecksumAlgorithm="SHA256" Checksum="37D32D868EBEBA02842E7DEA6DDF9DBB168E5F24FDE659464B8E024C4DBEBF82" />
    <File Index="441" Name="D:\Codes\CoffeeSpace\tests\Acceptance Tests\CoffeeSpace.ProductApi.Tests.Acceptance\Hooks\DockerControllerHooks.cs" ChecksumAlgorithm="SHA256" Checksum="17BECB01493AFB7BD861CEA8AEE4B5A9F55014A02D4AF3BAFDBAF43DF2255710" />
    <File Index="440" Name="D:\Codes\CoffeeSpace\tests\Acceptance Tests\CoffeeSpace.ProductApi.Tests.Acceptance\Helpers\ApiEndpoints.cs" ChecksumAlgorithm="SHA256" Checksum="D1963A54BCBA3EE638DD74F6C22F2F9C26878D21CF1E0773664013F22D598729" />
    <File Index="439" Name="D:\Codes\CoffeeSpace\tests\Acceptance Tests\CoffeeSpace.ProductApi.Tests.Acceptance\Features\ProductManagement.feature.cs" ChecksumAlgorithm="SHA256" Checksum="A706C2E59048EEEF282CAD019736F8A5018106BE6A2B742C7DADADEFFC2634A2" />
    <File Index="452" Name="D:\Codes\CoffeeSpace\tests\Acceptance Tests\CoffeeSpace.OrderingApi.Tests.Acceptance\Features\OrderManagement.feature" />
    <File Index="453" Name="D:\Codes\CoffeeSpace\tests\Acceptance Tests\CoffeeSpace.OrderingApi.Tests.Acceptance\Features\BuyersManagement.feature" />
    <File Index="454" Name="D:\Codes\CoffeeSpace\tests\Acceptance Tests\CoffeeSpace.OrderingApi.Tests.Acceptance\obj\Debug\net7.0\CoffeeSpace.OrderingApi.Tests.Acceptance.AssemblyInfo.cs" ChecksumAlgorithm="SHA256" Checksum="67C9E8BC6A109F8178E3FE9E10458361EAECF4F459D750F30A760E0276DA519F" />
    <File Index="455" Name="D:\Codes\CoffeeSpace\tests\Acceptance Tests\CoffeeSpace.OrderingApi.Tests.Acceptance\obj\Debug\net7.0\.NETCoreApp,Version=v7.0.AssemblyAttributes.cs" ChecksumAlgorithm="SHA256" Checksum="AC9DDB5EE1D6ADC61057F3029BF0242B3F619F1F85D4CC8FFA956B76EA48D939" />
    <File Index="456" Name="D:\Codes\CoffeeSpace\tests\Acceptance Tests\CoffeeSpace.OrderingApi.Tests.Acceptance\obj\Debug\net7.0\CoffeeSpace.OrderingApi.Tests.Acceptance.GlobalUsings.g.cs" ChecksumAlgorithm="SHA256" Checksum="F3F134E9E825E3E7268090F58B1AF2BDA2DE513F61A09C56F48B9B8D08612ABC" />
    <File Index="457" Name="D:\Codes\CoffeeSpace\tests\Acceptance Tests\CoffeeSpace.OrderingApi.Tests.Acceptance\obj\Debug\net7.0\xUnit.AssemblyHooks.cs" ChecksumAlgorithm="SHA256" Checksum="6BD8827B580A516B90A4637E3895FE3B2D722FCC1A0F250221C170A0CA9D01E0" />
    <File Index="458" Name="D:\Codes\CoffeeSpace\tests\Acceptance Tests\CoffeeSpace.OrderingApi.Tests.Acceptance\StepDefinitions\OrderManagementStepDefinition.cs" ChecksumAlgorithm="SHA256" Checksum="FDC324F47DFABE2A90D45A94AD528D94BD0AFF187C017031C47A89E1D3718F21" />
    <File Index="459" Name="D:\Codes\CoffeeSpace\tests\Acceptance Tests\CoffeeSpace.OrderingApi.Tests.Acceptance\StepDefinitions\BuyersManagementStepDefinition.cs" ChecksumAlgorithm="SHA256" Checksum="A029624C91273BB865FD60FE80F9AC61300AD55C607F3AFA37D35F829E53B69E" />
    <File Index="460" Name="D:\Codes\CoffeeSpace\tests\Acceptance Tests\CoffeeSpace.OrderingApi.Tests.Acceptance\Models\UpdateBuyerRequest.cs" ChecksumAlgorithm="SHA256" Checksum="05CD9857D2D3926E4FFE487EC9BE200D0483FFA3A46F411826A0F69DB06F2673" />
    <File Index="461" Name="D:\Codes\CoffeeSpace\tests\Acceptance Tests\CoffeeSpace.OrderingApi.Tests.Acceptance\Models\RegisterRequest.cs" ChecksumAlgorithm="SHA256" Checksum="DF4C29505657FA0AC628622F42EB596EB1AC79B2849E9AE0CDFF0E07A49AA0A4" />
    <File Index="462" Name="D:\Codes\CoffeeSpace\tests\Acceptance Tests\CoffeeSpace.OrderingApi.Tests.Acceptance\Models\OrderStatus.cs" ChecksumAlgorithm="SHA256" Checksum="0D725F5511FA5329F783EC5F998654D41170FC0EFAED6756228C1AE221F58CA5" />
    <File Index="463" Name="D:\Codes\CoffeeSpace\tests\Acceptance Tests\CoffeeSpace.OrderingApi.Tests.Acceptance\Models\OrderResponse.cs" ChecksumAlgorithm="SHA256" Checksum="3427A80A2D7CCA91E5AE1C7BBE619B86C926FBF15DBB45A06FA66BF92164CF08" />
    <File Index="464" Name="D:\Codes\CoffeeSpace\tests\Acceptance Tests\CoffeeSpace.OrderingApi.Tests.Acceptance\Models\OrderItem.cs" ChecksumAlgorithm="SHA256" Checksum="2142FAD3FDCDE22F74C9FB80D05D91BC3979E8A040EC4B6C78243DFB0EEC474E" />
    <File Index="465" Name="D:\Codes\CoffeeSpace\tests\Acceptance Tests\CoffeeSpace.OrderingApi.Tests.Acceptance\Models\CreatePaymentInfoRequest.cs" ChecksumAlgorithm="SHA256" Checksum="8D122424D82F460CA2377118DA75B396AF04E0DB2B1432863682F39B3B3E6EBB" />
    <File Index="466" Name="D:\Codes\CoffeeSpace\tests\Acceptance Tests\CoffeeSpace.OrderingApi.Tests.Acceptance\Models\CreateOrderRequest.cs" ChecksumAlgorithm="SHA256" Checksum="08D6536E023E58464B1C7A7FFCF382A789519E9C5B3280EDC453505779A6B3EA" />
    <File Index="467" Name="D:\Codes\CoffeeSpace\tests\Acceptance Tests\CoffeeSpace.OrderingApi.Tests.Acceptance\Models\CreateOrderItemRequest.cs" ChecksumAlgorithm="SHA256" Checksum="7FDE6809FB76D665CDC078577C9F39AC60791F3311F1BCB7A710E3F400C6155D" />
    <File Index="468" Name="D:\Codes\CoffeeSpace\tests\Acceptance Tests\CoffeeSpace.OrderingApi.Tests.Acceptance\Models\CreateBuyerRequest.cs" ChecksumAlgorithm="SHA256" Checksum="2D4D06E591102893EAF41B97F20CD79A0DD004EA5EB288087C8FE669D9BA75BC" />
    <File Index="469" Name="D:\Codes\CoffeeSpace\tests\Acceptance Tests\CoffeeSpace.OrderingApi.Tests.Acceptance\Models\CreateAddressRequest.cs" ChecksumAlgorithm="SHA256" Checksum="220A83AB025D08599F27C69F7DEB07ED9F1FD0753AE2D8CC94116FA8144B9050" />
    <File Index="470" Name="D:\Codes\CoffeeSpace\tests\Acceptance Tests\CoffeeSpace.OrderingApi.Tests.Acceptance\Models\CardType.cs" ChecksumAlgorithm="SHA256" Checksum="F83092BDAAEACC7981C568056280932E6C70FADF16B91BDDB0078094B2EE0D71" />
    <File Index="471" Name="D:\Codes\CoffeeSpace\tests\Acceptance Tests\CoffeeSpace.OrderingApi.Tests.Acceptance\Models\BuyerResponse.cs" ChecksumAlgorithm="SHA256" Checksum="DB5468861E06F6C3CB182B2685317886D4154EA89B76ED2E5740F45DFFF7438B" />
    <File Index="472" Name="D:\Codes\CoffeeSpace\tests\Acceptance Tests\CoffeeSpace.OrderingApi.Tests.Acceptance\Models\AddressResponse.cs" ChecksumAlgorithm="SHA256" Checksum="7F8E4B8D4B8BC55D79015995C04203870E7BD0066B3224090C61BA94B739A7EF" />
    <File Index="473" Name="D:\Codes\CoffeeSpace\tests\Acceptance Tests\CoffeeSpace.OrderingApi.Tests.Acceptance\Hooks\DockerControllerHooks.cs" ChecksumAlgorithm="SHA256" Checksum="DF14EC90F3E24EE84ECFDBE0EFC9EAD2677B31D3217289EEE66E568FD1C2947C" />
    <File Index="474" Name="D:\Codes\CoffeeSpace\tests\Acceptance Tests\CoffeeSpace.OrderingApi.Tests.Acceptance\Helpers\ApiEndpoints.cs" ChecksumAlgorithm="SHA256" Checksum="F485E159CCB6B549377EFC5D52A9E47BA73E603E903F744EC527E79AE3924993" />
    <File Index="475" Name="C:\Users\nikit\.nuget\packages\microsoft.net.test.sdk\17.6.0\build\netcoreapp3.1\Microsoft.NET.Test.Sdk.Program.cs" ChecksumAlgorithm="SHA256" Checksum="D66F12F9433816A8C7DC1B2ACB9E1010F5418F5EEB51E80F1DF57AA1DCAB8D8A" />
    <File Index="476" Name="D:\Codes\CoffeeSpace\tests\Acceptance Tests\CoffeeSpace.OrderingApi.Tests.Acceptance\Features\OrderManagement.feature.cs" ChecksumAlgorithm="SHA256" Checksum="742C49C7F02844A4F48BD56306B73C78B27121EED6A4D629A1E631557F816FBA" />
    <File Index="477" Name="D:\Codes\CoffeeSpace\tests\Acceptance Tests\CoffeeSpace.OrderingApi.Tests.Acceptance\Features\BuyersManagement.feature.cs" ChecksumAlgorithm="SHA256" Checksum="00F9CD1FA1A7099547213A8C58B909BE8126C59391101709D603A01126FF76C4" />
    <File Index="478" Name="D:\Codes\CoffeeSpace\tests\Acceptance Tests\CoffeeSpace.OrderingApi.Tests.Acceptance\Fakers\CreatePaymentInfoRequestFaker.cs" ChecksumAlgorithm="SHA256" Checksum="763983C3B00C134468276CF2507179B11F44A0C46B18DC9651787749F46DB531" />
    <File Index="479" Name="D:\Codes\CoffeeSpace\tests\Acceptance Tests\CoffeeSpace.OrderingApi.Tests.Acceptance\Fakers\CreateOrderRequestFaker.cs" ChecksumAlgorithm="SHA256" Checksum="FCA8DDF7FFF001434A556D068B91AE4D0D7CD54300514EEAC54BC99B41BA1219" />
    <File Index="480" Name="D:\Codes\CoffeeSpace\tests\Acceptance Tests\CoffeeSpace.OrderingApi.Tests.Acceptance\Fakers\CreateOrderItemRequestFaker.cs" ChecksumAlgorithm="SHA256" Checksum="7A7A861B124D03DE40A978030EF630F8F3F0619AE10E9F436845C65A9CB5E5F8" />
    <File Index="481" Name="D:\Codes\CoffeeSpace\tests\Acceptance Tests\CoffeeSpace.OrderingApi.Tests.Acceptance\Fakers\CreateAddressRequestFaker.cs" ChecksumAlgorithm="SHA256" Checksum="2E5078D13C4FD0F72201E24F74013FD05CD0D4420BD54F1769BA9E29CBD2C1B7" />
    <File Index="482" Name="D:\Codes\CoffeeSpace\CoffeeSpace.Client\Platforms\Windows\App.xaml.cs" ChecksumAlgorithm="SHA256" Checksum="911F4B9F9C7B815BD4724D9BEAECE48E981056F5F5AE0A34FDD30B22B9B25CFB" />
    <File Index="483" Name="D:\Codes\CoffeeSpace\CoffeeSpace.Client\obj\Debug\net7.0-windows10.0.19041.0\win10-x64\CoffeeSpace.Client.GlobalUsings.g.cs" ChecksumAlgorithm="SHA256" Checksum="B5C7008BB0221F6654F04001376B0A63D8F402FAC43853D55361729A5508A47F" />
    <File Index="484" Name="D:\Codes\CoffeeSpace\CoffeeSpace.Client\obj\Debug\net7.0-windows10.0.19041.0\win10-x64\Platforms\Windows\App.g.i.cs" ChecksumAlgorithm="SHA256" Checksum="A577DBEEC247332E416B1F21A3BB53583E384E13B29F15BB1B1BDB762C664532" />
    <File Index="485" Name="D:\Codes\CoffeeSpace\CoffeeSpace.Client\obj\Debug\net7.0-windows10.0.19041.0\win10-x64\Platforms\Windows\App.g.cs" ChecksumAlgorithm="SHA256" Checksum="414225F71D6E1BA988AED18250E00CA42FA8D4C2070CF0A847574DBB887F0A70" />
    <File Index="486" Name="D:\Codes\CoffeeSpace\CoffeeSpace.Client\obj\Debug\net7.0-windows10.0.19041.0\win10-x64\XamlTypeInfo.g.cs" ChecksumAlgorithm="SHA256" Checksum="06A7B55D976F86047162C8FA58056D03625C749E9375EAAD693AB4564F35BC75" />
    <File Index="487" Name="D:\Codes\CoffeeSpace\CoffeeSpace.Client\obj\Debug\net7.0-windows10.0.19041.0\win10-x64\.NETCoreApp,Version=v7.0.AssemblyAttributes.cs" ChecksumAlgorithm="SHA256" Checksum="AC9DDB5EE1D6ADC61057F3029BF0242B3F619F1F85D4CC8FFA956B76EA48D939" />
    <File Index="488" Name="D:\Codes\CoffeeSpace\CoffeeSpace.Client\obj\Debug\net7.0-windows10.0.19041.0\win10-x64\CoffeeSpace.Client.AssemblyInfo.cs" ChecksumAlgorithm="SHA256" Checksum="A68A4A8F6FF0ABDC5A9FECE9389C2ECFC6F5946D4C4F911F156ED91F4EF6E067" />
    <File Index="489" Name="D:\Codes\CoffeeSpace\CoffeeSpace.Client\Platforms\Windows\App.xaml" ChecksumAlgorithm="SHA256" Checksum="DDD88B70613F7080EC8F2566B74DE80AA9005510AF2289EB365155AAA36A5037" />
    <File Index="490" Name="D:\Codes\CoffeeSpace\tests\Unit Tests\CoffeeSpace.ShipmentService.Tests\Consumers\RequestOrderShipmentConsumerTests.cs" ChecksumAlgorithm="SHA256" Checksum="5651C5A0040C96057F5FEECE2126107382927702F0B21F36D5B3676063BDD151" />
    <File Index="491" Name="D:\Codes\CoffeeSpace\tests\Unit Tests\CoffeeSpace.ShipmentService.Tests\obj\Debug\net7.0\CoffeeSpace.ShipmentService.Tests.GlobalUsings.g.cs" ChecksumAlgorithm="SHA256" Checksum="F3F134E9E825E3E7268090F58B1AF2BDA2DE513F61A09C56F48B9B8D08612ABC" />
    <File Index="492" Name="D:\Codes\CoffeeSpace\tests\Unit Tests\CoffeeSpace.ShipmentService.Tests\obj\Debug\net7.0\.NETCoreApp,Version=v7.0.AssemblyAttributes.cs" ChecksumAlgorithm="SHA256" Checksum="AC9DDB5EE1D6ADC61057F3029BF0242B3F619F1F85D4CC8FFA956B76EA48D939" />
    <File Index="493" Name="D:\Codes\CoffeeSpace\tests\Unit Tests\CoffeeSpace.ShipmentService.Tests\obj\Debug\net7.0\CoffeeSpace.ShipmentService.Tests.AssemblyInfo.cs" ChecksumAlgorithm="SHA256" Checksum="1263797B9897D0B81B283F24986D38500F7E3395FA3E1528A317318BEED3AA46" />
    <File Index="494" Name="D:\Codes\CoffeeSpace\CoffeeSpace.Domain\Ordering\BuyerInfo\Address.cs" ChecksumAlgorithm="SHA256" Checksum="2FF2615D8BB3B923054340A9518A952D3D0B75ABD537AE27132EB102E34541CF" />
    <File Index="495" Name="D:\Codes\CoffeeSpace\CoffeeSpace.Domain\Ordering\BuyerInfo\Buyer.cs" ChecksumAlgorithm="SHA256" Checksum="5C63D5D6B91CA8CDD404B99928C7A18DD80610C78C05DD20820CB3C3629941CF" />
    <File Index="496" Name="D:\Codes\CoffeeSpace\CoffeeSpace.Domain\Ordering\BuyerInfo\CardInfo\CardType.cs" ChecksumAlgorithm="SHA256" Checksum="3B1B61A7511ED95790F685A4A9A62FD18111A632612A5A7D60113AAAE640A6CB" />
    <File Index="497" Name="D:\Codes\CoffeeSpace\CoffeeSpace.Domain\Ordering\BuyerInfo\CardInfo\PaymentInfo.cs" ChecksumAlgorithm="SHA256" Checksum="C81C2EA2F3D01153190996F9789799C61204A010791DF508C15DE6A53343BCA5" />
    <File Index="498" Name="D:\Codes\CoffeeSpace\CoffeeSpace.Domain\Ordering\Orders\Order.cs" ChecksumAlgorithm="SHA256" Checksum="0B4BFC4A0193162CFEBED9607F6DCE9FC2A3A567533FB4815B91DB3960A89AB5" />
    <File Index="499" Name="D:\Codes\CoffeeSpace\CoffeeSpace.Domain\Ordering\Orders\OrderItem.cs" ChecksumAlgorithm="SHA256" Checksum="BA56791EA3FC0DD9A3C364BDF3C5DC2B37417FE03C197123AB31795BD0212ED3" />
    <File Index="500" Name="D:\Codes\CoffeeSpace\CoffeeSpace.Domain\Ordering\Orders\OrderStatus.cs" ChecksumAlgorithm="SHA256" Checksum="8EE09B01513A9F87E83A6A2736901F8415C4AB056B8A3EF4A04EF361ABF80C1C" />
    <File Index="501" Name="D:\Codes\CoffeeSpace\CoffeeSpace.Domain\Products\Product.cs" ChecksumAlgorithm="SHA256" Checksum="F8CD28229DD02FBDCF0BB2C938C9A6D686C09A98A5C089759F15C5EEE621781A" />
    <File Index="502" Name="D:\Codes\CoffeeSpace\CoffeeSpace.Domain\obj\Debug\net7.0\CoffeeSpace.Domain.GlobalUsings.g.cs" ChecksumAlgorithm="SHA256" Checksum="F3F134E9E825E3E7268090F58B1AF2BDA2DE513F61A09C56F48B9B8D08612ABC" />
    <File Index="503" Name="D:\Codes\CoffeeSpace\CoffeeSpace.Domain\obj\Debug\net7.0\.NETCoreApp,Version=v7.0.AssemblyAttributes.cs" ChecksumAlgorithm="SHA256" Checksum="AC9DDB5EE1D6ADC61057F3029BF0242B3F619F1F85D4CC8FFA956B76EA48D939" />
    <File Index="504" Name="D:\Codes\CoffeeSpace\CoffeeSpace.Domain\obj\Debug\net7.0\CoffeeSpace.Domain.AssemblyInfo.cs" ChecksumAlgorithm="SHA256" Checksum="4C0B3A510C6B9A515C1F4C4A018ABB878EB7AC1084187D6CBC2CDCC2B52F988C" />
    <File Index="515" Name="D:\Codes\CoffeeSpace\tests\Acceptance Tests\CoffeeSpace.IdentityApi.Tests.Acceptance\Features\Authentication.feature" />
    <File Index="514" Name="D:\Codes\CoffeeSpace\tests\Acceptance Tests\CoffeeSpace.IdentityApi.Tests.Acceptance\obj\Debug\net7.0\CoffeeSpace.IdentityApi.Tests.Acceptance.AssemblyInfo.cs" ChecksumAlgorithm="SHA256" Checksum="3845A9072D86B9DC63998A57CC6D284685ED206B3047F03E85E86333E1FCDF3C" />
    <File Index="513" Name="D:\Codes\CoffeeSpace\tests\Acceptance Tests\CoffeeSpace.IdentityApi.Tests.Acceptance\obj\Debug\net7.0\.NETCoreApp,Version=v7.0.AssemblyAttributes.cs" ChecksumAlgorithm="SHA256" Checksum="AC9DDB5EE1D6ADC61057F3029BF0242B3F619F1F85D4CC8FFA956B76EA48D939" />
    <File Index="512" Name="D:\Codes\CoffeeSpace\tests\Acceptance Tests\CoffeeSpace.IdentityApi.Tests.Acceptance\obj\Debug\net7.0\CoffeeSpace.IdentityApi.Tests.Acceptance.GlobalUsings.g.cs" ChecksumAlgorithm="SHA256" Checksum="F3F134E9E825E3E7268090F58B1AF2BDA2DE513F61A09C56F48B9B8D08612ABC" />
    <File Index="511" Name="D:\Codes\CoffeeSpace\tests\Acceptance Tests\CoffeeSpace.IdentityApi.Tests.Acceptance\obj\Debug\net7.0\xUnit.AssemblyHooks.cs" ChecksumAlgorithm="SHA256" Checksum="94DA2DBEEFD49C8E1CAA0D6CFA4ADFF524342A9C2622B83724B85C8DEC31EDC7" />
    <File Index="510" Name="D:\Codes\CoffeeSpace\tests\Acceptance Tests\CoffeeSpace.IdentityApi.Tests.Acceptance\StepDefinitions\UserAuthenticationStepDefinition.cs" ChecksumAlgorithm="SHA256" Checksum="A84405F7D080B7C335A99317EF06E9FCB51CC028DECC03B47258EECDABC27791" />
    <File Index="509" Name="D:\Codes\CoffeeSpace\tests\Acceptance Tests\CoffeeSpace.IdentityApi.Tests.Acceptance\Models\RegisterRequest.cs" ChecksumAlgorithm="SHA256" Checksum="C1C257A584E2AA18DCD4885602430BD4007274C3228BB368C1ED4440904A725F" />
    <File Index="508" Name="D:\Codes\CoffeeSpace\tests\Acceptance Tests\CoffeeSpace.IdentityApi.Tests.Acceptance\Models\LoginRequest.cs" ChecksumAlgorithm="SHA256" Checksum="6DA2B804E2E819FDEC767538620162F948F9CD73D87AA855F88EC48ED464781A" />
    <File Index="507" Name="D:\Codes\CoffeeSpace\tests\Acceptance Tests\CoffeeSpace.IdentityApi.Tests.Acceptance\Hooks\DockerControllerHooks.cs" ChecksumAlgorithm="SHA256" Checksum="19F11C0902EC5AFC1ECB7A9C8643101313C2168629C29AC9A6A5F3BA1F3C5720" />
    <File Index="506" Name="D:\Codes\CoffeeSpace\tests\Acceptance Tests\CoffeeSpace.IdentityApi.Tests.Acceptance\Helpers\ApiEndpoints.cs" ChecksumAlgorithm="SHA256" Checksum="53E47427695770648986757702AF621A9C943A825B6509631FEC462653EC4927" />
    <File Index="505" Name="D:\Codes\CoffeeSpace\tests\Acceptance Tests\CoffeeSpace.IdentityApi.Tests.Acceptance\Features\Authentication.feature.cs" ChecksumAlgorithm="SHA256" Checksum="3CFFD36D9520DC0010B1659A9193AA17234F8C8B8DB53E21829F7A40D33350CF" />
  </FileIndices>
  <Assembly Name="CoffeeSpace.ApiGateway" CoveredStatements="0" TotalStatements="42" CoveragePercent="0">
    <Namespace Name="CoffeeSpace.ApiGateway.Extensions" CoveredStatements="0" TotalStatements="22" CoveragePercent="0">
      <Type Name="AzureKeyVaultExtensions" CoveredStatements="0" TotalStatements="3" CoveragePercent="0">
        <Method Name="AddAzureKeyVault(Microsoft.Extensions.Configuration.IConfigurationBuilder):Microsoft.Extensions.Configuration.IConfigurationBuilder" CoveredStatements="0" TotalStatements="3" CoveragePercent="0">
          <Statement FileIndex="284" Line="9" Column="5" EndLine="9" EndColumn="6" Covered="False" />
          <Statement FileIndex="284" Line="10" Column="9" EndLine="13" EndColumn="65" Covered="False" />
          <Statement FileIndex="284" Line="14" Column="5" EndLine="14" EndColumn="6" Covered="False" />
        </Method>
      </Type>
      <Type Name="JwtBearerExtensions" CoveredStatements="0" TotalStatements="19" CoveragePercent="0">
        <Type Name="&lt;&gt;c" CoveredStatements="0" TotalStatements="12" CoveragePercent="0">
          <Method Name="&lt;AddJwtBearer&gt;b__0_0(Microsoft.AspNetCore.Authorization.AuthorizationOptions):System.Void" CoveredStatements="0" TotalStatements="3" CoveragePercent="0">
            <Statement FileIndex="285" Line="12" Column="13" EndLine="12" EndColumn="14" Covered="False" />
            <Statement FileIndex="285" Line="13" Column="17" EndLine="17" EndColumn="20" Covered="False" />
            <Statement FileIndex="285" Line="18" Column="13" EndLine="18" EndColumn="14" Covered="False" />
          </Method>
          <Method Name="&lt;AddJwtBearer&gt;b__0_1(Microsoft.AspNetCore.Authentication.AuthenticationOptions):System.Void" CoveredStatements="0" TotalStatements="5" CoveragePercent="0">
            <Statement FileIndex="285" Line="20" Column="13" EndLine="20" EndColumn="14" Covered="False" />
            <Statement FileIndex="285" Line="21" Column="17" EndLine="21" EndColumn="89" Covered="False" />
            <Statement FileIndex="285" Line="22" Column="17" EndLine="22" EndColumn="92" Covered="False" />
            <Statement FileIndex="285" Line="23" Column="17" EndLine="23" EndColumn="80" Covered="False" />
            <Statement FileIndex="285" Line="24" Column="13" EndLine="24" EndColumn="14" Covered="False" />
          </Method>
          <Method Name="&lt;AddJwtBearer&gt;b__0_3(Microsoft.AspNetCore.Authorization.AuthorizationPolicyBuilder):System.Void" CoveredStatements="0" TotalStatements="4" CoveragePercent="0">
            <Statement FileIndex="285" Line="14" Column="17" EndLine="14" EndColumn="18" Covered="False" />
            <Statement FileIndex="285" Line="15" Column="21" EndLine="15" EndColumn="100" Covered="False" />
            <Statement FileIndex="285" Line="16" Column="21" EndLine="16" EndColumn="70" Covered="False" />
            <Statement FileIndex="285" Line="17" Column="17" EndLine="17" EndColumn="18" Covered="False" />
          </Method>
        </Type>
        <Type Name="&lt;&gt;c__DisplayClass0_0" CoveredStatements="0" TotalStatements="3" CoveragePercent="0">
          <Method Name="&lt;AddJwtBearer&gt;b__2(Microsoft.AspNetCore.Authentication.JwtBearer.JwtBearerOptions):System.Void" CoveredStatements="0" TotalStatements="3" CoveragePercent="0">
            <Statement FileIndex="285" Line="26" Column="13" EndLine="26" EndColumn="14" Covered="False" />
            <Statement FileIndex="285" Line="27" Column="17" EndLine="37" EndColumn="19" Covered="False" />
            <Statement FileIndex="285" Line="38" Column="13" EndLine="38" EndColumn="14" Covered="False" />
          </Method>
        </Type>
        <Method Name="AddJwtBearer(Microsoft.Extensions.Configuration.IConfigurationBuilder,Microsoft.AspNetCore.Builder.WebApplicationBuilder):Microsoft.Extensions.Configuration.IConfigurationBuilder" CoveredStatements="0" TotalStatements="4" CoveragePercent="0">
          <Statement FileIndex="285" Line="10" Column="5" EndLine="10" EndColumn="6" Covered="False" />
          <Statement FileIndex="285" Line="11" Column="9" EndLine="38" EndColumn="16" Covered="False" />
          <Statement FileIndex="285" Line="40" Column="9" EndLine="40" EndColumn="38" Covered="False" />
          <Statement FileIndex="285" Line="41" Column="5" EndLine="41" EndColumn="6" Covered="False" />
        </Method>
      </Type>
    </Namespace>
    <Namespace Name="CoffeeSpace.ApiGateway.Services" CoveredStatements="0" TotalStatements="10" CoveragePercent="0">
      <Type Name="PrefixKeyVaultSecretManager" CoveredStatements="0" TotalStatements="10" CoveragePercent="0">
        <Method Name=".ctor(System.String):System.Void" CoveredStatements="0" TotalStatements="4" CoveragePercent="0">
          <Statement FileIndex="287" Line="10" Column="5" EndLine="10" EndColumn="54" Covered="False" />
          <Statement FileIndex="287" Line="11" Column="5" EndLine="11" EndColumn="6" Covered="False" />
          <Statement FileIndex="287" Line="12" Column="9" EndLine="12" EndColumn="32" Covered="False" />
          <Statement FileIndex="287" Line="13" Column="5" EndLine="13" EndColumn="6" Covered="False" />
        </Method>
        <Method Name="GetKey(Azure.Security.KeyVault.Secrets.KeyVaultSecret):System.String" CoveredStatements="0" TotalStatements="3" CoveragePercent="0">
          <Statement FileIndex="287" Line="21" Column="5" EndLine="21" EndColumn="6" Covered="False" />
          <Statement FileIndex="287" Line="22" Column="9" EndLine="23" EndColumn="60" Covered="False" />
          <Statement FileIndex="287" Line="24" Column="5" EndLine="24" EndColumn="6" Covered="False" />
        </Method>
        <Method Name="Load(Azure.Security.KeyVault.Secrets.SecretProperties):System.Boolean" CoveredStatements="0" TotalStatements="3" CoveragePercent="0">
          <Statement FileIndex="287" Line="16" Column="5" EndLine="16" EndColumn="6" Covered="False" />
          <Statement FileIndex="287" Line="17" Column="9" EndLine="17" EndColumn="48" Covered="False" />
          <Statement FileIndex="287" Line="18" Column="5" EndLine="18" EndColumn="6" Covered="False" />
        </Method>
      </Type>
    </Namespace>
    <Type Name="Program" CoveredStatements="0" TotalStatements="10" CoveragePercent="0">
      <Type Name="&lt;&lt;Main&gt;$&gt;d__0" CoveredStatements="0" TotalStatements="9" CoveragePercent="0">
        <Method Name="MoveNext():System.Void" CoveredStatements="0" TotalStatements="9" CoveragePercent="0">
          <Statement FileIndex="286" Line="8" Column="1" EndLine="8" EndColumn="50" Covered="False" />
          <Statement FileIndex="286" Line="10" Column="1" EndLine="11" EndColumn="66" Covered="False" />
          <Statement FileIndex="286" Line="13" Column="1" EndLine="16" EndColumn="28" Covered="False" />
          <Statement FileIndex="286" Line="18" Column="1" EndLine="21" EndColumn="22" Covered="False" />
          <Statement FileIndex="286" Line="23" Column="1" EndLine="23" EndColumn="27" Covered="False" />
          <Statement FileIndex="286" Line="25" Column="1" EndLine="25" EndColumn="25" Covered="False" />
          <Statement FileIndex="286" Line="26" Column="1" EndLine="26" EndColumn="24" Covered="False" />
          <Statement FileIndex="286" Line="28" Column="1" EndLine="28" EndColumn="23" Covered="False" />
          <Statement FileIndex="286" Line="30" Column="1" EndLine="30" EndColumn="11" Covered="False" />
        </Method>
      </Type>
      <Type Name="&lt;&gt;c" CoveredStatements="0" TotalStatements="1" CoveragePercent="0">
        <Method Name="&lt;&lt;Main&gt;$&gt;b__0_0(Microsoft.Extensions.Hosting.HostBuilderContext,Serilog.LoggerConfiguration):System.Void" CoveredStatements="0" TotalStatements="1" CoveragePercent="0">
          <Statement FileIndex="286" Line="11" Column="5" EndLine="11" EndColumn="64" Covered="False" />
        </Method>
      </Type>
    </Type>
  </Assembly>
  <Assembly Name="CoffeeSpace.Core" CoveredStatements="135" TotalStatements="188" CoveragePercent="72">
    <Namespace Name="CoffeeSpace.Core.Extensions" CoveredStatements="84" TotalStatements="105" CoveragePercent="80">
      <Type Name="ApplicationDbExtensions" CoveredStatements="12" TotalStatements="14" CoveragePercent="86">
        <Type Name="&lt;&gt;c__0&lt;TDbContext&gt;" CoveredStatements="0" TotalStatements="1" CoveragePercent="0">
          <Method Name="&lt;AddApplicationDb&gt;b__0_0(Npgsql.EntityFrameworkCore.PostgreSQL.Infrastructure.NpgsqlDbContextOptionsBuilder):System.Void" CoveredStatements="0" TotalStatements="1" CoveragePercent="0">
            <Statement FileIndex="2" Line="11" Column="69" EndLine="11" EndColumn="92" Covered="False" />
          </Method>
        </Type>
        <Type Name="&lt;&gt;c__1&lt;TDbInterface,TDbContext&gt;" CoveredStatements="1" TotalStatements="2" CoveragePercent="50">
          <Method Name="&lt;AddApplicationDb&gt;b__1_0(Npgsql.EntityFrameworkCore.PostgreSQL.Infrastructure.NpgsqlDbContextOptionsBuilder):System.Void" CoveredStatements="0" TotalStatements="1" CoveragePercent="0">
            <Statement FileIndex="2" Line="21" Column="69" EndLine="21" EndColumn="92" Covered="False" />
          </Method>
          <Method Name="&lt;AddApplicationDb&gt;b__1_1(Microsoft.Extensions.DependencyInjection.ServiceDescriptor):System.Boolean" CoveredStatements="1" TotalStatements="1" CoveragePercent="100">
            <Statement FileIndex="2" Line="25" Column="13" EndLine="25" EndColumn="55" Covered="True" />
          </Method>
        </Type>
        <Method Name="AddApplicationDb&lt;TDbContext&gt;(Microsoft.Extensions.DependencyInjection.IServiceCollection,System.String):Microsoft.Extensions.DependencyInjection.IServiceCollection" CoveredStatements="5" TotalStatements="5" CoveragePercent="100">
          <Statement FileIndex="2" Line="10" Column="5" EndLine="10" EndColumn="6" Covered="True" />
          <Statement FileIndex="2" Line="11" Column="9" EndLine="11" EndColumn="94" Covered="True" />
          <Statement FileIndex="2" Line="12" Column="9" EndLine="12" EndColumn="74" Covered="True" />
          <Statement FileIndex="2" Line="14" Column="9" EndLine="14" EndColumn="25" Covered="True" />
          <Statement FileIndex="2" Line="15" Column="5" EndLine="15" EndColumn="6" Covered="True" />
        </Method>
        <Method Name="AddApplicationDb&lt;TDbInterface,TDbContext&gt;(Microsoft.Extensions.DependencyInjection.IServiceCollection,System.String):Microsoft.Extensions.DependencyInjection.IServiceCollection" CoveredStatements="6" TotalStatements="6" CoveragePercent="100">
          <Statement FileIndex="2" Line="20" Column="5" EndLine="20" EndColumn="6" Covered="True" />
          <Statement FileIndex="2" Line="21" Column="9" EndLine="21" EndColumn="94" Covered="True" />
          <Statement FileIndex="2" Line="22" Column="9" EndLine="22" EndColumn="74" Covered="True" />
          <Statement FileIndex="2" Line="24" Column="9" EndLine="25" EndColumn="67" Covered="True" />
          <Statement FileIndex="2" Line="26" Column="9" EndLine="26" EndColumn="25" Covered="True" />
          <Statement FileIndex="2" Line="27" Column="5" EndLine="27" EndColumn="6" Covered="True" />
        </Method>
      </Type>
      <Type Name="ApplicationServiceExtensions" CoveredStatements="24" TotalStatements="24" CoveragePercent="100">
        <Type Name="&lt;&gt;c__0&lt;TInterface&gt;" CoveredStatements="3" TotalStatements="3" CoveragePercent="100">
          <Method Name="&lt;AddApplicationService&gt;b__0_1(Scrutor.IImplementationTypeFilter):System.Void" CoveredStatements="3" TotalStatements="3" CoveragePercent="100">
            <Statement FileIndex="3" Line="15" Column="13" EndLine="15" EndColumn="14" Covered="True" />
            <Statement FileIndex="3" Line="16" Column="17" EndLine="17" EndColumn="52" Covered="True" />
            <Statement FileIndex="3" Line="18" Column="13" EndLine="18" EndColumn="14" Covered="True" />
          </Method>
        </Type>
        <Type Name="&lt;&gt;c__DisplayClass0_0&lt;TInterface&gt;" CoveredStatements="1" TotalStatements="1" CoveragePercent="100">
          <Method Name="&lt;AddApplicationService&gt;b__0(Scrutor.ITypeSourceSelector):System.Void" CoveredStatements="1" TotalStatements="1" CoveragePercent="100">
            <Statement FileIndex="3" Line="12" Column="31" EndLine="20" EndColumn="43" Covered="True" />
          </Method>
        </Type>
        <Type Name="&lt;&gt;c__DisplayClass1_0" CoveredStatements="4" TotalStatements="4" CoveragePercent="100">
          <Method Name="&lt;AddApplicationService&gt;b__0(Scrutor.ITypeSourceSelector):System.Void" CoveredStatements="1" TotalStatements="1" CoveragePercent="100">
            <Statement FileIndex="3" Line="30" Column="31" EndLine="38" EndColumn="43" Covered="True" />
          </Method>
          <Method Name="&lt;AddApplicationService&gt;b__1(Scrutor.IImplementationTypeFilter):System.Void" CoveredStatements="3" TotalStatements="3" CoveragePercent="100">
            <Statement FileIndex="3" Line="33" Column="13" EndLine="33" EndColumn="14" Covered="True" />
            <Statement FileIndex="3" Line="34" Column="17" EndLine="35" EndColumn="52" Covered="True" />
            <Statement FileIndex="3" Line="36" Column="13" EndLine="36" EndColumn="14" Covered="True" />
          </Method>
        </Type>
        <Type Name="&lt;&gt;c__DisplayClass2_0" CoveredStatements="4" TotalStatements="4" CoveragePercent="100">
          <Method Name="&lt;AddApplicationService&gt;b__0(Scrutor.ITypeSourceSelector):System.Void" CoveredStatements="1" TotalStatements="1" CoveragePercent="100">
            <Statement FileIndex="3" Line="49" Column="31" EndLine="57" EndColumn="43" Covered="True" />
          </Method>
          <Method Name="&lt;AddApplicationService&gt;b__1(Scrutor.IImplementationTypeFilter):System.Void" CoveredStatements="3" TotalStatements="3" CoveragePercent="100">
            <Statement FileIndex="3" Line="52" Column="13" EndLine="52" EndColumn="14" Covered="True" />
            <Statement FileIndex="3" Line="53" Column="17" EndLine="54" EndColumn="52" Covered="True" />
            <Statement FileIndex="3" Line="55" Column="13" EndLine="55" EndColumn="14" Covered="True" />
          </Method>
        </Type>
        <Method Name="AddApplicationService(Microsoft.Extensions.DependencyInjection.IServiceCollection,System.Type,Microsoft.Extensions.DependencyInjection.ServiceLifetime):Microsoft.Extensions.DependencyInjection.IServiceCollection" CoveredStatements="4" TotalStatements="4" CoveragePercent="100">
          <Statement FileIndex="3" Line="29" Column="5" EndLine="29" EndColumn="6" Covered="True" />
          <Statement FileIndex="3" Line="30" Column="9" EndLine="38" EndColumn="45" Covered="True" />
          <Statement FileIndex="3" Line="40" Column="9" EndLine="40" EndColumn="25" Covered="True" />
          <Statement FileIndex="3" Line="41" Column="5" EndLine="41" EndColumn="6" Covered="True" />
        </Method>
        <Method Name="AddApplicationService(Microsoft.Extensions.DependencyInjection.IServiceCollection,System.Type,System.Type,Microsoft.Extensions.DependencyInjection.ServiceLifetime):Microsoft.Extensions.DependencyInjection.IServiceCollection" CoveredStatements="4" TotalStatements="4" CoveragePercent="100">
          <Statement FileIndex="3" Line="48" Column="5" EndLine="48" EndColumn="6" Covered="True" />
          <Statement FileIndex="3" Line="49" Column="9" EndLine="57" EndColumn="45" Covered="True" />
          <Statement FileIndex="3" Line="59" Column="9" EndLine="59" EndColumn="25" Covered="True" />
          <Statement FileIndex="3" Line="60" Column="5" EndLine="60" EndColumn="6" Covered="True" />
        </Method>
        <Method Name="AddApplicationService&lt;TInterface&gt;(Microsoft.Extensions.DependencyInjection.IServiceCollection,Microsoft.Extensions.DependencyInjection.ServiceLifetime):Microsoft.Extensions.DependencyInjection.IServiceCollection" CoveredStatements="4" TotalStatements="4" CoveragePercent="100">
          <Statement FileIndex="3" Line="11" Column="5" EndLine="11" EndColumn="6" Covered="True" />
          <Statement FileIndex="3" Line="12" Column="9" EndLine="20" EndColumn="45" Covered="True" />
          <Statement FileIndex="3" Line="22" Column="9" EndLine="22" EndColumn="25" Covered="True" />
          <Statement FileIndex="3" Line="23" Column="5" EndLine="23" EndColumn="6" Covered="True" />
        </Method>
      </Type>
      <Type Name="AzureKeyVaultExtensions" CoveredStatements="5" TotalStatements="6" CoveragePercent="83">
        <Method Name="AddAzureKeyVault(Microsoft.Extensions.Configuration.IConfigurationBuilder):Microsoft.Extensions.Configuration.IConfigurationBuilder" CoveredStatements="5" TotalStatements="6" CoveragePercent="83">
          <Statement FileIndex="4" Line="12" Column="5" EndLine="12" EndColumn="6" Covered="True" />
          <Statement FileIndex="4" Line="13" Column="9" EndLine="13" EndColumn="87" Covered="True" />
          <Statement FileIndex="4" Line="14" Column="9" EndLine="14" EndColumn="10" Covered="True" />
          <Statement FileIndex="4" Line="15" Column="13" EndLine="15" EndColumn="34" Covered="True" />
          <Statement FileIndex="4" Line="18" Column="9" EndLine="21" EndColumn="65" Covered="False" />
          <Statement FileIndex="4" Line="22" Column="5" EndLine="22" EndColumn="6" Covered="True" />
        </Method>
      </Type>
      <Type Name="DbContextExtensions" CoveredStatements="20" TotalStatements="20" CoveragePercent="100">
        <Type Name="&lt;LoadDataAsync&gt;d__2&lt;TEntity,TProperty&gt;" CoveredStatements="7" TotalStatements="7" CoveragePercent="100">
          <Method Name="MoveNext():System.Void" CoveredStatements="7" TotalStatements="7" CoveragePercent="100">
            <Statement FileIndex="5" Line="30" Column="5" EndLine="30" EndColumn="6" Covered="True" />
            <Statement FileIndex="5" Line="31" Column="9" EndLine="31" EndColumn="16" Covered="True" />
            <Statement FileIndex="5" Line="31" Column="32" EndLine="31" EndColumn="40" Covered="True" />
            <Statement FileIndex="5" Line="31" Column="18" EndLine="31" EndColumn="28" Covered="True" />
            <Statement FileIndex="5" Line="32" Column="13" EndLine="32" EndColumn="60" Covered="True" />
            <Statement FileIndex="5" Line="31" Column="29" EndLine="31" EndColumn="31" Covered="True" />
            <Statement FileIndex="5" Line="33" Column="5" EndLine="33" EndColumn="6" Covered="True" />
          </Method>
        </Type>
        <Type Name="&lt;LoadDataAsync&gt;d__3&lt;TEntity,TProperty&gt;" CoveredStatements="7" TotalStatements="7" CoveragePercent="100">
          <Method Name="MoveNext():System.Void" CoveredStatements="7" TotalStatements="7" CoveragePercent="100">
            <Statement FileIndex="5" Line="39" Column="5" EndLine="39" EndColumn="6" Covered="True" />
            <Statement FileIndex="5" Line="40" Column="9" EndLine="40" EndColumn="16" Covered="True" />
            <Statement FileIndex="5" Line="40" Column="32" EndLine="40" EndColumn="40" Covered="True" />
            <Statement FileIndex="5" Line="40" Column="18" EndLine="40" EndColumn="28" Covered="True" />
            <Statement FileIndex="5" Line="41" Column="13" EndLine="41" EndColumn="59" Covered="True" />
            <Statement FileIndex="5" Line="40" Column="29" EndLine="40" EndColumn="31" Covered="True" />
            <Statement FileIndex="5" Line="42" Column="5" EndLine="42" EndColumn="6" Covered="True" />
          </Method>
        </Type>
        <Method Name="LoadDataAsync&lt;TEntity,TProperty&gt;(Microsoft.EntityFrameworkCore.DbSet&lt;TEntity&gt;,TEntity,System.Linq.Expressions.Expression&lt;System.Func&lt;TEntity,System.Collections.Generic.IEnumerable&lt;TProperty&gt;&gt;&gt;):System.Threading.Tasks.Task" CoveredStatements="3" TotalStatements="3" CoveragePercent="100">
          <Statement FileIndex="5" Line="20" Column="5" EndLine="20" EndColumn="6" Covered="True" />
          <Statement FileIndex="5" Line="21" Column="9" EndLine="23" EndColumn="26" Covered="True" />
          <Statement FileIndex="5" Line="24" Column="5" EndLine="24" EndColumn="6" Covered="True" />
        </Method>
        <Method Name="LoadDataAsync&lt;TEntity,TProperty&gt;(Microsoft.EntityFrameworkCore.DbSet&lt;TEntity&gt;,TEntity,System.Linq.Expressions.Expression&lt;System.Func&lt;TEntity,TProperty&gt;&gt;):System.Threading.Tasks.Task" CoveredStatements="3" TotalStatements="3" CoveragePercent="100">
          <Statement FileIndex="5" Line="11" Column="5" EndLine="11" EndColumn="6" Covered="True" />
          <Statement FileIndex="5" Line="12" Column="9" EndLine="14" EndColumn="26" Covered="True" />
          <Statement FileIndex="5" Line="15" Column="5" EndLine="15" EndColumn="6" Covered="True" />
        </Method>
      </Type>
      <Type Name="DbContextSettingsExtensions" CoveredStatements="4" TotalStatements="8" CoveragePercent="50">
        <Type Name="&lt;&gt;c__DisplayClass0_0&lt;TDbContext&gt;" CoveredStatements="0" TotalStatements="4" CoveragePercent="0">
          <Method Name="&lt;AddNpgsqlDbContextOptions&gt;b__0(System.IServiceProvider):Microsoft.Extensions.Options.IOptions&lt;CoffeeSpace.Core.Settings.PostgresDbContextSettings&lt;TDbContext&gt;&gt;" CoveredStatements="0" TotalStatements="4" CoveragePercent="0">
            <Statement FileIndex="6" Line="15" Column="9" EndLine="15" EndColumn="10" Covered="False" />
            <Statement FileIndex="6" Line="16" Column="13" EndLine="16" EndColumn="79" Covered="False" />
            <Statement FileIndex="6" Line="17" Column="13" EndLine="23" EndColumn="16" Covered="False" />
            <Statement FileIndex="6" Line="24" Column="9" EndLine="24" EndColumn="10" Covered="False" />
          </Method>
        </Type>
        <Method Name="AddNpgsqlDbContextOptions&lt;TDbContext&gt;(Microsoft.Extensions.DependencyInjection.IServiceCollection,System.String):Microsoft.Extensions.DependencyInjection.IServiceCollection" CoveredStatements="4" TotalStatements="4" CoveragePercent="100">
          <Statement FileIndex="6" Line="13" Column="5" EndLine="13" EndColumn="6" Covered="True" />
          <Statement FileIndex="6" Line="14" Column="9" EndLine="24" EndColumn="12" Covered="True" />
          <Statement FileIndex="6" Line="26" Column="9" EndLine="26" EndColumn="25" Covered="True" />
          <Statement FileIndex="6" Line="27" Column="5" EndLine="27" EndColumn="6" Covered="True" />
        </Method>
      </Type>
      <Type Name="JwtBearerExtensions" CoveredStatements="19" TotalStatements="19" CoveragePercent="100">
        <Type Name="&lt;&gt;c" CoveredStatements="12" TotalStatements="12" CoveragePercent="100">
          <Method Name="&lt;AddJwtBearer&gt;b__0_0(Microsoft.AspNetCore.Authorization.AuthorizationOptions):System.Void" CoveredStatements="3" TotalStatements="3" CoveragePercent="100">
            <Statement FileIndex="7" Line="16" Column="13" EndLine="16" EndColumn="14" Covered="True" />
            <Statement FileIndex="7" Line="17" Column="17" EndLine="21" EndColumn="20" Covered="True" />
            <Statement FileIndex="7" Line="22" Column="13" EndLine="22" EndColumn="14" Covered="True" />
          </Method>
          <Method Name="&lt;AddJwtBearer&gt;b__0_1(Microsoft.AspNetCore.Authentication.AuthenticationOptions):System.Void" CoveredStatements="5" TotalStatements="5" CoveragePercent="100">
            <Statement FileIndex="7" Line="24" Column="13" EndLine="24" EndColumn="14" Covered="True" />
            <Statement FileIndex="7" Line="25" Column="17" EndLine="25" EndColumn="89" Covered="True" />
            <Statement FileIndex="7" Line="26" Column="17" EndLine="26" EndColumn="92" Covered="True" />
            <Statement FileIndex="7" Line="27" Column="17" EndLine="27" EndColumn="80" Covered="True" />
            <Statement FileIndex="7" Line="28" Column="13" EndLine="28" EndColumn="14" Covered="True" />
          </Method>
          <Method Name="&lt;AddJwtBearer&gt;b__0_3(Microsoft.AspNetCore.Authorization.AuthorizationPolicyBuilder):System.Void" CoveredStatements="4" TotalStatements="4" CoveragePercent="100">
            <Statement FileIndex="7" Line="18" Column="17" EndLine="18" EndColumn="18" Covered="True" />
            <Statement FileIndex="7" Line="19" Column="21" EndLine="19" EndColumn="100" Covered="True" />
            <Statement FileIndex="7" Line="20" Column="21" EndLine="20" EndColumn="70" Covered="True" />
            <Statement FileIndex="7" Line="21" Column="17" EndLine="21" EndColumn="18" Covered="True" />
          </Method>
        </Type>
        <Type Name="&lt;&gt;c__DisplayClass0_0" CoveredStatements="3" TotalStatements="3" CoveragePercent="100">
          <Method Name="&lt;AddJwtBearer&gt;b__2(Microsoft.AspNetCore.Authentication.JwtBearer.JwtBearerOptions):System.Void" CoveredStatements="3" TotalStatements="3" CoveragePercent="100">
            <Statement FileIndex="7" Line="30" Column="13" EndLine="30" EndColumn="14" Covered="True" />
            <Statement FileIndex="7" Line="31" Column="17" EndLine="42" EndColumn="19" Covered="True" />
            <Statement FileIndex="7" Line="43" Column="13" EndLine="43" EndColumn="14" Covered="True" />
          </Method>
        </Type>
        <Method Name="AddJwtBearer(Microsoft.Extensions.Configuration.IConfigurationBuilder,Microsoft.AspNetCore.Builder.WebApplicationBuilder):Microsoft.Extensions.Configuration.IConfigurationBuilder" CoveredStatements="4" TotalStatements="4" CoveragePercent="100">
          <Statement FileIndex="7" Line="14" Column="5" EndLine="14" EndColumn="6" Covered="True" />
          <Statement FileIndex="7" Line="15" Column="9" EndLine="43" EndColumn="16" Covered="True" />
          <Statement FileIndex="7" Line="45" Column="9" EndLine="45" EndColumn="38" Covered="True" />
          <Statement FileIndex="7" Line="46" Column="5" EndLine="46" EndColumn="6" Covered="True" />
        </Method>
      </Type>
      <Type Name="RateLimiterExtensions" CoveredStatements="0" TotalStatements="14" CoveragePercent="0">
        <Type Name="&lt;&gt;c" CoveredStatements="0" TotalStatements="7" CoveragePercent="0">
          <Method Name="&lt;AddBucketRateLimiter&gt;b__1_1(System.Threading.RateLimiting.TokenBucketRateLimiterOptions):System.Void" CoveredStatements="0" TotalStatements="7" CoveragePercent="0">
            <Statement FileIndex="8" Line="19" Column="13" EndLine="19" EndColumn="14" Covered="False" />
            <Statement FileIndex="8" Line="20" Column="17" EndLine="20" EndColumn="48" Covered="False" />
            <Statement FileIndex="8" Line="21" Column="17" EndLine="21" EndColumn="78" Covered="False" />
            <Statement FileIndex="8" Line="22" Column="17" EndLine="22" EndColumn="52" Covered="False" />
            <Statement FileIndex="8" Line="23" Column="17" EndLine="23" EndColumn="47" Covered="False" />
            <Statement FileIndex="8" Line="24" Column="17" EndLine="24" EndColumn="88" Covered="False" />
            <Statement FileIndex="8" Line="25" Column="13" EndLine="25" EndColumn="14" Covered="False" />
          </Method>
        </Type>
        <Type Name="&lt;&gt;c__DisplayClass1_0" CoveredStatements="0" TotalStatements="4" CoveragePercent="0">
          <Method Name="&lt;AddBucketRateLimiter&gt;b__0(Microsoft.AspNetCore.RateLimiting.RateLimiterOptions):System.Void" CoveredStatements="0" TotalStatements="4" CoveragePercent="0">
            <Statement FileIndex="8" Line="15" Column="9" EndLine="15" EndColumn="10" Covered="False" />
            <Statement FileIndex="8" Line="16" Column="13" EndLine="16" EndColumn="63" Covered="False" />
            <Statement FileIndex="8" Line="18" Column="13" EndLine="25" EndColumn="16" Covered="False" />
            <Statement FileIndex="8" Line="26" Column="9" EndLine="26" EndColumn="10" Covered="False" />
          </Method>
        </Type>
        <Method Name="AddBucketRateLimiter(Microsoft.Extensions.DependencyInjection.IServiceCollection,System.Int32):Microsoft.Extensions.DependencyInjection.IServiceCollection" CoveredStatements="0" TotalStatements="3" CoveragePercent="0">
          <Statement FileIndex="8" Line="13" Column="5" EndLine="13" EndColumn="6" Covered="False" />
          <Statement FileIndex="8" Line="14" Column="9" EndLine="26" EndColumn="12" Covered="False" />
          <Statement FileIndex="8" Line="27" Column="5" EndLine="27" EndColumn="6" Covered="False" />
        </Method>
      </Type>
    </Namespace>
    <Namespace Name="CoffeeSpace.Core.Services" CoveredStatements="37" TotalStatements="55" CoveragePercent="67">
      <Type Name="CacheService&lt;TEntity&gt;" CoveredStatements="37" TotalStatements="45" CoveragePercent="82">
        <Type Name="&lt;GetAllAsync&gt;d__3" CoveredStatements="4" TotalStatements="4" CoveragePercent="100">
          <Method Name="MoveNext():System.Void" CoveredStatements="4" TotalStatements="4" CoveragePercent="100">
            <Statement FileIndex="10" Line="24" Column="5" EndLine="24" EndColumn="6" Covered="True" />
            <Statement FileIndex="10" Line="25" Column="9" EndLine="25" EndColumn="94" Covered="True" />
            <Statement FileIndex="10" Line="27" Column="9" EndLine="29" EndColumn="85" Covered="True" />
            <Statement FileIndex="10" Line="31" Column="5" EndLine="31" EndColumn="6" Covered="True" />
          </Method>
        </Type>
        <Type Name="&lt;GetAllOrCreateAsync&gt;d__8" CoveredStatements="9" TotalStatements="13" CoveragePercent="69">
          <Method Name="MoveNext():System.Void" CoveredStatements="9" TotalStatements="13" CoveragePercent="69">
            <Statement FileIndex="10" Line="79" Column="5" EndLine="79" EndColumn="6" Covered="True" />
            <Statement FileIndex="10" Line="80" Column="9" EndLine="80" EndColumn="70" Covered="True" />
            <Statement FileIndex="10" Line="81" Column="9" EndLine="81" EndColumn="79" Covered="True" />
            <Statement FileIndex="10" Line="82" Column="9" EndLine="82" EndColumn="10" Covered="False" />
            <Statement FileIndex="10" Line="83" Column="13" EndLine="83" EndColumn="33" Covered="False" />
            <Statement FileIndex="10" Line="86" Column="9" EndLine="86" EndColumn="43" Covered="True" />
            <Statement FileIndex="10" Line="87" Column="9" EndLine="87" EndColumn="70" Covered="True" />
            <Statement FileIndex="10" Line="88" Column="9" EndLine="88" EndColumn="10" Covered="False" />
            <Statement FileIndex="10" Line="89" Column="13" EndLine="89" EndColumn="48" Covered="False" />
            <Statement FileIndex="10" Line="92" Column="9" EndLine="95" EndColumn="12" Covered="True" />
            <Statement FileIndex="10" Line="97" Column="9" EndLine="97" EndColumn="60" Covered="True" />
            <Statement FileIndex="10" Line="98" Column="9" EndLine="98" EndColumn="23" Covered="True" />
            <Statement FileIndex="10" Line="99" Column="5" EndLine="99" EndColumn="6" Covered="True" />
          </Method>
        </Type>
        <Type Name="&lt;GetAsync&gt;d__4" CoveredStatements="4" TotalStatements="4" CoveragePercent="100">
          <Method Name="MoveNext():System.Void" CoveredStatements="4" TotalStatements="4" CoveragePercent="100">
            <Statement FileIndex="10" Line="34" Column="5" EndLine="34" EndColumn="6" Covered="True" />
            <Statement FileIndex="10" Line="35" Column="9" EndLine="35" EndColumn="94" Covered="True" />
            <Statement FileIndex="10" Line="37" Column="9" EndLine="39" EndColumn="71" Covered="True" />
            <Statement FileIndex="10" Line="41" Column="5" EndLine="41" EndColumn="6" Covered="True" />
          </Method>
        </Type>
        <Type Name="&lt;GetOrCreateAsync&gt;d__7" CoveredStatements="9" TotalStatements="13" CoveragePercent="69">
          <Method Name="MoveNext():System.Void" CoveredStatements="9" TotalStatements="13" CoveragePercent="69">
            <Statement FileIndex="10" Line="55" Column="5" EndLine="55" EndColumn="6" Covered="True" />
            <Statement FileIndex="10" Line="56" Column="9" EndLine="56" EndColumn="67" Covered="True" />
            <Statement FileIndex="10" Line="57" Column="9" EndLine="57" EndColumn="38" Covered="True" />
            <Statement FileIndex="10" Line="58" Column="9" EndLine="58" EndColumn="10" Covered="False" />
            <Statement FileIndex="10" Line="59" Column="13" EndLine="59" EndColumn="33" Covered="False" />
            <Statement FileIndex="10" Line="62" Column="9" EndLine="62" EndColumn="43" Covered="True" />
            <Statement FileIndex="10" Line="63" Column="9" EndLine="63" EndColumn="28" Covered="True" />
            <Statement FileIndex="10" Line="64" Column="9" EndLine="64" EndColumn="10" Covered="False" />
            <Statement FileIndex="10" Line="65" Column="13" EndLine="65" EndColumn="25" Covered="False" />
            <Statement FileIndex="10" Line="68" Column="9" EndLine="71" EndColumn="12" Covered="True" />
            <Statement FileIndex="10" Line="73" Column="9" EndLine="73" EndColumn="60" Covered="True" />
            <Statement FileIndex="10" Line="74" Column="9" EndLine="74" EndColumn="23" Covered="True" />
            <Statement FileIndex="10" Line="75" Column="5" EndLine="75" EndColumn="6" Covered="True" />
          </Method>
        </Type>
        <Method Name=".ctor(Microsoft.Extensions.Caching.Distributed.IDistributedCache):System.Void" CoveredStatements="5" TotalStatements="5" CoveragePercent="100">
          <Statement FileIndex="10" Line="13" Column="5" EndLine="13" EndColumn="60" Covered="True" />
          <Statement FileIndex="10" Line="14" Column="5" EndLine="14" EndColumn="6" Covered="True" />
          <Statement FileIndex="10" Line="15" Column="9" EndLine="15" EndColumn="46" Covered="True" />
          <Statement FileIndex="10" Line="16" Column="9" EndLine="20" EndColumn="11" Covered="True" />
          <Statement FileIndex="10" Line="21" Column="5" EndLine="21" EndColumn="6" Covered="True" />
        </Method>
        <Method Name="RemoveAsync(System.String,System.Threading.CancellationToken):System.Threading.Tasks.Task" CoveredStatements="3" TotalStatements="3" CoveragePercent="100">
          <Statement FileIndex="10" Line="49" Column="5" EndLine="49" EndColumn="6" Covered="True" />
          <Statement FileIndex="10" Line="50" Column="9" EndLine="50" EndColumn="70" Covered="True" />
          <Statement FileIndex="10" Line="51" Column="5" EndLine="51" EndColumn="6" Covered="True" />
        </Method>
        <Method Name="SetAsync(System.String,System.String,System.Threading.CancellationToken):System.Threading.Tasks.Task" CoveredStatements="3" TotalStatements="3" CoveragePercent="100">
          <Statement FileIndex="10" Line="44" Column="5" EndLine="44" EndColumn="6" Covered="True" />
          <Statement FileIndex="10" Line="45" Column="9" EndLine="45" EndColumn="95" Covered="True" />
          <Statement FileIndex="10" Line="46" Column="5" EndLine="46" EndColumn="6" Covered="True" />
        </Method>
      </Type>
      <Type Name="PrefixKeyVaultSecretManager" CoveredStatements="0" TotalStatements="10" CoveragePercent="0">
        <Method Name=".ctor(System.String):System.Void" CoveredStatements="0" TotalStatements="4" CoveragePercent="0">
          <Statement FileIndex="11" Line="11" Column="5" EndLine="11" EndColumn="54" Covered="False" />
          <Statement FileIndex="11" Line="12" Column="5" EndLine="12" EndColumn="6" Covered="False" />
          <Statement FileIndex="11" Line="13" Column="9" EndLine="13" EndColumn="32" Covered="False" />
          <Statement FileIndex="11" Line="14" Column="5" EndLine="14" EndColumn="6" Covered="False" />
        </Method>
        <Method Name="GetKey(Azure.Security.KeyVault.Secrets.KeyVaultSecret):System.String" CoveredStatements="0" TotalStatements="3" CoveragePercent="0">
          <Statement FileIndex="11" Line="22" Column="5" EndLine="22" EndColumn="6" Covered="False" />
          <Statement FileIndex="11" Line="23" Column="9" EndLine="24" EndColumn="60" Covered="False" />
          <Statement FileIndex="11" Line="25" Column="5" EndLine="25" EndColumn="6" Covered="False" />
        </Method>
        <Method Name="Load(Azure.Security.KeyVault.Secrets.SecretProperties):System.Boolean" CoveredStatements="0" TotalStatements="3" CoveragePercent="0">
          <Statement FileIndex="11" Line="17" Column="5" EndLine="17" EndColumn="6" Covered="False" />
          <Statement FileIndex="11" Line="18" Column="9" EndLine="18" EndColumn="48" Covered="False" />
          <Statement FileIndex="11" Line="19" Column="5" EndLine="19" EndColumn="6" Covered="False" />
        </Method>
      </Type>
    </Namespace>
    <Namespace Name="CoffeeSpace.Core.Settings" CoveredStatements="14" TotalStatements="28" CoveragePercent="50">
      <Type Name="AwsMessagingSettings" CoveredStatements="6" TotalStatements="6" CoveragePercent="100">
        <Method Name="get_AccessKey():System.String" CoveredStatements="1" TotalStatements="1" CoveragePercent="100">
          <Statement FileIndex="12" Line="7" Column="40" EndLine="7" EndColumn="44" Covered="True" />
        </Method>
        <Method Name="get_Region():System.String" CoveredStatements="1" TotalStatements="1" CoveragePercent="100">
          <Statement FileIndex="12" Line="5" Column="37" EndLine="5" EndColumn="41" Covered="True" />
        </Method>
        <Method Name="get_SecretKey():System.String" CoveredStatements="1" TotalStatements="1" CoveragePercent="100">
          <Statement FileIndex="12" Line="9" Column="40" EndLine="9" EndColumn="44" Covered="True" />
        </Method>
        <Method Name="set_AccessKey(System.String):System.Void" CoveredStatements="1" TotalStatements="1" CoveragePercent="100">
          <Statement FileIndex="12" Line="7" Column="45" EndLine="7" EndColumn="50" Covered="True" />
        </Method>
        <Method Name="set_Region(System.String):System.Void" CoveredStatements="1" TotalStatements="1" CoveragePercent="100">
          <Statement FileIndex="12" Line="5" Column="42" EndLine="5" EndColumn="47" Covered="True" />
        </Method>
        <Method Name="set_SecretKey(System.String):System.Void" CoveredStatements="1" TotalStatements="1" CoveragePercent="100">
          <Statement FileIndex="12" Line="9" Column="45" EndLine="9" EndColumn="50" Covered="True" />
        </Method>
      </Type>
      <Type Name="JwtSettings" CoveredStatements="8" TotalStatements="8" CoveragePercent="100">
        <Method Name="get_Audience():System.String" CoveredStatements="1" TotalStatements="1" CoveragePercent="100">
          <Statement FileIndex="13" Line="5" Column="39" EndLine="5" EndColumn="43" Covered="True" />
        </Method>
        <Method Name="get_Expire():System.Int32" CoveredStatements="1" TotalStatements="1" CoveragePercent="100">
          <Statement FileIndex="13" Line="11" Column="34" EndLine="11" EndColumn="38" Covered="True" />
        </Method>
        <Method Name="get_Issuer():System.String" CoveredStatements="1" TotalStatements="1" CoveragePercent="100">
          <Statement FileIndex="13" Line="7" Column="37" EndLine="7" EndColumn="41" Covered="True" />
        </Method>
        <Method Name="get_Key():System.String" CoveredStatements="1" TotalStatements="1" CoveragePercent="100">
          <Statement FileIndex="13" Line="9" Column="34" EndLine="9" EndColumn="38" Covered="True" />
        </Method>
        <Method Name="set_Audience(System.String):System.Void" CoveredStatements="1" TotalStatements="1" CoveragePercent="100">
          <Statement FileIndex="13" Line="5" Column="44" EndLine="5" EndColumn="49" Covered="True" />
        </Method>
        <Method Name="set_Expire(System.Int32):System.Void" CoveredStatements="1" TotalStatements="1" CoveragePercent="100">
          <Statement FileIndex="13" Line="11" Column="39" EndLine="11" EndColumn="44" Covered="True" />
        </Method>
        <Method Name="set_Issuer(System.String):System.Void" CoveredStatements="1" TotalStatements="1" CoveragePercent="100">
          <Statement FileIndex="13" Line="7" Column="42" EndLine="7" EndColumn="47" Covered="True" />
        </Method>
        <Method Name="set_Key(System.String):System.Void" CoveredStatements="1" TotalStatements="1" CoveragePercent="100">
          <Statement FileIndex="13" Line="9" Column="39" EndLine="9" EndColumn="44" Covered="True" />
        </Method>
      </Type>
      <Type Name="PostgresDbContextSettings&lt;TDbContext&gt;" CoveredStatements="0" TotalStatements="8" CoveragePercent="0">
        <Method Name="get_ConnectionString():System.String" CoveredStatements="0" TotalStatements="1" CoveragePercent="0">
          <Statement FileIndex="14" Line="8" Column="47" EndLine="8" EndColumn="51" Covered="False" />
        </Method>
        <Method Name="get_Database():System.String" CoveredStatements="0" TotalStatements="1" CoveragePercent="0">
          <Statement FileIndex="14" Line="10" Column="39" EndLine="10" EndColumn="43" Covered="False" />
        </Method>
        <Method Name="get_Host():System.String" CoveredStatements="0" TotalStatements="1" CoveragePercent="0">
          <Statement FileIndex="14" Line="12" Column="35" EndLine="12" EndColumn="39" Covered="False" />
        </Method>
        <Method Name="get_Port():System.Int32" CoveredStatements="0" TotalStatements="1" CoveragePercent="0">
          <Statement FileIndex="14" Line="14" Column="32" EndLine="14" EndColumn="36" Covered="False" />
        </Method>
        <Method Name="set_ConnectionString(System.String):System.Void" CoveredStatements="0" TotalStatements="1" CoveragePercent="0">
          <Statement FileIndex="14" Line="8" Column="52" EndLine="8" EndColumn="57" Covered="False" />
        </Method>
        <Method Name="set_Database(System.String):System.Void" CoveredStatements="0" TotalStatements="1" CoveragePercent="0">
          <Statement FileIndex="14" Line="10" Column="44" EndLine="10" EndColumn="49" Covered="False" />
        </Method>
        <Method Name="set_Host(System.String):System.Void" CoveredStatements="0" TotalStatements="1" CoveragePercent="0">
          <Statement FileIndex="14" Line="12" Column="40" EndLine="12" EndColumn="45" Covered="False" />
        </Method>
        <Method Name="set_Port(System.Int32):System.Void" CoveredStatements="0" TotalStatements="1" CoveragePercent="0">
          <Statement FileIndex="14" Line="14" Column="37" EndLine="14" EndColumn="42" Covered="False" />
        </Method>
      </Type>
      <Type Name="RabbitMqSettings" CoveredStatements="0" TotalStatements="6" CoveragePercent="0">
        <Method Name="get_Host():System.String" CoveredStatements="0" TotalStatements="1" CoveragePercent="0">
          <Statement FileIndex="15" Line="5" Column="35" EndLine="5" EndColumn="39" Covered="False" />
        </Method>
        <Method Name="get_Password():System.String" CoveredStatements="0" TotalStatements="1" CoveragePercent="0">
          <Statement FileIndex="15" Line="9" Column="39" EndLine="9" EndColumn="43" Covered="False" />
        </Method>
        <Method Name="get_Username():System.String" CoveredStatements="0" TotalStatements="1" CoveragePercent="0">
          <Statement FileIndex="15" Line="7" Column="39" EndLine="7" EndColumn="43" Covered="False" />
        </Method>
        <Method Name="set_Host(System.String):System.Void" CoveredStatements="0" TotalStatements="1" CoveragePercent="0">
          <Statement FileIndex="15" Line="5" Column="40" EndLine="5" EndColumn="45" Covered="False" />
        </Method>
        <Method Name="set_Password(System.String):System.Void" CoveredStatements="0" TotalStatements="1" CoveragePercent="0">
          <Statement FileIndex="15" Line="9" Column="44" EndLine="9" EndColumn="49" Covered="False" />
        </Method>
        <Method Name="set_Username(System.String):System.Void" CoveredStatements="0" TotalStatements="1" CoveragePercent="0">
          <Statement FileIndex="15" Line="7" Column="44" EndLine="7" EndColumn="49" Covered="False" />
        </Method>
      </Type>
    </Namespace>
  </Assembly>
  <Assembly Name="CoffeeSpace.Domain" CoveredStatements="67" TotalStatements="67" CoveragePercent="100">
    <Namespace Name="CoffeeSpace.Domain.Ordering.BuyerInfo" CoveredStatements="16" TotalStatements="16" CoveragePercent="100">
      <Type Name="Address" CoveredStatements="8" TotalStatements="8" CoveragePercent="100">
        <Method Name="get_City():System.String" CoveredStatements="1" TotalStatements="1" CoveragePercent="100">
          <Statement FileIndex="494" Line="9" Column="35" EndLine="9" EndColumn="39" Covered="True" />
        </Method>
        <Method Name="get_Country():System.String" CoveredStatements="1" TotalStatements="1" CoveragePercent="100">
          <Statement FileIndex="494" Line="11" Column="38" EndLine="11" EndColumn="42" Covered="True" />
        </Method>
        <Method Name="get_Id():System.String" CoveredStatements="1" TotalStatements="1" CoveragePercent="100">
          <Statement FileIndex="494" Line="5" Column="33" EndLine="5" EndColumn="37" Covered="True" />
        </Method>
        <Method Name="get_Street():System.String" CoveredStatements="1" TotalStatements="1" CoveragePercent="100">
          <Statement FileIndex="494" Line="7" Column="37" EndLine="7" EndColumn="41" Covered="True" />
        </Method>
        <Method Name="set_City(System.String):System.Void" CoveredStatements="1" TotalStatements="1" CoveragePercent="100">
          <Statement FileIndex="494" Line="9" Column="40" EndLine="9" EndColumn="45" Covered="True" />
        </Method>
        <Method Name="set_Country(System.String):System.Void" CoveredStatements="1" TotalStatements="1" CoveragePercent="100">
          <Statement FileIndex="494" Line="11" Column="43" EndLine="11" EndColumn="48" Covered="True" />
        </Method>
        <Method Name="set_Id(System.String):System.Void" CoveredStatements="1" TotalStatements="1" CoveragePercent="100">
          <Statement FileIndex="494" Line="5" Column="38" EndLine="5" EndColumn="43" Covered="True" />
        </Method>
        <Method Name="set_Street(System.String):System.Void" CoveredStatements="1" TotalStatements="1" CoveragePercent="100">
          <Statement FileIndex="494" Line="7" Column="42" EndLine="7" EndColumn="47" Covered="True" />
        </Method>
      </Type>
      <Type Name="Buyer" CoveredStatements="8" TotalStatements="8" CoveragePercent="100">
        <Method Name="get_Email():System.String" CoveredStatements="1" TotalStatements="1" CoveragePercent="100">
          <Statement FileIndex="495" Line="11" Column="36" EndLine="11" EndColumn="40" Covered="True" />
        </Method>
        <Method Name="get_Id():System.String" CoveredStatements="1" TotalStatements="1" CoveragePercent="100">
          <Statement FileIndex="495" Line="7" Column="33" EndLine="7" EndColumn="37" Covered="True" />
        </Method>
        <Method Name="get_Name():System.String" CoveredStatements="1" TotalStatements="1" CoveragePercent="100">
          <Statement FileIndex="495" Line="9" Column="35" EndLine="9" EndColumn="39" Covered="True" />
        </Method>
        <Method Name="get_Orders():System.Collections.Generic.IEnumerable&lt;CoffeeSpace.Domain.Ordering.Orders.Order&gt;" CoveredStatements="1" TotalStatements="1" CoveragePercent="100">
          <Statement FileIndex="495" Line="13" Column="41" EndLine="13" EndColumn="45" Covered="True" />
        </Method>
        <Method Name="set_Email(System.String):System.Void" CoveredStatements="1" TotalStatements="1" CoveragePercent="100">
          <Statement FileIndex="495" Line="11" Column="41" EndLine="11" EndColumn="46" Covered="True" />
        </Method>
        <Method Name="set_Id(System.String):System.Void" CoveredStatements="1" TotalStatements="1" CoveragePercent="100">
          <Statement FileIndex="495" Line="7" Column="38" EndLine="7" EndColumn="43" Covered="True" />
        </Method>
        <Method Name="set_Name(System.String):System.Void" CoveredStatements="1" TotalStatements="1" CoveragePercent="100">
          <Statement FileIndex="495" Line="9" Column="40" EndLine="9" EndColumn="45" Covered="True" />
        </Method>
        <Method Name="set_Orders(System.Collections.Generic.IEnumerable&lt;CoffeeSpace.Domain.Ordering.Orders.Order&gt;):System.Void" CoveredStatements="1" TotalStatements="1" CoveragePercent="100">
          <Statement FileIndex="495" Line="13" Column="46" EndLine="13" EndColumn="51" Covered="True" />
        </Method>
      </Type>
    </Namespace>
    <Namespace Name="CoffeeSpace.Domain.Ordering.BuyerInfo.CardInfo" CoveredStatements="12" TotalStatements="12" CoveragePercent="100">
      <Type Name="PaymentInfo" CoveredStatements="12" TotalStatements="12" CoveragePercent="100">
        <Method Name="get_CardNumber():System.String" CoveredStatements="1" TotalStatements="1" CoveragePercent="100">
          <Statement FileIndex="497" Line="7" Column="41" EndLine="7" EndColumn="45" Covered="True" />
        </Method>
        <Method Name="get_CardType():CoffeeSpace.Domain.Ordering.BuyerInfo.CardInfo.CardType" CoveredStatements="1" TotalStatements="1" CoveragePercent="100">
          <Statement FileIndex="497" Line="15" Column="41" EndLine="15" EndColumn="45" Covered="True" />
        </Method>
        <Method Name="get_ExpirationMonth():System.Int32" CoveredStatements="1" TotalStatements="1" CoveragePercent="100">
          <Statement FileIndex="497" Line="11" Column="43" EndLine="11" EndColumn="47" Covered="True" />
        </Method>
        <Method Name="get_ExpirationYear():System.Int32" CoveredStatements="1" TotalStatements="1" CoveragePercent="100">
          <Statement FileIndex="497" Line="13" Column="42" EndLine="13" EndColumn="46" Covered="True" />
        </Method>
        <Method Name="get_Id():System.String" CoveredStatements="1" TotalStatements="1" CoveragePercent="100">
          <Statement FileIndex="497" Line="5" Column="33" EndLine="5" EndColumn="37" Covered="True" />
        </Method>
        <Method Name="get_SecurityNumber():System.String" CoveredStatements="1" TotalStatements="1" CoveragePercent="100">
          <Statement FileIndex="497" Line="9" Column="45" EndLine="9" EndColumn="49" Covered="True" />
        </Method>
        <Method Name="set_CardNumber(System.String):System.Void" CoveredStatements="1" TotalStatements="1" CoveragePercent="100">
          <Statement FileIndex="497" Line="7" Column="46" EndLine="7" EndColumn="51" Covered="True" />
        </Method>
        <Method Name="set_CardType(CoffeeSpace.Domain.Ordering.BuyerInfo.CardInfo.CardType):System.Void" CoveredStatements="1" TotalStatements="1" CoveragePercent="100">
          <Statement FileIndex="497" Line="15" Column="46" EndLine="15" EndColumn="51" Covered="True" />
        </Method>
        <Method Name="set_ExpirationMonth(System.Int32):System.Void" CoveredStatements="1" TotalStatements="1" CoveragePercent="100">
          <Statement FileIndex="497" Line="11" Column="48" EndLine="11" EndColumn="53" Covered="True" />
        </Method>
        <Method Name="set_ExpirationYear(System.Int32):System.Void" CoveredStatements="1" TotalStatements="1" CoveragePercent="100">
          <Statement FileIndex="497" Line="13" Column="47" EndLine="13" EndColumn="52" Covered="True" />
        </Method>
        <Method Name="set_Id(System.String):System.Void" CoveredStatements="1" TotalStatements="1" CoveragePercent="100">
          <Statement FileIndex="497" Line="5" Column="38" EndLine="5" EndColumn="43" Covered="True" />
        </Method>
        <Method Name="set_SecurityNumber(System.String):System.Void" CoveredStatements="1" TotalStatements="1" CoveragePercent="100">
          <Statement FileIndex="497" Line="9" Column="50" EndLine="9" EndColumn="55" Covered="True" />
        </Method>
      </Type>
    </Namespace>
    <Namespace Name="CoffeeSpace.Domain.Ordering.Orders" CoveredStatements="26" TotalStatements="26" CoveragePercent="100">
      <Type Name="Order" CoveredStatements="12" TotalStatements="12" CoveragePercent="100">
        <Method Name="get_Address():CoffeeSpace.Domain.Ordering.BuyerInfo.Address" CoveredStatements="1" TotalStatements="1" CoveragePercent="100">
          <Statement FileIndex="498" Line="14" Column="39" EndLine="14" EndColumn="43" Covered="True" />
        </Method>
        <Method Name="get_BuyerId():System.String" CoveredStatements="1" TotalStatements="1" CoveragePercent="100">
          <Statement FileIndex="498" Line="12" Column="38" EndLine="12" EndColumn="42" Covered="True" />
        </Method>
        <Method Name="get_Id():System.String" CoveredStatements="1" TotalStatements="1" CoveragePercent="100">
          <Statement FileIndex="498" Line="8" Column="33" EndLine="8" EndColumn="37" Covered="True" />
        </Method>
        <Method Name="get_OrderItems():System.Collections.Generic.IEnumerable&lt;CoffeeSpace.Domain.Ordering.Orders.OrderItem&gt;" CoveredStatements="1" TotalStatements="1" CoveragePercent="100">
          <Statement FileIndex="498" Line="18" Column="57" EndLine="18" EndColumn="61" Covered="True" />
        </Method>
        <Method Name="get_PaymentInfo():CoffeeSpace.Domain.Ordering.BuyerInfo.CardInfo.PaymentInfo" CoveredStatements="1" TotalStatements="1" CoveragePercent="100">
          <Statement FileIndex="498" Line="16" Column="47" EndLine="16" EndColumn="51" Covered="True" />
        </Method>
        <Method Name="get_Status():CoffeeSpace.Domain.Ordering.Orders.OrderStatus" CoveredStatements="1" TotalStatements="1" CoveragePercent="100">
          <Statement FileIndex="498" Line="10" Column="42" EndLine="10" EndColumn="46" Covered="True" />
        </Method>
        <Method Name="set_Address(CoffeeSpace.Domain.Ordering.BuyerInfo.Address):System.Void" CoveredStatements="1" TotalStatements="1" CoveragePercent="100">
          <Statement FileIndex="498" Line="14" Column="44" EndLine="14" EndColumn="49" Covered="True" />
        </Method>
        <Method Name="set_BuyerId(System.String):System.Void" CoveredStatements="1" TotalStatements="1" CoveragePercent="100">
          <Statement FileIndex="498" Line="12" Column="43" EndLine="12" EndColumn="48" Covered="True" />
        </Method>
        <Method Name="set_Id(System.String):System.Void" CoveredStatements="1" TotalStatements="1" CoveragePercent="100">
          <Statement FileIndex="498" Line="8" Column="38" EndLine="8" EndColumn="43" Covered="True" />
        </Method>
        <Method Name="set_OrderItems(System.Collections.Generic.IEnumerable&lt;CoffeeSpace.Domain.Ordering.Orders.OrderItem&gt;):System.Void" CoveredStatements="1" TotalStatements="1" CoveragePercent="100">
          <Statement FileIndex="498" Line="18" Column="62" EndLine="18" EndColumn="67" Covered="True" />
        </Method>
        <Method Name="set_PaymentInfo(CoffeeSpace.Domain.Ordering.BuyerInfo.CardInfo.PaymentInfo):System.Void" CoveredStatements="1" TotalStatements="1" CoveragePercent="100">
          <Statement FileIndex="498" Line="16" Column="52" EndLine="16" EndColumn="57" Covered="True" />
        </Method>
        <Method Name="set_Status(CoffeeSpace.Domain.Ordering.Orders.OrderStatus):System.Void" CoveredStatements="1" TotalStatements="1" CoveragePercent="100">
          <Statement FileIndex="498" Line="10" Column="47" EndLine="10" EndColumn="52" Covered="True" />
        </Method>
      </Type>
      <Type Name="OrderItem" CoveredStatements="14" TotalStatements="14" CoveragePercent="100">
        <Method Name=".ctor():System.Void" CoveredStatements="1" TotalStatements="1" CoveragePercent="100">
          <Statement FileIndex="499" Line="5" Column="39" EndLine="5" EndColumn="64" Covered="True" />
        </Method>
        <Method Name="get_Description():System.String" CoveredStatements="1" TotalStatements="1" CoveragePercent="100">
          <Statement FileIndex="499" Line="9" Column="42" EndLine="9" EndColumn="46" Covered="True" />
        </Method>
        <Method Name="get_Discount():System.Single" CoveredStatements="1" TotalStatements="1" CoveragePercent="100">
          <Statement FileIndex="499" Line="15" Column="38" EndLine="15" EndColumn="42" Covered="True" />
        </Method>
        <Method Name="get_Id():System.String" CoveredStatements="1" TotalStatements="1" CoveragePercent="100">
          <Statement FileIndex="499" Line="5" Column="24" EndLine="5" EndColumn="28" Covered="True" />
        </Method>
        <Method Name="get_Quantity():System.Int32" CoveredStatements="1" TotalStatements="1" CoveragePercent="100">
          <Statement FileIndex="499" Line="13" Column="36" EndLine="13" EndColumn="40" Covered="True" />
        </Method>
        <Method Name="get_Title():System.String" CoveredStatements="1" TotalStatements="1" CoveragePercent="100">
          <Statement FileIndex="499" Line="7" Column="36" EndLine="7" EndColumn="40" Covered="True" />
        </Method>
        <Method Name="get_Total():System.Single" CoveredStatements="1" TotalStatements="1" CoveragePercent="100">
          <Statement FileIndex="499" Line="17" Column="27" EndLine="17" EndColumn="47" Covered="True" />
        </Method>
        <Method Name="get_UnitPrice():System.Single" CoveredStatements="1" TotalStatements="1" CoveragePercent="100">
          <Statement FileIndex="499" Line="11" Column="39" EndLine="11" EndColumn="43" Covered="True" />
        </Method>
        <Method Name="set_Description(System.String):System.Void" CoveredStatements="1" TotalStatements="1" CoveragePercent="100">
          <Statement FileIndex="499" Line="9" Column="47" EndLine="9" EndColumn="52" Covered="True" />
        </Method>
        <Method Name="set_Discount(System.Single):System.Void" CoveredStatements="1" TotalStatements="1" CoveragePercent="100">
          <Statement FileIndex="499" Line="15" Column="43" EndLine="15" EndColumn="48" Covered="True" />
        </Method>
        <Method Name="set_Id(System.String):System.Void" CoveredStatements="1" TotalStatements="1" CoveragePercent="100">
          <Statement FileIndex="499" Line="5" Column="29" EndLine="5" EndColumn="34" Covered="True" />
        </Method>
        <Method Name="set_Quantity(System.Int32):System.Void" CoveredStatements="1" TotalStatements="1" CoveragePercent="100">
          <Statement FileIndex="499" Line="13" Column="41" EndLine="13" EndColumn="45" Covered="True" />
        </Method>
        <Method Name="set_Title(System.String):System.Void" CoveredStatements="1" TotalStatements="1" CoveragePercent="100">
          <Statement FileIndex="499" Line="7" Column="41" EndLine="7" EndColumn="46" Covered="True" />
        </Method>
        <Method Name="set_UnitPrice(System.Single):System.Void" CoveredStatements="1" TotalStatements="1" CoveragePercent="100">
          <Statement FileIndex="499" Line="11" Column="44" EndLine="11" EndColumn="49" Covered="True" />
        </Method>
      </Type>
    </Namespace>
    <Namespace Name="CoffeeSpace.Domain.Products" CoveredStatements="13" TotalStatements="13" CoveragePercent="100">
      <Type Name="Product" CoveredStatements="13" TotalStatements="13" CoveragePercent="100">
        <Method Name="get_Description():System.String" CoveredStatements="1" TotalStatements="1" CoveragePercent="100">
          <Statement FileIndex="501" Line="9" Column="42" EndLine="9" EndColumn="46" Covered="True" />
        </Method>
        <Method Name="get_Discount():System.Single" CoveredStatements="1" TotalStatements="1" CoveragePercent="100">
          <Statement FileIndex="501" Line="13" Column="38" EndLine="13" EndColumn="42" Covered="True" />
        </Method>
        <Method Name="get_Id():System.String" CoveredStatements="1" TotalStatements="1" CoveragePercent="100">
          <Statement FileIndex="501" Line="5" Column="33" EndLine="5" EndColumn="37" Covered="True" />
        </Method>
        <Method Name="get_Quantity():System.Int32" CoveredStatements="1" TotalStatements="1" CoveragePercent="100">
          <Statement FileIndex="501" Line="15" Column="37" EndLine="15" EndColumn="41" Covered="True" />
        </Method>
        <Method Name="get_Title():System.String" CoveredStatements="1" TotalStatements="1" CoveragePercent="100">
          <Statement FileIndex="501" Line="7" Column="36" EndLine="7" EndColumn="40" Covered="True" />
        </Method>
        <Method Name="get_Total():System.Single" CoveredStatements="1" TotalStatements="1" CoveragePercent="100">
          <Statement FileIndex="501" Line="17" Column="27" EndLine="17" EndColumn="47" Covered="True" />
        </Method>
        <Method Name="get_UnitPrice():System.Single" CoveredStatements="1" TotalStatements="1" CoveragePercent="100">
          <Statement FileIndex="501" Line="11" Column="39" EndLine="11" EndColumn="43" Covered="True" />
        </Method>
        <Method Name="set_Description(System.String):System.Void" CoveredStatements="1" TotalStatements="1" CoveragePercent="100">
          <Statement FileIndex="501" Line="9" Column="47" EndLine="9" EndColumn="52" Covered="True" />
        </Method>
        <Method Name="set_Discount(System.Single):System.Void" CoveredStatements="1" TotalStatements="1" CoveragePercent="100">
          <Statement FileIndex="501" Line="13" Column="43" EndLine="13" EndColumn="48" Covered="True" />
        </Method>
        <Method Name="set_Id(System.String):System.Void" CoveredStatements="1" TotalStatements="1" CoveragePercent="100">
          <Statement FileIndex="501" Line="5" Column="38" EndLine="5" EndColumn="43" Covered="True" />
        </Method>
        <Method Name="set_Quantity(System.Int32):System.Void" CoveredStatements="1" TotalStatements="1" CoveragePercent="100">
          <Statement FileIndex="501" Line="15" Column="42" EndLine="15" EndColumn="47" Covered="True" />
        </Method>
        <Method Name="set_Title(System.String):System.Void" CoveredStatements="1" TotalStatements="1" CoveragePercent="100">
          <Statement FileIndex="501" Line="7" Column="41" EndLine="7" EndColumn="46" Covered="True" />
        </Method>
        <Method Name="set_UnitPrice(System.Single):System.Void" CoveredStatements="1" TotalStatements="1" CoveragePercent="100">
          <Statement FileIndex="501" Line="11" Column="44" EndLine="11" EndColumn="49" Covered="True" />
        </Method>
      </Type>
    </Namespace>
  </Assembly>
  <Assembly Name="CoffeeSpace.IdentityApi" CoveredStatements="201" TotalStatements="214" CoveragePercent="94">
    <Namespace Name="CoffeeSpace.IdentityApi.Application.Contracts.Requests.Login" CoveredStatements="4" TotalStatements="4" CoveragePercent="100">
      <Type Name="LoginRequest" CoveredStatements="4" TotalStatements="4" CoveragePercent="100">
        <Method Name="get_Password():System.String" CoveredStatements="1" TotalStatements="1" CoveragePercent="100">
          <Statement FileIndex="63" Line="7" Column="39" EndLine="7" EndColumn="43" Covered="True" />
        </Method>
        <Method Name="get_Username():System.String" CoveredStatements="1" TotalStatements="1" CoveragePercent="100">
          <Statement FileIndex="63" Line="5" Column="39" EndLine="5" EndColumn="43" Covered="True" />
        </Method>
        <Method Name="set_Password(System.String):System.Void" CoveredStatements="1" TotalStatements="1" CoveragePercent="100">
          <Statement FileIndex="63" Line="7" Column="44" EndLine="7" EndColumn="49" Covered="True" />
        </Method>
        <Method Name="set_Username(System.String):System.Void" CoveredStatements="1" TotalStatements="1" CoveragePercent="100">
          <Statement FileIndex="63" Line="5" Column="44" EndLine="5" EndColumn="49" Covered="True" />
        </Method>
      </Type>
    </Namespace>
    <Namespace Name="CoffeeSpace.IdentityApi.Application.Contracts.Requests.Register" CoveredStatements="10" TotalStatements="10" CoveragePercent="100">
      <Type Name="RegisterRequest" CoveredStatements="10" TotalStatements="10" CoveragePercent="100">
        <Method Name="get_Email():System.String" CoveredStatements="1" TotalStatements="1" CoveragePercent="100">
          <Statement FileIndex="64" Line="11" Column="36" EndLine="11" EndColumn="40" Covered="True" />
        </Method>
        <Method Name="get_LastName():System.String" CoveredStatements="1" TotalStatements="1" CoveragePercent="100">
          <Statement FileIndex="64" Line="7" Column="39" EndLine="7" EndColumn="43" Covered="True" />
        </Method>
        <Method Name="get_Name():System.String" CoveredStatements="1" TotalStatements="1" CoveragePercent="100">
          <Statement FileIndex="64" Line="5" Column="35" EndLine="5" EndColumn="39" Covered="True" />
        </Method>
        <Method Name="get_Password():System.String" CoveredStatements="1" TotalStatements="1" CoveragePercent="100">
          <Statement FileIndex="64" Line="13" Column="39" EndLine="13" EndColumn="43" Covered="True" />
        </Method>
        <Method Name="get_UserName():System.String" CoveredStatements="1" TotalStatements="1" CoveragePercent="100">
          <Statement FileIndex="64" Line="9" Column="39" EndLine="9" EndColumn="43" Covered="True" />
        </Method>
        <Method Name="set_Email(System.String):System.Void" CoveredStatements="1" TotalStatements="1" CoveragePercent="100">
          <Statement FileIndex="64" Line="11" Column="41" EndLine="11" EndColumn="46" Covered="True" />
        </Method>
        <Method Name="set_LastName(System.String):System.Void" CoveredStatements="1" TotalStatements="1" CoveragePercent="100">
          <Statement FileIndex="64" Line="7" Column="44" EndLine="7" EndColumn="49" Covered="True" />
        </Method>
        <Method Name="set_Name(System.String):System.Void" CoveredStatements="1" TotalStatements="1" CoveragePercent="100">
          <Statement FileIndex="64" Line="5" Column="40" EndLine="5" EndColumn="45" Covered="True" />
        </Method>
        <Method Name="set_Password(System.String):System.Void" CoveredStatements="1" TotalStatements="1" CoveragePercent="100">
          <Statement FileIndex="64" Line="13" Column="44" EndLine="13" EndColumn="49" Covered="True" />
        </Method>
        <Method Name="set_UserName(System.String):System.Void" CoveredStatements="1" TotalStatements="1" CoveragePercent="100">
          <Statement FileIndex="64" Line="9" Column="44" EndLine="9" EndColumn="49" Covered="True" />
        </Method>
      </Type>
    </Namespace>
    <Namespace Name="CoffeeSpace.IdentityApi.Application.Extensions" CoveredStatements="22" TotalStatements="22" CoveragePercent="100">
      <Type Name="ApiVersionExtensions" CoveredStatements="9" TotalStatements="9" CoveragePercent="100">
        <Type Name="&lt;&gt;c__DisplayClass0_0" CoveredStatements="6" TotalStatements="6" CoveragePercent="100">
          <Method Name="&lt;AddApiVersioning&gt;b__0(Asp.Versioning.ApiVersioningOptions):System.Void" CoveredStatements="6" TotalStatements="6" CoveragePercent="100">
            <Statement FileIndex="65" Line="10" Column="13" EndLine="10" EndColumn="14" Covered="True" />
            <Statement FileIndex="65" Line="11" Column="17" EndLine="11" EndColumn="45" Covered="True" />
            <Statement FileIndex="65" Line="12" Column="17" EndLine="12" EndColumn="59" Covered="True" />
            <Statement FileIndex="65" Line="13" Column="17" EndLine="13" EndColumn="44" Covered="True" />
            <Statement FileIndex="65" Line="14" Column="17" EndLine="14" EndColumn="78" Covered="True" />
            <Statement FileIndex="65" Line="15" Column="13" EndLine="15" EndColumn="14" Covered="True" />
          </Method>
        </Type>
        <Method Name="AddApiVersioning(Microsoft.Extensions.DependencyInjection.IServiceCollection,Asp.Versioning.IApiVersionReader,System.Boolean):Asp.Versioning.IApiVersioningBuilder" CoveredStatements="3" TotalStatements="3" CoveragePercent="100">
          <Statement FileIndex="65" Line="8" Column="5" EndLine="8" EndColumn="6" Covered="True" />
          <Statement FileIndex="65" Line="9" Column="9" EndLine="16" EndColumn="23" Covered="True" />
          <Statement FileIndex="65" Line="17" Column="5" EndLine="17" EndColumn="6" Covered="True" />
        </Method>
      </Type>
      <Type Name="HealthChecksExtensions" CoveredStatements="3" TotalStatements="3" CoveragePercent="100">
        <Method Name="AddServiceHealthChecks(Microsoft.Extensions.DependencyInjection.IServiceCollection,Microsoft.AspNetCore.Builder.WebApplicationBuilder):Microsoft.Extensions.DependencyInjection.IHealthChecksBuilder" CoveredStatements="3" TotalStatements="3" CoveragePercent="100">
          <Statement FileIndex="66" Line="6" Column="5" EndLine="6" EndColumn="6" Covered="True" />
          <Statement FileIndex="66" Line="7" Column="9" EndLine="9" EndColumn="112" Covered="True" />
          <Statement FileIndex="66" Line="10" Column="5" EndLine="10" EndColumn="6" Covered="True" />
        </Method>
      </Type>
      <Type Name="IdentityExtensions" CoveredStatements="10" TotalStatements="10" CoveragePercent="100">
        <Type Name="&lt;&gt;c__DisplayClass0_0" CoveredStatements="4" TotalStatements="4" CoveragePercent="100">
          <Method Name="&lt;AddIdentityConfiguration&gt;b__0(Microsoft.AspNetCore.Identity.IdentityOptions):System.Void" CoveredStatements="4" TotalStatements="4" CoveragePercent="100">
            <Statement FileIndex="67" Line="27" Column="13" EndLine="27" EndColumn="14" Covered="True" />
            <Statement FileIndex="67" Line="28" Column="17" EndLine="28" EndColumn="46" Covered="True" />
            <Statement FileIndex="67" Line="29" Column="17" EndLine="29" EndColumn="38" Covered="True" />
            <Statement FileIndex="67" Line="30" Column="13" EndLine="30" EndColumn="14" Covered="True" />
          </Method>
        </Type>
        <Method Name="AddIdentityConfiguration(Microsoft.Extensions.DependencyInjection.IServiceCollection,Microsoft.AspNetCore.Identity.PasswordOptions,Microsoft.AspNetCore.Identity.UserOptions):Microsoft.Extensions.DependencyInjection.IServiceCollection" CoveredStatements="6" TotalStatements="6" CoveragePercent="100">
          <Statement FileIndex="67" Line="11" Column="5" EndLine="11" EndColumn="6" Covered="True" />
          <Statement FileIndex="67" Line="12" Column="9" EndLine="19" EndColumn="11" Covered="True" />
          <Statement FileIndex="67" Line="21" Column="9" EndLine="24" EndColumn="11" Covered="True" />
          <Statement FileIndex="67" Line="26" Column="9" EndLine="32" EndColumn="41" Covered="True" />
          <Statement FileIndex="67" Line="34" Column="9" EndLine="34" EndColumn="25" Covered="True" />
          <Statement FileIndex="67" Line="35" Column="5" EndLine="35" EndColumn="6" Covered="True" />
        </Method>
      </Type>
    </Namespace>
    <Namespace Name="CoffeeSpace.IdentityApi.Application.Mapping" CoveredStatements="4" TotalStatements="4" CoveragePercent="100">
      <Type Name="ApplicationUserMappingProfile" CoveredStatements="4" TotalStatements="4" CoveragePercent="100">
        <Method Name="ToUser(CoffeeSpace.IdentityApi.Application.Contracts.Requests.Register.RegisterRequest):CoffeeSpace.IdentityApi.Application.Models.ApplicationUser" CoveredStatements="4" TotalStatements="4" CoveragePercent="100">
          <Statement FileIndex="97" Line="8" Column="9" EndLine="8" EndColumn="10" Covered="True" />
          <Statement FileIndex="97" Line="9" Column="13" EndLine="16" EndColumn="15" Covered="True" />
          <Statement FileIndex="97" Line="17" Column="13" EndLine="17" EndColumn="27" Covered="True" />
          <Statement FileIndex="97" Line="18" Column="9" EndLine="18" EndColumn="10" Covered="True" />
        </Method>
      </Type>
    </Namespace>
    <Namespace Name="CoffeeSpace.IdentityApi.Application.Messages.Commands" CoveredStatements="2" TotalStatements="2" CoveragePercent="100">
      <Type Name="RegisterUserCommand" CoveredStatements="2" TotalStatements="2" CoveragePercent="100">
        <Method Name="get_Request():CoffeeSpace.IdentityApi.Application.Contracts.Requests.Register.RegisterRequest" CoveredStatements="1" TotalStatements="1" CoveragePercent="100">
          <Statement FileIndex="71" Line="8" Column="47" EndLine="8" EndColumn="51" Covered="True" />
        </Method>
        <Method Name="set_Request(CoffeeSpace.IdentityApi.Application.Contracts.Requests.Register.RegisterRequest):System.Void" CoveredStatements="1" TotalStatements="1" CoveragePercent="100">
          <Statement FileIndex="71" Line="8" Column="52" EndLine="8" EndColumn="57" Covered="True" />
        </Method>
      </Type>
    </Namespace>
    <Namespace Name="CoffeeSpace.IdentityApi.Application.Messages.Commands.Handlers" CoveredStatements="9" TotalStatements="9" CoveragePercent="100">
      <Type Name="RegisterUserCommandHandler" CoveredStatements="9" TotalStatements="9" CoveragePercent="100">
        <Type Name="&lt;Handle&gt;d__2" CoveredStatements="5" TotalStatements="5" CoveragePercent="100">
          <Method Name="MoveNext():System.Void" CoveredStatements="5" TotalStatements="5" CoveragePercent="100">
            <Statement FileIndex="70" Line="18" Column="5" EndLine="18" EndColumn="6" Covered="True" />
            <Statement FileIndex="70" Line="19" Column="9" EndLine="19" EndColumn="45" Covered="True" />
            <Statement FileIndex="70" Line="20" Column="9" EndLine="20" EndColumn="82" Covered="True" />
            <Statement FileIndex="70" Line="22" Column="9" EndLine="22" EndColumn="25" Covered="True" />
            <Statement FileIndex="70" Line="23" Column="5" EndLine="23" EndColumn="6" Covered="True" />
          </Method>
        </Type>
        <Method Name=".ctor(CoffeeSpace.IdentityApi.Application.Services.Abstractions.IAuthService&lt;CoffeeSpace.IdentityApi.Application.Models.ApplicationUser&gt;):System.Void" CoveredStatements="4" TotalStatements="4" CoveragePercent="100">
          <Statement FileIndex="70" Line="12" Column="5" EndLine="12" EndColumn="81" Covered="True" />
          <Statement FileIndex="70" Line="13" Column="5" EndLine="13" EndColumn="6" Covered="True" />
          <Statement FileIndex="70" Line="14" Column="9" EndLine="14" EndColumn="36" Covered="True" />
          <Statement FileIndex="70" Line="15" Column="5" EndLine="15" EndColumn="6" Covered="True" />
        </Method>
      </Type>
    </Namespace>
    <Namespace Name="CoffeeSpace.IdentityApi.Application.Messages.Consumers" CoveredStatements="25" TotalStatements="25" CoveragePercent="100">
      <Type Name="DeleteBuyerConsumer" CoveredStatements="12" TotalStatements="12" CoveragePercent="100">
        <Type Name="&lt;Consume&gt;d__2" CoveredStatements="8" TotalStatements="8" CoveragePercent="100">
          <Method Name="MoveNext():System.Void" CoveredStatements="8" TotalStatements="8" CoveragePercent="100">
            <Statement FileIndex="72" Line="18" Column="5" EndLine="18" EndColumn="6" Covered="True" />
            <Statement FileIndex="72" Line="19" Column="9" EndLine="19" EndColumn="79" Covered="True" />
            <Statement FileIndex="72" Line="20" Column="9" EndLine="20" EndColumn="30" Covered="True" />
            <Statement FileIndex="72" Line="21" Column="9" EndLine="21" EndColumn="10" Covered="True" />
            <Statement FileIndex="72" Line="22" Column="13" EndLine="22" EndColumn="50" Covered="True" />
            <Statement FileIndex="72" Line="23" Column="13" EndLine="23" EndColumn="119" Covered="True" />
            <Statement FileIndex="72" Line="24" Column="9" EndLine="24" EndColumn="10" Covered="True" />
            <Statement FileIndex="72" Line="25" Column="5" EndLine="25" EndColumn="6" Covered="True" />
          </Method>
        </Type>
        <Method Name=".ctor(Microsoft.AspNetCore.Identity.UserManager&lt;CoffeeSpace.IdentityApi.Application.Models.ApplicationUser&gt;):System.Void" CoveredStatements="4" TotalStatements="4" CoveragePercent="100">
          <Statement FileIndex="72" Line="12" Column="5" EndLine="12" EndColumn="73" Covered="True" />
          <Statement FileIndex="72" Line="13" Column="5" EndLine="13" EndColumn="6" Covered="True" />
          <Statement FileIndex="72" Line="14" Column="9" EndLine="14" EndColumn="36" Covered="True" />
          <Statement FileIndex="72" Line="15" Column="5" EndLine="15" EndColumn="6" Covered="True" />
        </Method>
      </Type>
      <Type Name="UpdateBuyerConsumer" CoveredStatements="13" TotalStatements="13" CoveragePercent="100">
        <Type Name="&lt;Consume&gt;d__2" CoveredStatements="9" TotalStatements="9" CoveragePercent="100">
          <Method Name="MoveNext():System.Void" CoveredStatements="9" TotalStatements="9" CoveragePercent="100">
            <Statement FileIndex="73" Line="18" Column="5" EndLine="18" EndColumn="6" Covered="True" />
            <Statement FileIndex="73" Line="19" Column="9" EndLine="19" EndColumn="85" Covered="True" />
            <Statement FileIndex="73" Line="20" Column="9" EndLine="20" EndColumn="30" Covered="True" />
            <Statement FileIndex="73" Line="21" Column="9" EndLine="21" EndColumn="10" Covered="True" />
            <Statement FileIndex="73" Line="22" Column="13" EndLine="22" EndColumn="81" Covered="True" />
            <Statement FileIndex="73" Line="23" Column="13" EndLine="23" EndColumn="83" Covered="True" />
            <Statement FileIndex="73" Line="25" Column="13" EndLine="25" EndColumn="108" Covered="True" />
            <Statement FileIndex="73" Line="26" Column="9" EndLine="26" EndColumn="10" Covered="True" />
            <Statement FileIndex="73" Line="27" Column="5" EndLine="27" EndColumn="6" Covered="True" />
          </Method>
        </Type>
        <Method Name=".ctor(Microsoft.AspNetCore.Identity.UserManager&lt;CoffeeSpace.IdentityApi.Application.Models.ApplicationUser&gt;):System.Void" CoveredStatements="4" TotalStatements="4" CoveragePercent="100">
          <Statement FileIndex="73" Line="12" Column="5" EndLine="12" EndColumn="73" Covered="True" />
          <Statement FileIndex="73" Line="13" Column="5" EndLine="13" EndColumn="6" Covered="True" />
          <Statement FileIndex="73" Line="14" Column="9" EndLine="14" EndColumn="36" Covered="True" />
          <Statement FileIndex="73" Line="15" Column="5" EndLine="15" EndColumn="6" Covered="True" />
        </Method>
      </Type>
    </Namespace>
    <Namespace Name="CoffeeSpace.IdentityApi.Application.Messages.Queries" CoveredStatements="2" TotalStatements="2" CoveragePercent="100">
      <Type Name="LoginUserQuery" CoveredStatements="2" TotalStatements="2" CoveragePercent="100">
        <Method Name="get_Request():CoffeeSpace.IdentityApi.Application.Contracts.Requests.Login.LoginRequest" CoveredStatements="1" TotalStatements="1" CoveragePercent="100">
          <Statement FileIndex="75" Line="8" Column="44" EndLine="8" EndColumn="48" Covered="True" />
        </Method>
        <Method Name="set_Request(CoffeeSpace.IdentityApi.Application.Contracts.Requests.Login.LoginRequest):System.Void" CoveredStatements="1" TotalStatements="1" CoveragePercent="100">
          <Statement FileIndex="75" Line="8" Column="49" EndLine="8" EndColumn="54" Covered="True" />
        </Method>
      </Type>
    </Namespace>
    <Namespace Name="CoffeeSpace.IdentityApi.Application.Messages.Queries.Handlers" CoveredStatements="9" TotalStatements="9" CoveragePercent="100">
      <Type Name="LoginUserQueryHandler" CoveredStatements="9" TotalStatements="9" CoveragePercent="100">
        <Type Name="&lt;Handle&gt;d__2" CoveredStatements="5" TotalStatements="5" CoveragePercent="100">
          <Method Name="MoveNext():System.Void" CoveredStatements="5" TotalStatements="5" CoveragePercent="100">
            <Statement FileIndex="74" Line="17" Column="5" EndLine="17" EndColumn="6" Covered="True" />
            <Statement FileIndex="74" Line="18" Column="9" EndLine="18" EndColumn="37" Covered="True" />
            <Statement FileIndex="74" Line="19" Column="9" EndLine="19" EndColumn="106" Covered="True" />
            <Statement FileIndex="74" Line="21" Column="9" EndLine="21" EndColumn="22" Covered="True" />
            <Statement FileIndex="74" Line="22" Column="5" EndLine="22" EndColumn="6" Covered="True" />
          </Method>
        </Type>
        <Method Name=".ctor(CoffeeSpace.IdentityApi.Application.Services.Abstractions.IAuthService&lt;CoffeeSpace.IdentityApi.Application.Models.ApplicationUser&gt;):System.Void" CoveredStatements="4" TotalStatements="4" CoveragePercent="100">
          <Statement FileIndex="74" Line="11" Column="5" EndLine="11" EndColumn="76" Covered="True" />
          <Statement FileIndex="74" Line="12" Column="5" EndLine="12" EndColumn="6" Covered="True" />
          <Statement FileIndex="74" Line="13" Column="9" EndLine="13" EndColumn="36" Covered="True" />
          <Statement FileIndex="74" Line="14" Column="5" EndLine="14" EndColumn="6" Covered="True" />
        </Method>
      </Type>
    </Namespace>
    <Namespace Name="CoffeeSpace.IdentityApi.Application.Models" CoveredStatements="8" TotalStatements="10" CoveragePercent="80">
      <Type Name="ApplicationUser" CoveredStatements="8" TotalStatements="10" CoveragePercent="80">
        <Method Name="get_Email():System.String" CoveredStatements="1" TotalStatements="1" CoveragePercent="100">
          <Statement FileIndex="76" Line="13" Column="46" EndLine="13" EndColumn="50" Covered="True" />
        </Method>
        <Method Name="get_LastName():System.String" CoveredStatements="0" TotalStatements="1" CoveragePercent="0">
          <Statement FileIndex="76" Line="9" Column="39" EndLine="9" EndColumn="43" Covered="False" />
        </Method>
        <Method Name="get_Name():System.String" CoveredStatements="0" TotalStatements="1" CoveragePercent="0">
          <Statement FileIndex="76" Line="7" Column="35" EndLine="7" EndColumn="39" Covered="False" />
        </Method>
        <Method Name="get_Password():System.String" CoveredStatements="1" TotalStatements="1" CoveragePercent="100">
          <Statement FileIndex="76" Line="15" Column="39" EndLine="15" EndColumn="43" Covered="True" />
        </Method>
        <Method Name="get_UserName():System.String" CoveredStatements="1" TotalStatements="1" CoveragePercent="100">
          <Statement FileIndex="76" Line="11" Column="49" EndLine="11" EndColumn="53" Covered="True" />
        </Method>
        <Method Name="set_Email(System.String):System.Void" CoveredStatements="1" TotalStatements="1" CoveragePercent="100">
          <Statement FileIndex="76" Line="13" Column="51" EndLine="13" EndColumn="55" Covered="True" />
        </Method>
        <Method Name="set_LastName(System.String):System.Void" CoveredStatements="1" TotalStatements="1" CoveragePercent="100">
          <Statement FileIndex="76" Line="9" Column="44" EndLine="9" EndColumn="49" Covered="True" />
        </Method>
        <Method Name="set_Name(System.String):System.Void" CoveredStatements="1" TotalStatements="1" CoveragePercent="100">
          <Statement FileIndex="76" Line="7" Column="40" EndLine="7" EndColumn="45" Covered="True" />
        </Method>
        <Method Name="set_Password(System.String):System.Void" CoveredStatements="1" TotalStatements="1" CoveragePercent="100">
          <Statement FileIndex="76" Line="15" Column="44" EndLine="15" EndColumn="49" Covered="True" />
        </Method>
        <Method Name="set_UserName(System.String):System.Void" CoveredStatements="1" TotalStatements="1" CoveragePercent="100">
          <Statement FileIndex="76" Line="11" Column="54" EndLine="11" EndColumn="58" Covered="True" />
        </Method>
      </Type>
    </Namespace>
    <Namespace Name="CoffeeSpace.IdentityApi.Application.Services" CoveredStatements="54" TotalStatements="54" CoveragePercent="100">
      <Type Name="AuthService" CoveredStatements="38" TotalStatements="38" CoveragePercent="100">
        <Type Name="&lt;LoginAsync&gt;d__7" CoveredStatements="10" TotalStatements="10" CoveragePercent="100">
          <Method Name="MoveNext():System.Void" CoveredStatements="10" TotalStatements="10" CoveragePercent="100">
            <Statement FileIndex="79" Line="60" Column="5" EndLine="60" EndColumn="6" Covered="True" />
            <Statement FileIndex="79" Line="61" Column="9" EndLine="61" EndColumn="103" Covered="True" />
            <Statement FileIndex="79" Line="62" Column="9" EndLine="62" EndColumn="37" Covered="True" />
            <Statement FileIndex="79" Line="63" Column="9" EndLine="63" EndColumn="10" Covered="True" />
            <Statement FileIndex="79" Line="64" Column="13" EndLine="64" EndColumn="197" Covered="True" />
            <Statement FileIndex="79" Line="65" Column="13" EndLine="65" EndColumn="25" Covered="True" />
            <Statement FileIndex="79" Line="68" Column="9" EndLine="68" EndColumn="90" Covered="True" />
            <Statement FileIndex="79" Line="69" Column="9" EndLine="69" EndColumn="96" Covered="True" />
            <Statement FileIndex="79" Line="71" Column="9" EndLine="71" EndColumn="22" Covered="True" />
            <Statement FileIndex="79" Line="72" Column="5" EndLine="72" EndColumn="6" Covered="True" />
          </Method>
        </Type>
        <Type Name="&lt;RegisterAsync&gt;d__5" CoveredStatements="18" TotalStatements="18" CoveragePercent="100">
          <Method Name="MoveNext():System.Void" CoveredStatements="18" TotalStatements="18" CoveragePercent="100">
            <Statement FileIndex="79" Line="25" Column="5" EndLine="25" EndColumn="6" Covered="True" />
            <Statement FileIndex="79" Line="26" Column="9" EndLine="26" EndColumn="88" Covered="True" />
            <Statement FileIndex="79" Line="27" Column="9" EndLine="27" EndColumn="31" Covered="True" />
            <Statement FileIndex="79" Line="28" Column="9" EndLine="28" EndColumn="10" Covered="True" />
            <Statement FileIndex="79" Line="29" Column="13" EndLine="29" EndColumn="148" Covered="True" />
            <Statement FileIndex="79" Line="30" Column="13" EndLine="30" EndColumn="25" Covered="True" />
            <Statement FileIndex="79" Line="33" Column="9" EndLine="33" EndColumn="116" Covered="True" />
            <Statement FileIndex="79" Line="34" Column="9" EndLine="34" EndColumn="39" Covered="True" />
            <Statement FileIndex="79" Line="35" Column="9" EndLine="35" EndColumn="10" Covered="True" />
            <Statement FileIndex="79" Line="36" Column="13" EndLine="36" EndColumn="204" Covered="True" />
            <Statement FileIndex="79" Line="37" Column="13" EndLine="37" EndColumn="25" Covered="True" />
            <Statement FileIndex="79" Line="40" Column="9" EndLine="40" EndColumn="105" Covered="True" />
            <Statement FileIndex="79" Line="41" Column="9" EndLine="45" EndColumn="31" Covered="True" />
            <Statement FileIndex="79" Line="47" Column="9" EndLine="47" EndColumn="74" Covered="True" />
            <Statement FileIndex="79" Line="48" Column="9" EndLine="48" EndColumn="78" Covered="True" />
            <Statement FileIndex="79" Line="50" Column="9" EndLine="50" EndColumn="84" Covered="True" />
            <Statement FileIndex="79" Line="51" Column="9" EndLine="51" EndColumn="22" Covered="True" />
            <Statement FileIndex="79" Line="52" Column="5" EndLine="52" EndColumn="6" Covered="True" />
          </Method>
        </Type>
        <Method Name=".ctor(Microsoft.AspNetCore.Identity.SignInManager&lt;CoffeeSpace.IdentityApi.Application.Models.ApplicationUser&gt;,CoffeeSpace.IdentityApi.Application.Services.Abstractions.ITokenWriter&lt;CoffeeSpace.IdentityApi.Application.Models.ApplicationUser&gt;,MassTransit.ISendEndpointProvider):System.Void" CoveredStatements="7" TotalStatements="7" CoveragePercent="100">
          <Statement FileIndex="79" Line="16" Column="5" EndLine="16" EndColumn="152" Covered="True" />
          <Statement FileIndex="79" Line="17" Column="5" EndLine="17" EndColumn="6" Covered="True" />
          <Statement FileIndex="79" Line="18" Column="9" EndLine="18" EndColumn="40" Covered="True" />
          <Statement FileIndex="79" Line="19" Column="9" EndLine="19" EndColumn="36" Covered="True" />
          <Statement FileIndex="79" Line="20" Column="9" EndLine="20" EndColumn="46" Covered="True" />
          <Statement FileIndex="79" Line="21" Column="9" EndLine="21" EndColumn="40" Covered="True" />
          <Statement FileIndex="79" Line="22" Column="5" EndLine="22" EndColumn="6" Covered="True" />
        </Method>
        <Method Name="LoginAsync(CoffeeSpace.IdentityApi.Application.Models.ApplicationUser,System.Threading.CancellationToken):System.Threading.Tasks.Task&lt;System.String&gt;" CoveredStatements="3" TotalStatements="3" CoveragePercent="100">
          <Statement FileIndex="79" Line="55" Column="5" EndLine="55" EndColumn="6" Covered="True" />
          <Statement FileIndex="79" Line="56" Column="9" EndLine="56" EndColumn="77" Covered="True" />
          <Statement FileIndex="79" Line="57" Column="5" EndLine="57" EndColumn="6" Covered="True" />
        </Method>
      </Type>
      <Type Name="TokenWriter" CoveredStatements="16" TotalStatements="16" CoveragePercent="100">
        <Type Name="&lt;WriteTokenAsync&gt;d__3" CoveredStatements="5" TotalStatements="5" CoveragePercent="100">
          <Method Name="MoveNext():System.Void" CoveredStatements="5" TotalStatements="5" CoveragePercent="100">
            <Statement FileIndex="80" Line="25" Column="5" EndLine="25" EndColumn="6" Covered="True" />
            <Statement FileIndex="80" Line="26" Column="9" EndLine="26" EndColumn="73" Covered="True" />
            <Statement FileIndex="80" Line="27" Column="9" EndLine="27" EndColumn="82" Covered="True" />
            <Statement FileIndex="80" Line="29" Column="9" EndLine="29" EndColumn="22" Covered="True" />
            <Statement FileIndex="80" Line="30" Column="5" EndLine="30" EndColumn="6" Covered="True" />
          </Method>
        </Type>
        <Method Name=".ctor(Microsoft.Extensions.Options.IOptions&lt;CoffeeSpace.Core.Settings.JwtSettings&gt;,Microsoft.AspNetCore.Identity.IUserClaimsPrincipalFactory&lt;CoffeeSpace.IdentityApi.Application.Models.ApplicationUser&gt;):System.Void" CoveredStatements="5" TotalStatements="5" CoveragePercent="100">
          <Statement FileIndex="80" Line="18" Column="5" EndLine="18" EndColumn="121" Covered="True" />
          <Statement FileIndex="80" Line="19" Column="5" EndLine="19" EndColumn="6" Covered="True" />
          <Statement FileIndex="80" Line="20" Column="9" EndLine="20" EndColumn="46" Covered="True" />
          <Statement FileIndex="80" Line="21" Column="9" EndLine="21" EndColumn="42" Covered="True" />
          <Statement FileIndex="80" Line="22" Column="5" EndLine="22" EndColumn="6" Covered="True" />
        </Method>
        <Method Name="WriteTokenAsync(System.Security.Claims.ClaimsPrincipal,System.Threading.CancellationToken):System.Threading.Tasks.Task&lt;System.String&gt;" CoveredStatements="6" TotalStatements="6" CoveragePercent="100">
          <Statement FileIndex="80" Line="33" Column="5" EndLine="33" EndColumn="6" Covered="True" />
          <Statement FileIndex="80" Line="34" Column="9" EndLine="34" EndColumn="95" Covered="True" />
          <Statement FileIndex="80" Line="35" Column="9" EndLine="35" EndColumn="104" Covered="True" />
          <Statement FileIndex="80" Line="36" Column="9" EndLine="42" EndColumn="26" Covered="True" />
          <Statement FileIndex="80" Line="44" Column="9" EndLine="44" EndColumn="92" Covered="True" />
          <Statement FileIndex="80" Line="45" Column="5" EndLine="45" EndColumn="6" Covered="True" />
        </Method>
      </Type>
    </Namespace>
    <Namespace Name="CoffeeSpace.IdentityApi.Application.Validators" CoveredStatements="13" TotalStatements="13" CoveragePercent="100">
      <Type Name="LoginRequestValidator" CoveredStatements="5" TotalStatements="5" CoveragePercent="100">
        <Method Name=".ctor():System.Void" CoveredStatements="5" TotalStatements="5" CoveragePercent="100">
          <Statement FileIndex="81" Line="8" Column="5" EndLine="8" EndColumn="35" Covered="True" />
          <Statement FileIndex="81" Line="9" Column="5" EndLine="9" EndColumn="6" Covered="True" />
          <Statement FileIndex="81" Line="10" Column="9" EndLine="12" EndColumn="24" Covered="True" />
          <Statement FileIndex="81" Line="14" Column="9" EndLine="17" EndColumn="105" Covered="True" />
          <Statement FileIndex="81" Line="18" Column="5" EndLine="18" EndColumn="6" Covered="True" />
        </Method>
      </Type>
      <Type Name="RegisterRequestValidator" CoveredStatements="8" TotalStatements="8" CoveragePercent="100">
        <Method Name=".ctor():System.Void" CoveredStatements="8" TotalStatements="8" CoveragePercent="100">
          <Statement FileIndex="82" Line="8" Column="5" EndLine="8" EndColumn="38" Covered="True" />
          <Statement FileIndex="82" Line="9" Column="5" EndLine="9" EndColumn="6" Covered="True" />
          <Statement FileIndex="82" Line="10" Column="9" EndLine="12" EndColumn="24" Covered="True" />
          <Statement FileIndex="82" Line="14" Column="9" EndLine="16" EndColumn="24" Covered="True" />
          <Statement FileIndex="82" Line="18" Column="9" EndLine="20" EndColumn="24" Covered="True" />
          <Statement FileIndex="82" Line="22" Column="9" EndLine="25" EndColumn="29" Covered="True" />
          <Statement FileIndex="82" Line="27" Column="9" EndLine="30" EndColumn="106" Covered="True" />
          <Statement FileIndex="82" Line="31" Column="5" EndLine="31" EndColumn="6" Covered="True" />
        </Method>
      </Type>
    </Namespace>
    <Namespace Name="CoffeeSpace.IdentityApi.Controllers" CoveredStatements="12" TotalStatements="12" CoveragePercent="100">
      <Type Name="AuthController" CoveredStatements="12" TotalStatements="12" CoveragePercent="100">
        <Type Name="&lt;LoginAsync&gt;d__3" CoveredStatements="4" TotalStatements="4" CoveragePercent="100">
          <Method Name="MoveNext():System.Void" CoveredStatements="4" TotalStatements="4" CoveragePercent="100">
            <Statement FileIndex="83" Line="38" Column="5" EndLine="38" EndColumn="6" Covered="True" />
            <Statement FileIndex="83" Line="39" Column="9" EndLine="42" EndColumn="31" Covered="True" />
            <Statement FileIndex="83" Line="44" Column="9" EndLine="46" EndColumn="61" Covered="True" />
            <Statement FileIndex="83" Line="47" Column="5" EndLine="47" EndColumn="6" Covered="True" />
          </Method>
        </Type>
        <Type Name="&lt;RegisterAsync&gt;d__2" CoveredStatements="4" TotalStatements="4" CoveragePercent="100">
          <Method Name="MoveNext():System.Void" CoveredStatements="4" TotalStatements="4" CoveragePercent="100">
            <Statement FileIndex="83" Line="25" Column="5" EndLine="25" EndColumn="6" Covered="True" />
            <Statement FileIndex="83" Line="26" Column="9" EndLine="29" EndColumn="31" Covered="True" />
            <Statement FileIndex="83" Line="31" Column="9" EndLine="33" EndColumn="28" Covered="True" />
            <Statement FileIndex="83" Line="34" Column="5" EndLine="34" EndColumn="6" Covered="True" />
          </Method>
        </Type>
        <Method Name=".ctor(Mediator.ISender):System.Void" CoveredStatements="4" TotalStatements="4" CoveragePercent="100">
          <Statement FileIndex="83" Line="18" Column="5" EndLine="18" EndColumn="42" Covered="True" />
          <Statement FileIndex="83" Line="19" Column="5" EndLine="19" EndColumn="6" Covered="True" />
          <Statement FileIndex="83" Line="20" Column="9" EndLine="20" EndColumn="26" Covered="True" />
          <Statement FileIndex="83" Line="21" Column="5" EndLine="21" EndColumn="6" Covered="True" />
        </Method>
      </Type>
    </Namespace>
    <Type Name="Program" CoveredStatements="27" TotalStatements="38" CoveragePercent="71">
      <Type Name="&lt;&gt;c" CoveredStatements="7" TotalStatements="14" CoveragePercent="50">
        <Method Name="&lt;&lt;Main&gt;$&gt;b__0_0(Microsoft.Extensions.Hosting.HostBuilderContext,Serilog.LoggerConfiguration):System.Void" CoveredStatements="1" TotalStatements="1" CoveragePercent="100">
          <Statement FileIndex="89" Line="19" Column="5" EndLine="19" EndColumn="64" Covered="True" />
        </Method>
        <Method Name="&lt;&lt;Main&gt;$&gt;b__0_1(MassTransit.IBusRegistrationConfigurator):System.Void" CoveredStatements="6" TotalStatements="6" CoveragePercent="100">
          <Statement FileIndex="89" Line="44" Column="1" EndLine="44" EndColumn="2" Covered="True" />
          <Statement FileIndex="89" Line="45" Column="5" EndLine="45" EndColumn="43" Covered="True" />
          <Statement FileIndex="89" Line="47" Column="5" EndLine="47" EndColumn="42" Covered="True" />
          <Statement FileIndex="89" Line="48" Column="5" EndLine="48" EndColumn="42" Covered="True" />
          <Statement FileIndex="89" Line="50" Column="5" EndLine="63" EndColumn="8" Covered="True" />
          <Statement FileIndex="89" Line="64" Column="1" EndLine="64" EndColumn="2" Covered="True" />
        </Method>
        <Method Name="&lt;&lt;Main&gt;$&gt;b__0_2(MassTransit.IBusRegistrationContext,MassTransit.IAmazonSqsBusFactoryConfigurator):System.Void" CoveredStatements="0" TotalStatements="7" CoveragePercent="0">
          <Statement FileIndex="89" Line="51" Column="5" EndLine="51" EndColumn="6" Covered="False" />
          <Statement FileIndex="89" Line="52" Column="9" EndLine="52" EndColumn="94" Covered="False" />
          <Statement FileIndex="89" Line="53" Column="9" EndLine="57" EndColumn="12" Covered="False" />
          <Statement FileIndex="89" Line="59" Column="9" EndLine="59" EndColumn="44" Covered="False" />
          <Statement FileIndex="89" Line="61" Column="9" EndLine="61" EndColumn="46" Covered="False" />
          <Statement FileIndex="89" Line="62" Column="9" EndLine="62" EndColumn="48" Covered="False" />
          <Statement FileIndex="89" Line="63" Column="5" EndLine="63" EndColumn="6" Covered="False" />
        </Method>
      </Type>
      <Type Name="&lt;&gt;c__DisplayClass0_0" CoveredStatements="0" TotalStatements="4" CoveragePercent="0">
        <Method Name="&lt;&lt;Main&gt;$&gt;b__3(MassTransit.IAmazonSqsHostConfigurator):System.Void" CoveredStatements="0" TotalStatements="4" CoveragePercent="0">
          <Statement FileIndex="89" Line="54" Column="9" EndLine="54" EndColumn="10" Covered="False" />
          <Statement FileIndex="89" Line="55" Column="13" EndLine="55" EndColumn="57" Covered="False" />
          <Statement FileIndex="89" Line="56" Column="13" EndLine="56" EndColumn="57" Covered="False" />
          <Statement FileIndex="89" Line="57" Column="9" EndLine="57" EndColumn="10" Covered="False" />
        </Method>
      </Type>
      <Method Name="&lt;Main&gt;$(System.String[]):System.Void" CoveredStatements="20" TotalStatements="20" CoveragePercent="100">
        <Statement FileIndex="89" Line="16" Column="1" EndLine="16" EndColumn="50" Covered="True" />
        <Statement FileIndex="89" Line="18" Column="1" EndLine="19" EndColumn="66" Covered="True" />
        <Statement FileIndex="89" Line="21" Column="1" EndLine="21" EndColumn="42" Covered="True" />
        <Statement FileIndex="89" Line="23" Column="1" EndLine="23" EndColumn="35" Covered="True" />
        <Statement FileIndex="89" Line="24" Column="1" EndLine="24" EndColumn="32" Covered="True" />
        <Statement FileIndex="89" Line="26" Column="1" EndLine="26" EndColumn="81" Covered="True" />
        <Statement FileIndex="89" Line="27" Column="1" EndLine="27" EndColumn="117" Covered="True" />
        <Statement FileIndex="89" Line="29" Column="1" EndLine="29" EndColumn="73" Covered="True" />
        <Statement FileIndex="89" Line="30" Column="1" EndLine="30" EndColumn="73" Covered="True" />
        <Statement FileIndex="89" Line="32" Column="1" EndLine="34" EndColumn="24" Covered="True" />
        <Statement FileIndex="89" Line="36" Column="1" EndLine="38" EndColumn="24" Covered="True" />
        <Statement FileIndex="89" Line="40" Column="1" EndLine="41" EndColumn="120" Covered="True" />
        <Statement FileIndex="89" Line="43" Column="1" EndLine="64" EndColumn="4" Covered="True" />
        <Statement FileIndex="89" Line="66" Column="1" EndLine="66" EndColumn="45" Covered="True" />
        <Statement FileIndex="89" Line="67" Column="1" EndLine="67" EndColumn="50" Covered="True" />
        <Statement FileIndex="89" Line="69" Column="1" EndLine="69" EndColumn="27" Covered="True" />
        <Statement FileIndex="89" Line="71" Column="1" EndLine="71" EndColumn="32" Covered="True" />
        <Statement FileIndex="89" Line="72" Column="1" EndLine="72" EndColumn="33" Covered="True" />
        <Statement FileIndex="89" Line="74" Column="1" EndLine="74" EndColumn="22" Covered="True" />
        <Statement FileIndex="89" Line="76" Column="1" EndLine="76" EndColumn="11" Covered="True" />
      </Method>
    </Type>
  </Assembly>
  <Assembly Name="CoffeeSpace.IdentityApi.Tests" CoveredStatements="200" TotalStatements="204" CoveragePercent="98">
    <Namespace Name="CoffeeSpace.IdentityApi.Tests.Consumers" CoveredStatements="55" TotalStatements="55" CoveragePercent="100">
      <Type Name="DeleteBuyerConsumerTests" CoveredStatements="27" TotalStatements="27" CoveragePercent="100">
        <Type Name="&lt;&gt;c" CoveredStatements="1" TotalStatements="1" CoveragePercent="100">
          <Method Name="&lt;.ctor&gt;b__4_1(MassTransit.IBusRegistrationConfigurator):System.Void" CoveredStatements="1" TotalStatements="1" CoveragePercent="100">
            <Statement FileIndex="259" Line="33" Column="50" EndLine="33" EndColumn="91" Covered="True" />
          </Method>
        </Type>
        <Type Name="&lt;Consume_ShouldConsumeMessages_AndDeleteBuyer&gt;d__5" CoveredStatements="10" TotalStatements="10" CoveragePercent="100">
          <Method Name="MoveNext():System.Void" CoveredStatements="10" TotalStatements="10" CoveragePercent="100">
            <Statement FileIndex="259" Line="42" Column="5" EndLine="42" EndColumn="6" Covered="True" />
            <Statement FileIndex="259" Line="44" Column="9" EndLine="44" EndColumn="63" Covered="True" />
            <Statement FileIndex="259" Line="45" Column="9" EndLine="45" EndColumn="54" Covered="True" />
            <Statement FileIndex="259" Line="46" Column="9" EndLine="46" EndColumn="94" Covered="True" />
            <Statement FileIndex="259" Line="48" Column="9" EndLine="49" EndColumn="36" Covered="True" />
            <Statement FileIndex="259" Line="52" Column="9" EndLine="52" EndColumn="46" Covered="True" />
            <Statement FileIndex="259" Line="55" Column="9" EndLine="55" EndColumn="83" Covered="True" />
            <Statement FileIndex="259" Line="56" Column="9" EndLine="56" EndColumn="39" Covered="True" />
            <Statement FileIndex="259" Line="58" Column="9" EndLine="58" EndColumn="65" Covered="True" />
            <Statement FileIndex="259" Line="59" Column="5" EndLine="59" EndColumn="6" Covered="True" />
          </Method>
        </Type>
        <Type Name="&lt;DisposeAsync&gt;d__7" CoveredStatements="3" TotalStatements="3" CoveragePercent="100">
          <Method Name="MoveNext():System.Void" CoveredStatements="3" TotalStatements="3" CoveragePercent="100">
            <Statement FileIndex="259" Line="67" Column="5" EndLine="67" EndColumn="6" Covered="True" />
            <Statement FileIndex="259" Line="68" Column="9" EndLine="68" EndColumn="35" Covered="True" />
            <Statement FileIndex="259" Line="69" Column="5" EndLine="69" EndColumn="6" Covered="True" />
          </Method>
        </Type>
        <Type Name="&lt;InitializeAsync&gt;d__6" CoveredStatements="3" TotalStatements="3" CoveragePercent="100">
          <Method Name="MoveNext():System.Void" CoveredStatements="3" TotalStatements="3" CoveragePercent="100">
            <Statement FileIndex="259" Line="62" Column="5" EndLine="62" EndColumn="6" Covered="True" />
            <Statement FileIndex="259" Line="63" Column="9" EndLine="63" EndColumn="36" Covered="True" />
            <Statement FileIndex="259" Line="64" Column="5" EndLine="64" EndColumn="6" Covered="True" />
          </Method>
        </Type>
        <Method Name=".ctor():System.Void" CoveredStatements="9" TotalStatements="9" CoveragePercent="100">
          <Statement FileIndex="259" Line="23" Column="5" EndLine="23" EndColumn="38" Covered="True" />
          <Statement FileIndex="259" Line="24" Column="5" EndLine="24" EndColumn="6" Covered="True" />
          <Statement FileIndex="259" Line="25" Column="9" EndLine="25" EndColumn="34" Covered="True" />
          <Statement FileIndex="259" Line="26" Column="9" EndLine="26" EndColumn="64" Covered="True" />
          <Statement FileIndex="259" Line="28" Column="9" EndLine="29" EndColumn="108" Covered="True" />
          <Statement FileIndex="259" Line="31" Column="9" EndLine="34" EndColumn="41" Covered="True" />
          <Statement FileIndex="259" Line="36" Column="9" EndLine="36" EndColumn="57" Covered="True" />
          <Statement FileIndex="259" Line="37" Column="9" EndLine="37" EndColumn="87" Covered="True" />
          <Statement FileIndex="259" Line="38" Column="5" EndLine="38" EndColumn="6" Covered="True" />
        </Method>
        <Method Name="&lt;.ctor&gt;b__4_0(System.IServiceProvider):Microsoft.AspNetCore.Identity.UserManager&lt;CoffeeSpace.IdentityApi.Application.Models.ApplicationUser&gt;" CoveredStatements="1" TotalStatements="1" CoveragePercent="100">
          <Statement FileIndex="259" Line="32" Column="59" EndLine="32" EndColumn="71" Covered="True" />
        </Method>
      </Type>
      <Type Name="UpdateBuyerConsumerTests" CoveredStatements="28" TotalStatements="28" CoveragePercent="100">
        <Type Name="&lt;&gt;c" CoveredStatements="1" TotalStatements="1" CoveragePercent="100">
          <Method Name="&lt;.ctor&gt;b__4_1(MassTransit.IBusRegistrationConfigurator):System.Void" CoveredStatements="1" TotalStatements="1" CoveragePercent="100">
            <Statement FileIndex="260" Line="33" Column="50" EndLine="33" EndColumn="91" Covered="True" />
          </Method>
        </Type>
        <Type Name="&lt;Consume_ShouldConsumeMessages_AndUpdateBuyer&gt;d__5" CoveredStatements="11" TotalStatements="11" CoveragePercent="100">
          <Method Name="MoveNext():System.Void" CoveredStatements="11" TotalStatements="11" CoveragePercent="100">
            <Statement FileIndex="260" Line="42" Column="5" EndLine="42" EndColumn="6" Covered="True" />
            <Statement FileIndex="260" Line="44" Column="9" EndLine="44" EndColumn="63" Covered="True" />
            <Statement FileIndex="260" Line="45" Column="9" EndLine="45" EndColumn="54" Covered="True" />
            <Statement FileIndex="260" Line="46" Column="9" EndLine="46" EndColumn="94" Covered="True" />
            <Statement FileIndex="260" Line="48" Column="9" EndLine="49" EndColumn="36" Covered="True" />
            <Statement FileIndex="260" Line="52" Column="9" EndLine="52" EndColumn="46" Covered="True" />
            <Statement FileIndex="260" Line="55" Column="9" EndLine="55" EndColumn="83" Covered="True" />
            <Statement FileIndex="260" Line="56" Column="9" EndLine="56" EndColumn="39" Covered="True" />
            <Statement FileIndex="260" Line="58" Column="9" EndLine="58" EndColumn="88" Covered="True" />
            <Statement FileIndex="260" Line="59" Column="9" EndLine="59" EndColumn="90" Covered="True" />
            <Statement FileIndex="260" Line="60" Column="5" EndLine="60" EndColumn="6" Covered="True" />
          </Method>
        </Type>
        <Type Name="&lt;DisposeAsync&gt;d__7" CoveredStatements="3" TotalStatements="3" CoveragePercent="100">
          <Method Name="MoveNext():System.Void" CoveredStatements="3" TotalStatements="3" CoveragePercent="100">
            <Statement FileIndex="260" Line="68" Column="5" EndLine="68" EndColumn="6" Covered="True" />
            <Statement FileIndex="260" Line="69" Column="9" EndLine="69" EndColumn="35" Covered="True" />
            <Statement FileIndex="260" Line="70" Column="5" EndLine="70" EndColumn="6" Covered="True" />
          </Method>
        </Type>
        <Type Name="&lt;InitializeAsync&gt;d__6" CoveredStatements="3" TotalStatements="3" CoveragePercent="100">
          <Method Name="MoveNext():System.Void" CoveredStatements="3" TotalStatements="3" CoveragePercent="100">
            <Statement FileIndex="260" Line="63" Column="5" EndLine="63" EndColumn="6" Covered="True" />
            <Statement FileIndex="260" Line="64" Column="9" EndLine="64" EndColumn="36" Covered="True" />
            <Statement FileIndex="260" Line="65" Column="5" EndLine="65" EndColumn="6" Covered="True" />
          </Method>
        </Type>
        <Method Name=".ctor():System.Void" CoveredStatements="9" TotalStatements="9" CoveragePercent="100">
          <Statement FileIndex="260" Line="23" Column="5" EndLine="23" EndColumn="38" Covered="True" />
          <Statement FileIndex="260" Line="24" Column="5" EndLine="24" EndColumn="6" Covered="True" />
          <Statement FileIndex="260" Line="25" Column="9" EndLine="25" EndColumn="34" Covered="True" />
          <Statement FileIndex="260" Line="26" Column="9" EndLine="26" EndColumn="64" Covered="True" />
          <Statement FileIndex="260" Line="28" Column="9" EndLine="29" EndColumn="108" Covered="True" />
          <Statement FileIndex="260" Line="31" Column="9" EndLine="34" EndColumn="41" Covered="True" />
          <Statement FileIndex="260" Line="36" Column="9" EndLine="36" EndColumn="57" Covered="True" />
          <Statement FileIndex="260" Line="37" Column="9" EndLine="37" EndColumn="87" Covered="True" />
          <Statement FileIndex="260" Line="38" Column="5" EndLine="38" EndColumn="6" Covered="True" />
        </Method>
        <Method Name="&lt;.ctor&gt;b__4_0(System.IServiceProvider):Microsoft.AspNetCore.Identity.UserManager&lt;CoffeeSpace.IdentityApi.Application.Models.ApplicationUser&gt;" CoveredStatements="1" TotalStatements="1" CoveragePercent="100">
          <Statement FileIndex="260" Line="32" Column="59" EndLine="32" EndColumn="71" Covered="True" />
        </Method>
      </Type>
    </Namespace>
    <Namespace Name="CoffeeSpace.IdentityApi.Tests.Services" CoveredStatements="90" TotalStatements="94" CoveragePercent="96">
      <Type Name="AuthServiceTests" CoveredStatements="64" TotalStatements="68" CoveragePercent="94">
        <Type Name="&lt;&gt;c" CoveredStatements="0" TotalStatements="4" CoveragePercent="0">
          <Method Name="&lt;GetSignInManagerMock&gt;b__7_0(NSubstitute.Core.CallInfo):System.Security.Claims.ClaimsPrincipal" CoveredStatements="0" TotalStatements="4" CoveragePercent="0">
            <Statement FileIndex="261" Line="58" Column="13" EndLine="58" EndColumn="14" Covered="False" />
            <Statement FileIndex="261" Line="59" Column="17" EndLine="59" EndColumn="60" Covered="False" />
            <Statement FileIndex="261" Line="60" Column="17" EndLine="65" EndColumn="29" Covered="False" />
            <Statement FileIndex="261" Line="66" Column="13" EndLine="66" EndColumn="14" Covered="False" />
          </Method>
        </Type>
        <Type Name="&lt;LoginAsync_ShouldReturnNull_WhenLoginFailsOnSignIn&gt;d__13" CoveredStatements="6" TotalStatements="6" CoveragePercent="100">
          <Method Name="MoveNext():System.Void" CoveredStatements="6" TotalStatements="6" CoveragePercent="100">
            <Statement FileIndex="261" Line="171" Column="5" EndLine="171" EndColumn="6" Covered="True" />
            <Statement FileIndex="261" Line="173" Column="9" EndLine="173" EndColumn="55" Covered="True" />
            <Statement FileIndex="261" Line="175" Column="9" EndLine="176" EndColumn="43" Covered="True" />
            <Statement FileIndex="261" Line="179" Column="9" EndLine="179" EndColumn="85" Covered="True" />
            <Statement FileIndex="261" Line="182" Column="9" EndLine="182" EndColumn="33" Covered="True" />
            <Statement FileIndex="261" Line="183" Column="5" EndLine="183" EndColumn="6" Covered="True" />
          </Method>
        </Type>
        <Type Name="&lt;LoginAsync_ShouldReturnToken_WhenLoginSucceeds&gt;d__12" CoveredStatements="9" TotalStatements="9" CoveragePercent="100">
          <Method Name="MoveNext():System.Void" CoveredStatements="9" TotalStatements="9" CoveragePercent="100">
            <Statement FileIndex="261" Line="148" Column="5" EndLine="148" EndColumn="6" Covered="True" />
            <Statement FileIndex="261" Line="150" Column="9" EndLine="150" EndColumn="55" Covered="True" />
            <Statement FileIndex="261" Line="151" Column="9" EndLine="151" EndColumn="58" Covered="True" />
            <Statement FileIndex="261" Line="153" Column="9" EndLine="154" EndColumn="44" Covered="True" />
            <Statement FileIndex="261" Line="156" Column="9" EndLine="157" EndColumn="28" Covered="True" />
            <Statement FileIndex="261" Line="159" Column="9" EndLine="160" EndColumn="37" Covered="True" />
            <Statement FileIndex="261" Line="163" Column="9" EndLine="163" EndColumn="85" Covered="True" />
            <Statement FileIndex="261" Line="166" Column="9" EndLine="166" EndColumn="54" Covered="True" />
            <Statement FileIndex="261" Line="167" Column="5" EndLine="167" EndColumn="6" Covered="True" />
          </Method>
        </Type>
        <Type Name="&lt;RegisterAsync_ShouldReturnNull_WhenRegisterFailsOnPasswordSignIn&gt;d__10" CoveredStatements="8" TotalStatements="8" CoveragePercent="100">
          <Method Name="MoveNext():System.Void" CoveredStatements="8" TotalStatements="8" CoveragePercent="100">
            <Statement FileIndex="261" Line="111" Column="5" EndLine="111" EndColumn="6" Covered="True" />
            <Statement FileIndex="261" Line="113" Column="9" EndLine="113" EndColumn="55" Covered="True" />
            <Statement FileIndex="261" Line="115" Column="9" EndLine="116" EndColumn="46" Covered="True" />
            <Statement FileIndex="261" Line="118" Column="9" EndLine="119" EndColumn="43" Covered="True" />
            <Statement FileIndex="261" Line="122" Column="9" EndLine="122" EndColumn="91" Covered="True" />
            <Statement FileIndex="261" Line="125" Column="9" EndLine="125" EndColumn="36" Covered="True" />
            <Statement FileIndex="261" Line="126" Column="9" EndLine="126" EndColumn="81" Covered="True" />
            <Statement FileIndex="261" Line="127" Column="5" EndLine="127" EndColumn="6" Covered="True" />
          </Method>
        </Type>
        <Type Name="&lt;RegisterAsync_ShouldReturnNull_WhenRegisterFailsOnUserCreation&gt;d__11" CoveredStatements="7" TotalStatements="7" CoveragePercent="100">
          <Method Name="MoveNext():System.Void" CoveredStatements="7" TotalStatements="7" CoveragePercent="100">
            <Statement FileIndex="261" Line="131" Column="5" EndLine="131" EndColumn="6" Covered="True" />
            <Statement FileIndex="261" Line="133" Column="9" EndLine="133" EndColumn="55" Covered="True" />
            <Statement FileIndex="261" Line="135" Column="9" EndLine="136" EndColumn="47" Covered="True" />
            <Statement FileIndex="261" Line="139" Column="9" EndLine="139" EndColumn="91" Covered="True" />
            <Statement FileIndex="261" Line="142" Column="9" EndLine="142" EndColumn="36" Covered="True" />
            <Statement FileIndex="261" Line="143" Column="9" EndLine="143" EndColumn="81" Covered="True" />
            <Statement FileIndex="261" Line="144" Column="5" EndLine="144" EndColumn="6" Covered="True" />
          </Method>
        </Type>
        <Type Name="&lt;RegisterAsync_ShouldReturnToken_WhenRegisterSucceeds&gt;d__9" CoveredStatements="10" TotalStatements="10" CoveragePercent="100">
          <Method Name="MoveNext():System.Void" CoveredStatements="10" TotalStatements="10" CoveragePercent="100">
            <Statement FileIndex="261" Line="85" Column="5" EndLine="85" EndColumn="6" Covered="True" />
            <Statement FileIndex="261" Line="87" Column="9" EndLine="87" EndColumn="55" Covered="True" />
            <Statement FileIndex="261" Line="88" Column="9" EndLine="88" EndColumn="58" Covered="True" />
            <Statement FileIndex="261" Line="90" Column="9" EndLine="91" EndColumn="46" Covered="True" />
            <Statement FileIndex="261" Line="93" Column="9" EndLine="94" EndColumn="44" Covered="True" />
            <Statement FileIndex="261" Line="96" Column="9" EndLine="97" EndColumn="58" Covered="True" />
            <Statement FileIndex="261" Line="99" Column="9" EndLine="100" EndColumn="37" Covered="True" />
            <Statement FileIndex="261" Line="103" Column="9" EndLine="103" EndColumn="91" Covered="True" />
            <Statement FileIndex="261" Line="106" Column="9" EndLine="106" EndColumn="57" Covered="True" />
            <Statement FileIndex="261" Line="107" Column="5" EndLine="107" EndColumn="6" Covered="True" />
          </Method>
        </Type>
        <Method Name=".ctor():System.Void" CoveredStatements="10" TotalStatements="10" CoveragePercent="100">
          <Statement FileIndex="261" Line="26" Column="5" EndLine="26" EndColumn="30" Covered="True" />
          <Statement FileIndex="261" Line="27" Column="5" EndLine="27" EndColumn="6" Covered="True" />
          <Statement FileIndex="261" Line="28" Column="9" EndLine="28" EndColumn="34" Covered="True" />
          <Statement FileIndex="261" Line="29" Column="9" EndLine="29" EndColumn="64" Covered="True" />
          <Statement FileIndex="261" Line="31" Column="9" EndLine="31" EndColumn="45" Covered="True" />
          <Statement FileIndex="261" Line="32" Column="9" EndLine="32" EndColumn="61" Covered="True" />
          <Statement FileIndex="261" Line="34" Column="9" EndLine="34" EndColumn="73" Covered="True" />
          <Statement FileIndex="261" Line="35" Column="9" EndLine="35" EndColumn="70" Covered="True" />
          <Statement FileIndex="261" Line="37" Column="9" EndLine="37" EndColumn="89" Covered="True" />
          <Statement FileIndex="261" Line="38" Column="5" EndLine="38" EndColumn="6" Covered="True" />
        </Method>
        <Method Name="GetSignInManagerMock(Microsoft.AspNetCore.Identity.UserManager&lt;CoffeeSpace.IdentityApi.Application.Models.ApplicationUser&gt;):Microsoft.AspNetCore.Identity.SignInManager&lt;CoffeeSpace.IdentityApi.Application.Models.ApplicationUser&gt;" CoveredStatements="9" TotalStatements="9" CoveragePercent="100">
          <Statement FileIndex="261" Line="41" Column="5" EndLine="41" EndColumn="6" Covered="True" />
          <Statement FileIndex="261" Line="42" Column="9" EndLine="49" EndColumn="11" Covered="True" />
          <Statement FileIndex="261" Line="51" Column="9" EndLine="51" EndColumn="78" Covered="True" />
          <Statement FileIndex="261" Line="52" Column="9" EndLine="53" EndColumn="35" Covered="True" />
          <Statement FileIndex="261" Line="55" Column="9" EndLine="55" EndColumn="96" Covered="True" />
          <Statement FileIndex="261" Line="56" Column="9" EndLine="66" EndColumn="16" Covered="True" />
          <Statement FileIndex="261" Line="68" Column="9" EndLine="69" EndColumn="56" Covered="True" />
          <Statement FileIndex="261" Line="71" Column="9" EndLine="71" EndColumn="34" Covered="True" />
          <Statement FileIndex="261" Line="72" Column="5" EndLine="72" EndColumn="6" Covered="True" />
        </Method>
        <Method Name="GetUserManagerMock():Microsoft.AspNetCore.Identity.UserManager&lt;CoffeeSpace.IdentityApi.Application.Models.ApplicationUser&gt;" CoveredStatements="5" TotalStatements="5" CoveragePercent="100">
          <Statement FileIndex="261" Line="75" Column="5" EndLine="75" EndColumn="6" Covered="True" />
          <Statement FileIndex="261" Line="76" Column="9" EndLine="76" EndColumn="75" Covered="True" />
          <Statement FileIndex="261" Line="77" Column="9" EndLine="78" EndColumn="121" Covered="True" />
          <Statement FileIndex="261" Line="80" Column="9" EndLine="80" EndColumn="32" Covered="True" />
          <Statement FileIndex="261" Line="81" Column="5" EndLine="81" EndColumn="6" Covered="True" />
        </Method>
      </Type>
      <Type Name="TokenWriterTests" CoveredStatements="26" TotalStatements="26" CoveragePercent="100">
        <Type Name="&lt;WriteTokenAsync_ReturnsValidJwtToken&gt;d__6" CoveredStatements="12" TotalStatements="12" CoveragePercent="100">
          <Method Name="MoveNext():System.Void" CoveredStatements="12" TotalStatements="12" CoveragePercent="100">
            <Statement FileIndex="262" Line="61" Column="5" EndLine="61" EndColumn="6" Covered="True" />
            <Statement FileIndex="262" Line="63" Column="9" EndLine="63" EndColumn="55" Covered="True" />
            <Statement FileIndex="262" Line="64" Column="9" EndLine="64" EndColumn="69" Covered="True" />
            <Statement FileIndex="262" Line="66" Column="9" EndLine="66" EndColumn="84" Covered="True" />
            <Statement FileIndex="262" Line="68" Column="9" EndLine="68" EndColumn="64" Covered="True" />
            <Statement FileIndex="262" Line="71" Column="9" EndLine="71" EndColumn="89" Covered="True" />
            <Statement FileIndex="262" Line="73" Column="9" EndLine="73" EndColumn="53" Covered="True" />
            <Statement FileIndex="262" Line="74" Column="9" EndLine="74" EndColumn="52" Covered="True" />
            <Statement FileIndex="262" Line="75" Column="9" EndLine="75" EndColumn="61" Covered="True" />
            <Statement FileIndex="262" Line="79" Column="9" EndLine="79" EndColumn="68" Covered="True" />
            <Statement FileIndex="262" Line="80" Column="9" EndLine="80" EndColumn="81" Covered="True" />
            <Statement FileIndex="262" Line="81" Column="5" EndLine="81" EndColumn="6" Covered="True" />
          </Method>
        </Type>
        <Method Name=".ctor():System.Void" CoveredStatements="7" TotalStatements="7" CoveragePercent="100">
          <Statement FileIndex="262" Line="26" Column="5" EndLine="26" EndColumn="30" Covered="True" />
          <Statement FileIndex="262" Line="27" Column="5" EndLine="27" EndColumn="6" Covered="True" />
          <Statement FileIndex="262" Line="28" Column="9" EndLine="28" EndColumn="34" Covered="True" />
          <Statement FileIndex="262" Line="30" Column="9" EndLine="30" EndColumn="102" Covered="True" />
          <Statement FileIndex="262" Line="31" Column="9" EndLine="37" EndColumn="12" Covered="True" />
          <Statement FileIndex="262" Line="39" Column="9" EndLine="39" EndColumn="83" Covered="True" />
          <Statement FileIndex="262" Line="40" Column="5" EndLine="40" EndColumn="6" Covered="True" />
        </Method>
        <Method Name="WriteToken(System.Security.Claims.ClaimsPrincipal):System.String" CoveredStatements="7" TotalStatements="7" CoveragePercent="100">
          <Statement FileIndex="262" Line="43" Column="5" EndLine="43" EndColumn="6" Covered="True" />
          <Statement FileIndex="262" Line="44" Column="9" EndLine="44" EndColumn="53" Covered="True" />
          <Statement FileIndex="262" Line="45" Column="9" EndLine="45" EndColumn="101" Covered="True" />
          <Statement FileIndex="262" Line="46" Column="9" EndLine="46" EndColumn="104" Covered="True" />
          <Statement FileIndex="262" Line="48" Column="9" EndLine="54" EndColumn="26" Covered="True" />
          <Statement FileIndex="262" Line="56" Column="9" EndLine="56" EndColumn="53" Covered="True" />
          <Statement FileIndex="262" Line="57" Column="5" EndLine="57" EndColumn="6" Covered="True" />
        </Method>
      </Type>
    </Namespace>
    <Namespace Name="CoffeeSpace.IdentityApi.Tests.Validators" CoveredStatements="55" TotalStatements="55" CoveragePercent="100">
      <Type Name="LoginRequestValidatorTests" CoveredStatements="20" TotalStatements="20" CoveragePercent="100">
        <Type Name="&lt;InvalidPassword_ShouldThrowValidationError&gt;d__4" CoveredStatements="5" TotalStatements="5" CoveragePercent="100">
          <Method Name="MoveNext():System.Void" CoveredStatements="5" TotalStatements="5" CoveragePercent="100">
            <Statement FileIndex="263" Line="43" Column="5" EndLine="43" EndColumn="6" Covered="True" />
            <Statement FileIndex="263" Line="45" Column="9" EndLine="47" EndColumn="23" Covered="True" />
            <Statement FileIndex="263" Line="50" Column="9" EndLine="50" EndColumn="78" Covered="True" />
            <Statement FileIndex="263" Line="53" Column="9" EndLine="53" EndColumn="84" Covered="True" />
            <Statement FileIndex="263" Line="54" Column="5" EndLine="54" EndColumn="6" Covered="True" />
          </Method>
        </Type>
        <Type Name="&lt;InvalidUsername_ShouldThrowValidationError&gt;d__3" CoveredStatements="5" TotalStatements="5" CoveragePercent="100">
          <Method Name="MoveNext():System.Void" CoveredStatements="5" TotalStatements="5" CoveragePercent="100">
            <Statement FileIndex="263" Line="25" Column="5" EndLine="25" EndColumn="6" Covered="True" />
            <Statement FileIndex="263" Line="27" Column="9" EndLine="29" EndColumn="23" Covered="True" />
            <Statement FileIndex="263" Line="32" Column="9" EndLine="32" EndColumn="78" Covered="True" />
            <Statement FileIndex="263" Line="35" Column="9" EndLine="35" EndColumn="84" Covered="True" />
            <Statement FileIndex="263" Line="36" Column="5" EndLine="36" EndColumn="6" Covered="True" />
          </Method>
        </Type>
        <Type Name="&lt;ValidProperties_ShouldNotThrowAnyValidationErrors&gt;d__5" CoveredStatements="5" TotalStatements="5" CoveragePercent="100">
          <Method Name="MoveNext():System.Void" CoveredStatements="5" TotalStatements="5" CoveragePercent="100">
            <Statement FileIndex="263" Line="60" Column="5" EndLine="60" EndColumn="6" Covered="True" />
            <Statement FileIndex="263" Line="62" Column="9" EndLine="65" EndColumn="23" Covered="True" />
            <Statement FileIndex="263" Line="68" Column="9" EndLine="68" EndColumn="78" Covered="True" />
            <Statement FileIndex="263" Line="71" Column="9" EndLine="71" EndColumn="51" Covered="True" />
            <Statement FileIndex="263" Line="72" Column="5" EndLine="72" EndColumn="6" Covered="True" />
          </Method>
        </Type>
        <Method Name=".ctor():System.Void" CoveredStatements="5" TotalStatements="5" CoveragePercent="100">
          <Statement FileIndex="263" Line="14" Column="5" EndLine="14" EndColumn="40" Covered="True" />
          <Statement FileIndex="263" Line="15" Column="5" EndLine="15" EndColumn="6" Covered="True" />
          <Statement FileIndex="263" Line="16" Column="9" EndLine="16" EndColumn="62" Covered="True" />
          <Statement FileIndex="263" Line="17" Column="9" EndLine="17" EndColumn="34" Covered="True" />
          <Statement FileIndex="263" Line="18" Column="5" EndLine="18" EndColumn="6" Covered="True" />
        </Method>
      </Type>
      <Type Name="RegisterRequestValidatorTests" CoveredStatements="35" TotalStatements="35" CoveragePercent="100">
        <Type Name="&lt;InvalidEmail_ShouldThrowValidationError&gt;d__6" CoveredStatements="5" TotalStatements="5" CoveragePercent="100">
          <Method Name="MoveNext():System.Void" CoveredStatements="5" TotalStatements="5" CoveragePercent="100">
            <Statement FileIndex="264" Line="80" Column="5" EndLine="80" EndColumn="6" Covered="True" />
            <Statement FileIndex="264" Line="82" Column="9" EndLine="84" EndColumn="23" Covered="True" />
            <Statement FileIndex="264" Line="87" Column="9" EndLine="87" EndColumn="81" Covered="True" />
            <Statement FileIndex="264" Line="90" Column="9" EndLine="90" EndColumn="87" Covered="True" />
            <Statement FileIndex="264" Line="91" Column="5" EndLine="91" EndColumn="6" Covered="True" />
          </Method>
        </Type>
        <Type Name="&lt;InvalidLastName_ShouldThrowValidationError&gt;d__4" CoveredStatements="5" TotalStatements="5" CoveragePercent="100">
          <Method Name="MoveNext():System.Void" CoveredStatements="5" TotalStatements="5" CoveragePercent="100">
            <Statement FileIndex="264" Line="43" Column="5" EndLine="43" EndColumn="6" Covered="True" />
            <Statement FileIndex="264" Line="45" Column="9" EndLine="47" EndColumn="23" Covered="True" />
            <Statement FileIndex="264" Line="50" Column="9" EndLine="50" EndColumn="81" Covered="True" />
            <Statement FileIndex="264" Line="53" Column="9" EndLine="53" EndColumn="90" Covered="True" />
            <Statement FileIndex="264" Line="54" Column="5" EndLine="54" EndColumn="6" Covered="True" />
          </Method>
        </Type>
        <Type Name="&lt;InvalidName_ShouldThrowValidationError&gt;d__3" CoveredStatements="5" TotalStatements="5" CoveragePercent="100">
          <Method Name="MoveNext():System.Void" CoveredStatements="5" TotalStatements="5" CoveragePercent="100">
            <Statement FileIndex="264" Line="25" Column="5" EndLine="25" EndColumn="6" Covered="True" />
            <Statement FileIndex="264" Line="27" Column="9" EndLine="29" EndColumn="23" Covered="True" />
            <Statement FileIndex="264" Line="32" Column="9" EndLine="32" EndColumn="81" Covered="True" />
            <Statement FileIndex="264" Line="35" Column="9" EndLine="35" EndColumn="86" Covered="True" />
            <Statement FileIndex="264" Line="36" Column="5" EndLine="36" EndColumn="6" Covered="True" />
          </Method>
        </Type>
        <Type Name="&lt;InvalidPassword_ShouldThrowValidationError&gt;d__7" CoveredStatements="5" TotalStatements="5" CoveragePercent="100">
          <Method Name="MoveNext():System.Void" CoveredStatements="5" TotalStatements="5" CoveragePercent="100">
            <Statement FileIndex="264" Line="101" Column="5" EndLine="101" EndColumn="6" Covered="True" />
            <Statement FileIndex="264" Line="103" Column="9" EndLine="105" EndColumn="23" Covered="True" />
            <Statement FileIndex="264" Line="108" Column="9" EndLine="108" EndColumn="81" Covered="True" />
            <Statement FileIndex="264" Line="111" Column="9" EndLine="111" EndColumn="90" Covered="True" />
            <Statement FileIndex="264" Line="112" Column="5" EndLine="112" EndColumn="6" Covered="True" />
          </Method>
        </Type>
        <Type Name="&lt;InvalidUserName_ShouldThrowValidationError&gt;d__5" CoveredStatements="5" TotalStatements="5" CoveragePercent="100">
          <Method Name="MoveNext():System.Void" CoveredStatements="5" TotalStatements="5" CoveragePercent="100">
            <Statement FileIndex="264" Line="61" Column="5" EndLine="61" EndColumn="6" Covered="True" />
            <Statement FileIndex="264" Line="63" Column="9" EndLine="65" EndColumn="23" Covered="True" />
            <Statement FileIndex="264" Line="68" Column="9" EndLine="68" EndColumn="81" Covered="True" />
            <Statement FileIndex="264" Line="71" Column="9" EndLine="71" EndColumn="90" Covered="True" />
            <Statement FileIndex="264" Line="72" Column="5" EndLine="72" EndColumn="6" Covered="True" />
          </Method>
        </Type>
        <Type Name="&lt;ValidProperties_ShouldNotThrowAnyValidationErrors&gt;d__8" CoveredStatements="5" TotalStatements="5" CoveragePercent="100">
          <Method Name="MoveNext():System.Void" CoveredStatements="5" TotalStatements="5" CoveragePercent="100">
            <Statement FileIndex="264" Line="117" Column="5" EndLine="117" EndColumn="6" Covered="True" />
            <Statement FileIndex="264" Line="119" Column="9" EndLine="125" EndColumn="23" Covered="True" />
            <Statement FileIndex="264" Line="128" Column="9" EndLine="128" EndColumn="81" Covered="True" />
            <Statement FileIndex="264" Line="131" Column="9" EndLine="131" EndColumn="51" Covered="True" />
            <Statement FileIndex="264" Line="132" Column="5" EndLine="132" EndColumn="6" Covered="True" />
          </Method>
        </Type>
        <Method Name=".ctor():System.Void" CoveredStatements="5" TotalStatements="5" CoveragePercent="100">
          <Statement FileIndex="264" Line="14" Column="5" EndLine="14" EndColumn="43" Covered="True" />
          <Statement FileIndex="264" Line="15" Column="5" EndLine="15" EndColumn="6" Covered="True" />
          <Statement FileIndex="264" Line="16" Column="9" EndLine="16" EndColumn="68" Covered="True" />
          <Statement FileIndex="264" Line="17" Column="9" EndLine="17" EndColumn="34" Covered="True" />
          <Statement FileIndex="264" Line="18" Column="5" EndLine="18" EndColumn="6" Covered="True" />
        </Method>
      </Type>
    </Namespace>
  </Assembly>
  <Assembly Name="CoffeeSpace.IdentityApi.Tests.Acceptance" CoveredStatements="78" TotalStatements="78" CoveragePercent="100">
    <Namespace Name="CoffeeSpace.IdentityApi.Tests.Acceptance.Hooks" CoveredStatements="26" TotalStatements="26" CoveragePercent="100">
      <Type Name="DockerControllerHooks" CoveredStatements="26" TotalStatements="26" CoveragePercent="100">
        <Type Name="&lt;&gt;c" CoveredStatements="1" TotalStatements="1" CoveragePercent="100">
          <Method Name="&lt;DockerComposeUp&gt;b__3_0(Ductus.FluentDocker.Common.RequestResponse,System.Int32):System.Int64" CoveredStatements="1" TotalStatements="1" CoveragePercent="100">
            <Statement FileIndex="507" Line="29" Column="48" EndLine="29" EndColumn="93" Covered="True" />
          </Method>
        </Type>
        <Type Name="&lt;&gt;c__DisplayClass6_0" CoveredStatements="1" TotalStatements="1" CoveragePercent="100">
          <Method Name="&lt;GetDockerComposeLocation&gt;b__0(System.String):System.Boolean" CoveredStatements="1" TotalStatements="1" CoveragePercent="100">
            <Statement FileIndex="507" Line="55" Column="74" EndLine="55" EndColumn="110" Covered="True" />
          </Method>
        </Type>
        <Method Name=".ctor(BoDi.IObjectContainer):System.Void" CoveredStatements="4" TotalStatements="4" CoveragePercent="100">
          <Statement FileIndex="507" Line="15" Column="5" EndLine="15" EndColumn="67" Covered="True" />
          <Statement FileIndex="507" Line="16" Column="5" EndLine="16" EndColumn="6" Covered="True" />
          <Statement FileIndex="507" Line="17" Column="9" EndLine="17" EndColumn="44" Covered="True" />
          <Statement FileIndex="507" Line="18" Column="5" EndLine="18" EndColumn="6" Covered="True" />
        </Method>
        <Method Name="AddHttpClient():System.Void" CoveredStatements="4" TotalStatements="4" CoveragePercent="100">
          <Statement FileIndex="507" Line="43" Column="5" EndLine="43" EndColumn="6" Covered="True" />
          <Statement FileIndex="507" Line="44" Column="9" EndLine="47" EndColumn="11" Covered="True" />
          <Statement FileIndex="507" Line="49" Column="9" EndLine="49" EndColumn="70" Covered="True" />
          <Statement FileIndex="507" Line="50" Column="5" EndLine="50" EndColumn="6" Covered="True" />
        </Method>
        <Method Name="DockerComposeDown():System.Void" CoveredStatements="4" TotalStatements="4" CoveragePercent="100">
          <Statement FileIndex="507" Line="36" Column="5" EndLine="36" EndColumn="6" Covered="True" />
          <Statement FileIndex="507" Line="37" Column="9" EndLine="37" EndColumn="34" Covered="True" />
          <Statement FileIndex="507" Line="38" Column="9" EndLine="38" EndColumn="37" Covered="True" />
          <Statement FileIndex="507" Line="39" Column="5" EndLine="39" EndColumn="6" Covered="True" />
        </Method>
        <Method Name="DockerComposeUp():System.Void" CoveredStatements="4" TotalStatements="4" CoveragePercent="100">
          <Statement FileIndex="507" Line="22" Column="5" EndLine="22" EndColumn="6" Covered="True" />
          <Statement FileIndex="507" Line="23" Column="9" EndLine="23" EndColumn="100" Covered="True" />
          <Statement FileIndex="507" Line="24" Column="10" EndLine="31" EndColumn="22" Covered="True" />
          <Statement FileIndex="507" Line="32" Column="5" EndLine="32" EndColumn="6" Covered="True" />
        </Method>
        <Method Name="GetDockerComposeLocation(System.String):System.String" CoveredStatements="8" TotalStatements="8" CoveragePercent="100">
          <Statement FileIndex="507" Line="53" Column="5" EndLine="53" EndColumn="6" Covered="True" />
          <Statement FileIndex="507" Line="54" Column="9" EndLine="54" EndColumn="60" Covered="True" />
          <Statement FileIndex="507" Line="56" Column="9" EndLine="56" EndColumn="10" Covered="True" />
          <Statement FileIndex="507" Line="57" Column="13" EndLine="57" EndColumn="89" Covered="True" />
          <Statement FileIndex="507" Line="58" Column="9" EndLine="58" EndColumn="10" Covered="True" />
          <Statement FileIndex="507" Line="55" Column="9" EndLine="55" EndColumn="112" Covered="True" />
          <Statement FileIndex="507" Line="60" Column="9" EndLine="60" EndColumn="63" Covered="True" />
          <Statement FileIndex="507" Line="61" Column="5" EndLine="61" EndColumn="6" Covered="True" />
        </Method>
      </Type>
    </Namespace>
    <Namespace Name="CoffeeSpace.IdentityApi.Tests.Acceptance.Models" CoveredStatements="14" TotalStatements="14" CoveragePercent="100">
      <Type Name="LoginRequest" CoveredStatements="4" TotalStatements="4" CoveragePercent="100">
        <Method Name="get_Password():System.String" CoveredStatements="1" TotalStatements="1" CoveragePercent="100">
          <Statement FileIndex="508" Line="7" Column="39" EndLine="7" EndColumn="43" Covered="True" />
        </Method>
        <Method Name="get_Username():System.String" CoveredStatements="1" TotalStatements="1" CoveragePercent="100">
          <Statement FileIndex="508" Line="5" Column="39" EndLine="5" EndColumn="43" Covered="True" />
        </Method>
        <Method Name="set_Password(System.String):System.Void" CoveredStatements="1" TotalStatements="1" CoveragePercent="100">
          <Statement FileIndex="508" Line="7" Column="44" EndLine="7" EndColumn="49" Covered="True" />
        </Method>
        <Method Name="set_Username(System.String):System.Void" CoveredStatements="1" TotalStatements="1" CoveragePercent="100">
          <Statement FileIndex="508" Line="5" Column="44" EndLine="5" EndColumn="49" Covered="True" />
        </Method>
      </Type>
      <Type Name="RegisterRequest" CoveredStatements="10" TotalStatements="10" CoveragePercent="100">
        <Method Name="get_Email():System.String" CoveredStatements="1" TotalStatements="1" CoveragePercent="100">
          <Statement FileIndex="509" Line="11" Column="36" EndLine="11" EndColumn="40" Covered="True" />
        </Method>
        <Method Name="get_LastName():System.String" CoveredStatements="1" TotalStatements="1" CoveragePercent="100">
          <Statement FileIndex="509" Line="7" Column="39" EndLine="7" EndColumn="43" Covered="True" />
        </Method>
        <Method Name="get_Name():System.String" CoveredStatements="1" TotalStatements="1" CoveragePercent="100">
          <Statement FileIndex="509" Line="5" Column="35" EndLine="5" EndColumn="39" Covered="True" />
        </Method>
        <Method Name="get_Password():System.String" CoveredStatements="1" TotalStatements="1" CoveragePercent="100">
          <Statement FileIndex="509" Line="13" Column="39" EndLine="13" EndColumn="43" Covered="True" />
        </Method>
        <Method Name="get_UserName():System.String" CoveredStatements="1" TotalStatements="1" CoveragePercent="100">
          <Statement FileIndex="509" Line="9" Column="39" EndLine="9" EndColumn="43" Covered="True" />
        </Method>
        <Method Name="set_Email(System.String):System.Void" CoveredStatements="1" TotalStatements="1" CoveragePercent="100">
          <Statement FileIndex="509" Line="11" Column="41" EndLine="11" EndColumn="46" Covered="True" />
        </Method>
        <Method Name="set_LastName(System.String):System.Void" CoveredStatements="1" TotalStatements="1" CoveragePercent="100">
          <Statement FileIndex="509" Line="7" Column="44" EndLine="7" EndColumn="49" Covered="True" />
        </Method>
        <Method Name="set_Name(System.String):System.Void" CoveredStatements="1" TotalStatements="1" CoveragePercent="100">
          <Statement FileIndex="509" Line="5" Column="40" EndLine="5" EndColumn="45" Covered="True" />
        </Method>
        <Method Name="set_Password(System.String):System.Void" CoveredStatements="1" TotalStatements="1" CoveragePercent="100">
          <Statement FileIndex="509" Line="13" Column="44" EndLine="13" EndColumn="49" Covered="True" />
        </Method>
        <Method Name="set_UserName(System.String):System.Void" CoveredStatements="1" TotalStatements="1" CoveragePercent="100">
          <Statement FileIndex="509" Line="9" Column="44" EndLine="9" EndColumn="49" Covered="True" />
        </Method>
      </Type>
    </Namespace>
    <Namespace Name="CoffeeSpace.IdentityApi.Tests.Acceptance.StepDefinitions" CoveredStatements="38" TotalStatements="38" CoveragePercent="100">
      <Type Name="UserAuthenticationStepDefinition" CoveredStatements="38" TotalStatements="38" CoveragePercent="100">
        <Type Name="&lt;&gt;c" CoveredStatements="1" TotalStatements="1" CoveragePercent="100">
          <Method Name="&lt;ThenTheResponseShouldContainJwtToken&gt;b__6_0(System.Security.Claims.Claim):System.Boolean" CoveredStatements="1" TotalStatements="1" CoveragePercent="100">
            <Statement FileIndex="510" Line="63" Column="40" EndLine="63" EndColumn="70" Covered="True" />
          </Method>
        </Type>
        <Type Name="&lt;GivenUserWithFollowingCredentials&gt;d__3" CoveredStatements="5" TotalStatements="5" CoveragePercent="100">
          <Method Name="MoveNext():System.Void" CoveredStatements="5" TotalStatements="5" CoveragePercent="100">
            <Statement FileIndex="510" Line="27" Column="5" EndLine="27" EndColumn="6" Covered="True" />
            <Statement FileIndex="510" Line="28" Column="9" EndLine="28" EndColumn="71" Covered="True" />
            <Statement FileIndex="510" Line="31" Column="9" EndLine="31" EndColumn="72" Covered="True" />
            <Statement FileIndex="510" Line="32" Column="9" EndLine="32" EndColumn="67" Covered="True" />
            <Statement FileIndex="510" Line="33" Column="5" EndLine="33" EndColumn="6" Covered="True" />
          </Method>
        </Type>
        <Type Name="&lt;WhenPostRequestIsSentWithFollowingCredentials&gt;d__7" CoveredStatements="9" TotalStatements="9" CoveragePercent="100">
          <Method Name="MoveNext():System.Void" CoveredStatements="9" TotalStatements="9" CoveragePercent="100">
            <Statement FileIndex="510" Line="68" Column="5" EndLine="68" EndColumn="6" Covered="True" />
            <Statement FileIndex="510" Line="69" Column="9" EndLine="69" EndColumn="71" Covered="True" />
            <Statement FileIndex="510" Line="72" Column="9" EndLine="72" EndColumn="87" Covered="True" />
            <Statement FileIndex="510" Line="73" Column="9" EndLine="73" EndColumn="67" Covered="True" />
            <Statement FileIndex="510" Line="74" Column="9" EndLine="74" EndColumn="74" Covered="True" />
            <Statement FileIndex="510" Line="76" Column="9" EndLine="76" EndColumn="75" Covered="True" />
            <Statement FileIndex="510" Line="77" Column="9" EndLine="77" EndColumn="53" Covered="True" />
            <Statement FileIndex="510" Line="78" Column="9" EndLine="78" EndColumn="67" Covered="True" />
            <Statement FileIndex="510" Line="79" Column="5" EndLine="79" EndColumn="6" Covered="True" />
          </Method>
        </Type>
        <Type Name="&lt;WhenThePostRequestIsSentWithTheFollowingCredentials&gt;d__4" CoveredStatements="8" TotalStatements="8" CoveragePercent="100">
          <Method Name="MoveNext():System.Void" CoveredStatements="8" TotalStatements="8" CoveragePercent="100">
            <Statement FileIndex="510" Line="37" Column="5" EndLine="37" EndColumn="6" Covered="True" />
            <Statement FileIndex="510" Line="38" Column="9" EndLine="38" EndColumn="65" Covered="True" />
            <Statement FileIndex="510" Line="41" Column="9" EndLine="41" EndColumn="84" Covered="True" />
            <Statement FileIndex="510" Line="42" Column="9" EndLine="42" EndColumn="67" Covered="True" />
            <Statement FileIndex="510" Line="44" Column="9" EndLine="44" EndColumn="74" Covered="True" />
            <Statement FileIndex="510" Line="45" Column="9" EndLine="45" EndColumn="75" Covered="True" />
            <Statement FileIndex="510" Line="46" Column="9" EndLine="46" EndColumn="53" Covered="True" />
            <Statement FileIndex="510" Line="47" Column="5" EndLine="47" EndColumn="6" Covered="True" />
          </Method>
        </Type>
        <Method Name=".ctor(System.Net.Http.HttpClient,TechTalk.SpecFlow.ScenarioContext):System.Void" CoveredStatements="5" TotalStatements="5" CoveragePercent="100">
          <Statement FileIndex="510" Line="19" Column="5" EndLine="19" EndColumn="100" Covered="True" />
          <Statement FileIndex="510" Line="20" Column="5" EndLine="20" EndColumn="6" Covered="True" />
          <Statement FileIndex="510" Line="21" Column="9" EndLine="21" EndColumn="34" Covered="True" />
          <Statement FileIndex="510" Line="22" Column="9" EndLine="22" EndColumn="44" Covered="True" />
          <Statement FileIndex="510" Line="23" Column="5" EndLine="23" EndColumn="6" Covered="True" />
        </Method>
        <Method Name="ThenTheResponseShouldContainJwtToken():System.Void" CoveredStatements="6" TotalStatements="6" CoveragePercent="100">
          <Statement FileIndex="510" Line="58" Column="5" EndLine="58" EndColumn="6" Covered="True" />
          <Statement FileIndex="510" Line="59" Column="9" EndLine="59" EndColumn="76" Covered="True" />
          <Statement FileIndex="510" Line="60" Column="9" EndLine="60" EndColumn="89" Covered="True" />
          <Statement FileIndex="510" Line="62" Column="9" EndLine="62" EndColumn="39" Covered="True" />
          <Statement FileIndex="510" Line="63" Column="9" EndLine="63" EndColumn="125" Covered="True" />
          <Statement FileIndex="510" Line="64" Column="5" EndLine="64" EndColumn="6" Covered="True" />
        </Method>
        <Method Name="ThenTheResponseStatusCodeShouldBe(System.Int32):System.Void" CoveredStatements="4" TotalStatements="4" CoveragePercent="100">
          <Statement FileIndex="510" Line="51" Column="5" EndLine="51" EndColumn="6" Covered="True" />
          <Statement FileIndex="510" Line="52" Column="9" EndLine="52" EndColumn="95" Covered="True" />
          <Statement FileIndex="510" Line="53" Column="9" EndLine="53" EndColumn="76" Covered="True" />
          <Statement FileIndex="510" Line="54" Column="5" EndLine="54" EndColumn="6" Covered="True" />
        </Method>
      </Type>
    </Namespace>
  </Assembly>
  <Assembly Name="CoffeeSpace.IdentityApi.Tests.Integration" CoveredStatements="86" TotalStatements="86" CoveragePercent="100">
    <Namespace Name="CoffeeSpace.IdentityApi.Tests.Integration.Controllers" CoveredStatements="27" TotalStatements="27" CoveragePercent="100">
      <Type Name="AuthControllerTests" CoveredStatements="27" TotalStatements="27" CoveragePercent="100">
        <Type Name="&lt;&gt;c__DisplayClass4_0" CoveredStatements="1" TotalStatements="1" CoveragePercent="100">
          <Method Name="&lt;Login_ShouldReturn200WithJwtToken&gt;b__0(AutoBogus.IAutoFakerConfigBuilder):System.Void" CoveredStatements="1" TotalStatements="1" CoveragePercent="100">
            <Statement FileIndex="319" Line="54" Column="13" EndLine="54" EndColumn="89" Covered="True" />
          </Method>
        </Type>
        <Type Name="&lt;Login_ShouldReturn200WithJwtToken&gt;d__4" CoveredStatements="8" TotalStatements="8" CoveragePercent="100">
          <Method Name="MoveNext():System.Void" CoveredStatements="8" TotalStatements="8" CoveragePercent="100">
            <Statement FileIndex="319" Line="47" Column="5" EndLine="47" EndColumn="6" Covered="True" />
            <Statement FileIndex="319" Line="49" Column="9" EndLine="49" EndColumn="103" Covered="True" />
            <Statement FileIndex="319" Line="50" Column="9" EndLine="50" EndColumn="102" Covered="True" />
            <Statement FileIndex="319" Line="53" Column="9" EndLine="54" EndColumn="91" Covered="True" />
            <Statement FileIndex="319" Line="57" Column="9" EndLine="57" EndColumn="81" Covered="True" />
            <Statement FileIndex="319" Line="60" Column="9" EndLine="60" EndColumn="65" Covered="True" />
            <Statement FileIndex="319" Line="61" Column="9" EndLine="65" EndColumn="64" Covered="True" />
            <Statement FileIndex="319" Line="66" Column="5" EndLine="66" EndColumn="6" Covered="True" />
          </Method>
        </Type>
        <Type Name="&lt;Register_ShouldReturn200WithJwtToken_AndRegisterNewUser&gt;d__3" CoveredStatements="6" TotalStatements="6" CoveragePercent="100">
          <Method Name="MoveNext():System.Void" CoveredStatements="6" TotalStatements="6" CoveragePercent="100">
            <Statement FileIndex="319" Line="27" Column="5" EndLine="27" EndColumn="6" Covered="True" />
            <Statement FileIndex="319" Line="30" Column="9" EndLine="30" EndColumn="88" Covered="True" />
            <Statement FileIndex="319" Line="33" Column="9" EndLine="33" EndColumn="81" Covered="True" />
            <Statement FileIndex="319" Line="36" Column="9" EndLine="36" EndColumn="65" Covered="True" />
            <Statement FileIndex="319" Line="37" Column="9" EndLine="42" EndColumn="64" Covered="True" />
            <Statement FileIndex="319" Line="43" Column="5" EndLine="43" EndColumn="6" Covered="True" />
          </Method>
        </Type>
        <Method Name=".ctor(CoffeeSpace.IdentityApi.Tests.Integration.Fixtures.IdentityApiFactory):System.Void" CoveredStatements="5" TotalStatements="5" CoveragePercent="100">
          <Statement FileIndex="319" Line="19" Column="5" EndLine="19" EndColumn="62" Covered="True" />
          <Statement FileIndex="319" Line="20" Column="5" EndLine="20" EndColumn="6" Covered="True" />
          <Statement FileIndex="319" Line="21" Column="9" EndLine="21" EndColumn="49" Covered="True" />
          <Statement FileIndex="319" Line="22" Column="9" EndLine="22" EndColumn="61" Covered="True" />
          <Statement FileIndex="319" Line="23" Column="5" EndLine="23" EndColumn="6" Covered="True" />
        </Method>
        <Method Name="DisposeAsync():System.Threading.Tasks.Task" CoveredStatements="3" TotalStatements="3" CoveragePercent="100">
          <Statement FileIndex="319" Line="75" Column="5" EndLine="75" EndColumn="6" Covered="True" />
          <Statement FileIndex="319" Line="76" Column="9" EndLine="76" EndColumn="35" Covered="True" />
          <Statement FileIndex="319" Line="77" Column="5" EndLine="77" EndColumn="6" Covered="True" />
        </Method>
        <Method Name="InitializeAsync():System.Threading.Tasks.Task" CoveredStatements="4" TotalStatements="4" CoveragePercent="100">
          <Statement FileIndex="319" Line="69" Column="5" EndLine="69" EndColumn="6" Covered="True" />
          <Statement FileIndex="319" Line="70" Column="9" EndLine="70" EndColumn="50" Covered="True" />
          <Statement FileIndex="319" Line="71" Column="9" EndLine="71" EndColumn="35" Covered="True" />
          <Statement FileIndex="319" Line="72" Column="5" EndLine="72" EndColumn="6" Covered="True" />
        </Method>
      </Type>
    </Namespace>
    <Namespace Name="CoffeeSpace.IdentityApi.Tests.Integration.Fakers" CoveredStatements="18" TotalStatements="18" CoveragePercent="100">
      <Type Name="LoginRequestFaker" CoveredStatements="5" TotalStatements="5" CoveragePercent="100">
        <Method Name=".ctor(System.String,System.String):System.Void" CoveredStatements="5" TotalStatements="5" CoveragePercent="100">
          <Statement FileIndex="320" Line="8" Column="5" EndLine="8" EndColumn="63" Covered="True" />
          <Statement FileIndex="320" Line="9" Column="5" EndLine="9" EndColumn="6" Covered="True" />
          <Statement FileIndex="320" Line="10" Column="9" EndLine="10" EndColumn="56" Covered="True" />
          <Statement FileIndex="320" Line="11" Column="9" EndLine="11" EndColumn="56" Covered="True" />
          <Statement FileIndex="320" Line="12" Column="5" EndLine="12" EndColumn="6" Covered="True" />
        </Method>
      </Type>
      <Type Name="RegisterRequestFaker" CoveredStatements="13" TotalStatements="13" CoveragePercent="100">
        <Type Name="&lt;&gt;c" CoveredStatements="4" TotalStatements="4" CoveragePercent="100">
          <Method Name="&lt;.ctor&gt;b__0_1(Bogus.Faker):System.String" CoveredStatements="1" TotalStatements="1" CoveragePercent="100">
            <Statement FileIndex="321" Line="12" Column="51" EndLine="12" EndColumn="73" Covered="True" />
          </Method>
          <Method Name="&lt;.ctor&gt;b__0_3(Bogus.Faker):System.String" CoveredStatements="1" TotalStatements="1" CoveragePercent="100">
            <Statement FileIndex="321" Line="13" Column="55" EndLine="13" EndColumn="76" Covered="True" />
          </Method>
          <Method Name="&lt;.ctor&gt;b__0_5(Bogus.Faker):System.String" CoveredStatements="1" TotalStatements="1" CoveragePercent="100">
            <Statement FileIndex="321" Line="14" Column="52" EndLine="14" EndColumn="70" Covered="True" />
          </Method>
          <Method Name="&lt;.ctor&gt;b__0_8(Bogus.Faker):System.String" CoveredStatements="1" TotalStatements="1" CoveragePercent="100">
            <Statement FileIndex="321" Line="16" Column="55" EndLine="16" EndColumn="80" Covered="True" />
          </Method>
        </Type>
        <Method Name=".ctor():System.Void" CoveredStatements="9" TotalStatements="9" CoveragePercent="100">
          <Statement FileIndex="321" Line="8" Column="5" EndLine="8" EndColumn="34" Covered="True" />
          <Statement FileIndex="321" Line="9" Column="5" EndLine="9" EndColumn="6" Covered="True" />
          <Statement FileIndex="321" Line="10" Column="9" EndLine="10" EndColumn="21" Covered="True" />
          <Statement FileIndex="321" Line="12" Column="9" EndLine="12" EndColumn="75" Covered="True" />
          <Statement FileIndex="321" Line="13" Column="9" EndLine="13" EndColumn="78" Covered="True" />
          <Statement FileIndex="321" Line="14" Column="9" EndLine="14" EndColumn="72" Covered="True" />
          <Statement FileIndex="321" Line="15" Column="9" EndLine="15" EndColumn="62" Covered="True" />
          <Statement FileIndex="321" Line="16" Column="9" EndLine="16" EndColumn="82" Covered="True" />
          <Statement FileIndex="321" Line="17" Column="5" EndLine="17" EndColumn="6" Covered="True" />
        </Method>
      </Type>
    </Namespace>
    <Namespace Name="CoffeeSpace.IdentityApi.Tests.Integration.Fixtures" CoveredStatements="41" TotalStatements="41" CoveragePercent="100">
      <Type Name="IdentityApiFactory" CoveredStatements="41" TotalStatements="41" CoveragePercent="100">
        <Type Name="&lt;&gt;c" CoveredStatements="5" TotalStatements="5" CoveragePercent="100">
          <Method Name="&lt;ConfigureWebHost&gt;b__3_1(MassTransit.IBusRegistrationConfigurator):System.Void" CoveredStatements="5" TotalStatements="5" CoveragePercent="100">
            <Statement FileIndex="322" Line="58" Column="13" EndLine="58" EndColumn="14" Covered="True" />
            <Statement FileIndex="322" Line="59" Column="17" EndLine="59" EndColumn="60" Covered="True" />
            <Statement FileIndex="322" Line="61" Column="17" EndLine="61" EndColumn="59" Covered="True" />
            <Statement FileIndex="322" Line="62" Column="17" EndLine="62" EndColumn="59" Covered="True" />
            <Statement FileIndex="322" Line="63" Column="13" EndLine="63" EndColumn="14" Covered="True" />
          </Method>
        </Type>
        <Type Name="&lt;DisposeAsync&gt;d__6" CoveredStatements="3" TotalStatements="3" CoveragePercent="100">
          <Method Name="MoveNext():System.Void" CoveredStatements="3" TotalStatements="3" CoveragePercent="100">
            <Statement FileIndex="322" Line="92" Column="5" EndLine="92" EndColumn="6" Covered="True" />
            <Statement FileIndex="322" Line="93" Column="9" EndLine="93" EndColumn="56" Covered="True" />
            <Statement FileIndex="322" Line="94" Column="5" EndLine="94" EndColumn="6" Covered="True" />
          </Method>
        </Type>
        <Type Name="&lt;InitializeAsync&gt;d__5" CoveredStatements="3" TotalStatements="3" CoveragePercent="100">
          <Method Name="MoveNext():System.Void" CoveredStatements="3" TotalStatements="3" CoveragePercent="100">
            <Statement FileIndex="322" Line="87" Column="5" EndLine="87" EndColumn="6" Covered="True" />
            <Statement FileIndex="322" Line="88" Column="9" EndLine="88" EndColumn="57" Covered="True" />
            <Statement FileIndex="322" Line="89" Column="5" EndLine="89" EndColumn="6" Covered="True" />
          </Method>
        </Type>
        <Method Name=".ctor():System.Void" CoveredStatements="4" TotalStatements="4" CoveragePercent="100">
          <Statement FileIndex="322" Line="30" Column="5" EndLine="30" EndColumn="32" Covered="True" />
          <Statement FileIndex="322" Line="31" Column="5" EndLine="31" EndColumn="6" Covered="True" />
          <Statement FileIndex="322" Line="32" Column="9" EndLine="38" EndColumn="22" Covered="True" />
          <Statement FileIndex="322" Line="39" Column="5" EndLine="39" EndColumn="6" Covered="True" />
        </Method>
        <Method Name="&lt;ConfigureWebHost&gt;b__3_0(Microsoft.Extensions.DependencyInjection.IServiceCollection):System.Void" CoveredStatements="9" TotalStatements="9" CoveragePercent="100">
          <Statement FileIndex="322" Line="56" Column="9" EndLine="56" EndColumn="10" Covered="True" />
          <Statement FileIndex="322" Line="57" Column="13" EndLine="63" EndColumn="16" Covered="True" />
          <Statement FileIndex="322" Line="65" Column="13" EndLine="69" EndColumn="27" Covered="True" />
          <Statement FileIndex="322" Line="71" Column="13" EndLine="71" EndColumn="91" Covered="True" />
          <Statement FileIndex="322" Line="72" Column="13" EndLine="72" EndColumn="109" Covered="True" />
          <Statement FileIndex="322" Line="74" Column="13" EndLine="74" EndColumn="48" Covered="True" />
          <Statement FileIndex="322" Line="75" Column="13" EndLine="75" EndColumn="40" Covered="True" />
          <Statement FileIndex="322" Line="76" Column="9" EndLine="76" EndColumn="10" Covered="True" />
          <Statement FileIndex="322" Line="76" Column="9" EndLine="76" EndColumn="10" Covered="True" />
        </Method>
        <Method Name="&lt;ConfigureWebHost&gt;b__3_2(System.IServiceProvider):Microsoft.EntityFrameworkCore.DbContextOptions&lt;CoffeeSpace.IdentityApi.Persistence.ApplicationUsersDbContext&gt;" CoveredStatements="1" TotalStatements="1" CoveragePercent="100">
          <Statement FileIndex="322" Line="65" Column="37" EndLine="69" EndColumn="25" Covered="True" />
        </Method>
        <Method Name="ConfigureWebHost(Microsoft.AspNetCore.Hosting.IWebHostBuilder):System.Void" CoveredStatements="12" TotalStatements="12" CoveragePercent="100">
          <Statement FileIndex="322" Line="42" Column="5" EndLine="42" EndColumn="6" Covered="True" />
          <Statement FileIndex="322" Line="43" Column="9" EndLine="43" EndColumn="111" Covered="True" />
          <Statement FileIndex="322" Line="45" Column="9" EndLine="45" EndColumn="48" Covered="True" />
          <Statement FileIndex="322" Line="46" Column="9" EndLine="46" EndColumn="53" Covered="True" />
          <Statement FileIndex="322" Line="47" Column="9" EndLine="47" EndColumn="53" Covered="True" />
          <Statement FileIndex="322" Line="49" Column="9" EndLine="49" EndColumn="68" Covered="True" />
          <Statement FileIndex="322" Line="50" Column="9" EndLine="50" EndColumn="66" Covered="True" />
          <Statement FileIndex="322" Line="51" Column="9" EndLine="51" EndColumn="65" Covered="True" />
          <Statement FileIndex="322" Line="52" Column="9" EndLine="52" EndColumn="47" Covered="True" />
          <Statement FileIndex="322" Line="54" Column="9" EndLine="54" EndColumn="77" Covered="True" />
          <Statement FileIndex="322" Line="55" Column="9" EndLine="76" EndColumn="12" Covered="True" />
          <Statement FileIndex="322" Line="77" Column="5" EndLine="77" EndColumn="6" Covered="True" />
        </Method>
        <Method Name="InitializeVerify():System.Void" CoveredStatements="4" TotalStatements="4" CoveragePercent="100">
          <Statement FileIndex="322" Line="81" Column="5" EndLine="81" EndColumn="6" Covered="True" />
          <Statement FileIndex="322" Line="82" Column="9" EndLine="82" EndColumn="52" Covered="True" />
          <Statement FileIndex="322" Line="83" Column="9" EndLine="83" EndColumn="40" Covered="True" />
          <Statement FileIndex="322" Line="84" Column="5" EndLine="84" EndColumn="6" Covered="True" />
        </Method>
      </Type>
    </Namespace>
  </Assembly>
  <Assembly Name="CoffeeSpace.Messages" CoveredStatements="10" TotalStatements="10" CoveragePercent="100">
    <Namespace Name="CoffeeSpace.Messages.Buyers" CoveredStatements="10" TotalStatements="10" CoveragePercent="100">
      <Type Name="DeleteBuyer" CoveredStatements="4" TotalStatements="4" CoveragePercent="100">
        <Method Name="get_Email():System.String" CoveredStatements="1" TotalStatements="1" CoveragePercent="100">
          <Statement FileIndex="47" Line="7" Column="36" EndLine="7" EndColumn="40" Covered="True" />
        </Method>
        <Method Name="get_Name():System.String" CoveredStatements="1" TotalStatements="1" CoveragePercent="100">
          <Statement FileIndex="47" Line="5" Column="35" EndLine="5" EndColumn="39" Covered="True" />
        </Method>
        <Method Name="set_Email(System.String):System.Void" CoveredStatements="1" TotalStatements="1" CoveragePercent="100">
          <Statement FileIndex="47" Line="7" Column="41" EndLine="7" EndColumn="46" Covered="True" />
        </Method>
        <Method Name="set_Name(System.String):System.Void" CoveredStatements="1" TotalStatements="1" CoveragePercent="100">
          <Statement FileIndex="47" Line="5" Column="40" EndLine="5" EndColumn="45" Covered="True" />
        </Method>
      </Type>
      <Type Name="RegisterNewBuyer" CoveredStatements="4" TotalStatements="4" CoveragePercent="100">
        <Method Name="get_Email():System.String" CoveredStatements="1" TotalStatements="1" CoveragePercent="100">
          <Statement FileIndex="48" Line="7" Column="36" EndLine="7" EndColumn="40" Covered="True" />
        </Method>
        <Method Name="get_Name():System.String" CoveredStatements="1" TotalStatements="1" CoveragePercent="100">
          <Statement FileIndex="48" Line="5" Column="35" EndLine="5" EndColumn="39" Covered="True" />
        </Method>
        <Method Name="set_Email(System.String):System.Void" CoveredStatements="1" TotalStatements="1" CoveragePercent="100">
          <Statement FileIndex="48" Line="7" Column="41" EndLine="7" EndColumn="46" Covered="True" />
        </Method>
        <Method Name="set_Name(System.String):System.Void" CoveredStatements="1" TotalStatements="1" CoveragePercent="100">
          <Statement FileIndex="48" Line="5" Column="40" EndLine="5" EndColumn="45" Covered="True" />
        </Method>
      </Type>
      <Type Name="UpdateBuyer" CoveredStatements="2" TotalStatements="2" CoveragePercent="100">
        <Method Name="get_Buyer():CoffeeSpace.Domain.Ordering.BuyerInfo.Buyer" CoveredStatements="1" TotalStatements="1" CoveragePercent="100">
          <Statement FileIndex="49" Line="7" Column="35" EndLine="7" EndColumn="39" Covered="True" />
        </Method>
        <Method Name="set_Buyer(CoffeeSpace.Domain.Ordering.BuyerInfo.Buyer):System.Void" CoveredStatements="1" TotalStatements="1" CoveragePercent="100">
          <Statement FileIndex="49" Line="7" Column="40" EndLine="7" EndColumn="45" Covered="True" />
        </Method>
      </Type>
    </Namespace>
  </Assembly>
  <Assembly Name="CoffeeSpace.OrderingApi" CoveredStatements="764" TotalStatements="838" CoveragePercent="91">
    <Namespace Name="CoffeeSpace.OrderingApi.Application.Contracts.Requests.Addresses" CoveredStatements="8" TotalStatements="16" CoveragePercent="50">
      <Type Name="CreateAddressRequest" CoveredStatements="8" TotalStatements="8" CoveragePercent="100">
        <Method Name=".ctor():System.Void" CoveredStatements="1" TotalStatements="1" CoveragePercent="100">
          <Statement FileIndex="98" Line="5" Column="31" EndLine="5" EndColumn="45" Covered="True" />
        </Method>
        <Method Name="get_City():System.String" CoveredStatements="1" TotalStatements="1" CoveragePercent="100">
          <Statement FileIndex="98" Line="9" Column="35" EndLine="9" EndColumn="39" Covered="True" />
        </Method>
        <Method Name="get_Country():System.String" CoveredStatements="1" TotalStatements="1" CoveragePercent="100">
          <Statement FileIndex="98" Line="11" Column="38" EndLine="11" EndColumn="42" Covered="True" />
        </Method>
        <Method Name="get_Id():System.Guid" CoveredStatements="1" TotalStatements="1" CoveragePercent="100">
          <Statement FileIndex="98" Line="5" Column="22" EndLine="5" EndColumn="26" Covered="True" />
        </Method>
        <Method Name="get_Street():System.String" CoveredStatements="1" TotalStatements="1" CoveragePercent="100">
          <Statement FileIndex="98" Line="7" Column="37" EndLine="7" EndColumn="41" Covered="True" />
        </Method>
        <Method Name="set_City(System.String):System.Void" CoveredStatements="1" TotalStatements="1" CoveragePercent="100">
          <Statement FileIndex="98" Line="9" Column="40" EndLine="9" EndColumn="45" Covered="True" />
        </Method>
        <Method Name="set_Country(System.String):System.Void" CoveredStatements="1" TotalStatements="1" CoveragePercent="100">
          <Statement FileIndex="98" Line="11" Column="43" EndLine="11" EndColumn="48" Covered="True" />
        </Method>
        <Method Name="set_Street(System.String):System.Void" CoveredStatements="1" TotalStatements="1" CoveragePercent="100">
          <Statement FileIndex="98" Line="7" Column="42" EndLine="7" EndColumn="47" Covered="True" />
        </Method>
      </Type>
      <Type Name="UpdateAddressRequest" CoveredStatements="0" TotalStatements="8" CoveragePercent="0">
        <Method Name="get_City():System.String" CoveredStatements="0" TotalStatements="1" CoveragePercent="0">
          <Statement FileIndex="99" Line="9" Column="35" EndLine="9" EndColumn="39" Covered="False" />
        </Method>
        <Method Name="get_Country():System.String" CoveredStatements="0" TotalStatements="1" CoveragePercent="0">
          <Statement FileIndex="99" Line="11" Column="38" EndLine="11" EndColumn="42" Covered="False" />
        </Method>
        <Method Name="get_Id():System.Guid" CoveredStatements="0" TotalStatements="1" CoveragePercent="0">
          <Statement FileIndex="99" Line="5" Column="22" EndLine="5" EndColumn="26" Covered="False" />
        </Method>
        <Method Name="get_Street():System.String" CoveredStatements="0" TotalStatements="1" CoveragePercent="0">
          <Statement FileIndex="99" Line="7" Column="37" EndLine="7" EndColumn="41" Covered="False" />
        </Method>
        <Method Name="set_City(System.String):System.Void" CoveredStatements="0" TotalStatements="1" CoveragePercent="0">
          <Statement FileIndex="99" Line="9" Column="40" EndLine="9" EndColumn="45" Covered="False" />
        </Method>
        <Method Name="set_Country(System.String):System.Void" CoveredStatements="0" TotalStatements="1" CoveragePercent="0">
          <Statement FileIndex="99" Line="11" Column="43" EndLine="11" EndColumn="48" Covered="False" />
        </Method>
        <Method Name="set_Id(System.Guid):System.Void" CoveredStatements="0" TotalStatements="1" CoveragePercent="0">
          <Statement FileIndex="99" Line="5" Column="27" EndLine="5" EndColumn="40" Covered="False" />
        </Method>
        <Method Name="set_Street(System.String):System.Void" CoveredStatements="0" TotalStatements="1" CoveragePercent="0">
          <Statement FileIndex="99" Line="7" Column="42" EndLine="7" EndColumn="47" Covered="False" />
        </Method>
      </Type>
    </Namespace>
    <Namespace Name="CoffeeSpace.OrderingApi.Application.Contracts.Requests.Buyers" CoveredStatements="18" TotalStatements="18" CoveragePercent="100">
      <Type Name="CreateBuyerRequest" CoveredStatements="6" TotalStatements="6" CoveragePercent="100">
        <Method Name=".ctor():System.Void" CoveredStatements="1" TotalStatements="1" CoveragePercent="100">
          <Statement FileIndex="100" Line="5" Column="31" EndLine="5" EndColumn="45" Covered="True" />
        </Method>
        <Method Name="get_Email():System.String" CoveredStatements="1" TotalStatements="1" CoveragePercent="100">
          <Statement FileIndex="100" Line="9" Column="36" EndLine="9" EndColumn="40" Covered="True" />
        </Method>
        <Method Name="get_Id():System.Guid" CoveredStatements="1" TotalStatements="1" CoveragePercent="100">
          <Statement FileIndex="100" Line="5" Column="22" EndLine="5" EndColumn="26" Covered="True" />
        </Method>
        <Method Name="get_Name():System.String" CoveredStatements="1" TotalStatements="1" CoveragePercent="100">
          <Statement FileIndex="100" Line="7" Column="35" EndLine="7" EndColumn="39" Covered="True" />
        </Method>
        <Method Name="set_Email(System.String):System.Void" CoveredStatements="1" TotalStatements="1" CoveragePercent="100">
          <Statement FileIndex="100" Line="9" Column="41" EndLine="9" EndColumn="46" Covered="True" />
        </Method>
        <Method Name="set_Name(System.String):System.Void" CoveredStatements="1" TotalStatements="1" CoveragePercent="100">
          <Statement FileIndex="100" Line="7" Column="40" EndLine="7" EndColumn="45" Covered="True" />
        </Method>
      </Type>
      <Type Name="DeleteBuyerByIdRequest" CoveredStatements="2" TotalStatements="2" CoveragePercent="100">
        <Method Name="get_Id():System.Guid" CoveredStatements="1" TotalStatements="1" CoveragePercent="100">
          <Statement FileIndex="101" Line="5" Column="31" EndLine="5" EndColumn="35" Covered="True" />
        </Method>
        <Method Name="set_Id(System.Guid):System.Void" CoveredStatements="1" TotalStatements="1" CoveragePercent="100">
          <Statement FileIndex="101" Line="5" Column="36" EndLine="5" EndColumn="41" Covered="True" />
        </Method>
      </Type>
      <Type Name="GetBuyerByEmailRequest" CoveredStatements="2" TotalStatements="2" CoveragePercent="100">
        <Method Name="get_Email():System.String" CoveredStatements="1" TotalStatements="1" CoveragePercent="100">
          <Statement FileIndex="102" Line="5" Column="36" EndLine="5" EndColumn="40" Covered="True" />
        </Method>
        <Method Name="set_Email(System.String):System.Void" CoveredStatements="1" TotalStatements="1" CoveragePercent="100">
          <Statement FileIndex="102" Line="5" Column="41" EndLine="5" EndColumn="46" Covered="True" />
        </Method>
      </Type>
      <Type Name="GetBuyerByIdRequest" CoveredStatements="2" TotalStatements="2" CoveragePercent="100">
        <Method Name="get_Id():System.Guid" CoveredStatements="1" TotalStatements="1" CoveragePercent="100">
          <Statement FileIndex="103" Line="5" Column="31" EndLine="5" EndColumn="35" Covered="True" />
        </Method>
        <Method Name="set_Id(System.Guid):System.Void" CoveredStatements="1" TotalStatements="1" CoveragePercent="100">
          <Statement FileIndex="103" Line="5" Column="36" EndLine="5" EndColumn="41" Covered="True" />
        </Method>
      </Type>
      <Type Name="UpdateBuyerRequest" CoveredStatements="6" TotalStatements="6" CoveragePercent="100">
        <Method Name="get_Email():System.String" CoveredStatements="1" TotalStatements="1" CoveragePercent="100">
          <Statement FileIndex="104" Line="9" Column="36" EndLine="9" EndColumn="40" Covered="True" />
        </Method>
        <Method Name="get_Id():System.Guid" CoveredStatements="1" TotalStatements="1" CoveragePercent="100">
          <Statement FileIndex="104" Line="5" Column="22" EndLine="5" EndColumn="26" Covered="True" />
        </Method>
        <Method Name="get_Name():System.String" CoveredStatements="1" TotalStatements="1" CoveragePercent="100">
          <Statement FileIndex="104" Line="7" Column="35" EndLine="7" EndColumn="39" Covered="True" />
        </Method>
        <Method Name="set_Email(System.String):System.Void" CoveredStatements="1" TotalStatements="1" CoveragePercent="100">
          <Statement FileIndex="104" Line="9" Column="41" EndLine="9" EndColumn="46" Covered="True" />
        </Method>
        <Method Name="set_Id(System.Guid):System.Void" CoveredStatements="1" TotalStatements="1" CoveragePercent="100">
          <Statement FileIndex="104" Line="5" Column="27" EndLine="5" EndColumn="40" Covered="True" />
        </Method>
        <Method Name="set_Name(System.String):System.Void" CoveredStatements="1" TotalStatements="1" CoveragePercent="100">
          <Statement FileIndex="104" Line="7" Column="40" EndLine="7" EndColumn="45" Covered="True" />
        </Method>
      </Type>
    </Namespace>
    <Namespace Name="CoffeeSpace.OrderingApi.Application.Contracts.Requests.Orders" CoveredStatements="22" TotalStatements="22" CoveragePercent="100">
      <Type Name="CreateOrderRequest" CoveredStatements="12" TotalStatements="12" CoveragePercent="100">
        <Method Name=".ctor():System.Void" CoveredStatements="1" TotalStatements="1" CoveragePercent="100">
          <Statement FileIndex="105" Line="9" Column="31" EndLine="9" EndColumn="45" Covered="True" />
        </Method>
        <Method Name="get_Address():CoffeeSpace.OrderingApi.Application.Contracts.Requests.Addresses.CreateAddressRequest" CoveredStatements="1" TotalStatements="1" CoveragePercent="100">
          <Statement FileIndex="105" Line="15" Column="52" EndLine="15" EndColumn="56" Covered="True" />
        </Method>
        <Method Name="get_BuyerId():System.Guid" CoveredStatements="1" TotalStatements="1" CoveragePercent="100">
          <Statement FileIndex="105" Line="11" Column="27" EndLine="11" EndColumn="31" Covered="True" />
        </Method>
        <Method Name="get_Id():System.Guid" CoveredStatements="1" TotalStatements="1" CoveragePercent="100">
          <Statement FileIndex="105" Line="9" Column="22" EndLine="9" EndColumn="26" Covered="True" />
        </Method>
        <Method Name="get_OrderItems():System.Collections.Generic.IEnumerable&lt;CoffeeSpace.Domain.Ordering.Orders.OrderItem&gt;" CoveredStatements="1" TotalStatements="1" CoveragePercent="100">
          <Statement FileIndex="105" Line="19" Column="57" EndLine="19" EndColumn="61" Covered="True" />
        </Method>
        <Method Name="get_PaymentInfo():CoffeeSpace.OrderingApi.Application.Contracts.Requests.PaymentInfo.CreatePaymentInfoRequest" CoveredStatements="1" TotalStatements="1" CoveragePercent="100">
          <Statement FileIndex="105" Line="17" Column="60" EndLine="17" EndColumn="64" Covered="True" />
        </Method>
        <Method Name="get_Status():CoffeeSpace.Domain.Ordering.Orders.OrderStatus" CoveredStatements="1" TotalStatements="1" CoveragePercent="100">
          <Statement FileIndex="105" Line="13" Column="42" EndLine="13" EndColumn="46" Covered="True" />
        </Method>
        <Method Name="set_Address(CoffeeSpace.OrderingApi.Application.Contracts.Requests.Addresses.CreateAddressRequest):System.Void" CoveredStatements="1" TotalStatements="1" CoveragePercent="100">
          <Statement FileIndex="105" Line="15" Column="57" EndLine="15" EndColumn="62" Covered="True" />
        </Method>
        <Method Name="set_BuyerId(System.Guid):System.Void" CoveredStatements="1" TotalStatements="1" CoveragePercent="100">
          <Statement FileIndex="105" Line="11" Column="32" EndLine="11" EndColumn="45" Covered="True" />
        </Method>
        <Method Name="set_OrderItems(System.Collections.Generic.IEnumerable&lt;CoffeeSpace.Domain.Ordering.Orders.OrderItem&gt;):System.Void" CoveredStatements="1" TotalStatements="1" CoveragePercent="100">
          <Statement FileIndex="105" Line="19" Column="62" EndLine="19" EndColumn="67" Covered="True" />
        </Method>
        <Method Name="set_PaymentInfo(CoffeeSpace.OrderingApi.Application.Contracts.Requests.PaymentInfo.CreatePaymentInfoRequest):System.Void" CoveredStatements="1" TotalStatements="1" CoveragePercent="100">
          <Statement FileIndex="105" Line="17" Column="65" EndLine="17" EndColumn="70" Covered="True" />
        </Method>
        <Method Name="set_Status(CoffeeSpace.Domain.Ordering.Orders.OrderStatus):System.Void" CoveredStatements="1" TotalStatements="1" CoveragePercent="100">
          <Statement FileIndex="105" Line="13" Column="47" EndLine="13" EndColumn="52" Covered="True" />
        </Method>
      </Type>
      <Type Name="DeleteOrderRequest" CoveredStatements="4" TotalStatements="4" CoveragePercent="100">
        <Method Name="get_BuyerId():System.Guid" CoveredStatements="1" TotalStatements="1" CoveragePercent="100">
          <Statement FileIndex="106" Line="7" Column="36" EndLine="7" EndColumn="40" Covered="True" />
        </Method>
        <Method Name="get_Id():System.Guid" CoveredStatements="1" TotalStatements="1" CoveragePercent="100">
          <Statement FileIndex="106" Line="5" Column="31" EndLine="5" EndColumn="35" Covered="True" />
        </Method>
        <Method Name="set_BuyerId(System.Guid):System.Void" CoveredStatements="1" TotalStatements="1" CoveragePercent="100">
          <Statement FileIndex="106" Line="7" Column="41" EndLine="7" EndColumn="46" Covered="True" />
        </Method>
        <Method Name="set_Id(System.Guid):System.Void" CoveredStatements="1" TotalStatements="1" CoveragePercent="100">
          <Statement FileIndex="106" Line="5" Column="36" EndLine="5" EndColumn="41" Covered="True" />
        </Method>
      </Type>
      <Type Name="GetAllOrdersByBuyerIdRequest" CoveredStatements="2" TotalStatements="2" CoveragePercent="100">
        <Method Name="get_BuyerId():System.Guid" CoveredStatements="1" TotalStatements="1" CoveragePercent="100">
          <Statement FileIndex="107" Line="5" Column="36" EndLine="5" EndColumn="40" Covered="True" />
        </Method>
        <Method Name="set_BuyerId(System.Guid):System.Void" CoveredStatements="1" TotalStatements="1" CoveragePercent="100">
          <Statement FileIndex="107" Line="5" Column="41" EndLine="5" EndColumn="46" Covered="True" />
        </Method>
      </Type>
      <Type Name="GetOrderByIdRequest" CoveredStatements="4" TotalStatements="4" CoveragePercent="100">
        <Method Name="get_BuyerId():System.Guid" CoveredStatements="1" TotalStatements="1" CoveragePercent="100">
          <Statement FileIndex="108" Line="7" Column="36" EndLine="7" EndColumn="40" Covered="True" />
        </Method>
        <Method Name="get_Id():System.Guid" CoveredStatements="1" TotalStatements="1" CoveragePercent="100">
          <Statement FileIndex="108" Line="5" Column="31" EndLine="5" EndColumn="35" Covered="True" />
        </Method>
        <Method Name="set_BuyerId(System.Guid):System.Void" CoveredStatements="1" TotalStatements="1" CoveragePercent="100">
          <Statement FileIndex="108" Line="7" Column="41" EndLine="7" EndColumn="46" Covered="True" />
        </Method>
        <Method Name="set_Id(System.Guid):System.Void" CoveredStatements="1" TotalStatements="1" CoveragePercent="100">
          <Statement FileIndex="108" Line="5" Column="36" EndLine="5" EndColumn="41" Covered="True" />
        </Method>
      </Type>
    </Namespace>
    <Namespace Name="CoffeeSpace.OrderingApi.Application.Contracts.Requests.PaymentInfo" CoveredStatements="12" TotalStatements="24" CoveragePercent="50">
      <Type Name="CreatePaymentInfoRequest" CoveredStatements="12" TotalStatements="12" CoveragePercent="100">
        <Method Name=".ctor():System.Void" CoveredStatements="1" TotalStatements="1" CoveragePercent="100">
          <Statement FileIndex="109" Line="7" Column="31" EndLine="7" EndColumn="45" Covered="True" />
        </Method>
        <Method Name="get_CardNumber():System.String" CoveredStatements="1" TotalStatements="1" CoveragePercent="100">
          <Statement FileIndex="109" Line="9" Column="41" EndLine="9" EndColumn="45" Covered="True" />
        </Method>
        <Method Name="get_CardType():CoffeeSpace.Domain.Ordering.BuyerInfo.CardInfo.CardType" CoveredStatements="1" TotalStatements="1" CoveragePercent="100">
          <Statement FileIndex="109" Line="17" Column="41" EndLine="17" EndColumn="45" Covered="True" />
        </Method>
        <Method Name="get_ExpirationMonth():System.Int32" CoveredStatements="1" TotalStatements="1" CoveragePercent="100">
          <Statement FileIndex="109" Line="13" Column="43" EndLine="13" EndColumn="47" Covered="True" />
        </Method>
        <Method Name="get_ExpirationYear():System.Int32" CoveredStatements="1" TotalStatements="1" CoveragePercent="100">
          <Statement FileIndex="109" Line="15" Column="42" EndLine="15" EndColumn="46" Covered="True" />
        </Method>
        <Method Name="get_Id():System.Guid" CoveredStatements="1" TotalStatements="1" CoveragePercent="100">
          <Statement FileIndex="109" Line="7" Column="22" EndLine="7" EndColumn="26" Covered="True" />
        </Method>
        <Method Name="get_SecurityNumber():System.String" CoveredStatements="1" TotalStatements="1" CoveragePercent="100">
          <Statement FileIndex="109" Line="11" Column="45" EndLine="11" EndColumn="49" Covered="True" />
        </Method>
        <Method Name="set_CardNumber(System.String):System.Void" CoveredStatements="1" TotalStatements="1" CoveragePercent="100">
          <Statement FileIndex="109" Line="9" Column="46" EndLine="9" EndColumn="51" Covered="True" />
        </Method>
        <Method Name="set_CardType(CoffeeSpace.Domain.Ordering.BuyerInfo.CardInfo.CardType):System.Void" CoveredStatements="1" TotalStatements="1" CoveragePercent="100">
          <Statement FileIndex="109" Line="17" Column="46" EndLine="17" EndColumn="51" Covered="True" />
        </Method>
        <Method Name="set_ExpirationMonth(System.Int32):System.Void" CoveredStatements="1" TotalStatements="1" CoveragePercent="100">
          <Statement FileIndex="109" Line="13" Column="48" EndLine="13" EndColumn="53" Covered="True" />
        </Method>
        <Method Name="set_ExpirationYear(System.Int32):System.Void" CoveredStatements="1" TotalStatements="1" CoveragePercent="100">
          <Statement FileIndex="109" Line="15" Column="47" EndLine="15" EndColumn="52" Covered="True" />
        </Method>
        <Method Name="set_SecurityNumber(System.String):System.Void" CoveredStatements="1" TotalStatements="1" CoveragePercent="100">
          <Statement FileIndex="109" Line="11" Column="50" EndLine="11" EndColumn="55" Covered="True" />
        </Method>
      </Type>
      <Type Name="UpdatePaymentInfoRequest" CoveredStatements="0" TotalStatements="12" CoveragePercent="0">
        <Method Name="get_CardNumber():System.String" CoveredStatements="0" TotalStatements="1" CoveragePercent="0">
          <Statement FileIndex="110" Line="9" Column="41" EndLine="9" EndColumn="45" Covered="False" />
        </Method>
        <Method Name="get_CardType():CoffeeSpace.Domain.Ordering.BuyerInfo.CardInfo.CardType" CoveredStatements="0" TotalStatements="1" CoveragePercent="0">
          <Statement FileIndex="110" Line="17" Column="41" EndLine="17" EndColumn="45" Covered="False" />
        </Method>
        <Method Name="get_ExpirationMonth():System.Int32" CoveredStatements="0" TotalStatements="1" CoveragePercent="0">
          <Statement FileIndex="110" Line="13" Column="43" EndLine="13" EndColumn="47" Covered="False" />
        </Method>
        <Method Name="get_ExpirationYear():System.Int32" CoveredStatements="0" TotalStatements="1" CoveragePercent="0">
          <Statement FileIndex="110" Line="15" Column="42" EndLine="15" EndColumn="46" Covered="False" />
        </Method>
        <Method Name="get_Id():System.Guid" CoveredStatements="0" TotalStatements="1" CoveragePercent="0">
          <Statement FileIndex="110" Line="7" Column="22" EndLine="7" EndColumn="26" Covered="False" />
        </Method>
        <Method Name="get_SecurityNumber():System.String" CoveredStatements="0" TotalStatements="1" CoveragePercent="0">
          <Statement FileIndex="110" Line="11" Column="45" EndLine="11" EndColumn="49" Covered="False" />
        </Method>
        <Method Name="set_CardNumber(System.String):System.Void" CoveredStatements="0" TotalStatements="1" CoveragePercent="0">
          <Statement FileIndex="110" Line="9" Column="46" EndLine="9" EndColumn="51" Covered="False" />
        </Method>
        <Method Name="set_CardType(CoffeeSpace.Domain.Ordering.BuyerInfo.CardInfo.CardType):System.Void" CoveredStatements="0" TotalStatements="1" CoveragePercent="0">
          <Statement FileIndex="110" Line="17" Column="46" EndLine="17" EndColumn="51" Covered="False" />
        </Method>
        <Method Name="set_ExpirationMonth(System.Int32):System.Void" CoveredStatements="0" TotalStatements="1" CoveragePercent="0">
          <Statement FileIndex="110" Line="13" Column="48" EndLine="13" EndColumn="53" Covered="False" />
        </Method>
        <Method Name="set_ExpirationYear(System.Int32):System.Void" CoveredStatements="0" TotalStatements="1" CoveragePercent="0">
          <Statement FileIndex="110" Line="15" Column="47" EndLine="15" EndColumn="52" Covered="False" />
        </Method>
        <Method Name="set_Id(System.Guid):System.Void" CoveredStatements="0" TotalStatements="1" CoveragePercent="0">
          <Statement FileIndex="110" Line="7" Column="27" EndLine="7" EndColumn="40" Covered="False" />
        </Method>
        <Method Name="set_SecurityNumber(System.String):System.Void" CoveredStatements="0" TotalStatements="1" CoveragePercent="0">
          <Statement FileIndex="110" Line="11" Column="50" EndLine="11" EndColumn="55" Covered="False" />
        </Method>
      </Type>
    </Namespace>
    <Namespace Name="CoffeeSpace.OrderingApi.Application.Contracts.Responses.Addressses" CoveredStatements="8" TotalStatements="8" CoveragePercent="100">
      <Type Name="AddressResponse" CoveredStatements="8" TotalStatements="8" CoveragePercent="100">
        <Method Name="get_City():System.String" CoveredStatements="1" TotalStatements="1" CoveragePercent="100">
          <Statement FileIndex="111" Line="9" Column="35" EndLine="9" EndColumn="39" Covered="True" />
        </Method>
        <Method Name="get_Country():System.String" CoveredStatements="1" TotalStatements="1" CoveragePercent="100">
          <Statement FileIndex="111" Line="11" Column="38" EndLine="11" EndColumn="42" Covered="True" />
        </Method>
        <Method Name="get_Id():System.String" CoveredStatements="1" TotalStatements="1" CoveragePercent="100">
          <Statement FileIndex="111" Line="5" Column="33" EndLine="5" EndColumn="37" Covered="True" />
        </Method>
        <Method Name="get_Street():System.String" CoveredStatements="1" TotalStatements="1" CoveragePercent="100">
          <Statement FileIndex="111" Line="7" Column="37" EndLine="7" EndColumn="41" Covered="True" />
        </Method>
        <Method Name="set_City(System.String):System.Void" CoveredStatements="1" TotalStatements="1" CoveragePercent="100">
          <Statement FileIndex="111" Line="9" Column="40" EndLine="9" EndColumn="45" Covered="True" />
        </Method>
        <Method Name="set_Country(System.String):System.Void" CoveredStatements="1" TotalStatements="1" CoveragePercent="100">
          <Statement FileIndex="111" Line="11" Column="43" EndLine="11" EndColumn="48" Covered="True" />
        </Method>
        <Method Name="set_Id(System.String):System.Void" CoveredStatements="1" TotalStatements="1" CoveragePercent="100">
          <Statement FileIndex="111" Line="5" Column="38" EndLine="5" EndColumn="43" Covered="True" />
        </Method>
        <Method Name="set_Street(System.String):System.Void" CoveredStatements="1" TotalStatements="1" CoveragePercent="100">
          <Statement FileIndex="111" Line="7" Column="42" EndLine="7" EndColumn="47" Covered="True" />
        </Method>
      </Type>
    </Namespace>
    <Namespace Name="CoffeeSpace.OrderingApi.Application.Contracts.Responses.Buyers" CoveredStatements="8" TotalStatements="8" CoveragePercent="100">
      <Type Name="BuyerResponse" CoveredStatements="8" TotalStatements="8" CoveragePercent="100">
        <Method Name="get_Email():System.String" CoveredStatements="1" TotalStatements="1" CoveragePercent="100">
          <Statement FileIndex="112" Line="11" Column="36" EndLine="11" EndColumn="40" Covered="True" />
        </Method>
        <Method Name="get_Id():System.String" CoveredStatements="1" TotalStatements="1" CoveragePercent="100">
          <Statement FileIndex="112" Line="7" Column="33" EndLine="7" EndColumn="37" Covered="True" />
        </Method>
        <Method Name="get_Name():System.String" CoveredStatements="1" TotalStatements="1" CoveragePercent="100">
          <Statement FileIndex="112" Line="9" Column="35" EndLine="9" EndColumn="39" Covered="True" />
        </Method>
        <Method Name="get_Orders():System.Collections.Generic.IEnumerable&lt;CoffeeSpace.OrderingApi.Application.Contracts.Responses.Orders.OrderResponse&gt;" CoveredStatements="1" TotalStatements="1" CoveragePercent="100">
          <Statement FileIndex="112" Line="13" Column="49" EndLine="13" EndColumn="53" Covered="True" />
        </Method>
        <Method Name="set_Email(System.String):System.Void" CoveredStatements="1" TotalStatements="1" CoveragePercent="100">
          <Statement FileIndex="112" Line="11" Column="41" EndLine="11" EndColumn="46" Covered="True" />
        </Method>
        <Method Name="set_Id(System.String):System.Void" CoveredStatements="1" TotalStatements="1" CoveragePercent="100">
          <Statement FileIndex="112" Line="7" Column="38" EndLine="7" EndColumn="43" Covered="True" />
        </Method>
        <Method Name="set_Name(System.String):System.Void" CoveredStatements="1" TotalStatements="1" CoveragePercent="100">
          <Statement FileIndex="112" Line="9" Column="40" EndLine="9" EndColumn="45" Covered="True" />
        </Method>
        <Method Name="set_Orders(System.Collections.Generic.IEnumerable&lt;CoffeeSpace.OrderingApi.Application.Contracts.Responses.Orders.OrderResponse&gt;):System.Void" CoveredStatements="1" TotalStatements="1" CoveragePercent="100">
          <Statement FileIndex="112" Line="13" Column="54" EndLine="13" EndColumn="59" Covered="True" />
        </Method>
      </Type>
    </Namespace>
    <Namespace Name="CoffeeSpace.OrderingApi.Application.Contracts.Responses.Orders" CoveredStatements="8" TotalStatements="8" CoveragePercent="100">
      <Type Name="OrderResponse" CoveredStatements="8" TotalStatements="8" CoveragePercent="100">
        <Method Name="get_Address():CoffeeSpace.OrderingApi.Application.Contracts.Responses.Addressses.AddressResponse" CoveredStatements="1" TotalStatements="1" CoveragePercent="100">
          <Statement FileIndex="113" Line="12" Column="47" EndLine="12" EndColumn="51" Covered="True" />
        </Method>
        <Method Name="get_Id():System.String" CoveredStatements="1" TotalStatements="1" CoveragePercent="100">
          <Statement FileIndex="113" Line="8" Column="33" EndLine="8" EndColumn="37" Covered="True" />
        </Method>
        <Method Name="get_OrderItems():System.Collections.Generic.IEnumerable&lt;CoffeeSpace.Domain.Ordering.Orders.OrderItem&gt;" CoveredStatements="1" TotalStatements="1" CoveragePercent="100">
          <Statement FileIndex="113" Line="14" Column="57" EndLine="14" EndColumn="61" Covered="True" />
        </Method>
        <Method Name="get_Status():CoffeeSpace.Domain.Ordering.Orders.OrderStatus" CoveredStatements="1" TotalStatements="1" CoveragePercent="100">
          <Statement FileIndex="113" Line="10" Column="42" EndLine="10" EndColumn="46" Covered="True" />
        </Method>
        <Method Name="set_Address(CoffeeSpace.OrderingApi.Application.Contracts.Responses.Addressses.AddressResponse):System.Void" CoveredStatements="1" TotalStatements="1" CoveragePercent="100">
          <Statement FileIndex="113" Line="12" Column="52" EndLine="12" EndColumn="57" Covered="True" />
        </Method>
        <Method Name="set_Id(System.String):System.Void" CoveredStatements="1" TotalStatements="1" CoveragePercent="100">
          <Statement FileIndex="113" Line="8" Column="38" EndLine="8" EndColumn="43" Covered="True" />
        </Method>
        <Method Name="set_OrderItems(System.Collections.Generic.IEnumerable&lt;CoffeeSpace.Domain.Ordering.Orders.OrderItem&gt;):System.Void" CoveredStatements="1" TotalStatements="1" CoveragePercent="100">
          <Statement FileIndex="113" Line="14" Column="62" EndLine="14" EndColumn="67" Covered="True" />
        </Method>
        <Method Name="set_Status(CoffeeSpace.Domain.Ordering.Orders.OrderStatus):System.Void" CoveredStatements="1" TotalStatements="1" CoveragePercent="100">
          <Statement FileIndex="113" Line="10" Column="47" EndLine="10" EndColumn="52" Covered="True" />
        </Method>
      </Type>
    </Namespace>
    <Namespace Name="CoffeeSpace.OrderingApi.Application.Extensions" CoveredStatements="12" TotalStatements="12" CoveragePercent="100">
      <Type Name="ApiVersionExtensions" CoveredStatements="9" TotalStatements="9" CoveragePercent="100">
        <Type Name="&lt;&gt;c__DisplayClass0_0" CoveredStatements="6" TotalStatements="6" CoveragePercent="100">
          <Method Name="&lt;AddApiVersioning&gt;b__0(Asp.Versioning.ApiVersioningOptions):System.Void" CoveredStatements="6" TotalStatements="6" CoveragePercent="100">
            <Statement FileIndex="114" Line="10" Column="13" EndLine="10" EndColumn="14" Covered="True" />
            <Statement FileIndex="114" Line="11" Column="17" EndLine="11" EndColumn="45" Covered="True" />
            <Statement FileIndex="114" Line="12" Column="17" EndLine="12" EndColumn="59" Covered="True" />
            <Statement FileIndex="114" Line="13" Column="17" EndLine="13" EndColumn="44" Covered="True" />
            <Statement FileIndex="114" Line="14" Column="17" EndLine="14" EndColumn="78" Covered="True" />
            <Statement FileIndex="114" Line="15" Column="13" EndLine="15" EndColumn="14" Covered="True" />
          </Method>
        </Type>
        <Method Name="AddApiVersioning(Microsoft.Extensions.DependencyInjection.IServiceCollection,Asp.Versioning.IApiVersionReader,System.Boolean):Asp.Versioning.IApiVersioningBuilder" CoveredStatements="3" TotalStatements="3" CoveragePercent="100">
          <Statement FileIndex="114" Line="8" Column="5" EndLine="8" EndColumn="6" Covered="True" />
          <Statement FileIndex="114" Line="9" Column="9" EndLine="15" EndColumn="16" Covered="True" />
          <Statement FileIndex="114" Line="16" Column="5" EndLine="16" EndColumn="6" Covered="True" />
        </Method>
      </Type>
      <Type Name="HealthChecksExtensions" CoveredStatements="3" TotalStatements="3" CoveragePercent="100">
        <Method Name="AddServiceHealthChecks(Microsoft.Extensions.DependencyInjection.IServiceCollection,Microsoft.AspNetCore.Builder.WebApplicationBuilder):Microsoft.Extensions.DependencyInjection.IHealthChecksBuilder" CoveredStatements="3" TotalStatements="3" CoveragePercent="100">
          <Statement FileIndex="115" Line="6" Column="5" EndLine="6" EndColumn="6" Covered="True" />
          <Statement FileIndex="115" Line="7" Column="9" EndLine="10" EndColumn="113" Covered="True" />
          <Statement FileIndex="115" Line="11" Column="5" EndLine="11" EndColumn="6" Covered="True" />
        </Method>
      </Type>
    </Namespace>
    <Namespace Name="CoffeeSpace.OrderingApi.Application.Helpers" CoveredStatements="4" TotalStatements="4" CoveragePercent="100">
      <Type Name="CacheKeys" CoveredStatements="4" TotalStatements="4" CoveragePercent="100">
        <Type Name="Buyers" CoveredStatements="2" TotalStatements="2" CoveragePercent="100">
          <Method Name="Get(System.String):System.String" CoveredStatements="1" TotalStatements="1" CoveragePercent="100">
            <Statement FileIndex="117" Line="7" Column="48" EndLine="7" EndColumn="62" Covered="True" />
          </Method>
          <Method Name="GetByEmail(System.String):System.String" CoveredStatements="1" TotalStatements="1" CoveragePercent="100">
            <Statement FileIndex="117" Line="8" Column="58" EndLine="8" EndColumn="81" Covered="True" />
          </Method>
        </Type>
        <Type Name="Order" CoveredStatements="2" TotalStatements="2" CoveragePercent="100">
          <Method Name="GetAll(System.String):System.String" CoveredStatements="1" TotalStatements="1" CoveragePercent="100">
            <Statement FileIndex="117" Line="13" Column="59" EndLine="13" EndColumn="85" Covered="True" />
          </Method>
          <Method Name="GetByCustomerId(System.String,System.String):System.String" CoveredStatements="1" TotalStatements="1" CoveragePercent="100">
            <Statement FileIndex="117" Line="14" Column="79" EndLine="14" EndColumn="106" Covered="True" />
          </Method>
        </Type>
      </Type>
    </Namespace>
    <Namespace Name="CoffeeSpace.OrderingApi.Application.Mapping" CoveredStatements="53" TotalStatements="53" CoveragePercent="100">
      <Type Name="BuyerMappingProfile" CoveredStatements="25" TotalStatements="25" CoveragePercent="100">
        <Type Name="&lt;&gt;c" CoveredStatements="1" TotalStatements="1" CoveragePercent="100">
          <Method Name="&lt;ToResponse&gt;b__0_0(CoffeeSpace.Domain.Ordering.Orders.Order):CoffeeSpace.OrderingApi.Application.Contracts.Responses.Orders.OrderResponse" CoveredStatements="1" TotalStatements="1" CoveragePercent="100">
            <Statement FileIndex="209" Line="14" Column="106" EndLine="14" EndColumn="127" Covered="True" />
          </Method>
        </Type>
        <Method Name="MapToAddressResponse(CoffeeSpace.Domain.Ordering.BuyerInfo.Address):CoffeeSpace.OrderingApi.Application.Contracts.Responses.Addressses.AddressResponse" CoveredStatements="4" TotalStatements="4" CoveragePercent="100">
          <Statement FileIndex="209" Line="54" Column="9" EndLine="54" EndColumn="10" Covered="True" />
          <Statement FileIndex="209" Line="55" Column="13" EndLine="61" EndColumn="15" Covered="True" />
          <Statement FileIndex="209" Line="62" Column="13" EndLine="62" EndColumn="27" Covered="True" />
          <Statement FileIndex="209" Line="63" Column="9" EndLine="63" EndColumn="10" Covered="True" />
        </Method>
        <Method Name="MapToOrderResponse(CoffeeSpace.Domain.Ordering.Orders.Order):CoffeeSpace.OrderingApi.Application.Contracts.Responses.Orders.OrderResponse" CoveredStatements="4" TotalStatements="4" CoveragePercent="100">
          <Statement FileIndex="209" Line="42" Column="9" EndLine="42" EndColumn="10" Covered="True" />
          <Statement FileIndex="209" Line="43" Column="13" EndLine="49" EndColumn="15" Covered="True" />
          <Statement FileIndex="209" Line="50" Column="13" EndLine="50" EndColumn="27" Covered="True" />
          <Statement FileIndex="209" Line="51" Column="9" EndLine="51" EndColumn="10" Covered="True" />
        </Method>
        <Method Name="ToBuyer(CoffeeSpace.OrderingApi.Application.Contracts.Requests.Buyers.CreateBuyerRequest):CoffeeSpace.Domain.Ordering.BuyerInfo.Buyer" CoveredStatements="4" TotalStatements="4" CoveragePercent="100">
          <Statement FileIndex="209" Line="20" Column="9" EndLine="20" EndColumn="10" Covered="True" />
          <Statement FileIndex="209" Line="21" Column="13" EndLine="26" EndColumn="15" Covered="True" />
          <Statement FileIndex="209" Line="27" Column="13" EndLine="27" EndColumn="27" Covered="True" />
          <Statement FileIndex="209" Line="28" Column="9" EndLine="28" EndColumn="10" Covered="True" />
        </Method>
        <Method Name="ToBuyer(CoffeeSpace.OrderingApi.Application.Contracts.Requests.Buyers.UpdateBuyerRequest,System.Guid):CoffeeSpace.Domain.Ordering.BuyerInfo.Buyer" CoveredStatements="4" TotalStatements="4" CoveragePercent="100">
          <Statement FileIndex="118" Line="18" Column="5" EndLine="18" EndColumn="6" Covered="True" />
          <Statement FileIndex="118" Line="19" Column="9" EndLine="19" EndColumn="25" Covered="True" />
          <Statement FileIndex="118" Line="20" Column="9" EndLine="20" EndColumn="34" Covered="True" />
          <Statement FileIndex="118" Line="21" Column="5" EndLine="21" EndColumn="6" Covered="True" />
        </Method>
        <Method Name="ToBuyer(CoffeeSpace.OrderingApi.Application.Contracts.Requests.Buyers.UpdateBuyerRequest):CoffeeSpace.Domain.Ordering.BuyerInfo.Buyer" CoveredStatements="4" TotalStatements="4" CoveragePercent="100">
          <Statement FileIndex="209" Line="31" Column="9" EndLine="31" EndColumn="10" Covered="True" />
          <Statement FileIndex="209" Line="32" Column="13" EndLine="37" EndColumn="15" Covered="True" />
          <Statement FileIndex="209" Line="38" Column="13" EndLine="38" EndColumn="27" Covered="True" />
          <Statement FileIndex="209" Line="39" Column="9" EndLine="39" EndColumn="10" Covered="True" />
        </Method>
        <Method Name="ToResponse(CoffeeSpace.Domain.Ordering.BuyerInfo.Buyer):CoffeeSpace.OrderingApi.Application.Contracts.Responses.Buyers.BuyerResponse" CoveredStatements="4" TotalStatements="4" CoveragePercent="100">
          <Statement FileIndex="209" Line="8" Column="9" EndLine="8" EndColumn="10" Covered="True" />
          <Statement FileIndex="209" Line="9" Column="13" EndLine="15" EndColumn="15" Covered="True" />
          <Statement FileIndex="209" Line="16" Column="13" EndLine="16" EndColumn="27" Covered="True" />
          <Statement FileIndex="209" Line="17" Column="9" EndLine="17" EndColumn="10" Covered="True" />
        </Method>
      </Type>
      <Type Name="OrderItemMappingProfile" CoveredStatements="4" TotalStatements="4" CoveragePercent="100">
        <Method Name="ToProduct(CoffeeSpace.Domain.Ordering.Orders.OrderItem):CoffeeSpace.Domain.Products.Product" CoveredStatements="4" TotalStatements="4" CoveragePercent="100">
          <Statement FileIndex="210" Line="8" Column="9" EndLine="8" EndColumn="10" Covered="True" />
          <Statement FileIndex="210" Line="9" Column="13" EndLine="17" EndColumn="15" Covered="True" />
          <Statement FileIndex="210" Line="18" Column="13" EndLine="18" EndColumn="27" Covered="True" />
          <Statement FileIndex="210" Line="19" Column="9" EndLine="19" EndColumn="10" Covered="True" />
        </Method>
      </Type>
      <Type Name="OrderMappingProfile" CoveredStatements="24" TotalStatements="24" CoveragePercent="100">
        <Method Name="MapToAddress(CoffeeSpace.OrderingApi.Application.Contracts.Requests.Addresses.CreateAddressRequest):CoffeeSpace.Domain.Ordering.BuyerInfo.Address" CoveredStatements="4" TotalStatements="4" CoveragePercent="100">
          <Statement FileIndex="211" Line="46" Column="9" EndLine="46" EndColumn="10" Covered="True" />
          <Statement FileIndex="211" Line="47" Column="13" EndLine="53" EndColumn="15" Covered="True" />
          <Statement FileIndex="211" Line="54" Column="13" EndLine="54" EndColumn="27" Covered="True" />
          <Statement FileIndex="211" Line="55" Column="9" EndLine="55" EndColumn="10" Covered="True" />
        </Method>
        <Method Name="MapToAddressResponse(CoffeeSpace.Domain.Ordering.BuyerInfo.Address):CoffeeSpace.OrderingApi.Application.Contracts.Responses.Addressses.AddressResponse" CoveredStatements="4" TotalStatements="4" CoveragePercent="100">
          <Statement FileIndex="211" Line="34" Column="9" EndLine="34" EndColumn="10" Covered="True" />
          <Statement FileIndex="211" Line="35" Column="13" EndLine="41" EndColumn="15" Covered="True" />
          <Statement FileIndex="211" Line="42" Column="13" EndLine="42" EndColumn="27" Covered="True" />
          <Statement FileIndex="211" Line="43" Column="9" EndLine="43" EndColumn="10" Covered="True" />
        </Method>
        <Method Name="MapToPaymentInfo(CoffeeSpace.OrderingApi.Application.Contracts.Requests.PaymentInfo.CreatePaymentInfoRequest):CoffeeSpace.Domain.Ordering.BuyerInfo.CardInfo.PaymentInfo" CoveredStatements="4" TotalStatements="4" CoveragePercent="100">
          <Statement FileIndex="211" Line="58" Column="9" EndLine="58" EndColumn="10" Covered="True" />
          <Statement FileIndex="211" Line="59" Column="13" EndLine="67" EndColumn="15" Covered="True" />
          <Statement FileIndex="211" Line="68" Column="13" EndLine="68" EndColumn="27" Covered="True" />
          <Statement FileIndex="211" Line="69" Column="9" EndLine="69" EndColumn="10" Covered="True" />
        </Method>
        <Method Name="ToOrder(CoffeeSpace.OrderingApi.Application.Contracts.Requests.Orders.CreateOrderRequest,System.Guid):CoffeeSpace.Domain.Ordering.Orders.Order" CoveredStatements="4" TotalStatements="4" CoveragePercent="100">
          <Statement FileIndex="120" Line="16" Column="5" EndLine="16" EndColumn="6" Covered="True" />
          <Statement FileIndex="120" Line="17" Column="9" EndLine="17" EndColumn="35" Covered="True" />
          <Statement FileIndex="120" Line="19" Column="9" EndLine="19" EndColumn="34" Covered="True" />
          <Statement FileIndex="120" Line="20" Column="5" EndLine="20" EndColumn="6" Covered="True" />
        </Method>
        <Method Name="ToOrder(CoffeeSpace.OrderingApi.Application.Contracts.Requests.Orders.CreateOrderRequest):CoffeeSpace.Domain.Ordering.Orders.Order" CoveredStatements="4" TotalStatements="4" CoveragePercent="100">
          <Statement FileIndex="211" Line="20" Column="9" EndLine="20" EndColumn="10" Covered="True" />
          <Statement FileIndex="211" Line="21" Column="13" EndLine="29" EndColumn="15" Covered="True" />
          <Statement FileIndex="211" Line="30" Column="13" EndLine="30" EndColumn="27" Covered="True" />
          <Statement FileIndex="211" Line="31" Column="9" EndLine="31" EndColumn="10" Covered="True" />
        </Method>
        <Method Name="ToResponse(CoffeeSpace.Domain.Ordering.Orders.Order):CoffeeSpace.OrderingApi.Application.Contracts.Responses.Orders.OrderResponse" CoveredStatements="4" TotalStatements="4" CoveragePercent="100">
          <Statement FileIndex="211" Line="8" Column="9" EndLine="8" EndColumn="10" Covered="True" />
          <Statement FileIndex="211" Line="9" Column="13" EndLine="15" EndColumn="15" Covered="True" />
          <Statement FileIndex="211" Line="16" Column="13" EndLine="16" EndColumn="27" Covered="True" />
          <Statement FileIndex="211" Line="17" Column="9" EndLine="17" EndColumn="10" Covered="True" />
        </Method>
      </Type>
    </Namespace>
    <Namespace Name="CoffeeSpace.OrderingApi.Application.Messaging.Masstransit.Consumers" CoveredStatements="22" TotalStatements="22" CoveragePercent="100">
      <Type Name="RegisterNewBuyerConsumer" CoveredStatements="9" TotalStatements="9" CoveragePercent="100">
        <Method Name=".ctor(CoffeeSpace.OrderingApi.Application.Services.Abstractions.IBuyerService,Microsoft.Extensions.Logging.ILogger&lt;CoffeeSpace.OrderingApi.Application.Messaging.Masstransit.Consumers.RegisterNewBuyerConsumer&gt;):System.Void" CoveredStatements="5" TotalStatements="5" CoveragePercent="100">
          <Statement FileIndex="121" Line="13" Column="5" EndLine="13" EndColumn="106" Covered="True" />
          <Statement FileIndex="121" Line="14" Column="5" EndLine="14" EndColumn="6" Covered="True" />
          <Statement FileIndex="121" Line="15" Column="9" EndLine="15" EndColumn="38" Covered="True" />
          <Statement FileIndex="121" Line="16" Column="9" EndLine="16" EndColumn="26" Covered="True" />
          <Statement FileIndex="121" Line="17" Column="5" EndLine="17" EndColumn="6" Covered="True" />
        </Method>
        <Method Name="Consume(MassTransit.ConsumeContext&lt;CoffeeSpace.Messages.Buyers.RegisterNewBuyer&gt;):System.Threading.Tasks.Task" CoveredStatements="4" TotalStatements="4" CoveragePercent="100">
          <Statement FileIndex="121" Line="20" Column="5" EndLine="20" EndColumn="6" Covered="True" />
          <Statement FileIndex="121" Line="21" Column="9" EndLine="21" EndColumn="102" Covered="True" />
          <Statement FileIndex="121" Line="22" Column="9" EndLine="27" EndColumn="39" Covered="True" />
          <Statement FileIndex="121" Line="28" Column="5" EndLine="28" EndColumn="6" Covered="True" />
        </Method>
      </Type>
      <Type Name="UpdateOrderStatusConsumer" CoveredStatements="13" TotalStatements="13" CoveragePercent="100">
        <Type Name="&lt;Consume&gt;d__3" CoveredStatements="8" TotalStatements="8" CoveragePercent="100">
          <Method Name="MoveNext():System.Void" CoveredStatements="8" TotalStatements="8" CoveragePercent="100">
            <Statement FileIndex="122" Line="21" Column="5" EndLine="21" EndColumn="6" Covered="True" />
            <Statement FileIndex="122" Line="22" Column="9" EndLine="22" EndColumn="39" Covered="True" />
            <Statement FileIndex="122" Line="24" Column="9" EndLine="24" EndColumn="146" Covered="True" />
            <Statement FileIndex="122" Line="25" Column="9" EndLine="25" EndColumn="29" Covered="True" />
            <Statement FileIndex="122" Line="26" Column="9" EndLine="26" EndColumn="10" Covered="True" />
            <Statement FileIndex="122" Line="27" Column="13" EndLine="31" EndColumn="43" Covered="True" />
            <Statement FileIndex="122" Line="32" Column="9" EndLine="32" EndColumn="10" Covered="True" />
            <Statement FileIndex="122" Line="33" Column="5" EndLine="33" EndColumn="6" Covered="True" />
          </Method>
        </Type>
        <Method Name=".ctor(CoffeeSpace.OrderingApi.Application.Repositories.Abstractions.IOrderRepository,Mediator.IPublisher):System.Void" CoveredStatements="5" TotalStatements="5" CoveragePercent="100">
          <Statement FileIndex="122" Line="14" Column="5" EndLine="14" EndColumn="93" Covered="True" />
          <Statement FileIndex="122" Line="15" Column="5" EndLine="15" EndColumn="6" Covered="True" />
          <Statement FileIndex="122" Line="16" Column="9" EndLine="16" EndColumn="44" Covered="True" />
          <Statement FileIndex="122" Line="17" Column="9" EndLine="17" EndColumn="32" Covered="True" />
          <Statement FileIndex="122" Line="18" Column="5" EndLine="18" EndColumn="6" Covered="True" />
        </Method>
      </Type>
    </Namespace>
    <Namespace Name="CoffeeSpace.OrderingApi.Application.Messaging.Masstransit.Sagas" CoveredStatements="72" TotalStatements="84" CoveragePercent="86">
      <Type Name="OrderStateInstance" CoveredStatements="11" TotalStatements="14" CoveragePercent="79">
        <Method Name="get_BuyerId():System.String" CoveredStatements="1" TotalStatements="1" CoveragePercent="100">
          <Statement FileIndex="124" Line="13" Column="30" EndLine="13" EndColumn="34" Covered="True" />
        </Method>
        <Method Name="get_CorrelationId():System.Guid" CoveredStatements="1" TotalStatements="1" CoveragePercent="100">
          <Statement FileIndex="124" Line="7" Column="33" EndLine="7" EndColumn="37" Covered="True" />
        </Method>
        <Method Name="get_CurrentState():System.Int32" CoveredStatements="1" TotalStatements="1" CoveragePercent="100">
          <Statement FileIndex="124" Line="9" Column="31" EndLine="9" EndColumn="35" Covered="True" />
        </Method>
        <Method Name="get_OrderId():System.String" CoveredStatements="1" TotalStatements="1" CoveragePercent="100">
          <Statement FileIndex="124" Line="11" Column="30" EndLine="11" EndColumn="34" Covered="True" />
        </Method>
        <Method Name="get_PaymentSuccess():System.Boolean" CoveredStatements="0" TotalStatements="1" CoveragePercent="0">
          <Statement FileIndex="124" Line="19" Column="34" EndLine="19" EndColumn="38" Covered="False" />
        </Method>
        <Method Name="get_StockValidationSuccess():System.Boolean" CoveredStatements="0" TotalStatements="1" CoveragePercent="0">
          <Statement FileIndex="124" Line="17" Column="42" EndLine="17" EndColumn="46" Covered="False" />
        </Method>
        <Method Name="get_UpdateOrderStatudCorrelationId():System.String" CoveredStatements="0" TotalStatements="1" CoveragePercent="0">
          <Statement FileIndex="124" Line="15" Column="53" EndLine="15" EndColumn="57" Covered="False" />
        </Method>
        <Method Name="set_BuyerId(System.String):System.Void" CoveredStatements="1" TotalStatements="1" CoveragePercent="100">
          <Statement FileIndex="124" Line="13" Column="35" EndLine="13" EndColumn="39" Covered="True" />
        </Method>
        <Method Name="set_CorrelationId(System.Guid):System.Void" CoveredStatements="1" TotalStatements="1" CoveragePercent="100">
          <Statement FileIndex="124" Line="7" Column="38" EndLine="7" EndColumn="42" Covered="True" />
        </Method>
        <Method Name="set_CurrentState(System.Int32):System.Void" CoveredStatements="1" TotalStatements="1" CoveragePercent="100">
          <Statement FileIndex="124" Line="9" Column="36" EndLine="9" EndColumn="40" Covered="True" />
        </Method>
        <Method Name="set_OrderId(System.String):System.Void" CoveredStatements="1" TotalStatements="1" CoveragePercent="100">
          <Statement FileIndex="124" Line="11" Column="35" EndLine="11" EndColumn="39" Covered="True" />
        </Method>
        <Method Name="set_PaymentSuccess(System.Boolean):System.Void" CoveredStatements="1" TotalStatements="1" CoveragePercent="100">
          <Statement FileIndex="124" Line="19" Column="39" EndLine="19" EndColumn="43" Covered="True" />
        </Method>
        <Method Name="set_StockValidationSuccess(System.Boolean):System.Void" CoveredStatements="1" TotalStatements="1" CoveragePercent="100">
          <Statement FileIndex="124" Line="17" Column="47" EndLine="17" EndColumn="51" Covered="True" />
        </Method>
        <Method Name="set_UpdateOrderStatudCorrelationId(System.String):System.Void" CoveredStatements="1" TotalStatements="1" CoveragePercent="100">
          <Statement FileIndex="124" Line="15" Column="58" EndLine="15" EndColumn="62" Covered="True" />
        </Method>
      </Type>
      <Type Name="OrderStateMachine" CoveredStatements="61" TotalStatements="70" CoveragePercent="87">
        <Type Name="&lt;&gt;c" CoveredStatements="19" TotalStatements="25" CoveragePercent="76">
          <Method Name="&lt;.ctor&gt;b__20_1(MassTransit.IEventCorrelationConfigurator&lt;CoffeeSpace.OrderingApi.Application.Messaging.Masstransit.Sagas.OrderStateInstance,CoffeeSpace.Messages.Ordering.Events.SubmitOrder&gt;):System.Void" CoveredStatements="1" TotalStatements="1" CoveragePercent="100">
            <Statement FileIndex="125" Line="26" Column="13" EndLine="26" EndColumn="77" Covered="True" />
          </Method>
          <Method Name="&lt;.ctor&gt;b__20_11(MassTransit.BehaviorContext&lt;CoffeeSpace.OrderingApi.Application.Messaging.Masstransit.Sagas.OrderStateInstance,CoffeeSpace.Messages.Ordering.Events.SubmitOrder&gt;):System.Void" CoveredStatements="7" TotalStatements="7" CoveragePercent="100">
            <Statement FileIndex="125" Line="50" Column="17" EndLine="50" EndColumn="18" Covered="True" />
            <Statement FileIndex="125" Line="51" Column="21" EndLine="51" EndColumn="69" Covered="True" />
            <Statement FileIndex="125" Line="52" Column="21" EndLine="52" EndColumn="92" Covered="True" />
            <Statement FileIndex="125" Line="53" Column="21" EndLine="53" EndColumn="74" Covered="True" />
            <Statement FileIndex="125" Line="54" Column="21" EndLine="54" EndColumn="65" Covered="True" />
            <Statement FileIndex="125" Line="55" Column="21" EndLine="55" EndColumn="57" Covered="True" />
            <Statement FileIndex="125" Line="56" Column="17" EndLine="56" EndColumn="18" Covered="True" />
          </Method>
          <Method Name="&lt;.ctor&gt;b__20_12(MassTransit.BehaviorContext&lt;CoffeeSpace.OrderingApi.Application.Messaging.Masstransit.Sagas.OrderStateInstance,CoffeeSpace.Messages.Ordering.Events.SubmitOrder&gt;):System.Threading.Tasks.Task&lt;MassTransit.SendTuple&lt;CoffeeSpace.Messages.Products.Events.OrderStockValidation&gt;&gt;" CoveredStatements="1" TotalStatements="1" CoveragePercent="100">
            <Statement FileIndex="125" Line="57" Column="66" EndLine="61" EndColumn="19" Covered="True" />
          </Method>
          <Method Name="&lt;.ctor&gt;b__20_14(MassTransit.EventActivityBinder&lt;CoffeeSpace.OrderingApi.Application.Messaging.Masstransit.Sagas.OrderStateInstance&gt;):MassTransit.EventActivityBinder&lt;CoffeeSpace.OrderingApi.Application.Messaging.Masstransit.Sagas.OrderStateInstance&gt;" CoveredStatements="1" TotalStatements="1" CoveragePercent="100">
            <Statement FileIndex="125" Line="80" Column="39" EndLine="80" EndColumn="56" Covered="True" />
          </Method>
          <Method Name="&lt;.ctor&gt;b__20_18(MassTransit.BehaviorContext&lt;CoffeeSpace.OrderingApi.Application.Messaging.Masstransit.Sagas.OrderStateInstance,CoffeeSpace.Messages.Products.Responses.OrderStockValidationResult&gt;):System.Threading.Tasks.Task&lt;MassTransit.SendTuple&lt;CoffeeSpace.Messages.Ordering.Events.OrderPaymentValidation&gt;&gt;" CoveredStatements="0" TotalStatements="1" CoveragePercent="0">
            <Statement FileIndex="125" Line="103" Column="68" EndLine="106" EndColumn="19" Covered="False" />
          </Method>
          <Method Name="&lt;.ctor&gt;b__20_19(MassTransit.BehaviorContext&lt;CoffeeSpace.OrderingApi.Application.Messaging.Masstransit.Sagas.OrderStateInstance,CoffeeSpace.Messages.Products.Responses.OrderStockValidationResult&gt;):System.Void" CoveredStatements="0" TotalStatements="1" CoveragePercent="0">
            <Statement FileIndex="125" Line="107" Column="34" EndLine="107" EndColumn="76" Covered="False" />
          </Method>
          <Method Name="&lt;.ctor&gt;b__20_20(MassTransit.BehaviorContext&lt;CoffeeSpace.OrderingApi.Application.Messaging.Masstransit.Sagas.OrderStateInstance,CoffeeSpace.Messages.Ordering.Responses.OrderPaymentValidationResult&gt;):System.Threading.Tasks.Task&lt;MassTransit.SendTuple&lt;CoffeeSpace.Messages.Shipment.Events.RequestOrderShipment&gt;&gt;" CoveredStatements="0" TotalStatements="1" CoveragePercent="0">
            <Statement FileIndex="125" Line="112" Column="59" EndLine="115" EndColumn="19" Covered="False" />
          </Method>
          <Method Name="&lt;.ctor&gt;b__20_21(MassTransit.BehaviorContext&lt;CoffeeSpace.OrderingApi.Application.Messaging.Masstransit.Sagas.OrderStateInstance,CoffeeSpace.Messages.Ordering.Responses.OrderPaymentValidationResult&gt;):System.Void" CoveredStatements="0" TotalStatements="1" CoveragePercent="0">
            <Statement FileIndex="125" Line="116" Column="34" EndLine="116" EndColumn="68" Covered="False" />
          </Method>
          <Method Name="&lt;.ctor&gt;b__20_22(MassTransit.BehaviorContext&lt;CoffeeSpace.OrderingApi.Application.Messaging.Masstransit.Sagas.OrderStateInstance,CoffeeSpace.Messages.Shipment.Responses.OrderShipmentResponse&gt;):System.Threading.Tasks.Task&lt;MassTransit.SendTuple&lt;CoffeeSpace.Messages.Ordering.Events.UpdateOrderStatus&gt;&gt;" CoveredStatements="0" TotalStatements="1" CoveragePercent="0">
            <Statement FileIndex="125" Line="121" Column="42" EndLine="126" EndColumn="19" Covered="False" />
          </Method>
          <Method Name="&lt;.ctor&gt;b__20_23(MassTransit.ConsumeContext&lt;CoffeeSpace.Messages.Ordering.Events.SubmitOrder&gt;):System.Guid" CoveredStatements="1" TotalStatements="1" CoveragePercent="100">
            <Statement FileIndex="125" Line="26" Column="40" EndLine="26" EndColumn="76" Covered="True" />
          </Method>
          <Method Name="&lt;.ctor&gt;b__20_24(MassTransit.ConsumeContext&lt;CoffeeSpace.Messages.Ordering.Events.CancelOrder&gt;):System.Guid" CoveredStatements="0" TotalStatements="1" CoveragePercent="0">
            <Statement FileIndex="125" Line="29" Column="40" EndLine="29" EndColumn="76" Covered="False" />
          </Method>
          <Method Name="&lt;.ctor&gt;b__20_25(CoffeeSpace.Domain.Ordering.Orders.OrderItem):CoffeeSpace.Domain.Products.Product" CoveredStatements="1" TotalStatements="1" CoveragePercent="100">
            <Statement FileIndex="125" Line="60" Column="77" EndLine="60" EndColumn="90" Covered="True" />
          </Method>
          <Method Name="&lt;.ctor&gt;b__20_27(MassTransit.BehaviorContext&lt;CoffeeSpace.OrderingApi.Application.Messaging.Masstransit.Sagas.OrderStateInstance&gt;):System.Boolean" CoveredStatements="1" TotalStatements="1" CoveragePercent="100">
            <Statement FileIndex="125" Line="71" Column="32" EndLine="71" EndColumn="61" Covered="True" />
          </Method>
          <Method Name="&lt;.ctor&gt;b__20_28(MassTransit.EventActivityBinder&lt;CoffeeSpace.OrderingApi.Application.Messaging.Masstransit.Sagas.OrderStateInstance&gt;):MassTransit.EventActivityBinder&lt;CoffeeSpace.OrderingApi.Application.Messaging.Masstransit.Sagas.OrderStateInstance&gt;" CoveredStatements="1" TotalStatements="1" CoveragePercent="100">
            <Statement FileIndex="125" Line="72" Column="21" EndLine="78" EndColumn="28" Covered="True" />
          </Method>
          <Method Name="&lt;.ctor&gt;b__20_29(MassTransit.BehaviorContext&lt;CoffeeSpace.OrderingApi.Application.Messaging.Masstransit.Sagas.OrderStateInstance&gt;):System.Threading.Tasks.Task&lt;MassTransit.SendTuple&lt;CoffeeSpace.Messages.Ordering.Events.UpdateOrderStatus&gt;&gt;" CoveredStatements="1" TotalStatements="1" CoveragePercent="100">
            <Statement FileIndex="125" Line="73" Column="25" EndLine="78" EndColumn="27" Covered="True" />
          </Method>
          <Method Name="&lt;.ctor&gt;b__20_3(MassTransit.IEventCorrelationConfigurator&lt;CoffeeSpace.OrderingApi.Application.Messaging.Masstransit.Sagas.OrderStateInstance,CoffeeSpace.Messages.Ordering.Events.CancelOrder&gt;):System.Void" CoveredStatements="1" TotalStatements="1" CoveragePercent="100">
            <Statement FileIndex="125" Line="29" Column="13" EndLine="29" EndColumn="77" Covered="True" />
          </Method>
          <Method Name="&lt;.ctor&gt;b__20_5(MassTransit.IRequestConfigurator&lt;CoffeeSpace.OrderingApi.Application.Messaging.Masstransit.Sagas.OrderStateInstance,CoffeeSpace.Messages.Products.Events.OrderStockValidation,CoffeeSpace.Messages.Products.Responses.OrderStockValidationResult&gt;):System.Void" CoveredStatements="1" TotalStatements="1" CoveragePercent="100">
            <Statement FileIndex="125" Line="32" Column="13" EndLine="32" EndColumn="49" Covered="True" />
          </Method>
          <Method Name="&lt;.ctor&gt;b__20_7(MassTransit.IRequestConfigurator&lt;CoffeeSpace.OrderingApi.Application.Messaging.Masstransit.Sagas.OrderStateInstance,CoffeeSpace.Messages.Ordering.Events.OrderPaymentValidation,CoffeeSpace.Messages.Ordering.Responses.OrderPaymentValidationResult&gt;):System.Void" CoveredStatements="1" TotalStatements="1" CoveragePercent="100">
            <Statement FileIndex="125" Line="35" Column="13" EndLine="35" EndColumn="49" Covered="True" />
          </Method>
          <Method Name="&lt;.ctor&gt;b__20_9(MassTransit.IRequestConfigurator&lt;CoffeeSpace.OrderingApi.Application.Messaging.Masstransit.Sagas.OrderStateInstance,CoffeeSpace.Messages.Shipment.Events.RequestOrderShipment,CoffeeSpace.Messages.Shipment.Responses.OrderShipmentResponse&gt;):System.Void" CoveredStatements="1" TotalStatements="1" CoveragePercent="100">
            <Statement FileIndex="125" Line="38" Column="13" EndLine="38" EndColumn="49" Covered="True" />
          </Method>
        </Type>
        <Type Name="&lt;&gt;c__DisplayClass20_0" CoveredStatements="4" TotalStatements="7" CoveragePercent="57">
          <Method Name="&lt;.ctor&gt;b__13(MassTransit.EventActivityBinder&lt;CoffeeSpace.OrderingApi.Application.Messaging.Masstransit.Sagas.OrderStateInstance&gt;):MassTransit.EventActivityBinder&lt;CoffeeSpace.OrderingApi.Application.Messaging.Masstransit.Sagas.OrderStateInstance&gt;" CoveredStatements="1" TotalStatements="1" CoveragePercent="100">
            <Statement FileIndex="125" Line="65" Column="13" EndLine="78" EndColumn="29" Covered="True" />
          </Method>
          <Method Name="&lt;.ctor&gt;b__15(MassTransit.BehaviorContext&lt;CoffeeSpace.OrderingApi.Application.Messaging.Masstransit.Sagas.OrderStateInstance,MassTransit.Contracts.RequestTimeoutExpired&lt;CoffeeSpace.Messages.Products.Events.OrderStockValidation&gt;&gt;):System.Void" CoveredStatements="0" TotalStatements="1" CoveragePercent="0">
            <Statement FileIndex="125" Line="92" Column="34" EndLine="92" EndColumn="157" Covered="False" />
          </Method>
          <Method Name="&lt;.ctor&gt;b__16(MassTransit.BehaviorContext&lt;CoffeeSpace.OrderingApi.Application.Messaging.Masstransit.Sagas.OrderStateInstance,MassTransit.Contracts.RequestTimeoutExpired&lt;CoffeeSpace.Messages.Ordering.Events.OrderPaymentValidation&gt;&gt;):System.Void" CoveredStatements="0" TotalStatements="1" CoveragePercent="0">
            <Statement FileIndex="125" Line="95" Column="34" EndLine="95" EndColumn="157" Covered="False" />
          </Method>
          <Method Name="&lt;.ctor&gt;b__17(MassTransit.BehaviorContext&lt;CoffeeSpace.OrderingApi.Application.Messaging.Masstransit.Sagas.OrderStateInstance,MassTransit.Contracts.RequestTimeoutExpired&lt;CoffeeSpace.Messages.Shipment.Events.RequestOrderShipment&gt;&gt;):System.Void" CoveredStatements="0" TotalStatements="1" CoveragePercent="0">
            <Statement FileIndex="125" Line="98" Column="34" EndLine="98" EndColumn="155" Covered="False" />
          </Method>
          <Method Name="&lt;.ctor&gt;b__26(MassTransit.BehaviorContext&lt;CoffeeSpace.OrderingApi.Application.Messaging.Masstransit.Sagas.OrderStateInstance&gt;):System.Void" CoveredStatements="3" TotalStatements="3" CoveragePercent="100">
            <Statement FileIndex="125" Line="66" Column="17" EndLine="66" EndColumn="18" Covered="True" />
            <Statement FileIndex="125" Line="67" Column="21" EndLine="69" EndColumn="63" Covered="True" />
            <Statement FileIndex="125" Line="70" Column="17" EndLine="70" EndColumn="18" Covered="True" />
          </Method>
        </Type>
        <Method Name=".ctor(Microsoft.Extensions.Logging.ILogger&lt;CoffeeSpace.OrderingApi.Application.Messaging.Masstransit.Sagas.OrderStateMachine&gt;):System.Void" CoveredStatements="18" TotalStatements="18" CoveragePercent="100">
          <Statement FileIndex="125" Line="23" Column="5" EndLine="23" EndColumn="64" Covered="True" />
          <Statement FileIndex="125" Line="24" Column="5" EndLine="24" EndColumn="6" Covered="True" />
          <Statement FileIndex="125" Line="25" Column="9" EndLine="26" EndColumn="79" Covered="True" />
          <Statement FileIndex="125" Line="28" Column="9" EndLine="29" EndColumn="79" Covered="True" />
          <Statement FileIndex="125" Line="31" Column="9" EndLine="32" EndColumn="51" Covered="True" />
          <Statement FileIndex="125" Line="34" Column="9" EndLine="35" EndColumn="51" Covered="True" />
          <Statement FileIndex="125" Line="37" Column="9" EndLine="38" EndColumn="51" Covered="True" />
          <Statement FileIndex="125" Line="40" Column="9" EndLine="45" EndColumn="23" Covered="True" />
          <Statement FileIndex="125" Line="47" Column="9" EndLine="62" EndColumn="43" Covered="True" />
          <Statement FileIndex="125" Line="64" Column="9" EndLine="78" EndColumn="31" Covered="True" />
          <Statement FileIndex="125" Line="80" Column="9" EndLine="80" EndColumn="58" Covered="True" />
          <Statement FileIndex="125" Line="82" Column="9" EndLine="88" EndColumn="42" Covered="True" />
          <Statement FileIndex="125" Line="90" Column="9" EndLine="99" EndColumn="42" Covered="True" />
          <Statement FileIndex="125" Line="101" Column="9" EndLine="108" EndColumn="48" Covered="True" />
          <Statement FileIndex="125" Line="110" Column="9" EndLine="117" EndColumn="38" Covered="True" />
          <Statement FileIndex="125" Line="119" Column="9" EndLine="128" EndColumn="30" Covered="True" />
          <Statement FileIndex="125" Line="131" Column="9" EndLine="131" EndColumn="37" Covered="True" />
          <Statement FileIndex="125" Line="132" Column="5" EndLine="132" EndColumn="6" Covered="True" />
        </Method>
        <Method Name="get_Canceled():MassTransit.State" CoveredStatements="1" TotalStatements="1" CoveragePercent="100">
          <Statement FileIndex="125" Line="21" Column="29" EndLine="21" EndColumn="33" Covered="True" />
        </Method>
        <Method Name="get_CancelOrder():MassTransit.Event&lt;CoffeeSpace.Messages.Ordering.Events.CancelOrder&gt;" CoveredStatements="1" TotalStatements="1" CoveragePercent="100">
          <Statement FileIndex="125" Line="136" Column="45" EndLine="136" EndColumn="49" Covered="True" />
        </Method>
        <Method Name="get_Paid():MassTransit.State" CoveredStatements="1" TotalStatements="1" CoveragePercent="100">
          <Statement FileIndex="125" Line="19" Column="25" EndLine="19" EndColumn="29" Covered="True" />
        </Method>
        <Method Name="get_RequestOrderPaymentValidation():MassTransit.Request&lt;CoffeeSpace.OrderingApi.Application.Messaging.Masstransit.Sagas.OrderStateInstance,CoffeeSpace.Messages.Ordering.Events.OrderPaymentValidation,CoffeeSpace.Messages.Ordering.Responses.OrderPaymentValidationResult&gt;" CoveredStatements="1" TotalStatements="1" CoveragePercent="100">
          <Statement FileIndex="125" Line="140" Column="126" EndLine="140" EndColumn="130" Covered="True" />
        </Method>
        <Method Name="get_RequestOrderShipment():MassTransit.Request&lt;CoffeeSpace.OrderingApi.Application.Messaging.Masstransit.Sagas.OrderStateInstance,CoffeeSpace.Messages.Shipment.Events.RequestOrderShipment,CoffeeSpace.Messages.Shipment.Responses.OrderShipmentResponse&gt;" CoveredStatements="1" TotalStatements="1" CoveragePercent="100">
          <Statement FileIndex="125" Line="142" Column="108" EndLine="142" EndColumn="112" Covered="True" />
        </Method>
        <Method Name="get_RequestOrderStockValidation():MassTransit.Request&lt;CoffeeSpace.OrderingApi.Application.Messaging.Masstransit.Sagas.OrderStateInstance,CoffeeSpace.Messages.Products.Events.OrderStockValidation,CoffeeSpace.Messages.Products.Responses.OrderStockValidationResult&gt;" CoveredStatements="1" TotalStatements="1" CoveragePercent="100">
          <Statement FileIndex="125" Line="138" Column="120" EndLine="138" EndColumn="124" Covered="True" />
        </Method>
        <Method Name="get_Shipped():MassTransit.State" CoveredStatements="1" TotalStatements="1" CoveragePercent="100">
          <Statement FileIndex="125" Line="20" Column="28" EndLine="20" EndColumn="32" Covered="True" />
        </Method>
        <Method Name="get_StockConfirmed():MassTransit.State" CoveredStatements="1" TotalStatements="1" CoveragePercent="100">
          <Statement FileIndex="125" Line="18" Column="35" EndLine="18" EndColumn="39" Covered="True" />
        </Method>
        <Method Name="get_SubmitOrder():MassTransit.Event&lt;CoffeeSpace.Messages.Ordering.Events.SubmitOrder&gt;" CoveredStatements="1" TotalStatements="1" CoveragePercent="100">
          <Statement FileIndex="125" Line="134" Column="45" EndLine="134" EndColumn="49" Covered="True" />
        </Method>
        <Method Name="get_Submitted():MassTransit.State" CoveredStatements="1" TotalStatements="1" CoveragePercent="100">
          <Statement FileIndex="125" Line="17" Column="30" EndLine="17" EndColumn="34" Covered="True" />
        </Method>
        <Method Name="set_Canceled(MassTransit.State):System.Void" CoveredStatements="1" TotalStatements="1" CoveragePercent="100">
          <Statement FileIndex="125" Line="21" Column="34" EndLine="21" EndColumn="46" Covered="True" />
        </Method>
        <Method Name="set_CancelOrder(MassTransit.Event&lt;CoffeeSpace.Messages.Ordering.Events.CancelOrder&gt;):System.Void" CoveredStatements="1" TotalStatements="1" CoveragePercent="100">
          <Statement FileIndex="125" Line="136" Column="50" EndLine="136" EndColumn="62" Covered="True" />
        </Method>
        <Method Name="set_Paid(MassTransit.State):System.Void" CoveredStatements="1" TotalStatements="1" CoveragePercent="100">
          <Statement FileIndex="125" Line="19" Column="30" EndLine="19" EndColumn="42" Covered="True" />
        </Method>
        <Method Name="set_RequestOrderPaymentValidation(MassTransit.Request&lt;CoffeeSpace.OrderingApi.Application.Messaging.Masstransit.Sagas.OrderStateInstance,CoffeeSpace.Messages.Ordering.Events.OrderPaymentValidation,CoffeeSpace.Messages.Ordering.Responses.OrderPaymentValidationResult&gt;):System.Void" CoveredStatements="1" TotalStatements="1" CoveragePercent="100">
          <Statement FileIndex="125" Line="140" Column="131" EndLine="140" EndColumn="143" Covered="True" />
        </Method>
        <Method Name="set_RequestOrderShipment(MassTransit.Request&lt;CoffeeSpace.OrderingApi.Application.Messaging.Masstransit.Sagas.OrderStateInstance,CoffeeSpace.Messages.Shipment.Events.RequestOrderShipment,CoffeeSpace.Messages.Shipment.Responses.OrderShipmentResponse&gt;):System.Void" CoveredStatements="1" TotalStatements="1" CoveragePercent="100">
          <Statement FileIndex="125" Line="142" Column="113" EndLine="142" EndColumn="125" Covered="True" />
        </Method>
        <Method Name="set_RequestOrderStockValidation(MassTransit.Request&lt;CoffeeSpace.OrderingApi.Application.Messaging.Masstransit.Sagas.OrderStateInstance,CoffeeSpace.Messages.Products.Events.OrderStockValidation,CoffeeSpace.Messages.Products.Responses.OrderStockValidationResult&gt;):System.Void" CoveredStatements="1" TotalStatements="1" CoveragePercent="100">
          <Statement FileIndex="125" Line="138" Column="125" EndLine="138" EndColumn="137" Covered="True" />
        </Method>
        <Method Name="set_Shipped(MassTransit.State):System.Void" CoveredStatements="1" TotalStatements="1" CoveragePercent="100">
          <Statement FileIndex="125" Line="20" Column="33" EndLine="20" EndColumn="45" Covered="True" />
        </Method>
        <Method Name="set_StockConfirmed(MassTransit.State):System.Void" CoveredStatements="1" TotalStatements="1" CoveragePercent="100">
          <Statement FileIndex="125" Line="18" Column="40" EndLine="18" EndColumn="52" Covered="True" />
        </Method>
        <Method Name="set_SubmitOrder(MassTransit.Event&lt;CoffeeSpace.Messages.Ordering.Events.SubmitOrder&gt;):System.Void" CoveredStatements="1" TotalStatements="1" CoveragePercent="100">
          <Statement FileIndex="125" Line="134" Column="50" EndLine="134" EndColumn="62" Covered="True" />
        </Method>
        <Method Name="set_Submitted(MassTransit.State):System.Void" CoveredStatements="1" TotalStatements="1" CoveragePercent="100">
          <Statement FileIndex="125" Line="17" Column="35" EndLine="17" EndColumn="47" Covered="True" />
        </Method>
      </Type>
    </Namespace>
    <Namespace Name="CoffeeSpace.OrderingApi.Application.Messaging.Masstransit.Sagas.Definitions" CoveredStatements="3" TotalStatements="3" CoveragePercent="100">
      <Type Name="OrderStateDefinition" CoveredStatements="3" TotalStatements="3" CoveragePercent="100">
        <Method Name="ConfigureSaga(MassTransit.IReceiveEndpointConfigurator,MassTransit.ISagaConfigurator&lt;CoffeeSpace.OrderingApi.Application.Messaging.Masstransit.Sagas.OrderStateInstance&gt;,MassTransit.IRegistrationContext):System.Void" CoveredStatements="3" TotalStatements="3" CoveragePercent="100">
          <Statement FileIndex="123" Line="14" Column="5" EndLine="14" EndColumn="6" Covered="True" />
          <Statement FileIndex="123" Line="15" Column="9" EndLine="15" EndColumn="101" Covered="True" />
          <Statement FileIndex="123" Line="16" Column="5" EndLine="16" EndColumn="6" Covered="True" />
        </Method>
      </Type>
    </Namespace>
    <Namespace Name="CoffeeSpace.OrderingApi.Application.Messaging.Mediator.Commands.Buyers" CoveredStatements="6" TotalStatements="6" CoveragePercent="100">
      <Type Name="CreateBuyerCommand" CoveredStatements="2" TotalStatements="2" CoveragePercent="100">
        <Method Name="get_Buyer():CoffeeSpace.Domain.Ordering.BuyerInfo.Buyer" CoveredStatements="1" TotalStatements="1" CoveragePercent="100">
          <Statement FileIndex="126" Line="8" Column="35" EndLine="8" EndColumn="39" Covered="True" />
        </Method>
        <Method Name="set_Buyer(CoffeeSpace.Domain.Ordering.BuyerInfo.Buyer):System.Void" CoveredStatements="1" TotalStatements="1" CoveragePercent="100">
          <Statement FileIndex="126" Line="8" Column="40" EndLine="8" EndColumn="45" Covered="True" />
        </Method>
      </Type>
      <Type Name="DeleteBuyerByIdCommand" CoveredStatements="2" TotalStatements="2" CoveragePercent="100">
        <Method Name="get_Id():System.String" CoveredStatements="1" TotalStatements="1" CoveragePercent="100">
          <Statement FileIndex="127" Line="7" Column="33" EndLine="7" EndColumn="37" Covered="True" />
        </Method>
        <Method Name="set_Id(System.String):System.Void" CoveredStatements="1" TotalStatements="1" CoveragePercent="100">
          <Statement FileIndex="127" Line="7" Column="38" EndLine="7" EndColumn="43" Covered="True" />
        </Method>
      </Type>
      <Type Name="UpdateBuyerCommand" CoveredStatements="2" TotalStatements="2" CoveragePercent="100">
        <Method Name="get_Buyer():CoffeeSpace.Domain.Ordering.BuyerInfo.Buyer" CoveredStatements="1" TotalStatements="1" CoveragePercent="100">
          <Statement FileIndex="131" Line="8" Column="35" EndLine="8" EndColumn="39" Covered="True" />
        </Method>
        <Method Name="set_Buyer(CoffeeSpace.Domain.Ordering.BuyerInfo.Buyer):System.Void" CoveredStatements="1" TotalStatements="1" CoveragePercent="100">
          <Statement FileIndex="131" Line="8" Column="40" EndLine="8" EndColumn="45" Covered="True" />
        </Method>
      </Type>
    </Namespace>
    <Namespace Name="CoffeeSpace.OrderingApi.Application.Messaging.Mediator.Commands.Buyers.Handlers" CoveredStatements="37" TotalStatements="37" CoveragePercent="100">
      <Type Name="CreateBuyerCommandHandler" CoveredStatements="8" TotalStatements="8" CoveragePercent="100">
        <Type Name="&lt;Handle&gt;d__2" CoveredStatements="4" TotalStatements="4" CoveragePercent="100">
          <Method Name="MoveNext():System.Void" CoveredStatements="4" TotalStatements="4" CoveragePercent="100">
            <Statement FileIndex="128" Line="16" Column="5" EndLine="16" EndColumn="6" Covered="True" />
            <Statement FileIndex="128" Line="17" Column="9" EndLine="17" EndColumn="92" Covered="True" />
            <Statement FileIndex="128" Line="19" Column="9" EndLine="19" EndColumn="24" Covered="True" />
            <Statement FileIndex="128" Line="20" Column="5" EndLine="20" EndColumn="6" Covered="True" />
          </Method>
        </Type>
        <Method Name=".ctor(CoffeeSpace.OrderingApi.Application.Repositories.Abstractions.IBuyerRepository):System.Void" CoveredStatements="4" TotalStatements="4" CoveragePercent="100">
          <Statement FileIndex="128" Line="10" Column="5" EndLine="10" EndColumn="71" Covered="True" />
          <Statement FileIndex="128" Line="11" Column="5" EndLine="11" EndColumn="6" Covered="True" />
          <Statement FileIndex="128" Line="12" Column="9" EndLine="12" EndColumn="44" Covered="True" />
          <Statement FileIndex="128" Line="13" Column="5" EndLine="13" EndColumn="6" Covered="True" />
        </Method>
      </Type>
      <Type Name="DeleteBuyerByIdCommandHandler" CoveredStatements="15" TotalStatements="15" CoveragePercent="100">
        <Type Name="&lt;Handle&gt;d__3" CoveredStatements="10" TotalStatements="10" CoveragePercent="100">
          <Method Name="MoveNext():System.Void" CoveredStatements="10" TotalStatements="10" CoveragePercent="100">
            <Statement FileIndex="129" Line="20" Column="5" EndLine="20" EndColumn="6" Covered="True" />
            <Statement FileIndex="129" Line="21" Column="9" EndLine="21" EndColumn="88" Covered="True" />
            <Statement FileIndex="129" Line="22" Column="9" EndLine="22" EndColumn="31" Covered="True" />
            <Statement FileIndex="129" Line="23" Column="9" EndLine="23" EndColumn="10" Covered="True" />
            <Statement FileIndex="129" Line="24" Column="13" EndLine="24" EndColumn="103" Covered="True" />
            <Statement FileIndex="129" Line="25" Column="13" EndLine="29" EndColumn="35" Covered="True" />
            <Statement FileIndex="129" Line="30" Column="9" EndLine="30" EndColumn="10" Covered="True" />
            <Statement FileIndex="129" Line="32" Column="9" EndLine="32" EndColumn="93" Covered="True" />
            <Statement FileIndex="129" Line="33" Column="9" EndLine="33" EndColumn="24" Covered="True" />
            <Statement FileIndex="129" Line="34" Column="5" EndLine="34" EndColumn="6" Covered="True" />
          </Method>
        </Type>
        <Method Name=".ctor(CoffeeSpace.OrderingApi.Application.Repositories.Abstractions.IBuyerRepository,MassTransit.ISendEndpointProvider):System.Void" CoveredStatements="5" TotalStatements="5" CoveragePercent="100">
          <Statement FileIndex="129" Line="13" Column="5" EndLine="13" EndColumn="115" Covered="True" />
          <Statement FileIndex="129" Line="14" Column="5" EndLine="14" EndColumn="6" Covered="True" />
          <Statement FileIndex="129" Line="15" Column="9" EndLine="15" EndColumn="44" Covered="True" />
          <Statement FileIndex="129" Line="16" Column="9" EndLine="16" EndColumn="46" Covered="True" />
          <Statement FileIndex="129" Line="17" Column="5" EndLine="17" EndColumn="6" Covered="True" />
        </Method>
      </Type>
      <Type Name="UpdateBuyerCommandHandler" CoveredStatements="14" TotalStatements="14" CoveragePercent="100">
        <Type Name="&lt;Handle&gt;d__3" CoveredStatements="9" TotalStatements="9" CoveragePercent="100">
          <Method Name="MoveNext():System.Void" CoveredStatements="9" TotalStatements="9" CoveragePercent="100">
            <Statement FileIndex="130" Line="21" Column="5" EndLine="21" EndColumn="6" Covered="True" />
            <Statement FileIndex="130" Line="22" Column="9" EndLine="22" EndColumn="97" Covered="True" />
            <Statement FileIndex="130" Line="23" Column="9" EndLine="23" EndColumn="38" Covered="True" />
            <Statement FileIndex="130" Line="24" Column="9" EndLine="24" EndColumn="10" Covered="True" />
            <Statement FileIndex="130" Line="25" Column="13" EndLine="25" EndColumn="107" Covered="True" />
            <Statement FileIndex="130" Line="26" Column="13" EndLine="29" EndColumn="35" Covered="True" />
            <Statement FileIndex="130" Line="30" Column="9" EndLine="30" EndColumn="10" Covered="True" />
            <Statement FileIndex="130" Line="32" Column="9" EndLine="32" EndColumn="29" Covered="True" />
            <Statement FileIndex="130" Line="33" Column="5" EndLine="33" EndColumn="6" Covered="True" />
          </Method>
        </Type>
        <Method Name=".ctor(CoffeeSpace.OrderingApi.Application.Repositories.Abstractions.IBuyerRepository,MassTransit.ISendEndpointProvider):System.Void" CoveredStatements="5" TotalStatements="5" CoveragePercent="100">
          <Statement FileIndex="130" Line="14" Column="5" EndLine="14" EndColumn="115" Covered="True" />
          <Statement FileIndex="130" Line="15" Column="5" EndLine="15" EndColumn="6" Covered="True" />
          <Statement FileIndex="130" Line="16" Column="9" EndLine="16" EndColumn="44" Covered="True" />
          <Statement FileIndex="130" Line="17" Column="9" EndLine="17" EndColumn="54" Covered="True" />
          <Statement FileIndex="130" Line="18" Column="5" EndLine="18" EndColumn="6" Covered="True" />
        </Method>
      </Type>
    </Namespace>
    <Namespace Name="CoffeeSpace.OrderingApi.Application.Messaging.Mediator.Commands.Orders" CoveredStatements="7" TotalStatements="8" CoveragePercent="88">
      <Type Name="CreateOrderCommand" CoveredStatements="2" TotalStatements="2" CoveragePercent="100">
        <Method Name="get_Order():CoffeeSpace.Domain.Ordering.Orders.Order" CoveredStatements="1" TotalStatements="1" CoveragePercent="100">
          <Statement FileIndex="132" Line="8" Column="35" EndLine="8" EndColumn="39" Covered="True" />
        </Method>
        <Method Name="set_Order(CoffeeSpace.Domain.Ordering.Orders.Order):System.Void" CoveredStatements="1" TotalStatements="1" CoveragePercent="100">
          <Statement FileIndex="132" Line="8" Column="40" EndLine="8" EndColumn="45" Covered="True" />
        </Method>
      </Type>
      <Type Name="DeleteOrderByIdCommand" CoveredStatements="4" TotalStatements="4" CoveragePercent="100">
        <Method Name="get_BuyerId():System.String" CoveredStatements="1" TotalStatements="1" CoveragePercent="100">
          <Statement FileIndex="133" Line="9" Column="38" EndLine="9" EndColumn="42" Covered="True" />
        </Method>
        <Method Name="get_Id():System.String" CoveredStatements="1" TotalStatements="1" CoveragePercent="100">
          <Statement FileIndex="133" Line="7" Column="33" EndLine="7" EndColumn="37" Covered="True" />
        </Method>
        <Method Name="set_BuyerId(System.String):System.Void" CoveredStatements="1" TotalStatements="1" CoveragePercent="100">
          <Statement FileIndex="133" Line="9" Column="43" EndLine="9" EndColumn="48" Covered="True" />
        </Method>
        <Method Name="set_Id(System.String):System.Void" CoveredStatements="1" TotalStatements="1" CoveragePercent="100">
          <Statement FileIndex="133" Line="7" Column="38" EndLine="7" EndColumn="43" Covered="True" />
        </Method>
      </Type>
      <Type Name="UpdateOrderCommand" CoveredStatements="1" TotalStatements="2" CoveragePercent="50">
        <Method Name="get_Order():CoffeeSpace.Domain.Ordering.Orders.Order" CoveredStatements="0" TotalStatements="1" CoveragePercent="0">
          <Statement FileIndex="137" Line="8" Column="35" EndLine="8" EndColumn="39" Covered="False" />
        </Method>
        <Method Name="set_Order(CoffeeSpace.Domain.Ordering.Orders.Order):System.Void" CoveredStatements="1" TotalStatements="1" CoveragePercent="100">
          <Statement FileIndex="137" Line="8" Column="40" EndLine="8" EndColumn="45" Covered="True" />
        </Method>
      </Type>
    </Namespace>
    <Namespace Name="CoffeeSpace.OrderingApi.Application.Messaging.Mediator.Commands.Orders.Handlers" CoveredStatements="21" TotalStatements="29" CoveragePercent="72">
      <Type Name="CreateOrderCommandHandler" CoveredStatements="13" TotalStatements="13" CoveragePercent="100">
        <Type Name="&lt;Handle&gt;d__3" CoveredStatements="8" TotalStatements="8" CoveragePercent="100">
          <Method Name="MoveNext():System.Void" CoveredStatements="8" TotalStatements="8" CoveragePercent="100">
            <Statement FileIndex="134" Line="20" Column="5" EndLine="20" EndColumn="6" Covered="True" />
            <Statement FileIndex="134" Line="21" Column="9" EndLine="21" EndColumn="93" Covered="True" />
            <Statement FileIndex="134" Line="22" Column="9" EndLine="22" EndColumn="21" Covered="True" />
            <Statement FileIndex="134" Line="23" Column="9" EndLine="23" EndColumn="10" Covered="True" />
            <Statement FileIndex="134" Line="24" Column="13" EndLine="27" EndColumn="35" Covered="True" />
            <Statement FileIndex="134" Line="28" Column="9" EndLine="28" EndColumn="10" Covered="True" />
            <Statement FileIndex="134" Line="30" Column="9" EndLine="30" EndColumn="24" Covered="True" />
            <Statement FileIndex="134" Line="31" Column="5" EndLine="31" EndColumn="6" Covered="True" />
          </Method>
        </Type>
        <Method Name=".ctor(CoffeeSpace.OrderingApi.Application.Repositories.Abstractions.IOrderRepository,MassTransit.IPublishEndpoint):System.Void" CoveredStatements="5" TotalStatements="5" CoveragePercent="100">
          <Statement FileIndex="134" Line="13" Column="5" EndLine="13" EndColumn="105" Covered="True" />
          <Statement FileIndex="134" Line="14" Column="5" EndLine="14" EndColumn="6" Covered="True" />
          <Statement FileIndex="134" Line="15" Column="9" EndLine="15" EndColumn="44" Covered="True" />
          <Statement FileIndex="134" Line="16" Column="9" EndLine="16" EndColumn="44" Covered="True" />
          <Statement FileIndex="134" Line="17" Column="5" EndLine="17" EndColumn="6" Covered="True" />
        </Method>
      </Type>
      <Type Name="DeleteOrderByIdCommandHandler" CoveredStatements="8" TotalStatements="8" CoveragePercent="100">
        <Type Name="&lt;Handle&gt;d__2" CoveredStatements="4" TotalStatements="4" CoveragePercent="100">
          <Method Name="MoveNext():System.Void" CoveredStatements="4" TotalStatements="4" CoveragePercent="100">
            <Statement FileIndex="135" Line="16" Column="5" EndLine="16" EndColumn="6" Covered="True" />
            <Statement FileIndex="135" Line="17" Column="9" EndLine="17" EndColumn="94" Covered="True" />
            <Statement FileIndex="135" Line="19" Column="9" EndLine="19" EndColumn="24" Covered="True" />
            <Statement FileIndex="135" Line="20" Column="5" EndLine="20" EndColumn="6" Covered="True" />
          </Method>
        </Type>
        <Method Name=".ctor(CoffeeSpace.OrderingApi.Application.Repositories.Abstractions.IOrderRepository):System.Void" CoveredStatements="4" TotalStatements="4" CoveragePercent="100">
          <Statement FileIndex="135" Line="10" Column="5" EndLine="10" EndColumn="75" Covered="True" />
          <Statement FileIndex="135" Line="11" Column="5" EndLine="11" EndColumn="6" Covered="True" />
          <Statement FileIndex="135" Line="12" Column="9" EndLine="12" EndColumn="44" Covered="True" />
          <Statement FileIndex="135" Line="13" Column="5" EndLine="13" EndColumn="6" Covered="True" />
        </Method>
      </Type>
      <Type Name="UpdateOrderCommandHandler" CoveredStatements="0" TotalStatements="8" CoveragePercent="0">
        <Type Name="&lt;Handle&gt;d__2" CoveredStatements="0" TotalStatements="4" CoveragePercent="0">
          <Method Name="MoveNext():System.Void" CoveredStatements="0" TotalStatements="4" CoveragePercent="0">
            <Statement FileIndex="136" Line="17" Column="5" EndLine="17" EndColumn="6" Covered="False" />
            <Statement FileIndex="136" Line="18" Column="9" EndLine="18" EndColumn="97" Covered="False" />
            <Statement FileIndex="136" Line="20" Column="9" EndLine="20" EndColumn="29" Covered="False" />
            <Statement FileIndex="136" Line="21" Column="5" EndLine="21" EndColumn="6" Covered="False" />
          </Method>
        </Type>
        <Method Name=".ctor(CoffeeSpace.OrderingApi.Application.Repositories.Abstractions.IOrderRepository):System.Void" CoveredStatements="0" TotalStatements="4" CoveragePercent="0">
          <Statement FileIndex="136" Line="11" Column="5" EndLine="11" EndColumn="71" Covered="False" />
          <Statement FileIndex="136" Line="12" Column="5" EndLine="12" EndColumn="6" Covered="False" />
          <Statement FileIndex="136" Line="13" Column="9" EndLine="13" EndColumn="44" Covered="False" />
          <Statement FileIndex="136" Line="14" Column="5" EndLine="14" EndColumn="6" Covered="False" />
        </Method>
      </Type>
    </Namespace>
    <Namespace Name="CoffeeSpace.OrderingApi.Application.Messaging.Mediator.Notifications.Buyers" CoveredStatements="10" TotalStatements="10" CoveragePercent="100">
      <Type Name="CreateBuyerNotification" CoveredStatements="4" TotalStatements="4" CoveragePercent="100">
        <Method Name="get_Email():System.String" CoveredStatements="1" TotalStatements="1" CoveragePercent="100">
          <Statement FileIndex="138" Line="9" Column="36" EndLine="9" EndColumn="40" Covered="True" />
        </Method>
        <Method Name="get_Id():System.String" CoveredStatements="1" TotalStatements="1" CoveragePercent="100">
          <Statement FileIndex="138" Line="7" Column="33" EndLine="7" EndColumn="37" Covered="True" />
        </Method>
        <Method Name="set_Email(System.String):System.Void" CoveredStatements="1" TotalStatements="1" CoveragePercent="100">
          <Statement FileIndex="138" Line="9" Column="41" EndLine="9" EndColumn="46" Covered="True" />
        </Method>
        <Method Name="set_Id(System.String):System.Void" CoveredStatements="1" TotalStatements="1" CoveragePercent="100">
          <Statement FileIndex="138" Line="7" Column="38" EndLine="7" EndColumn="43" Covered="True" />
        </Method>
      </Type>
      <Type Name="DeleteBuyerNotification" CoveredStatements="2" TotalStatements="2" CoveragePercent="100">
        <Method Name="get_Id():System.String" CoveredStatements="1" TotalStatements="1" CoveragePercent="100">
          <Statement FileIndex="139" Line="7" Column="33" EndLine="7" EndColumn="37" Covered="True" />
        </Method>
        <Method Name="set_Id(System.String):System.Void" CoveredStatements="1" TotalStatements="1" CoveragePercent="100">
          <Statement FileIndex="139" Line="7" Column="38" EndLine="7" EndColumn="43" Covered="True" />
        </Method>
      </Type>
      <Type Name="UpdateBuyerNotification" CoveredStatements="4" TotalStatements="4" CoveragePercent="100">
        <Method Name="get_Email():System.String" CoveredStatements="1" TotalStatements="1" CoveragePercent="100">
          <Statement FileIndex="141" Line="9" Column="36" EndLine="9" EndColumn="40" Covered="True" />
        </Method>
        <Method Name="get_Id():System.String" CoveredStatements="1" TotalStatements="1" CoveragePercent="100">
          <Statement FileIndex="141" Line="7" Column="33" EndLine="7" EndColumn="37" Covered="True" />
        </Method>
        <Method Name="set_Email(System.String):System.Void" CoveredStatements="1" TotalStatements="1" CoveragePercent="100">
          <Statement FileIndex="141" Line="9" Column="41" EndLine="9" EndColumn="46" Covered="True" />
        </Method>
        <Method Name="set_Id(System.String):System.Void" CoveredStatements="1" TotalStatements="1" CoveragePercent="100">
          <Statement FileIndex="141" Line="7" Column="38" EndLine="7" EndColumn="43" Covered="True" />
        </Method>
      </Type>
    </Namespace>
    <Namespace Name="CoffeeSpace.OrderingApi.Application.Messaging.Mediator.Notifications.Buyers.Handlers" CoveredStatements="16" TotalStatements="16" CoveragePercent="100">
      <Type Name="BuyerCacheNotificationHandlers" CoveredStatements="16" TotalStatements="16" CoveragePercent="100">
        <Type Name="&lt;Handle&gt;d__2" CoveredStatements="4" TotalStatements="4" CoveragePercent="100">
          <Method Name="MoveNext():System.Void" CoveredStatements="4" TotalStatements="4" CoveragePercent="100">
            <Statement FileIndex="140" Line="21" Column="5" EndLine="21" EndColumn="6" Covered="True" />
            <Statement FileIndex="140" Line="22" Column="9" EndLine="22" EndColumn="99" Covered="True" />
            <Statement FileIndex="140" Line="23" Column="9" EndLine="23" EndColumn="109" Covered="True" />
            <Statement FileIndex="140" Line="24" Column="5" EndLine="24" EndColumn="6" Covered="True" />
          </Method>
        </Type>
        <Type Name="&lt;Handle&gt;d__3" CoveredStatements="4" TotalStatements="4" CoveragePercent="100">
          <Method Name="MoveNext():System.Void" CoveredStatements="4" TotalStatements="4" CoveragePercent="100">
            <Statement FileIndex="140" Line="27" Column="5" EndLine="27" EndColumn="6" Covered="True" />
            <Statement FileIndex="140" Line="28" Column="9" EndLine="28" EndColumn="99" Covered="True" />
            <Statement FileIndex="140" Line="29" Column="9" EndLine="29" EndColumn="109" Covered="True" />
            <Statement FileIndex="140" Line="30" Column="5" EndLine="30" EndColumn="6" Covered="True" />
          </Method>
        </Type>
        <Type Name="&lt;Handle&gt;d__4" CoveredStatements="4" TotalStatements="4" CoveragePercent="100">
          <Method Name="MoveNext():System.Void" CoveredStatements="4" TotalStatements="4" CoveragePercent="100">
            <Statement FileIndex="140" Line="33" Column="5" EndLine="33" EndColumn="6" Covered="True" />
            <Statement FileIndex="140" Line="34" Column="9" EndLine="34" EndColumn="99" Covered="True" />
            <Statement FileIndex="140" Line="35" Column="9" EndLine="35" EndColumn="101" Covered="True" />
            <Statement FileIndex="140" Line="36" Column="5" EndLine="36" EndColumn="6" Covered="True" />
          </Method>
        </Type>
        <Method Name=".ctor(CoffeeSpace.Core.Services.Abstractions.ICacheService&lt;CoffeeSpace.Domain.Ordering.BuyerInfo.Buyer&gt;):System.Void" CoveredStatements="4" TotalStatements="4" CoveragePercent="100">
          <Statement FileIndex="140" Line="15" Column="5" EndLine="15" EndColumn="77" Covered="True" />
          <Statement FileIndex="140" Line="16" Column="5" EndLine="16" EndColumn="6" Covered="True" />
          <Statement FileIndex="140" Line="17" Column="9" EndLine="17" EndColumn="38" Covered="True" />
          <Statement FileIndex="140" Line="18" Column="5" EndLine="18" EndColumn="6" Covered="True" />
        </Method>
      </Type>
    </Namespace>
    <Namespace Name="CoffeeSpace.OrderingApi.Application.Messaging.Mediator.Notifications.Orders" CoveredStatements="8" TotalStatements="10" CoveragePercent="80">
      <Type Name="CreateOrderNotification" CoveredStatements="2" TotalStatements="2" CoveragePercent="100">
        <Method Name="get_BuyerId():System.String" CoveredStatements="1" TotalStatements="1" CoveragePercent="100">
          <Statement FileIndex="142" Line="7" Column="38" EndLine="7" EndColumn="42" Covered="True" />
        </Method>
        <Method Name="set_BuyerId(System.String):System.Void" CoveredStatements="1" TotalStatements="1" CoveragePercent="100">
          <Statement FileIndex="142" Line="7" Column="43" EndLine="7" EndColumn="48" Covered="True" />
        </Method>
      </Type>
      <Type Name="DeleteOrderNotification" CoveredStatements="4" TotalStatements="4" CoveragePercent="100">
        <Method Name="get_BuyerId():System.String" CoveredStatements="1" TotalStatements="1" CoveragePercent="100">
          <Statement FileIndex="143" Line="9" Column="38" EndLine="9" EndColumn="42" Covered="True" />
        </Method>
        <Method Name="get_Id():System.String" CoveredStatements="1" TotalStatements="1" CoveragePercent="100">
          <Statement FileIndex="143" Line="7" Column="33" EndLine="7" EndColumn="37" Covered="True" />
        </Method>
        <Method Name="set_BuyerId(System.String):System.Void" CoveredStatements="1" TotalStatements="1" CoveragePercent="100">
          <Statement FileIndex="143" Line="9" Column="43" EndLine="9" EndColumn="48" Covered="True" />
        </Method>
        <Method Name="set_Id(System.String):System.Void" CoveredStatements="1" TotalStatements="1" CoveragePercent="100">
          <Statement FileIndex="143" Line="7" Column="38" EndLine="7" EndColumn="43" Covered="True" />
        </Method>
      </Type>
      <Type Name="UpdateOrderNotification" CoveredStatements="2" TotalStatements="4" CoveragePercent="50">
        <Method Name="get_BuyerId():System.String" CoveredStatements="0" TotalStatements="1" CoveragePercent="0">
          <Statement FileIndex="145" Line="9" Column="38" EndLine="9" EndColumn="42" Covered="False" />
        </Method>
        <Method Name="get_Id():System.String" CoveredStatements="0" TotalStatements="1" CoveragePercent="0">
          <Statement FileIndex="145" Line="7" Column="33" EndLine="7" EndColumn="37" Covered="False" />
        </Method>
        <Method Name="set_BuyerId(System.String):System.Void" CoveredStatements="1" TotalStatements="1" CoveragePercent="100">
          <Statement FileIndex="145" Line="9" Column="43" EndLine="9" EndColumn="48" Covered="True" />
        </Method>
        <Method Name="set_Id(System.String):System.Void" CoveredStatements="1" TotalStatements="1" CoveragePercent="100">
          <Statement FileIndex="145" Line="7" Column="38" EndLine="7" EndColumn="43" Covered="True" />
        </Method>
      </Type>
    </Namespace>
    <Namespace Name="CoffeeSpace.OrderingApi.Application.Messaging.Mediator.Notifications.Orders.Handlers" CoveredStatements="12" TotalStatements="17" CoveragePercent="71">
      <Type Name="OrderCacheNotificationHandler" CoveredStatements="12" TotalStatements="17" CoveragePercent="71">
        <Type Name="&lt;Handle&gt;d__2" CoveredStatements="4" TotalStatements="4" CoveragePercent="100">
          <Method Name="MoveNext():System.Void" CoveredStatements="4" TotalStatements="4" CoveragePercent="100">
            <Statement FileIndex="144" Line="21" Column="5" EndLine="21" EndColumn="6" Covered="True" />
            <Statement FileIndex="144" Line="22" Column="9" EndLine="22" EndColumn="106" Covered="True" />
            <Statement FileIndex="144" Line="23" Column="9" EndLine="23" EndColumn="104" Covered="True" />
            <Statement FileIndex="144" Line="24" Column="5" EndLine="24" EndColumn="6" Covered="True" />
          </Method>
        </Type>
        <Type Name="&lt;Handle&gt;d__3" CoveredStatements="0" TotalStatements="5" CoveragePercent="0">
          <Method Name="MoveNext():System.Void" CoveredStatements="0" TotalStatements="5" CoveragePercent="0">
            <Statement FileIndex="144" Line="27" Column="5" EndLine="27" EndColumn="6" Covered="False" />
            <Statement FileIndex="144" Line="28" Column="9" EndLine="28" EndColumn="106" Covered="False" />
            <Statement FileIndex="144" Line="29" Column="9" EndLine="29" EndColumn="132" Covered="False" />
            <Statement FileIndex="144" Line="31" Column="9" EndLine="31" EndColumn="104" Covered="False" />
            <Statement FileIndex="144" Line="32" Column="5" EndLine="32" EndColumn="6" Covered="False" />
          </Method>
        </Type>
        <Type Name="&lt;Handle&gt;d__4" CoveredStatements="4" TotalStatements="4" CoveragePercent="100">
          <Method Name="MoveNext():System.Void" CoveredStatements="4" TotalStatements="4" CoveragePercent="100">
            <Statement FileIndex="144" Line="35" Column="5" EndLine="35" EndColumn="6" Covered="True" />
            <Statement FileIndex="144" Line="36" Column="9" EndLine="36" EndColumn="106" Covered="True" />
            <Statement FileIndex="144" Line="37" Column="9" EndLine="37" EndColumn="132" Covered="True" />
            <Statement FileIndex="144" Line="38" Column="5" EndLine="38" EndColumn="6" Covered="True" />
          </Method>
        </Type>
        <Method Name=".ctor(CoffeeSpace.Core.Services.Abstractions.ICacheService&lt;CoffeeSpace.Domain.Ordering.Orders.Order&gt;):System.Void" CoveredStatements="4" TotalStatements="4" CoveragePercent="100">
          <Statement FileIndex="144" Line="15" Column="5" EndLine="15" EndColumn="76" Covered="True" />
          <Statement FileIndex="144" Line="16" Column="5" EndLine="16" EndColumn="6" Covered="True" />
          <Statement FileIndex="144" Line="17" Column="9" EndLine="17" EndColumn="38" Covered="True" />
          <Statement FileIndex="144" Line="18" Column="5" EndLine="18" EndColumn="6" Covered="True" />
        </Method>
      </Type>
    </Namespace>
    <Namespace Name="CoffeeSpace.OrderingApi.Application.Messaging.Mediator.Queries.Buyers" CoveredStatements="4" TotalStatements="4" CoveragePercent="100">
      <Type Name="GetBuyerByEmailQuery" CoveredStatements="2" TotalStatements="2" CoveragePercent="100">
        <Method Name="get_Email():System.String" CoveredStatements="1" TotalStatements="1" CoveragePercent="100">
          <Statement FileIndex="146" Line="8" Column="36" EndLine="8" EndColumn="40" Covered="True" />
        </Method>
        <Method Name="set_Email(System.String):System.Void" CoveredStatements="1" TotalStatements="1" CoveragePercent="100">
          <Statement FileIndex="146" Line="8" Column="41" EndLine="8" EndColumn="46" Covered="True" />
        </Method>
      </Type>
      <Type Name="GetBuyerByIdQuery" CoveredStatements="2" TotalStatements="2" CoveragePercent="100">
        <Method Name="get_Id():System.String" CoveredStatements="1" TotalStatements="1" CoveragePercent="100">
          <Statement FileIndex="147" Line="8" Column="33" EndLine="8" EndColumn="37" Covered="True" />
        </Method>
        <Method Name="set_Id(System.String):System.Void" CoveredStatements="1" TotalStatements="1" CoveragePercent="100">
          <Statement FileIndex="147" Line="8" Column="38" EndLine="8" EndColumn="43" Covered="True" />
        </Method>
      </Type>
    </Namespace>
    <Namespace Name="CoffeeSpace.OrderingApi.Application.Messaging.Mediator.Queries.Buyers.Handlers" CoveredStatements="16" TotalStatements="16" CoveragePercent="100">
      <Type Name="GetBuyerByEmailQueryHandler" CoveredStatements="8" TotalStatements="8" CoveragePercent="100">
        <Type Name="&lt;Handle&gt;d__2" CoveredStatements="4" TotalStatements="4" CoveragePercent="100">
          <Method Name="MoveNext():System.Void" CoveredStatements="4" TotalStatements="4" CoveragePercent="100">
            <Statement FileIndex="148" Line="17" Column="5" EndLine="17" EndColumn="6" Covered="True" />
            <Statement FileIndex="148" Line="18" Column="9" EndLine="18" EndColumn="92" Covered="True" />
            <Statement FileIndex="148" Line="20" Column="9" EndLine="20" EndColumn="22" Covered="True" />
            <Statement FileIndex="148" Line="21" Column="5" EndLine="21" EndColumn="6" Covered="True" />
          </Method>
        </Type>
        <Method Name=".ctor(CoffeeSpace.OrderingApi.Application.Repositories.Abstractions.IBuyerRepository):System.Void" CoveredStatements="4" TotalStatements="4" CoveragePercent="100">
          <Statement FileIndex="148" Line="11" Column="5" EndLine="11" EndColumn="73" Covered="True" />
          <Statement FileIndex="148" Line="12" Column="5" EndLine="12" EndColumn="6" Covered="True" />
          <Statement FileIndex="148" Line="13" Column="9" EndLine="13" EndColumn="44" Covered="True" />
          <Statement FileIndex="148" Line="14" Column="5" EndLine="14" EndColumn="6" Covered="True" />
        </Method>
      </Type>
      <Type Name="GetBuyerByIdQueryHandler" CoveredStatements="8" TotalStatements="8" CoveragePercent="100">
        <Type Name="&lt;Handle&gt;d__2" CoveredStatements="4" TotalStatements="4" CoveragePercent="100">
          <Method Name="MoveNext():System.Void" CoveredStatements="4" TotalStatements="4" CoveragePercent="100">
            <Statement FileIndex="149" Line="17" Column="5" EndLine="17" EndColumn="6" Covered="True" />
            <Statement FileIndex="149" Line="18" Column="9" EndLine="18" EndColumn="86" Covered="True" />
            <Statement FileIndex="149" Line="20" Column="9" EndLine="20" EndColumn="22" Covered="True" />
            <Statement FileIndex="149" Line="21" Column="5" EndLine="21" EndColumn="6" Covered="True" />
          </Method>
        </Type>
        <Method Name=".ctor(CoffeeSpace.OrderingApi.Application.Repositories.Abstractions.IBuyerRepository):System.Void" CoveredStatements="4" TotalStatements="4" CoveragePercent="100">
          <Statement FileIndex="149" Line="11" Column="5" EndLine="11" EndColumn="70" Covered="True" />
          <Statement FileIndex="149" Line="12" Column="5" EndLine="12" EndColumn="6" Covered="True" />
          <Statement FileIndex="149" Line="13" Column="9" EndLine="13" EndColumn="44" Covered="True" />
          <Statement FileIndex="149" Line="14" Column="5" EndLine="14" EndColumn="6" Covered="True" />
        </Method>
      </Type>
    </Namespace>
    <Namespace Name="CoffeeSpace.OrderingApi.Application.Messaging.Mediator.Queries.Orders" CoveredStatements="6" TotalStatements="6" CoveragePercent="100">
      <Type Name="GetAllOrdersByBuyerIdQuery" CoveredStatements="2" TotalStatements="2" CoveragePercent="100">
        <Method Name="get_BuyerId():System.String" CoveredStatements="1" TotalStatements="1" CoveragePercent="100">
          <Statement FileIndex="150" Line="8" Column="38" EndLine="8" EndColumn="42" Covered="True" />
        </Method>
        <Method Name="set_BuyerId(System.String):System.Void" CoveredStatements="1" TotalStatements="1" CoveragePercent="100">
          <Statement FileIndex="150" Line="8" Column="43" EndLine="8" EndColumn="48" Covered="True" />
        </Method>
      </Type>
      <Type Name="GetOrderByIdQuery" CoveredStatements="4" TotalStatements="4" CoveragePercent="100">
        <Method Name="get_BuyerId():System.String" CoveredStatements="1" TotalStatements="1" CoveragePercent="100">
          <Statement FileIndex="151" Line="10" Column="38" EndLine="10" EndColumn="42" Covered="True" />
        </Method>
        <Method Name="get_Id():System.String" CoveredStatements="1" TotalStatements="1" CoveragePercent="100">
          <Statement FileIndex="151" Line="8" Column="33" EndLine="8" EndColumn="37" Covered="True" />
        </Method>
        <Method Name="set_BuyerId(System.String):System.Void" CoveredStatements="1" TotalStatements="1" CoveragePercent="100">
          <Statement FileIndex="151" Line="10" Column="43" EndLine="10" EndColumn="48" Covered="True" />
        </Method>
        <Method Name="set_Id(System.String):System.Void" CoveredStatements="1" TotalStatements="1" CoveragePercent="100">
          <Statement FileIndex="151" Line="8" Column="38" EndLine="8" EndColumn="43" Covered="True" />
        </Method>
      </Type>
    </Namespace>
    <Namespace Name="CoffeeSpace.OrderingApi.Application.Messaging.Mediator.Queries.Orders.Handlers" CoveredStatements="16" TotalStatements="16" CoveragePercent="100">
      <Type Name="GetAllOrdersByBuyerIdQueryHandler" CoveredStatements="8" TotalStatements="8" CoveragePercent="100">
        <Type Name="&lt;Handle&gt;d__2" CoveredStatements="4" TotalStatements="4" CoveragePercent="100">
          <Method Name="MoveNext():System.Void" CoveredStatements="4" TotalStatements="4" CoveragePercent="100">
            <Statement FileIndex="152" Line="17" Column="5" EndLine="17" EndColumn="6" Covered="True" />
            <Statement FileIndex="152" Line="18" Column="9" EndLine="18" EndColumn="100" Covered="True" />
            <Statement FileIndex="152" Line="20" Column="9" EndLine="20" EndColumn="23" Covered="True" />
            <Statement FileIndex="152" Line="21" Column="5" EndLine="21" EndColumn="6" Covered="True" />
          </Method>
        </Type>
        <Method Name=".ctor(CoffeeSpace.OrderingApi.Application.Repositories.Abstractions.IOrderRepository):System.Void" CoveredStatements="4" TotalStatements="4" CoveragePercent="100">
          <Statement FileIndex="152" Line="11" Column="5" EndLine="11" EndColumn="79" Covered="True" />
          <Statement FileIndex="152" Line="12" Column="5" EndLine="12" EndColumn="6" Covered="True" />
          <Statement FileIndex="152" Line="13" Column="9" EndLine="13" EndColumn="44" Covered="True" />
          <Statement FileIndex="152" Line="14" Column="5" EndLine="14" EndColumn="6" Covered="True" />
        </Method>
      </Type>
      <Type Name="GetOrderByIdQueryHandler" CoveredStatements="8" TotalStatements="8" CoveragePercent="100">
        <Type Name="&lt;Handle&gt;d__2" CoveredStatements="4" TotalStatements="4" CoveragePercent="100">
          <Method Name="MoveNext():System.Void" CoveredStatements="4" TotalStatements="4" CoveragePercent="100">
            <Statement FileIndex="153" Line="17" Column="5" EndLine="17" EndColumn="6" Covered="True" />
            <Statement FileIndex="153" Line="18" Column="9" EndLine="18" EndColumn="86" Covered="True" />
            <Statement FileIndex="153" Line="20" Column="9" EndLine="20" EndColumn="22" Covered="True" />
            <Statement FileIndex="153" Line="21" Column="5" EndLine="21" EndColumn="6" Covered="True" />
          </Method>
        </Type>
        <Method Name=".ctor(CoffeeSpace.OrderingApi.Application.Repositories.Abstractions.IOrderRepository):System.Void" CoveredStatements="4" TotalStatements="4" CoveragePercent="100">
          <Statement FileIndex="153" Line="11" Column="5" EndLine="11" EndColumn="70" Covered="True" />
          <Statement FileIndex="153" Line="12" Column="5" EndLine="12" EndColumn="6" Covered="True" />
          <Statement FileIndex="153" Line="13" Column="9" EndLine="13" EndColumn="44" Covered="True" />
          <Statement FileIndex="153" Line="14" Column="5" EndLine="14" EndColumn="6" Covered="True" />
        </Method>
      </Type>
    </Namespace>
    <Namespace Name="CoffeeSpace.OrderingApi.Application.Pipelines.Buyers" CoveredStatements="48" TotalStatements="48" CoveragePercent="100">
      <Type Name="BuyerCacheInvalidationPipeline" CoveredStatements="28" TotalStatements="28" CoveragePercent="100">
        <Type Name="&lt;Handle&gt;d__2" CoveredStatements="8" TotalStatements="8" CoveragePercent="100">
          <Method Name="MoveNext():System.Void" CoveredStatements="8" TotalStatements="8" CoveragePercent="100">
            <Statement FileIndex="154" Line="22" Column="5" EndLine="22" EndColumn="6" Covered="True" />
            <Statement FileIndex="154" Line="23" Column="9" EndLine="23" EndColumn="62" Covered="True" />
            <Statement FileIndex="154" Line="24" Column="9" EndLine="24" EndColumn="21" Covered="True" />
            <Statement FileIndex="154" Line="25" Column="9" EndLine="25" EndColumn="10" Covered="True" />
            <Statement FileIndex="154" Line="26" Column="13" EndLine="30" EndColumn="35" Covered="True" />
            <Statement FileIndex="154" Line="31" Column="9" EndLine="31" EndColumn="10" Covered="True" />
            <Statement FileIndex="154" Line="33" Column="9" EndLine="33" EndColumn="24" Covered="True" />
            <Statement FileIndex="154" Line="34" Column="5" EndLine="34" EndColumn="6" Covered="True" />
          </Method>
        </Type>
        <Type Name="&lt;Handle&gt;d__3" CoveredStatements="8" TotalStatements="8" CoveragePercent="100">
          <Method Name="MoveNext():System.Void" CoveredStatements="8" TotalStatements="8" CoveragePercent="100">
            <Statement FileIndex="154" Line="38" Column="5" EndLine="38" EndColumn="6" Covered="True" />
            <Statement FileIndex="154" Line="39" Column="9" EndLine="39" EndColumn="67" Covered="True" />
            <Statement FileIndex="154" Line="40" Column="9" EndLine="40" EndColumn="38" Covered="True" />
            <Statement FileIndex="154" Line="41" Column="9" EndLine="41" EndColumn="10" Covered="True" />
            <Statement FileIndex="154" Line="42" Column="13" EndLine="46" EndColumn="35" Covered="True" />
            <Statement FileIndex="154" Line="47" Column="9" EndLine="47" EndColumn="10" Covered="True" />
            <Statement FileIndex="154" Line="49" Column="9" EndLine="49" EndColumn="29" Covered="True" />
            <Statement FileIndex="154" Line="50" Column="5" EndLine="50" EndColumn="6" Covered="True" />
          </Method>
        </Type>
        <Type Name="&lt;Handle&gt;d__4" CoveredStatements="8" TotalStatements="8" CoveragePercent="100">
          <Method Name="MoveNext():System.Void" CoveredStatements="8" TotalStatements="8" CoveragePercent="100">
            <Statement FileIndex="154" Line="54" Column="5" EndLine="54" EndColumn="6" Covered="True" />
            <Statement FileIndex="154" Line="55" Column="9" EndLine="55" EndColumn="62" Covered="True" />
            <Statement FileIndex="154" Line="56" Column="9" EndLine="56" EndColumn="21" Covered="True" />
            <Statement FileIndex="154" Line="57" Column="9" EndLine="57" EndColumn="10" Covered="True" />
            <Statement FileIndex="154" Line="58" Column="13" EndLine="61" EndColumn="35" Covered="True" />
            <Statement FileIndex="154" Line="62" Column="9" EndLine="62" EndColumn="10" Covered="True" />
            <Statement FileIndex="154" Line="64" Column="9" EndLine="64" EndColumn="24" Covered="True" />
            <Statement FileIndex="154" Line="65" Column="5" EndLine="65" EndColumn="6" Covered="True" />
          </Method>
        </Type>
        <Method Name=".ctor(Mediator.IPublisher):System.Void" CoveredStatements="4" TotalStatements="4" CoveragePercent="100">
          <Statement FileIndex="154" Line="15" Column="5" EndLine="15" EndColumn="64" Covered="True" />
          <Statement FileIndex="154" Line="16" Column="5" EndLine="16" EndColumn="6" Covered="True" />
          <Statement FileIndex="154" Line="17" Column="9" EndLine="17" EndColumn="32" Covered="True" />
          <Statement FileIndex="154" Line="18" Column="5" EndLine="18" EndColumn="6" Covered="True" />
        </Method>
      </Type>
      <Type Name="BuyerCachePipeline" CoveredStatements="20" TotalStatements="20" CoveragePercent="100">
        <Type Name="&lt;&gt;c__DisplayClass2_0" CoveredStatements="4" TotalStatements="4" CoveragePercent="100">
          <Type Name="&lt;&lt;Handle&gt;b__0&gt;d" CoveredStatements="4" TotalStatements="4" CoveragePercent="100">
            <Method Name="MoveNext():System.Void" CoveredStatements="4" TotalStatements="4" CoveragePercent="100">
              <Statement FileIndex="155" Line="24" Column="9" EndLine="24" EndColumn="10" Covered="True" />
              <Statement FileIndex="155" Line="25" Column="13" EndLine="25" EndColumn="64" Covered="True" />
              <Statement FileIndex="155" Line="26" Column="13" EndLine="26" EndColumn="26" Covered="True" />
              <Statement FileIndex="155" Line="27" Column="9" EndLine="27" EndColumn="10" Covered="True" />
            </Method>
          </Type>
        </Type>
        <Type Name="&lt;&gt;c__DisplayClass3_0" CoveredStatements="4" TotalStatements="4" CoveragePercent="100">
          <Type Name="&lt;&lt;Handle&gt;b__0&gt;d" CoveredStatements="4" TotalStatements="4" CoveragePercent="100">
            <Method Name="MoveNext():System.Void" CoveredStatements="4" TotalStatements="4" CoveragePercent="100">
              <Statement FileIndex="155" Line="36" Column="9" EndLine="36" EndColumn="10" Covered="True" />
              <Statement FileIndex="155" Line="37" Column="13" EndLine="37" EndColumn="64" Covered="True" />
              <Statement FileIndex="155" Line="38" Column="13" EndLine="38" EndColumn="26" Covered="True" />
              <Statement FileIndex="155" Line="39" Column="9" EndLine="39" EndColumn="10" Covered="True" />
            </Method>
          </Type>
        </Type>
        <Type Name="&lt;Handle&gt;d__2" CoveredStatements="4" TotalStatements="4" CoveragePercent="100">
          <Method Name="MoveNext():System.Void" CoveredStatements="4" TotalStatements="4" CoveragePercent="100">
            <Statement FileIndex="155" Line="22" Column="5" EndLine="22" EndColumn="6" Covered="True" />
            <Statement FileIndex="155" Line="23" Column="9" EndLine="27" EndColumn="31" Covered="True" />
            <Statement FileIndex="155" Line="29" Column="9" EndLine="29" EndColumn="22" Covered="True" />
            <Statement FileIndex="155" Line="30" Column="5" EndLine="30" EndColumn="6" Covered="True" />
          </Method>
        </Type>
        <Type Name="&lt;Handle&gt;d__3" CoveredStatements="4" TotalStatements="4" CoveragePercent="100">
          <Method Name="MoveNext():System.Void" CoveredStatements="4" TotalStatements="4" CoveragePercent="100">
            <Statement FileIndex="155" Line="34" Column="5" EndLine="34" EndColumn="6" Covered="True" />
            <Statement FileIndex="155" Line="35" Column="9" EndLine="39" EndColumn="31" Covered="True" />
            <Statement FileIndex="155" Line="41" Column="9" EndLine="41" EndColumn="22" Covered="True" />
            <Statement FileIndex="155" Line="42" Column="5" EndLine="42" EndColumn="6" Covered="True" />
          </Method>
        </Type>
        <Method Name=".ctor(CoffeeSpace.Core.Services.Abstractions.ICacheService&lt;CoffeeSpace.Domain.Ordering.BuyerInfo.Buyer&gt;):System.Void" CoveredStatements="4" TotalStatements="4" CoveragePercent="100">
          <Statement FileIndex="155" Line="15" Column="5" EndLine="15" EndColumn="65" Covered="True" />
          <Statement FileIndex="155" Line="16" Column="5" EndLine="16" EndColumn="6" Covered="True" />
          <Statement FileIndex="155" Line="17" Column="9" EndLine="17" EndColumn="38" Covered="True" />
          <Statement FileIndex="155" Line="18" Column="5" EndLine="18" EndColumn="6" Covered="True" />
        </Method>
      </Type>
    </Namespace>
    <Namespace Name="CoffeeSpace.OrderingApi.Application.Pipelines.Orders" CoveredStatements="40" TotalStatements="48" CoveragePercent="83">
      <Type Name="OrderCacheInvalidationPipeline" CoveredStatements="20" TotalStatements="28" CoveragePercent="71">
        <Type Name="&lt;Handle&gt;d__2" CoveredStatements="8" TotalStatements="8" CoveragePercent="100">
          <Method Name="MoveNext():System.Void" CoveredStatements="8" TotalStatements="8" CoveragePercent="100">
            <Statement FileIndex="157" Line="22" Column="5" EndLine="22" EndColumn="6" Covered="True" />
            <Statement FileIndex="157" Line="23" Column="9" EndLine="23" EndColumn="62" Covered="True" />
            <Statement FileIndex="157" Line="24" Column="9" EndLine="24" EndColumn="21" Covered="True" />
            <Statement FileIndex="157" Line="25" Column="9" EndLine="25" EndColumn="10" Covered="True" />
            <Statement FileIndex="157" Line="26" Column="13" EndLine="29" EndColumn="35" Covered="True" />
            <Statement FileIndex="157" Line="30" Column="9" EndLine="30" EndColumn="10" Covered="True" />
            <Statement FileIndex="157" Line="32" Column="9" EndLine="32" EndColumn="24" Covered="True" />
            <Statement FileIndex="157" Line="33" Column="5" EndLine="33" EndColumn="6" Covered="True" />
          </Method>
        </Type>
        <Type Name="&lt;Handle&gt;d__3" CoveredStatements="0" TotalStatements="8" CoveragePercent="0">
          <Method Name="MoveNext():System.Void" CoveredStatements="0" TotalStatements="8" CoveragePercent="0">
            <Statement FileIndex="157" Line="37" Column="5" EndLine="37" EndColumn="6" Covered="False" />
            <Statement FileIndex="157" Line="38" Column="9" EndLine="38" EndColumn="67" Covered="False" />
            <Statement FileIndex="157" Line="39" Column="9" EndLine="39" EndColumn="38" Covered="False" />
            <Statement FileIndex="157" Line="40" Column="9" EndLine="40" EndColumn="10" Covered="False" />
            <Statement FileIndex="157" Line="41" Column="13" EndLine="45" EndColumn="35" Covered="False" />
            <Statement FileIndex="157" Line="46" Column="9" EndLine="46" EndColumn="10" Covered="False" />
            <Statement FileIndex="157" Line="48" Column="9" EndLine="48" EndColumn="29" Covered="False" />
            <Statement FileIndex="157" Line="49" Column="5" EndLine="49" EndColumn="6" Covered="False" />
          </Method>
        </Type>
        <Type Name="&lt;Handle&gt;d__4" CoveredStatements="8" TotalStatements="8" CoveragePercent="100">
          <Method Name="MoveNext():System.Void" CoveredStatements="8" TotalStatements="8" CoveragePercent="100">
            <Statement FileIndex="157" Line="53" Column="5" EndLine="53" EndColumn="6" Covered="True" />
            <Statement FileIndex="157" Line="54" Column="9" EndLine="54" EndColumn="62" Covered="True" />
            <Statement FileIndex="157" Line="55" Column="9" EndLine="55" EndColumn="21" Covered="True" />
            <Statement FileIndex="157" Line="56" Column="9" EndLine="56" EndColumn="10" Covered="True" />
            <Statement FileIndex="157" Line="57" Column="13" EndLine="61" EndColumn="35" Covered="True" />
            <Statement FileIndex="157" Line="62" Column="9" EndLine="62" EndColumn="10" Covered="True" />
            <Statement FileIndex="157" Line="64" Column="9" EndLine="64" EndColumn="24" Covered="True" />
            <Statement FileIndex="157" Line="65" Column="5" EndLine="65" EndColumn="6" Covered="True" />
          </Method>
        </Type>
        <Method Name=".ctor(Mediator.IPublisher):System.Void" CoveredStatements="4" TotalStatements="4" CoveragePercent="100">
          <Statement FileIndex="157" Line="15" Column="5" EndLine="15" EndColumn="64" Covered="True" />
          <Statement FileIndex="157" Line="16" Column="5" EndLine="16" EndColumn="6" Covered="True" />
          <Statement FileIndex="157" Line="17" Column="9" EndLine="17" EndColumn="32" Covered="True" />
          <Statement FileIndex="157" Line="18" Column="5" EndLine="18" EndColumn="6" Covered="True" />
        </Method>
      </Type>
      <Type Name="OrderCachePipeline" CoveredStatements="20" TotalStatements="20" CoveragePercent="100">
        <Type Name="&lt;&gt;c__DisplayClass2_0" CoveredStatements="4" TotalStatements="4" CoveragePercent="100">
          <Type Name="&lt;&lt;Handle&gt;b__0&gt;d" CoveredStatements="4" TotalStatements="4" CoveragePercent="100">
            <Method Name="MoveNext():System.Void" CoveredStatements="4" TotalStatements="4" CoveragePercent="100">
              <Statement FileIndex="158" Line="24" Column="9" EndLine="24" EndColumn="10" Covered="True" />
              <Statement FileIndex="158" Line="25" Column="13" EndLine="25" EndColumn="64" Covered="True" />
              <Statement FileIndex="158" Line="26" Column="13" EndLine="26" EndColumn="26" Covered="True" />
              <Statement FileIndex="158" Line="27" Column="9" EndLine="27" EndColumn="10" Covered="True" />
            </Method>
          </Type>
        </Type>
        <Type Name="&lt;&gt;c__DisplayClass3_0" CoveredStatements="4" TotalStatements="4" CoveragePercent="100">
          <Type Name="&lt;&lt;Handle&gt;b__0&gt;d" CoveredStatements="4" TotalStatements="4" CoveragePercent="100">
            <Method Name="MoveNext():System.Void" CoveredStatements="4" TotalStatements="4" CoveragePercent="100">
              <Statement FileIndex="158" Line="36" Column="9" EndLine="36" EndColumn="10" Covered="True" />
              <Statement FileIndex="158" Line="37" Column="13" EndLine="37" EndColumn="65" Covered="True" />
              <Statement FileIndex="158" Line="38" Column="13" EndLine="38" EndColumn="27" Covered="True" />
              <Statement FileIndex="158" Line="39" Column="9" EndLine="39" EndColumn="10" Covered="True" />
            </Method>
          </Type>
        </Type>
        <Type Name="&lt;Handle&gt;d__2" CoveredStatements="4" TotalStatements="4" CoveragePercent="100">
          <Method Name="MoveNext():System.Void" CoveredStatements="4" TotalStatements="4" CoveragePercent="100">
            <Statement FileIndex="158" Line="22" Column="5" EndLine="22" EndColumn="6" Covered="True" />
            <Statement FileIndex="158" Line="23" Column="9" EndLine="27" EndColumn="31" Covered="True" />
            <Statement FileIndex="158" Line="29" Column="9" EndLine="29" EndColumn="22" Covered="True" />
            <Statement FileIndex="158" Line="30" Column="5" EndLine="30" EndColumn="6" Covered="True" />
          </Method>
        </Type>
        <Type Name="&lt;Handle&gt;d__3" CoveredStatements="4" TotalStatements="4" CoveragePercent="100">
          <Method Name="MoveNext():System.Void" CoveredStatements="4" TotalStatements="4" CoveragePercent="100">
            <Statement FileIndex="158" Line="34" Column="5" EndLine="34" EndColumn="6" Covered="True" />
            <Statement FileIndex="158" Line="35" Column="9" EndLine="39" EndColumn="31" Covered="True" />
            <Statement FileIndex="158" Line="41" Column="9" EndLine="41" EndColumn="23" Covered="True" />
            <Statement FileIndex="158" Line="42" Column="5" EndLine="42" EndColumn="6" Covered="True" />
          </Method>
        </Type>
        <Method Name=".ctor(CoffeeSpace.Core.Services.Abstractions.ICacheService&lt;CoffeeSpace.Domain.Ordering.Orders.Order&gt;):System.Void" CoveredStatements="4" TotalStatements="4" CoveragePercent="100">
          <Statement FileIndex="158" Line="15" Column="5" EndLine="15" EndColumn="65" Covered="True" />
          <Statement FileIndex="158" Line="16" Column="5" EndLine="16" EndColumn="6" Covered="True" />
          <Statement FileIndex="158" Line="17" Column="9" EndLine="17" EndColumn="38" Covered="True" />
          <Statement FileIndex="158" Line="18" Column="5" EndLine="18" EndColumn="6" Covered="True" />
        </Method>
      </Type>
    </Namespace>
    <Namespace Name="CoffeeSpace.OrderingApi.Application.Repositories" CoveredStatements="79" TotalStatements="85" CoveragePercent="93">
      <Type Name="BuyerRepository" CoveredStatements="38" TotalStatements="38" CoveragePercent="100">
        <Type Name="&lt;CreateAsync&gt;d__4" CoveredStatements="5" TotalStatements="5" CoveragePercent="100">
          <Method Name="MoveNext():System.Void" CoveredStatements="5" TotalStatements="5" CoveragePercent="100">
            <Statement FileIndex="162" Line="49" Column="5" EndLine="49" EndColumn="6" Covered="True" />
            <Statement FileIndex="162" Line="50" Column="9" EndLine="50" EndColumn="76" Covered="True" />
            <Statement FileIndex="162" Line="51" Column="9" EndLine="51" EndColumn="83" Covered="True" />
            <Statement FileIndex="162" Line="53" Column="9" EndLine="53" EndColumn="27" Covered="True" />
            <Statement FileIndex="162" Line="54" Column="5" EndLine="54" EndColumn="6" Covered="True" />
          </Method>
        </Type>
        <Type Name="&lt;DeleteByIdAsync&gt;d__6" CoveredStatements="4" TotalStatements="4" CoveragePercent="100">
          <Method Name="MoveNext():System.Void" CoveredStatements="4" TotalStatements="4" CoveragePercent="100">
            <Statement FileIndex="162" Line="65" Column="5" EndLine="65" EndColumn="6" Covered="True" />
            <Statement FileIndex="162" Line="67" Column="9" EndLine="69" EndColumn="52" Covered="True" />
            <Statement FileIndex="162" Line="71" Column="9" EndLine="71" EndColumn="27" Covered="True" />
            <Statement FileIndex="162" Line="72" Column="5" EndLine="72" EndColumn="6" Covered="True" />
          </Method>
        </Type>
        <Type Name="&lt;GetByEmailAsync&gt;d__3" CoveredStatements="10" TotalStatements="10" CoveragePercent="100">
          <Method Name="MoveNext():System.Void" CoveredStatements="10" TotalStatements="10" CoveragePercent="100">
            <Statement FileIndex="162" Line="34" Column="5" EndLine="34" EndColumn="6" Covered="True" />
            <Statement FileIndex="162" Line="35" Column="9" EndLine="35" EndColumn="115" Covered="True" />
            <Statement FileIndex="162" Line="36" Column="9" EndLine="36" EndColumn="27" Covered="True" />
            <Statement FileIndex="162" Line="37" Column="9" EndLine="37" EndColumn="10" Covered="True" />
            <Statement FileIndex="162" Line="38" Column="13" EndLine="38" EndColumn="26" Covered="True" />
            <Statement FileIndex="162" Line="41" Column="9" EndLine="41" EndColumn="78" Covered="True" />
            <Statement FileIndex="162" Line="42" Column="9" EndLine="42" EndColumn="89" Covered="True" />
            <Statement FileIndex="162" Line="43" Column="9" EndLine="43" EndColumn="86" Covered="True" />
            <Statement FileIndex="162" Line="45" Column="9" EndLine="45" EndColumn="22" Covered="True" />
            <Statement FileIndex="162" Line="46" Column="5" EndLine="46" EndColumn="6" Covered="True" />
          </Method>
        </Type>
        <Type Name="&lt;GetByIdAsync&gt;d__2" CoveredStatements="10" TotalStatements="10" CoveragePercent="100">
          <Method Name="MoveNext():System.Void" CoveredStatements="10" TotalStatements="10" CoveragePercent="100">
            <Statement FileIndex="162" Line="19" Column="5" EndLine="19" EndColumn="6" Covered="True" />
            <Statement FileIndex="162" Line="20" Column="9" EndLine="20" EndColumn="102" Covered="True" />
            <Statement FileIndex="162" Line="21" Column="9" EndLine="21" EndColumn="27" Covered="True" />
            <Statement FileIndex="162" Line="22" Column="9" EndLine="22" EndColumn="10" Covered="True" />
            <Statement FileIndex="162" Line="23" Column="13" EndLine="23" EndColumn="26" Covered="True" />
            <Statement FileIndex="162" Line="26" Column="9" EndLine="26" EndColumn="78" Covered="True" />
            <Statement FileIndex="162" Line="27" Column="9" EndLine="27" EndColumn="89" Covered="True" />
            <Statement FileIndex="162" Line="28" Column="9" EndLine="28" EndColumn="86" Covered="True" />
            <Statement FileIndex="162" Line="30" Column="9" EndLine="30" EndColumn="22" Covered="True" />
            <Statement FileIndex="162" Line="31" Column="5" EndLine="31" EndColumn="6" Covered="True" />
          </Method>
        </Type>
        <Type Name="&lt;UpdateAsync&gt;d__5" CoveredStatements="5" TotalStatements="5" CoveragePercent="100">
          <Method Name="MoveNext():System.Void" CoveredStatements="5" TotalStatements="5" CoveragePercent="100">
            <Statement FileIndex="162" Line="57" Column="5" EndLine="57" EndColumn="6" Covered="True" />
            <Statement FileIndex="162" Line="58" Column="9" EndLine="58" EndColumn="49" Covered="True" />
            <Statement FileIndex="162" Line="59" Column="9" EndLine="59" EndColumn="83" Covered="True" />
            <Statement FileIndex="162" Line="61" Column="9" EndLine="61" EndColumn="42" Covered="True" />
            <Statement FileIndex="162" Line="62" Column="5" EndLine="62" EndColumn="6" Covered="True" />
          </Method>
        </Type>
        <Method Name=".ctor(CoffeeSpace.OrderingApi.Persistence.Abstractions.IOrderingDbContext):System.Void" CoveredStatements="4" TotalStatements="4" CoveragePercent="100">
          <Statement FileIndex="162" Line="13" Column="5" EndLine="13" EndColumn="65" Covered="True" />
          <Statement FileIndex="162" Line="14" Column="5" EndLine="14" EndColumn="6" Covered="True" />
          <Statement FileIndex="162" Line="15" Column="9" EndLine="15" EndColumn="48" Covered="True" />
          <Statement FileIndex="162" Line="16" Column="5" EndLine="16" EndColumn="6" Covered="True" />
        </Method>
      </Type>
      <Type Name="OrderRepository" CoveredStatements="41" TotalStatements="47" CoveragePercent="87">
        <Type Name="&lt;CreateAsync&gt;d__4" CoveredStatements="9" TotalStatements="9" CoveragePercent="100">
          <Method Name="MoveNext():System.Void" CoveredStatements="9" TotalStatements="9" CoveragePercent="100">
            <Statement FileIndex="163" Line="49" Column="5" EndLine="49" EndColumn="6" Covered="True" />
            <Statement FileIndex="163" Line="50" Column="9" EndLine="50" EndColumn="113" Covered="True" />
            <Statement FileIndex="163" Line="51" Column="9" EndLine="51" EndColumn="27" Covered="True" />
            <Statement FileIndex="163" Line="52" Column="9" EndLine="52" EndColumn="10" Covered="True" />
            <Statement FileIndex="163" Line="53" Column="13" EndLine="53" EndColumn="26" Covered="True" />
            <Statement FileIndex="163" Line="56" Column="9" EndLine="56" EndColumn="76" Covered="True" />
            <Statement FileIndex="163" Line="57" Column="9" EndLine="57" EndColumn="83" Covered="True" />
            <Statement FileIndex="163" Line="59" Column="9" EndLine="59" EndColumn="27" Covered="True" />
            <Statement FileIndex="163" Line="60" Column="5" EndLine="60" EndColumn="6" Covered="True" />
          </Method>
        </Type>
        <Type Name="&lt;DeleteByIdAsync&gt;d__7" CoveredStatements="4" TotalStatements="4" CoveragePercent="100">
          <Method Name="MoveNext():System.Void" CoveredStatements="4" TotalStatements="4" CoveragePercent="100">
            <Statement FileIndex="163" Line="87" Column="5" EndLine="87" EndColumn="6" Covered="True" />
            <Statement FileIndex="163" Line="88" Column="9" EndLine="90" EndColumn="52" Covered="True" />
            <Statement FileIndex="163" Line="92" Column="9" EndLine="92" EndColumn="27" Covered="True" />
            <Statement FileIndex="163" Line="93" Column="5" EndLine="93" EndColumn="6" Covered="True" />
          </Method>
        </Type>
        <Type Name="&lt;GetAllByBuyerIdAsync&gt;d__2" CoveredStatements="6" TotalStatements="8" CoveragePercent="75">
          <Method Name="MoveNext():System.Void" CoveredStatements="6" TotalStatements="8" CoveragePercent="75">
            <Statement FileIndex="163" Line="19" Column="5" EndLine="19" EndColumn="6" Covered="True" />
            <Statement FileIndex="163" Line="20" Column="9" EndLine="20" EndColumn="87" Covered="True" />
            <Statement FileIndex="163" Line="21" Column="9" EndLine="21" EndColumn="25" Covered="True" />
            <Statement FileIndex="163" Line="22" Column="9" EndLine="22" EndColumn="10" Covered="False" />
            <Statement FileIndex="163" Line="23" Column="13" EndLine="23" EndColumn="46" Covered="False" />
            <Statement FileIndex="163" Line="26" Column="9" EndLine="29" EndColumn="41" Covered="True" />
            <Statement FileIndex="163" Line="31" Column="9" EndLine="31" EndColumn="23" Covered="True" />
            <Statement FileIndex="163" Line="32" Column="5" EndLine="32" EndColumn="6" Covered="True" />
          </Method>
        </Type>
        <Type Name="&lt;GetByIdAsync&gt;d__3" CoveredStatements="9" TotalStatements="9" CoveragePercent="100">
          <Method Name="MoveNext():System.Void" CoveredStatements="9" TotalStatements="9" CoveragePercent="100">
            <Statement FileIndex="163" Line="35" Column="5" EndLine="35" EndColumn="6" Covered="True" />
            <Statement FileIndex="163" Line="36" Column="9" EndLine="36" EndColumn="103" Covered="True" />
            <Statement FileIndex="163" Line="37" Column="9" EndLine="37" EndColumn="27" Covered="True" />
            <Statement FileIndex="163" Line="38" Column="9" EndLine="38" EndColumn="10" Covered="True" />
            <Statement FileIndex="163" Line="39" Column="13" EndLine="39" EndColumn="26" Covered="True" />
            <Statement FileIndex="163" Line="42" Column="9" EndLine="42" EndColumn="81" Covered="True" />
            <Statement FileIndex="163" Line="43" Column="9" EndLine="43" EndColumn="78" Covered="True" />
            <Statement FileIndex="163" Line="45" Column="9" EndLine="45" EndColumn="22" Covered="True" />
            <Statement FileIndex="163" Line="46" Column="5" EndLine="46" EndColumn="6" Covered="True" />
          </Method>
        </Type>
        <Type Name="&lt;UpdateAsync&gt;d__5" CoveredStatements="9" TotalStatements="9" CoveragePercent="100">
          <Method Name="MoveNext():System.Void" CoveredStatements="9" TotalStatements="9" CoveragePercent="100">
            <Statement FileIndex="163" Line="63" Column="5" EndLine="63" EndColumn="6" Covered="True" />
            <Statement FileIndex="163" Line="64" Column="9" EndLine="64" EndColumn="115" Covered="True" />
            <Statement FileIndex="163" Line="65" Column="9" EndLine="65" EndColumn="35" Covered="True" />
            <Statement FileIndex="163" Line="66" Column="9" EndLine="66" EndColumn="10" Covered="True" />
            <Statement FileIndex="163" Line="67" Column="13" EndLine="67" EndColumn="25" Covered="True" />
            <Statement FileIndex="163" Line="70" Column="9" EndLine="70" EndColumn="49" Covered="True" />
            <Statement FileIndex="163" Line="71" Column="9" EndLine="71" EndColumn="70" Covered="True" />
            <Statement FileIndex="163" Line="73" Column="9" EndLine="73" EndColumn="22" Covered="True" />
            <Statement FileIndex="163" Line="74" Column="5" EndLine="74" EndColumn="6" Covered="True" />
          </Method>
        </Type>
        <Type Name="&lt;UpdateOrderStatusAsync&gt;d__6" CoveredStatements="0" TotalStatements="4" CoveragePercent="0">
          <Method Name="MoveNext():System.Void" CoveredStatements="0" TotalStatements="4" CoveragePercent="0">
            <Statement FileIndex="163" Line="77" Column="5" EndLine="77" EndColumn="6" Covered="False" />
            <Statement FileIndex="163" Line="78" Column="9" EndLine="81" EndColumn="86" Covered="False" />
            <Statement FileIndex="163" Line="83" Column="9" EndLine="83" EndColumn="27" Covered="False" />
            <Statement FileIndex="163" Line="84" Column="5" EndLine="84" EndColumn="6" Covered="False" />
          </Method>
        </Type>
        <Method Name=".ctor(CoffeeSpace.OrderingApi.Persistence.Abstractions.IOrderingDbContext):System.Void" CoveredStatements="4" TotalStatements="4" CoveragePercent="100">
          <Statement FileIndex="163" Line="13" Column="5" EndLine="13" EndColumn="65" Covered="True" />
          <Statement FileIndex="163" Line="14" Column="5" EndLine="14" EndColumn="6" Covered="True" />
          <Statement FileIndex="163" Line="15" Column="9" EndLine="15" EndColumn="48" Covered="True" />
          <Statement FileIndex="163" Line="16" Column="5" EndLine="16" EndColumn="6" Covered="True" />
        </Method>
      </Type>
    </Namespace>
    <Namespace Name="CoffeeSpace.OrderingApi.Application.Services" CoveredStatements="48" TotalStatements="48" CoveragePercent="100">
      <Type Name="BuyerService" CoveredStatements="24" TotalStatements="24" CoveragePercent="100">
        <Type Name="&lt;CreateAsync&gt;d__4" CoveredStatements="4" TotalStatements="4" CoveragePercent="100">
          <Method Name="MoveNext():System.Void" CoveredStatements="4" TotalStatements="4" CoveragePercent="100">
            <Statement FileIndex="166" Line="39" Column="5" EndLine="39" EndColumn="6" Covered="True" />
            <Statement FileIndex="166" Line="40" Column="9" EndLine="43" EndColumn="31" Covered="True" />
            <Statement FileIndex="166" Line="45" Column="9" EndLine="45" EndColumn="24" Covered="True" />
            <Statement FileIndex="166" Line="46" Column="5" EndLine="46" EndColumn="6" Covered="True" />
          </Method>
        </Type>
        <Type Name="&lt;DeleteByIdAsync&gt;d__6" CoveredStatements="4" TotalStatements="4" CoveragePercent="100">
          <Method Name="MoveNext():System.Void" CoveredStatements="4" TotalStatements="4" CoveragePercent="100">
            <Statement FileIndex="166" Line="59" Column="5" EndLine="59" EndColumn="6" Covered="True" />
            <Statement FileIndex="166" Line="60" Column="9" EndLine="63" EndColumn="31" Covered="True" />
            <Statement FileIndex="166" Line="65" Column="9" EndLine="65" EndColumn="24" Covered="True" />
            <Statement FileIndex="166" Line="66" Column="5" EndLine="66" EndColumn="6" Covered="True" />
          </Method>
        </Type>
        <Type Name="&lt;GetByEmailAsync&gt;d__3" CoveredStatements="4" TotalStatements="4" CoveragePercent="100">
          <Method Name="MoveNext():System.Void" CoveredStatements="4" TotalStatements="4" CoveragePercent="100">
            <Statement FileIndex="166" Line="29" Column="5" EndLine="29" EndColumn="6" Covered="True" />
            <Statement FileIndex="166" Line="30" Column="9" EndLine="33" EndColumn="31" Covered="True" />
            <Statement FileIndex="166" Line="35" Column="9" EndLine="35" EndColumn="22" Covered="True" />
            <Statement FileIndex="166" Line="36" Column="5" EndLine="36" EndColumn="6" Covered="True" />
          </Method>
        </Type>
        <Type Name="&lt;GetByIdAsync&gt;d__2" CoveredStatements="4" TotalStatements="4" CoveragePercent="100">
          <Method Name="MoveNext():System.Void" CoveredStatements="4" TotalStatements="4" CoveragePercent="100">
            <Statement FileIndex="166" Line="19" Column="5" EndLine="19" EndColumn="6" Covered="True" />
            <Statement FileIndex="166" Line="20" Column="9" EndLine="23" EndColumn="31" Covered="True" />
            <Statement FileIndex="166" Line="25" Column="9" EndLine="25" EndColumn="22" Covered="True" />
            <Statement FileIndex="166" Line="26" Column="5" EndLine="26" EndColumn="6" Covered="True" />
          </Method>
        </Type>
        <Type Name="&lt;UpdateAsync&gt;d__5" CoveredStatements="4" TotalStatements="4" CoveragePercent="100">
          <Method Name="MoveNext():System.Void" CoveredStatements="4" TotalStatements="4" CoveragePercent="100">
            <Statement FileIndex="166" Line="49" Column="5" EndLine="49" EndColumn="6" Covered="True" />
            <Statement FileIndex="166" Line="50" Column="9" EndLine="53" EndColumn="31" Covered="True" />
            <Statement FileIndex="166" Line="55" Column="9" EndLine="55" EndColumn="23" Covered="True" />
            <Statement FileIndex="166" Line="56" Column="5" EndLine="56" EndColumn="6" Covered="True" />
          </Method>
        </Type>
        <Method Name=".ctor(Mediator.ISender):System.Void" CoveredStatements="4" TotalStatements="4" CoveragePercent="100">
          <Statement FileIndex="166" Line="13" Column="5" EndLine="13" EndColumn="40" Covered="True" />
          <Statement FileIndex="166" Line="14" Column="5" EndLine="14" EndColumn="6" Covered="True" />
          <Statement FileIndex="166" Line="15" Column="9" EndLine="15" EndColumn="26" Covered="True" />
          <Statement FileIndex="166" Line="16" Column="5" EndLine="16" EndColumn="6" Covered="True" />
        </Method>
      </Type>
      <Type Name="OrderService" CoveredStatements="24" TotalStatements="24" CoveragePercent="100">
        <Type Name="&lt;CreateAsync&gt;d__4" CoveredStatements="4" TotalStatements="4" CoveragePercent="100">
          <Method Name="MoveNext():System.Void" CoveredStatements="4" TotalStatements="4" CoveragePercent="100">
            <Statement FileIndex="167" Line="41" Column="5" EndLine="41" EndColumn="6" Covered="True" />
            <Statement FileIndex="167" Line="42" Column="9" EndLine="45" EndColumn="31" Covered="True" />
            <Statement FileIndex="167" Line="47" Column="9" EndLine="47" EndColumn="24" Covered="True" />
            <Statement FileIndex="167" Line="48" Column="5" EndLine="48" EndColumn="6" Covered="True" />
          </Method>
        </Type>
        <Type Name="&lt;DeleteByIdAsync&gt;d__6" CoveredStatements="4" TotalStatements="4" CoveragePercent="100">
          <Method Name="MoveNext():System.Void" CoveredStatements="4" TotalStatements="4" CoveragePercent="100">
            <Statement FileIndex="167" Line="61" Column="5" EndLine="61" EndColumn="6" Covered="True" />
            <Statement FileIndex="167" Line="62" Column="9" EndLine="66" EndColumn="31" Covered="True" />
            <Statement FileIndex="167" Line="68" Column="9" EndLine="68" EndColumn="24" Covered="True" />
            <Statement FileIndex="167" Line="69" Column="5" EndLine="69" EndColumn="6" Covered="True" />
          </Method>
        </Type>
        <Type Name="&lt;GetAllByBuyerIdAsync&gt;d__2" CoveredStatements="4" TotalStatements="4" CoveragePercent="100">
          <Method Name="MoveNext():System.Void" CoveredStatements="4" TotalStatements="4" CoveragePercent="100">
            <Statement FileIndex="167" Line="19" Column="5" EndLine="19" EndColumn="6" Covered="True" />
            <Statement FileIndex="167" Line="20" Column="9" EndLine="23" EndColumn="31" Covered="True" />
            <Statement FileIndex="167" Line="25" Column="9" EndLine="25" EndColumn="23" Covered="True" />
            <Statement FileIndex="167" Line="26" Column="5" EndLine="26" EndColumn="6" Covered="True" />
          </Method>
        </Type>
        <Type Name="&lt;GetByIdAsync&gt;d__3" CoveredStatements="4" TotalStatements="4" CoveragePercent="100">
          <Method Name="MoveNext():System.Void" CoveredStatements="4" TotalStatements="4" CoveragePercent="100">
            <Statement FileIndex="167" Line="29" Column="5" EndLine="29" EndColumn="6" Covered="True" />
            <Statement FileIndex="167" Line="31" Column="9" EndLine="35" EndColumn="31" Covered="True" />
            <Statement FileIndex="167" Line="37" Column="9" EndLine="37" EndColumn="22" Covered="True" />
            <Statement FileIndex="167" Line="38" Column="5" EndLine="38" EndColumn="6" Covered="True" />
          </Method>
        </Type>
        <Type Name="&lt;UpdateAsync&gt;d__5" CoveredStatements="4" TotalStatements="4" CoveragePercent="100">
          <Method Name="MoveNext():System.Void" CoveredStatements="4" TotalStatements="4" CoveragePercent="100">
            <Statement FileIndex="167" Line="51" Column="5" EndLine="51" EndColumn="6" Covered="True" />
            <Statement FileIndex="167" Line="52" Column="9" EndLine="55" EndColumn="31" Covered="True" />
            <Statement FileIndex="167" Line="57" Column="9" EndLine="57" EndColumn="23" Covered="True" />
            <Statement FileIndex="167" Line="58" Column="5" EndLine="58" EndColumn="6" Covered="True" />
          </Method>
        </Type>
        <Method Name=".ctor(Mediator.ISender):System.Void" CoveredStatements="4" TotalStatements="4" CoveragePercent="100">
          <Statement FileIndex="167" Line="13" Column="5" EndLine="13" EndColumn="40" Covered="True" />
          <Statement FileIndex="167" Line="14" Column="5" EndLine="14" EndColumn="6" Covered="True" />
          <Statement FileIndex="167" Line="15" Column="9" EndLine="15" EndColumn="26" Covered="True" />
          <Statement FileIndex="167" Line="16" Column="5" EndLine="16" EndColumn="6" Covered="True" />
        </Method>
      </Type>
    </Namespace>
    <Namespace Name="CoffeeSpace.OrderingApi.Application.Validators.Buyers" CoveredStatements="17" TotalStatements="17" CoveragePercent="100">
      <Type Name="BuyerResponseValidator" CoveredStatements="6" TotalStatements="6" CoveragePercent="100">
        <Method Name=".ctor():System.Void" CoveredStatements="6" TotalStatements="6" CoveragePercent="100">
          <Statement FileIndex="168" Line="8" Column="5" EndLine="8" EndColumn="36" Covered="True" />
          <Statement FileIndex="168" Line="9" Column="5" EndLine="9" EndColumn="6" Covered="True" />
          <Statement FileIndex="168" Line="10" Column="9" EndLine="12" EndColumn="25" Covered="True" />
          <Statement FileIndex="168" Line="14" Column="9" EndLine="16" EndColumn="25" Covered="True" />
          <Statement FileIndex="168" Line="18" Column="9" EndLine="21" EndColumn="29" Covered="True" />
          <Statement FileIndex="168" Line="22" Column="5" EndLine="22" EndColumn="6" Covered="True" />
        </Method>
      </Type>
      <Type Name="CreateBuyerRequestValidator" CoveredStatements="5" TotalStatements="5" CoveragePercent="100">
        <Method Name=".ctor():System.Void" CoveredStatements="5" TotalStatements="5" CoveragePercent="100">
          <Statement FileIndex="169" Line="8" Column="5" EndLine="8" EndColumn="41" Covered="True" />
          <Statement FileIndex="169" Line="9" Column="5" EndLine="9" EndColumn="6" Covered="True" />
          <Statement FileIndex="169" Line="10" Column="9" EndLine="12" EndColumn="25" Covered="True" />
          <Statement FileIndex="169" Line="14" Column="9" EndLine="17" EndColumn="29" Covered="True" />
          <Statement FileIndex="169" Line="18" Column="5" EndLine="18" EndColumn="6" Covered="True" />
        </Method>
      </Type>
      <Type Name="UpdateBuyerRequestValidator" CoveredStatements="6" TotalStatements="6" CoveragePercent="100">
        <Method Name=".ctor():System.Void" CoveredStatements="6" TotalStatements="6" CoveragePercent="100">
          <Statement FileIndex="170" Line="8" Column="5" EndLine="8" EndColumn="41" Covered="True" />
          <Statement FileIndex="170" Line="9" Column="5" EndLine="9" EndColumn="6" Covered="True" />
          <Statement FileIndex="170" Line="10" Column="9" EndLine="11" EndColumn="22" Covered="True" />
          <Statement FileIndex="170" Line="13" Column="9" EndLine="15" EndColumn="25" Covered="True" />
          <Statement FileIndex="170" Line="17" Column="9" EndLine="20" EndColumn="29" Covered="True" />
          <Statement FileIndex="170" Line="21" Column="5" EndLine="21" EndColumn="6" Covered="True" />
        </Method>
      </Type>
    </Namespace>
    <Namespace Name="CoffeeSpace.OrderingApi.Application.Validators.Orders" CoveredStatements="25" TotalStatements="25" CoveragePercent="100">
      <Type Name="CreateOrderRequestValidator" CoveredStatements="9" TotalStatements="9" CoveragePercent="100">
        <Method Name=".ctor():System.Void" CoveredStatements="9" TotalStatements="9" CoveragePercent="100">
          <Statement FileIndex="172" Line="8" Column="5" EndLine="8" EndColumn="41" Covered="True" />
          <Statement FileIndex="172" Line="9" Column="5" EndLine="9" EndColumn="6" Covered="True" />
          <Statement FileIndex="172" Line="10" Column="9" EndLine="11" EndColumn="22" Covered="True" />
          <Statement FileIndex="172" Line="13" Column="9" EndLine="15" EndColumn="25" Covered="True" />
          <Statement FileIndex="172" Line="17" Column="9" EndLine="19" EndColumn="25" Covered="True" />
          <Statement FileIndex="172" Line="21" Column="9" EndLine="22" EndColumn="25" Covered="True" />
          <Statement FileIndex="172" Line="24" Column="9" EndLine="26" EndColumn="24" Covered="True" />
          <Statement FileIndex="172" Line="28" Column="9" EndLine="30" EndColumn="53" Covered="True" />
          <Statement FileIndex="172" Line="31" Column="5" EndLine="31" EndColumn="6" Covered="True" />
        </Method>
      </Type>
      <Type Name="OrderItemValidator" CoveredStatements="8" TotalStatements="8" CoveragePercent="100">
        <Method Name=".ctor():System.Void" CoveredStatements="8" TotalStatements="8" CoveragePercent="100">
          <Statement FileIndex="173" Line="8" Column="5" EndLine="8" EndColumn="32" Covered="True" />
          <Statement FileIndex="173" Line="9" Column="5" EndLine="9" EndColumn="6" Covered="True" />
          <Statement FileIndex="173" Line="10" Column="9" EndLine="12" EndColumn="24" Covered="True" />
          <Statement FileIndex="173" Line="14" Column="9" EndLine="16" EndColumn="24" Covered="True" />
          <Statement FileIndex="173" Line="18" Column="9" EndLine="22" EndColumn="35" Covered="True" />
          <Statement FileIndex="173" Line="24" Column="9" EndLine="28" EndColumn="27" Covered="True" />
          <Statement FileIndex="173" Line="30" Column="9" EndLine="33" EndColumn="29" Covered="True" />
          <Statement FileIndex="173" Line="34" Column="5" EndLine="34" EndColumn="6" Covered="True" />
        </Method>
      </Type>
      <Type Name="OrderResponseValidator" CoveredStatements="8" TotalStatements="8" CoveragePercent="100">
        <Method Name=".ctor():System.Void" CoveredStatements="8" TotalStatements="8" CoveragePercent="100">
          <Statement FileIndex="174" Line="8" Column="5" EndLine="8" EndColumn="36" Covered="True" />
          <Statement FileIndex="174" Line="9" Column="5" EndLine="9" EndColumn="6" Covered="True" />
          <Statement FileIndex="174" Line="10" Column="9" EndLine="12" EndColumn="25" Covered="True" />
          <Statement FileIndex="174" Line="14" Column="9" EndLine="16" EndColumn="25" Covered="True" />
          <Statement FileIndex="174" Line="18" Column="9" EndLine="19" EndColumn="25" Covered="True" />
          <Statement FileIndex="174" Line="21" Column="9" EndLine="23" EndColumn="24" Covered="True" />
          <Statement FileIndex="174" Line="25" Column="9" EndLine="27" EndColumn="53" Covered="True" />
          <Statement FileIndex="174" Line="28" Column="5" EndLine="28" EndColumn="6" Covered="True" />
        </Method>
      </Type>
    </Namespace>
    <Namespace Name="CoffeeSpace.OrderingApi.Controllers" CoveredStatements="48" TotalStatements="48" CoveragePercent="100">
      <Type Name="BuyersController" CoveredStatements="25" TotalStatements="25" CoveragePercent="100">
        <Type Name="&lt;CreateBuyer&gt;d__4" CoveredStatements="5" TotalStatements="5" CoveragePercent="100">
          <Method Name="MoveNext():System.Void" CoveredStatements="5" TotalStatements="5" CoveragePercent="100">
            <Statement FileIndex="175" Line="42" Column="5" EndLine="42" EndColumn="6" Covered="True" />
            <Statement FileIndex="175" Line="43" Column="9" EndLine="43" EndColumn="39" Covered="True" />
            <Statement FileIndex="175" Line="44" Column="9" EndLine="44" EndColumn="82" Covered="True" />
            <Statement FileIndex="175" Line="46" Column="9" EndLine="48" EndColumn="28" Covered="True" />
            <Statement FileIndex="175" Line="49" Column="5" EndLine="49" EndColumn="6" Covered="True" />
          </Method>
        </Type>
        <Type Name="&lt;DeleteBuyerById&gt;d__6" CoveredStatements="4" TotalStatements="4" CoveragePercent="100">
          <Method Name="MoveNext():System.Void" CoveredStatements="4" TotalStatements="4" CoveragePercent="100">
            <Statement FileIndex="175" Line="62" Column="5" EndLine="62" EndColumn="6" Covered="True" />
            <Statement FileIndex="175" Line="63" Column="9" EndLine="63" EndColumn="91" Covered="True" />
            <Statement FileIndex="175" Line="64" Column="9" EndLine="66" EndColumn="26" Covered="True" />
            <Statement FileIndex="175" Line="67" Column="5" EndLine="67" EndColumn="6" Covered="True" />
          </Method>
        </Type>
        <Type Name="&lt;GetBuyerByEmail&gt;d__3" CoveredStatements="4" TotalStatements="4" CoveragePercent="100">
          <Method Name="MoveNext():System.Void" CoveredStatements="4" TotalStatements="4" CoveragePercent="100">
            <Statement FileIndex="175" Line="33" Column="5" EndLine="33" EndColumn="6" Covered="True" />
            <Statement FileIndex="175" Line="34" Column="9" EndLine="34" EndColumn="91" Covered="True" />
            <Statement FileIndex="175" Line="35" Column="9" EndLine="37" EndColumn="26" Covered="True" />
            <Statement FileIndex="175" Line="38" Column="5" EndLine="38" EndColumn="6" Covered="True" />
          </Method>
        </Type>
        <Type Name="&lt;GetBuyerById&gt;d__2" CoveredStatements="4" TotalStatements="4" CoveragePercent="100">
          <Method Name="MoveNext():System.Void" CoveredStatements="4" TotalStatements="4" CoveragePercent="100">
            <Statement FileIndex="175" Line="24" Column="5" EndLine="24" EndColumn="6" Covered="True" />
            <Statement FileIndex="175" Line="25" Column="9" EndLine="25" EndColumn="85" Covered="True" />
            <Statement FileIndex="175" Line="26" Column="9" EndLine="28" EndColumn="26" Covered="True" />
            <Statement FileIndex="175" Line="29" Column="5" EndLine="29" EndColumn="6" Covered="True" />
          </Method>
        </Type>
        <Type Name="&lt;UpdateBuyer&gt;d__5" CoveredStatements="4" TotalStatements="4" CoveragePercent="100">
          <Method Name="MoveNext():System.Void" CoveredStatements="4" TotalStatements="4" CoveragePercent="100">
            <Statement FileIndex="175" Line="53" Column="5" EndLine="53" EndColumn="6" Covered="True" />
            <Statement FileIndex="175" Line="54" Column="9" EndLine="54" EndColumn="100" Covered="True" />
            <Statement FileIndex="175" Line="55" Column="9" EndLine="57" EndColumn="26" Covered="True" />
            <Statement FileIndex="175" Line="58" Column="5" EndLine="58" EndColumn="6" Covered="True" />
          </Method>
        </Type>
        <Method Name=".ctor(CoffeeSpace.OrderingApi.Application.Services.Abstractions.IBuyerService):System.Void" CoveredStatements="4" TotalStatements="4" CoveragePercent="100">
          <Statement FileIndex="175" Line="17" Column="5" EndLine="17" EndColumn="56" Covered="True" />
          <Statement FileIndex="175" Line="18" Column="5" EndLine="18" EndColumn="6" Covered="True" />
          <Statement FileIndex="175" Line="19" Column="9" EndLine="19" EndColumn="38" Covered="True" />
          <Statement FileIndex="175" Line="20" Column="5" EndLine="20" EndColumn="6" Covered="True" />
        </Method>
      </Type>
      <Type Name="OrdersController" CoveredStatements="23" TotalStatements="23" CoveragePercent="100">
        <Type Name="&lt;&gt;c" CoveredStatements="1" TotalStatements="1" CoveragePercent="100">
          <Method Name="&lt;GetAllOrdersByBuyerId&gt;b__2_0(CoffeeSpace.Domain.Ordering.Orders.Order):CoffeeSpace.OrderingApi.Application.Contracts.Responses.Orders.OrderResponse" CoveredStatements="1" TotalStatements="1" CoveragePercent="100">
            <Statement FileIndex="176" Line="27" Column="43" EndLine="27" EndColumn="57" Covered="True" />
          </Method>
        </Type>
        <Type Name="&lt;CreateOrder&gt;d__4" CoveredStatements="5" TotalStatements="5" CoveragePercent="100">
          <Method Name="MoveNext():System.Void" CoveredStatements="5" TotalStatements="5" CoveragePercent="100">
            <Statement FileIndex="176" Line="43" Column="5" EndLine="43" EndColumn="6" Covered="True" />
            <Statement FileIndex="176" Line="44" Column="9" EndLine="44" EndColumn="46" Covered="True" />
            <Statement FileIndex="176" Line="45" Column="9" EndLine="45" EndColumn="82" Covered="True" />
            <Statement FileIndex="176" Line="47" Column="9" EndLine="49" EndColumn="28" Covered="True" />
            <Statement FileIndex="176" Line="50" Column="5" EndLine="50" EndColumn="6" Covered="True" />
          </Method>
        </Type>
        <Type Name="&lt;DeleteOrder&gt;d__5" CoveredStatements="4" TotalStatements="4" CoveragePercent="100">
          <Method Name="MoveNext():System.Void" CoveredStatements="4" TotalStatements="4" CoveragePercent="100">
            <Statement FileIndex="176" Line="54" Column="5" EndLine="54" EndColumn="6" Covered="True" />
            <Statement FileIndex="176" Line="55" Column="9" EndLine="55" EndColumn="108" Covered="True" />
            <Statement FileIndex="176" Line="56" Column="9" EndLine="58" EndColumn="26" Covered="True" />
            <Statement FileIndex="176" Line="59" Column="5" EndLine="59" EndColumn="6" Covered="True" />
          </Method>
        </Type>
        <Type Name="&lt;GetAllOrdersByBuyerId&gt;d__2" CoveredStatements="5" TotalStatements="5" CoveragePercent="100">
          <Method Name="MoveNext():System.Void" CoveredStatements="5" TotalStatements="5" CoveragePercent="100">
            <Statement FileIndex="176" Line="25" Column="5" EndLine="25" EndColumn="6" Covered="True" />
            <Statement FileIndex="176" Line="26" Column="9" EndLine="26" EndColumn="99" Covered="True" />
            <Statement FileIndex="176" Line="27" Column="9" EndLine="27" EndColumn="59" Covered="True" />
            <Statement FileIndex="176" Line="29" Column="9" EndLine="29" EndColumn="29" Covered="True" />
            <Statement FileIndex="176" Line="30" Column="5" EndLine="30" EndColumn="6" Covered="True" />
          </Method>
        </Type>
        <Type Name="&lt;GetOrderByBuyerId&gt;d__3" CoveredStatements="4" TotalStatements="4" CoveragePercent="100">
          <Method Name="MoveNext():System.Void" CoveredStatements="4" TotalStatements="4" CoveragePercent="100">
            <Statement FileIndex="176" Line="34" Column="5" EndLine="34" EndColumn="6" Covered="True" />
            <Statement FileIndex="176" Line="35" Column="9" EndLine="35" EndColumn="102" Covered="True" />
            <Statement FileIndex="176" Line="36" Column="9" EndLine="38" EndColumn="26" Covered="True" />
            <Statement FileIndex="176" Line="39" Column="5" EndLine="39" EndColumn="6" Covered="True" />
          </Method>
        </Type>
        <Method Name=".ctor(CoffeeSpace.OrderingApi.Application.Services.Abstractions.IOrderService):System.Void" CoveredStatements="4" TotalStatements="4" CoveragePercent="100">
          <Statement FileIndex="176" Line="18" Column="5" EndLine="18" EndColumn="56" Covered="True" />
          <Statement FileIndex="176" Line="19" Column="5" EndLine="19" EndColumn="6" Covered="True" />
          <Statement FileIndex="176" Line="20" Column="9" EndLine="20" EndColumn="38" Covered="True" />
          <Statement FileIndex="176" Line="21" Column="5" EndLine="21" EndColumn="6" Covered="True" />
        </Method>
      </Type>
    </Namespace>
    <Type Name="Program" CoveredStatements="50" TotalStatements="62" CoveragePercent="81">
      <Type Name="&lt;&gt;c" CoveredStatements="20" TotalStatements="28" CoveragePercent="71">
        <Method Name="&lt;&lt;Main&gt;$&gt;b__0_0(Microsoft.Extensions.Hosting.HostBuilderContext,Serilog.LoggerConfiguration):System.Void" CoveredStatements="1" TotalStatements="1" CoveragePercent="100">
          <Statement FileIndex="201" Line="26" Column="5" EndLine="26" EndColumn="64" Covered="True" />
        </Method>
        <Method Name="&lt;&lt;Main&gt;$&gt;b__0_2(Quartz.IServiceCollectionQuartzConfigurator):System.Void" CoveredStatements="1" TotalStatements="1" CoveragePercent="100">
          <Statement FileIndex="201" Line="63" Column="33" EndLine="63" EndColumn="78" Covered="True" />
        </Method>
        <Method Name="&lt;&lt;Main&gt;$&gt;b__0_3(MassTransit.IBusRegistrationConfigurator):System.Void" CoveredStatements="10" TotalStatements="10" CoveragePercent="100">
          <Statement FileIndex="201" Line="65" Column="1" EndLine="65" EndColumn="2" Covered="True" />
          <Statement FileIndex="201" Line="66" Column="5" EndLine="66" EndColumn="43" Covered="True" />
          <Statement FileIndex="201" Line="67" Column="5" EndLine="67" EndColumn="47" Covered="True" />
          <Statement FileIndex="201" Line="68" Column="5" EndLine="68" EndColumn="48" Covered="True" />
          <Statement FileIndex="201" Line="70" Column="5" EndLine="70" EndColumn="28" Covered="True" />
          <Statement FileIndex="201" Line="71" Column="5" EndLine="71" EndColumn="36" Covered="True" />
          <Statement FileIndex="201" Line="73" Column="5" EndLine="76" EndColumn="8" Covered="True" />
          <Statement FileIndex="201" Line="78" Column="5" EndLine="85" EndColumn="12" Covered="True" />
          <Statement FileIndex="201" Line="87" Column="5" EndLine="101" EndColumn="8" Covered="True" />
          <Statement FileIndex="201" Line="102" Column="1" EndLine="102" EndColumn="2" Covered="True" />
        </Method>
        <Method Name="&lt;&lt;Main&gt;$&gt;b__0_4(MassTransit.IEntityFrameworkOutboxConfigurator):System.Void" CoveredStatements="3" TotalStatements="3" CoveragePercent="100">
          <Statement FileIndex="201" Line="74" Column="5" EndLine="74" EndColumn="6" Covered="True" />
          <Statement FileIndex="201" Line="75" Column="9" EndLine="75" EndColumn="36" Covered="True" />
          <Statement FileIndex="201" Line="76" Column="5" EndLine="76" EndColumn="6" Covered="True" />
        </Method>
        <Method Name="&lt;&lt;Main&gt;$&gt;b__0_5(MassTransit.IEntityFrameworkSagaRepositoryConfigurator&lt;CoffeeSpace.OrderingApi.Application.Messaging.Masstransit.Sagas.OrderStateInstance&gt;):System.Void" CoveredStatements="5" TotalStatements="5" CoveragePercent="100">
          <Statement FileIndex="201" Line="80" Column="9" EndLine="80" EndColumn="10" Covered="True" />
          <Statement FileIndex="201" Line="81" Column="13" EndLine="81" EndColumn="71" Covered="True" />
          <Statement FileIndex="201" Line="83" Column="13" EndLine="83" EndColumn="40" Covered="True" />
          <Statement FileIndex="201" Line="84" Column="13" EndLine="84" EndColumn="71" Covered="True" />
          <Statement FileIndex="201" Line="85" Column="9" EndLine="85" EndColumn="10" Covered="True" />
        </Method>
        <Method Name="&lt;&lt;Main&gt;$&gt;b__0_6(MassTransit.IBusRegistrationContext,MassTransit.IAmazonSqsBusFactoryConfigurator):System.Void" CoveredStatements="0" TotalStatements="8" CoveragePercent="0">
          <Statement FileIndex="201" Line="88" Column="5" EndLine="88" EndColumn="6" Covered="False" />
          <Statement FileIndex="201" Line="89" Column="9" EndLine="89" EndColumn="103" Covered="False" />
          <Statement FileIndex="201" Line="90" Column="9" EndLine="94" EndColumn="12" Covered="False" />
          <Statement FileIndex="201" Line="95" Column="9" EndLine="95" EndColumn="45" Covered="False" />
          <Statement FileIndex="201" Line="97" Column="9" EndLine="97" EndColumn="46" Covered="False" />
          <Statement FileIndex="201" Line="98" Column="9" EndLine="98" EndColumn="46" Covered="False" />
          <Statement FileIndex="201" Line="100" Column="9" EndLine="100" EndColumn="44" Covered="False" />
          <Statement FileIndex="201" Line="101" Column="5" EndLine="101" EndColumn="6" Covered="False" />
        </Method>
      </Type>
      <Type Name="&lt;&gt;c__DisplayClass0_0" CoveredStatements="1" TotalStatements="1" CoveragePercent="100">
        <Method Name="&lt;&lt;Main&gt;$&gt;b__1(Microsoft.Extensions.Caching.StackExchangeRedis.RedisCacheOptions):System.Void" CoveredStatements="1" TotalStatements="1" CoveragePercent="100">
          <Statement FileIndex="201" Line="37" Column="5" EndLine="37" EndColumn="70" Covered="True" />
        </Method>
      </Type>
      <Type Name="&lt;&gt;c__DisplayClass0_1" CoveredStatements="0" TotalStatements="4" CoveragePercent="0">
        <Method Name="&lt;&lt;Main&gt;$&gt;b__7(MassTransit.IAmazonSqsHostConfigurator):System.Void" CoveredStatements="0" TotalStatements="4" CoveragePercent="0">
          <Statement FileIndex="201" Line="91" Column="9" EndLine="91" EndColumn="10" Covered="False" />
          <Statement FileIndex="201" Line="92" Column="13" EndLine="92" EndColumn="66" Covered="False" />
          <Statement FileIndex="201" Line="93" Column="13" EndLine="93" EndColumn="66" Covered="False" />
          <Statement FileIndex="201" Line="94" Column="9" EndLine="94" EndColumn="10" Covered="False" />
        </Method>
      </Type>
      <Method Name="&lt;Main&gt;$(System.String[]):System.Void" CoveredStatements="29" TotalStatements="29" CoveragePercent="100">
        <Statement FileIndex="201" Line="23" Column="1" EndLine="23" EndColumn="50" Covered="True" />
        <Statement FileIndex="201" Line="25" Column="1" EndLine="26" EndColumn="66" Covered="True" />
        <Statement FileIndex="201" Line="28" Column="1" EndLine="28" EndColumn="42" Covered="True" />
        <Statement FileIndex="201" Line="29" Column="1" EndLine="29" EndColumn="45" Covered="True" />
        <Statement FileIndex="201" Line="31" Column="1" EndLine="31" EndColumn="35" Covered="True" />
        <Statement FileIndex="201" Line="32" Column="1" EndLine="32" EndColumn="32" Covered="True" />
        <Statement FileIndex="201" Line="34" Column="1" EndLine="34" EndColumn="81" Covered="True" />
        <Statement FileIndex="201" Line="36" Column="1" EndLine="37" EndColumn="72" Covered="True" />
        <Statement FileIndex="201" Line="39" Column="1" EndLine="39" EndColumn="129" Covered="True" />
        <Statement FileIndex="201" Line="40" Column="1" EndLine="40" EndColumn="121" Covered="True" />
        <Statement FileIndex="201" Line="42" Column="1" EndLine="42" EndColumn="65" Covered="True" />
        <Statement FileIndex="201" Line="44" Column="1" EndLine="44" EndColumn="57" Covered="True" />
        <Statement FileIndex="201" Line="45" Column="1" EndLine="45" EndColumn="60" Covered="True" />
        <Statement FileIndex="201" Line="47" Column="1" EndLine="47" EndColumn="57" Covered="True" />
        <Statement FileIndex="201" Line="48" Column="1" EndLine="48" EndColumn="60" Covered="True" />
        <Statement FileIndex="201" Line="50" Column="1" EndLine="50" EndColumn="103" Covered="True" />
        <Statement FileIndex="201" Line="52" Column="1" EndLine="54" EndColumn="24" Covered="True" />
        <Statement FileIndex="201" Line="56" Column="1" EndLine="58" EndColumn="24" Covered="True" />
        <Statement FileIndex="201" Line="60" Column="1" EndLine="61" EndColumn="115" Covered="True" />
        <Statement FileIndex="201" Line="63" Column="1" EndLine="63" EndColumn="80" Covered="True" />
        <Statement FileIndex="201" Line="64" Column="1" EndLine="102" EndColumn="4" Covered="True" />
        <Statement FileIndex="201" Line="104" Column="1" EndLine="104" EndColumn="50" Covered="True" />
        <Statement FileIndex="201" Line="106" Column="1" EndLine="106" EndColumn="27" Covered="True" />
        <Statement FileIndex="201" Line="108" Column="1" EndLine="108" EndColumn="32" Covered="True" />
        <Statement FileIndex="201" Line="109" Column="1" EndLine="109" EndColumn="33" Covered="True" />
        <Statement FileIndex="201" Line="111" Column="1" EndLine="111" EndColumn="25" Covered="True" />
        <Statement FileIndex="201" Line="112" Column="1" EndLine="112" EndColumn="24" Covered="True" />
        <Statement FileIndex="201" Line="114" Column="1" EndLine="114" EndColumn="22" Covered="True" />
        <Statement FileIndex="201" Line="116" Column="1" EndLine="116" EndColumn="11" Covered="True" />
      </Method>
    </Type>
  </Assembly>
  <Assembly Name="CoffeeSpace.OrderingApi.Tests" CoveredStatements="410" TotalStatements="410" CoveragePercent="100">
    <Namespace Name="CoffeeSpace.OrderingApi.Tests.Consumers" CoveredStatements="53" TotalStatements="53" CoveragePercent="100">
      <Type Name="RegisterNewBuyerConsumerTests" CoveredStatements="25" TotalStatements="25" CoveragePercent="100">
        <Type Name="&lt;&gt;c" CoveredStatements="1" TotalStatements="1" CoveragePercent="100">
          <Method Name="&lt;.ctor&gt;b__4_1(MassTransit.IBusRegistrationConfigurator):System.Void" CoveredStatements="1" TotalStatements="1" CoveragePercent="100">
            <Statement FileIndex="268" Line="32" Column="50" EndLine="32" EndColumn="96" Covered="True" />
          </Method>
        </Type>
        <Type Name="&lt;Consume_ShouldConsumeMessages_AndRegisterNewBuyer&gt;d__5" CoveredStatements="8" TotalStatements="8" CoveragePercent="100">
          <Method Name="MoveNext():System.Void" CoveredStatements="8" TotalStatements="8" CoveragePercent="100">
            <Statement FileIndex="268" Line="41" Column="5" EndLine="41" EndColumn="6" Covered="True" />
            <Statement FileIndex="268" Line="43" Column="9" EndLine="43" EndColumn="99" Covered="True" />
            <Statement FileIndex="268" Line="44" Column="9" EndLine="44" EndColumn="59" Covered="True" />
            <Statement FileIndex="268" Line="47" Column="9" EndLine="47" EndColumn="46" Covered="True" />
            <Statement FileIndex="268" Line="50" Column="9" EndLine="50" EndColumn="88" Covered="True" />
            <Statement FileIndex="268" Line="51" Column="9" EndLine="51" EndColumn="39" Covered="True" />
            <Statement FileIndex="268" Line="53" Column="9" EndLine="53" EndColumn="100" Covered="True" />
            <Statement FileIndex="268" Line="54" Column="5" EndLine="54" EndColumn="6" Covered="True" />
          </Method>
        </Type>
        <Type Name="&lt;DisposeAsync&gt;d__7" CoveredStatements="3" TotalStatements="3" CoveragePercent="100">
          <Method Name="MoveNext():System.Void" CoveredStatements="3" TotalStatements="3" CoveragePercent="100">
            <Statement FileIndex="268" Line="63" Column="5" EndLine="63" EndColumn="6" Covered="True" />
            <Statement FileIndex="268" Line="64" Column="9" EndLine="64" EndColumn="35" Covered="True" />
            <Statement FileIndex="268" Line="65" Column="5" EndLine="65" EndColumn="6" Covered="True" />
          </Method>
        </Type>
        <Type Name="&lt;InitializeAsync&gt;d__6" CoveredStatements="3" TotalStatements="3" CoveragePercent="100">
          <Method Name="MoveNext():System.Void" CoveredStatements="3" TotalStatements="3" CoveragePercent="100">
            <Statement FileIndex="268" Line="58" Column="5" EndLine="58" EndColumn="6" Covered="True" />
            <Statement FileIndex="268" Line="59" Column="9" EndLine="59" EndColumn="36" Covered="True" />
            <Statement FileIndex="268" Line="60" Column="5" EndLine="60" EndColumn="6" Covered="True" />
          </Method>
        </Type>
        <Method Name=".ctor():System.Void" CoveredStatements="9" TotalStatements="9" CoveragePercent="100">
          <Statement FileIndex="268" Line="24" Column="5" EndLine="24" EndColumn="43" Covered="True" />
          <Statement FileIndex="268" Line="25" Column="5" EndLine="25" EndColumn="6" Covered="True" />
          <Statement FileIndex="268" Line="26" Column="9" EndLine="26" EndColumn="34" Covered="True" />
          <Statement FileIndex="268" Line="27" Column="9" EndLine="27" EndColumn="64" Covered="True" />
          <Statement FileIndex="268" Line="29" Column="9" EndLine="29" EndColumn="58" Covered="True" />
          <Statement FileIndex="268" Line="30" Column="9" EndLine="33" EndColumn="41" Covered="True" />
          <Statement FileIndex="268" Line="35" Column="9" EndLine="35" EndColumn="57" Covered="True" />
          <Statement FileIndex="268" Line="36" Column="9" EndLine="36" EndColumn="92" Covered="True" />
          <Statement FileIndex="268" Line="37" Column="5" EndLine="37" EndColumn="6" Covered="True" />
        </Method>
        <Method Name="&lt;.ctor&gt;b__4_0(System.IServiceProvider):CoffeeSpace.OrderingApi.Application.Services.Abstractions.IBuyerService" CoveredStatements="1" TotalStatements="1" CoveragePercent="100">
          <Statement FileIndex="268" Line="31" Column="44" EndLine="31" EndColumn="57" Covered="True" />
        </Method>
      </Type>
      <Type Name="UpdateOrderStatusConsumerTests" CoveredStatements="28" TotalStatements="28" CoveragePercent="100">
        <Type Name="&lt;&gt;c" CoveredStatements="1" TotalStatements="1" CoveragePercent="100">
          <Method Name="&lt;.ctor&gt;b__5_2(MassTransit.IBusRegistrationConfigurator):System.Void" CoveredStatements="1" TotalStatements="1" CoveragePercent="100">
            <Statement FileIndex="269" Line="36" Column="50" EndLine="36" EndColumn="97" Covered="True" />
          </Method>
        </Type>
        <Type Name="&lt;Consume_ShouldConsumeMessages_AndUpdateOrderStatus&gt;d__6" CoveredStatements="9" TotalStatements="9" CoveragePercent="100">
          <Method Name="MoveNext():System.Void" CoveredStatements="9" TotalStatements="9" CoveragePercent="100">
            <Statement FileIndex="269" Line="45" Column="5" EndLine="45" EndColumn="6" Covered="True" />
            <Statement FileIndex="269" Line="47" Column="9" EndLine="47" EndColumn="100" Covered="True" />
            <Statement FileIndex="269" Line="48" Column="9" EndLine="48" EndColumn="60" Covered="True" />
            <Statement FileIndex="269" Line="50" Column="9" EndLine="51" EndColumn="28" Covered="True" />
            <Statement FileIndex="269" Line="54" Column="9" EndLine="54" EndColumn="46" Covered="True" />
            <Statement FileIndex="269" Line="57" Column="9" EndLine="57" EndColumn="89" Covered="True" />
            <Statement FileIndex="269" Line="58" Column="9" EndLine="58" EndColumn="39" Covered="True" />
            <Statement FileIndex="269" Line="60" Column="9" EndLine="60" EndColumn="111" Covered="True" />
            <Statement FileIndex="269" Line="61" Column="5" EndLine="61" EndColumn="6" Covered="True" />
          </Method>
        </Type>
        <Type Name="&lt;DisposeAsync&gt;d__8" CoveredStatements="3" TotalStatements="3" CoveragePercent="100">
          <Method Name="MoveNext():System.Void" CoveredStatements="3" TotalStatements="3" CoveragePercent="100">
            <Statement FileIndex="269" Line="69" Column="5" EndLine="69" EndColumn="6" Covered="True" />
            <Statement FileIndex="269" Line="70" Column="9" EndLine="70" EndColumn="35" Covered="True" />
            <Statement FileIndex="269" Line="71" Column="5" EndLine="71" EndColumn="6" Covered="True" />
          </Method>
        </Type>
        <Type Name="&lt;InitializeAsync&gt;d__7" CoveredStatements="3" TotalStatements="3" CoveragePercent="100">
          <Method Name="MoveNext():System.Void" CoveredStatements="3" TotalStatements="3" CoveragePercent="100">
            <Statement FileIndex="269" Line="64" Column="5" EndLine="64" EndColumn="6" Covered="True" />
            <Statement FileIndex="269" Line="65" Column="9" EndLine="65" EndColumn="36" Covered="True" />
            <Statement FileIndex="269" Line="66" Column="5" EndLine="66" EndColumn="6" Covered="True" />
          </Method>
        </Type>
        <Method Name=".ctor():System.Void" CoveredStatements="10" TotalStatements="10" CoveragePercent="100">
          <Statement FileIndex="269" Line="25" Column="5" EndLine="25" EndColumn="44" Covered="True" />
          <Statement FileIndex="269" Line="26" Column="5" EndLine="26" EndColumn="6" Covered="True" />
          <Statement FileIndex="269" Line="27" Column="9" EndLine="27" EndColumn="34" Covered="True" />
          <Statement FileIndex="269" Line="28" Column="9" EndLine="28" EndColumn="64" Covered="True" />
          <Statement FileIndex="269" Line="30" Column="9" EndLine="30" EndColumn="64" Covered="True" />
          <Statement FileIndex="269" Line="31" Column="9" EndLine="31" EndColumn="52" Covered="True" />
          <Statement FileIndex="269" Line="33" Column="9" EndLine="37" EndColumn="41" Covered="True" />
          <Statement FileIndex="269" Line="39" Column="9" EndLine="39" EndColumn="57" Covered="True" />
          <Statement FileIndex="269" Line="40" Column="9" EndLine="40" EndColumn="93" Covered="True" />
          <Statement FileIndex="269" Line="41" Column="5" EndLine="41" EndColumn="6" Covered="True" />
        </Method>
        <Method Name="&lt;.ctor&gt;b__5_0(System.IServiceProvider):CoffeeSpace.OrderingApi.Application.Repositories.Abstractions.IOrderRepository" CoveredStatements="1" TotalStatements="1" CoveragePercent="100">
          <Statement FileIndex="269" Line="34" Column="47" EndLine="34" EndColumn="63" Covered="True" />
        </Method>
        <Method Name="&lt;.ctor&gt;b__5_1(System.IServiceProvider):Mediator.IPublisher" CoveredStatements="1" TotalStatements="1" CoveragePercent="100">
          <Statement FileIndex="269" Line="35" Column="41" EndLine="35" EndColumn="51" Covered="True" />
        </Method>
      </Type>
    </Namespace>
    <Namespace Name="CoffeeSpace.OrderingApi.Tests.Fixtures" CoveredStatements="16" TotalStatements="16" CoveragePercent="100">
      <Type Name="OrderingDbContextFixture" CoveredStatements="16" TotalStatements="16" CoveragePercent="100">
        <Method Name=".ctor():System.Void" CoveredStatements="10" TotalStatements="10" CoveragePercent="100">
          <Statement FileIndex="270" Line="18" Column="5" EndLine="18" EndColumn="38" Covered="True" />
          <Statement FileIndex="270" Line="19" Column="5" EndLine="19" EndColumn="6" Covered="True" />
          <Statement FileIndex="270" Line="20" Column="9" EndLine="20" EndColumn="37" Covered="True" />
          <Statement FileIndex="270" Line="21" Column="9" EndLine="21" EndColumn="63" Covered="True" />
          <Statement FileIndex="270" Line="23" Column="9" EndLine="23" EndColumn="77" Covered="True" />
          <Statement FileIndex="270" Line="24" Column="9" EndLine="24" EndColumn="77" Covered="True" />
          <Statement FileIndex="270" Line="26" Column="9" EndLine="26" EndColumn="58" Covered="True" />
          <Statement FileIndex="270" Line="27" Column="9" EndLine="27" EndColumn="42" Covered="True" />
          <Statement FileIndex="270" Line="28" Column="9" EndLine="28" EndColumn="42" Covered="True" />
          <Statement FileIndex="270" Line="29" Column="5" EndLine="29" EndColumn="6" Covered="True" />
        </Method>
        <Method Name="get_Buyers():Microsoft.EntityFrameworkCore.DbSet&lt;CoffeeSpace.Domain.Ordering.BuyerInfo.Buyer&gt;" CoveredStatements="1" TotalStatements="1" CoveragePercent="100">
          <Statement FileIndex="270" Line="16" Column="43" EndLine="16" EndColumn="47" Covered="True" />
        </Method>
        <Method Name="get_DbContext():CoffeeSpace.OrderingApi.Persistence.Abstractions.IOrderingDbContext" CoveredStatements="1" TotalStatements="1" CoveragePercent="100">
          <Statement FileIndex="270" Line="14" Column="52" EndLine="14" EndColumn="56" Covered="True" />
        </Method>
        <Method Name="get_Orders():Microsoft.EntityFrameworkCore.DbSet&lt;CoffeeSpace.Domain.Ordering.Orders.Order&gt;" CoveredStatements="1" TotalStatements="1" CoveragePercent="100">
          <Statement FileIndex="270" Line="15" Column="43" EndLine="15" EndColumn="47" Covered="True" />
        </Method>
        <Method Name="set_Buyers(Microsoft.EntityFrameworkCore.DbSet&lt;CoffeeSpace.Domain.Ordering.BuyerInfo.Buyer&gt;):System.Void" CoveredStatements="1" TotalStatements="1" CoveragePercent="100">
          <Statement FileIndex="270" Line="16" Column="48" EndLine="16" EndColumn="53" Covered="True" />
        </Method>
        <Method Name="set_DbContext(CoffeeSpace.OrderingApi.Persistence.Abstractions.IOrderingDbContext):System.Void" CoveredStatements="1" TotalStatements="1" CoveragePercent="100">
          <Statement FileIndex="270" Line="14" Column="57" EndLine="14" EndColumn="62" Covered="True" />
        </Method>
        <Method Name="set_Orders(Microsoft.EntityFrameworkCore.DbSet&lt;CoffeeSpace.Domain.Ordering.Orders.Order&gt;):System.Void" CoveredStatements="1" TotalStatements="1" CoveragePercent="100">
          <Statement FileIndex="270" Line="15" Column="48" EndLine="15" EndColumn="53" Covered="True" />
        </Method>
      </Type>
    </Namespace>
    <Namespace Name="CoffeeSpace.OrderingApi.Tests.Repositories" CoveredStatements="87" TotalStatements="87" CoveragePercent="100">
      <Type Name="BuyerRepositoryTests" CoveredStatements="45" TotalStatements="45" CoveragePercent="100">
        <Type Name="&lt;CreateAsync_ShouldReturnFalse_WhenBuyerWasNotCreated&gt;d__9" CoveredStatements="6" TotalStatements="6" CoveragePercent="100">
          <Method Name="MoveNext():System.Void" CoveredStatements="6" TotalStatements="6" CoveragePercent="100">
            <Statement FileIndex="271" Line="84" Column="5" EndLine="84" EndColumn="6" Covered="True" />
            <Statement FileIndex="271" Line="86" Column="9" EndLine="86" EndColumn="54" Covered="True" />
            <Statement FileIndex="271" Line="88" Column="9" EndLine="89" EndColumn="25" Covered="True" />
            <Statement FileIndex="271" Line="92" Column="9" EndLine="92" EndColumn="97" Covered="True" />
            <Statement FileIndex="271" Line="95" Column="9" EndLine="95" EndColumn="35" Covered="True" />
            <Statement FileIndex="271" Line="96" Column="5" EndLine="96" EndColumn="6" Covered="True" />
          </Method>
        </Type>
        <Type Name="&lt;CreateAsync_ShouldReturnTrue_WhenBuyerWasCreated&gt;d__8" CoveredStatements="6" TotalStatements="6" CoveragePercent="100">
          <Method Name="MoveNext():System.Void" CoveredStatements="6" TotalStatements="6" CoveragePercent="100">
            <Statement FileIndex="271" Line="68" Column="5" EndLine="68" EndColumn="6" Covered="True" />
            <Statement FileIndex="271" Line="70" Column="9" EndLine="70" EndColumn="54" Covered="True" />
            <Statement FileIndex="271" Line="72" Column="9" EndLine="73" EndColumn="25" Covered="True" />
            <Statement FileIndex="271" Line="76" Column="9" EndLine="76" EndColumn="97" Covered="True" />
            <Statement FileIndex="271" Line="79" Column="9" EndLine="79" EndColumn="34" Covered="True" />
            <Statement FileIndex="271" Line="80" Column="5" EndLine="80" EndColumn="6" Covered="True" />
          </Method>
        </Type>
        <Type Name="&lt;GetByEmailAsync_ShouldReturnNull_WhenBuyerDoesNotExist&gt;d__7" CoveredStatements="5" TotalStatements="5" CoveragePercent="100">
          <Method Name="MoveNext():System.Void" CoveredStatements="5" TotalStatements="5" CoveragePercent="100">
            <Statement FileIndex="271" Line="55" Column="5" EndLine="55" EndColumn="6" Covered="True" />
            <Statement FileIndex="271" Line="57" Column="9" EndLine="57" EndColumn="54" Covered="True" />
            <Statement FileIndex="271" Line="60" Column="9" EndLine="60" EndColumn="106" Covered="True" />
            <Statement FileIndex="271" Line="63" Column="9" EndLine="63" EndColumn="34" Covered="True" />
            <Statement FileIndex="271" Line="64" Column="5" EndLine="64" EndColumn="6" Covered="True" />
          </Method>
        </Type>
        <Type Name="&lt;GetByIdAsync_ShouldReturnNull_WhenBuyerDoesNotExist&gt;d__6" CoveredStatements="6" TotalStatements="6" CoveragePercent="100">
          <Method Name="MoveNext():System.Void" CoveredStatements="6" TotalStatements="6" CoveragePercent="100">
            <Statement FileIndex="271" Line="39" Column="5" EndLine="39" EndColumn="6" Covered="True" />
            <Statement FileIndex="271" Line="41" Column="9" EndLine="41" EndColumn="45" Covered="True" />
            <Statement FileIndex="271" Line="43" Column="9" EndLine="44" EndColumn="28" Covered="True" />
            <Statement FileIndex="271" Line="47" Column="9" EndLine="47" EndColumn="100" Covered="True" />
            <Statement FileIndex="271" Line="50" Column="9" EndLine="50" EndColumn="34" Covered="True" />
            <Statement FileIndex="271" Line="51" Column="5" EndLine="51" EndColumn="6" Covered="True" />
          </Method>
        </Type>
        <Type Name="&lt;UpdateAsync_ShouldReturnNull_WhenBuyerWasNotUpdated&gt;d__11" CoveredStatements="6" TotalStatements="6" CoveragePercent="100">
          <Method Name="MoveNext():System.Void" CoveredStatements="6" TotalStatements="6" CoveragePercent="100">
            <Statement FileIndex="271" Line="119" Column="5" EndLine="119" EndColumn="6" Covered="True" />
            <Statement FileIndex="271" Line="121" Column="9" EndLine="121" EndColumn="44" Covered="True" />
            <Statement FileIndex="271" Line="122" Column="9" EndLine="123" EndColumn="25" Covered="True" />
            <Statement FileIndex="271" Line="126" Column="9" EndLine="126" EndColumn="95" Covered="True" />
            <Statement FileIndex="271" Line="129" Column="9" EndLine="129" EndColumn="34" Covered="True" />
            <Statement FileIndex="271" Line="130" Column="5" EndLine="130" EndColumn="6" Covered="True" />
          </Method>
        </Type>
        <Type Name="&lt;UpdateAsync_ShouldReturnUpdatedBuyer_WhenBuyerWasUpdated&gt;d__10" CoveredStatements="7" TotalStatements="7" CoveragePercent="100">
          <Method Name="MoveNext():System.Void" CoveredStatements="7" TotalStatements="7" CoveragePercent="100">
            <Statement FileIndex="271" Line="100" Column="5" EndLine="100" EndColumn="6" Covered="True" />
            <Statement FileIndex="271" Line="102" Column="9" EndLine="102" EndColumn="45" Covered="True" />
            <Statement FileIndex="271" Line="103" Column="9" EndLine="105" EndColumn="23" Covered="True" />
            <Statement FileIndex="271" Line="107" Column="9" EndLine="108" EndColumn="25" Covered="True" />
            <Statement FileIndex="271" Line="111" Column="9" EndLine="111" EndColumn="95" Covered="True" />
            <Statement FileIndex="271" Line="114" Column="9" EndLine="114" EndColumn="54" Covered="True" />
            <Statement FileIndex="271" Line="115" Column="5" EndLine="115" EndColumn="6" Covered="True" />
          </Method>
        </Type>
        <Method Name=".ctor(CoffeeSpace.OrderingApi.Tests.Fixtures.OrderingDbContextFixture):System.Void" CoveredStatements="9" TotalStatements="9" CoveragePercent="100">
          <Statement FileIndex="271" Line="25" Column="5" EndLine="25" EndColumn="75" Covered="True" />
          <Statement FileIndex="271" Line="26" Column="5" EndLine="26" EndColumn="6" Covered="True" />
          <Statement FileIndex="271" Line="27" Column="9" EndLine="27" EndColumn="34" Covered="True" />
          <Statement FileIndex="271" Line="28" Column="9" EndLine="28" EndColumn="64" Covered="True" />
          <Statement FileIndex="271" Line="30" Column="9" EndLine="30" EndColumn="48" Covered="True" />
          <Statement FileIndex="271" Line="31" Column="9" EndLine="31" EndColumn="47" Covered="True" />
          <Statement FileIndex="271" Line="33" Column="9" EndLine="33" EndColumn="49" Covered="True" />
          <Statement FileIndex="271" Line="34" Column="9" EndLine="34" EndColumn="60" Covered="True" />
          <Statement FileIndex="271" Line="35" Column="5" EndLine="35" EndColumn="6" Covered="True" />
        </Method>
      </Type>
      <Type Name="OrderRepositoryTests" CoveredStatements="42" TotalStatements="42" CoveragePercent="100">
        <Type Name="&lt;CreateAsync_ShouldReturnFalse_WhenOrderWasNotCreated&gt;d__9" CoveredStatements="6" TotalStatements="6" CoveragePercent="100">
          <Method Name="MoveNext():System.Void" CoveredStatements="6" TotalStatements="6" CoveragePercent="100">
            <Statement FileIndex="272" Line="73" Column="5" EndLine="73" EndColumn="6" Covered="True" />
            <Statement FileIndex="272" Line="75" Column="9" EndLine="75" EndColumn="54" Covered="True" />
            <Statement FileIndex="272" Line="77" Column="9" EndLine="78" EndColumn="28" Covered="True" />
            <Statement FileIndex="272" Line="81" Column="9" EndLine="81" EndColumn="97" Covered="True" />
            <Statement FileIndex="272" Line="84" Column="9" EndLine="84" EndColumn="35" Covered="True" />
            <Statement FileIndex="272" Line="85" Column="5" EndLine="85" EndColumn="6" Covered="True" />
          </Method>
        </Type>
        <Type Name="&lt;GetAllByBuyerIdAsync_ShouldReturnAllOrders&gt;d__7" CoveredStatements="6" TotalStatements="6" CoveragePercent="100">
          <Method Name="MoveNext():System.Void" CoveredStatements="6" TotalStatements="6" CoveragePercent="100">
            <Statement FileIndex="272" Line="43" Column="5" EndLine="43" EndColumn="6" Covered="True" />
            <Statement FileIndex="272" Line="45" Column="9" EndLine="45" EndColumn="45" Covered="True" />
            <Statement FileIndex="272" Line="46" Column="9" EndLine="46" EndColumn="48" Covered="True" />
            <Statement FileIndex="272" Line="49" Column="9" EndLine="49" EndColumn="99" Covered="True" />
            <Statement FileIndex="272" Line="52" Column="9" EndLine="52" EndColumn="60" Covered="True" />
            <Statement FileIndex="272" Line="53" Column="5" EndLine="53" EndColumn="6" Covered="True" />
          </Method>
        </Type>
        <Type Name="&lt;GetByIdAsync_ShouldReturnNull_WhenOrderDoesNotExist&gt;d__8" CoveredStatements="6" TotalStatements="6" CoveragePercent="100">
          <Method Name="MoveNext():System.Void" CoveredStatements="6" TotalStatements="6" CoveragePercent="100">
            <Statement FileIndex="272" Line="57" Column="5" EndLine="57" EndColumn="6" Covered="True" />
            <Statement FileIndex="272" Line="59" Column="9" EndLine="59" EndColumn="45" Covered="True" />
            <Statement FileIndex="272" Line="61" Column="9" EndLine="62" EndColumn="28" Covered="True" />
            <Statement FileIndex="272" Line="65" Column="9" EndLine="65" EndColumn="100" Covered="True" />
            <Statement FileIndex="272" Line="68" Column="9" EndLine="68" EndColumn="34" Covered="True" />
            <Statement FileIndex="272" Line="69" Column="5" EndLine="69" EndColumn="6" Covered="True" />
          </Method>
        </Type>
        <Type Name="&lt;UpdateAsync_ShouldReturnNull_WhenOrderWasNotUpdated&gt;d__11" CoveredStatements="6" TotalStatements="6" CoveragePercent="100">
          <Method Name="MoveNext():System.Void" CoveredStatements="6" TotalStatements="6" CoveragePercent="100">
            <Statement FileIndex="272" Line="111" Column="5" EndLine="111" EndColumn="6" Covered="True" />
            <Statement FileIndex="272" Line="113" Column="9" EndLine="113" EndColumn="44" Covered="True" />
            <Statement FileIndex="272" Line="115" Column="9" EndLine="116" EndColumn="28" Covered="True" />
            <Statement FileIndex="272" Line="119" Column="9" EndLine="119" EndColumn="95" Covered="True" />
            <Statement FileIndex="272" Line="122" Column="9" EndLine="122" EndColumn="34" Covered="True" />
            <Statement FileIndex="272" Line="123" Column="5" EndLine="123" EndColumn="6" Covered="True" />
          </Method>
        </Type>
        <Type Name="&lt;UpdateAsync_ShouldReturnUpdatedOrder_WhenOrderWasUpdated&gt;d__10" CoveredStatements="8" TotalStatements="8" CoveragePercent="100">
          <Method Name="MoveNext():System.Void" CoveredStatements="8" TotalStatements="8" CoveragePercent="100">
            <Statement FileIndex="272" Line="89" Column="5" EndLine="89" EndColumn="6" Covered="True" />
            <Statement FileIndex="272" Line="91" Column="9" EndLine="91" EndColumn="45" Covered="True" />
            <Statement FileIndex="272" Line="92" Column="9" EndLine="94" EndColumn="23" Covered="True" />
            <Statement FileIndex="272" Line="96" Column="9" EndLine="97" EndColumn="37" Covered="True" />
            <Statement FileIndex="272" Line="99" Column="9" EndLine="100" EndColumn="25" Covered="True" />
            <Statement FileIndex="272" Line="103" Column="9" EndLine="103" EndColumn="95" Covered="True" />
            <Statement FileIndex="272" Line="106" Column="9" EndLine="106" EndColumn="54" Covered="True" />
            <Statement FileIndex="272" Line="107" Column="5" EndLine="107" EndColumn="6" Covered="True" />
          </Method>
        </Type>
        <Method Name=".ctor(CoffeeSpace.OrderingApi.Tests.Fixtures.OrderingDbContextFixture):System.Void" CoveredStatements="10" TotalStatements="10" CoveragePercent="100">
          <Statement FileIndex="272" Line="28" Column="5" EndLine="28" EndColumn="75" Covered="True" />
          <Statement FileIndex="272" Line="29" Column="5" EndLine="29" EndColumn="6" Covered="True" />
          <Statement FileIndex="272" Line="30" Column="9" EndLine="30" EndColumn="34" Covered="True" />
          <Statement FileIndex="272" Line="31" Column="9" EndLine="31" EndColumn="64" Covered="True" />
          <Statement FileIndex="272" Line="33" Column="9" EndLine="33" EndColumn="48" Covered="True" />
          <Statement FileIndex="272" Line="34" Column="9" EndLine="34" EndColumn="47" Covered="True" />
          <Statement FileIndex="272" Line="35" Column="9" EndLine="35" EndColumn="48" Covered="True" />
          <Statement FileIndex="272" Line="37" Column="9" EndLine="37" EndColumn="49" Covered="True" />
          <Statement FileIndex="272" Line="38" Column="9" EndLine="38" EndColumn="60" Covered="True" />
          <Statement FileIndex="272" Line="39" Column="5" EndLine="39" EndColumn="6" Covered="True" />
        </Method>
      </Type>
    </Namespace>
    <Namespace Name="CoffeeSpace.OrderingApi.Tests.Sagas" CoveredStatements="27" TotalStatements="27" CoveragePercent="100">
      <Type Name="OrderStateMachineTests" CoveredStatements="27" TotalStatements="27" CoveragePercent="100">
        <Type Name="&lt;&gt;c" CoveredStatements="1" TotalStatements="1" CoveragePercent="100">
          <Method Name="&lt;.ctor&gt;b__3_0(MassTransit.IBusRegistrationConfigurator):System.Void" CoveredStatements="1" TotalStatements="1" CoveragePercent="100">
            <Statement FileIndex="273" Line="26" Column="50" EndLine="26" EndColumn="117" Covered="True" />
          </Method>
        </Type>
        <Type Name="&lt;&gt;c__DisplayClass4_0" CoveredStatements="1" TotalStatements="1" CoveragePercent="100">
          <Method Name="&lt;SubmitOrder_ShouldStartOrderStateMachine&gt;b__2(CoffeeSpace.OrderingApi.Application.Messaging.Masstransit.Sagas.OrderStateInstance):System.Boolean" CoveredStatements="1" TotalStatements="1" CoveragePercent="100">
            <Statement FileIndex="273" Line="52" Column="73" EndLine="52" EndColumn="118" Covered="True" />
          </Method>
        </Type>
        <Type Name="&lt;DisposeAsync&gt;d__6" CoveredStatements="3" TotalStatements="3" CoveragePercent="100">
          <Method Name="MoveNext():System.Void" CoveredStatements="3" TotalStatements="3" CoveragePercent="100">
            <Statement FileIndex="273" Line="68" Column="5" EndLine="68" EndColumn="6" Covered="True" />
            <Statement FileIndex="273" Line="69" Column="9" EndLine="69" EndColumn="35" Covered="True" />
            <Statement FileIndex="273" Line="70" Column="5" EndLine="70" EndColumn="6" Covered="True" />
          </Method>
        </Type>
        <Type Name="&lt;InitializeAsync&gt;d__5" CoveredStatements="3" TotalStatements="3" CoveragePercent="100">
          <Method Name="MoveNext():System.Void" CoveredStatements="3" TotalStatements="3" CoveragePercent="100">
            <Statement FileIndex="273" Line="63" Column="5" EndLine="63" EndColumn="6" Covered="True" />
            <Statement FileIndex="273" Line="64" Column="9" EndLine="64" EndColumn="36" Covered="True" />
            <Statement FileIndex="273" Line="65" Column="5" EndLine="65" EndColumn="6" Covered="True" />
          </Method>
        </Type>
        <Type Name="&lt;SubmitOrder_ShouldStartOrderStateMachine&gt;d__4" CoveredStatements="12" TotalStatements="12" CoveragePercent="100">
          <Method Name="MoveNext():System.Void" CoveredStatements="12" TotalStatements="12" CoveragePercent="100">
            <Statement FileIndex="273" Line="35" Column="5" EndLine="35" EndColumn="6" Covered="True" />
            <Statement FileIndex="273" Line="37" Column="9" EndLine="40" EndColumn="23" Covered="True" />
            <Statement FileIndex="273" Line="43" Column="9" EndLine="46" EndColumn="12" Covered="True" />
            <Statement FileIndex="273" Line="49" Column="9" EndLine="49" EndColumn="79" Covered="True" />
            <Statement FileIndex="273" Line="50" Column="9" EndLine="50" EndColumn="39" Covered="True" />
            <Statement FileIndex="273" Line="52" Column="9" EndLine="52" EndColumn="120" Covered="True" />
            <Statement FileIndex="273" Line="53" Column="9" EndLine="53" EndColumn="38" Covered="True" />
            <Statement FileIndex="273" Line="55" Column="9" EndLine="55" EndColumn="98" Covered="True" />
            <Statement FileIndex="273" Line="56" Column="9" EndLine="56" EndColumn="52" Covered="True" />
            <Statement FileIndex="273" Line="58" Column="9" EndLine="58" EndColumn="159" Covered="True" />
            <Statement FileIndex="273" Line="59" Column="9" EndLine="59" EndColumn="39" Covered="True" />
            <Statement FileIndex="273" Line="60" Column="5" EndLine="60" EndColumn="6" Covered="True" />
          </Method>
        </Type>
        <Method Name=".ctor():System.Void" CoveredStatements="7" TotalStatements="7" CoveragePercent="100">
          <Statement FileIndex="273" Line="21" Column="5" EndLine="21" EndColumn="36" Covered="True" />
          <Statement FileIndex="273" Line="22" Column="5" EndLine="22" EndColumn="6" Covered="True" />
          <Statement FileIndex="273" Line="23" Column="9" EndLine="23" EndColumn="34" Covered="True" />
          <Statement FileIndex="273" Line="24" Column="9" EndLine="27" EndColumn="41" Covered="True" />
          <Statement FileIndex="273" Line="29" Column="9" EndLine="29" EndColumn="59" Covered="True" />
          <Statement FileIndex="273" Line="30" Column="9" EndLine="30" EndColumn="109" Covered="True" />
          <Statement FileIndex="273" Line="31" Column="5" EndLine="31" EndColumn="6" Covered="True" />
        </Method>
      </Type>
    </Namespace>
    <Namespace Name="CoffeeSpace.OrderingApi.Tests.Services" CoveredStatements="132" TotalStatements="132" CoveragePercent="100">
      <Type Name="BuyerServiceTests" CoveredStatements="69" TotalStatements="69" CoveragePercent="100">
        <Type Name="&lt;CreateAsync_ShouldReturnFalse_WhenBuyerWasNotCreated&gt;d__10" CoveredStatements="6" TotalStatements="6" CoveragePercent="100">
          <Method Name="MoveNext():System.Void" CoveredStatements="6" TotalStatements="6" CoveragePercent="100">
            <Statement FileIndex="274" Line="112" Column="5" EndLine="112" EndColumn="6" Covered="True" />
            <Statement FileIndex="274" Line="114" Column="9" EndLine="114" EndColumn="54" Covered="True" />
            <Statement FileIndex="274" Line="115" Column="9" EndLine="116" EndColumn="29" Covered="True" />
            <Statement FileIndex="274" Line="119" Column="9" EndLine="119" EndColumn="94" Covered="True" />
            <Statement FileIndex="274" Line="122" Column="9" EndLine="122" EndColumn="35" Covered="True" />
            <Statement FileIndex="274" Line="123" Column="5" EndLine="123" EndColumn="6" Covered="True" />
          </Method>
        </Type>
        <Type Name="&lt;CreateAsync_ShouldReturnTrue_WhenBuyerWasCreated&gt;d__9" CoveredStatements="6" TotalStatements="6" CoveragePercent="100">
          <Method Name="MoveNext():System.Void" CoveredStatements="6" TotalStatements="6" CoveragePercent="100">
            <Statement FileIndex="274" Line="97" Column="5" EndLine="97" EndColumn="6" Covered="True" />
            <Statement FileIndex="274" Line="99" Column="9" EndLine="99" EndColumn="54" Covered="True" />
            <Statement FileIndex="274" Line="100" Column="9" EndLine="101" EndColumn="28" Covered="True" />
            <Statement FileIndex="274" Line="104" Column="9" EndLine="104" EndColumn="94" Covered="True" />
            <Statement FileIndex="274" Line="107" Column="9" EndLine="107" EndColumn="34" Covered="True" />
            <Statement FileIndex="274" Line="108" Column="5" EndLine="108" EndColumn="6" Covered="True" />
          </Method>
        </Type>
        <Type Name="&lt;DeleteAsync_ShouldReturnFalse_WhenBuyerWasNotDeleted&gt;d__14" CoveredStatements="6" TotalStatements="6" CoveragePercent="100">
          <Method Name="MoveNext():System.Void" CoveredStatements="6" TotalStatements="6" CoveragePercent="100">
            <Statement FileIndex="274" Line="176" Column="5" EndLine="176" EndColumn="6" Covered="True" />
            <Statement FileIndex="274" Line="178" Column="9" EndLine="178" EndColumn="45" Covered="True" />
            <Statement FileIndex="274" Line="179" Column="9" EndLine="180" EndColumn="29" Covered="True" />
            <Statement FileIndex="274" Line="183" Column="9" EndLine="183" EndColumn="113" Covered="True" />
            <Statement FileIndex="274" Line="186" Column="9" EndLine="186" EndColumn="35" Covered="True" />
            <Statement FileIndex="274" Line="187" Column="5" EndLine="187" EndColumn="6" Covered="True" />
          </Method>
        </Type>
        <Type Name="&lt;DeleteAsync_ShouldReturnTrue_WhenBuyerWasDeleted&gt;d__13" CoveredStatements="6" TotalStatements="6" CoveragePercent="100">
          <Method Name="MoveNext():System.Void" CoveredStatements="6" TotalStatements="6" CoveragePercent="100">
            <Statement FileIndex="274" Line="161" Column="5" EndLine="161" EndColumn="6" Covered="True" />
            <Statement FileIndex="274" Line="163" Column="9" EndLine="163" EndColumn="45" Covered="True" />
            <Statement FileIndex="274" Line="164" Column="9" EndLine="165" EndColumn="28" Covered="True" />
            <Statement FileIndex="274" Line="168" Column="9" EndLine="168" EndColumn="113" Covered="True" />
            <Statement FileIndex="274" Line="171" Column="9" EndLine="171" EndColumn="34" Covered="True" />
            <Statement FileIndex="274" Line="172" Column="5" EndLine="172" EndColumn="6" Covered="True" />
          </Method>
        </Type>
        <Type Name="&lt;GetByEmailAsync_ShouldReturnBuyer_WhenBuyerExists&gt;d__5" CoveredStatements="6" TotalStatements="6" CoveragePercent="100">
          <Method Name="MoveNext():System.Void" CoveredStatements="6" TotalStatements="6" CoveragePercent="100">
            <Statement FileIndex="274" Line="37" Column="5" EndLine="37" EndColumn="6" Covered="True" />
            <Statement FileIndex="274" Line="39" Column="9" EndLine="39" EndColumn="45" Covered="True" />
            <Statement FileIndex="274" Line="40" Column="9" EndLine="41" EndColumn="37" Covered="True" />
            <Statement FileIndex="274" Line="44" Column="9" EndLine="44" EndColumn="103" Covered="True" />
            <Statement FileIndex="274" Line="47" Column="9" EndLine="47" EndColumn="55" Covered="True" />
            <Statement FileIndex="274" Line="48" Column="5" EndLine="48" EndColumn="6" Covered="True" />
          </Method>
        </Type>
        <Type Name="&lt;GetByEmailAsync_ShouldReturnNull_WhenBuyerDoesNotExist&gt;d__6" CoveredStatements="6" TotalStatements="6" CoveragePercent="100">
          <Method Name="MoveNext():System.Void" CoveredStatements="6" TotalStatements="6" CoveragePercent="100">
            <Statement FileIndex="274" Line="52" Column="5" EndLine="52" EndColumn="6" Covered="True" />
            <Statement FileIndex="274" Line="54" Column="9" EndLine="54" EndColumn="45" Covered="True" />
            <Statement FileIndex="274" Line="55" Column="9" EndLine="56" EndColumn="28" Covered="True" />
            <Statement FileIndex="274" Line="59" Column="9" EndLine="59" EndColumn="103" Covered="True" />
            <Statement FileIndex="274" Line="62" Column="9" EndLine="62" EndColumn="34" Covered="True" />
            <Statement FileIndex="274" Line="63" Column="5" EndLine="63" EndColumn="6" Covered="True" />
          </Method>
        </Type>
        <Type Name="&lt;GetByIdAsync_ShouldReturnBuyer_WhenBuyerExists&gt;d__7" CoveredStatements="6" TotalStatements="6" CoveragePercent="100">
          <Method Name="MoveNext():System.Void" CoveredStatements="6" TotalStatements="6" CoveragePercent="100">
            <Statement FileIndex="274" Line="67" Column="5" EndLine="67" EndColumn="6" Covered="True" />
            <Statement FileIndex="274" Line="69" Column="9" EndLine="69" EndColumn="45" Covered="True" />
            <Statement FileIndex="274" Line="70" Column="9" EndLine="71" EndColumn="37" Covered="True" />
            <Statement FileIndex="274" Line="74" Column="9" EndLine="74" EndColumn="109" Covered="True" />
            <Statement FileIndex="274" Line="77" Column="9" EndLine="77" EndColumn="55" Covered="True" />
            <Statement FileIndex="274" Line="78" Column="5" EndLine="78" EndColumn="6" Covered="True" />
          </Method>
        </Type>
        <Type Name="&lt;GetByIdAsync_ShouldReturnNull_WhenBuyerDoesNotExist&gt;d__8" CoveredStatements="6" TotalStatements="6" CoveragePercent="100">
          <Method Name="MoveNext():System.Void" CoveredStatements="6" TotalStatements="6" CoveragePercent="100">
            <Statement FileIndex="274" Line="82" Column="5" EndLine="82" EndColumn="6" Covered="True" />
            <Statement FileIndex="274" Line="84" Column="9" EndLine="84" EndColumn="45" Covered="True" />
            <Statement FileIndex="274" Line="85" Column="9" EndLine="86" EndColumn="28" Covered="True" />
            <Statement FileIndex="274" Line="89" Column="9" EndLine="89" EndColumn="109" Covered="True" />
            <Statement FileIndex="274" Line="92" Column="9" EndLine="92" EndColumn="34" Covered="True" />
            <Statement FileIndex="274" Line="93" Column="5" EndLine="93" EndColumn="6" Covered="True" />
          </Method>
        </Type>
        <Type Name="&lt;UpdateAsync_ShouldReturnNull_WhenBuyerWasNotUpdated&gt;d__12" CoveredStatements="6" TotalStatements="6" CoveragePercent="100">
          <Method Name="MoveNext():System.Void" CoveredStatements="6" TotalStatements="6" CoveragePercent="100">
            <Statement FileIndex="274" Line="146" Column="5" EndLine="146" EndColumn="6" Covered="True" />
            <Statement FileIndex="274" Line="148" Column="9" EndLine="148" EndColumn="44" Covered="True" />
            <Statement FileIndex="274" Line="149" Column="9" EndLine="150" EndColumn="28" Covered="True" />
            <Statement FileIndex="274" Line="153" Column="9" EndLine="153" EndColumn="92" Covered="True" />
            <Statement FileIndex="274" Line="156" Column="9" EndLine="156" EndColumn="34" Covered="True" />
            <Statement FileIndex="274" Line="157" Column="5" EndLine="157" EndColumn="6" Covered="True" />
          </Method>
        </Type>
        <Type Name="&lt;UpdateAsync_ShouldReturnUpdatedBuyer_WhenBuyerWasUpdated&gt;d__11" CoveredStatements="7" TotalStatements="7" CoveragePercent="100">
          <Method Name="MoveNext():System.Void" CoveredStatements="7" TotalStatements="7" CoveragePercent="100">
            <Statement FileIndex="274" Line="127" Column="5" EndLine="127" EndColumn="6" Covered="True" />
            <Statement FileIndex="274" Line="129" Column="9" EndLine="129" EndColumn="45" Covered="True" />
            <Statement FileIndex="274" Line="130" Column="9" EndLine="132" EndColumn="23" Covered="True" />
            <Statement FileIndex="274" Line="134" Column="9" EndLine="135" EndColumn="36" Covered="True" />
            <Statement FileIndex="274" Line="138" Column="9" EndLine="138" EndColumn="92" Covered="True" />
            <Statement FileIndex="274" Line="141" Column="9" EndLine="141" EndColumn="54" Covered="True" />
            <Statement FileIndex="274" Line="142" Column="5" EndLine="142" EndColumn="6" Covered="True" />
          </Method>
        </Type>
        <Method Name=".ctor():System.Void" CoveredStatements="8" TotalStatements="8" CoveragePercent="100">
          <Statement FileIndex="274" Line="23" Column="5" EndLine="23" EndColumn="31" Covered="True" />
          <Statement FileIndex="274" Line="24" Column="5" EndLine="24" EndColumn="6" Covered="True" />
          <Statement FileIndex="274" Line="25" Column="9" EndLine="25" EndColumn="34" Covered="True" />
          <Statement FileIndex="274" Line="26" Column="9" EndLine="26" EndColumn="64" Covered="True" />
          <Statement FileIndex="274" Line="27" Column="9" EndLine="29" EndColumn="27" Covered="True" />
          <Statement FileIndex="274" Line="31" Column="9" EndLine="31" EndColumn="46" Covered="True" />
          <Statement FileIndex="274" Line="32" Column="9" EndLine="32" EndColumn="51" Covered="True" />
          <Statement FileIndex="274" Line="33" Column="5" EndLine="33" EndColumn="6" Covered="True" />
        </Method>
      </Type>
      <Type Name="OrderServiceTests" CoveredStatements="63" TotalStatements="63" CoveragePercent="100">
        <Type Name="&lt;CreateAsync_ShouldReturnFalse_WhenOrderWasNotCreated&gt;d__9" CoveredStatements="6" TotalStatements="6" CoveragePercent="100">
          <Method Name="MoveNext():System.Void" CoveredStatements="6" TotalStatements="6" CoveragePercent="100">
            <Statement FileIndex="275" Line="98" Column="5" EndLine="98" EndColumn="6" Covered="True" />
            <Statement FileIndex="275" Line="100" Column="9" EndLine="100" EndColumn="54" Covered="True" />
            <Statement FileIndex="275" Line="101" Column="9" EndLine="102" EndColumn="29" Covered="True" />
            <Statement FileIndex="275" Line="105" Column="9" EndLine="105" EndColumn="94" Covered="True" />
            <Statement FileIndex="275" Line="108" Column="9" EndLine="108" EndColumn="35" Covered="True" />
            <Statement FileIndex="275" Line="109" Column="5" EndLine="109" EndColumn="6" Covered="True" />
          </Method>
        </Type>
        <Type Name="&lt;CreateAsync_ShouldReturnTrue_WhenOrderWasCreated&gt;d__8" CoveredStatements="6" TotalStatements="6" CoveragePercent="100">
          <Method Name="MoveNext():System.Void" CoveredStatements="6" TotalStatements="6" CoveragePercent="100">
            <Statement FileIndex="275" Line="83" Column="5" EndLine="83" EndColumn="6" Covered="True" />
            <Statement FileIndex="275" Line="85" Column="9" EndLine="85" EndColumn="54" Covered="True" />
            <Statement FileIndex="275" Line="86" Column="9" EndLine="87" EndColumn="28" Covered="True" />
            <Statement FileIndex="275" Line="90" Column="9" EndLine="90" EndColumn="94" Covered="True" />
            <Statement FileIndex="275" Line="93" Column="9" EndLine="93" EndColumn="34" Covered="True" />
            <Statement FileIndex="275" Line="94" Column="5" EndLine="94" EndColumn="6" Covered="True" />
          </Method>
        </Type>
        <Type Name="&lt;DeleteAsync_ShouldReturnFalse_WhenOrderWasNotDeleted&gt;d__13" CoveredStatements="6" TotalStatements="6" CoveragePercent="100">
          <Method Name="MoveNext():System.Void" CoveredStatements="6" TotalStatements="6" CoveragePercent="100">
            <Statement FileIndex="275" Line="162" Column="5" EndLine="162" EndColumn="6" Covered="True" />
            <Statement FileIndex="275" Line="164" Column="9" EndLine="164" EndColumn="45" Covered="True" />
            <Statement FileIndex="275" Line="165" Column="9" EndLine="166" EndColumn="29" Covered="True" />
            <Statement FileIndex="275" Line="169" Column="9" EndLine="169" EndColumn="148" Covered="True" />
            <Statement FileIndex="275" Line="172" Column="9" EndLine="172" EndColumn="35" Covered="True" />
            <Statement FileIndex="275" Line="173" Column="5" EndLine="173" EndColumn="6" Covered="True" />
          </Method>
        </Type>
        <Type Name="&lt;DeleteAsync_ShouldReturnTrue_WhenOrderWasDeleted&gt;d__12" CoveredStatements="6" TotalStatements="6" CoveragePercent="100">
          <Method Name="MoveNext():System.Void" CoveredStatements="6" TotalStatements="6" CoveragePercent="100">
            <Statement FileIndex="275" Line="147" Column="5" EndLine="147" EndColumn="6" Covered="True" />
            <Statement FileIndex="275" Line="149" Column="9" EndLine="149" EndColumn="45" Covered="True" />
            <Statement FileIndex="275" Line="150" Column="9" EndLine="151" EndColumn="28" Covered="True" />
            <Statement FileIndex="275" Line="154" Column="9" EndLine="154" EndColumn="148" Covered="True" />
            <Statement FileIndex="275" Line="157" Column="9" EndLine="157" EndColumn="34" Covered="True" />
            <Statement FileIndex="275" Line="158" Column="5" EndLine="158" EndColumn="6" Covered="True" />
          </Method>
        </Type>
        <Type Name="&lt;GetAllByBuyerIdAsync_ShouldReturnAllOrders&gt;d__5" CoveredStatements="6" TotalStatements="6" CoveragePercent="100">
          <Method Name="MoveNext():System.Void" CoveredStatements="6" TotalStatements="6" CoveragePercent="100">
            <Statement FileIndex="275" Line="38" Column="5" EndLine="38" EndColumn="6" Covered="True" />
            <Statement FileIndex="275" Line="40" Column="9" EndLine="40" EndColumn="45" Covered="True" />
            <Statement FileIndex="275" Line="41" Column="9" EndLine="42" EndColumn="45" Covered="True" />
            <Statement FileIndex="275" Line="45" Column="9" EndLine="45" EndColumn="122" Covered="True" />
            <Statement FileIndex="275" Line="48" Column="9" EndLine="48" EndColumn="60" Covered="True" />
            <Statement FileIndex="275" Line="49" Column="5" EndLine="49" EndColumn="6" Covered="True" />
          </Method>
        </Type>
        <Type Name="&lt;GetByIdAsync_ShouldReturnNull_WhenOrderDoesNotExist&gt;d__7" CoveredStatements="6" TotalStatements="6" CoveragePercent="100">
          <Method Name="MoveNext():System.Void" CoveredStatements="6" TotalStatements="6" CoveragePercent="100">
            <Statement FileIndex="275" Line="68" Column="5" EndLine="68" EndColumn="6" Covered="True" />
            <Statement FileIndex="275" Line="70" Column="9" EndLine="70" EndColumn="45" Covered="True" />
            <Statement FileIndex="275" Line="71" Column="9" EndLine="72" EndColumn="28" Covered="True" />
            <Statement FileIndex="275" Line="75" Column="9" EndLine="75" EndColumn="144" Covered="True" />
            <Statement FileIndex="275" Line="78" Column="9" EndLine="78" EndColumn="34" Covered="True" />
            <Statement FileIndex="275" Line="79" Column="5" EndLine="79" EndColumn="6" Covered="True" />
          </Method>
        </Type>
        <Type Name="&lt;GetByIdAsync_ShouldReturnOrder_WhenOrderExists&gt;d__6" CoveredStatements="6" TotalStatements="6" CoveragePercent="100">
          <Method Name="MoveNext():System.Void" CoveredStatements="6" TotalStatements="6" CoveragePercent="100">
            <Statement FileIndex="275" Line="53" Column="5" EndLine="53" EndColumn="6" Covered="True" />
            <Statement FileIndex="275" Line="55" Column="9" EndLine="55" EndColumn="45" Covered="True" />
            <Statement FileIndex="275" Line="56" Column="9" EndLine="57" EndColumn="37" Covered="True" />
            <Statement FileIndex="275" Line="60" Column="9" EndLine="60" EndColumn="144" Covered="True" />
            <Statement FileIndex="275" Line="63" Column="9" EndLine="63" EndColumn="55" Covered="True" />
            <Statement FileIndex="275" Line="64" Column="5" EndLine="64" EndColumn="6" Covered="True" />
          </Method>
        </Type>
        <Type Name="&lt;UpdateAsync_ShouldReturnNull_WhenOrderWasNotUpdated&gt;d__11" CoveredStatements="6" TotalStatements="6" CoveragePercent="100">
          <Method Name="MoveNext():System.Void" CoveredStatements="6" TotalStatements="6" CoveragePercent="100">
            <Statement FileIndex="275" Line="132" Column="5" EndLine="132" EndColumn="6" Covered="True" />
            <Statement FileIndex="275" Line="134" Column="9" EndLine="134" EndColumn="44" Covered="True" />
            <Statement FileIndex="275" Line="135" Column="9" EndLine="136" EndColumn="28" Covered="True" />
            <Statement FileIndex="275" Line="139" Column="9" EndLine="139" EndColumn="92" Covered="True" />
            <Statement FileIndex="275" Line="142" Column="9" EndLine="142" EndColumn="34" Covered="True" />
            <Statement FileIndex="275" Line="143" Column="5" EndLine="143" EndColumn="6" Covered="True" />
          </Method>
        </Type>
        <Type Name="&lt;UpdateAsync_ShouldReturnUpdatedOrder_WhenOrderWasUpdated&gt;d__10" CoveredStatements="7" TotalStatements="7" CoveragePercent="100">
          <Method Name="MoveNext():System.Void" CoveredStatements="7" TotalStatements="7" CoveragePercent="100">
            <Statement FileIndex="275" Line="113" Column="5" EndLine="113" EndColumn="6" Covered="True" />
            <Statement FileIndex="275" Line="115" Column="9" EndLine="115" EndColumn="45" Covered="True" />
            <Statement FileIndex="275" Line="116" Column="9" EndLine="118" EndColumn="23" Covered="True" />
            <Statement FileIndex="275" Line="120" Column="9" EndLine="121" EndColumn="36" Covered="True" />
            <Statement FileIndex="275" Line="124" Column="9" EndLine="124" EndColumn="92" Covered="True" />
            <Statement FileIndex="275" Line="127" Column="9" EndLine="127" EndColumn="54" Covered="True" />
            <Statement FileIndex="275" Line="128" Column="5" EndLine="128" EndColumn="6" Covered="True" />
          </Method>
        </Type>
        <Method Name=".ctor():System.Void" CoveredStatements="8" TotalStatements="8" CoveragePercent="100">
          <Statement FileIndex="275" Line="23" Column="5" EndLine="23" EndColumn="31" Covered="True" />
          <Statement FileIndex="275" Line="24" Column="5" EndLine="24" EndColumn="6" Covered="True" />
          <Statement FileIndex="275" Line="25" Column="9" EndLine="25" EndColumn="34" Covered="True" />
          <Statement FileIndex="275" Line="26" Column="9" EndLine="26" EndColumn="64" Covered="True" />
          <Statement FileIndex="275" Line="27" Column="9" EndLine="30" EndColumn="27" Covered="True" />
          <Statement FileIndex="275" Line="32" Column="9" EndLine="32" EndColumn="46" Covered="True" />
          <Statement FileIndex="275" Line="33" Column="9" EndLine="33" EndColumn="51" Covered="True" />
          <Statement FileIndex="275" Line="34" Column="5" EndLine="34" EndColumn="6" Covered="True" />
        </Method>
      </Type>
    </Namespace>
    <Namespace Name="CoffeeSpace.OrderingApi.Tests.Validators.Buyers" CoveredStatements="65" TotalStatements="65" CoveragePercent="100">
      <Type Name="BuyerResponseValidatorTests" CoveredStatements="25" TotalStatements="25" CoveragePercent="100">
        <Type Name="&lt;InvalidEmail_ShouldThrowValidationError&gt;d__5" CoveredStatements="5" TotalStatements="5" CoveragePercent="100">
          <Method Name="MoveNext():System.Void" CoveredStatements="5" TotalStatements="5" CoveragePercent="100">
            <Statement FileIndex="276" Line="62" Column="5" EndLine="62" EndColumn="6" Covered="True" />
            <Statement FileIndex="276" Line="64" Column="9" EndLine="66" EndColumn="23" Covered="True" />
            <Statement FileIndex="276" Line="69" Column="9" EndLine="69" EndColumn="75" Covered="True" />
            <Statement FileIndex="276" Line="72" Column="9" EndLine="72" EndColumn="83" Covered="True" />
            <Statement FileIndex="276" Line="73" Column="5" EndLine="73" EndColumn="6" Covered="True" />
          </Method>
        </Type>
        <Type Name="&lt;InvalidId_ShouldThrowValidationError&gt;d__3" CoveredStatements="5" TotalStatements="5" CoveragePercent="100">
          <Method Name="MoveNext():System.Void" CoveredStatements="5" TotalStatements="5" CoveragePercent="100">
            <Statement FileIndex="276" Line="25" Column="5" EndLine="25" EndColumn="6" Covered="True" />
            <Statement FileIndex="276" Line="27" Column="9" EndLine="29" EndColumn="23" Covered="True" />
            <Statement FileIndex="276" Line="32" Column="9" EndLine="32" EndColumn="75" Covered="True" />
            <Statement FileIndex="276" Line="35" Column="9" EndLine="35" EndColumn="80" Covered="True" />
            <Statement FileIndex="276" Line="36" Column="5" EndLine="36" EndColumn="6" Covered="True" />
          </Method>
        </Type>
        <Type Name="&lt;InvalidName_ShouldThrowValidationError&gt;d__4" CoveredStatements="5" TotalStatements="5" CoveragePercent="100">
          <Method Name="MoveNext():System.Void" CoveredStatements="5" TotalStatements="5" CoveragePercent="100">
            <Statement FileIndex="276" Line="43" Column="5" EndLine="43" EndColumn="6" Covered="True" />
            <Statement FileIndex="276" Line="45" Column="9" EndLine="47" EndColumn="23" Covered="True" />
            <Statement FileIndex="276" Line="50" Column="9" EndLine="50" EndColumn="75" Covered="True" />
            <Statement FileIndex="276" Line="53" Column="9" EndLine="53" EndColumn="82" Covered="True" />
            <Statement FileIndex="276" Line="54" Column="5" EndLine="54" EndColumn="6" Covered="True" />
          </Method>
        </Type>
        <Type Name="&lt;ValidProperties_ShouldNotThrowAnyValidationErrors&gt;d__6" CoveredStatements="5" TotalStatements="5" CoveragePercent="100">
          <Method Name="MoveNext():System.Void" CoveredStatements="5" TotalStatements="5" CoveragePercent="100">
            <Statement FileIndex="276" Line="79" Column="5" EndLine="79" EndColumn="6" Covered="True" />
            <Statement FileIndex="276" Line="81" Column="9" EndLine="84" EndColumn="23" Covered="True" />
            <Statement FileIndex="276" Line="87" Column="9" EndLine="87" EndColumn="75" Covered="True" />
            <Statement FileIndex="276" Line="90" Column="9" EndLine="90" EndColumn="51" Covered="True" />
            <Statement FileIndex="276" Line="91" Column="5" EndLine="91" EndColumn="6" Covered="True" />
          </Method>
        </Type>
        <Method Name=".ctor():System.Void" CoveredStatements="5" TotalStatements="5" CoveragePercent="100">
          <Statement FileIndex="276" Line="14" Column="5" EndLine="14" EndColumn="41" Covered="True" />
          <Statement FileIndex="276" Line="15" Column="5" EndLine="15" EndColumn="6" Covered="True" />
          <Statement FileIndex="276" Line="16" Column="9" EndLine="16" EndColumn="34" Covered="True" />
          <Statement FileIndex="276" Line="17" Column="9" EndLine="17" EndColumn="59" Covered="True" />
          <Statement FileIndex="276" Line="18" Column="5" EndLine="18" EndColumn="6" Covered="True" />
        </Method>
      </Type>
      <Type Name="CreateBuyerRequestValidatorTests" CoveredStatements="20" TotalStatements="20" CoveragePercent="100">
        <Type Name="&lt;InvalidEmail_ShouldThrowValidationError&gt;d__4" CoveredStatements="5" TotalStatements="5" CoveragePercent="100">
          <Method Name="MoveNext():System.Void" CoveredStatements="5" TotalStatements="5" CoveragePercent="100">
            <Statement FileIndex="277" Line="44" Column="5" EndLine="44" EndColumn="6" Covered="True" />
            <Statement FileIndex="277" Line="46" Column="9" EndLine="48" EndColumn="23" Covered="True" />
            <Statement FileIndex="277" Line="51" Column="9" EndLine="51" EndColumn="84" Covered="True" />
            <Statement FileIndex="277" Line="54" Column="9" EndLine="54" EndColumn="81" Covered="True" />
            <Statement FileIndex="277" Line="55" Column="5" EndLine="55" EndColumn="6" Covered="True" />
          </Method>
        </Type>
        <Type Name="&lt;InvalidName_ShouldThrowValidationError&gt;d__3" CoveredStatements="5" TotalStatements="5" CoveragePercent="100">
          <Method Name="MoveNext():System.Void" CoveredStatements="5" TotalStatements="5" CoveragePercent="100">
            <Statement FileIndex="277" Line="25" Column="5" EndLine="25" EndColumn="6" Covered="True" />
            <Statement FileIndex="277" Line="27" Column="9" EndLine="29" EndColumn="23" Covered="True" />
            <Statement FileIndex="277" Line="32" Column="9" EndLine="32" EndColumn="84" Covered="True" />
            <Statement FileIndex="277" Line="35" Column="9" EndLine="35" EndColumn="80" Covered="True" />
            <Statement FileIndex="277" Line="36" Column="5" EndLine="36" EndColumn="6" Covered="True" />
          </Method>
        </Type>
        <Type Name="&lt;ValidProperties_ShouldNotThrowAnyValidationErrors&gt;d__5" CoveredStatements="5" TotalStatements="5" CoveragePercent="100">
          <Method Name="MoveNext():System.Void" CoveredStatements="5" TotalStatements="5" CoveragePercent="100">
            <Statement FileIndex="277" Line="61" Column="5" EndLine="61" EndColumn="6" Covered="True" />
            <Statement FileIndex="277" Line="63" Column="9" EndLine="66" EndColumn="23" Covered="True" />
            <Statement FileIndex="277" Line="69" Column="9" EndLine="69" EndColumn="84" Covered="True" />
            <Statement FileIndex="277" Line="72" Column="9" EndLine="72" EndColumn="51" Covered="True" />
            <Statement FileIndex="277" Line="73" Column="5" EndLine="73" EndColumn="6" Covered="True" />
          </Method>
        </Type>
        <Method Name=".ctor():System.Void" CoveredStatements="5" TotalStatements="5" CoveragePercent="100">
          <Statement FileIndex="277" Line="14" Column="5" EndLine="14" EndColumn="46" Covered="True" />
          <Statement FileIndex="277" Line="15" Column="5" EndLine="15" EndColumn="6" Covered="True" />
          <Statement FileIndex="277" Line="16" Column="9" EndLine="16" EndColumn="34" Covered="True" />
          <Statement FileIndex="277" Line="17" Column="9" EndLine="17" EndColumn="74" Covered="True" />
          <Statement FileIndex="277" Line="18" Column="5" EndLine="18" EndColumn="6" Covered="True" />
        </Method>
      </Type>
      <Type Name="UpdateBuyerRequestValidatorTests" CoveredStatements="20" TotalStatements="20" CoveragePercent="100">
        <Type Name="&lt;InvalidEmail_ShouldThrowValidationError&gt;d__4" CoveredStatements="5" TotalStatements="5" CoveragePercent="100">
          <Method Name="MoveNext():System.Void" CoveredStatements="5" TotalStatements="5" CoveragePercent="100">
            <Statement FileIndex="278" Line="44" Column="5" EndLine="44" EndColumn="6" Covered="True" />
            <Statement FileIndex="278" Line="46" Column="9" EndLine="48" EndColumn="23" Covered="True" />
            <Statement FileIndex="278" Line="51" Column="9" EndLine="51" EndColumn="84" Covered="True" />
            <Statement FileIndex="278" Line="54" Column="9" EndLine="54" EndColumn="81" Covered="True" />
            <Statement FileIndex="278" Line="55" Column="5" EndLine="55" EndColumn="6" Covered="True" />
          </Method>
        </Type>
        <Type Name="&lt;InvalidName_ShouldThrowValidationError&gt;d__3" CoveredStatements="5" TotalStatements="5" CoveragePercent="100">
          <Method Name="MoveNext():System.Void" CoveredStatements="5" TotalStatements="5" CoveragePercent="100">
            <Statement FileIndex="278" Line="25" Column="5" EndLine="25" EndColumn="6" Covered="True" />
            <Statement FileIndex="278" Line="27" Column="9" EndLine="29" EndColumn="23" Covered="True" />
            <Statement FileIndex="278" Line="32" Column="9" EndLine="32" EndColumn="84" Covered="True" />
            <Statement FileIndex="278" Line="35" Column="9" EndLine="35" EndColumn="80" Covered="True" />
            <Statement FileIndex="278" Line="36" Column="5" EndLine="36" EndColumn="6" Covered="True" />
          </Method>
        </Type>
        <Type Name="&lt;ValidProperties_ShouldNotThrowAnyValidationErrors&gt;d__5" CoveredStatements="5" TotalStatements="5" CoveragePercent="100">
          <Method Name="MoveNext():System.Void" CoveredStatements="5" TotalStatements="5" CoveragePercent="100">
            <Statement FileIndex="278" Line="61" Column="5" EndLine="61" EndColumn="6" Covered="True" />
            <Statement FileIndex="278" Line="63" Column="9" EndLine="66" EndColumn="23" Covered="True" />
            <Statement FileIndex="278" Line="69" Column="9" EndLine="69" EndColumn="84" Covered="True" />
            <Statement FileIndex="278" Line="72" Column="9" EndLine="72" EndColumn="51" Covered="True" />
            <Statement FileIndex="278" Line="73" Column="5" EndLine="73" EndColumn="6" Covered="True" />
          </Method>
        </Type>
        <Method Name=".ctor():System.Void" CoveredStatements="5" TotalStatements="5" CoveragePercent="100">
          <Statement FileIndex="278" Line="14" Column="5" EndLine="14" EndColumn="46" Covered="True" />
          <Statement FileIndex="278" Line="15" Column="5" EndLine="15" EndColumn="6" Covered="True" />
          <Statement FileIndex="278" Line="16" Column="9" EndLine="16" EndColumn="34" Covered="True" />
          <Statement FileIndex="278" Line="17" Column="9" EndLine="17" EndColumn="74" Covered="True" />
          <Statement FileIndex="278" Line="18" Column="5" EndLine="18" EndColumn="6" Covered="True" />
        </Method>
      </Type>
    </Namespace>
    <Namespace Name="CoffeeSpace.OrderingApi.Tests.Validators.Orders" CoveredStatements="30" TotalStatements="30" CoveragePercent="100">
      <Type Name="CreateOrderRequestValidatorTests" CoveredStatements="20" TotalStatements="20" CoveragePercent="100">
        <Type Name="&lt;InvalidAddress_ShouldThrowValidationError&gt;d__3" CoveredStatements="5" TotalStatements="5" CoveragePercent="100">
          <Method Name="MoveNext():System.Void" CoveredStatements="5" TotalStatements="5" CoveragePercent="100">
            <Statement FileIndex="279" Line="28" Column="5" EndLine="28" EndColumn="6" Covered="True" />
            <Statement FileIndex="279" Line="30" Column="9" EndLine="32" EndColumn="23" Covered="True" />
            <Statement FileIndex="279" Line="35" Column="9" EndLine="35" EndColumn="84" Covered="True" />
            <Statement FileIndex="279" Line="38" Column="9" EndLine="38" EndColumn="95" Covered="True" />
            <Statement FileIndex="279" Line="39" Column="5" EndLine="39" EndColumn="6" Covered="True" />
          </Method>
        </Type>
        <Type Name="&lt;InvalidPaymentInfo_ShouldThrowValidationError&gt;d__4" CoveredStatements="5" TotalStatements="5" CoveragePercent="100">
          <Method Name="MoveNext():System.Void" CoveredStatements="5" TotalStatements="5" CoveragePercent="100">
            <Statement FileIndex="279" Line="44" Column="5" EndLine="44" EndColumn="6" Covered="True" />
            <Statement FileIndex="279" Line="46" Column="9" EndLine="48" EndColumn="23" Covered="True" />
            <Statement FileIndex="279" Line="51" Column="9" EndLine="51" EndColumn="84" Covered="True" />
            <Statement FileIndex="279" Line="54" Column="9" EndLine="54" EndColumn="99" Covered="True" />
            <Statement FileIndex="279" Line="55" Column="5" EndLine="55" EndColumn="6" Covered="True" />
          </Method>
        </Type>
        <Type Name="&lt;ValidProperties_ShouldNotThrowAnyValidationError&gt;d__5" CoveredStatements="5" TotalStatements="5" CoveragePercent="100">
          <Method Name="MoveNext():System.Void" CoveredStatements="5" TotalStatements="5" CoveragePercent="100">
            <Statement FileIndex="279" Line="59" Column="5" EndLine="59" EndColumn="6" Covered="True" />
            <Statement FileIndex="279" Line="61" Column="9" EndLine="76" EndColumn="23" Covered="True" />
            <Statement FileIndex="279" Line="79" Column="9" EndLine="79" EndColumn="84" Covered="True" />
            <Statement FileIndex="279" Line="82" Column="9" EndLine="82" EndColumn="51" Covered="True" />
            <Statement FileIndex="279" Line="83" Column="5" EndLine="83" EndColumn="6" Covered="True" />
          </Method>
        </Type>
        <Method Name=".ctor():System.Void" CoveredStatements="5" TotalStatements="5" CoveragePercent="100">
          <Statement FileIndex="279" Line="18" Column="5" EndLine="18" EndColumn="46" Covered="True" />
          <Statement FileIndex="279" Line="19" Column="5" EndLine="19" EndColumn="6" Covered="True" />
          <Statement FileIndex="279" Line="20" Column="9" EndLine="20" EndColumn="74" Covered="True" />
          <Statement FileIndex="279" Line="21" Column="9" EndLine="21" EndColumn="34" Covered="True" />
          <Statement FileIndex="279" Line="22" Column="5" EndLine="22" EndColumn="6" Covered="True" />
        </Method>
      </Type>
      <Type Name="OrderResponseValidatorTests" CoveredStatements="10" TotalStatements="10" CoveragePercent="100">
        <Type Name="&lt;InvalidAddress_ShouldThrowValidationError&gt;d__3" CoveredStatements="5" TotalStatements="5" CoveragePercent="100">
          <Method Name="MoveNext():System.Void" CoveredStatements="5" TotalStatements="5" CoveragePercent="100">
            <Statement FileIndex="280" Line="25" Column="5" EndLine="25" EndColumn="6" Covered="True" />
            <Statement FileIndex="280" Line="27" Column="9" EndLine="29" EndColumn="23" Covered="True" />
            <Statement FileIndex="280" Line="32" Column="9" EndLine="32" EndColumn="80" Covered="True" />
            <Statement FileIndex="280" Line="35" Column="9" EndLine="35" EndColumn="95" Covered="True" />
            <Statement FileIndex="280" Line="36" Column="5" EndLine="36" EndColumn="6" Covered="True" />
          </Method>
        </Type>
        <Method Name=".ctor():System.Void" CoveredStatements="5" TotalStatements="5" CoveragePercent="100">
          <Statement FileIndex="280" Line="16" Column="5" EndLine="16" EndColumn="41" Covered="True" />
          <Statement FileIndex="280" Line="17" Column="5" EndLine="17" EndColumn="6" Covered="True" />
          <Statement FileIndex="280" Line="18" Column="9" EndLine="18" EndColumn="64" Covered="True" />
          <Statement FileIndex="280" Line="19" Column="9" EndLine="19" EndColumn="34" Covered="True" />
          <Statement FileIndex="280" Line="20" Column="5" EndLine="20" EndColumn="6" Covered="True" />
        </Method>
      </Type>
    </Namespace>
  </Assembly>
  <Assembly Name="CoffeeSpace.OrderingApi.Tests.Acceptance" CoveredStatements="334" TotalStatements="335" CoveragePercent="99">
    <Namespace Name="CoffeeSpace.OrderingApi.Tests.Acceptance.Fakers" CoveredStatements="40" TotalStatements="40" CoveragePercent="100">
      <Type Name="CreateAddressRequestFaker" CoveredStatements="9" TotalStatements="9" CoveragePercent="100">
        <Type Name="&lt;&gt;c" CoveredStatements="3" TotalStatements="3" CoveragePercent="100">
          <Method Name="&lt;.ctor&gt;b__0_1(Bogus.Faker):System.String" CoveredStatements="1" TotalStatements="1" CoveragePercent="100">
            <Statement FileIndex="481" Line="10" Column="51" EndLine="10" EndColumn="71" Covered="True" />
          </Method>
          <Method Name="&lt;.ctor&gt;b__0_3(Bogus.Faker):System.String" CoveredStatements="1" TotalStatements="1" CoveragePercent="100">
            <Statement FileIndex="481" Line="11" Column="53" EndLine="11" EndColumn="82" Covered="True" />
          </Method>
          <Method Name="&lt;.ctor&gt;b__0_5(Bogus.Faker):System.String" CoveredStatements="1" TotalStatements="1" CoveragePercent="100">
            <Statement FileIndex="481" Line="12" Column="54" EndLine="12" EndColumn="77" Covered="True" />
          </Method>
        </Type>
        <Method Name=".ctor():System.Void" CoveredStatements="6" TotalStatements="6" CoveragePercent="100">
          <Statement FileIndex="481" Line="8" Column="5" EndLine="8" EndColumn="39" Covered="True" />
          <Statement FileIndex="481" Line="9" Column="5" EndLine="9" EndColumn="6" Covered="True" />
          <Statement FileIndex="481" Line="10" Column="9" EndLine="10" EndColumn="73" Covered="True" />
          <Statement FileIndex="481" Line="11" Column="9" EndLine="11" EndColumn="84" Covered="True" />
          <Statement FileIndex="481" Line="12" Column="9" EndLine="12" EndColumn="79" Covered="True" />
          <Statement FileIndex="481" Line="13" Column="5" EndLine="13" EndColumn="6" Covered="True" />
        </Method>
      </Type>
      <Type Name="CreateOrderItemRequestFaker" CoveredStatements="13" TotalStatements="13" CoveragePercent="100">
        <Type Name="&lt;&gt;c" CoveredStatements="5" TotalStatements="5" CoveragePercent="100">
          <Method Name="&lt;.ctor&gt;b__0_1(Bogus.Faker):System.String" CoveredStatements="1" TotalStatements="1" CoveragePercent="100">
            <Statement FileIndex="480" Line="10" Column="46" EndLine="10" EndColumn="74" Covered="True" />
          </Method>
          <Method Name="&lt;.ctor&gt;b__0_3(Bogus.Faker):System.String" CoveredStatements="1" TotalStatements="1" CoveragePercent="100">
            <Statement FileIndex="480" Line="11" Column="52" EndLine="11" EndColumn="87" Covered="True" />
          </Method>
          <Method Name="&lt;.ctor&gt;b__0_5(Bogus.Faker):System.Int32" CoveredStatements="1" TotalStatements="1" CoveragePercent="100">
            <Statement FileIndex="480" Line="12" Column="49" EndLine="12" EndColumn="71" Covered="True" />
          </Method>
          <Method Name="&lt;.ctor&gt;b__0_7(Bogus.Faker):System.Single" CoveredStatements="1" TotalStatements="1" CoveragePercent="100">
            <Statement FileIndex="480" Line="13" Column="49" EndLine="13" EndColumn="69" Covered="True" />
          </Method>
          <Method Name="&lt;.ctor&gt;b__0_9(Bogus.Faker):System.Single" CoveredStatements="1" TotalStatements="1" CoveragePercent="100">
            <Statement FileIndex="480" Line="14" Column="50" EndLine="14" EndColumn="74" Covered="True" />
          </Method>
        </Type>
        <Method Name=".ctor():System.Void" CoveredStatements="8" TotalStatements="8" CoveragePercent="100">
          <Statement FileIndex="480" Line="8" Column="5" EndLine="8" EndColumn="41" Covered="True" />
          <Statement FileIndex="480" Line="9" Column="5" EndLine="9" EndColumn="6" Covered="True" />
          <Statement FileIndex="480" Line="10" Column="9" EndLine="10" EndColumn="76" Covered="True" />
          <Statement FileIndex="480" Line="11" Column="9" EndLine="11" EndColumn="89" Covered="True" />
          <Statement FileIndex="480" Line="12" Column="9" EndLine="12" EndColumn="73" Covered="True" />
          <Statement FileIndex="480" Line="13" Column="9" EndLine="13" EndColumn="71" Covered="True" />
          <Statement FileIndex="480" Line="14" Column="9" EndLine="14" EndColumn="76" Covered="True" />
          <Statement FileIndex="480" Line="15" Column="5" EndLine="15" EndColumn="6" Covered="True" />
        </Method>
      </Type>
      <Type Name="CreateOrderRequestFaker" CoveredStatements="7" TotalStatements="7" CoveragePercent="100">
        <Method Name=".ctor():System.Void" CoveredStatements="7" TotalStatements="7" CoveragePercent="100">
          <Statement FileIndex="479" Line="8" Column="5" EndLine="8" EndColumn="37" Covered="True" />
          <Statement FileIndex="479" Line="9" Column="5" EndLine="9" EndColumn="6" Covered="True" />
          <Statement FileIndex="479" Line="10" Column="9" EndLine="10" EndColumn="116" Covered="True" />
          <Statement FileIndex="479" Line="11" Column="9" EndLine="11" EndColumn="128" Covered="True" />
          <Statement FileIndex="479" Line="12" Column="9" EndLine="12" EndColumn="67" Covered="True" />
          <Statement FileIndex="479" Line="13" Column="9" EndLine="13" EndColumn="124" Covered="True" />
          <Statement FileIndex="479" Line="14" Column="5" EndLine="14" EndColumn="6" Covered="True" />
        </Method>
      </Type>
      <Type Name="CreatePaymentInfoRequestFaker" CoveredStatements="11" TotalStatements="11" CoveragePercent="100">
        <Type Name="&lt;&gt;c" CoveredStatements="3" TotalStatements="3" CoveragePercent="100">
          <Method Name="&lt;.ctor&gt;b__0_1(Bogus.Faker):System.String" CoveredStatements="1" TotalStatements="1" CoveragePercent="100">
            <Statement FileIndex="478" Line="10" Column="57" EndLine="10" EndColumn="89" Covered="True" />
          </Method>
          <Method Name="&lt;.ctor&gt;b__0_4(Bogus.Faker):System.String" CoveredStatements="1" TotalStatements="1" CoveragePercent="100">
            <Statement FileIndex="478" Line="12" Column="61" EndLine="12" EndColumn="90" Covered="True" />
          </Method>
          <Method Name="&lt;.ctor&gt;b__0_6(Bogus.Faker):System.Int32" CoveredStatements="1" TotalStatements="1" CoveragePercent="100">
            <Statement FileIndex="478" Line="13" Column="62" EndLine="13" EndColumn="85" Covered="True" />
          </Method>
        </Type>
        <Method Name=".ctor():System.Void" CoveredStatements="8" TotalStatements="8" CoveragePercent="100">
          <Statement FileIndex="478" Line="8" Column="5" EndLine="8" EndColumn="43" Covered="True" />
          <Statement FileIndex="478" Line="9" Column="5" EndLine="9" EndColumn="6" Covered="True" />
          <Statement FileIndex="478" Line="10" Column="9" EndLine="10" EndColumn="91" Covered="True" />
          <Statement FileIndex="478" Line="11" Column="9" EndLine="11" EndColumn="61" Covered="True" />
          <Statement FileIndex="478" Line="12" Column="9" EndLine="12" EndColumn="92" Covered="True" />
          <Statement FileIndex="478" Line="13" Column="9" EndLine="13" EndColumn="87" Covered="True" />
          <Statement FileIndex="478" Line="14" Column="9" EndLine="14" EndColumn="58" Covered="True" />
          <Statement FileIndex="478" Line="15" Column="5" EndLine="15" EndColumn="6" Covered="True" />
        </Method>
      </Type>
    </Namespace>
    <Namespace Name="CoffeeSpace.OrderingApi.Tests.Acceptance.Helpers" CoveredStatements="9" TotalStatements="9" CoveragePercent="100">
      <Type Name="ApiEndpoints" CoveredStatements="9" TotalStatements="9" CoveragePercent="100">
        <Type Name="Buyer" CoveredStatements="5" TotalStatements="5" CoveragePercent="100">
          <Method Name="Create():System.String" CoveredStatements="1" TotalStatements="1" CoveragePercent="100">
            <Statement FileIndex="474" Line="19" Column="42" EndLine="19" EndColumn="61" Covered="True" />
          </Method>
          <Method Name="Delete(System.String):System.String" CoveredStatements="1" TotalStatements="1" CoveragePercent="100">
            <Statement FileIndex="474" Line="23" Column="56" EndLine="23" EndColumn="85" Covered="True" />
          </Method>
          <Method Name="Get(System.String):System.String" CoveredStatements="1" TotalStatements="1" CoveragePercent="100">
            <Statement FileIndex="474" Line="20" Column="53" EndLine="20" EndColumn="82" Covered="True" />
          </Method>
          <Method Name="GetWithEmail(System.String):System.String" CoveredStatements="1" TotalStatements="1" CoveragePercent="100">
            <Statement FileIndex="474" Line="21" Column="60" EndLine="21" EndColumn="87" Covered="True" />
          </Method>
          <Method Name="Update(System.String):System.String" CoveredStatements="1" TotalStatements="1" CoveragePercent="100">
            <Statement FileIndex="474" Line="22" Column="56" EndLine="22" EndColumn="85" Covered="True" />
          </Method>
        </Type>
        <Type Name="Orders" CoveredStatements="4" TotalStatements="4" CoveragePercent="100">
          <Method Name="Create(System.String):System.String" CoveredStatements="1" TotalStatements="1" CoveragePercent="100">
            <Statement FileIndex="474" Line="11" Column="56" EndLine="11" EndColumn="92" Covered="True" />
          </Method>
          <Method Name="Delete(System.String,System.String):System.String" CoveredStatements="1" TotalStatements="1" CoveragePercent="100">
            <Statement FileIndex="474" Line="14" Column="72" EndLine="14" EndColumn="118" Covered="True" />
          </Method>
          <Method Name="Get(System.String,System.String):System.String" CoveredStatements="1" TotalStatements="1" CoveragePercent="100">
            <Statement FileIndex="474" Line="13" Column="69" EndLine="13" EndColumn="115" Covered="True" />
          </Method>
          <Method Name="GetAll(System.String):System.String" CoveredStatements="1" TotalStatements="1" CoveragePercent="100">
            <Statement FileIndex="474" Line="12" Column="56" EndLine="12" EndColumn="92" Covered="True" />
          </Method>
        </Type>
      </Type>
    </Namespace>
    <Namespace Name="CoffeeSpace.OrderingApi.Tests.Acceptance.Hooks" CoveredStatements="33" TotalStatements="33" CoveragePercent="100">
      <Type Name="DockerControllerHooks" CoveredStatements="33" TotalStatements="33" CoveragePercent="100">
        <Type Name="&lt;&gt;c" CoveredStatements="2" TotalStatements="2" CoveragePercent="100">
          <Method Name="&lt;DockerComposeUp&gt;b__4_0(Ductus.FluentDocker.Common.RequestResponse,System.Int32):System.Int64" CoveredStatements="1" TotalStatements="1" CoveragePercent="100">
            <Statement FileIndex="473" Line="33" Column="48" EndLine="33" EndColumn="93" Covered="True" />
          </Method>
          <Method Name="&lt;DockerComposeUp&gt;b__4_1(Ductus.FluentDocker.Common.RequestResponse,System.Int32):System.Int64" CoveredStatements="1" TotalStatements="1" CoveragePercent="100">
            <Statement FileIndex="473" Line="35" Column="48" EndLine="35" EndColumn="93" Covered="True" />
          </Method>
        </Type>
        <Type Name="&lt;&gt;c__DisplayClass8_0" CoveredStatements="1" TotalStatements="1" CoveragePercent="100">
          <Method Name="&lt;GetDockerComposeLocation&gt;b__0(System.String):System.Boolean" CoveredStatements="1" TotalStatements="1" CoveragePercent="100">
            <Statement FileIndex="473" Line="81" Column="74" EndLine="81" EndColumn="110" Covered="True" />
          </Method>
        </Type>
        <Type Name="&lt;AuthenticateHttpClient&gt;d__6" CoveredStatements="5" TotalStatements="5" CoveragePercent="100">
          <Method Name="MoveNext():System.Void" CoveredStatements="5" TotalStatements="5" CoveragePercent="100">
            <Statement FileIndex="473" Line="49" Column="5" EndLine="49" EndColumn="6" Covered="True" />
            <Statement FileIndex="473" Line="50" Column="9" EndLine="53" EndColumn="11" Covered="True" />
            <Statement FileIndex="473" Line="54" Column="9" EndLine="61" EndColumn="12" Covered="True" />
            <Statement FileIndex="473" Line="63" Column="9" EndLine="63" EndColumn="61" Covered="True" />
            <Statement FileIndex="473" Line="64" Column="5" EndLine="64" EndColumn="6" Covered="True" />
          </Method>
        </Type>
        <Method Name=".ctor(BoDi.IObjectContainer):System.Void" CoveredStatements="4" TotalStatements="4" CoveragePercent="100">
          <Statement FileIndex="473" Line="19" Column="5" EndLine="19" EndColumn="67" Covered="True" />
          <Statement FileIndex="473" Line="20" Column="5" EndLine="20" EndColumn="6" Covered="True" />
          <Statement FileIndex="473" Line="21" Column="9" EndLine="21" EndColumn="44" Covered="True" />
          <Statement FileIndex="473" Line="22" Column="5" EndLine="22" EndColumn="6" Covered="True" />
        </Method>
        <Method Name="AddAuthenticatedHttpClient():System.Void" CoveredStatements="5" TotalStatements="5" CoveragePercent="100">
          <Statement FileIndex="473" Line="68" Column="5" EndLine="68" EndColumn="6" Covered="True" />
          <Statement FileIndex="473" Line="69" Column="9" EndLine="72" EndColumn="11" Covered="True" />
          <Statement FileIndex="473" Line="74" Column="9" EndLine="74" EndColumn="119" Covered="True" />
          <Statement FileIndex="473" Line="75" Column="9" EndLine="75" EndColumn="70" Covered="True" />
          <Statement FileIndex="473" Line="76" Column="5" EndLine="76" EndColumn="6" Covered="True" />
        </Method>
        <Method Name="DockerComposeDown():System.Void" CoveredStatements="4" TotalStatements="4" CoveragePercent="100">
          <Statement FileIndex="473" Line="42" Column="5" EndLine="42" EndColumn="6" Covered="True" />
          <Statement FileIndex="473" Line="43" Column="9" EndLine="43" EndColumn="34" Covered="True" />
          <Statement FileIndex="473" Line="44" Column="9" EndLine="44" EndColumn="37" Covered="True" />
          <Statement FileIndex="473" Line="45" Column="5" EndLine="45" EndColumn="6" Covered="True" />
        </Method>
        <Method Name="DockerComposeUp():System.Void" CoveredStatements="4" TotalStatements="4" CoveragePercent="100">
          <Statement FileIndex="473" Line="26" Column="5" EndLine="26" EndColumn="6" Covered="True" />
          <Statement FileIndex="473" Line="27" Column="9" EndLine="27" EndColumn="100" Covered="True" />
          <Statement FileIndex="473" Line="28" Column="10" EndLine="37" EndColumn="22" Covered="True" />
          <Statement FileIndex="473" Line="38" Column="5" EndLine="38" EndColumn="6" Covered="True" />
        </Method>
        <Method Name="GetDockerComposeLocation(System.String):System.String" CoveredStatements="8" TotalStatements="8" CoveragePercent="100">
          <Statement FileIndex="473" Line="79" Column="5" EndLine="79" EndColumn="6" Covered="True" />
          <Statement FileIndex="473" Line="80" Column="9" EndLine="80" EndColumn="60" Covered="True" />
          <Statement FileIndex="473" Line="82" Column="9" EndLine="82" EndColumn="10" Covered="True" />
          <Statement FileIndex="473" Line="83" Column="13" EndLine="83" EndColumn="89" Covered="True" />
          <Statement FileIndex="473" Line="84" Column="9" EndLine="84" EndColumn="10" Covered="True" />
          <Statement FileIndex="473" Line="81" Column="9" EndLine="81" EndColumn="112" Covered="True" />
          <Statement FileIndex="473" Line="86" Column="9" EndLine="86" EndColumn="63" Covered="True" />
          <Statement FileIndex="473" Line="87" Column="5" EndLine="87" EndColumn="6" Covered="True" />
        </Method>
      </Type>
    </Namespace>
    <Namespace Name="CoffeeSpace.OrderingApi.Tests.Acceptance.Models" CoveredStatements="91" TotalStatements="92" CoveragePercent="99">
      <Type Name="AddressResponse" CoveredStatements="8" TotalStatements="8" CoveragePercent="100">
        <Method Name="get_City():System.String" CoveredStatements="1" TotalStatements="1" CoveragePercent="100">
          <Statement FileIndex="472" Line="9" Column="35" EndLine="9" EndColumn="39" Covered="True" />
        </Method>
        <Method Name="get_Country():System.String" CoveredStatements="1" TotalStatements="1" CoveragePercent="100">
          <Statement FileIndex="472" Line="11" Column="38" EndLine="11" EndColumn="42" Covered="True" />
        </Method>
        <Method Name="get_Id():System.String" CoveredStatements="1" TotalStatements="1" CoveragePercent="100">
          <Statement FileIndex="472" Line="5" Column="33" EndLine="5" EndColumn="37" Covered="True" />
        </Method>
        <Method Name="get_Street():System.String" CoveredStatements="1" TotalStatements="1" CoveragePercent="100">
          <Statement FileIndex="472" Line="7" Column="37" EndLine="7" EndColumn="41" Covered="True" />
        </Method>
        <Method Name="set_City(System.String):System.Void" CoveredStatements="1" TotalStatements="1" CoveragePercent="100">
          <Statement FileIndex="472" Line="9" Column="40" EndLine="9" EndColumn="45" Covered="True" />
        </Method>
        <Method Name="set_Country(System.String):System.Void" CoveredStatements="1" TotalStatements="1" CoveragePercent="100">
          <Statement FileIndex="472" Line="11" Column="43" EndLine="11" EndColumn="48" Covered="True" />
        </Method>
        <Method Name="set_Id(System.String):System.Void" CoveredStatements="1" TotalStatements="1" CoveragePercent="100">
          <Statement FileIndex="472" Line="5" Column="38" EndLine="5" EndColumn="43" Covered="True" />
        </Method>
        <Method Name="set_Street(System.String):System.Void" CoveredStatements="1" TotalStatements="1" CoveragePercent="100">
          <Statement FileIndex="472" Line="7" Column="42" EndLine="7" EndColumn="47" Covered="True" />
        </Method>
      </Type>
      <Type Name="BuyerResponse" CoveredStatements="8" TotalStatements="9" CoveragePercent="89">
        <Method Name=".ctor():System.Void" CoveredStatements="1" TotalStatements="1" CoveragePercent="100">
          <Statement FileIndex="471" Line="11" Column="64" EndLine="11" EndColumn="92" Covered="True" />
        </Method>
        <Method Name="get_Email():System.String" CoveredStatements="1" TotalStatements="1" CoveragePercent="100">
          <Statement FileIndex="471" Line="9" Column="36" EndLine="9" EndColumn="40" Covered="True" />
        </Method>
        <Method Name="get_Id():System.String" CoveredStatements="1" TotalStatements="1" CoveragePercent="100">
          <Statement FileIndex="471" Line="5" Column="33" EndLine="5" EndColumn="37" Covered="True" />
        </Method>
        <Method Name="get_Name():System.String" CoveredStatements="1" TotalStatements="1" CoveragePercent="100">
          <Statement FileIndex="471" Line="7" Column="35" EndLine="7" EndColumn="39" Covered="True" />
        </Method>
        <Method Name="get_Orders():System.Collections.Generic.IEnumerable&lt;CoffeeSpace.OrderingApi.Tests.Acceptance.Models.OrderResponse&gt;" CoveredStatements="0" TotalStatements="1" CoveragePercent="0">
          <Statement FileIndex="471" Line="11" Column="49" EndLine="11" EndColumn="53" Covered="False" />
        </Method>
        <Method Name="set_Email(System.String):System.Void" CoveredStatements="1" TotalStatements="1" CoveragePercent="100">
          <Statement FileIndex="471" Line="9" Column="41" EndLine="9" EndColumn="46" Covered="True" />
        </Method>
        <Method Name="set_Id(System.String):System.Void" CoveredStatements="1" TotalStatements="1" CoveragePercent="100">
          <Statement FileIndex="471" Line="5" Column="38" EndLine="5" EndColumn="43" Covered="True" />
        </Method>
        <Method Name="set_Name(System.String):System.Void" CoveredStatements="1" TotalStatements="1" CoveragePercent="100">
          <Statement FileIndex="471" Line="7" Column="40" EndLine="7" EndColumn="45" Covered="True" />
        </Method>
        <Method Name="set_Orders(System.Collections.Generic.IEnumerable&lt;CoffeeSpace.OrderingApi.Tests.Acceptance.Models.OrderResponse&gt;):System.Void" CoveredStatements="1" TotalStatements="1" CoveragePercent="100">
          <Statement FileIndex="471" Line="11" Column="54" EndLine="11" EndColumn="59" Covered="True" />
        </Method>
      </Type>
      <Type Name="CreateAddressRequest" CoveredStatements="6" TotalStatements="6" CoveragePercent="100">
        <Method Name="get_City():System.String" CoveredStatements="1" TotalStatements="1" CoveragePercent="100">
          <Statement FileIndex="469" Line="7" Column="35" EndLine="7" EndColumn="39" Covered="True" />
        </Method>
        <Method Name="get_Country():System.String" CoveredStatements="1" TotalStatements="1" CoveragePercent="100">
          <Statement FileIndex="469" Line="9" Column="38" EndLine="9" EndColumn="42" Covered="True" />
        </Method>
        <Method Name="get_Street():System.String" CoveredStatements="1" TotalStatements="1" CoveragePercent="100">
          <Statement FileIndex="469" Line="5" Column="37" EndLine="5" EndColumn="41" Covered="True" />
        </Method>
        <Method Name="set_City(System.String):System.Void" CoveredStatements="1" TotalStatements="1" CoveragePercent="100">
          <Statement FileIndex="469" Line="7" Column="40" EndLine="7" EndColumn="45" Covered="True" />
        </Method>
        <Method Name="set_Country(System.String):System.Void" CoveredStatements="1" TotalStatements="1" CoveragePercent="100">
          <Statement FileIndex="469" Line="9" Column="43" EndLine="9" EndColumn="48" Covered="True" />
        </Method>
        <Method Name="set_Street(System.String):System.Void" CoveredStatements="1" TotalStatements="1" CoveragePercent="100">
          <Statement FileIndex="469" Line="5" Column="42" EndLine="5" EndColumn="47" Covered="True" />
        </Method>
      </Type>
      <Type Name="CreateBuyerRequest" CoveredStatements="4" TotalStatements="4" CoveragePercent="100">
        <Method Name="get_Email():System.String" CoveredStatements="1" TotalStatements="1" CoveragePercent="100">
          <Statement FileIndex="468" Line="7" Column="36" EndLine="7" EndColumn="40" Covered="True" />
        </Method>
        <Method Name="get_Name():System.String" CoveredStatements="1" TotalStatements="1" CoveragePercent="100">
          <Statement FileIndex="468" Line="5" Column="35" EndLine="5" EndColumn="39" Covered="True" />
        </Method>
        <Method Name="set_Email(System.String):System.Void" CoveredStatements="1" TotalStatements="1" CoveragePercent="100">
          <Statement FileIndex="468" Line="7" Column="41" EndLine="7" EndColumn="46" Covered="True" />
        </Method>
        <Method Name="set_Name(System.String):System.Void" CoveredStatements="1" TotalStatements="1" CoveragePercent="100">
          <Statement FileIndex="468" Line="5" Column="40" EndLine="5" EndColumn="45" Covered="True" />
        </Method>
      </Type>
      <Type Name="CreateOrderItemRequest" CoveredStatements="11" TotalStatements="11" CoveragePercent="100">
        <Method Name="get_Description():System.String" CoveredStatements="1" TotalStatements="1" CoveragePercent="100">
          <Statement FileIndex="467" Line="7" Column="42" EndLine="7" EndColumn="46" Covered="True" />
        </Method>
        <Method Name="get_Discount():System.Single" CoveredStatements="1" TotalStatements="1" CoveragePercent="100">
          <Statement FileIndex="467" Line="13" Column="38" EndLine="13" EndColumn="42" Covered="True" />
        </Method>
        <Method Name="get_Quantity():System.Int32" CoveredStatements="1" TotalStatements="1" CoveragePercent="100">
          <Statement FileIndex="467" Line="11" Column="36" EndLine="11" EndColumn="40" Covered="True" />
        </Method>
        <Method Name="get_Title():System.String" CoveredStatements="1" TotalStatements="1" CoveragePercent="100">
          <Statement FileIndex="467" Line="5" Column="36" EndLine="5" EndColumn="40" Covered="True" />
        </Method>
        <Method Name="get_Total():System.Single" CoveredStatements="1" TotalStatements="1" CoveragePercent="100">
          <Statement FileIndex="467" Line="15" Column="27" EndLine="15" EndColumn="47" Covered="True" />
        </Method>
        <Method Name="get_UnitPrice():System.Single" CoveredStatements="1" TotalStatements="1" CoveragePercent="100">
          <Statement FileIndex="467" Line="9" Column="39" EndLine="9" EndColumn="43" Covered="True" />
        </Method>
        <Method Name="set_Description(System.String):System.Void" CoveredStatements="1" TotalStatements="1" CoveragePercent="100">
          <Statement FileIndex="467" Line="7" Column="47" EndLine="7" EndColumn="52" Covered="True" />
        </Method>
        <Method Name="set_Discount(System.Single):System.Void" CoveredStatements="1" TotalStatements="1" CoveragePercent="100">
          <Statement FileIndex="467" Line="13" Column="43" EndLine="13" EndColumn="48" Covered="True" />
        </Method>
        <Method Name="set_Quantity(System.Int32):System.Void" CoveredStatements="1" TotalStatements="1" CoveragePercent="100">
          <Statement FileIndex="467" Line="11" Column="41" EndLine="11" EndColumn="45" Covered="True" />
        </Method>
        <Method Name="set_Title(System.String):System.Void" CoveredStatements="1" TotalStatements="1" CoveragePercent="100">
          <Statement FileIndex="467" Line="5" Column="41" EndLine="5" EndColumn="46" Covered="True" />
        </Method>
        <Method Name="set_UnitPrice(System.Single):System.Void" CoveredStatements="1" TotalStatements="1" CoveragePercent="100">
          <Statement FileIndex="467" Line="9" Column="44" EndLine="9" EndColumn="49" Covered="True" />
        </Method>
      </Type>
      <Type Name="CreateOrderRequest" CoveredStatements="8" TotalStatements="8" CoveragePercent="100">
        <Method Name="get_Address():CoffeeSpace.OrderingApi.Tests.Acceptance.Models.CreateAddressRequest" CoveredStatements="1" TotalStatements="1" CoveragePercent="100">
          <Statement FileIndex="466" Line="7" Column="52" EndLine="7" EndColumn="56" Covered="True" />
        </Method>
        <Method Name="get_OrderItems():System.Collections.Generic.IEnumerable&lt;CoffeeSpace.OrderingApi.Tests.Acceptance.Models.CreateOrderItemRequest&gt;" CoveredStatements="1" TotalStatements="1" CoveragePercent="100">
          <Statement FileIndex="466" Line="11" Column="70" EndLine="11" EndColumn="74" Covered="True" />
        </Method>
        <Method Name="get_PaymentInfo():CoffeeSpace.OrderingApi.Tests.Acceptance.Models.CreatePaymentInfoRequest" CoveredStatements="1" TotalStatements="1" CoveragePercent="100">
          <Statement FileIndex="466" Line="9" Column="60" EndLine="9" EndColumn="64" Covered="True" />
        </Method>
        <Method Name="get_Status():CoffeeSpace.OrderingApi.Tests.Acceptance.Models.OrderStatus" CoveredStatements="1" TotalStatements="1" CoveragePercent="100">
          <Statement FileIndex="466" Line="5" Column="42" EndLine="5" EndColumn="46" Covered="True" />
        </Method>
        <Method Name="set_Address(CoffeeSpace.OrderingApi.Tests.Acceptance.Models.CreateAddressRequest):System.Void" CoveredStatements="1" TotalStatements="1" CoveragePercent="100">
          <Statement FileIndex="466" Line="7" Column="57" EndLine="7" EndColumn="62" Covered="True" />
        </Method>
        <Method Name="set_OrderItems(System.Collections.Generic.IEnumerable&lt;CoffeeSpace.OrderingApi.Tests.Acceptance.Models.CreateOrderItemRequest&gt;):System.Void" CoveredStatements="1" TotalStatements="1" CoveragePercent="100">
          <Statement FileIndex="466" Line="11" Column="75" EndLine="11" EndColumn="80" Covered="True" />
        </Method>
        <Method Name="set_PaymentInfo(CoffeeSpace.OrderingApi.Tests.Acceptance.Models.CreatePaymentInfoRequest):System.Void" CoveredStatements="1" TotalStatements="1" CoveragePercent="100">
          <Statement FileIndex="466" Line="9" Column="65" EndLine="9" EndColumn="70" Covered="True" />
        </Method>
        <Method Name="set_Status(CoffeeSpace.OrderingApi.Tests.Acceptance.Models.OrderStatus):System.Void" CoveredStatements="1" TotalStatements="1" CoveragePercent="100">
          <Statement FileIndex="466" Line="5" Column="47" EndLine="5" EndColumn="52" Covered="True" />
        </Method>
      </Type>
      <Type Name="CreatePaymentInfoRequest" CoveredStatements="10" TotalStatements="10" CoveragePercent="100">
        <Method Name="get_CardNumber():System.String" CoveredStatements="1" TotalStatements="1" CoveragePercent="100">
          <Statement FileIndex="465" Line="5" Column="41" EndLine="5" EndColumn="45" Covered="True" />
        </Method>
        <Method Name="get_CardType():CoffeeSpace.OrderingApi.Tests.Acceptance.Models.CardType" CoveredStatements="1" TotalStatements="1" CoveragePercent="100">
          <Statement FileIndex="465" Line="13" Column="41" EndLine="13" EndColumn="45" Covered="True" />
        </Method>
        <Method Name="get_ExpirationMonth():System.Int32" CoveredStatements="1" TotalStatements="1" CoveragePercent="100">
          <Statement FileIndex="465" Line="9" Column="43" EndLine="9" EndColumn="47" Covered="True" />
        </Method>
        <Method Name="get_ExpirationYear():System.Int32" CoveredStatements="1" TotalStatements="1" CoveragePercent="100">
          <Statement FileIndex="465" Line="11" Column="42" EndLine="11" EndColumn="46" Covered="True" />
        </Method>
        <Method Name="get_SecurityNumber():System.String" CoveredStatements="1" TotalStatements="1" CoveragePercent="100">
          <Statement FileIndex="465" Line="7" Column="45" EndLine="7" EndColumn="49" Covered="True" />
        </Method>
        <Method Name="set_CardNumber(System.String):System.Void" CoveredStatements="1" TotalStatements="1" CoveragePercent="100">
          <Statement FileIndex="465" Line="5" Column="46" EndLine="5" EndColumn="51" Covered="True" />
        </Method>
        <Method Name="set_CardType(CoffeeSpace.OrderingApi.Tests.Acceptance.Models.CardType):System.Void" CoveredStatements="1" TotalStatements="1" CoveragePercent="100">
          <Statement FileIndex="465" Line="13" Column="46" EndLine="13" EndColumn="51" Covered="True" />
        </Method>
        <Method Name="set_ExpirationMonth(System.Int32):System.Void" CoveredStatements="1" TotalStatements="1" CoveragePercent="100">
          <Statement FileIndex="465" Line="9" Column="48" EndLine="9" EndColumn="53" Covered="True" />
        </Method>
        <Method Name="set_ExpirationYear(System.Int32):System.Void" CoveredStatements="1" TotalStatements="1" CoveragePercent="100">
          <Statement FileIndex="465" Line="11" Column="47" EndLine="11" EndColumn="52" Covered="True" />
        </Method>
        <Method Name="set_SecurityNumber(System.String):System.Void" CoveredStatements="1" TotalStatements="1" CoveragePercent="100">
          <Statement FileIndex="465" Line="7" Column="50" EndLine="7" EndColumn="55" Covered="True" />
        </Method>
      </Type>
      <Type Name="OrderItem" CoveredStatements="14" TotalStatements="14" CoveragePercent="100">
        <Method Name=".ctor():System.Void" CoveredStatements="1" TotalStatements="1" CoveragePercent="100">
          <Statement FileIndex="464" Line="5" Column="39" EndLine="5" EndColumn="64" Covered="True" />
        </Method>
        <Method Name="get_Description():System.String" CoveredStatements="1" TotalStatements="1" CoveragePercent="100">
          <Statement FileIndex="464" Line="9" Column="42" EndLine="9" EndColumn="46" Covered="True" />
        </Method>
        <Method Name="get_Discount():System.Single" CoveredStatements="1" TotalStatements="1" CoveragePercent="100">
          <Statement FileIndex="464" Line="15" Column="38" EndLine="15" EndColumn="42" Covered="True" />
        </Method>
        <Method Name="get_Id():System.String" CoveredStatements="1" TotalStatements="1" CoveragePercent="100">
          <Statement FileIndex="464" Line="5" Column="24" EndLine="5" EndColumn="28" Covered="True" />
        </Method>
        <Method Name="get_Quantity():System.Int32" CoveredStatements="1" TotalStatements="1" CoveragePercent="100">
          <Statement FileIndex="464" Line="13" Column="36" EndLine="13" EndColumn="40" Covered="True" />
        </Method>
        <Method Name="get_Title():System.String" CoveredStatements="1" TotalStatements="1" CoveragePercent="100">
          <Statement FileIndex="464" Line="7" Column="36" EndLine="7" EndColumn="40" Covered="True" />
        </Method>
        <Method Name="get_Total():System.Single" CoveredStatements="1" TotalStatements="1" CoveragePercent="100">
          <Statement FileIndex="464" Line="17" Column="27" EndLine="17" EndColumn="47" Covered="True" />
        </Method>
        <Method Name="get_UnitPrice():System.Single" CoveredStatements="1" TotalStatements="1" CoveragePercent="100">
          <Statement FileIndex="464" Line="11" Column="39" EndLine="11" EndColumn="43" Covered="True" />
        </Method>
        <Method Name="set_Description(System.String):System.Void" CoveredStatements="1" TotalStatements="1" CoveragePercent="100">
          <Statement FileIndex="464" Line="9" Column="47" EndLine="9" EndColumn="52" Covered="True" />
        </Method>
        <Method Name="set_Discount(System.Single):System.Void" CoveredStatements="1" TotalStatements="1" CoveragePercent="100">
          <Statement FileIndex="464" Line="15" Column="43" EndLine="15" EndColumn="48" Covered="True" />
        </Method>
        <Method Name="set_Id(System.String):System.Void" CoveredStatements="1" TotalStatements="1" CoveragePercent="100">
          <Statement FileIndex="464" Line="5" Column="29" EndLine="5" EndColumn="34" Covered="True" />
        </Method>
        <Method Name="set_Quantity(System.Int32):System.Void" CoveredStatements="1" TotalStatements="1" CoveragePercent="100">
          <Statement FileIndex="464" Line="13" Column="41" EndLine="13" EndColumn="45" Covered="True" />
        </Method>
        <Method Name="set_Title(System.String):System.Void" CoveredStatements="1" TotalStatements="1" CoveragePercent="100">
          <Statement FileIndex="464" Line="7" Column="41" EndLine="7" EndColumn="46" Covered="True" />
        </Method>
        <Method Name="set_UnitPrice(System.Single):System.Void" CoveredStatements="1" TotalStatements="1" CoveragePercent="100">
          <Statement FileIndex="464" Line="11" Column="44" EndLine="11" EndColumn="49" Covered="True" />
        </Method>
      </Type>
      <Type Name="OrderResponse" CoveredStatements="8" TotalStatements="8" CoveragePercent="100">
        <Method Name="get_Address():CoffeeSpace.OrderingApi.Tests.Acceptance.Models.AddressResponse" CoveredStatements="1" TotalStatements="1" CoveragePercent="100">
          <Statement FileIndex="463" Line="9" Column="47" EndLine="9" EndColumn="51" Covered="True" />
        </Method>
        <Method Name="get_Id():System.String" CoveredStatements="1" TotalStatements="1" CoveragePercent="100">
          <Statement FileIndex="463" Line="5" Column="33" EndLine="5" EndColumn="37" Covered="True" />
        </Method>
        <Method Name="get_OrderItems():System.Collections.Generic.IEnumerable&lt;CoffeeSpace.OrderingApi.Tests.Acceptance.Models.OrderItem&gt;" CoveredStatements="1" TotalStatements="1" CoveragePercent="100">
          <Statement FileIndex="463" Line="11" Column="57" EndLine="11" EndColumn="61" Covered="True" />
        </Method>
        <Method Name="get_Status():CoffeeSpace.OrderingApi.Tests.Acceptance.Models.OrderStatus" CoveredStatements="1" TotalStatements="1" CoveragePercent="100">
          <Statement FileIndex="463" Line="7" Column="42" EndLine="7" EndColumn="46" Covered="True" />
        </Method>
        <Method Name="set_Address(CoffeeSpace.OrderingApi.Tests.Acceptance.Models.AddressResponse):System.Void" CoveredStatements="1" TotalStatements="1" CoveragePercent="100">
          <Statement FileIndex="463" Line="9" Column="52" EndLine="9" EndColumn="57" Covered="True" />
        </Method>
        <Method Name="set_Id(System.String):System.Void" CoveredStatements="1" TotalStatements="1" CoveragePercent="100">
          <Statement FileIndex="463" Line="5" Column="38" EndLine="5" EndColumn="43" Covered="True" />
        </Method>
        <Method Name="set_OrderItems(System.Collections.Generic.IEnumerable&lt;CoffeeSpace.OrderingApi.Tests.Acceptance.Models.OrderItem&gt;):System.Void" CoveredStatements="1" TotalStatements="1" CoveragePercent="100">
          <Statement FileIndex="463" Line="11" Column="62" EndLine="11" EndColumn="67" Covered="True" />
        </Method>
        <Method Name="set_Status(CoffeeSpace.OrderingApi.Tests.Acceptance.Models.OrderStatus):System.Void" CoveredStatements="1" TotalStatements="1" CoveragePercent="100">
          <Statement FileIndex="463" Line="7" Column="47" EndLine="7" EndColumn="52" Covered="True" />
        </Method>
      </Type>
      <Type Name="RegisterRequest" CoveredStatements="10" TotalStatements="10" CoveragePercent="100">
        <Method Name="get_Email():System.String" CoveredStatements="1" TotalStatements="1" CoveragePercent="100">
          <Statement FileIndex="461" Line="11" Column="36" EndLine="11" EndColumn="40" Covered="True" />
        </Method>
        <Method Name="get_LastName():System.String" CoveredStatements="1" TotalStatements="1" CoveragePercent="100">
          <Statement FileIndex="461" Line="7" Column="39" EndLine="7" EndColumn="43" Covered="True" />
        </Method>
        <Method Name="get_Name():System.String" CoveredStatements="1" TotalStatements="1" CoveragePercent="100">
          <Statement FileIndex="461" Line="5" Column="35" EndLine="5" EndColumn="39" Covered="True" />
        </Method>
        <Method Name="get_Password():System.String" CoveredStatements="1" TotalStatements="1" CoveragePercent="100">
          <Statement FileIndex="461" Line="13" Column="39" EndLine="13" EndColumn="43" Covered="True" />
        </Method>
        <Method Name="get_UserName():System.String" CoveredStatements="1" TotalStatements="1" CoveragePercent="100">
          <Statement FileIndex="461" Line="9" Column="39" EndLine="9" EndColumn="43" Covered="True" />
        </Method>
        <Method Name="set_Email(System.String):System.Void" CoveredStatements="1" TotalStatements="1" CoveragePercent="100">
          <Statement FileIndex="461" Line="11" Column="41" EndLine="11" EndColumn="46" Covered="True" />
        </Method>
        <Method Name="set_LastName(System.String):System.Void" CoveredStatements="1" TotalStatements="1" CoveragePercent="100">
          <Statement FileIndex="461" Line="7" Column="44" EndLine="7" EndColumn="49" Covered="True" />
        </Method>
        <Method Name="set_Name(System.String):System.Void" CoveredStatements="1" TotalStatements="1" CoveragePercent="100">
          <Statement FileIndex="461" Line="5" Column="40" EndLine="5" EndColumn="45" Covered="True" />
        </Method>
        <Method Name="set_Password(System.String):System.Void" CoveredStatements="1" TotalStatements="1" CoveragePercent="100">
          <Statement FileIndex="461" Line="13" Column="44" EndLine="13" EndColumn="49" Covered="True" />
        </Method>
        <Method Name="set_UserName(System.String):System.Void" CoveredStatements="1" TotalStatements="1" CoveragePercent="100">
          <Statement FileIndex="461" Line="9" Column="44" EndLine="9" EndColumn="49" Covered="True" />
        </Method>
      </Type>
      <Type Name="UpdateBuyerRequest" CoveredStatements="4" TotalStatements="4" CoveragePercent="100">
        <Method Name="get_Email():System.String" CoveredStatements="1" TotalStatements="1" CoveragePercent="100">
          <Statement FileIndex="460" Line="7" Column="36" EndLine="7" EndColumn="40" Covered="True" />
        </Method>
        <Method Name="get_Name():System.String" CoveredStatements="1" TotalStatements="1" CoveragePercent="100">
          <Statement FileIndex="460" Line="5" Column="35" EndLine="5" EndColumn="39" Covered="True" />
        </Method>
        <Method Name="set_Email(System.String):System.Void" CoveredStatements="1" TotalStatements="1" CoveragePercent="100">
          <Statement FileIndex="460" Line="7" Column="41" EndLine="7" EndColumn="46" Covered="True" />
        </Method>
        <Method Name="set_Name(System.String):System.Void" CoveredStatements="1" TotalStatements="1" CoveragePercent="100">
          <Statement FileIndex="460" Line="5" Column="40" EndLine="5" EndColumn="45" Covered="True" />
        </Method>
      </Type>
    </Namespace>
    <Namespace Name="CoffeeSpace.OrderingApi.Tests.Acceptance.StepDefinitions" CoveredStatements="161" TotalStatements="161" CoveragePercent="100">
      <Type Name="BuyersManagementStepDefinition" CoveredStatements="71" TotalStatements="71" CoveragePercent="100">
        <Type Name="&lt;&gt;c" CoveredStatements="3" TotalStatements="3" CoveragePercent="100">
          <Method Name="&lt;ThenAgetRequestToRetrieveTheUpdatedBuyerShouldReturnTheCorrectUpdatedBuyersInformation&gt;b__9_0(FluentAssertions.Equivalency.EquivalencyAssertionOptions&lt;CoffeeSpace.OrderingApi.Tests.Acceptance.Models.BuyerResponse&gt;):FluentAssertions.Equivalency.EquivalencyAssertionOptions&lt;CoffeeSpace.OrderingApi.Tests.Acceptance.Models.BuyerResponse&gt;" CoveredStatements="1" TotalStatements="1" CoveragePercent="100">
            <Statement FileIndex="459" Line="102" Column="72" EndLine="102" EndColumn="118" Covered="True" />
          </Method>
          <Method Name="&lt;ThenTheBuyerIsCreatedSuccessfully&gt;b__4_0(FluentAssertions.Equivalency.EquivalencyAssertionOptions&lt;CoffeeSpace.OrderingApi.Tests.Acceptance.Models.BuyerResponse&gt;):FluentAssertions.Equivalency.EquivalencyAssertionOptions&lt;CoffeeSpace.OrderingApi.Tests.Acceptance.Models.BuyerResponse&gt;" CoveredStatements="1" TotalStatements="1" CoveragePercent="100">
            <Statement FileIndex="459" Line="43" Column="72" EndLine="43" EndColumn="118" Covered="True" />
          </Method>
          <Method Name="&lt;ThenTheBuyerResponseShouldBeWithCorrectProperties&gt;b__7_0(FluentAssertions.Equivalency.EquivalencyAssertionOptions&lt;CoffeeSpace.OrderingApi.Tests.Acceptance.Models.BuyerResponse&gt;):FluentAssertions.Equivalency.EquivalencyAssertionOptions&lt;CoffeeSpace.OrderingApi.Tests.Acceptance.Models.BuyerResponse&gt;" CoveredStatements="1" TotalStatements="1" CoveragePercent="100">
            <Statement FileIndex="459" Line="78" Column="72" EndLine="78" EndColumn="118" Covered="True" />
          </Method>
        </Type>
        <Type Name="&lt;ThenAgetRequestToRetrieveTheUpdatedBuyerShouldReturnTheCorrectUpdatedBuyersInformation&gt;d__9" CoveredStatements="6" TotalStatements="6" CoveragePercent="100">
          <Method Name="MoveNext():System.Void" CoveredStatements="6" TotalStatements="6" CoveragePercent="100">
            <Statement FileIndex="459" Line="97" Column="5" EndLine="97" EndColumn="6" Covered="True" />
            <Statement FileIndex="459" Line="98" Column="9" EndLine="98" EndColumn="81" Covered="True" />
            <Statement FileIndex="459" Line="99" Column="9" EndLine="99" EndColumn="69" Covered="True" />
            <Statement FileIndex="459" Line="101" Column="9" EndLine="101" EndColumn="91" Covered="True" />
            <Statement FileIndex="459" Line="102" Column="9" EndLine="102" EndColumn="120" Covered="True" />
            <Statement FileIndex="459" Line="103" Column="5" EndLine="103" EndColumn="6" Covered="True" />
          </Method>
        </Type>
        <Type Name="&lt;ThenTheBuyerIsCreatedSuccessfully&gt;d__4" CoveredStatements="6" TotalStatements="6" CoveragePercent="100">
          <Method Name="MoveNext():System.Void" CoveredStatements="6" TotalStatements="6" CoveragePercent="100">
            <Statement FileIndex="459" Line="38" Column="5" EndLine="38" EndColumn="6" Covered="True" />
            <Statement FileIndex="459" Line="39" Column="9" EndLine="39" EndColumn="81" Covered="True" />
            <Statement FileIndex="459" Line="40" Column="9" EndLine="40" EndColumn="69" Covered="True" />
            <Statement FileIndex="459" Line="42" Column="9" EndLine="42" EndColumn="91" Covered="True" />
            <Statement FileIndex="459" Line="43" Column="9" EndLine="43" EndColumn="120" Covered="True" />
            <Statement FileIndex="459" Line="44" Column="5" EndLine="44" EndColumn="6" Covered="True" />
          </Method>
        </Type>
        <Type Name="&lt;ThenTheBuyerShouldBeDeleted&gt;d__11" CoveredStatements="6" TotalStatements="6" CoveragePercent="100">
          <Method Name="MoveNext():System.Void" CoveredStatements="6" TotalStatements="6" CoveragePercent="100">
            <Statement FileIndex="459" Line="118" Column="5" EndLine="118" EndColumn="6" Covered="True" />
            <Statement FileIndex="459" Line="119" Column="9" EndLine="119" EndColumn="77" Covered="True" />
            <Statement FileIndex="459" Line="120" Column="9" EndLine="120" EndColumn="61" Covered="True" />
            <Statement FileIndex="459" Line="122" Column="9" EndLine="122" EndColumn="63" Covered="True" />
            <Statement FileIndex="459" Line="123" Column="9" EndLine="123" EndColumn="66" Covered="True" />
            <Statement FileIndex="459" Line="124" Column="5" EndLine="124" EndColumn="6" Covered="True" />
          </Method>
        </Type>
        <Type Name="&lt;WhenAgetRequestIsSentToRetrieveBuyerByEmail&gt;d__6" CoveredStatements="8" TotalStatements="8" CoveragePercent="100">
          <Method Name="MoveNext():System.Void" CoveredStatements="8" TotalStatements="8" CoveragePercent="100">
            <Statement FileIndex="459" Line="61" Column="5" EndLine="61" EndColumn="6" Covered="True" />
            <Statement FileIndex="459" Line="62" Column="9" EndLine="62" EndColumn="81" Covered="True" />
            <Statement FileIndex="459" Line="63" Column="9" EndLine="63" EndColumn="81" Covered="True" />
            <Statement FileIndex="459" Line="65" Column="9" EndLine="65" EndColumn="63" Covered="True" />
            <Statement FileIndex="459" Line="66" Column="9" EndLine="66" EndColumn="87" Covered="True" />
            <Statement FileIndex="459" Line="68" Column="9" EndLine="68" EndColumn="75" Covered="True" />
            <Statement FileIndex="459" Line="69" Column="9" EndLine="69" EndColumn="64" Covered="True" />
            <Statement FileIndex="459" Line="70" Column="5" EndLine="70" EndColumn="6" Covered="True" />
          </Method>
        </Type>
        <Type Name="&lt;WhenAgetRequestIsSentToRetrieveBuyerById&gt;d__5" CoveredStatements="8" TotalStatements="8" CoveragePercent="100">
          <Method Name="MoveNext():System.Void" CoveredStatements="8" TotalStatements="8" CoveragePercent="100">
            <Statement FileIndex="459" Line="48" Column="5" EndLine="48" EndColumn="6" Covered="True" />
            <Statement FileIndex="459" Line="49" Column="9" EndLine="49" EndColumn="81" Covered="True" />
            <Statement FileIndex="459" Line="50" Column="9" EndLine="50" EndColumn="69" Covered="True" />
            <Statement FileIndex="459" Line="52" Column="9" EndLine="52" EndColumn="63" Covered="True" />
            <Statement FileIndex="459" Line="53" Column="9" EndLine="53" EndColumn="87" Covered="True" />
            <Statement FileIndex="459" Line="55" Column="9" EndLine="55" EndColumn="75" Covered="True" />
            <Statement FileIndex="459" Line="56" Column="9" EndLine="56" EndColumn="64" Covered="True" />
            <Statement FileIndex="459" Line="57" Column="5" EndLine="57" EndColumn="6" Covered="True" />
          </Method>
        </Type>
        <Type Name="&lt;WhenApostRequestIsSentToCreateANewBuyer&gt;d__3" CoveredStatements="8" TotalStatements="8" CoveragePercent="100">
          <Method Name="MoveNext():System.Void" CoveredStatements="8" TotalStatements="8" CoveragePercent="100">
            <Statement FileIndex="459" Line="25" Column="5" EndLine="25" EndColumn="6" Covered="True" />
            <Statement FileIndex="459" Line="26" Column="9" EndLine="26" EndColumn="77" Covered="True" />
            <Statement FileIndex="459" Line="27" Column="9" EndLine="27" EndColumn="57" Covered="True" />
            <Statement FileIndex="459" Line="29" Column="9" EndLine="29" EndColumn="90" Covered="True" />
            <Statement FileIndex="459" Line="30" Column="9" EndLine="30" EndColumn="86" Covered="True" />
            <Statement FileIndex="459" Line="32" Column="9" EndLine="32" EndColumn="75" Covered="True" />
            <Statement FileIndex="459" Line="33" Column="9" EndLine="33" EndColumn="61" Covered="True" />
            <Statement FileIndex="459" Line="34" Column="5" EndLine="34" EndColumn="6" Covered="True" />
          </Method>
        </Type>
        <Type Name="&lt;WhenDeleteRequestIsSentToDeleteBuyerById&gt;d__10" CoveredStatements="7" TotalStatements="7" CoveragePercent="100">
          <Method Name="MoveNext():System.Void" CoveredStatements="7" TotalStatements="7" CoveragePercent="100">
            <Statement FileIndex="459" Line="107" Column="5" EndLine="107" EndColumn="6" Covered="True" />
            <Statement FileIndex="459" Line="108" Column="9" EndLine="108" EndColumn="81" Covered="True" />
            <Statement FileIndex="459" Line="109" Column="9" EndLine="109" EndColumn="72" Covered="True" />
            <Statement FileIndex="459" Line="111" Column="9" EndLine="111" EndColumn="66" Covered="True" />
            <Statement FileIndex="459" Line="112" Column="9" EndLine="112" EndColumn="75" Covered="True" />
            <Statement FileIndex="459" Line="113" Column="9" EndLine="113" EndColumn="69" Covered="True" />
            <Statement FileIndex="459" Line="114" Column="5" EndLine="114" EndColumn="6" Covered="True" />
          </Method>
        </Type>
        <Type Name="&lt;WhenPutRequestIsSentToUpdateTheBuyerWithUpdatedBuyersData&gt;d__8" CoveredStatements="9" TotalStatements="9" CoveragePercent="100">
          <Method Name="MoveNext():System.Void" CoveredStatements="9" TotalStatements="9" CoveragePercent="100">
            <Statement FileIndex="459" Line="83" Column="5" EndLine="83" EndColumn="6" Covered="True" />
            <Statement FileIndex="459" Line="84" Column="9" EndLine="84" EndColumn="81" Covered="True" />
            <Statement FileIndex="459" Line="85" Column="9" EndLine="85" EndColumn="77" Covered="True" />
            <Statement FileIndex="459" Line="86" Column="9" EndLine="86" EndColumn="72" Covered="True" />
            <Statement FileIndex="459" Line="88" Column="9" EndLine="88" EndColumn="89" Covered="True" />
            <Statement FileIndex="459" Line="89" Column="9" EndLine="89" EndColumn="86" Covered="True" />
            <Statement FileIndex="459" Line="91" Column="9" EndLine="91" EndColumn="75" Covered="True" />
            <Statement FileIndex="459" Line="92" Column="9" EndLine="92" EndColumn="61" Covered="True" />
            <Statement FileIndex="459" Line="93" Column="5" EndLine="93" EndColumn="6" Covered="True" />
          </Method>
        </Type>
        <Method Name=".ctor(System.Net.Http.HttpClient,TechTalk.SpecFlow.ScenarioContext):System.Void" CoveredStatements="5" TotalStatements="5" CoveragePercent="100">
          <Statement FileIndex="459" Line="17" Column="5" EndLine="17" EndColumn="98" Covered="True" />
          <Statement FileIndex="459" Line="18" Column="5" EndLine="18" EndColumn="6" Covered="True" />
          <Statement FileIndex="459" Line="19" Column="9" EndLine="19" EndColumn="34" Covered="True" />
          <Statement FileIndex="459" Line="20" Column="9" EndLine="20" EndColumn="44" Covered="True" />
          <Statement FileIndex="459" Line="21" Column="5" EndLine="21" EndColumn="6" Covered="True" />
        </Method>
        <Method Name="ThenTheBuyerResponseShouldBeWithCorrectProperties():System.Void" CoveredStatements="5" TotalStatements="5" CoveragePercent="100">
          <Statement FileIndex="459" Line="74" Column="5" EndLine="74" EndColumn="6" Covered="True" />
          <Statement FileIndex="459" Line="75" Column="9" EndLine="75" EndColumn="84" Covered="True" />
          <Statement FileIndex="459" Line="76" Column="9" EndLine="76" EndColumn="81" Covered="True" />
          <Statement FileIndex="459" Line="78" Column="9" EndLine="78" EndColumn="120" Covered="True" />
          <Statement FileIndex="459" Line="79" Column="5" EndLine="79" EndColumn="6" Covered="True" />
        </Method>
      </Type>
      <Type Name="OrderManagementStepDefinition" CoveredStatements="90" TotalStatements="90" CoveragePercent="100">
        <Type Name="&lt;GivenExistingBuyerWithTheFollowingDetails&gt;d__3" CoveredStatements="7" TotalStatements="7" CoveragePercent="100">
          <Method Name="MoveNext():System.Void" CoveredStatements="7" TotalStatements="7" CoveragePercent="100">
            <Statement FileIndex="458" Line="27" Column="5" EndLine="27" EndColumn="6" Covered="True" />
            <Statement FileIndex="458" Line="28" Column="9" EndLine="28" EndColumn="77" Covered="True" />
            <Statement FileIndex="458" Line="29" Column="9" EndLine="29" EndColumn="57" Covered="True" />
            <Statement FileIndex="458" Line="31" Column="9" EndLine="31" EndColumn="90" Covered="True" />
            <Statement FileIndex="458" Line="32" Column="9" EndLine="32" EndColumn="86" Covered="True" />
            <Statement FileIndex="458" Line="34" Column="9" EndLine="34" EndColumn="61" Covered="True" />
            <Statement FileIndex="458" Line="35" Column="5" EndLine="35" EndColumn="6" Covered="True" />
          </Method>
        </Type>
        <Type Name="&lt;GivenExistingOrdersInTheSystem&gt;d__4" CoveredStatements="16" TotalStatements="16" CoveragePercent="100">
          <Method Name="MoveNext():System.Void" CoveredStatements="16" TotalStatements="16" CoveragePercent="100">
            <Statement FileIndex="458" Line="39" Column="5" EndLine="39" EndColumn="6" Covered="True" />
            <Statement FileIndex="458" Line="40" Column="9" EndLine="40" EndColumn="81" Covered="True" />
            <Statement FileIndex="458" Line="41" Column="9" EndLine="41" EndColumn="102" Covered="True" />
            <Statement FileIndex="458" Line="42" Column="9" EndLine="42" EndColumn="73" Covered="True" />
            <Statement FileIndex="458" Line="44" Column="9" EndLine="44" EndColumn="55" Covered="True" />
            <Statement FileIndex="458" Line="45" Column="9" EndLine="45" EndColumn="16" Covered="True" />
            <Statement FileIndex="458" Line="45" Column="44" EndLine="45" EndColumn="63" Covered="True" />
            <Statement FileIndex="458" Line="45" Column="18" EndLine="45" EndColumn="40" Covered="True" />
            <Statement FileIndex="458" Line="46" Column="9" EndLine="46" EndColumn="10" Covered="True" />
            <Statement FileIndex="458" Line="47" Column="13" EndLine="47" EndColumn="94" Covered="True" />
            <Statement FileIndex="458" Line="48" Column="13" EndLine="48" EndColumn="90" Covered="True" />
            <Statement FileIndex="458" Line="50" Column="13" EndLine="50" EndColumn="46" Covered="True" />
            <Statement FileIndex="458" Line="51" Column="9" EndLine="51" EndColumn="10" Covered="True" />
            <Statement FileIndex="458" Line="45" Column="41" EndLine="45" EndColumn="43" Covered="True" />
            <Statement FileIndex="458" Line="53" Column="9" EndLine="53" EndColumn="63" Covered="True" />
            <Statement FileIndex="458" Line="54" Column="5" EndLine="54" EndColumn="6" Covered="True" />
          </Method>
        </Type>
        <Type Name="&lt;ThenTheOrderIsCreatedSuccessfully&gt;d__6" CoveredStatements="7" TotalStatements="7" CoveragePercent="100">
          <Method Name="MoveNext():System.Void" CoveredStatements="7" TotalStatements="7" CoveragePercent="100">
            <Statement FileIndex="458" Line="72" Column="5" EndLine="72" EndColumn="6" Covered="True" />
            <Statement FileIndex="458" Line="73" Column="9" EndLine="73" EndColumn="81" Covered="True" />
            <Statement FileIndex="458" Line="74" Column="9" EndLine="74" EndColumn="90" Covered="True" />
            <Statement FileIndex="458" Line="75" Column="9" EndLine="75" EndColumn="87" Covered="True" />
            <Statement FileIndex="458" Line="77" Column="9" EndLine="77" EndColumn="91" Covered="True" />
            <Statement FileIndex="458" Line="78" Column="9" EndLine="78" EndColumn="61" Covered="True" />
            <Statement FileIndex="458" Line="79" Column="5" EndLine="79" EndColumn="6" Covered="True" />
          </Method>
        </Type>
        <Type Name="&lt;ThenTheOrderWillBeDeleted&gt;d__13" CoveredStatements="7" TotalStatements="7" CoveragePercent="100">
          <Method Name="MoveNext():System.Void" CoveredStatements="7" TotalStatements="7" CoveragePercent="100">
            <Statement FileIndex="458" Line="148" Column="5" EndLine="148" EndColumn="6" Covered="True" />
            <Statement FileIndex="458" Line="149" Column="9" EndLine="149" EndColumn="81" Covered="True" />
            <Statement FileIndex="458" Line="150" Column="9" EndLine="150" EndColumn="77" Covered="True" />
            <Statement FileIndex="458" Line="152" Column="9" EndLine="152" EndColumn="79" Covered="True" />
            <Statement FileIndex="458" Line="153" Column="9" EndLine="153" EndColumn="63" Covered="True" />
            <Statement FileIndex="458" Line="155" Column="9" EndLine="155" EndColumn="66" Covered="True" />
            <Statement FileIndex="458" Line="156" Column="5" EndLine="156" EndColumn="6" Covered="True" />
          </Method>
        </Type>
        <Type Name="&lt;WhenAdeleteRequestIsSentToDeleteOrderByBuyerIdAndOrderId&gt;d__12" CoveredStatements="8" TotalStatements="8" CoveragePercent="100">
          <Method Name="MoveNext():System.Void" CoveredStatements="8" TotalStatements="8" CoveragePercent="100">
            <Statement FileIndex="458" Line="135" Column="5" EndLine="135" EndColumn="6" Covered="True" />
            <Statement FileIndex="458" Line="136" Column="9" EndLine="136" EndColumn="97" Covered="True" />
            <Statement FileIndex="458" Line="137" Column="9" EndLine="137" EndColumn="81" Covered="True" />
            <Statement FileIndex="458" Line="139" Column="9" EndLine="139" EndColumn="91" Covered="True" />
            <Statement FileIndex="458" Line="140" Column="9" EndLine="140" EndColumn="66" Covered="True" />
            <Statement FileIndex="458" Line="142" Column="9" EndLine="142" EndColumn="75" Covered="True" />
            <Statement FileIndex="458" Line="143" Column="9" EndLine="143" EndColumn="70" Covered="True" />
            <Statement FileIndex="458" Line="144" Column="5" EndLine="144" EndColumn="6" Covered="True" />
          </Method>
        </Type>
        <Type Name="&lt;WhenAgetRequestIsSentToRetrieveOrder&gt;d__8" CoveredStatements="9" TotalStatements="9" CoveragePercent="100">
          <Method Name="MoveNext():System.Void" CoveredStatements="9" TotalStatements="9" CoveragePercent="100">
            <Statement FileIndex="458" Line="90" Column="5" EndLine="90" EndColumn="6" Covered="True" />
            <Statement FileIndex="458" Line="91" Column="9" EndLine="91" EndColumn="81" Covered="True" />
            <Statement FileIndex="458" Line="92" Column="9" EndLine="92" EndColumn="96" Covered="True" />
            <Statement FileIndex="458" Line="93" Column="9" EndLine="93" EndColumn="87" Covered="True" />
            <Statement FileIndex="458" Line="95" Column="9" EndLine="95" EndColumn="63" Covered="True" />
            <Statement FileIndex="458" Line="96" Column="9" EndLine="96" EndColumn="96" Covered="True" />
            <Statement FileIndex="458" Line="98" Column="9" EndLine="98" EndColumn="75" Covered="True" />
            <Statement FileIndex="458" Line="99" Column="9" EndLine="99" EndColumn="73" Covered="True" />
            <Statement FileIndex="458" Line="100" Column="5" EndLine="100" EndColumn="6" Covered="True" />
          </Method>
        </Type>
        <Type Name="&lt;WhenAgetRequestIsSentToRetrieveOrdersByBuyerId&gt;d__10" CoveredStatements="8" TotalStatements="8" CoveragePercent="100">
          <Method Name="MoveNext():System.Void" CoveredStatements="8" TotalStatements="8" CoveragePercent="100">
            <Statement FileIndex="458" Line="113" Column="5" EndLine="113" EndColumn="6" Covered="True" />
            <Statement FileIndex="458" Line="114" Column="9" EndLine="114" EndColumn="81" Covered="True" />
            <Statement FileIndex="458" Line="115" Column="9" EndLine="115" EndColumn="86" Covered="True" />
            <Statement FileIndex="458" Line="117" Column="9" EndLine="117" EndColumn="76" Covered="True" />
            <Statement FileIndex="458" Line="118" Column="9" EndLine="118" EndColumn="101" Covered="True" />
            <Statement FileIndex="458" Line="120" Column="9" EndLine="120" EndColumn="75" Covered="True" />
            <Statement FileIndex="458" Line="121" Column="9" EndLine="121" EndColumn="65" Covered="True" />
            <Statement FileIndex="458" Line="122" Column="5" EndLine="122" EndColumn="6" Covered="True" />
          </Method>
        </Type>
        <Type Name="&lt;WhenApostRequestIsSentToCreateANewOrder&gt;d__5" CoveredStatements="9" TotalStatements="9" CoveragePercent="100">
          <Method Name="MoveNext():System.Void" CoveredStatements="9" TotalStatements="9" CoveragePercent="100">
            <Statement FileIndex="458" Line="58" Column="5" EndLine="58" EndColumn="6" Covered="True" />
            <Statement FileIndex="458" Line="59" Column="9" EndLine="59" EndColumn="81" Covered="True" />
            <Statement FileIndex="458" Line="60" Column="9" EndLine="60" EndColumn="100" Covered="True" />
            <Statement FileIndex="458" Line="61" Column="9" EndLine="61" EndColumn="73" Covered="True" />
            <Statement FileIndex="458" Line="63" Column="9" EndLine="63" EndColumn="90" Covered="True" />
            <Statement FileIndex="458" Line="64" Column="9" EndLine="64" EndColumn="94" Covered="True" />
            <Statement FileIndex="458" Line="66" Column="9" EndLine="66" EndColumn="78" Covered="True" />
            <Statement FileIndex="458" Line="67" Column="9" EndLine="67" EndColumn="75" Covered="True" />
            <Statement FileIndex="458" Line="68" Column="5" EndLine="68" EndColumn="6" Covered="True" />
          </Method>
        </Type>
        <Method Name=".ctor(System.Net.Http.HttpClient,TechTalk.SpecFlow.ScenarioContext):System.Void" CoveredStatements="5" TotalStatements="5" CoveragePercent="100">
          <Statement FileIndex="458" Line="19" Column="5" EndLine="19" EndColumn="97" Covered="True" />
          <Statement FileIndex="458" Line="20" Column="5" EndLine="20" EndColumn="6" Covered="True" />
          <Statement FileIndex="458" Line="21" Column="9" EndLine="21" EndColumn="34" Covered="True" />
          <Statement FileIndex="458" Line="22" Column="9" EndLine="22" EndColumn="44" Covered="True" />
          <Statement FileIndex="458" Line="23" Column="5" EndLine="23" EndColumn="6" Covered="True" />
        </Method>
        <Method Name="ThenTheOrderResponseShouldBeWithCorrectProperties():System.Void" CoveredStatements="5" TotalStatements="5" CoveragePercent="100">
          <Statement FileIndex="458" Line="104" Column="5" EndLine="104" EndColumn="6" Covered="True" />
          <Statement FileIndex="458" Line="105" Column="9" EndLine="105" EndColumn="85" Covered="True" />
          <Statement FileIndex="458" Line="106" Column="9" EndLine="106" EndColumn="96" Covered="True" />
          <Statement FileIndex="458" Line="108" Column="9" EndLine="108" EndColumn="62" Covered="True" />
          <Statement FileIndex="458" Line="109" Column="5" EndLine="109" EndColumn="6" Covered="True" />
        </Method>
        <Method Name="ThenTheOrdersResponseShouldBeWithCorrectProperties():System.Void" CoveredStatements="5" TotalStatements="5" CoveragePercent="100">
          <Statement FileIndex="458" Line="126" Column="5" EndLine="126" EndColumn="6" Covered="True" />
          <Statement FileIndex="458" Line="127" Column="9" EndLine="127" EndColumn="98" Covered="True" />
          <Statement FileIndex="458" Line="128" Column="9" EndLine="128" EndColumn="89" Covered="True" />
          <Statement FileIndex="458" Line="130" Column="9" EndLine="130" EndColumn="63" Covered="True" />
          <Statement FileIndex="458" Line="131" Column="5" EndLine="131" EndColumn="6" Covered="True" />
        </Method>
        <Method Name="ThenTheResponseStatusCodeShouldBe(System.Int32):System.Void" CoveredStatements="4" TotalStatements="4" CoveragePercent="100">
          <Statement FileIndex="458" Line="83" Column="5" EndLine="83" EndColumn="6" Covered="True" />
          <Statement FileIndex="458" Line="84" Column="9" EndLine="84" EndColumn="93" Covered="True" />
          <Statement FileIndex="458" Line="85" Column="9" EndLine="85" EndColumn="74" Covered="True" />
          <Statement FileIndex="458" Line="86" Column="5" EndLine="86" EndColumn="6" Covered="True" />
        </Method>
      </Type>
    </Namespace>
  </Assembly>
  <Assembly Name="CoffeeSpace.OrderingApi.Tests.Integration" CoveredStatements="291" TotalStatements="307" CoveragePercent="95">
    <Namespace Name="CoffeeSpace.OrderingApi.Tests.Integration.Controllers" CoveredStatements="93" TotalStatements="93" CoveragePercent="100">
      <Type Name="BuyersControllerTests" CoveredStatements="49" TotalStatements="49" CoveragePercent="100">
        <Type Name="&lt;Create_ShouldReturn201_AndCreateBuyer&gt;d__5" CoveredStatements="6" TotalStatements="6" CoveragePercent="100">
          <Method Name="MoveNext():System.Void" CoveredStatements="6" TotalStatements="6" CoveragePercent="100">
            <Statement FileIndex="318" Line="75" Column="5" EndLine="75" EndColumn="6" Covered="True" />
            <Statement FileIndex="318" Line="78" Column="9" EndLine="78" EndColumn="95" Covered="True" />
            <Statement FileIndex="318" Line="81" Column="9" EndLine="81" EndColumn="82" Covered="True" />
            <Statement FileIndex="318" Line="84" Column="9" EndLine="84" EndColumn="65" Covered="True" />
            <Statement FileIndex="318" Line="85" Column="9" EndLine="89" EndColumn="55" Covered="True" />
            <Statement FileIndex="318" Line="90" Column="5" EndLine="90" EndColumn="6" Covered="True" />
          </Method>
        </Type>
        <Type Name="&lt;Delete_ShouldReturn200_DeleteBuyer&gt;d__7" CoveredStatements="7" TotalStatements="7" CoveragePercent="100">
          <Method Name="MoveNext():System.Void" CoveredStatements="7" TotalStatements="7" CoveragePercent="100">
            <Statement FileIndex="318" Line="118" Column="5" EndLine="118" EndColumn="6" Covered="True" />
            <Statement FileIndex="318" Line="120" Column="9" EndLine="120" EndColumn="44" Covered="True" />
            <Statement FileIndex="318" Line="121" Column="9" EndLine="121" EndColumn="91" Covered="True" />
            <Statement FileIndex="318" Line="124" Column="9" EndLine="124" EndColumn="63" Covered="True" />
            <Statement FileIndex="318" Line="127" Column="9" EndLine="127" EndColumn="65" Covered="True" />
            <Statement FileIndex="318" Line="128" Column="9" EndLine="132" EndColumn="42" Covered="True" />
            <Statement FileIndex="318" Line="133" Column="5" EndLine="133" EndColumn="6" Covered="True" />
          </Method>
        </Type>
        <Type Name="&lt;GetByEmail_ShouldReturn200_WithExistingBuyer&gt;d__4" CoveredStatements="7" TotalStatements="7" CoveragePercent="100">
          <Method Name="MoveNext():System.Void" CoveredStatements="7" TotalStatements="7" CoveragePercent="100">
            <Statement FileIndex="318" Line="55" Column="5" EndLine="55" EndColumn="6" Covered="True" />
            <Statement FileIndex="318" Line="57" Column="9" EndLine="57" EndColumn="37" Covered="True" />
            <Statement FileIndex="318" Line="58" Column="9" EndLine="58" EndColumn="90" Covered="True" />
            <Statement FileIndex="318" Line="61" Column="9" EndLine="61" EndColumn="60" Covered="True" />
            <Statement FileIndex="318" Line="64" Column="9" EndLine="64" EndColumn="65" Covered="True" />
            <Statement FileIndex="318" Line="66" Column="9" EndLine="70" EndColumn="42" Covered="True" />
            <Statement FileIndex="318" Line="71" Column="5" EndLine="71" EndColumn="6" Covered="True" />
          </Method>
        </Type>
        <Type Name="&lt;GetById_ShouldReturn200_WithExistingBuyer&gt;d__3" CoveredStatements="8" TotalStatements="8" CoveragePercent="100">
          <Method Name="MoveNext():System.Void" CoveredStatements="8" TotalStatements="8" CoveragePercent="100">
            <Statement FileIndex="318" Line="33" Column="5" EndLine="33" EndColumn="6" Covered="True" />
            <Statement FileIndex="318" Line="35" Column="9" EndLine="35" EndColumn="37" Covered="True" />
            <Statement FileIndex="318" Line="36" Column="9" EndLine="36" EndColumn="80" Covered="True" />
            <Statement FileIndex="318" Line="39" Column="9" EndLine="39" EndColumn="60" Covered="True" />
            <Statement FileIndex="318" Line="42" Column="9" EndLine="42" EndColumn="65" Covered="True" />
            <Statement FileIndex="318" Line="43" Column="9" EndLine="43" EndColumn="87" Covered="True" />
            <Statement FileIndex="318" Line="45" Column="9" EndLine="50" EndColumn="42" Covered="True" />
            <Statement FileIndex="318" Line="51" Column="5" EndLine="51" EndColumn="6" Covered="True" />
          </Method>
        </Type>
        <Type Name="&lt;Update_ShouldReturn200_AndUpdateBuyer&gt;d__6" CoveredStatements="9" TotalStatements="9" CoveragePercent="100">
          <Method Name="MoveNext():System.Void" CoveredStatements="9" TotalStatements="9" CoveragePercent="100">
            <Statement FileIndex="318" Line="94" Column="5" EndLine="94" EndColumn="6" Covered="True" />
            <Statement FileIndex="318" Line="96" Column="9" EndLine="96" EndColumn="42" Covered="True" />
            <Statement FileIndex="318" Line="97" Column="9" EndLine="97" EndColumn="77" Covered="True" />
            <Statement FileIndex="318" Line="99" Column="9" EndLine="99" EndColumn="83" Covered="True" />
            <Statement FileIndex="318" Line="102" Column="9" EndLine="102" EndColumn="81" Covered="True" />
            <Statement FileIndex="318" Line="105" Column="9" EndLine="105" EndColumn="65" Covered="True" />
            <Statement FileIndex="318" Line="106" Column="9" EndLine="106" EndColumn="81" Covered="True" />
            <Statement FileIndex="318" Line="108" Column="9" EndLine="113" EndColumn="42" Covered="True" />
            <Statement FileIndex="318" Line="114" Column="5" EndLine="114" EndColumn="6" Covered="True" />
          </Method>
        </Type>
        <Method Name=".ctor(CoffeeSpace.OrderingApi.Tests.Integration.Fixtures.OrderingApiFactory):System.Void" CoveredStatements="5" TotalStatements="5" CoveragePercent="100">
          <Statement FileIndex="318" Line="25" Column="5" EndLine="25" EndColumn="64" Covered="True" />
          <Statement FileIndex="318" Line="26" Column="5" EndLine="26" EndColumn="6" Covered="True" />
          <Statement FileIndex="318" Line="27" Column="9" EndLine="27" EndColumn="49" Covered="True" />
          <Statement FileIndex="318" Line="28" Column="9" EndLine="28" EndColumn="37" Covered="True" />
          <Statement FileIndex="318" Line="29" Column="5" EndLine="29" EndColumn="6" Covered="True" />
        </Method>
        <Method Name="DisposeAsync():System.Threading.Tasks.Task" CoveredStatements="3" TotalStatements="3" CoveragePercent="100">
          <Statement FileIndex="318" Line="142" Column="5" EndLine="142" EndColumn="6" Covered="True" />
          <Statement FileIndex="318" Line="143" Column="9" EndLine="143" EndColumn="35" Covered="True" />
          <Statement FileIndex="318" Line="144" Column="5" EndLine="144" EndColumn="6" Covered="True" />
        </Method>
        <Method Name="InitializeAsync():System.Threading.Tasks.Task" CoveredStatements="4" TotalStatements="4" CoveragePercent="100">
          <Statement FileIndex="318" Line="136" Column="5" EndLine="136" EndColumn="6" Covered="True" />
          <Statement FileIndex="318" Line="137" Column="9" EndLine="137" EndColumn="50" Covered="True" />
          <Statement FileIndex="318" Line="138" Column="9" EndLine="138" EndColumn="35" Covered="True" />
          <Statement FileIndex="318" Line="139" Column="5" EndLine="139" EndColumn="6" Covered="True" />
        </Method>
      </Type>
      <Type Name="OrdersControllerTests" CoveredStatements="44" TotalStatements="44" CoveragePercent="100">
        <Type Name="&lt;CreateOrder_ShouldReturn201_AndCreateOrder&gt;d__6" CoveredStatements="8" TotalStatements="8" CoveragePercent="100">
          <Method Name="MoveNext():System.Void" CoveredStatements="8" TotalStatements="8" CoveragePercent="100">
            <Statement FileIndex="317" Line="78" Column="5" EndLine="78" EndColumn="6" Covered="True" />
            <Statement FileIndex="317" Line="80" Column="9" EndLine="86" EndColumn="11" Covered="True" />
            <Statement FileIndex="317" Line="87" Column="9" EndLine="87" EndColumn="42" Covered="True" />
            <Statement FileIndex="317" Line="88" Column="9" EndLine="88" EndColumn="89" Covered="True" />
            <Statement FileIndex="317" Line="91" Column="9" EndLine="91" EndColumn="74" Covered="True" />
            <Statement FileIndex="317" Line="94" Column="9" EndLine="94" EndColumn="65" Covered="True" />
            <Statement FileIndex="317" Line="95" Column="9" EndLine="99" EndColumn="108" Covered="True" />
            <Statement FileIndex="317" Line="100" Column="5" EndLine="100" EndColumn="6" Covered="True" />
          </Method>
        </Type>
        <Type Name="&lt;DeleteOrderById_ShouldReturn200_AndDeleteOrder&gt;d__7" CoveredStatements="7" TotalStatements="7" CoveragePercent="100">
          <Method Name="MoveNext():System.Void" CoveredStatements="7" TotalStatements="7" CoveragePercent="100">
            <Statement FileIndex="317" Line="104" Column="5" EndLine="104" EndColumn="6" Covered="True" />
            <Statement FileIndex="317" Line="106" Column="9" EndLine="106" EndColumn="36" Covered="True" />
            <Statement FileIndex="317" Line="107" Column="9" EndLine="109" EndColumn="45" Covered="True" />
            <Statement FileIndex="317" Line="112" Column="9" EndLine="112" EndColumn="63" Covered="True" />
            <Statement FileIndex="317" Line="115" Column="9" EndLine="115" EndColumn="65" Covered="True" />
            <Statement FileIndex="317" Line="116" Column="9" EndLine="120" EndColumn="43" Covered="True" />
            <Statement FileIndex="317" Line="121" Column="5" EndLine="121" EndColumn="6" Covered="True" />
          </Method>
        </Type>
        <Type Name="&lt;GetAllOrdersByBuyerId_ShouldReturn200_AndAllBuyersOrders&gt;d__4" CoveredStatements="8" TotalStatements="8" CoveragePercent="100">
          <Method Name="MoveNext():System.Void" CoveredStatements="8" TotalStatements="8" CoveragePercent="100">
            <Statement FileIndex="317" Line="34" Column="5" EndLine="34" EndColumn="6" Covered="True" />
            <Statement FileIndex="317" Line="36" Column="9" EndLine="36" EndColumn="37" Covered="True" />
            <Statement FileIndex="317" Line="37" Column="9" EndLine="37" EndColumn="89" Covered="True" />
            <Statement FileIndex="317" Line="40" Column="9" EndLine="40" EndColumn="60" Covered="True" />
            <Statement FileIndex="317" Line="43" Column="9" EndLine="43" EndColumn="65" Covered="True" />
            <Statement FileIndex="317" Line="44" Column="9" EndLine="44" EndColumn="101" Covered="True" />
            <Statement FileIndex="317" Line="45" Column="9" EndLine="50" EndColumn="42" Covered="True" />
            <Statement FileIndex="317" Line="51" Column="5" EndLine="51" EndColumn="6" Covered="True" />
          </Method>
        </Type>
        <Type Name="&lt;GetOrderByBuyerId_ShouldReturn200_AndExistingOrder&gt;d__5" CoveredStatements="8" TotalStatements="8" CoveragePercent="100">
          <Method Name="MoveNext():System.Void" CoveredStatements="8" TotalStatements="8" CoveragePercent="100">
            <Statement FileIndex="317" Line="55" Column="5" EndLine="55" EndColumn="6" Covered="True" />
            <Statement FileIndex="317" Line="57" Column="9" EndLine="57" EndColumn="37" Covered="True" />
            <Statement FileIndex="317" Line="58" Column="9" EndLine="58" EndColumn="37" Covered="True" />
            <Statement FileIndex="317" Line="59" Column="9" EndLine="61" EndColumn="45" Covered="True" />
            <Statement FileIndex="317" Line="64" Column="9" EndLine="64" EndColumn="60" Covered="True" />
            <Statement FileIndex="317" Line="67" Column="9" EndLine="67" EndColumn="65" Covered="True" />
            <Statement FileIndex="317" Line="69" Column="9" EndLine="73" EndColumn="42" Covered="True" />
            <Statement FileIndex="317" Line="74" Column="5" EndLine="74" EndColumn="6" Covered="True" />
          </Method>
        </Type>
        <Method Name=".ctor(CoffeeSpace.OrderingApi.Tests.Integration.Fixtures.OrderingApiFactory):System.Void" CoveredStatements="6" TotalStatements="6" CoveragePercent="100">
          <Statement FileIndex="317" Line="25" Column="5" EndLine="25" EndColumn="64" Covered="True" />
          <Statement FileIndex="317" Line="26" Column="5" EndLine="26" EndColumn="6" Covered="True" />
          <Statement FileIndex="317" Line="27" Column="9" EndLine="27" EndColumn="49" Covered="True" />
          <Statement FileIndex="317" Line="28" Column="9" EndLine="28" EndColumn="37" Covered="True" />
          <Statement FileIndex="317" Line="29" Column="9" EndLine="29" EndColumn="37" Covered="True" />
          <Statement FileIndex="317" Line="30" Column="5" EndLine="30" EndColumn="6" Covered="True" />
        </Method>
        <Method Name="DisposeAsync():System.Threading.Tasks.Task" CoveredStatements="3" TotalStatements="3" CoveragePercent="100">
          <Statement FileIndex="317" Line="130" Column="5" EndLine="130" EndColumn="6" Covered="True" />
          <Statement FileIndex="317" Line="131" Column="9" EndLine="131" EndColumn="35" Covered="True" />
          <Statement FileIndex="317" Line="132" Column="5" EndLine="132" EndColumn="6" Covered="True" />
        </Method>
        <Method Name="InitializeAsync():System.Threading.Tasks.Task" CoveredStatements="4" TotalStatements="4" CoveragePercent="100">
          <Statement FileIndex="317" Line="124" Column="5" EndLine="124" EndColumn="6" Covered="True" />
          <Statement FileIndex="317" Line="125" Column="9" EndLine="125" EndColumn="50" Covered="True" />
          <Statement FileIndex="317" Line="126" Column="9" EndLine="126" EndColumn="35" Covered="True" />
          <Statement FileIndex="317" Line="127" Column="5" EndLine="127" EndColumn="6" Covered="True" />
        </Method>
      </Type>
    </Namespace>
    <Namespace Name="CoffeeSpace.OrderingApi.Tests.Integration.Fakers.Models" CoveredStatements="63" TotalStatements="63" CoveragePercent="100">
      <Type Name="AddressFaker" CoveredStatements="12" TotalStatements="12" CoveragePercent="100">
        <Type Name="&lt;&gt;c" CoveredStatements="4" TotalStatements="4" CoveragePercent="100">
          <Method Name="&lt;.ctor&gt;b__0_1(Bogus.Faker):System.String" CoveredStatements="1" TotalStatements="1" CoveragePercent="100">
            <Statement FileIndex="316" Line="11" Column="45" EndLine="11" EndColumn="75" Covered="True" />
          </Method>
          <Method Name="&lt;.ctor&gt;b__0_3(Bogus.Faker):System.String" CoveredStatements="1" TotalStatements="1" CoveragePercent="100">
            <Statement FileIndex="316" Line="12" Column="47" EndLine="12" EndColumn="67" Covered="True" />
          </Method>
          <Method Name="&lt;.ctor&gt;b__0_5(Bogus.Faker):System.String" CoveredStatements="1" TotalStatements="1" CoveragePercent="100">
            <Statement FileIndex="316" Line="13" Column="50" EndLine="13" EndColumn="73" Covered="True" />
          </Method>
          <Method Name="&lt;.ctor&gt;b__0_7(Bogus.Faker):System.String" CoveredStatements="1" TotalStatements="1" CoveragePercent="100">
            <Statement FileIndex="316" Line="14" Column="49" EndLine="14" EndColumn="78" Covered="True" />
          </Method>
        </Type>
        <Method Name=".ctor():System.Void" CoveredStatements="8" TotalStatements="8" CoveragePercent="100">
          <Statement FileIndex="316" Line="8" Column="5" EndLine="8" EndColumn="26" Covered="True" />
          <Statement FileIndex="316" Line="9" Column="5" EndLine="9" EndColumn="6" Covered="True" />
          <Statement FileIndex="316" Line="10" Column="9" EndLine="10" EndColumn="21" Covered="True" />
          <Statement FileIndex="316" Line="11" Column="9" EndLine="11" EndColumn="77" Covered="True" />
          <Statement FileIndex="316" Line="12" Column="9" EndLine="12" EndColumn="69" Covered="True" />
          <Statement FileIndex="316" Line="13" Column="9" EndLine="13" EndColumn="75" Covered="True" />
          <Statement FileIndex="316" Line="14" Column="9" EndLine="14" EndColumn="80" Covered="True" />
          <Statement FileIndex="316" Line="15" Column="5" EndLine="15" EndColumn="6" Covered="True" />
        </Method>
      </Type>
      <Type Name="BuyerFaker" CoveredStatements="11" TotalStatements="11" CoveragePercent="100">
        <Type Name="&lt;&gt;c" CoveredStatements="3" TotalStatements="3" CoveragePercent="100">
          <Method Name="&lt;.ctor&gt;b__0_1(Bogus.Faker):System.String" CoveredStatements="1" TotalStatements="1" CoveragePercent="100">
            <Statement FileIndex="315" Line="11" Column="45" EndLine="11" EndColumn="75" Covered="True" />
          </Method>
          <Method Name="&lt;.ctor&gt;b__0_3(Bogus.Faker):System.String" CoveredStatements="1" TotalStatements="1" CoveragePercent="100">
            <Statement FileIndex="315" Line="14" Column="48" EndLine="14" EndColumn="66" Covered="True" />
          </Method>
          <Method Name="&lt;.ctor&gt;b__0_5(Bogus.Faker):System.String" CoveredStatements="1" TotalStatements="1" CoveragePercent="100">
            <Statement FileIndex="315" Line="15" Column="47" EndLine="15" EndColumn="69" Covered="True" />
          </Method>
        </Type>
        <Method Name=".ctor():System.Void" CoveredStatements="8" TotalStatements="8" CoveragePercent="100">
          <Statement FileIndex="315" Line="9" Column="5" EndLine="9" EndColumn="24" Covered="True" />
          <Statement FileIndex="315" Line="10" Column="5" EndLine="10" EndColumn="6" Covered="True" />
          <Statement FileIndex="315" Line="11" Column="9" EndLine="11" EndColumn="77" Covered="True" />
          <Statement FileIndex="315" Line="12" Column="9" EndLine="12" EndColumn="21" Covered="True" />
          <Statement FileIndex="315" Line="14" Column="9" EndLine="14" EndColumn="68" Covered="True" />
          <Statement FileIndex="315" Line="15" Column="9" EndLine="15" EndColumn="71" Covered="True" />
          <Statement FileIndex="315" Line="16" Column="9" EndLine="16" EndColumn="59" Covered="True" />
          <Statement FileIndex="315" Line="17" Column="5" EndLine="17" EndColumn="6" Covered="True" />
        </Method>
      </Type>
      <Type Name="OrderFaker" CoveredStatements="10" TotalStatements="10" CoveragePercent="100">
        <Type Name="&lt;&gt;c" CoveredStatements="1" TotalStatements="1" CoveragePercent="100">
          <Method Name="&lt;.ctor&gt;b__0_1(Bogus.Faker):System.String" CoveredStatements="1" TotalStatements="1" CoveragePercent="100">
            <Statement FileIndex="314" Line="12" Column="45" EndLine="12" EndColumn="75" Covered="True" />
          </Method>
        </Type>
        <Method Name=".ctor(System.String,CoffeeSpace.Domain.Ordering.BuyerInfo.Address,CoffeeSpace.Domain.Ordering.BuyerInfo.CardInfo.PaymentInfo,System.Collections.Generic.IEnumerable&lt;CoffeeSpace.Domain.Ordering.Orders.OrderItem&gt;):System.Void" CoveredStatements="9" TotalStatements="9" CoveragePercent="100">
          <Statement FileIndex="314" Line="10" Column="5" EndLine="10" EndColumn="115" Covered="True" />
          <Statement FileIndex="314" Line="11" Column="5" EndLine="11" EndColumn="6" Covered="True" />
          <Statement FileIndex="314" Line="12" Column="9" EndLine="12" EndColumn="77" Covered="True" />
          <Statement FileIndex="314" Line="13" Column="9" EndLine="13" EndColumn="21" Covered="True" />
          <Statement FileIndex="314" Line="15" Column="9" EndLine="15" EndColumn="50" Covered="True" />
          <Statement FileIndex="314" Line="16" Column="9" EndLine="16" EndColumn="50" Covered="True" />
          <Statement FileIndex="314" Line="17" Column="9" EndLine="17" EndColumn="58" Covered="True" />
          <Statement FileIndex="314" Line="18" Column="9" EndLine="18" EndColumn="65" Covered="True" />
          <Statement FileIndex="314" Line="19" Column="5" EndLine="19" EndColumn="6" Covered="True" />
        </Method>
      </Type>
      <Type Name="OrderItemFaker" CoveredStatements="16" TotalStatements="16" CoveragePercent="100">
        <Type Name="&lt;&gt;c" CoveredStatements="6" TotalStatements="6" CoveragePercent="100">
          <Method Name="&lt;.ctor&gt;b__0_1(Bogus.Faker):System.String" CoveredStatements="1" TotalStatements="1" CoveragePercent="100">
            <Statement FileIndex="313" Line="10" Column="45" EndLine="10" EndColumn="75" Covered="True" />
          </Method>
          <Method Name="&lt;.ctor&gt;b__0_11(Bogus.Faker):System.Int32" CoveredStatements="1" TotalStatements="1" CoveragePercent="100">
            <Statement FileIndex="313" Line="17" Column="51" EndLine="17" EndColumn="76" Covered="True" />
          </Method>
          <Method Name="&lt;.ctor&gt;b__0_3(Bogus.Faker):System.String" CoveredStatements="1" TotalStatements="1" CoveragePercent="100">
            <Statement FileIndex="313" Line="13" Column="48" EndLine="13" EndColumn="76" Covered="True" />
          </Method>
          <Method Name="&lt;.ctor&gt;b__0_5(Bogus.Faker):System.String" CoveredStatements="1" TotalStatements="1" CoveragePercent="100">
            <Statement FileIndex="313" Line="14" Column="54" EndLine="14" EndColumn="87" Covered="True" />
          </Method>
          <Method Name="&lt;.ctor&gt;b__0_7(Bogus.Faker):System.Single" CoveredStatements="1" TotalStatements="1" CoveragePercent="100">
            <Statement FileIndex="313" Line="15" Column="52" EndLine="15" EndColumn="76" Covered="True" />
          </Method>
          <Method Name="&lt;.ctor&gt;b__0_9(Bogus.Faker):System.Single" CoveredStatements="1" TotalStatements="1" CoveragePercent="100">
            <Statement FileIndex="313" Line="16" Column="51" EndLine="16" EndColumn="71" Covered="True" />
          </Method>
        </Type>
        <Method Name=".ctor():System.Void" CoveredStatements="10" TotalStatements="10" CoveragePercent="100">
          <Statement FileIndex="313" Line="8" Column="5" EndLine="8" EndColumn="28" Covered="True" />
          <Statement FileIndex="313" Line="9" Column="5" EndLine="9" EndColumn="6" Covered="True" />
          <Statement FileIndex="313" Line="10" Column="9" EndLine="10" EndColumn="77" Covered="True" />
          <Statement FileIndex="313" Line="11" Column="9" EndLine="11" EndColumn="21" Covered="True" />
          <Statement FileIndex="313" Line="13" Column="9" EndLine="13" EndColumn="78" Covered="True" />
          <Statement FileIndex="313" Line="14" Column="9" EndLine="14" EndColumn="89" Covered="True" />
          <Statement FileIndex="313" Line="15" Column="9" EndLine="15" EndColumn="78" Covered="True" />
          <Statement FileIndex="313" Line="16" Column="9" EndLine="16" EndColumn="73" Covered="True" />
          <Statement FileIndex="313" Line="17" Column="9" EndLine="17" EndColumn="78" Covered="True" />
          <Statement FileIndex="313" Line="18" Column="5" EndLine="18" EndColumn="6" Covered="True" />
        </Method>
      </Type>
      <Type Name="PaymentInfoFaker" CoveredStatements="14" TotalStatements="14" CoveragePercent="100">
        <Type Name="&lt;&gt;c" CoveredStatements="5" TotalStatements="5" CoveragePercent="100">
          <Method Name="&lt;.ctor&gt;b__0_1(Bogus.Faker):System.String" CoveredStatements="1" TotalStatements="1" CoveragePercent="100">
            <Statement FileIndex="312" Line="10" Column="45" EndLine="10" EndColumn="75" Covered="True" />
          </Method>
          <Method Name="&lt;.ctor&gt;b__0_3(Bogus.Faker):System.String" CoveredStatements="1" TotalStatements="1" CoveragePercent="100">
            <Statement FileIndex="312" Line="13" Column="53" EndLine="13" EndColumn="85" Covered="True" />
          </Method>
          <Method Name="&lt;.ctor&gt;b__0_5(Bogus.Faker):System.String" CoveredStatements="1" TotalStatements="1" CoveragePercent="100">
            <Statement FileIndex="312" Line="14" Column="57" EndLine="14" EndColumn="86" Covered="True" />
          </Method>
          <Method Name="&lt;.ctor&gt;b__0_7(Bogus.Faker):System.Int32" CoveredStatements="1" TotalStatements="1" CoveragePercent="100">
            <Statement FileIndex="312" Line="15" Column="58" EndLine="15" EndColumn="84" Covered="True" />
          </Method>
          <Method Name="&lt;.ctor&gt;b__0_9(Bogus.Faker):System.Int32" CoveredStatements="1" TotalStatements="1" CoveragePercent="100">
            <Statement FileIndex="312" Line="16" Column="57" EndLine="16" EndColumn="83" Covered="True" />
          </Method>
        </Type>
        <Method Name=".ctor():System.Void" CoveredStatements="9" TotalStatements="9" CoveragePercent="100">
          <Statement FileIndex="312" Line="8" Column="5" EndLine="8" EndColumn="30" Covered="True" />
          <Statement FileIndex="312" Line="9" Column="5" EndLine="9" EndColumn="6" Covered="True" />
          <Statement FileIndex="312" Line="10" Column="9" EndLine="10" EndColumn="77" Covered="True" />
          <Statement FileIndex="312" Line="11" Column="9" EndLine="11" EndColumn="21" Covered="True" />
          <Statement FileIndex="312" Line="13" Column="9" EndLine="13" EndColumn="87" Covered="True" />
          <Statement FileIndex="312" Line="14" Column="9" EndLine="14" EndColumn="88" Covered="True" />
          <Statement FileIndex="312" Line="15" Column="9" EndLine="15" EndColumn="86" Covered="True" />
          <Statement FileIndex="312" Line="16" Column="9" EndLine="16" EndColumn="85" Covered="True" />
          <Statement FileIndex="312" Line="17" Column="5" EndLine="17" EndColumn="6" Covered="True" />
        </Method>
      </Type>
    </Namespace>
    <Namespace Name="CoffeeSpace.OrderingApi.Tests.Integration.Fakers.Requests" CoveredStatements="28" TotalStatements="44" CoveragePercent="64">
      <Type Name="CreateAddressRequestFaker" CoveredStatements="9" TotalStatements="9" CoveragePercent="100">
        <Type Name="&lt;&gt;c" CoveredStatements="3" TotalStatements="3" CoveragePercent="100">
          <Method Name="&lt;.ctor&gt;b__0_1(Bogus.Faker):System.String" CoveredStatements="1" TotalStatements="1" CoveragePercent="100">
            <Statement FileIndex="311" Line="10" Column="51" EndLine="10" EndColumn="71" Covered="True" />
          </Method>
          <Method Name="&lt;.ctor&gt;b__0_3(Bogus.Faker):System.String" CoveredStatements="1" TotalStatements="1" CoveragePercent="100">
            <Statement FileIndex="311" Line="11" Column="53" EndLine="11" EndColumn="82" Covered="True" />
          </Method>
          <Method Name="&lt;.ctor&gt;b__0_5(Bogus.Faker):System.String" CoveredStatements="1" TotalStatements="1" CoveragePercent="100">
            <Statement FileIndex="311" Line="12" Column="54" EndLine="12" EndColumn="77" Covered="True" />
          </Method>
        </Type>
        <Method Name=".ctor():System.Void" CoveredStatements="6" TotalStatements="6" CoveragePercent="100">
          <Statement FileIndex="311" Line="8" Column="5" EndLine="8" EndColumn="39" Covered="True" />
          <Statement FileIndex="311" Line="9" Column="5" EndLine="9" EndColumn="6" Covered="True" />
          <Statement FileIndex="311" Line="10" Column="9" EndLine="10" EndColumn="73" Covered="True" />
          <Statement FileIndex="311" Line="11" Column="9" EndLine="11" EndColumn="84" Covered="True" />
          <Statement FileIndex="311" Line="12" Column="9" EndLine="12" EndColumn="79" Covered="True" />
          <Statement FileIndex="311" Line="13" Column="5" EndLine="13" EndColumn="6" Covered="True" />
        </Method>
      </Type>
      <Type Name="CreateBuyerRequestFaker" CoveredStatements="8" TotalStatements="8" CoveragePercent="100">
        <Type Name="&lt;&gt;c" CoveredStatements="2" TotalStatements="2" CoveragePercent="100">
          <Method Name="&lt;.ctor&gt;b__0_1(Bogus.Faker):System.String" CoveredStatements="1" TotalStatements="1" CoveragePercent="100">
            <Statement FileIndex="310" Line="11" Column="52" EndLine="11" EndColumn="70" Covered="True" />
          </Method>
          <Method Name="&lt;.ctor&gt;b__0_3(Bogus.Faker):System.String" CoveredStatements="1" TotalStatements="1" CoveragePercent="100">
            <Statement FileIndex="310" Line="12" Column="51" EndLine="12" EndColumn="73" Covered="True" />
          </Method>
        </Type>
        <Method Name=".ctor():System.Void" CoveredStatements="6" TotalStatements="6" CoveragePercent="100">
          <Statement FileIndex="310" Line="8" Column="5" EndLine="8" EndColumn="37" Covered="True" />
          <Statement FileIndex="310" Line="9" Column="5" EndLine="9" EndColumn="6" Covered="True" />
          <Statement FileIndex="310" Line="10" Column="9" EndLine="10" EndColumn="21" Covered="True" />
          <Statement FileIndex="310" Line="11" Column="9" EndLine="11" EndColumn="72" Covered="True" />
          <Statement FileIndex="310" Line="12" Column="9" EndLine="12" EndColumn="75" Covered="True" />
          <Statement FileIndex="310" Line="13" Column="5" EndLine="13" EndColumn="6" Covered="True" />
        </Method>
      </Type>
      <Type Name="CreateOrderRequestFaker" CoveredStatements="0" TotalStatements="6" CoveragePercent="0">
        <Method Name=".ctor():System.Void" CoveredStatements="0" TotalStatements="6" CoveragePercent="0">
          <Statement FileIndex="309" Line="11" Column="5" EndLine="11" EndColumn="37" Covered="False" />
          <Statement FileIndex="309" Line="12" Column="5" EndLine="12" EndColumn="6" Covered="False" />
          <Statement FileIndex="309" Line="13" Column="9" EndLine="13" EndColumn="116" Covered="False" />
          <Statement FileIndex="309" Line="14" Column="9" EndLine="14" EndColumn="128" Covered="False" />
          <Statement FileIndex="309" Line="15" Column="9" EndLine="15" EndColumn="67" Covered="False" />
          <Statement FileIndex="309" Line="16" Column="5" EndLine="16" EndColumn="6" Covered="False" />
        </Method>
      </Type>
      <Type Name="CreatePaymentInfoRequestFaker" CoveredStatements="11" TotalStatements="11" CoveragePercent="100">
        <Type Name="&lt;&gt;c" CoveredStatements="3" TotalStatements="3" CoveragePercent="100">
          <Method Name="&lt;.ctor&gt;b__0_1(Bogus.Faker):System.String" CoveredStatements="1" TotalStatements="1" CoveragePercent="100">
            <Statement FileIndex="308" Line="11" Column="57" EndLine="11" EndColumn="89" Covered="True" />
          </Method>
          <Method Name="&lt;.ctor&gt;b__0_4(Bogus.Faker):System.String" CoveredStatements="1" TotalStatements="1" CoveragePercent="100">
            <Statement FileIndex="308" Line="13" Column="61" EndLine="13" EndColumn="90" Covered="True" />
          </Method>
          <Method Name="&lt;.ctor&gt;b__0_6(Bogus.Faker):System.Int32" CoveredStatements="1" TotalStatements="1" CoveragePercent="100">
            <Statement FileIndex="308" Line="14" Column="62" EndLine="14" EndColumn="85" Covered="True" />
          </Method>
        </Type>
        <Method Name=".ctor():System.Void" CoveredStatements="8" TotalStatements="8" CoveragePercent="100">
          <Statement FileIndex="308" Line="9" Column="5" EndLine="9" EndColumn="43" Covered="True" />
          <Statement FileIndex="308" Line="10" Column="5" EndLine="10" EndColumn="6" Covered="True" />
          <Statement FileIndex="308" Line="11" Column="9" EndLine="11" EndColumn="91" Covered="True" />
          <Statement FileIndex="308" Line="12" Column="9" EndLine="12" EndColumn="61" Covered="True" />
          <Statement FileIndex="308" Line="13" Column="9" EndLine="13" EndColumn="92" Covered="True" />
          <Statement FileIndex="308" Line="14" Column="9" EndLine="14" EndColumn="87" Covered="True" />
          <Statement FileIndex="308" Line="15" Column="9" EndLine="15" EndColumn="58" Covered="True" />
          <Statement FileIndex="308" Line="16" Column="5" EndLine="16" EndColumn="6" Covered="True" />
        </Method>
      </Type>
      <Type Name="UpdateBuyerRequestFaker" CoveredStatements="0" TotalStatements="10" CoveragePercent="0">
        <Type Name="&lt;&gt;c" CoveredStatements="0" TotalStatements="3" CoveragePercent="0">
          <Method Name="&lt;.ctor&gt;b__0_1(Bogus.Faker):System.Guid" CoveredStatements="0" TotalStatements="1" CoveragePercent="0">
            <Statement FileIndex="307" Line="11" Column="49" EndLine="11" EndColumn="68" Covered="False" />
          </Method>
          <Method Name="&lt;.ctor&gt;b__0_3(Bogus.Faker):System.String" CoveredStatements="0" TotalStatements="1" CoveragePercent="0">
            <Statement FileIndex="307" Line="12" Column="51" EndLine="12" EndColumn="69" Covered="False" />
          </Method>
          <Method Name="&lt;.ctor&gt;b__0_5(Bogus.Faker):System.String" CoveredStatements="0" TotalStatements="1" CoveragePercent="0">
            <Statement FileIndex="307" Line="13" Column="52" EndLine="13" EndColumn="74" Covered="False" />
          </Method>
        </Type>
        <Method Name=".ctor():System.Void" CoveredStatements="0" TotalStatements="7" CoveragePercent="0">
          <Statement FileIndex="307" Line="8" Column="5" EndLine="8" EndColumn="37" Covered="False" />
          <Statement FileIndex="307" Line="9" Column="5" EndLine="9" EndColumn="6" Covered="False" />
          <Statement FileIndex="307" Line="10" Column="9" EndLine="10" EndColumn="21" Covered="False" />
          <Statement FileIndex="307" Line="11" Column="9" EndLine="11" EndColumn="70" Covered="False" />
          <Statement FileIndex="307" Line="12" Column="9" EndLine="12" EndColumn="71" Covered="False" />
          <Statement FileIndex="307" Line="13" Column="9" EndLine="13" EndColumn="76" Covered="False" />
          <Statement FileIndex="307" Line="14" Column="5" EndLine="14" EndColumn="6" Covered="False" />
        </Method>
      </Type>
    </Namespace>
    <Namespace Name="CoffeeSpace.OrderingApi.Tests.Integration.Fixtures" CoveredStatements="107" TotalStatements="107" CoveragePercent="100">
      <Type Name="OrderingApiFactory" CoveredStatements="107" TotalStatements="107" CoveragePercent="100">
        <Type Name="&lt;&gt;c" CoveredStatements="19" TotalStatements="19" CoveragePercent="100">
          <Method Name="&lt;ConfigureWebHost&gt;b__25_1(Quartz.IServiceCollectionQuartzConfigurator):System.Void" CoveredStatements="1" TotalStatements="1" CoveragePercent="100">
            <Statement FileIndex="306" Line="103" Column="42" EndLine="103" EndColumn="92" Covered="True" />
          </Method>
          <Method Name="&lt;ConfigureWebHost&gt;b__25_2(MassTransit.IBusRegistrationConfigurator):System.Void" CoveredStatements="9" TotalStatements="9" CoveragePercent="100">
            <Statement FileIndex="306" Line="105" Column="13" EndLine="105" EndColumn="14" Covered="True" />
            <Statement FileIndex="306" Line="106" Column="17" EndLine="106" EndColumn="60" Covered="True" />
            <Statement FileIndex="306" Line="107" Column="17" EndLine="107" EndColumn="64" Covered="True" />
            <Statement FileIndex="306" Line="108" Column="17" EndLine="108" EndColumn="65" Covered="True" />
            <Statement FileIndex="306" Line="110" Column="17" EndLine="110" EndColumn="45" Covered="True" />
            <Statement FileIndex="306" Line="111" Column="17" EndLine="111" EndColumn="53" Covered="True" />
            <Statement FileIndex="306" Line="113" Column="17" EndLine="117" EndColumn="20" Covered="True" />
            <Statement FileIndex="306" Line="119" Column="17" EndLine="126" EndColumn="24" Covered="True" />
            <Statement FileIndex="306" Line="127" Column="13" EndLine="127" EndColumn="14" Covered="True" />
          </Method>
          <Method Name="&lt;ConfigureWebHost&gt;b__25_5(MassTransit.IEntityFrameworkOutboxConfigurator):System.Void" CoveredStatements="4" TotalStatements="4" CoveragePercent="100">
            <Statement FileIndex="306" Line="114" Column="17" EndLine="114" EndColumn="18" Covered="True" />
            <Statement FileIndex="306" Line="115" Column="21" EndLine="115" EndColumn="80" Covered="True" />
            <Statement FileIndex="306" Line="116" Column="21" EndLine="116" EndColumn="48" Covered="True" />
            <Statement FileIndex="306" Line="117" Column="17" EndLine="117" EndColumn="18" Covered="True" />
          </Method>
          <Method Name="&lt;ConfigureWebHost&gt;b__25_6(MassTransit.IEntityFrameworkSagaRepositoryConfigurator&lt;CoffeeSpace.OrderingApi.Application.Messaging.Masstransit.Sagas.OrderStateInstance&gt;):System.Void" CoveredStatements="5" TotalStatements="5" CoveragePercent="100">
            <Statement FileIndex="306" Line="121" Column="21" EndLine="121" EndColumn="22" Covered="True" />
            <Statement FileIndex="306" Line="122" Column="25" EndLine="122" EndColumn="83" Covered="True" />
            <Statement FileIndex="306" Line="124" Column="25" EndLine="124" EndColumn="52" Covered="True" />
            <Statement FileIndex="306" Line="125" Column="25" EndLine="125" EndColumn="83" Covered="True" />
            <Statement FileIndex="306" Line="126" Column="21" EndLine="126" EndColumn="22" Covered="True" />
          </Method>
        </Type>
        <Type Name="&lt;DisposeAsync&gt;d__29" CoveredStatements="5" TotalStatements="5" CoveragePercent="100">
          <Method Name="MoveNext():System.Void" CoveredStatements="5" TotalStatements="5" CoveragePercent="100">
            <Statement FileIndex="306" Line="168" Column="5" EndLine="168" EndColumn="6" Covered="True" />
            <Statement FileIndex="306" Line="169" Column="9" EndLine="169" EndColumn="56" Covered="True" />
            <Statement FileIndex="306" Line="170" Column="9" EndLine="170" EndColumn="62" Covered="True" />
            <Statement FileIndex="306" Line="171" Column="9" EndLine="171" EndColumn="43" Covered="True" />
            <Statement FileIndex="306" Line="172" Column="5" EndLine="172" EndColumn="6" Covered="True" />
          </Method>
        </Type>
        <Type Name="&lt;InitializeAsync&gt;d__28" CoveredStatements="5" TotalStatements="5" CoveragePercent="100">
          <Method Name="MoveNext():System.Void" CoveredStatements="5" TotalStatements="5" CoveragePercent="100">
            <Statement FileIndex="306" Line="161" Column="5" EndLine="161" EndColumn="6" Covered="True" />
            <Statement FileIndex="306" Line="162" Column="9" EndLine="162" EndColumn="57" Covered="True" />
            <Statement FileIndex="306" Line="163" Column="9" EndLine="163" EndColumn="63" Covered="True" />
            <Statement FileIndex="306" Line="164" Column="9" EndLine="164" EndColumn="44" Covered="True" />
            <Statement FileIndex="306" Line="165" Column="5" EndLine="165" EndColumn="6" Covered="True" />
          </Method>
        </Type>
        <Method Name=".ctor():System.Void" CoveredStatements="12" TotalStatements="12" CoveragePercent="100">
          <Statement FileIndex="306" Line="51" Column="5" EndLine="51" EndColumn="32" Covered="True" />
          <Statement FileIndex="306" Line="52" Column="5" EndLine="52" EndColumn="6" Covered="True" />
          <Statement FileIndex="306" Line="53" Column="9" EndLine="59" EndColumn="22" Covered="True" />
          <Statement FileIndex="306" Line="61" Column="9" EndLine="67" EndColumn="22" Covered="True" />
          <Statement FileIndex="306" Line="69" Column="9" EndLine="72" EndColumn="22" Covered="True" />
          <Statement FileIndex="306" Line="74" Column="9" EndLine="74" EndColumn="72" Covered="True" />
          <Statement FileIndex="306" Line="75" Column="9" EndLine="75" EndColumn="66" Covered="True" />
          <Statement FileIndex="306" Line="76" Column="9" EndLine="76" EndColumn="77" Covered="True" />
          <Statement FileIndex="306" Line="77" Column="9" EndLine="77" EndColumn="59" Covered="True" />
          <Statement FileIndex="306" Line="79" Column="9" EndLine="80" EndColumn="111" Covered="True" />
          <Statement FileIndex="306" Line="81" Column="9" EndLine="82" EndColumn="117" Covered="True" />
          <Statement FileIndex="306" Line="83" Column="5" EndLine="83" EndColumn="6" Covered="True" />
        </Method>
        <Method Name="&lt;.ctor&gt;b__24_0(AutoBogus.IAutoFakerConfigBuilder):System.Void" CoveredStatements="1" TotalStatements="1" CoveragePercent="100">
          <Statement FileIndex="306" Line="80" Column="13" EndLine="80" EndColumn="109" Covered="True" />
        </Method>
        <Method Name="&lt;.ctor&gt;b__24_1(AutoBogus.IAutoFakerConfigBuilder):System.Void" CoveredStatements="1" TotalStatements="1" CoveragePercent="100">
          <Statement FileIndex="306" Line="82" Column="13" EndLine="82" EndColumn="107" Covered="True" />
        </Method>
        <Method Name="&lt;ConfigureWebHost&gt;b__25_0(Microsoft.Extensions.DependencyInjection.IServiceCollection):System.Void" CoveredStatements="7" TotalStatements="7" CoveragePercent="100">
          <Statement FileIndex="306" Line="102" Column="9" EndLine="102" EndColumn="10" Covered="True" />
          <Statement FileIndex="306" Line="103" Column="13" EndLine="103" EndColumn="94" Covered="True" />
          <Statement FileIndex="306" Line="104" Column="13" EndLine="127" EndColumn="16" Covered="True" />
          <Statement FileIndex="306" Line="129" Column="13" EndLine="133" EndColumn="27" Covered="True" />
          <Statement FileIndex="306" Line="135" Column="13" EndLine="139" EndColumn="27" Covered="True" />
          <Statement FileIndex="306" Line="141" Column="13" EndLine="141" EndColumn="51" Covered="True" />
          <Statement FileIndex="306" Line="142" Column="9" EndLine="142" EndColumn="10" Covered="True" />
        </Method>
        <Method Name="&lt;ConfigureWebHost&gt;b__25_3(System.IServiceProvider):Microsoft.EntityFrameworkCore.DbContextOptions&lt;CoffeeSpace.OrderingApi.Persistence.OrderingDbContext&gt;" CoveredStatements="1" TotalStatements="1" CoveragePercent="100">
          <Statement FileIndex="306" Line="129" Column="37" EndLine="133" EndColumn="25" Covered="True" />
        </Method>
        <Method Name="&lt;ConfigureWebHost&gt;b__25_4(System.IServiceProvider):Microsoft.EntityFrameworkCore.DbContextOptions&lt;CoffeeSpace.OrderingApi.Persistence.OrderStateSagaDbContext&gt;" CoveredStatements="1" TotalStatements="1" CoveragePercent="100">
          <Statement FileIndex="306" Line="135" Column="37" EndLine="139" EndColumn="25" Covered="True" />
        </Method>
        <Method Name="ConfigureClient(System.Net.Http.HttpClient):System.Void" CoveredStatements="5" TotalStatements="5" CoveragePercent="100">
          <Statement FileIndex="306" Line="146" Column="5" EndLine="146" EndColumn="6" Covered="True" />
          <Statement FileIndex="306" Line="147" Column="9" EndLine="147" EndColumn="86" Covered="True" />
          <Statement FileIndex="306" Line="148" Column="9" EndLine="148" EndColumn="48" Covered="True" />
          <Statement FileIndex="306" Line="150" Column="9" EndLine="150" EndColumn="101" Covered="True" />
          <Statement FileIndex="306" Line="151" Column="5" EndLine="151" EndColumn="6" Covered="True" />
        </Method>
        <Method Name="ConfigureWebHost(Microsoft.AspNetCore.Hosting.IWebHostBuilder):System.Void" CoveredStatements="14" TotalStatements="14" CoveragePercent="100">
          <Statement FileIndex="306" Line="86" Column="5" EndLine="86" EndColumn="6" Covered="True" />
          <Statement FileIndex="306" Line="87" Column="9" EndLine="87" EndColumn="111" Covered="True" />
          <Statement FileIndex="306" Line="88" Column="9" EndLine="88" EndColumn="123" Covered="True" />
          <Statement FileIndex="306" Line="89" Column="9" EndLine="89" EndColumn="93" Covered="True" />
          <Statement FileIndex="306" Line="91" Column="9" EndLine="91" EndColumn="48" Covered="True" />
          <Statement FileIndex="306" Line="92" Column="9" EndLine="92" EndColumn="53" Covered="True" />
          <Statement FileIndex="306" Line="93" Column="9" EndLine="93" EndColumn="53" Covered="True" />
          <Statement FileIndex="306" Line="95" Column="9" EndLine="95" EndColumn="68" Covered="True" />
          <Statement FileIndex="306" Line="96" Column="9" EndLine="96" EndColumn="66" Covered="True" />
          <Statement FileIndex="306" Line="97" Column="9" EndLine="97" EndColumn="65" Covered="True" />
          <Statement FileIndex="306" Line="98" Column="9" EndLine="98" EndColumn="47" Covered="True" />
          <Statement FileIndex="306" Line="100" Column="9" EndLine="100" EndColumn="77" Covered="True" />
          <Statement FileIndex="306" Line="101" Column="9" EndLine="142" EndColumn="12" Covered="True" />
          <Statement FileIndex="306" Line="143" Column="5" EndLine="143" EndColumn="6" Covered="True" />
        </Method>
        <Method Name="get_Addresses():System.Collections.Generic.IEnumerable&lt;CoffeeSpace.Domain.Ordering.BuyerInfo.Address&gt;" CoveredStatements="1" TotalStatements="1" CoveragePercent="100">
          <Statement FileIndex="306" Line="45" Column="45" EndLine="45" EndColumn="49" Covered="True" />
        </Method>
        <Method Name="get_Buyers():System.Collections.Generic.IEnumerable&lt;CoffeeSpace.Domain.Ordering.BuyerInfo.Buyer&gt;" CoveredStatements="1" TotalStatements="1" CoveragePercent="100">
          <Statement FileIndex="306" Line="47" Column="40" EndLine="47" EndColumn="44" Covered="True" />
        </Method>
        <Method Name="get_OrderItems():System.Collections.Generic.IEnumerable&lt;CoffeeSpace.Domain.Ordering.Orders.OrderItem&gt;" CoveredStatements="1" TotalStatements="1" CoveragePercent="100">
          <Statement FileIndex="306" Line="48" Column="48" EndLine="48" EndColumn="52" Covered="True" />
        </Method>
        <Method Name="get_Orders():System.Collections.Generic.IEnumerable&lt;CoffeeSpace.Domain.Ordering.Orders.Order&gt;" CoveredStatements="1" TotalStatements="1" CoveragePercent="100">
          <Statement FileIndex="306" Line="49" Column="40" EndLine="49" EndColumn="44" Covered="True" />
        </Method>
        <Method Name="get_PaymentInfos():System.Collections.Generic.IEnumerable&lt;CoffeeSpace.Domain.Ordering.BuyerInfo.CardInfo.PaymentInfo&gt;" CoveredStatements="1" TotalStatements="1" CoveragePercent="100">
          <Statement FileIndex="306" Line="46" Column="52" EndLine="46" EndColumn="56" Covered="True" />
        </Method>
        <Method Name="InitializeOrderingDbContext(Microsoft.Extensions.DependencyInjection.IServiceCollection):System.Void" CoveredStatements="16" TotalStatements="16" CoveragePercent="100">
          <Statement FileIndex="306" Line="190" Column="5" EndLine="190" EndColumn="6" Covered="True" />
          <Statement FileIndex="306" Line="191" Column="9" EndLine="191" EndColumn="87" Covered="True" />
          <Statement FileIndex="306" Line="192" Column="9" EndLine="192" EndColumn="105" Covered="True" />
          <Statement FileIndex="306" Line="193" Column="9" EndLine="193" EndColumn="117" Covered="True" />
          <Statement FileIndex="306" Line="195" Column="9" EndLine="195" EndColumn="52" Covered="True" />
          <Statement FileIndex="306" Line="196" Column="9" EndLine="196" EndColumn="58" Covered="True" />
          <Statement FileIndex="306" Line="198" Column="9" EndLine="198" EndColumn="59" Covered="True" />
          <Statement FileIndex="306" Line="199" Column="9" EndLine="199" EndColumn="57" Covered="True" />
          <Statement FileIndex="306" Line="200" Column="9" EndLine="200" EndColumn="63" Covered="True" />
          <Statement FileIndex="306" Line="201" Column="9" EndLine="201" EndColumn="41" Covered="True" />
          <Statement FileIndex="306" Line="203" Column="9" EndLine="203" EndColumn="51" Covered="True" />
          <Statement FileIndex="306" Line="204" Column="9" EndLine="204" EndColumn="51" Covered="True" />
          <Statement FileIndex="306" Line="205" Column="9" EndLine="205" EndColumn="41" Covered="True" />
          <Statement FileIndex="306" Line="207" Column="9" EndLine="207" EndColumn="44" Covered="True" />
          <Statement FileIndex="306" Line="208" Column="5" EndLine="208" EndColumn="6" Covered="True" />
          <Statement FileIndex="306" Line="208" Column="5" EndLine="208" EndColumn="6" Covered="True" />
        </Method>
        <Method Name="InitializeVerify():System.Void" CoveredStatements="4" TotalStatements="4" CoveragePercent="100">
          <Statement FileIndex="306" Line="155" Column="5" EndLine="155" EndColumn="6" Covered="True" />
          <Statement FileIndex="306" Line="156" Column="9" EndLine="156" EndColumn="52" Covered="True" />
          <Statement FileIndex="306" Line="157" Column="9" EndLine="157" EndColumn="40" Covered="True" />
          <Statement FileIndex="306" Line="158" Column="5" EndLine="158" EndColumn="6" Covered="True" />
        </Method>
        <Method Name="set_Addresses(System.Collections.Generic.IEnumerable&lt;CoffeeSpace.Domain.Ordering.BuyerInfo.Address&gt;):System.Void" CoveredStatements="1" TotalStatements="1" CoveragePercent="100">
          <Statement FileIndex="306" Line="45" Column="50" EndLine="45" EndColumn="55" Covered="True" />
        </Method>
        <Method Name="set_Buyers(System.Collections.Generic.IEnumerable&lt;CoffeeSpace.Domain.Ordering.BuyerInfo.Buyer&gt;):System.Void" CoveredStatements="1" TotalStatements="1" CoveragePercent="100">
          <Statement FileIndex="306" Line="47" Column="45" EndLine="47" EndColumn="50" Covered="True" />
        </Method>
        <Method Name="set_OrderItems(System.Collections.Generic.IEnumerable&lt;CoffeeSpace.Domain.Ordering.Orders.OrderItem&gt;):System.Void" CoveredStatements="1" TotalStatements="1" CoveragePercent="100">
          <Statement FileIndex="306" Line="48" Column="53" EndLine="48" EndColumn="58" Covered="True" />
        </Method>
        <Method Name="set_Orders(System.Collections.Generic.IEnumerable&lt;CoffeeSpace.Domain.Ordering.Orders.Order&gt;):System.Void" CoveredStatements="1" TotalStatements="1" CoveragePercent="100">
          <Statement FileIndex="306" Line="49" Column="45" EndLine="49" EndColumn="50" Covered="True" />
        </Method>
        <Method Name="set_PaymentInfos(System.Collections.Generic.IEnumerable&lt;CoffeeSpace.Domain.Ordering.BuyerInfo.CardInfo.PaymentInfo&gt;):System.Void" CoveredStatements="1" TotalStatements="1" CoveragePercent="100">
          <Statement FileIndex="306" Line="46" Column="57" EndLine="46" EndColumn="62" Covered="True" />
        </Method>
        <Method Name="WriteToken(CoffeeSpace.Core.Settings.JwtSettings):System.String" CoveredStatements="6" TotalStatements="6" CoveragePercent="100">
          <Statement FileIndex="306" Line="175" Column="5" EndLine="175" EndColumn="6" Covered="True" />
          <Statement FileIndex="306" Line="176" Column="9" EndLine="176" EndColumn="94" Covered="True" />
          <Statement FileIndex="306" Line="177" Column="9" EndLine="177" EndColumn="104" Covered="True" />
          <Statement FileIndex="306" Line="178" Column="9" EndLine="184" EndColumn="26" Covered="True" />
          <Statement FileIndex="306" Line="186" Column="9" EndLine="186" EndColumn="75" Covered="True" />
          <Statement FileIndex="306" Line="187" Column="5" EndLine="187" EndColumn="6" Covered="True" />
        </Method>
      </Type>
    </Namespace>
  </Assembly>
  <Assembly Name="CoffeeSpace.PaymentService" CoveredStatements="36" TotalStatements="79" CoveragePercent="46">
    <Namespace Name="CoffeeSpace.PaymentService.Consumers" CoveredStatements="13" TotalStatements="13" CoveragePercent="100">
      <Type Name="OrderPaymentValidationConsumer" CoveredStatements="13" TotalStatements="13" CoveragePercent="100">
        <Type Name="&lt;&gt;c" CoveredStatements="1" TotalStatements="1" CoveragePercent="100">
          <Method Name="&lt;Consume&gt;b__3_0(CoffeeSpace.Domain.Ordering.Orders.OrderItem):System.Single" CoveredStatements="1" TotalStatements="1" CoveragePercent="100">
            <Statement FileIndex="25" Line="29" Column="52" EndLine="29" EndColumn="59" Covered="True" />
          </Method>
        </Type>
        <Type Name="&lt;Consume&gt;d__3" CoveredStatements="7" TotalStatements="7" CoveragePercent="100">
          <Method Name="MoveNext():System.Void" CoveredStatements="7" TotalStatements="7" CoveragePercent="100">
            <Statement FileIndex="25" Line="21" Column="5" EndLine="21" EndColumn="6" Covered="True" />
            <Statement FileIndex="25" Line="22" Column="9" EndLine="22" EndColumn="43" Covered="True" />
            <Statement FileIndex="25" Line="23" Column="9" EndLine="30" EndColumn="39" Covered="True" />
            <Statement FileIndex="25" Line="32" Column="9" EndLine="32" EndColumn="51" Covered="True" />
            <Statement FileIndex="25" Line="33" Column="9" EndLine="33" EndColumn="105" Covered="True" />
            <Statement FileIndex="25" Line="35" Column="9" EndLine="39" EndColumn="12" Covered="True" />
            <Statement FileIndex="25" Line="40" Column="5" EndLine="40" EndColumn="6" Covered="True" />
          </Method>
        </Type>
        <Method Name=".ctor(CoffeeSpace.PaymentService.Repositories.Abstractions.IPaymentHistoryRepository,Microsoft.Extensions.Logging.ILogger&lt;CoffeeSpace.PaymentService.Consumers.OrderPaymentValidationConsumer&gt;):System.Void" CoveredStatements="5" TotalStatements="5" CoveragePercent="100">
          <Statement FileIndex="25" Line="14" Column="5" EndLine="14" EndColumn="135" Covered="True" />
          <Statement FileIndex="25" Line="15" Column="5" EndLine="15" EndColumn="6" Covered="True" />
          <Statement FileIndex="25" Line="16" Column="9" EndLine="16" EndColumn="48" Covered="True" />
          <Statement FileIndex="25" Line="17" Column="9" EndLine="17" EndColumn="26" Covered="True" />
          <Statement FileIndex="25" Line="18" Column="5" EndLine="18" EndColumn="6" Covered="True" />
        </Method>
      </Type>
    </Namespace>
    <Namespace Name="CoffeeSpace.PaymentService.Extensions" CoveredStatements="0" TotalStatements="3" CoveragePercent="0">
      <Type Name="HealthChecksExtensions" CoveredStatements="0" TotalStatements="3" CoveragePercent="0">
        <Method Name="AddServiceHealthChecks(Microsoft.Extensions.DependencyInjection.IServiceCollection,Microsoft.AspNetCore.Builder.WebApplicationBuilder):Microsoft.Extensions.DependencyInjection.IHealthChecksBuilder" CoveredStatements="0" TotalStatements="3" CoveragePercent="0">
          <Statement FileIndex="26" Line="6" Column="5" EndLine="6" EndColumn="6" Covered="False" />
          <Statement FileIndex="26" Line="7" Column="9" EndLine="9" EndColumn="112" Covered="False" />
          <Statement FileIndex="26" Line="10" Column="5" EndLine="10" EndColumn="6" Covered="False" />
        </Method>
      </Type>
    </Namespace>
    <Namespace Name="CoffeeSpace.PaymentService.Models" CoveredStatements="6" TotalStatements="10" CoveragePercent="60">
      <Type Name="PaymentHistory" CoveredStatements="6" TotalStatements="10" CoveragePercent="60">
        <Method Name="get_Id():System.String" CoveredStatements="0" TotalStatements="1" CoveragePercent="0">
          <Statement FileIndex="27" Line="5" Column="33" EndLine="5" EndColumn="37" Covered="False" />
        </Method>
        <Method Name="get_OrderDate():System.DateTime" CoveredStatements="0" TotalStatements="1" CoveragePercent="0">
          <Statement FileIndex="27" Line="11" Column="42" EndLine="11" EndColumn="46" Covered="False" />
        </Method>
        <Method Name="get_OrderId():System.String" CoveredStatements="0" TotalStatements="1" CoveragePercent="0">
          <Statement FileIndex="27" Line="7" Column="38" EndLine="7" EndColumn="42" Covered="False" />
        </Method>
        <Method Name="get_PaymentId():System.String" CoveredStatements="1" TotalStatements="1" CoveragePercent="100">
          <Statement FileIndex="27" Line="9" Column="40" EndLine="9" EndColumn="44" Covered="True" />
        </Method>
        <Method Name="get_TotalPrice():System.Single" CoveredStatements="0" TotalStatements="1" CoveragePercent="0">
          <Statement FileIndex="27" Line="13" Column="40" EndLine="13" EndColumn="44" Covered="False" />
        </Method>
        <Method Name="set_Id(System.String):System.Void" CoveredStatements="1" TotalStatements="1" CoveragePercent="100">
          <Statement FileIndex="27" Line="5" Column="38" EndLine="5" EndColumn="43" Covered="True" />
        </Method>
        <Method Name="set_OrderDate(System.DateTime):System.Void" CoveredStatements="1" TotalStatements="1" CoveragePercent="100">
          <Statement FileIndex="27" Line="11" Column="47" EndLine="11" EndColumn="52" Covered="True" />
        </Method>
        <Method Name="set_OrderId(System.String):System.Void" CoveredStatements="1" TotalStatements="1" CoveragePercent="100">
          <Statement FileIndex="27" Line="7" Column="43" EndLine="7" EndColumn="48" Covered="True" />
        </Method>
        <Method Name="set_PaymentId(System.String):System.Void" CoveredStatements="1" TotalStatements="1" CoveragePercent="100">
          <Statement FileIndex="27" Line="9" Column="45" EndLine="9" EndColumn="50" Covered="True" />
        </Method>
        <Method Name="set_TotalPrice(System.Single):System.Void" CoveredStatements="1" TotalStatements="1" CoveragePercent="100">
          <Statement FileIndex="27" Line="13" Column="45" EndLine="13" EndColumn="50" Covered="True" />
        </Method>
      </Type>
    </Namespace>
    <Namespace Name="CoffeeSpace.PaymentService.Repositories" CoveredStatements="17" TotalStatements="25" CoveragePercent="68">
      <Type Name="PaymentHistoryRepository" CoveredStatements="17" TotalStatements="25" CoveragePercent="68">
        <Type Name="&lt;CreateAsync&gt;d__4" CoveredStatements="5" TotalStatements="5" CoveragePercent="100">
          <Method Name="MoveNext():System.Void" CoveredStatements="5" TotalStatements="5" CoveragePercent="100">
            <Statement FileIndex="36" Line="33" Column="5" EndLine="33" EndColumn="6" Covered="True" />
            <Statement FileIndex="36" Line="34" Column="9" EndLine="34" EndColumn="94" Covered="True" />
            <Statement FileIndex="36" Line="35" Column="9" EndLine="35" EndColumn="82" Covered="True" />
            <Statement FileIndex="36" Line="37" Column="9" EndLine="37" EndColumn="27" Covered="True" />
            <Statement FileIndex="36" Line="38" Column="5" EndLine="38" EndColumn="6" Covered="True" />
          </Method>
        </Type>
        <Type Name="&lt;DeleteByIdAsync&gt;d__6" CoveredStatements="0" TotalStatements="4" CoveragePercent="0">
          <Method Name="MoveNext():System.Void" CoveredStatements="0" TotalStatements="4" CoveragePercent="0">
            <Statement FileIndex="36" Line="54" Column="5" EndLine="54" EndColumn="6" Covered="False" />
            <Statement FileIndex="36" Line="55" Column="9" EndLine="57" EndColumn="52" Covered="False" />
            <Statement FileIndex="36" Line="59" Column="9" EndLine="59" EndColumn="27" Covered="False" />
            <Statement FileIndex="36" Line="60" Column="5" EndLine="60" EndColumn="6" Covered="False" />
          </Method>
        </Type>
        <Type Name="&lt;GetAllAsync&gt;d__2" CoveredStatements="4" TotalStatements="4" CoveragePercent="100">
          <Method Name="MoveNext():System.Void" CoveredStatements="4" TotalStatements="4" CoveragePercent="100">
            <Statement FileIndex="36" Line="18" Column="5" EndLine="18" EndColumn="6" Covered="True" />
            <Statement FileIndex="36" Line="19" Column="9" EndLine="19" EndColumn="96" Covered="True" />
            <Statement FileIndex="36" Line="21" Column="9" EndLine="23" EndColumn="50" Covered="True" />
            <Statement FileIndex="36" Line="24" Column="5" EndLine="24" EndColumn="6" Covered="True" />
          </Method>
        </Type>
        <Type Name="&lt;GetByIdAsync&gt;d__3" CoveredStatements="4" TotalStatements="4" CoveragePercent="100">
          <Method Name="MoveNext():System.Void" CoveredStatements="4" TotalStatements="4" CoveragePercent="100">
            <Statement FileIndex="36" Line="27" Column="5" EndLine="27" EndColumn="6" Covered="True" />
            <Statement FileIndex="36" Line="28" Column="9" EndLine="28" EndColumn="120" Covered="True" />
            <Statement FileIndex="36" Line="29" Column="9" EndLine="29" EndColumn="31" Covered="True" />
            <Statement FileIndex="36" Line="30" Column="5" EndLine="30" EndColumn="6" Covered="True" />
          </Method>
        </Type>
        <Type Name="&lt;UpdateAsync&gt;d__5" CoveredStatements="0" TotalStatements="4" CoveragePercent="0">
          <Method Name="MoveNext():System.Void" CoveredStatements="0" TotalStatements="4" CoveragePercent="0">
            <Statement FileIndex="36" Line="41" Column="5" EndLine="41" EndColumn="6" Covered="False" />
            <Statement FileIndex="36" Line="42" Column="9" EndLine="46" EndColumn="108" Covered="False" />
            <Statement FileIndex="36" Line="48" Column="9" EndLine="50" EndColumn="20" Covered="False" />
            <Statement FileIndex="36" Line="51" Column="5" EndLine="51" EndColumn="6" Covered="False" />
          </Method>
        </Type>
        <Method Name=".ctor(CoffeeSpace.PaymentService.Persistence.Abstractions.IPaymentDbContext):System.Void" CoveredStatements="4" TotalStatements="4" CoveragePercent="100">
          <Statement FileIndex="36" Line="12" Column="5" EndLine="12" EndColumn="72" Covered="True" />
          <Statement FileIndex="36" Line="13" Column="5" EndLine="13" EndColumn="6" Covered="True" />
          <Statement FileIndex="36" Line="14" Column="9" EndLine="14" EndColumn="46" Covered="True" />
          <Statement FileIndex="36" Line="15" Column="5" EndLine="15" EndColumn="6" Covered="True" />
        </Method>
      </Type>
    </Namespace>
    <Type Name="Program" CoveredStatements="0" TotalStatements="28" CoveragePercent="0">
      <Type Name="&lt;&gt;c" CoveredStatements="0" TotalStatements="13" CoveragePercent="0">
        <Method Name="&lt;&lt;Main&gt;$&gt;b__0_0(Microsoft.Extensions.Hosting.HostBuilderContext,Serilog.LoggerConfiguration):System.Void" CoveredStatements="0" TotalStatements="1" CoveragePercent="0">
          <Statement FileIndex="34" Line="15" Column="5" EndLine="15" EndColumn="64" Covered="False" />
        </Method>
        <Method Name="&lt;&lt;Main&gt;$&gt;b__0_1(MassTransit.IBusRegistrationConfigurator):System.Void" CoveredStatements="0" TotalStatements="5" CoveragePercent="0">
          <Statement FileIndex="34" Line="28" Column="1" EndLine="28" EndColumn="2" Covered="False" />
          <Statement FileIndex="34" Line="29" Column="5" EndLine="29" EndColumn="43" Covered="False" />
          <Statement FileIndex="34" Line="30" Column="5" EndLine="30" EndColumn="53" Covered="False" />
          <Statement FileIndex="34" Line="32" Column="5" EndLine="44" EndColumn="8" Covered="False" />
          <Statement FileIndex="34" Line="45" Column="1" EndLine="45" EndColumn="2" Covered="False" />
        </Method>
        <Method Name="&lt;&lt;Main&gt;$&gt;b__0_2(MassTransit.IBusRegistrationContext,MassTransit.IAmazonSqsBusFactoryConfigurator):System.Void" CoveredStatements="0" TotalStatements="7" CoveragePercent="0">
          <Statement FileIndex="34" Line="33" Column="5" EndLine="33" EndColumn="6" Covered="False" />
          <Statement FileIndex="34" Line="34" Column="9" EndLine="34" EndColumn="94" Covered="False" />
          <Statement FileIndex="34" Line="35" Column="9" EndLine="39" EndColumn="12" Covered="False" />
          <Statement FileIndex="34" Line="40" Column="9" EndLine="40" EndColumn="46" Covered="False" />
          <Statement FileIndex="34" Line="41" Column="9" EndLine="41" EndColumn="48" Covered="False" />
          <Statement FileIndex="34" Line="43" Column="9" EndLine="43" EndColumn="44" Covered="False" />
          <Statement FileIndex="34" Line="44" Column="5" EndLine="44" EndColumn="6" Covered="False" />
        </Method>
      </Type>
      <Type Name="&lt;&gt;c__DisplayClass0_0" CoveredStatements="0" TotalStatements="4" CoveragePercent="0">
        <Method Name="&lt;&lt;Main&gt;$&gt;b__3(MassTransit.IAmazonSqsHostConfigurator):System.Void" CoveredStatements="0" TotalStatements="4" CoveragePercent="0">
          <Statement FileIndex="34" Line="36" Column="9" EndLine="36" EndColumn="10" Covered="False" />
          <Statement FileIndex="34" Line="37" Column="13" EndLine="37" EndColumn="57" Covered="False" />
          <Statement FileIndex="34" Line="38" Column="13" EndLine="38" EndColumn="57" Covered="False" />
          <Statement FileIndex="34" Line="39" Column="9" EndLine="39" EndColumn="10" Covered="False" />
        </Method>
      </Type>
      <Method Name="&lt;Main&gt;$(System.String[]):System.Void" CoveredStatements="0" TotalStatements="11" CoveragePercent="0">
        <Statement FileIndex="34" Line="12" Column="1" EndLine="12" EndColumn="50" Covered="False" />
        <Statement FileIndex="34" Line="14" Column="1" EndLine="15" EndColumn="66" Covered="False" />
        <Statement FileIndex="34" Line="17" Column="1" EndLine="17" EndColumn="42" Covered="False" />
        <Statement FileIndex="34" Line="19" Column="1" EndLine="19" EndColumn="126" Covered="False" />
        <Statement FileIndex="34" Line="21" Column="1" EndLine="21" EndColumn="69" Covered="False" />
        <Statement FileIndex="34" Line="23" Column="1" EndLine="25" EndColumn="24" Covered="False" />
        <Statement FileIndex="34" Line="27" Column="1" EndLine="45" EndColumn="4" Covered="False" />
        <Statement FileIndex="34" Line="47" Column="1" EndLine="47" EndColumn="50" Covered="False" />
        <Statement FileIndex="34" Line="49" Column="1" EndLine="49" EndColumn="27" Covered="False" />
        <Statement FileIndex="34" Line="51" Column="1" EndLine="51" EndColumn="33" Covered="False" />
        <Statement FileIndex="34" Line="53" Column="1" EndLine="53" EndColumn="11" Covered="False" />
      </Method>
    </Type>
  </Assembly>
  <Assembly Name="CoffeeSpace.PaymentService.Tests" CoveredStatements="62" TotalStatements="62" CoveragePercent="100">
    <Namespace Name="CoffeeSpace.PaymentService.Tests.Consumers" CoveredStatements="25" TotalStatements="25" CoveragePercent="100">
      <Type Name="OrderPaymentValidationConsumerTests" CoveredStatements="25" TotalStatements="25" CoveragePercent="100">
        <Type Name="&lt;&gt;c" CoveredStatements="1" TotalStatements="1" CoveragePercent="100">
          <Method Name="&lt;.ctor&gt;b__4_1(MassTransit.IBusRegistrationConfigurator):System.Void" CoveredStatements="1" TotalStatements="1" CoveragePercent="100">
            <Statement FileIndex="19" Line="30" Column="50" EndLine="30" EndColumn="102" Covered="True" />
          </Method>
        </Type>
        <Type Name="&lt;Consume_ShouldConsumeMessage_AndCheckPayment&gt;d__5" CoveredStatements="8" TotalStatements="8" CoveragePercent="100">
          <Method Name="MoveNext():System.Void" CoveredStatements="8" TotalStatements="8" CoveragePercent="100">
            <Statement FileIndex="19" Line="42" Column="5" EndLine="42" EndColumn="6" Covered="True" />
            <Statement FileIndex="19" Line="44" Column="9" EndLine="45" EndColumn="28" Covered="True" />
            <Statement FileIndex="19" Line="48" Column="9" EndLine="51" EndColumn="12" Covered="True" />
            <Statement FileIndex="19" Line="54" Column="9" EndLine="54" EndColumn="94" Covered="True" />
            <Statement FileIndex="19" Line="55" Column="9" EndLine="55" EndColumn="39" Covered="True" />
            <Statement FileIndex="19" Line="57" Column="9" EndLine="57" EndColumn="47" Covered="True" />
            <Statement FileIndex="19" Line="58" Column="9" EndLine="58" EndColumn="121" Covered="True" />
            <Statement FileIndex="19" Line="59" Column="5" EndLine="59" EndColumn="6" Covered="True" />
          </Method>
        </Type>
        <Type Name="&lt;DisposeAsync&gt;d__7" CoveredStatements="3" TotalStatements="3" CoveragePercent="100">
          <Method Name="MoveNext():System.Void" CoveredStatements="3" TotalStatements="3" CoveragePercent="100">
            <Statement FileIndex="19" Line="67" Column="5" EndLine="67" EndColumn="6" Covered="True" />
            <Statement FileIndex="19" Line="68" Column="9" EndLine="68" EndColumn="35" Covered="True" />
            <Statement FileIndex="19" Line="69" Column="5" EndLine="69" EndColumn="6" Covered="True" />
          </Method>
        </Type>
        <Type Name="&lt;InitializeAsync&gt;d__6" CoveredStatements="3" TotalStatements="3" CoveragePercent="100">
          <Method Name="MoveNext():System.Void" CoveredStatements="3" TotalStatements="3" CoveragePercent="100">
            <Statement FileIndex="19" Line="62" Column="5" EndLine="62" EndColumn="6" Covered="True" />
            <Statement FileIndex="19" Line="63" Column="9" EndLine="63" EndColumn="36" Covered="True" />
            <Statement FileIndex="19" Line="64" Column="5" EndLine="64" EndColumn="6" Covered="True" />
          </Method>
        </Type>
        <Method Name=".ctor():System.Void" CoveredStatements="9" TotalStatements="9" CoveragePercent="100">
          <Statement FileIndex="19" Line="25" Column="5" EndLine="25" EndColumn="49" Covered="True" />
          <Statement FileIndex="19" Line="26" Column="5" EndLine="26" EndColumn="6" Covered="True" />
          <Statement FileIndex="19" Line="27" Column="9" EndLine="27" EndColumn="81" Covered="True" />
          <Statement FileIndex="19" Line="28" Column="9" EndLine="31" EndColumn="41" Covered="True" />
          <Statement FileIndex="19" Line="33" Column="9" EndLine="33" EndColumn="34" Covered="True" />
          <Statement FileIndex="19" Line="34" Column="9" EndLine="34" EndColumn="64" Covered="True" />
          <Statement FileIndex="19" Line="36" Column="9" EndLine="36" EndColumn="57" Covered="True" />
          <Statement FileIndex="19" Line="37" Column="9" EndLine="37" EndColumn="98" Covered="True" />
          <Statement FileIndex="19" Line="38" Column="5" EndLine="38" EndColumn="6" Covered="True" />
        </Method>
        <Method Name="&lt;.ctor&gt;b__4_0(System.IServiceProvider):CoffeeSpace.PaymentService.Repositories.Abstractions.IPaymentHistoryRepository" CoveredStatements="1" TotalStatements="1" CoveragePercent="100">
          <Statement FileIndex="19" Line="29" Column="56" EndLine="29" EndColumn="81" Covered="True" />
        </Method>
      </Type>
    </Namespace>
    <Namespace Name="CoffeeSpace.PaymentService.Tests.Repositories" CoveredStatements="37" TotalStatements="37" CoveragePercent="100">
      <Type Name="PaymentHistoryRepositoryTests" CoveredStatements="37" TotalStatements="37" CoveragePercent="100">
        <Type Name="&lt;CreateAsync_ShouldReturnFalse_WhenPaymentHistoryWasNotCreated&gt;d__10" CoveredStatements="6" TotalStatements="6" CoveragePercent="100">
          <Method Name="MoveNext():System.Void" CoveredStatements="6" TotalStatements="6" CoveragePercent="100">
            <Statement FileIndex="20" Line="94" Column="5" EndLine="94" EndColumn="6" Covered="True" />
            <Statement FileIndex="20" Line="96" Column="9" EndLine="96" EndColumn="72" Covered="True" />
            <Statement FileIndex="20" Line="97" Column="9" EndLine="98" EndColumn="25" Covered="True" />
            <Statement FileIndex="20" Line="101" Column="9" EndLine="101" EndColumn="115" Covered="True" />
            <Statement FileIndex="20" Line="104" Column="9" EndLine="104" EndColumn="35" Covered="True" />
            <Statement FileIndex="20" Line="105" Column="5" EndLine="105" EndColumn="6" Covered="True" />
          </Method>
        </Type>
        <Type Name="&lt;CreateAsync_ShouldReturnTrue_WhenPaymentHistoryWasCreated&gt;d__9" CoveredStatements="6" TotalStatements="6" CoveragePercent="100">
          <Method Name="MoveNext():System.Void" CoveredStatements="6" TotalStatements="6" CoveragePercent="100">
            <Statement FileIndex="20" Line="79" Column="5" EndLine="79" EndColumn="6" Covered="True" />
            <Statement FileIndex="20" Line="81" Column="9" EndLine="81" EndColumn="72" Covered="True" />
            <Statement FileIndex="20" Line="82" Column="9" EndLine="83" EndColumn="25" Covered="True" />
            <Statement FileIndex="20" Line="86" Column="9" EndLine="86" EndColumn="115" Covered="True" />
            <Statement FileIndex="20" Line="89" Column="9" EndLine="89" EndColumn="34" Covered="True" />
            <Statement FileIndex="20" Line="90" Column="5" EndLine="90" EndColumn="6" Covered="True" />
          </Method>
        </Type>
        <Type Name="&lt;GetAllAsync_ShouldReturnAllPaymentHistories&gt;d__6" CoveredStatements="4" TotalStatements="4" CoveragePercent="100">
          <Method Name="MoveNext():System.Void" CoveredStatements="4" TotalStatements="4" CoveragePercent="100">
            <Statement FileIndex="20" Line="37" Column="5" EndLine="37" EndColumn="6" Covered="True" />
            <Statement FileIndex="20" Line="41" Column="9" EndLine="41" EndColumn="90" Covered="True" />
            <Statement FileIndex="20" Line="44" Column="9" EndLine="44" EndColumn="59" Covered="True" />
            <Statement FileIndex="20" Line="45" Column="5" EndLine="45" EndColumn="6" Covered="True" />
          </Method>
        </Type>
        <Type Name="&lt;GetByIdAsync_ShouldReturnNull_WhenPaymentHistoryDoesNotExist&gt;d__8" CoveredStatements="6" TotalStatements="6" CoveragePercent="100">
          <Method Name="MoveNext():System.Void" CoveredStatements="6" TotalStatements="6" CoveragePercent="100">
            <Statement FileIndex="20" Line="64" Column="5" EndLine="64" EndColumn="6" Covered="True" />
            <Statement FileIndex="20" Line="66" Column="9" EndLine="66" EndColumn="64" Covered="True" />
            <Statement FileIndex="20" Line="67" Column="9" EndLine="68" EndColumn="28" Covered="True" />
            <Statement FileIndex="20" Line="71" Column="9" EndLine="71" EndColumn="125" Covered="True" />
            <Statement FileIndex="20" Line="74" Column="9" EndLine="74" EndColumn="34" Covered="True" />
            <Statement FileIndex="20" Line="75" Column="5" EndLine="75" EndColumn="6" Covered="True" />
          </Method>
        </Type>
        <Type Name="&lt;GetByIdAsync_ShouldReturnPaymentHistory_WhenPaymentHistoryExists&gt;d__7" CoveredStatements="6" TotalStatements="6" CoveragePercent="100">
          <Method Name="MoveNext():System.Void" CoveredStatements="6" TotalStatements="6" CoveragePercent="100">
            <Statement FileIndex="20" Line="49" Column="5" EndLine="49" EndColumn="6" Covered="True" />
            <Statement FileIndex="20" Line="51" Column="9" EndLine="51" EndColumn="64" Covered="True" />
            <Statement FileIndex="20" Line="52" Column="9" EndLine="53" EndColumn="46" Covered="True" />
            <Statement FileIndex="20" Line="56" Column="9" EndLine="56" EndColumn="125" Covered="True" />
            <Statement FileIndex="20" Line="59" Column="9" EndLine="59" EndColumn="64" Covered="True" />
            <Statement FileIndex="20" Line="60" Column="5" EndLine="60" EndColumn="6" Covered="True" />
          </Method>
        </Type>
        <Method Name=".ctor():System.Void" CoveredStatements="9" TotalStatements="9" CoveragePercent="100">
          <Statement FileIndex="20" Line="23" Column="5" EndLine="23" EndColumn="43" Covered="True" />
          <Statement FileIndex="20" Line="24" Column="5" EndLine="24" EndColumn="6" Covered="True" />
          <Statement FileIndex="20" Line="25" Column="9" EndLine="25" EndColumn="34" Covered="True" />
          <Statement FileIndex="20" Line="26" Column="9" EndLine="26" EndColumn="67" Covered="True" />
          <Statement FileIndex="20" Line="28" Column="9" EndLine="28" EndColumn="58" Covered="True" />
          <Statement FileIndex="20" Line="29" Column="9" EndLine="29" EndColumn="83" Covered="True" />
          <Statement FileIndex="20" Line="30" Column="9" EndLine="30" EndColumn="69" Covered="True" />
          <Statement FileIndex="20" Line="32" Column="9" EndLine="32" EndColumn="78" Covered="True" />
          <Statement FileIndex="20" Line="33" Column="5" EndLine="33" EndColumn="6" Covered="True" />
        </Method>
      </Type>
    </Namespace>
  </Assembly>
  <Assembly Name="CoffeeSpace.ProductApi" CoveredStatements="289" TotalStatements="328" CoveragePercent="88">
    <Namespace Name="CoffeeSpace.ProductApi.Application.Contracts.Requests" CoveredStatements="31" TotalStatements="32" CoveragePercent="97">
      <Type Name="CreateProductRequest" CoveredStatements="12" TotalStatements="12" CoveragePercent="100">
        <Method Name=".ctor():System.Void" CoveredStatements="1" TotalStatements="1" CoveragePercent="100">
          <Statement FileIndex="222" Line="5" Column="31" EndLine="5" EndColumn="45" Covered="True" />
        </Method>
        <Method Name="get_Description():System.String" CoveredStatements="1" TotalStatements="1" CoveragePercent="100">
          <Statement FileIndex="222" Line="9" Column="42" EndLine="9" EndColumn="46" Covered="True" />
        </Method>
        <Method Name="get_Discount():System.Single" CoveredStatements="1" TotalStatements="1" CoveragePercent="100">
          <Statement FileIndex="222" Line="13" Column="38" EndLine="13" EndColumn="42" Covered="True" />
        </Method>
        <Method Name="get_Id():System.Guid" CoveredStatements="1" TotalStatements="1" CoveragePercent="100">
          <Statement FileIndex="222" Line="5" Column="22" EndLine="5" EndColumn="26" Covered="True" />
        </Method>
        <Method Name="get_Quantity():System.Int32" CoveredStatements="1" TotalStatements="1" CoveragePercent="100">
          <Statement FileIndex="222" Line="15" Column="37" EndLine="15" EndColumn="41" Covered="True" />
        </Method>
        <Method Name="get_Title():System.String" CoveredStatements="1" TotalStatements="1" CoveragePercent="100">
          <Statement FileIndex="222" Line="7" Column="36" EndLine="7" EndColumn="40" Covered="True" />
        </Method>
        <Method Name="get_UnitPrice():System.Single" CoveredStatements="1" TotalStatements="1" CoveragePercent="100">
          <Statement FileIndex="222" Line="11" Column="39" EndLine="11" EndColumn="43" Covered="True" />
        </Method>
        <Method Name="set_Description(System.String):System.Void" CoveredStatements="1" TotalStatements="1" CoveragePercent="100">
          <Statement FileIndex="222" Line="9" Column="47" EndLine="9" EndColumn="52" Covered="True" />
        </Method>
        <Method Name="set_Discount(System.Single):System.Void" CoveredStatements="1" TotalStatements="1" CoveragePercent="100">
          <Statement FileIndex="222" Line="13" Column="43" EndLine="13" EndColumn="48" Covered="True" />
        </Method>
        <Method Name="set_Quantity(System.Int32):System.Void" CoveredStatements="1" TotalStatements="1" CoveragePercent="100">
          <Statement FileIndex="222" Line="15" Column="42" EndLine="15" EndColumn="47" Covered="True" />
        </Method>
        <Method Name="set_Title(System.String):System.Void" CoveredStatements="1" TotalStatements="1" CoveragePercent="100">
          <Statement FileIndex="222" Line="7" Column="41" EndLine="7" EndColumn="46" Covered="True" />
        </Method>
        <Method Name="set_UnitPrice(System.Single):System.Void" CoveredStatements="1" TotalStatements="1" CoveragePercent="100">
          <Statement FileIndex="222" Line="11" Column="44" EndLine="11" EndColumn="49" Covered="True" />
        </Method>
      </Type>
      <Type Name="DeleteProductByIdRequest" CoveredStatements="2" TotalStatements="2" CoveragePercent="100">
        <Method Name="get_Id():System.Guid" CoveredStatements="1" TotalStatements="1" CoveragePercent="100">
          <Statement FileIndex="223" Line="5" Column="31" EndLine="5" EndColumn="35" Covered="True" />
        </Method>
        <Method Name="set_Id(System.Guid):System.Void" CoveredStatements="1" TotalStatements="1" CoveragePercent="100">
          <Statement FileIndex="223" Line="5" Column="36" EndLine="5" EndColumn="41" Covered="True" />
        </Method>
      </Type>
      <Type Name="GetPagedProductsRequest" CoveredStatements="3" TotalStatements="4" CoveragePercent="75">
        <Method Name="get_Page():System.Int32" CoveredStatements="0" TotalStatements="1" CoveragePercent="0">
          <Statement FileIndex="224" Line="5" Column="32" EndLine="5" EndColumn="36" Covered="False" />
        </Method>
        <Method Name="get_PageSize():System.Int32" CoveredStatements="1" TotalStatements="1" CoveragePercent="100">
          <Statement FileIndex="224" Line="7" Column="36" EndLine="7" EndColumn="40" Covered="True" />
        </Method>
        <Method Name="set_Page(System.Int32):System.Void" CoveredStatements="1" TotalStatements="1" CoveragePercent="100">
          <Statement FileIndex="224" Line="5" Column="37" EndLine="5" EndColumn="42" Covered="True" />
        </Method>
        <Method Name="set_PageSize(System.Int32):System.Void" CoveredStatements="1" TotalStatements="1" CoveragePercent="100">
          <Statement FileIndex="224" Line="7" Column="41" EndLine="7" EndColumn="46" Covered="True" />
        </Method>
      </Type>
      <Type Name="GetProductByIdRequest" CoveredStatements="2" TotalStatements="2" CoveragePercent="100">
        <Method Name="get_Id():System.Guid" CoveredStatements="1" TotalStatements="1" CoveragePercent="100">
          <Statement FileIndex="225" Line="5" Column="31" EndLine="5" EndColumn="35" Covered="True" />
        </Method>
        <Method Name="set_Id(System.Guid):System.Void" CoveredStatements="1" TotalStatements="1" CoveragePercent="100">
          <Statement FileIndex="225" Line="5" Column="36" EndLine="5" EndColumn="41" Covered="True" />
        </Method>
      </Type>
      <Type Name="UpdateProductRequest" CoveredStatements="12" TotalStatements="12" CoveragePercent="100">
        <Method Name="get_Description():System.String" CoveredStatements="1" TotalStatements="1" CoveragePercent="100">
          <Statement FileIndex="226" Line="9" Column="42" EndLine="9" EndColumn="46" Covered="True" />
        </Method>
        <Method Name="get_Discount():System.Single" CoveredStatements="1" TotalStatements="1" CoveragePercent="100">
          <Statement FileIndex="226" Line="13" Column="38" EndLine="13" EndColumn="42" Covered="True" />
        </Method>
        <Method Name="get_Id():System.Guid" CoveredStatements="1" TotalStatements="1" CoveragePercent="100">
          <Statement FileIndex="226" Line="5" Column="22" EndLine="5" EndColumn="26" Covered="True" />
        </Method>
        <Method Name="get_Quantity():System.Int32" CoveredStatements="1" TotalStatements="1" CoveragePercent="100">
          <Statement FileIndex="226" Line="15" Column="37" EndLine="15" EndColumn="41" Covered="True" />
        </Method>
        <Method Name="get_Title():System.String" CoveredStatements="1" TotalStatements="1" CoveragePercent="100">
          <Statement FileIndex="226" Line="7" Column="36" EndLine="7" EndColumn="40" Covered="True" />
        </Method>
        <Method Name="get_UnitPrice():System.Single" CoveredStatements="1" TotalStatements="1" CoveragePercent="100">
          <Statement FileIndex="226" Line="11" Column="39" EndLine="11" EndColumn="43" Covered="True" />
        </Method>
        <Method Name="set_Description(System.String):System.Void" CoveredStatements="1" TotalStatements="1" CoveragePercent="100">
          <Statement FileIndex="226" Line="9" Column="47" EndLine="9" EndColumn="52" Covered="True" />
        </Method>
        <Method Name="set_Discount(System.Single):System.Void" CoveredStatements="1" TotalStatements="1" CoveragePercent="100">
          <Statement FileIndex="226" Line="13" Column="43" EndLine="13" EndColumn="48" Covered="True" />
        </Method>
        <Method Name="set_Id(System.Guid):System.Void" CoveredStatements="1" TotalStatements="1" CoveragePercent="100">
          <Statement FileIndex="226" Line="5" Column="27" EndLine="5" EndColumn="40" Covered="True" />
        </Method>
        <Method Name="set_Quantity(System.Int32):System.Void" CoveredStatements="1" TotalStatements="1" CoveragePercent="100">
          <Statement FileIndex="226" Line="15" Column="42" EndLine="15" EndColumn="47" Covered="True" />
        </Method>
        <Method Name="set_Title(System.String):System.Void" CoveredStatements="1" TotalStatements="1" CoveragePercent="100">
          <Statement FileIndex="226" Line="7" Column="41" EndLine="7" EndColumn="46" Covered="True" />
        </Method>
        <Method Name="set_UnitPrice(System.Single):System.Void" CoveredStatements="1" TotalStatements="1" CoveragePercent="100">
          <Statement FileIndex="226" Line="11" Column="44" EndLine="11" EndColumn="49" Covered="True" />
        </Method>
      </Type>
    </Namespace>
    <Namespace Name="CoffeeSpace.ProductApi.Application.Contracts.Responses" CoveredStatements="12" TotalStatements="12" CoveragePercent="100">
      <Type Name="ProductResponse" CoveredStatements="12" TotalStatements="12" CoveragePercent="100">
        <Method Name="get_Description():System.String" CoveredStatements="1" TotalStatements="1" CoveragePercent="100">
          <Statement FileIndex="227" Line="9" Column="42" EndLine="9" EndColumn="46" Covered="True" />
        </Method>
        <Method Name="get_Discount():System.Single" CoveredStatements="1" TotalStatements="1" CoveragePercent="100">
          <Statement FileIndex="227" Line="13" Column="38" EndLine="13" EndColumn="42" Covered="True" />
        </Method>
        <Method Name="get_Id():System.String" CoveredStatements="1" TotalStatements="1" CoveragePercent="100">
          <Statement FileIndex="227" Line="5" Column="33" EndLine="5" EndColumn="37" Covered="True" />
        </Method>
        <Method Name="get_Quantity():System.Int32" CoveredStatements="1" TotalStatements="1" CoveragePercent="100">
          <Statement FileIndex="227" Line="15" Column="37" EndLine="15" EndColumn="41" Covered="True" />
        </Method>
        <Method Name="get_Title():System.String" CoveredStatements="1" TotalStatements="1" CoveragePercent="100">
          <Statement FileIndex="227" Line="7" Column="36" EndLine="7" EndColumn="40" Covered="True" />
        </Method>
        <Method Name="get_UnitPrice():System.Single" CoveredStatements="1" TotalStatements="1" CoveragePercent="100">
          <Statement FileIndex="227" Line="11" Column="39" EndLine="11" EndColumn="43" Covered="True" />
        </Method>
        <Method Name="set_Description(System.String):System.Void" CoveredStatements="1" TotalStatements="1" CoveragePercent="100">
          <Statement FileIndex="227" Line="9" Column="47" EndLine="9" EndColumn="52" Covered="True" />
        </Method>
        <Method Name="set_Discount(System.Single):System.Void" CoveredStatements="1" TotalStatements="1" CoveragePercent="100">
          <Statement FileIndex="227" Line="13" Column="43" EndLine="13" EndColumn="48" Covered="True" />
        </Method>
        <Method Name="set_Id(System.String):System.Void" CoveredStatements="1" TotalStatements="1" CoveragePercent="100">
          <Statement FileIndex="227" Line="5" Column="38" EndLine="5" EndColumn="43" Covered="True" />
        </Method>
        <Method Name="set_Quantity(System.Int32):System.Void" CoveredStatements="1" TotalStatements="1" CoveragePercent="100">
          <Statement FileIndex="227" Line="15" Column="42" EndLine="15" EndColumn="47" Covered="True" />
        </Method>
        <Method Name="set_Title(System.String):System.Void" CoveredStatements="1" TotalStatements="1" CoveragePercent="100">
          <Statement FileIndex="227" Line="7" Column="41" EndLine="7" EndColumn="46" Covered="True" />
        </Method>
        <Method Name="set_UnitPrice(System.Single):System.Void" CoveredStatements="1" TotalStatements="1" CoveragePercent="100">
          <Statement FileIndex="227" Line="11" Column="44" EndLine="11" EndColumn="49" Covered="True" />
        </Method>
      </Type>
    </Namespace>
    <Namespace Name="CoffeeSpace.ProductApi.Application.Extensions" CoveredStatements="12" TotalStatements="15" CoveragePercent="80">
      <Type Name="ApiVersionExtensions" CoveredStatements="9" TotalStatements="9" CoveragePercent="100">
        <Type Name="&lt;&gt;c__DisplayClass0_0" CoveredStatements="6" TotalStatements="6" CoveragePercent="100">
          <Method Name="&lt;AddApiVersioning&gt;b__0(Asp.Versioning.ApiVersioningOptions):System.Void" CoveredStatements="6" TotalStatements="6" CoveragePercent="100">
            <Statement FileIndex="228" Line="10" Column="13" EndLine="10" EndColumn="14" Covered="True" />
            <Statement FileIndex="228" Line="11" Column="17" EndLine="11" EndColumn="45" Covered="True" />
            <Statement FileIndex="228" Line="12" Column="17" EndLine="12" EndColumn="59" Covered="True" />
            <Statement FileIndex="228" Line="13" Column="17" EndLine="13" EndColumn="44" Covered="True" />
            <Statement FileIndex="228" Line="14" Column="17" EndLine="14" EndColumn="78" Covered="True" />
            <Statement FileIndex="228" Line="15" Column="13" EndLine="15" EndColumn="14" Covered="True" />
          </Method>
        </Type>
        <Method Name="AddApiVersioning(Microsoft.Extensions.DependencyInjection.IServiceCollection,Asp.Versioning.IApiVersionReader,System.Boolean):Asp.Versioning.IApiVersioningBuilder" CoveredStatements="3" TotalStatements="3" CoveragePercent="100">
          <Statement FileIndex="228" Line="8" Column="5" EndLine="8" EndColumn="6" Covered="True" />
          <Statement FileIndex="228" Line="9" Column="9" EndLine="16" EndColumn="23" Covered="True" />
          <Statement FileIndex="228" Line="17" Column="5" EndLine="17" EndColumn="6" Covered="True" />
        </Method>
      </Type>
      <Type Name="HealthChecksExtensions" CoveredStatements="3" TotalStatements="3" CoveragePercent="100">
        <Method Name="AddServiceHealthChecks(Microsoft.Extensions.DependencyInjection.IServiceCollection,Microsoft.AspNetCore.Builder.WebApplicationBuilder):Microsoft.Extensions.DependencyInjection.IHealthChecksBuilder" CoveredStatements="3" TotalStatements="3" CoveragePercent="100">
          <Statement FileIndex="229" Line="6" Column="5" EndLine="6" EndColumn="6" Covered="True" />
          <Statement FileIndex="229" Line="7" Column="9" EndLine="9" EndColumn="113" Covered="True" />
          <Statement FileIndex="229" Line="10" Column="5" EndLine="10" EndColumn="6" Covered="True" />
        </Method>
      </Type>
      <Type Name="PagedListExtensions" CoveredStatements="0" TotalStatements="3" CoveragePercent="0">
        <Method Name="ToPagedList&lt;TEntity&gt;(System.Collections.Generic.IEnumerable&lt;TEntity&gt;,System.Int32,System.Int32,System.Int32):CoffeeSpace.ProductApi.Application.Helpers.PagedList&lt;TEntity&gt;" CoveredStatements="0" TotalStatements="3" CoveragePercent="0">
          <Statement FileIndex="230" Line="8" Column="5" EndLine="8" EndColumn="6" Covered="False" />
          <Statement FileIndex="230" Line="9" Column="9" EndLine="15" EndColumn="11" Covered="False" />
          <Statement FileIndex="230" Line="16" Column="5" EndLine="16" EndColumn="6" Covered="False" />
        </Method>
      </Type>
    </Namespace>
    <Namespace Name="CoffeeSpace.ProductApi.Application.Helpers" CoveredStatements="2" TotalStatements="13" CoveragePercent="15">
      <Type Name="CacheKeys" CoveredStatements="2" TotalStatements="3" CoveragePercent="67">
        <Type Name="Products" CoveredStatements="2" TotalStatements="3" CoveragePercent="67">
          <Method Name="get_GetAll():System.String" CoveredStatements="1" TotalStatements="1" CoveragePercent="100">
            <Statement FileIndex="232" Line="7" Column="40" EndLine="7" EndColumn="54" Covered="True" />
          </Method>
          <Method Name="GetById(System.String):System.String" CoveredStatements="1" TotalStatements="1" CoveragePercent="100">
            <Statement FileIndex="232" Line="11" Column="52" EndLine="11" EndColumn="68" Covered="True" />
          </Method>
          <Method Name="GetPaged(System.Int32,System.Int32):System.String" CoveredStatements="0" TotalStatements="1" CoveragePercent="0">
            <Statement FileIndex="232" Line="9" Column="66" EndLine="9" EndColumn="109" Covered="False" />
          </Method>
        </Type>
      </Type>
      <Type Name="PagedList&lt;TEntity&gt;" CoveredStatements="0" TotalStatements="10" CoveragePercent="0">
        <Method Name="get_Count():System.Int32" CoveredStatements="0" TotalStatements="1" CoveragePercent="0">
          <Statement FileIndex="233" Line="11" Column="33" EndLine="11" EndColumn="37" Covered="False" />
        </Method>
        <Method Name="get_HasNextPage():System.Boolean" CoveredStatements="0" TotalStatements="1" CoveragePercent="0">
          <Statement FileIndex="233" Line="13" Column="32" EndLine="13" EndColumn="55" Covered="False" />
        </Method>
        <Method Name="get_HasPreviousPage():System.Boolean" CoveredStatements="0" TotalStatements="1" CoveragePercent="0">
          <Statement FileIndex="233" Line="15" Column="36" EndLine="15" EndColumn="44" Covered="False" />
        </Method>
        <Method Name="get_Items():System.Collections.Generic.IEnumerable&lt;TEntity&gt;" CoveredStatements="0" TotalStatements="1" CoveragePercent="0">
          <Statement FileIndex="233" Line="5" Column="50" EndLine="5" EndColumn="54" Covered="False" />
        </Method>
        <Method Name="get_Page():System.Int32" CoveredStatements="0" TotalStatements="1" CoveragePercent="0">
          <Statement FileIndex="233" Line="7" Column="32" EndLine="7" EndColumn="36" Covered="False" />
        </Method>
        <Method Name="get_PageSize():System.Int32" CoveredStatements="0" TotalStatements="1" CoveragePercent="0">
          <Statement FileIndex="233" Line="9" Column="36" EndLine="9" EndColumn="40" Covered="False" />
        </Method>
        <Method Name="set_Count(System.Int32):System.Void" CoveredStatements="0" TotalStatements="1" CoveragePercent="0">
          <Statement FileIndex="233" Line="11" Column="38" EndLine="11" EndColumn="43" Covered="False" />
        </Method>
        <Method Name="set_Items(System.Collections.Generic.IEnumerable&lt;TEntity&gt;):System.Void" CoveredStatements="0" TotalStatements="1" CoveragePercent="0">
          <Statement FileIndex="233" Line="5" Column="55" EndLine="5" EndColumn="60" Covered="False" />
        </Method>
        <Method Name="set_Page(System.Int32):System.Void" CoveredStatements="0" TotalStatements="1" CoveragePercent="0">
          <Statement FileIndex="233" Line="7" Column="37" EndLine="7" EndColumn="42" Covered="False" />
        </Method>
        <Method Name="set_PageSize(System.Int32):System.Void" CoveredStatements="0" TotalStatements="1" CoveragePercent="0">
          <Statement FileIndex="233" Line="9" Column="41" EndLine="9" EndColumn="46" Covered="False" />
        </Method>
      </Type>
    </Namespace>
    <Namespace Name="CoffeeSpace.ProductApi.Application.Mapping" CoveredStatements="16" TotalStatements="16" CoveragePercent="100">
      <Type Name="ProductMappingConfig" CoveredStatements="16" TotalStatements="16" CoveragePercent="100">
        <Method Name="ToProduct(CoffeeSpace.ProductApi.Application.Contracts.Requests.CreateProductRequest):CoffeeSpace.Domain.Products.Product" CoveredStatements="4" TotalStatements="4" CoveragePercent="100">
          <Statement FileIndex="258" Line="22" Column="9" EndLine="22" EndColumn="10" Covered="True" />
          <Statement FileIndex="258" Line="23" Column="13" EndLine="31" EndColumn="15" Covered="True" />
          <Statement FileIndex="258" Line="32" Column="13" EndLine="32" EndColumn="27" Covered="True" />
          <Statement FileIndex="258" Line="33" Column="9" EndLine="33" EndColumn="10" Covered="True" />
        </Method>
        <Method Name="ToProduct(CoffeeSpace.ProductApi.Application.Contracts.Requests.UpdateProductRequest,System.Guid):CoffeeSpace.Domain.Products.Product" CoveredStatements="4" TotalStatements="4" CoveragePercent="100">
          <Statement FileIndex="234" Line="18" Column="5" EndLine="18" EndColumn="6" Covered="True" />
          <Statement FileIndex="234" Line="19" Column="9" EndLine="19" EndColumn="25" Covered="True" />
          <Statement FileIndex="234" Line="21" Column="9" EndLine="21" EndColumn="36" Covered="True" />
          <Statement FileIndex="234" Line="22" Column="5" EndLine="22" EndColumn="6" Covered="True" />
        </Method>
        <Method Name="ToProduct(CoffeeSpace.ProductApi.Application.Contracts.Requests.UpdateProductRequest):CoffeeSpace.Domain.Products.Product" CoveredStatements="4" TotalStatements="4" CoveragePercent="100">
          <Statement FileIndex="258" Line="36" Column="9" EndLine="36" EndColumn="10" Covered="True" />
          <Statement FileIndex="258" Line="37" Column="13" EndLine="45" EndColumn="15" Covered="True" />
          <Statement FileIndex="258" Line="46" Column="13" EndLine="46" EndColumn="27" Covered="True" />
          <Statement FileIndex="258" Line="47" Column="9" EndLine="47" EndColumn="10" Covered="True" />
        </Method>
        <Method Name="ToResponse(CoffeeSpace.Domain.Products.Product):CoffeeSpace.ProductApi.Application.Contracts.Responses.ProductResponse" CoveredStatements="4" TotalStatements="4" CoveragePercent="100">
          <Statement FileIndex="258" Line="8" Column="9" EndLine="8" EndColumn="10" Covered="True" />
          <Statement FileIndex="258" Line="9" Column="13" EndLine="17" EndColumn="15" Covered="True" />
          <Statement FileIndex="258" Line="18" Column="13" EndLine="18" EndColumn="27" Covered="True" />
          <Statement FileIndex="258" Line="19" Column="9" EndLine="19" EndColumn="10" Covered="True" />
        </Method>
      </Type>
    </Namespace>
    <Namespace Name="CoffeeSpace.ProductApi.Application.Messages.Consumers" CoveredStatements="18" TotalStatements="18" CoveragePercent="100">
      <Type Name="OrderStockValidationConsumer" CoveredStatements="18" TotalStatements="18" CoveragePercent="100">
        <Type Name="&lt;&gt;c__DisplayClass3_0" CoveredStatements="1" TotalStatements="1" CoveragePercent="100">
          <Method Name="&lt;Consume&gt;b__0(CoffeeSpace.Domain.Products.Product):System.Boolean" CoveredStatements="1" TotalStatements="1" CoveragePercent="100">
            <Statement FileIndex="235" Line="23" Column="13" EndLine="23" EndColumn="93" Covered="True" />
          </Method>
        </Type>
        <Type Name="&lt;&gt;c__DisplayClass3_1" CoveredStatements="1" TotalStatements="1" CoveragePercent="100">
          <Method Name="&lt;Consume&gt;b__1(CoffeeSpace.Domain.Products.Product):System.Boolean" CoveredStatements="1" TotalStatements="1" CoveragePercent="100">
            <Statement FileIndex="235" Line="23" Column="37" EndLine="23" EndColumn="92" Covered="True" />
          </Method>
        </Type>
        <Type Name="&lt;Consume&gt;d__3" CoveredStatements="11" TotalStatements="11" CoveragePercent="100">
          <Method Name="MoveNext():System.Void" CoveredStatements="11" TotalStatements="11" CoveragePercent="100">
            <Statement FileIndex="235" Line="20" Column="5" EndLine="20" EndColumn="6" Covered="True" />
            <Statement FileIndex="235" Line="21" Column="9" EndLine="21" EndColumn="96" Covered="True" />
            <Statement FileIndex="235" Line="22" Column="9" EndLine="23" EndColumn="95" Covered="True" />
            <Statement FileIndex="235" Line="25" Column="9" EndLine="25" EndColumn="22" Covered="True" />
            <Statement FileIndex="235" Line="26" Column="9" EndLine="26" EndColumn="10" Covered="True" />
            <Statement FileIndex="235" Line="27" Column="13" EndLine="27" EndColumn="162" Covered="True" />
            <Statement FileIndex="235" Line="28" Column="13" EndLine="28" EndColumn="86" Covered="True" />
            <Statement FileIndex="235" Line="30" Column="13" EndLine="30" EndColumn="20" Covered="True" />
            <Statement FileIndex="235" Line="33" Column="9" EndLine="33" EndColumn="135" Covered="True" />
            <Statement FileIndex="235" Line="34" Column="9" EndLine="38" EndColumn="12" Covered="True" />
            <Statement FileIndex="235" Line="39" Column="5" EndLine="39" EndColumn="6" Covered="True" />
          </Method>
        </Type>
        <Method Name=".ctor(CoffeeSpace.ProductApi.Application.Repositories.Abstractions.IProductRepository,Microsoft.Extensions.Logging.ILogger&lt;CoffeeSpace.ProductApi.Application.Messages.Consumers.OrderStockValidationConsumer&gt;):System.Void" CoveredStatements="5" TotalStatements="5" CoveragePercent="100">
          <Statement FileIndex="235" Line="13" Column="5" EndLine="13" EndColumn="124" Covered="True" />
          <Statement FileIndex="235" Line="14" Column="5" EndLine="14" EndColumn="6" Covered="True" />
          <Statement FileIndex="235" Line="15" Column="9" EndLine="15" EndColumn="48" Covered="True" />
          <Statement FileIndex="235" Line="16" Column="9" EndLine="16" EndColumn="26" Covered="True" />
          <Statement FileIndex="235" Line="17" Column="5" EndLine="17" EndColumn="6" Covered="True" />
        </Method>
      </Type>
    </Namespace>
    <Namespace Name="CoffeeSpace.ProductApi.Application.Repositories" CoveredStatements="78" TotalStatements="93" CoveragePercent="84">
      <Type Name="CachedProductRepository" CoveredStatements="48" TotalStatements="55" CoveragePercent="87">
        <Type Name="&lt;&gt;c__DisplayClass4_0" CoveredStatements="4" TotalStatements="4" CoveragePercent="100">
          <Method Name="&lt;GetAllProductsAsync&gt;b__0():System.Threading.Tasks.Task&lt;System.Collections.Generic.IEnumerable&lt;CoffeeSpace.Domain.Products.Product&gt;&gt;" CoveredStatements="4" TotalStatements="4" CoveragePercent="100">
            <Statement FileIndex="237" Line="29" Column="9" EndLine="29" EndColumn="10" Covered="True" />
            <Statement FileIndex="237" Line="30" Column="13" EndLine="30" EndColumn="86" Covered="True" />
            <Statement FileIndex="237" Line="31" Column="13" EndLine="31" EndColumn="29" Covered="True" />
            <Statement FileIndex="237" Line="32" Column="9" EndLine="32" EndColumn="10" Covered="True" />
          </Method>
        </Type>
        <Type Name="&lt;&gt;c__DisplayClass5_0" CoveredStatements="0" TotalStatements="4" CoveragePercent="0">
          <Method Name="&lt;GetAllProductsAsync&gt;b__0():System.Threading.Tasks.Task&lt;System.Collections.Generic.IEnumerable&lt;CoffeeSpace.Domain.Products.Product&gt;&gt;" CoveredStatements="0" TotalStatements="4" CoveragePercent="0">
            <Statement FileIndex="237" Line="38" Column="9" EndLine="38" EndColumn="10" Covered="False" />
            <Statement FileIndex="237" Line="39" Column="13" EndLine="39" EndColumn="102" Covered="False" />
            <Statement FileIndex="237" Line="40" Column="13" EndLine="40" EndColumn="29" Covered="False" />
            <Statement FileIndex="237" Line="41" Column="9" EndLine="41" EndColumn="10" Covered="False" />
          </Method>
        </Type>
        <Type Name="&lt;&gt;c__DisplayClass6_0" CoveredStatements="4" TotalStatements="4" CoveragePercent="100">
          <Method Name="&lt;GetProductByIdAsync&gt;b__0():System.Threading.Tasks.Task&lt;CoffeeSpace.Domain.Products.Product&gt;" CoveredStatements="4" TotalStatements="4" CoveragePercent="100">
            <Statement FileIndex="237" Line="47" Column="9" EndLine="47" EndColumn="10" Covered="True" />
            <Statement FileIndex="237" Line="48" Column="13" EndLine="48" EndColumn="89" Covered="True" />
            <Statement FileIndex="237" Line="49" Column="13" EndLine="49" EndColumn="28" Covered="True" />
            <Statement FileIndex="237" Line="50" Column="9" EndLine="50" EndColumn="10" Covered="True" />
          </Method>
        </Type>
        <Type Name="&lt;CreateProductAsync&gt;d__7" CoveredStatements="8" TotalStatements="8" CoveragePercent="100">
          <Method Name="MoveNext():System.Void" CoveredStatements="8" TotalStatements="8" CoveragePercent="100">
            <Statement FileIndex="237" Line="54" Column="5" EndLine="54" EndColumn="6" Covered="True" />
            <Statement FileIndex="237" Line="55" Column="9" EndLine="55" EndColumn="96" Covered="True" />
            <Statement FileIndex="237" Line="56" Column="9" EndLine="56" EndColumn="21" Covered="True" />
            <Statement FileIndex="237" Line="57" Column="9" EndLine="57" EndColumn="10" Covered="True" />
            <Statement FileIndex="237" Line="58" Column="13" EndLine="58" EndColumn="91" Covered="True" />
            <Statement FileIndex="237" Line="59" Column="9" EndLine="59" EndColumn="10" Covered="True" />
            <Statement FileIndex="237" Line="61" Column="9" EndLine="61" EndColumn="24" Covered="True" />
            <Statement FileIndex="237" Line="62" Column="5" EndLine="62" EndColumn="6" Covered="True" />
          </Method>
        </Type>
        <Type Name="&lt;DeleteProductByIdAsync&gt;d__9" CoveredStatements="9" TotalStatements="9" CoveragePercent="100">
          <Method Name="MoveNext():System.Void" CoveredStatements="9" TotalStatements="9" CoveragePercent="100">
            <Statement FileIndex="237" Line="77" Column="5" EndLine="77" EndColumn="6" Covered="True" />
            <Statement FileIndex="237" Line="78" Column="9" EndLine="78" EndColumn="95" Covered="True" />
            <Statement FileIndex="237" Line="79" Column="9" EndLine="79" EndColumn="21" Covered="True" />
            <Statement FileIndex="237" Line="80" Column="9" EndLine="80" EndColumn="10" Covered="True" />
            <Statement FileIndex="237" Line="81" Column="13" EndLine="81" EndColumn="91" Covered="True" />
            <Statement FileIndex="237" Line="82" Column="13" EndLine="82" EndColumn="96" Covered="True" />
            <Statement FileIndex="237" Line="83" Column="9" EndLine="83" EndColumn="10" Covered="True" />
            <Statement FileIndex="237" Line="85" Column="9" EndLine="85" EndColumn="24" Covered="True" />
            <Statement FileIndex="237" Line="86" Column="5" EndLine="86" EndColumn="6" Covered="True" />
          </Method>
        </Type>
        <Type Name="&lt;UpdateProductAsync&gt;d__8" CoveredStatements="9" TotalStatements="9" CoveragePercent="100">
          <Method Name="MoveNext():System.Void" CoveredStatements="9" TotalStatements="9" CoveragePercent="100">
            <Statement FileIndex="237" Line="65" Column="5" EndLine="65" EndColumn="6" Covered="True" />
            <Statement FileIndex="237" Line="66" Column="9" EndLine="66" EndColumn="102" Covered="True" />
            <Statement FileIndex="237" Line="67" Column="9" EndLine="67" EndColumn="40" Covered="True" />
            <Statement FileIndex="237" Line="68" Column="9" EndLine="68" EndColumn="10" Covered="True" />
            <Statement FileIndex="237" Line="69" Column="13" EndLine="69" EndColumn="91" Covered="True" />
            <Statement FileIndex="237" Line="70" Column="13" EndLine="70" EndColumn="111" Covered="True" />
            <Statement FileIndex="237" Line="71" Column="9" EndLine="71" EndColumn="10" Covered="True" />
            <Statement FileIndex="237" Line="73" Column="9" EndLine="73" EndColumn="31" Covered="True" />
            <Statement FileIndex="237" Line="74" Column="5" EndLine="74" EndColumn="6" Covered="True" />
          </Method>
        </Type>
        <Method Name=".ctor(CoffeeSpace.ProductApi.Application.Repositories.Abstractions.IProductRepository,CoffeeSpace.Core.Services.Abstractions.ICacheService&lt;CoffeeSpace.Domain.Products.Product&gt;):System.Void" CoveredStatements="5" TotalStatements="5" CoveragePercent="100">
          <Statement FileIndex="237" Line="15" Column="5" EndLine="15" EndColumn="110" Covered="True" />
          <Statement FileIndex="237" Line="16" Column="5" EndLine="16" EndColumn="6" Covered="True" />
          <Statement FileIndex="237" Line="17" Column="9" EndLine="17" EndColumn="48" Covered="True" />
          <Statement FileIndex="237" Line="18" Column="9" EndLine="18" EndColumn="38" Covered="True" />
          <Statement FileIndex="237" Line="19" Column="5" EndLine="19" EndColumn="6" Covered="True" />
        </Method>
        <Method Name="GetAllProductsAsync(System.Int32,System.Int32,System.Threading.CancellationToken):System.Threading.Tasks.Task&lt;System.Collections.Generic.IEnumerable&lt;CoffeeSpace.Domain.Products.Product&gt;&gt;" CoveredStatements="0" TotalStatements="3" CoveragePercent="0">
          <Statement FileIndex="237" Line="36" Column="5" EndLine="36" EndColumn="6" Covered="False" />
          <Statement FileIndex="237" Line="37" Column="9" EndLine="41" EndColumn="31" Covered="False" />
          <Statement FileIndex="237" Line="42" Column="5" EndLine="42" EndColumn="6" Covered="False" />
        </Method>
        <Method Name="GetAllProductsAsync(System.Threading.CancellationToken):System.Threading.Tasks.Task&lt;System.Collections.Generic.IEnumerable&lt;CoffeeSpace.Domain.Products.Product&gt;&gt;" CoveredStatements="3" TotalStatements="3" CoveragePercent="100">
          <Statement FileIndex="237" Line="27" Column="5" EndLine="27" EndColumn="6" Covered="True" />
          <Statement FileIndex="237" Line="28" Column="9" EndLine="32" EndColumn="31" Covered="True" />
          <Statement FileIndex="237" Line="33" Column="5" EndLine="33" EndColumn="6" Covered="True" />
        </Method>
        <Method Name="GetCountAsync(System.Threading.CancellationToken):System.Threading.Tasks.Task&lt;System.Int32&gt;" CoveredStatements="3" TotalStatements="3" CoveragePercent="100">
          <Statement FileIndex="237" Line="22" Column="5" EndLine="22" EndColumn="6" Covered="True" />
          <Statement FileIndex="237" Line="23" Column="9" EndLine="23" EndColumn="68" Covered="True" />
          <Statement FileIndex="237" Line="24" Column="5" EndLine="24" EndColumn="6" Covered="True" />
        </Method>
        <Method Name="GetProductByIdAsync(System.String,System.Threading.CancellationToken):System.Threading.Tasks.Task&lt;CoffeeSpace.Domain.Products.Product&gt;" CoveredStatements="3" TotalStatements="3" CoveragePercent="100">
          <Statement FileIndex="237" Line="45" Column="5" EndLine="45" EndColumn="6" Covered="True" />
          <Statement FileIndex="237" Line="46" Column="9" EndLine="50" EndColumn="31" Covered="True" />
          <Statement FileIndex="237" Line="51" Column="5" EndLine="51" EndColumn="6" Covered="True" />
        </Method>
      </Type>
      <Type Name="ProductRepository" CoveredStatements="30" TotalStatements="38" CoveragePercent="79">
        <Type Name="&lt;CreateProductAsync&gt;d__6" CoveredStatements="5" TotalStatements="5" CoveragePercent="100">
          <Method Name="MoveNext():System.Void" CoveredStatements="5" TotalStatements="5" CoveragePercent="100">
            <Statement FileIndex="238" Line="56" Column="5" EndLine="56" EndColumn="6" Covered="True" />
            <Statement FileIndex="238" Line="57" Column="9" EndLine="57" EndColumn="79" Covered="True" />
            <Statement FileIndex="238" Line="58" Column="9" EndLine="58" EndColumn="82" Covered="True" />
            <Statement FileIndex="238" Line="60" Column="9" EndLine="60" EndColumn="27" Covered="True" />
            <Statement FileIndex="238" Line="61" Column="5" EndLine="61" EndColumn="6" Covered="True" />
          </Method>
        </Type>
        <Type Name="&lt;DeleteProductByIdAsync&gt;d__8" CoveredStatements="4" TotalStatements="4" CoveragePercent="100">
          <Method Name="MoveNext():System.Void" CoveredStatements="4" TotalStatements="4" CoveragePercent="100">
            <Statement FileIndex="238" Line="74" Column="5" EndLine="74" EndColumn="6" Covered="True" />
            <Statement FileIndex="238" Line="75" Column="9" EndLine="77" EndColumn="52" Covered="True" />
            <Statement FileIndex="238" Line="79" Column="9" EndLine="79" EndColumn="27" Covered="True" />
            <Statement FileIndex="238" Line="80" Column="5" EndLine="80" EndColumn="6" Covered="True" />
          </Method>
        </Type>
        <Type Name="&lt;GetAllProductsAsync&gt;d__3" CoveredStatements="4" TotalStatements="4" CoveragePercent="100">
          <Method Name="MoveNext():System.Void" CoveredStatements="4" TotalStatements="4" CoveragePercent="100">
            <Statement FileIndex="238" Line="24" Column="5" EndLine="24" EndColumn="6" Covered="True" />
            <Statement FileIndex="238" Line="25" Column="9" EndLine="25" EndColumn="88" Covered="True" />
            <Statement FileIndex="238" Line="27" Column="9" EndLine="29" EndColumn="42" Covered="True" />
            <Statement FileIndex="238" Line="30" Column="5" EndLine="30" EndColumn="6" Covered="True" />
          </Method>
        </Type>
        <Type Name="&lt;GetAllProductsAsync&gt;d__4" CoveredStatements="0" TotalStatements="8" CoveragePercent="0">
          <Method Name="MoveNext():System.Void" CoveredStatements="0" TotalStatements="8" CoveragePercent="0">
            <Statement FileIndex="238" Line="33" Column="5" EndLine="33" EndColumn="6" Covered="False" />
            <Statement FileIndex="238" Line="34" Column="9" EndLine="34" EndColumn="88" Covered="False" />
            <Statement FileIndex="238" Line="35" Column="9" EndLine="35" EndColumn="25" Covered="False" />
            <Statement FileIndex="238" Line="36" Column="9" EndLine="36" EndColumn="10" Covered="False" />
            <Statement FileIndex="238" Line="37" Column="13" EndLine="37" EndColumn="48" Covered="False" />
            <Statement FileIndex="238" Line="40" Column="9" EndLine="44" EndColumn="29" Covered="False" />
            <Statement FileIndex="238" Line="46" Column="9" EndLine="46" EndColumn="25" Covered="False" />
            <Statement FileIndex="238" Line="47" Column="5" EndLine="47" EndColumn="6" Covered="False" />
          </Method>
        </Type>
        <Type Name="&lt;GetProductByIdAsync&gt;d__5" CoveredStatements="4" TotalStatements="4" CoveragePercent="100">
          <Method Name="MoveNext():System.Void" CoveredStatements="4" TotalStatements="4" CoveragePercent="100">
            <Statement FileIndex="238" Line="50" Column="5" EndLine="50" EndColumn="6" Covered="True" />
            <Statement FileIndex="238" Line="51" Column="9" EndLine="51" EndColumn="125" Covered="True" />
            <Statement FileIndex="238" Line="52" Column="9" EndLine="52" EndColumn="24" Covered="True" />
            <Statement FileIndex="238" Line="53" Column="5" EndLine="53" EndColumn="6" Covered="True" />
          </Method>
        </Type>
        <Type Name="&lt;UpdateProductAsync&gt;d__7" CoveredStatements="5" TotalStatements="5" CoveragePercent="100">
          <Method Name="MoveNext():System.Void" CoveredStatements="5" TotalStatements="5" CoveragePercent="100">
            <Statement FileIndex="238" Line="64" Column="5" EndLine="64" EndColumn="6" Covered="True" />
            <Statement FileIndex="238" Line="65" Column="9" EndLine="65" EndColumn="52" Covered="True" />
            <Statement FileIndex="238" Line="66" Column="9" EndLine="66" EndColumn="82" Covered="True" />
            <Statement FileIndex="238" Line="68" Column="9" EndLine="70" EndColumn="20" Covered="True" />
            <Statement FileIndex="238" Line="71" Column="5" EndLine="71" EndColumn="6" Covered="True" />
          </Method>
        </Type>
        <Method Name=".ctor(CoffeeSpace.ProductApi.Persistence.Abstractions.IProductDbContext):System.Void" CoveredStatements="4" TotalStatements="4" CoveragePercent="100">
          <Statement FileIndex="238" Line="12" Column="5" EndLine="12" EndColumn="65" Covered="True" />
          <Statement FileIndex="238" Line="13" Column="5" EndLine="13" EndColumn="6" Covered="True" />
          <Statement FileIndex="238" Line="14" Column="9" EndLine="14" EndColumn="46" Covered="True" />
          <Statement FileIndex="238" Line="15" Column="5" EndLine="15" EndColumn="6" Covered="True" />
        </Method>
        <Method Name="GetCountAsync(System.Threading.CancellationToken):System.Threading.Tasks.Task&lt;System.Int32&gt;" CoveredStatements="4" TotalStatements="4" CoveragePercent="100">
          <Statement FileIndex="238" Line="18" Column="5" EndLine="18" EndColumn="6" Covered="True" />
          <Statement FileIndex="238" Line="19" Column="9" EndLine="19" EndColumn="78" Covered="True" />
          <Statement FileIndex="238" Line="20" Column="9" EndLine="20" EndColumn="22" Covered="True" />
          <Statement FileIndex="238" Line="21" Column="5" EndLine="21" EndColumn="6" Covered="True" />
        </Method>
      </Type>
    </Namespace>
    <Namespace Name="CoffeeSpace.ProductApi.Application.Services" CoveredStatements="27" TotalStatements="32" CoveragePercent="84">
      <Type Name="ProductService" CoveredStatements="27" TotalStatements="32" CoveragePercent="84">
        <Type Name="&lt;GetAllProductsAsync&gt;d__4" CoveredStatements="0" TotalStatements="5" CoveragePercent="0">
          <Method Name="MoveNext():System.Void" CoveredStatements="0" TotalStatements="5" CoveragePercent="0">
            <Statement FileIndex="240" Line="30" Column="5" EndLine="30" EndColumn="6" Covered="False" />
            <Statement FileIndex="240" Line="31" Column="9" EndLine="31" EndColumn="104" Covered="False" />
            <Statement FileIndex="240" Line="32" Column="9" EndLine="32" EndColumn="85" Covered="False" />
            <Statement FileIndex="240" Line="34" Column="9" EndLine="34" EndColumn="66" Covered="False" />
            <Statement FileIndex="240" Line="35" Column="5" EndLine="35" EndColumn="6" Covered="False" />
          </Method>
        </Type>
        <Method Name=".ctor(CoffeeSpace.ProductApi.Application.Repositories.Abstractions.IProductRepository):System.Void" CoveredStatements="4" TotalStatements="4" CoveragePercent="100">
          <Statement FileIndex="240" Line="13" Column="5" EndLine="13" EndColumn="64" Covered="True" />
          <Statement FileIndex="240" Line="14" Column="5" EndLine="14" EndColumn="6" Covered="True" />
          <Statement FileIndex="240" Line="15" Column="9" EndLine="15" EndColumn="48" Covered="True" />
          <Statement FileIndex="240" Line="16" Column="5" EndLine="16" EndColumn="6" Covered="True" />
        </Method>
        <Method Name="CreateProductAsync(CoffeeSpace.Domain.Products.Product,System.Threading.CancellationToken):System.Threading.Tasks.Task&lt;System.Boolean&gt;" CoveredStatements="4" TotalStatements="4" CoveragePercent="100">
          <Statement FileIndex="240" Line="44" Column="5" EndLine="44" EndColumn="6" Covered="True" />
          <Statement FileIndex="240" Line="45" Column="9" EndLine="45" EndColumn="89" Covered="True" />
          <Statement FileIndex="240" Line="46" Column="9" EndLine="46" EndColumn="24" Covered="True" />
          <Statement FileIndex="240" Line="47" Column="5" EndLine="47" EndColumn="6" Covered="True" />
        </Method>
        <Method Name="DeleteProductByIdAsync(System.Guid,System.Threading.CancellationToken):System.Threading.Tasks.Task&lt;System.Boolean&gt;" CoveredStatements="4" TotalStatements="4" CoveragePercent="100">
          <Statement FileIndex="240" Line="56" Column="5" EndLine="56" EndColumn="6" Covered="True" />
          <Statement FileIndex="240" Line="57" Column="9" EndLine="57" EndColumn="99" Covered="True" />
          <Statement FileIndex="240" Line="58" Column="9" EndLine="58" EndColumn="24" Covered="True" />
          <Statement FileIndex="240" Line="59" Column="5" EndLine="59" EndColumn="6" Covered="True" />
        </Method>
        <Method Name="GetAllProductsAsync(System.Threading.CancellationToken):System.Threading.Tasks.Task&lt;System.Collections.Generic.IEnumerable&lt;CoffeeSpace.Domain.Products.Product&gt;&gt;" CoveredStatements="4" TotalStatements="4" CoveragePercent="100">
          <Statement FileIndex="240" Line="24" Column="5" EndLine="24" EndColumn="6" Covered="True" />
          <Statement FileIndex="240" Line="25" Column="9" EndLine="25" EndColumn="82" Covered="True" />
          <Statement FileIndex="240" Line="26" Column="9" EndLine="26" EndColumn="25" Covered="True" />
          <Statement FileIndex="240" Line="27" Column="5" EndLine="27" EndColumn="6" Covered="True" />
        </Method>
        <Method Name="GetCountAsync(System.Threading.CancellationToken):System.Threading.Tasks.Task&lt;System.Int32&gt;" CoveredStatements="3" TotalStatements="3" CoveragePercent="100">
          <Statement FileIndex="240" Line="19" Column="5" EndLine="19" EndColumn="6" Covered="True" />
          <Statement FileIndex="240" Line="20" Column="9" EndLine="20" EndColumn="68" Covered="True" />
          <Statement FileIndex="240" Line="21" Column="5" EndLine="21" EndColumn="6" Covered="True" />
        </Method>
        <Method Name="GetProductByIdAsync(System.Guid,System.Threading.CancellationToken):System.Threading.Tasks.Task&lt;CoffeeSpace.Domain.Products.Product&gt;" CoveredStatements="4" TotalStatements="4" CoveragePercent="100">
          <Statement FileIndex="240" Line="38" Column="5" EndLine="38" EndColumn="6" Covered="True" />
          <Statement FileIndex="240" Line="39" Column="9" EndLine="39" EndColumn="96" Covered="True" />
          <Statement FileIndex="240" Line="40" Column="9" EndLine="40" EndColumn="24" Covered="True" />
          <Statement FileIndex="240" Line="41" Column="5" EndLine="41" EndColumn="6" Covered="True" />
        </Method>
        <Method Name="UpdateProductAsync(CoffeeSpace.Domain.Products.Product,System.Threading.CancellationToken):System.Threading.Tasks.Task&lt;CoffeeSpace.Domain.Products.Product&gt;" CoveredStatements="4" TotalStatements="4" CoveragePercent="100">
          <Statement FileIndex="240" Line="50" Column="5" EndLine="50" EndColumn="6" Covered="True" />
          <Statement FileIndex="240" Line="51" Column="9" EndLine="51" EndColumn="96" Covered="True" />
          <Statement FileIndex="240" Line="52" Column="9" EndLine="52" EndColumn="31" Covered="True" />
          <Statement FileIndex="240" Line="53" Column="5" EndLine="53" EndColumn="6" Covered="True" />
        </Method>
      </Type>
    </Namespace>
    <Namespace Name="CoffeeSpace.ProductApi.Application.Validators" CoveredStatements="25" TotalStatements="25" CoveragePercent="100">
      <Type Name="CreateProductRequestValidator" CoveredStatements="8" TotalStatements="8" CoveragePercent="100">
        <Method Name=".ctor():System.Void" CoveredStatements="8" TotalStatements="8" CoveragePercent="100">
          <Statement FileIndex="241" Line="8" Column="5" EndLine="8" EndColumn="43" Covered="True" />
          <Statement FileIndex="241" Line="9" Column="5" EndLine="9" EndColumn="6" Covered="True" />
          <Statement FileIndex="241" Line="10" Column="9" EndLine="12" EndColumn="24" Covered="True" />
          <Statement FileIndex="241" Line="14" Column="9" EndLine="16" EndColumn="24" Covered="True" />
          <Statement FileIndex="241" Line="18" Column="9" EndLine="22" EndColumn="35" Covered="True" />
          <Statement FileIndex="241" Line="24" Column="9" EndLine="28" EndColumn="27" Covered="True" />
          <Statement FileIndex="241" Line="30" Column="9" EndLine="33" EndColumn="29" Covered="True" />
          <Statement FileIndex="241" Line="34" Column="5" EndLine="34" EndColumn="6" Covered="True" />
        </Method>
      </Type>
      <Type Name="ProductResponseValidator" CoveredStatements="9" TotalStatements="9" CoveragePercent="100">
        <Method Name=".ctor():System.Void" CoveredStatements="9" TotalStatements="9" CoveragePercent="100">
          <Statement FileIndex="242" Line="8" Column="5" EndLine="8" EndColumn="38" Covered="True" />
          <Statement FileIndex="242" Line="9" Column="5" EndLine="9" EndColumn="6" Covered="True" />
          <Statement FileIndex="242" Line="10" Column="9" EndLine="12" EndColumn="24" Covered="True" />
          <Statement FileIndex="242" Line="14" Column="9" EndLine="16" EndColumn="24" Covered="True" />
          <Statement FileIndex="242" Line="18" Column="9" EndLine="20" EndColumn="24" Covered="True" />
          <Statement FileIndex="242" Line="22" Column="9" EndLine="26" EndColumn="35" Covered="True" />
          <Statement FileIndex="242" Line="28" Column="9" EndLine="32" EndColumn="27" Covered="True" />
          <Statement FileIndex="242" Line="34" Column="9" EndLine="37" EndColumn="29" Covered="True" />
          <Statement FileIndex="242" Line="38" Column="5" EndLine="38" EndColumn="6" Covered="True" />
        </Method>
      </Type>
      <Type Name="UpdateProductRequestValidator" CoveredStatements="8" TotalStatements="8" CoveragePercent="100">
        <Method Name=".ctor():System.Void" CoveredStatements="8" TotalStatements="8" CoveragePercent="100">
          <Statement FileIndex="243" Line="8" Column="5" EndLine="8" EndColumn="43" Covered="True" />
          <Statement FileIndex="243" Line="9" Column="5" EndLine="9" EndColumn="6" Covered="True" />
          <Statement FileIndex="243" Line="10" Column="9" EndLine="12" EndColumn="24" Covered="True" />
          <Statement FileIndex="243" Line="14" Column="9" EndLine="16" EndColumn="24" Covered="True" />
          <Statement FileIndex="243" Line="18" Column="9" EndLine="22" EndColumn="35" Covered="True" />
          <Statement FileIndex="243" Line="24" Column="9" EndLine="28" EndColumn="27" Covered="True" />
          <Statement FileIndex="243" Line="30" Column="9" EndLine="33" EndColumn="29" Covered="True" />
          <Statement FileIndex="243" Line="34" Column="5" EndLine="34" EndColumn="6" Covered="True" />
        </Method>
      </Type>
    </Namespace>
    <Namespace Name="CoffeeSpace.ProductApi.Controllers" CoveredStatements="25" TotalStatements="29" CoveragePercent="86">
      <Type Name="ProductsController" CoveredStatements="25" TotalStatements="29" CoveragePercent="86">
        <Type Name="&lt;Create&gt;d__5" CoveredStatements="5" TotalStatements="5" CoveragePercent="100">
          <Method Name="MoveNext():System.Void" CoveredStatements="5" TotalStatements="5" CoveragePercent="100">
            <Statement FileIndex="244" Line="50" Column="5" EndLine="50" EndColumn="6" Covered="True" />
            <Statement FileIndex="244" Line="51" Column="9" EndLine="51" EndColumn="43" Covered="True" />
            <Statement FileIndex="244" Line="52" Column="9" EndLine="52" EndColumn="92" Covered="True" />
            <Statement FileIndex="244" Line="54" Column="9" EndLine="56" EndColumn="28" Covered="True" />
            <Statement FileIndex="244" Line="57" Column="5" EndLine="57" EndColumn="6" Covered="True" />
          </Method>
        </Type>
        <Type Name="&lt;Delete&gt;d__7" CoveredStatements="4" TotalStatements="4" CoveragePercent="100">
          <Method Name="MoveNext():System.Void" CoveredStatements="4" TotalStatements="4" CoveragePercent="100">
            <Statement FileIndex="244" Line="71" Column="5" EndLine="71" EndColumn="6" Covered="True" />
            <Statement FileIndex="244" Line="72" Column="9" EndLine="72" EndColumn="100" Covered="True" />
            <Statement FileIndex="244" Line="73" Column="9" EndLine="75" EndColumn="26" Covered="True" />
            <Statement FileIndex="244" Line="76" Column="5" EndLine="76" EndColumn="6" Covered="True" />
          </Method>
        </Type>
        <Type Name="&lt;GetAll&gt;d__2" CoveredStatements="4" TotalStatements="4" CoveragePercent="100">
          <Method Name="MoveNext():System.Void" CoveredStatements="4" TotalStatements="4" CoveragePercent="100">
            <Statement FileIndex="244" Line="26" Column="5" EndLine="26" EndColumn="6" Covered="True" />
            <Statement FileIndex="244" Line="27" Column="9" EndLine="27" EndColumn="85" Covered="True" />
            <Statement FileIndex="244" Line="28" Column="9" EndLine="28" EndColumn="29" Covered="True" />
            <Statement FileIndex="244" Line="29" Column="5" EndLine="29" EndColumn="6" Covered="True" />
          </Method>
        </Type>
        <Type Name="&lt;GetById&gt;d__4" CoveredStatements="4" TotalStatements="4" CoveragePercent="100">
          <Method Name="MoveNext():System.Void" CoveredStatements="4" TotalStatements="4" CoveragePercent="100">
            <Statement FileIndex="244" Line="40" Column="5" EndLine="40" EndColumn="6" Covered="True" />
            <Statement FileIndex="244" Line="41" Column="9" EndLine="41" EndColumn="96" Covered="True" />
            <Statement FileIndex="244" Line="43" Column="9" EndLine="45" EndColumn="26" Covered="True" />
            <Statement FileIndex="244" Line="46" Column="5" EndLine="46" EndColumn="6" Covered="True" />
          </Method>
        </Type>
        <Type Name="&lt;GetPaged&gt;d__3" CoveredStatements="0" TotalStatements="4" CoveragePercent="0">
          <Method Name="MoveNext():System.Void" CoveredStatements="0" TotalStatements="4" CoveragePercent="0">
            <Statement FileIndex="244" Line="33" Column="5" EndLine="33" EndColumn="6" Covered="False" />
            <Statement FileIndex="244" Line="34" Column="9" EndLine="34" EndColumn="122" Covered="False" />
            <Statement FileIndex="244" Line="35" Column="9" EndLine="35" EndColumn="34" Covered="False" />
            <Statement FileIndex="244" Line="36" Column="5" EndLine="36" EndColumn="6" Covered="False" />
          </Method>
        </Type>
        <Type Name="&lt;Update&gt;d__6" CoveredStatements="4" TotalStatements="4" CoveragePercent="100">
          <Method Name="MoveNext():System.Void" CoveredStatements="4" TotalStatements="4" CoveragePercent="100">
            <Statement FileIndex="244" Line="61" Column="5" EndLine="61" EndColumn="6" Covered="True" />
            <Statement FileIndex="244" Line="62" Column="9" EndLine="62" EndColumn="113" Covered="True" />
            <Statement FileIndex="244" Line="64" Column="9" EndLine="66" EndColumn="26" Covered="True" />
            <Statement FileIndex="244" Line="67" Column="5" EndLine="67" EndColumn="6" Covered="True" />
          </Method>
        </Type>
        <Method Name=".ctor(CoffeeSpace.ProductApi.Application.Services.Abstractions.IProductService):System.Void" CoveredStatements="4" TotalStatements="4" CoveragePercent="100">
          <Statement FileIndex="244" Line="19" Column="5" EndLine="19" EndColumn="62" Covered="True" />
          <Statement FileIndex="244" Line="20" Column="5" EndLine="20" EndColumn="6" Covered="True" />
          <Statement FileIndex="244" Line="21" Column="9" EndLine="21" EndColumn="42" Covered="True" />
          <Statement FileIndex="244" Line="22" Column="5" EndLine="22" EndColumn="6" Covered="True" />
        </Method>
      </Type>
    </Namespace>
    <Type Name="Program" CoveredStatements="43" TotalStatements="43" CoveragePercent="100">
      <Type Name="&lt;&gt;c" CoveredStatements="14" TotalStatements="14" CoveragePercent="100">
        <Method Name="&lt;&lt;Main&gt;$&gt;b__0_0(Microsoft.Extensions.Hosting.HostBuilderContext,Serilog.LoggerConfiguration):System.Void" CoveredStatements="1" TotalStatements="1" CoveragePercent="100">
          <Statement FileIndex="253" Line="22" Column="5" EndLine="22" EndColumn="64" Covered="True" />
        </Method>
        <Method Name="&lt;&lt;Main&gt;$&gt;b__0_2(MassTransit.IBusRegistrationConfigurator):System.Void" CoveredStatements="6" TotalStatements="6" CoveragePercent="100">
          <Statement FileIndex="253" Line="53" Column="1" EndLine="53" EndColumn="2" Covered="True" />
          <Statement FileIndex="253" Line="54" Column="5" EndLine="54" EndColumn="43" Covered="True" />
          <Statement FileIndex="253" Line="55" Column="5" EndLine="55" EndColumn="51" Covered="True" />
          <Statement FileIndex="253" Line="57" Column="5" EndLine="57" EndColumn="32" Covered="True" />
          <Statement FileIndex="253" Line="58" Column="5" EndLine="71" EndColumn="8" Covered="True" />
          <Statement FileIndex="253" Line="72" Column="1" EndLine="72" EndColumn="2" Covered="True" />
        </Method>
        <Method Name="&lt;&lt;Main&gt;$&gt;b__0_3(MassTransit.IBusRegistrationContext,MassTransit.IAmazonSqsBusFactoryConfigurator):System.Void" CoveredStatements="7" TotalStatements="7" CoveragePercent="100">
          <Statement FileIndex="253" Line="59" Column="5" EndLine="59" EndColumn="6" Covered="True" />
          <Statement FileIndex="253" Line="60" Column="9" EndLine="60" EndColumn="94" Covered="True" />
          <Statement FileIndex="253" Line="61" Column="9" EndLine="65" EndColumn="12" Covered="True" />
          <Statement FileIndex="253" Line="67" Column="9" EndLine="67" EndColumn="50" Covered="True" />
          <Statement FileIndex="253" Line="69" Column="9" EndLine="69" EndColumn="52" Covered="True" />
          <Statement FileIndex="253" Line="70" Column="9" EndLine="70" EndColumn="54" Covered="True" />
          <Statement FileIndex="253" Line="71" Column="5" EndLine="71" EndColumn="6" Covered="True" />
        </Method>
      </Type>
      <Type Name="&lt;&gt;c__DisplayClass0_0" CoveredStatements="1" TotalStatements="1" CoveragePercent="100">
        <Method Name="&lt;&lt;Main&gt;$&gt;b__1(Microsoft.Extensions.Caching.StackExchangeRedis.RedisCacheOptions):System.Void" CoveredStatements="1" TotalStatements="1" CoveragePercent="100">
          <Statement FileIndex="253" Line="31" Column="5" EndLine="31" EndColumn="70" Covered="True" />
        </Method>
      </Type>
      <Type Name="&lt;&gt;c__DisplayClass0_1" CoveredStatements="4" TotalStatements="4" CoveragePercent="100">
        <Method Name="&lt;&lt;Main&gt;$&gt;b__4(MassTransit.IAmazonSqsHostConfigurator):System.Void" CoveredStatements="4" TotalStatements="4" CoveragePercent="100">
          <Statement FileIndex="253" Line="62" Column="9" EndLine="62" EndColumn="10" Covered="True" />
          <Statement FileIndex="253" Line="63" Column="13" EndLine="63" EndColumn="63" Covered="True" />
          <Statement FileIndex="253" Line="64" Column="13" EndLine="64" EndColumn="63" Covered="True" />
          <Statement FileIndex="253" Line="65" Column="9" EndLine="65" EndColumn="10" Covered="True" />
        </Method>
      </Type>
      <Method Name="&lt;Main&gt;$(System.String[]):System.Void" CoveredStatements="24" TotalStatements="24" CoveragePercent="100">
        <Statement FileIndex="253" Line="19" Column="1" EndLine="19" EndColumn="50" Covered="True" />
        <Statement FileIndex="253" Line="21" Column="1" EndLine="22" EndColumn="66" Covered="True" />
        <Statement FileIndex="253" Line="24" Column="1" EndLine="24" EndColumn="42" Covered="True" />
        <Statement FileIndex="253" Line="25" Column="1" EndLine="25" EndColumn="45" Covered="True" />
        <Statement FileIndex="253" Line="27" Column="1" EndLine="27" EndColumn="35" Covered="True" />
        <Statement FileIndex="253" Line="28" Column="1" EndLine="28" EndColumn="81" Covered="True" />
        <Statement FileIndex="253" Line="30" Column="1" EndLine="31" EndColumn="72" Covered="True" />
        <Statement FileIndex="253" Line="33" Column="1" EndLine="33" EndColumn="127" Covered="True" />
        <Statement FileIndex="253" Line="35" Column="1" EndLine="35" EndColumn="62" Covered="True" />
        <Statement FileIndex="253" Line="36" Column="1" EndLine="36" EndColumn="59" Covered="True" />
        <Statement FileIndex="253" Line="38" Column="1" EndLine="38" EndColumn="65" Covered="True" />
        <Statement FileIndex="253" Line="39" Column="1" EndLine="39" EndColumn="74" Covered="True" />
        <Statement FileIndex="253" Line="41" Column="1" EndLine="42" EndColumn="128" Covered="True" />
        <Statement FileIndex="253" Line="44" Column="1" EndLine="46" EndColumn="24" Covered="True" />
        <Statement FileIndex="253" Line="48" Column="1" EndLine="50" EndColumn="24" Covered="True" />
        <Statement FileIndex="253" Line="52" Column="1" EndLine="72" EndColumn="4" Covered="True" />
        <Statement FileIndex="253" Line="74" Column="1" EndLine="74" EndColumn="50" Covered="True" />
        <Statement FileIndex="253" Line="76" Column="1" EndLine="76" EndColumn="27" Covered="True" />
        <Statement FileIndex="253" Line="78" Column="1" EndLine="78" EndColumn="32" Covered="True" />
        <Statement FileIndex="253" Line="79" Column="1" EndLine="79" EndColumn="33" Covered="True" />
        <Statement FileIndex="253" Line="81" Column="1" EndLine="81" EndColumn="25" Covered="True" />
        <Statement FileIndex="253" Line="82" Column="1" EndLine="82" EndColumn="24" Covered="True" />
        <Statement FileIndex="253" Line="84" Column="1" EndLine="84" EndColumn="22" Covered="True" />
        <Statement FileIndex="253" Line="86" Column="1" EndLine="86" EndColumn="11" Covered="True" />
      </Method>
    </Type>
  </Assembly>
  <Assembly Name="CoffeeSpace.ProductApi.Tests" CoveredStatements="363" TotalStatements="363" CoveragePercent="100">
    <Namespace Name="CoffeeSpace.ProductApi.Tests.Consumers" CoveredStatements="35" TotalStatements="35" CoveragePercent="100">
      <Type Name="OrderStockValidationConsumerTests" CoveredStatements="35" TotalStatements="35" CoveragePercent="100">
        <Type Name="&lt;&gt;c" CoveredStatements="1" TotalStatements="1" CoveragePercent="100">
          <Method Name="&lt;.ctor&gt;b__4_1(MassTransit.IBusRegistrationConfigurator):System.Void" CoveredStatements="1" TotalStatements="1" CoveragePercent="100">
            <Statement FileIndex="212" Line="30" Column="50" EndLine="30" EndColumn="100" Covered="True" />
          </Method>
        </Type>
        <Type Name="&lt;Consume_ShouldConsumeMessage_AndCheckProductsStockAvailability&gt;d__5" CoveredStatements="9" TotalStatements="9" CoveragePercent="100">
          <Method Name="MoveNext():System.Void" CoveredStatements="9" TotalStatements="9" CoveragePercent="100">
            <Statement FileIndex="212" Line="42" Column="5" EndLine="42" EndColumn="6" Covered="True" />
            <Statement FileIndex="212" Line="44" Column="9" EndLine="44" EndColumn="73" Covered="True" />
            <Statement FileIndex="212" Line="45" Column="9" EndLine="46" EndColumn="40" Covered="True" />
            <Statement FileIndex="212" Line="49" Column="9" EndLine="53" EndColumn="12" Covered="True" />
            <Statement FileIndex="212" Line="56" Column="9" EndLine="56" EndColumn="92" Covered="True" />
            <Statement FileIndex="212" Line="57" Column="9" EndLine="57" EndColumn="39" Covered="True" />
            <Statement FileIndex="212" Line="59" Column="9" EndLine="59" EndColumn="52" Covered="True" />
            <Statement FileIndex="212" Line="60" Column="9" EndLine="60" EndColumn="95" Covered="True" />
            <Statement FileIndex="212" Line="61" Column="5" EndLine="61" EndColumn="6" Covered="True" />
          </Method>
        </Type>
        <Type Name="&lt;Consume_ShouldRespondFaultedMessage_WhenProductsStockIsNotValid&gt;d__6" CoveredStatements="9" TotalStatements="9" CoveragePercent="100">
          <Method Name="MoveNext():System.Void" CoveredStatements="9" TotalStatements="9" CoveragePercent="100">
            <Statement FileIndex="212" Line="65" Column="5" EndLine="65" EndColumn="6" Covered="True" />
            <Statement FileIndex="212" Line="67" Column="9" EndLine="67" EndColumn="55" Covered="True" />
            <Statement FileIndex="212" Line="68" Column="9" EndLine="69" EndColumn="54" Covered="True" />
            <Statement FileIndex="212" Line="72" Column="9" EndLine="76" EndColumn="12" Covered="True" />
            <Statement FileIndex="212" Line="79" Column="9" EndLine="79" EndColumn="92" Covered="True" />
            <Statement FileIndex="212" Line="80" Column="9" EndLine="80" EndColumn="39" Covered="True" />
            <Statement FileIndex="212" Line="82" Column="9" EndLine="82" EndColumn="39" Covered="True" />
            <Statement FileIndex="212" Line="83" Column="9" EndLine="83" EndColumn="95" Covered="True" />
            <Statement FileIndex="212" Line="84" Column="5" EndLine="84" EndColumn="6" Covered="True" />
          </Method>
        </Type>
        <Type Name="&lt;DisposeAsync&gt;d__8" CoveredStatements="3" TotalStatements="3" CoveragePercent="100">
          <Method Name="MoveNext():System.Void" CoveredStatements="3" TotalStatements="3" CoveragePercent="100">
            <Statement FileIndex="212" Line="92" Column="5" EndLine="92" EndColumn="6" Covered="True" />
            <Statement FileIndex="212" Line="93" Column="9" EndLine="93" EndColumn="35" Covered="True" />
            <Statement FileIndex="212" Line="94" Column="5" EndLine="94" EndColumn="6" Covered="True" />
          </Method>
        </Type>
        <Type Name="&lt;InitializeAsync&gt;d__7" CoveredStatements="3" TotalStatements="3" CoveragePercent="100">
          <Method Name="MoveNext():System.Void" CoveredStatements="3" TotalStatements="3" CoveragePercent="100">
            <Statement FileIndex="212" Line="87" Column="5" EndLine="87" EndColumn="6" Covered="True" />
            <Statement FileIndex="212" Line="88" Column="9" EndLine="88" EndColumn="36" Covered="True" />
            <Statement FileIndex="212" Line="89" Column="5" EndLine="89" EndColumn="6" Covered="True" />
          </Method>
        </Type>
        <Method Name=".ctor():System.Void" CoveredStatements="9" TotalStatements="9" CoveragePercent="100">
          <Statement FileIndex="212" Line="25" Column="5" EndLine="25" EndColumn="47" Covered="True" />
          <Statement FileIndex="212" Line="26" Column="5" EndLine="26" EndColumn="6" Covered="True" />
          <Statement FileIndex="212" Line="27" Column="9" EndLine="27" EndColumn="67" Covered="True" />
          <Statement FileIndex="212" Line="28" Column="9" EndLine="31" EndColumn="41" Covered="True" />
          <Statement FileIndex="212" Line="33" Column="9" EndLine="33" EndColumn="57" Covered="True" />
          <Statement FileIndex="212" Line="34" Column="9" EndLine="34" EndColumn="96" Covered="True" />
          <Statement FileIndex="212" Line="36" Column="9" EndLine="36" EndColumn="34" Covered="True" />
          <Statement FileIndex="212" Line="37" Column="9" EndLine="37" EndColumn="64" Covered="True" />
          <Statement FileIndex="212" Line="38" Column="5" EndLine="38" EndColumn="6" Covered="True" />
        </Method>
        <Method Name="&lt;.ctor&gt;b__4_0(System.IServiceProvider):CoffeeSpace.ProductApi.Application.Repositories.Abstractions.IProductRepository" CoveredStatements="1" TotalStatements="1" CoveragePercent="100">
          <Statement FileIndex="212" Line="29" Column="49" EndLine="29" EndColumn="67" Covered="True" />
        </Method>
      </Type>
    </Namespace>
    <Namespace Name="CoffeeSpace.ProductApi.Tests.Repositories" CoveredStatements="152" TotalStatements="152" CoveragePercent="100">
      <Type Name="CachedProductRepositoryTests" CoveredStatements="91" TotalStatements="91" CoveragePercent="100">
        <Type Name="&lt;&gt;c" CoveredStatements="2" TotalStatements="2" CoveragePercent="100">
          <Method Name="&lt;GetAllAsync_ShouldReturnAllProducts_AndCacheTheValue&gt;b__7_0(NSubstitute.Core.CallInfo):System.Threading.Tasks.Task&lt;System.Collections.Generic.IEnumerable&lt;CoffeeSpace.Domain.Products.Product&gt;&gt;" CoveredStatements="1" TotalStatements="1" CoveragePercent="100">
            <Statement FileIndex="213" Line="59" Column="34" EndLine="59" EndColumn="91" Covered="True" />
          </Method>
          <Method Name="&lt;GetByIdAsync_ShouldReturnProduct_AndCacheTheValue&gt;b__9_0(NSubstitute.Core.CallInfo):System.Threading.Tasks.Task&lt;CoffeeSpace.Domain.Products.Product&gt;" CoveredStatements="1" TotalStatements="1" CoveragePercent="100">
            <Statement FileIndex="213" Line="94" Column="34" EndLine="94" EndColumn="78" Covered="True" />
          </Method>
        </Type>
        <Type Name="&lt;CreateAsync_ShouldReturnFalse_WhenProductWasNotCreated_AndKeepCacheValue&gt;d__12" CoveredStatements="7" TotalStatements="7" CoveragePercent="100">
          <Method Name="MoveNext():System.Void" CoveredStatements="7" TotalStatements="7" CoveragePercent="100">
            <Statement FileIndex="213" Line="144" Column="5" EndLine="144" EndColumn="6" Covered="True" />
            <Statement FileIndex="213" Line="146" Column="9" EndLine="146" EndColumn="58" Covered="True" />
            <Statement FileIndex="213" Line="147" Column="9" EndLine="148" EndColumn="29" Covered="True" />
            <Statement FileIndex="213" Line="151" Column="9" EndLine="151" EndColumn="114" Covered="True" />
            <Statement FileIndex="213" Line="154" Column="9" EndLine="154" EndColumn="35" Covered="True" />
            <Statement FileIndex="213" Line="155" Column="9" EndLine="155" EndColumn="106" Covered="True" />
            <Statement FileIndex="213" Line="156" Column="5" EndLine="156" EndColumn="6" Covered="True" />
          </Method>
        </Type>
        <Type Name="&lt;CreateAsync_ShouldReturnTrue_WhenProductWasCreated_AndResetCacheValue&gt;d__11" CoveredStatements="7" TotalStatements="7" CoveragePercent="100">
          <Method Name="MoveNext():System.Void" CoveredStatements="7" TotalStatements="7" CoveragePercent="100">
            <Statement FileIndex="213" Line="128" Column="5" EndLine="128" EndColumn="6" Covered="True" />
            <Statement FileIndex="213" Line="130" Column="9" EndLine="130" EndColumn="58" Covered="True" />
            <Statement FileIndex="213" Line="131" Column="9" EndLine="132" EndColumn="28" Covered="True" />
            <Statement FileIndex="213" Line="135" Column="9" EndLine="135" EndColumn="114" Covered="True" />
            <Statement FileIndex="213" Line="138" Column="9" EndLine="138" EndColumn="34" Covered="True" />
            <Statement FileIndex="213" Line="139" Column="9" EndLine="139" EndColumn="101" Covered="True" />
            <Statement FileIndex="213" Line="140" Column="5" EndLine="140" EndColumn="6" Covered="True" />
          </Method>
        </Type>
        <Type Name="&lt;DeleteAsync_ShouldReturnFalse_WhenProductWasNotDeleted_AndKeepCacheValue&gt;d__16" CoveredStatements="7" TotalStatements="7" CoveragePercent="100">
          <Method Name="MoveNext():System.Void" CoveredStatements="7" TotalStatements="7" CoveragePercent="100">
            <Statement FileIndex="213" Line="217" Column="5" EndLine="217" EndColumn="6" Covered="True" />
            <Statement FileIndex="213" Line="219" Column="9" EndLine="219" EndColumn="49" Covered="True" />
            <Statement FileIndex="213" Line="221" Column="9" EndLine="222" EndColumn="29" Covered="True" />
            <Statement FileIndex="213" Line="225" Column="9" EndLine="225" EndColumn="121" Covered="True" />
            <Statement FileIndex="213" Line="228" Column="9" EndLine="228" EndColumn="35" Covered="True" />
            <Statement FileIndex="213" Line="229" Column="9" EndLine="229" EndColumn="106" Covered="True" />
            <Statement FileIndex="213" Line="230" Column="5" EndLine="230" EndColumn="6" Covered="True" />
          </Method>
        </Type>
        <Type Name="&lt;DeleteAsync_ShouldReturnTrue_WhenProductWasDeleted_AndResetCacheValue&gt;d__15" CoveredStatements="7" TotalStatements="7" CoveragePercent="100">
          <Method Name="MoveNext():System.Void" CoveredStatements="7" TotalStatements="7" CoveragePercent="100">
            <Statement FileIndex="213" Line="200" Column="5" EndLine="200" EndColumn="6" Covered="True" />
            <Statement FileIndex="213" Line="202" Column="9" EndLine="202" EndColumn="49" Covered="True" />
            <Statement FileIndex="213" Line="204" Column="9" EndLine="205" EndColumn="28" Covered="True" />
            <Statement FileIndex="213" Line="208" Column="9" EndLine="208" EndColumn="121" Covered="True" />
            <Statement FileIndex="213" Line="211" Column="9" EndLine="211" EndColumn="34" Covered="True" />
            <Statement FileIndex="213" Line="212" Column="9" EndLine="212" EndColumn="101" Covered="True" />
            <Statement FileIndex="213" Line="213" Column="5" EndLine="213" EndColumn="6" Covered="True" />
          </Method>
        </Type>
        <Type Name="&lt;GetAllAsync_ShouldReturnAllProducts_AndCacheTheValue&gt;d__7" CoveredStatements="7" TotalStatements="7" CoveragePercent="100">
          <Method Name="MoveNext():System.Void" CoveredStatements="7" TotalStatements="7" CoveragePercent="100">
            <Statement FileIndex="213" Line="53" Column="5" EndLine="53" EndColumn="6" Covered="True" />
            <Statement FileIndex="213" Line="55" Column="9" EndLine="56" EndColumn="33" Covered="True" />
            <Statement FileIndex="213" Line="58" Column="9" EndLine="59" EndColumn="93" Covered="True" />
            <Statement FileIndex="213" Line="62" Column="9" EndLine="62" EndColumn="97" Covered="True" />
            <Statement FileIndex="213" Line="65" Column="9" EndLine="65" EndColumn="51" Covered="True" />
            <Statement FileIndex="213" Line="66" Column="9" EndLine="66" EndColumn="154" Covered="True" />
            <Statement FileIndex="213" Line="67" Column="5" EndLine="67" EndColumn="6" Covered="True" />
          </Method>
        </Type>
        <Type Name="&lt;GetAllAsync_ShouldReturnCachedProducts&gt;d__8" CoveredStatements="7" TotalStatements="7" CoveragePercent="100">
          <Method Name="MoveNext():System.Void" CoveredStatements="7" TotalStatements="7" CoveragePercent="100">
            <Statement FileIndex="213" Line="71" Column="5" EndLine="71" EndColumn="6" Covered="True" />
            <Statement FileIndex="213" Line="73" Column="9" EndLine="74" EndColumn="33" Covered="True" />
            <Statement FileIndex="213" Line="77" Column="9" EndLine="77" EndColumn="97" Covered="True" />
            <Statement FileIndex="213" Line="80" Column="9" EndLine="80" EndColumn="51" Covered="True" />
            <Statement FileIndex="213" Line="82" Column="9" EndLine="83" EndColumn="107" Covered="True" />
            <Statement FileIndex="213" Line="85" Column="9" EndLine="85" EndColumn="100" Covered="True" />
            <Statement FileIndex="213" Line="86" Column="5" EndLine="86" EndColumn="6" Covered="True" />
          </Method>
        </Type>
        <Type Name="&lt;GetByIdAsync_ShouldReturnCachedProduct&gt;d__10" CoveredStatements="8" TotalStatements="8" CoveragePercent="100">
          <Method Name="MoveNext():System.Void" CoveredStatements="8" TotalStatements="8" CoveragePercent="100">
            <Statement FileIndex="213" Line="110" Column="5" EndLine="110" EndColumn="6" Covered="True" />
            <Statement FileIndex="213" Line="112" Column="9" EndLine="112" EndColumn="49" Covered="True" />
            <Statement FileIndex="213" Line="113" Column="9" EndLine="114" EndColumn="39" Covered="True" />
            <Statement FileIndex="213" Line="117" Column="9" EndLine="117" EndColumn="117" Covered="True" />
            <Statement FileIndex="213" Line="120" Column="9" EndLine="120" EndColumn="57" Covered="True" />
            <Statement FileIndex="213" Line="122" Column="9" EndLine="122" EndColumn="139" Covered="True" />
            <Statement FileIndex="213" Line="123" Column="9" EndLine="123" EndColumn="120" Covered="True" />
            <Statement FileIndex="213" Line="124" Column="5" EndLine="124" EndColumn="6" Covered="True" />
          </Method>
        </Type>
        <Type Name="&lt;GetByIdAsync_ShouldReturnProduct_AndCacheTheValue&gt;d__9" CoveredStatements="8" TotalStatements="8" CoveragePercent="100">
          <Method Name="MoveNext():System.Void" CoveredStatements="8" TotalStatements="8" CoveragePercent="100">
            <Statement FileIndex="213" Line="90" Column="5" EndLine="90" EndColumn="6" Covered="True" />
            <Statement FileIndex="213" Line="92" Column="9" EndLine="92" EndColumn="49" Covered="True" />
            <Statement FileIndex="213" Line="93" Column="9" EndLine="94" EndColumn="80" Covered="True" />
            <Statement FileIndex="213" Line="96" Column="9" EndLine="97" EndColumn="39" Covered="True" />
            <Statement FileIndex="213" Line="100" Column="9" EndLine="100" EndColumn="117" Covered="True" />
            <Statement FileIndex="213" Line="103" Column="9" EndLine="103" EndColumn="57" Covered="True" />
            <Statement FileIndex="213" Line="105" Column="9" EndLine="105" EndColumn="139" Covered="True" />
            <Statement FileIndex="213" Line="106" Column="5" EndLine="106" EndColumn="6" Covered="True" />
          </Method>
        </Type>
        <Type Name="&lt;GetCountAsync_ShouldReturnCorrectValue&gt;d__6" CoveredStatements="6" TotalStatements="6" CoveragePercent="100">
          <Method Name="MoveNext():System.Void" CoveredStatements="6" TotalStatements="6" CoveragePercent="100">
            <Statement FileIndex="213" Line="37" Column="5" EndLine="37" EndColumn="6" Covered="True" />
            <Statement FileIndex="213" Line="39" Column="9" EndLine="39" EndColumn="47" Covered="True" />
            <Statement FileIndex="213" Line="41" Column="9" EndLine="42" EndColumn="37" Covered="True" />
            <Statement FileIndex="213" Line="45" Column="9" EndLine="45" EndColumn="91" Covered="True" />
            <Statement FileIndex="213" Line="48" Column="9" EndLine="48" EndColumn="43" Covered="True" />
            <Statement FileIndex="213" Line="49" Column="5" EndLine="49" EndColumn="6" Covered="True" />
          </Method>
        </Type>
        <Type Name="&lt;UpdateAsync_ShouldReturnNull_WhenProductWasNotUpdated_AndKeepCacheValue&gt;d__14" CoveredStatements="8" TotalStatements="8" CoveragePercent="100">
          <Method Name="MoveNext():System.Void" CoveredStatements="8" TotalStatements="8" CoveragePercent="100">
            <Statement FileIndex="213" Line="180" Column="5" EndLine="180" EndColumn="6" Covered="True" />
            <Statement FileIndex="213" Line="182" Column="9" EndLine="182" EndColumn="49" Covered="True" />
            <Statement FileIndex="213" Line="183" Column="9" EndLine="185" EndColumn="23" Covered="True" />
            <Statement FileIndex="213" Line="187" Column="9" EndLine="188" EndColumn="28" Covered="True" />
            <Statement FileIndex="213" Line="191" Column="9" EndLine="191" EndColumn="112" Covered="True" />
            <Statement FileIndex="213" Line="194" Column="9" EndLine="194" EndColumn="34" Covered="True" />
            <Statement FileIndex="213" Line="195" Column="9" EndLine="195" EndColumn="106" Covered="True" />
            <Statement FileIndex="213" Line="196" Column="5" EndLine="196" EndColumn="6" Covered="True" />
          </Method>
        </Type>
        <Type Name="&lt;UpdateAsync_ShouldReturnUpdatedProduct_WhenProductWasUpdated_AndResetCacheValue&gt;d__13" CoveredStatements="8" TotalStatements="8" CoveragePercent="100">
          <Method Name="MoveNext():System.Void" CoveredStatements="8" TotalStatements="8" CoveragePercent="100">
            <Statement FileIndex="213" Line="160" Column="5" EndLine="160" EndColumn="6" Covered="True" />
            <Statement FileIndex="213" Line="162" Column="9" EndLine="162" EndColumn="49" Covered="True" />
            <Statement FileIndex="213" Line="163" Column="9" EndLine="165" EndColumn="23" Covered="True" />
            <Statement FileIndex="213" Line="167" Column="9" EndLine="168" EndColumn="38" Covered="True" />
            <Statement FileIndex="213" Line="171" Column="9" EndLine="171" EndColumn="112" Covered="True" />
            <Statement FileIndex="213" Line="174" Column="9" EndLine="174" EndColumn="56" Covered="True" />
            <Statement FileIndex="213" Line="175" Column="9" EndLine="175" EndColumn="101" Covered="True" />
            <Statement FileIndex="213" Line="176" Column="5" EndLine="176" EndColumn="6" Covered="True" />
          </Method>
        </Type>
        <Method Name=".ctor():System.Void" CoveredStatements="9" TotalStatements="9" CoveragePercent="100">
          <Statement FileIndex="213" Line="23" Column="5" EndLine="23" EndColumn="42" Covered="True" />
          <Statement FileIndex="213" Line="24" Column="5" EndLine="24" EndColumn="6" Covered="True" />
          <Statement FileIndex="213" Line="25" Column="9" EndLine="25" EndColumn="34" Covered="True" />
          <Statement FileIndex="213" Line="26" Column="9" EndLine="26" EndColumn="64" Covered="True" />
          <Statement FileIndex="213" Line="28" Column="9" EndLine="28" EndColumn="67" Covered="True" />
          <Statement FileIndex="213" Line="29" Column="9" EndLine="29" EndColumn="68" Covered="True" />
          <Statement FileIndex="213" Line="30" Column="9" EndLine="30" EndColumn="52" Covered="True" />
          <Statement FileIndex="213" Line="32" Column="9" EndLine="32" EndColumn="99" Covered="True" />
          <Statement FileIndex="213" Line="33" Column="5" EndLine="33" EndColumn="6" Covered="True" />
        </Method>
      </Type>
      <Type Name="ProductRepositoryTests" CoveredStatements="61" TotalStatements="61" CoveragePercent="100">
        <Type Name="&lt;CreateAsync_ShouldReturnFalse_WhenProductWasNotCreated&gt;d__11" CoveredStatements="7" TotalStatements="7" CoveragePercent="100">
          <Method Name="MoveNext():System.Void" CoveredStatements="7" TotalStatements="7" CoveragePercent="100">
            <Statement FileIndex="214" Line="112" Column="5" EndLine="112" EndColumn="6" Covered="True" />
            <Statement FileIndex="214" Line="114" Column="9" EndLine="114" EndColumn="58" Covered="True" />
            <Statement FileIndex="214" Line="116" Column="9" EndLine="117" EndColumn="35" Covered="True" />
            <Statement FileIndex="214" Line="120" Column="9" EndLine="120" EndColumn="108" Covered="True" />
            <Statement FileIndex="214" Line="123" Column="9" EndLine="123" EndColumn="35" Covered="True" />
            <Statement FileIndex="214" Line="125" Column="9" EndLine="125" EndColumn="96" Covered="True" />
            <Statement FileIndex="214" Line="126" Column="5" EndLine="126" EndColumn="6" Covered="True" />
          </Method>
        </Type>
        <Type Name="&lt;CreateAsync_ShouldReturnTrue_WhenProductWasCreated&gt;d__10" CoveredStatements="7" TotalStatements="7" CoveragePercent="100">
          <Method Name="MoveNext():System.Void" CoveredStatements="7" TotalStatements="7" CoveragePercent="100">
            <Statement FileIndex="214" Line="94" Column="5" EndLine="94" EndColumn="6" Covered="True" />
            <Statement FileIndex="214" Line="96" Column="9" EndLine="96" EndColumn="58" Covered="True" />
            <Statement FileIndex="214" Line="98" Column="9" EndLine="99" EndColumn="35" Covered="True" />
            <Statement FileIndex="214" Line="102" Column="9" EndLine="102" EndColumn="108" Covered="True" />
            <Statement FileIndex="214" Line="105" Column="9" EndLine="105" EndColumn="34" Covered="True" />
            <Statement FileIndex="214" Line="107" Column="9" EndLine="107" EndColumn="96" Covered="True" />
            <Statement FileIndex="214" Line="108" Column="5" EndLine="108" EndColumn="6" Covered="True" />
          </Method>
        </Type>
        <Type Name="&lt;GetAllAsync_ShouldReturnAllProducts&gt;d__7" CoveredStatements="4" TotalStatements="4" CoveragePercent="100">
          <Method Name="MoveNext():System.Void" CoveredStatements="4" TotalStatements="4" CoveragePercent="100">
            <Statement FileIndex="214" Line="53" Column="5" EndLine="53" EndColumn="6" Covered="True" />
            <Statement FileIndex="214" Line="57" Column="9" EndLine="57" EndColumn="91" Covered="True" />
            <Statement FileIndex="214" Line="60" Column="9" EndLine="60" EndColumn="51" Covered="True" />
            <Statement FileIndex="214" Line="61" Column="5" EndLine="61" EndColumn="6" Covered="True" />
          </Method>
        </Type>
        <Type Name="&lt;GetByIdAsync_ShouldReturnNull_WhenProductDoesNotExist&gt;d__9" CoveredStatements="5" TotalStatements="5" CoveragePercent="100">
          <Method Name="MoveNext():System.Void" CoveredStatements="5" TotalStatements="5" CoveragePercent="100">
            <Statement FileIndex="214" Line="81" Column="5" EndLine="81" EndColumn="6" Covered="True" />
            <Statement FileIndex="214" Line="83" Column="9" EndLine="83" EndColumn="41" Covered="True" />
            <Statement FileIndex="214" Line="86" Column="9" EndLine="86" EndColumn="102" Covered="True" />
            <Statement FileIndex="214" Line="89" Column="9" EndLine="89" EndColumn="34" Covered="True" />
            <Statement FileIndex="214" Line="90" Column="5" EndLine="90" EndColumn="6" Covered="True" />
          </Method>
        </Type>
        <Type Name="&lt;GetByIdAsync_ShouldReturnProduct_WhenProductExists&gt;d__8" CoveredStatements="6" TotalStatements="6" CoveragePercent="100">
          <Method Name="MoveNext():System.Void" CoveredStatements="6" TotalStatements="6" CoveragePercent="100">
            <Statement FileIndex="214" Line="65" Column="5" EndLine="65" EndColumn="6" Covered="True" />
            <Statement FileIndex="214" Line="67" Column="9" EndLine="67" EndColumn="47" Covered="True" />
            <Statement FileIndex="214" Line="69" Column="9" EndLine="70" EndColumn="37" Covered="True" />
            <Statement FileIndex="214" Line="73" Column="9" EndLine="73" EndColumn="109" Covered="True" />
            <Statement FileIndex="214" Line="76" Column="9" EndLine="76" EndColumn="55" Covered="True" />
            <Statement FileIndex="214" Line="77" Column="5" EndLine="77" EndColumn="6" Covered="True" />
          </Method>
        </Type>
        <Type Name="&lt;GetCountAsync_ShouldReturnCorrectValue&gt;d__6" CoveredStatements="5" TotalStatements="5" CoveragePercent="100">
          <Method Name="MoveNext():System.Void" CoveredStatements="5" TotalStatements="5" CoveragePercent="100">
            <Statement FileIndex="214" Line="40" Column="5" EndLine="40" EndColumn="6" Covered="True" />
            <Statement FileIndex="214" Line="42" Column="9" EndLine="42" EndColumn="47" Covered="True" />
            <Statement FileIndex="214" Line="45" Column="9" EndLine="45" EndColumn="85" Covered="True" />
            <Statement FileIndex="214" Line="48" Column="9" EndLine="48" EndColumn="43" Covered="True" />
            <Statement FileIndex="214" Line="49" Column="5" EndLine="49" EndColumn="6" Covered="True" />
          </Method>
        </Type>
        <Type Name="&lt;UpdateAsync_ShouldReturnNull_WhenProductWasNotUpdated&gt;d__13" CoveredStatements="7" TotalStatements="7" CoveragePercent="100">
          <Method Name="MoveNext():System.Void" CoveredStatements="7" TotalStatements="7" CoveragePercent="100">
            <Statement FileIndex="214" Line="155" Column="5" EndLine="155" EndColumn="6" Covered="True" />
            <Statement FileIndex="214" Line="157" Column="9" EndLine="157" EndColumn="57" Covered="True" />
            <Statement FileIndex="214" Line="159" Column="9" EndLine="160" EndColumn="28" Covered="True" />
            <Statement FileIndex="214" Line="162" Column="9" EndLine="163" EndColumn="35" Covered="True" />
            <Statement FileIndex="214" Line="166" Column="9" EndLine="166" EndColumn="106" Covered="True" />
            <Statement FileIndex="214" Line="169" Column="9" EndLine="169" EndColumn="34" Covered="True" />
            <Statement FileIndex="214" Line="170" Column="5" EndLine="170" EndColumn="6" Covered="True" />
          </Method>
        </Type>
        <Type Name="&lt;UpdateAsync_ShouldReturnUpdatedProduct_WhenProductWasUpdated&gt;d__12" CoveredStatements="10" TotalStatements="10" CoveragePercent="100">
          <Method Name="MoveNext():System.Void" CoveredStatements="10" TotalStatements="10" CoveragePercent="100">
            <Statement FileIndex="214" Line="130" Column="5" EndLine="130" EndColumn="6" Covered="True" />
            <Statement FileIndex="214" Line="132" Column="9" EndLine="132" EndColumn="58" Covered="True" />
            <Statement FileIndex="214" Line="133" Column="9" EndLine="135" EndColumn="23" Covered="True" />
            <Statement FileIndex="214" Line="137" Column="9" EndLine="138" EndColumn="39" Covered="True" />
            <Statement FileIndex="214" Line="140" Column="9" EndLine="141" EndColumn="35" Covered="True" />
            <Statement FileIndex="214" Line="144" Column="9" EndLine="144" EndColumn="106" Covered="True" />
            <Statement FileIndex="214" Line="147" Column="9" EndLine="147" EndColumn="56" Covered="True" />
            <Statement FileIndex="214" Line="148" Column="9" EndLine="148" EndColumn="72" Covered="True" />
            <Statement FileIndex="214" Line="150" Column="9" EndLine="150" EndColumn="57" Covered="True" />
            <Statement FileIndex="214" Line="151" Column="5" EndLine="151" EndColumn="6" Covered="True" />
          </Method>
        </Type>
        <Method Name=".ctor():System.Void" CoveredStatements="10" TotalStatements="10" CoveragePercent="100">
          <Statement FileIndex="214" Line="25" Column="5" EndLine="25" EndColumn="36" Covered="True" />
          <Statement FileIndex="214" Line="26" Column="5" EndLine="26" EndColumn="6" Covered="True" />
          <Statement FileIndex="214" Line="27" Column="9" EndLine="27" EndColumn="34" Covered="True" />
          <Statement FileIndex="214" Line="28" Column="9" EndLine="28" EndColumn="52" Covered="True" />
          <Statement FileIndex="214" Line="29" Column="9" EndLine="29" EndColumn="64" Covered="True" />
          <Statement FileIndex="214" Line="31" Column="9" EndLine="31" EndColumn="66" Covered="True" />
          <Statement FileIndex="214" Line="32" Column="9" EndLine="32" EndColumn="59" Covered="True" />
          <Statement FileIndex="214" Line="33" Column="9" EndLine="33" EndColumn="52" Covered="True" />
          <Statement FileIndex="214" Line="35" Column="9" EndLine="35" EndColumn="64" Covered="True" />
          <Statement FileIndex="214" Line="36" Column="5" EndLine="36" EndColumn="6" Covered="True" />
        </Method>
      </Type>
    </Namespace>
    <Namespace Name="CoffeeSpace.ProductApi.Tests.Services" CoveredStatements="71" TotalStatements="71" CoveragePercent="100">
      <Type Name="ProductServiceTests" CoveredStatements="71" TotalStatements="71" CoveragePercent="100">
        <Type Name="&lt;&gt;c" CoveredStatements="1" TotalStatements="1" CoveragePercent="100">
          <Method Name="&lt;GetAllAsync_ShouldReturnAllProducts&gt;b__6_0(CoffeeSpace.Domain.Products.Product):System.String" CoveredStatements="1" TotalStatements="1" CoveragePercent="100">
            <Statement FileIndex="215" Line="59" Column="59" EndLine="59" EndColumn="70" Covered="True" />
          </Method>
        </Type>
        <Type Name="&lt;CreateAsync_ShouldReturnFalse_WhenProductWasNotCreated&gt;d__10" CoveredStatements="6" TotalStatements="6" CoveragePercent="100">
          <Method Name="MoveNext():System.Void" CoveredStatements="6" TotalStatements="6" CoveragePercent="100">
            <Statement FileIndex="215" Line="121" Column="5" EndLine="121" EndColumn="6" Covered="True" />
            <Statement FileIndex="215" Line="123" Column="9" EndLine="123" EndColumn="58" Covered="True" />
            <Statement FileIndex="215" Line="125" Column="9" EndLine="126" EndColumn="29" Covered="True" />
            <Statement FileIndex="215" Line="129" Column="9" EndLine="129" EndColumn="105" Covered="True" />
            <Statement FileIndex="215" Line="132" Column="9" EndLine="132" EndColumn="35" Covered="True" />
            <Statement FileIndex="215" Line="133" Column="5" EndLine="133" EndColumn="6" Covered="True" />
          </Method>
        </Type>
        <Type Name="&lt;CreateAsync_ShouldReturnTrue_WhenProductWasCreated&gt;d__9" CoveredStatements="6" TotalStatements="6" CoveragePercent="100">
          <Method Name="MoveNext():System.Void" CoveredStatements="6" TotalStatements="6" CoveragePercent="100">
            <Statement FileIndex="215" Line="105" Column="5" EndLine="105" EndColumn="6" Covered="True" />
            <Statement FileIndex="215" Line="107" Column="9" EndLine="107" EndColumn="58" Covered="True" />
            <Statement FileIndex="215" Line="109" Column="9" EndLine="110" EndColumn="28" Covered="True" />
            <Statement FileIndex="215" Line="113" Column="9" EndLine="113" EndColumn="105" Covered="True" />
            <Statement FileIndex="215" Line="116" Column="9" EndLine="116" EndColumn="34" Covered="True" />
            <Statement FileIndex="215" Line="117" Column="5" EndLine="117" EndColumn="6" Covered="True" />
          </Method>
        </Type>
        <Type Name="&lt;DeleteAsync_ShouldReturnFalse_WhenProductWasNotDeleted&gt;d__14" CoveredStatements="6" TotalStatements="6" CoveragePercent="100">
          <Method Name="MoveNext():System.Void" CoveredStatements="6" TotalStatements="6" CoveragePercent="100">
            <Statement FileIndex="215" Line="188" Column="5" EndLine="188" EndColumn="6" Covered="True" />
            <Statement FileIndex="215" Line="190" Column="9" EndLine="190" EndColumn="49" Covered="True" />
            <Statement FileIndex="215" Line="192" Column="9" EndLine="193" EndColumn="29" Covered="True" />
            <Statement FileIndex="215" Line="196" Column="9" EndLine="196" EndColumn="124" Covered="True" />
            <Statement FileIndex="215" Line="199" Column="9" EndLine="199" EndColumn="35" Covered="True" />
            <Statement FileIndex="215" Line="200" Column="5" EndLine="200" EndColumn="6" Covered="True" />
          </Method>
        </Type>
        <Type Name="&lt;DeleteAsync_ShouldReturnTrue_WhenProductWasDeleted&gt;d__13" CoveredStatements="6" TotalStatements="6" CoveragePercent="100">
          <Method Name="MoveNext():System.Void" CoveredStatements="6" TotalStatements="6" CoveragePercent="100">
            <Statement FileIndex="215" Line="172" Column="5" EndLine="172" EndColumn="6" Covered="True" />
            <Statement FileIndex="215" Line="174" Column="9" EndLine="174" EndColumn="49" Covered="True" />
            <Statement FileIndex="215" Line="176" Column="9" EndLine="177" EndColumn="28" Covered="True" />
            <Statement FileIndex="215" Line="180" Column="9" EndLine="180" EndColumn="124" Covered="True" />
            <Statement FileIndex="215" Line="183" Column="9" EndLine="183" EndColumn="34" Covered="True" />
            <Statement FileIndex="215" Line="184" Column="5" EndLine="184" EndColumn="6" Covered="True" />
          </Method>
        </Type>
        <Type Name="&lt;GetAllAsync_ShouldReturnAllProducts&gt;d__6" CoveredStatements="7" TotalStatements="7" CoveragePercent="100">
          <Method Name="MoveNext():System.Void" CoveredStatements="7" TotalStatements="7" CoveragePercent="100">
            <Statement FileIndex="215" Line="52" Column="5" EndLine="52" EndColumn="6" Covered="True" />
            <Statement FileIndex="215" Line="54" Column="9" EndLine="58" EndColumn="11" Covered="True" />
            <Statement FileIndex="215" Line="59" Column="9" EndLine="59" EndColumn="105" Covered="True" />
            <Statement FileIndex="215" Line="61" Column="9" EndLine="62" EndColumn="40" Covered="True" />
            <Statement FileIndex="215" Line="65" Column="9" EndLine="65" EndColumn="88" Covered="True" />
            <Statement FileIndex="215" Line="68" Column="9" EndLine="68" EndColumn="58" Covered="True" />
            <Statement FileIndex="215" Line="69" Column="5" EndLine="69" EndColumn="6" Covered="True" />
          </Method>
        </Type>
        <Type Name="&lt;GetByIdAsync_ShouldReturnNull_WhenProductDoesExist&gt;d__8" CoveredStatements="6" TotalStatements="6" CoveragePercent="100">
          <Method Name="MoveNext():System.Void" CoveredStatements="6" TotalStatements="6" CoveragePercent="100">
            <Statement FileIndex="215" Line="89" Column="5" EndLine="89" EndColumn="6" Covered="True" />
            <Statement FileIndex="215" Line="91" Column="9" EndLine="91" EndColumn="34" Covered="True" />
            <Statement FileIndex="215" Line="93" Column="9" EndLine="94" EndColumn="28" Covered="True" />
            <Statement FileIndex="215" Line="97" Column="9" EndLine="97" EndColumn="97" Covered="True" />
            <Statement FileIndex="215" Line="100" Column="9" EndLine="100" EndColumn="34" Covered="True" />
            <Statement FileIndex="215" Line="101" Column="5" EndLine="101" EndColumn="6" Covered="True" />
          </Method>
        </Type>
        <Type Name="&lt;GetByIdAsync_ShouldReturnProduct_WhenProductExists&gt;d__7" CoveredStatements="6" TotalStatements="6" CoveragePercent="100">
          <Method Name="MoveNext():System.Void" CoveredStatements="6" TotalStatements="6" CoveragePercent="100">
            <Statement FileIndex="215" Line="73" Column="5" EndLine="73" EndColumn="6" Covered="True" />
            <Statement FileIndex="215" Line="75" Column="9" EndLine="75" EndColumn="49" Covered="True" />
            <Statement FileIndex="215" Line="77" Column="9" EndLine="78" EndColumn="39" Covered="True" />
            <Statement FileIndex="215" Line="81" Column="9" EndLine="81" EndColumn="120" Covered="True" />
            <Statement FileIndex="215" Line="84" Column="9" EndLine="84" EndColumn="57" Covered="True" />
            <Statement FileIndex="215" Line="85" Column="5" EndLine="85" EndColumn="6" Covered="True" />
          </Method>
        </Type>
        <Type Name="&lt;GetCountAsync_ShouldReturnCorrectCount&gt;d__5" CoveredStatements="6" TotalStatements="6" CoveragePercent="100">
          <Method Name="MoveNext():System.Void" CoveredStatements="6" TotalStatements="6" CoveragePercent="100">
            <Statement FileIndex="215" Line="37" Column="5" EndLine="37" EndColumn="6" Covered="True" />
            <Statement FileIndex="215" Line="39" Column="9" EndLine="39" EndColumn="47" Covered="True" />
            <Statement FileIndex="215" Line="40" Column="9" EndLine="41" EndColumn="37" Covered="True" />
            <Statement FileIndex="215" Line="44" Column="9" EndLine="44" EndColumn="82" Covered="True" />
            <Statement FileIndex="215" Line="47" Column="9" EndLine="47" EndColumn="43" Covered="True" />
            <Statement FileIndex="215" Line="48" Column="5" EndLine="48" EndColumn="6" Covered="True" />
          </Method>
        </Type>
        <Type Name="&lt;UpdateAsync_ShouldReturnNull_WhenProductWasNotUpdated&gt;d__12" CoveredStatements="6" TotalStatements="6" CoveragePercent="100">
          <Method Name="MoveNext():System.Void" CoveredStatements="6" TotalStatements="6" CoveragePercent="100">
            <Statement FileIndex="215" Line="156" Column="5" EndLine="156" EndColumn="6" Covered="True" />
            <Statement FileIndex="215" Line="158" Column="9" EndLine="158" EndColumn="49" Covered="True" />
            <Statement FileIndex="215" Line="160" Column="9" EndLine="161" EndColumn="28" Covered="True" />
            <Statement FileIndex="215" Line="164" Column="9" EndLine="164" EndColumn="104" Covered="True" />
            <Statement FileIndex="215" Line="167" Column="9" EndLine="167" EndColumn="34" Covered="True" />
            <Statement FileIndex="215" Line="168" Column="5" EndLine="168" EndColumn="6" Covered="True" />
          </Method>
        </Type>
        <Type Name="&lt;UpdateAsync_ShouldReturnUpdatedProduct_WhenProductWasUpdated&gt;d__11" CoveredStatements="7" TotalStatements="7" CoveragePercent="100">
          <Method Name="MoveNext():System.Void" CoveredStatements="7" TotalStatements="7" CoveragePercent="100">
            <Statement FileIndex="215" Line="137" Column="5" EndLine="137" EndColumn="6" Covered="True" />
            <Statement FileIndex="215" Line="139" Column="9" EndLine="139" EndColumn="49" Covered="True" />
            <Statement FileIndex="215" Line="140" Column="9" EndLine="142" EndColumn="23" Covered="True" />
            <Statement FileIndex="215" Line="144" Column="9" EndLine="145" EndColumn="38" Covered="True" />
            <Statement FileIndex="215" Line="148" Column="9" EndLine="148" EndColumn="103" Covered="True" />
            <Statement FileIndex="215" Line="151" Column="9" EndLine="151" EndColumn="56" Covered="True" />
            <Statement FileIndex="215" Line="152" Column="5" EndLine="152" EndColumn="6" Covered="True" />
          </Method>
        </Type>
        <Method Name=".ctor():System.Void" CoveredStatements="8" TotalStatements="8" CoveragePercent="100">
          <Statement FileIndex="215" Line="22" Column="5" EndLine="22" EndColumn="33" Covered="True" />
          <Statement FileIndex="215" Line="23" Column="5" EndLine="23" EndColumn="6" Covered="True" />
          <Statement FileIndex="215" Line="24" Column="9" EndLine="24" EndColumn="34" Covered="True" />
          <Statement FileIndex="215" Line="25" Column="9" EndLine="25" EndColumn="64" Covered="True" />
          <Statement FileIndex="215" Line="27" Column="9" EndLine="27" EndColumn="68" Covered="True" />
          <Statement FileIndex="215" Line="28" Column="9" EndLine="30" EndColumn="27" Covered="True" />
          <Statement FileIndex="215" Line="32" Column="9" EndLine="32" EndColumn="66" Covered="True" />
          <Statement FileIndex="215" Line="33" Column="5" EndLine="33" EndColumn="6" Covered="True" />
        </Method>
      </Type>
    </Namespace>
    <Namespace Name="CoffeeSpace.ProductApi.Tests.Validators" CoveredStatements="105" TotalStatements="105" CoveragePercent="100">
      <Type Name="CreateProductRequestValidatorTests" CoveredStatements="35" TotalStatements="35" CoveragePercent="100">
        <Type Name="&lt;InvalidDescription_ShouldThrowValidationError&gt;d__4" CoveredStatements="5" TotalStatements="5" CoveragePercent="100">
          <Method Name="MoveNext():System.Void" CoveredStatements="5" TotalStatements="5" CoveragePercent="100">
            <Statement FileIndex="216" Line="43" Column="5" EndLine="43" EndColumn="6" Covered="True" />
            <Statement FileIndex="216" Line="45" Column="9" EndLine="47" EndColumn="23" Covered="True" />
            <Statement FileIndex="216" Line="50" Column="9" EndLine="50" EndColumn="86" Covered="True" />
            <Statement FileIndex="216" Line="53" Column="9" EndLine="53" EndColumn="91" Covered="True" />
            <Statement FileIndex="216" Line="54" Column="5" EndLine="54" EndColumn="6" Covered="True" />
          </Method>
        </Type>
        <Type Name="&lt;InvalidDiscount_ShouldThrowValidationError&gt;d__6" CoveredStatements="5" TotalStatements="5" CoveragePercent="100">
          <Method Name="MoveNext():System.Void" CoveredStatements="5" TotalStatements="5" CoveragePercent="100">
            <Statement FileIndex="216" Line="79" Column="5" EndLine="79" EndColumn="6" Covered="True" />
            <Statement FileIndex="216" Line="81" Column="9" EndLine="83" EndColumn="23" Covered="True" />
            <Statement FileIndex="216" Line="86" Column="9" EndLine="86" EndColumn="86" Covered="True" />
            <Statement FileIndex="216" Line="89" Column="9" EndLine="89" EndColumn="88" Covered="True" />
            <Statement FileIndex="216" Line="90" Column="5" EndLine="90" EndColumn="6" Covered="True" />
          </Method>
        </Type>
        <Type Name="&lt;InvalidPrice_ShouldThrowValidationError&gt;d__5" CoveredStatements="5" TotalStatements="5" CoveragePercent="100">
          <Method Name="MoveNext():System.Void" CoveredStatements="5" TotalStatements="5" CoveragePercent="100">
            <Statement FileIndex="216" Line="61" Column="5" EndLine="61" EndColumn="6" Covered="True" />
            <Statement FileIndex="216" Line="63" Column="9" EndLine="65" EndColumn="23" Covered="True" />
            <Statement FileIndex="216" Line="68" Column="9" EndLine="68" EndColumn="86" Covered="True" />
            <Statement FileIndex="216" Line="71" Column="9" EndLine="71" EndColumn="89" Covered="True" />
            <Statement FileIndex="216" Line="72" Column="5" EndLine="72" EndColumn="6" Covered="True" />
          </Method>
        </Type>
        <Type Name="&lt;InvalidQuantity_ShouldThrowValidationError&gt;d__7" CoveredStatements="5" TotalStatements="5" CoveragePercent="100">
          <Method Name="MoveNext():System.Void" CoveredStatements="5" TotalStatements="5" CoveragePercent="100">
            <Statement FileIndex="216" Line="96" Column="5" EndLine="96" EndColumn="6" Covered="True" />
            <Statement FileIndex="216" Line="98" Column="9" EndLine="100" EndColumn="23" Covered="True" />
            <Statement FileIndex="216" Line="103" Column="9" EndLine="103" EndColumn="86" Covered="True" />
            <Statement FileIndex="216" Line="106" Column="9" EndLine="106" EndColumn="88" Covered="True" />
            <Statement FileIndex="216" Line="107" Column="5" EndLine="107" EndColumn="6" Covered="True" />
          </Method>
        </Type>
        <Type Name="&lt;InvalidTitle_ShouldThrowValidationError&gt;d__3" CoveredStatements="5" TotalStatements="5" CoveragePercent="100">
          <Method Name="MoveNext():System.Void" CoveredStatements="5" TotalStatements="5" CoveragePercent="100">
            <Statement FileIndex="216" Line="25" Column="5" EndLine="25" EndColumn="6" Covered="True" />
            <Statement FileIndex="216" Line="27" Column="9" EndLine="29" EndColumn="23" Covered="True" />
            <Statement FileIndex="216" Line="32" Column="9" EndLine="32" EndColumn="86" Covered="True" />
            <Statement FileIndex="216" Line="35" Column="9" EndLine="35" EndColumn="85" Covered="True" />
            <Statement FileIndex="216" Line="36" Column="5" EndLine="36" EndColumn="6" Covered="True" />
          </Method>
        </Type>
        <Type Name="&lt;ValidProperties_ShouldNotThrowAnyValidationErrors&gt;d__8" CoveredStatements="5" TotalStatements="5" CoveragePercent="100">
          <Method Name="MoveNext():System.Void" CoveredStatements="5" TotalStatements="5" CoveragePercent="100">
            <Statement FileIndex="216" Line="111" Column="5" EndLine="111" EndColumn="6" Covered="True" />
            <Statement FileIndex="216" Line="113" Column="9" EndLine="117" EndColumn="23" Covered="True" />
            <Statement FileIndex="216" Line="120" Column="9" EndLine="120" EndColumn="86" Covered="True" />
            <Statement FileIndex="216" Line="123" Column="9" EndLine="123" EndColumn="51" Covered="True" />
            <Statement FileIndex="216" Line="124" Column="5" EndLine="124" EndColumn="6" Covered="True" />
          </Method>
        </Type>
        <Method Name=".ctor():System.Void" CoveredStatements="5" TotalStatements="5" CoveragePercent="100">
          <Statement FileIndex="216" Line="14" Column="5" EndLine="14" EndColumn="48" Covered="True" />
          <Statement FileIndex="216" Line="15" Column="5" EndLine="15" EndColumn="6" Covered="True" />
          <Statement FileIndex="216" Line="16" Column="9" EndLine="16" EndColumn="78" Covered="True" />
          <Statement FileIndex="216" Line="17" Column="9" EndLine="17" EndColumn="34" Covered="True" />
          <Statement FileIndex="216" Line="18" Column="5" EndLine="18" EndColumn="6" Covered="True" />
        </Method>
      </Type>
      <Type Name="ProductResponseValidatorTests" CoveredStatements="35" TotalStatements="35" CoveragePercent="100">
        <Type Name="&lt;InvalidDescription_ShouldThrowValidationError&gt;d__4" CoveredStatements="5" TotalStatements="5" CoveragePercent="100">
          <Method Name="MoveNext():System.Void" CoveredStatements="5" TotalStatements="5" CoveragePercent="100">
            <Statement FileIndex="217" Line="43" Column="5" EndLine="43" EndColumn="6" Covered="True" />
            <Statement FileIndex="217" Line="45" Column="9" EndLine="47" EndColumn="23" Covered="True" />
            <Statement FileIndex="217" Line="50" Column="9" EndLine="50" EndColumn="81" Covered="True" />
            <Statement FileIndex="217" Line="53" Column="9" EndLine="53" EndColumn="91" Covered="True" />
            <Statement FileIndex="217" Line="54" Column="5" EndLine="54" EndColumn="6" Covered="True" />
          </Method>
        </Type>
        <Type Name="&lt;InvalidDiscount_ShouldThrowValidationError&gt;d__6" CoveredStatements="5" TotalStatements="5" CoveragePercent="100">
          <Method Name="MoveNext():System.Void" CoveredStatements="5" TotalStatements="5" CoveragePercent="100">
            <Statement FileIndex="217" Line="79" Column="5" EndLine="79" EndColumn="6" Covered="True" />
            <Statement FileIndex="217" Line="81" Column="9" EndLine="83" EndColumn="23" Covered="True" />
            <Statement FileIndex="217" Line="86" Column="9" EndLine="86" EndColumn="81" Covered="True" />
            <Statement FileIndex="217" Line="89" Column="9" EndLine="89" EndColumn="88" Covered="True" />
            <Statement FileIndex="217" Line="90" Column="5" EndLine="90" EndColumn="6" Covered="True" />
          </Method>
        </Type>
        <Type Name="&lt;InvalidPrice_ShouldThrowValidationError&gt;d__5" CoveredStatements="5" TotalStatements="5" CoveragePercent="100">
          <Method Name="MoveNext():System.Void" CoveredStatements="5" TotalStatements="5" CoveragePercent="100">
            <Statement FileIndex="217" Line="61" Column="5" EndLine="61" EndColumn="6" Covered="True" />
            <Statement FileIndex="217" Line="63" Column="9" EndLine="65" EndColumn="23" Covered="True" />
            <Statement FileIndex="217" Line="68" Column="9" EndLine="68" EndColumn="81" Covered="True" />
            <Statement FileIndex="217" Line="71" Column="9" EndLine="71" EndColumn="89" Covered="True" />
            <Statement FileIndex="217" Line="72" Column="5" EndLine="72" EndColumn="6" Covered="True" />
          </Method>
        </Type>
        <Type Name="&lt;InvalidQuantity_ShouldThrowValidationError&gt;d__7" CoveredStatements="5" TotalStatements="5" CoveragePercent="100">
          <Method Name="MoveNext():System.Void" CoveredStatements="5" TotalStatements="5" CoveragePercent="100">
            <Statement FileIndex="217" Line="96" Column="5" EndLine="96" EndColumn="6" Covered="True" />
            <Statement FileIndex="217" Line="98" Column="9" EndLine="100" EndColumn="23" Covered="True" />
            <Statement FileIndex="217" Line="103" Column="9" EndLine="103" EndColumn="81" Covered="True" />
            <Statement FileIndex="217" Line="106" Column="9" EndLine="106" EndColumn="88" Covered="True" />
            <Statement FileIndex="217" Line="107" Column="5" EndLine="107" EndColumn="6" Covered="True" />
          </Method>
        </Type>
        <Type Name="&lt;InvalidTitle_ShouldThrowValidationError&gt;d__3" CoveredStatements="5" TotalStatements="5" CoveragePercent="100">
          <Method Name="MoveNext():System.Void" CoveredStatements="5" TotalStatements="5" CoveragePercent="100">
            <Statement FileIndex="217" Line="25" Column="5" EndLine="25" EndColumn="6" Covered="True" />
            <Statement FileIndex="217" Line="27" Column="9" EndLine="29" EndColumn="23" Covered="True" />
            <Statement FileIndex="217" Line="32" Column="9" EndLine="32" EndColumn="81" Covered="True" />
            <Statement FileIndex="217" Line="35" Column="9" EndLine="35" EndColumn="85" Covered="True" />
            <Statement FileIndex="217" Line="36" Column="5" EndLine="36" EndColumn="6" Covered="True" />
          </Method>
        </Type>
        <Type Name="&lt;ValidProperties_ShouldNotThrowAnyValidationErrors&gt;d__8" CoveredStatements="5" TotalStatements="5" CoveragePercent="100">
          <Method Name="MoveNext():System.Void" CoveredStatements="5" TotalStatements="5" CoveragePercent="100">
            <Statement FileIndex="217" Line="111" Column="5" EndLine="111" EndColumn="6" Covered="True" />
            <Statement FileIndex="217" Line="113" Column="9" EndLine="117" EndColumn="23" Covered="True" />
            <Statement FileIndex="217" Line="120" Column="9" EndLine="120" EndColumn="81" Covered="True" />
            <Statement FileIndex="217" Line="123" Column="9" EndLine="123" EndColumn="51" Covered="True" />
            <Statement FileIndex="217" Line="124" Column="5" EndLine="124" EndColumn="6" Covered="True" />
          </Method>
        </Type>
        <Method Name=".ctor():System.Void" CoveredStatements="5" TotalStatements="5" CoveragePercent="100">
          <Statement FileIndex="217" Line="14" Column="5" EndLine="14" EndColumn="43" Covered="True" />
          <Statement FileIndex="217" Line="15" Column="5" EndLine="15" EndColumn="6" Covered="True" />
          <Statement FileIndex="217" Line="16" Column="9" EndLine="16" EndColumn="68" Covered="True" />
          <Statement FileIndex="217" Line="17" Column="9" EndLine="17" EndColumn="34" Covered="True" />
          <Statement FileIndex="217" Line="18" Column="5" EndLine="18" EndColumn="6" Covered="True" />
        </Method>
      </Type>
      <Type Name="UpdateProductRequestValidatorTests" CoveredStatements="35" TotalStatements="35" CoveragePercent="100">
        <Type Name="&lt;InvalidDescription_ShouldThrowValidationError&gt;d__4" CoveredStatements="5" TotalStatements="5" CoveragePercent="100">
          <Method Name="MoveNext():System.Void" CoveredStatements="5" TotalStatements="5" CoveragePercent="100">
            <Statement FileIndex="218" Line="43" Column="5" EndLine="43" EndColumn="6" Covered="True" />
            <Statement FileIndex="218" Line="45" Column="9" EndLine="47" EndColumn="23" Covered="True" />
            <Statement FileIndex="218" Line="50" Column="9" EndLine="50" EndColumn="86" Covered="True" />
            <Statement FileIndex="218" Line="53" Column="9" EndLine="53" EndColumn="91" Covered="True" />
            <Statement FileIndex="218" Line="54" Column="5" EndLine="54" EndColumn="6" Covered="True" />
          </Method>
        </Type>
        <Type Name="&lt;InvalidDiscount_ShouldThrowValidationError&gt;d__6" CoveredStatements="5" TotalStatements="5" CoveragePercent="100">
          <Method Name="MoveNext():System.Void" CoveredStatements="5" TotalStatements="5" CoveragePercent="100">
            <Statement FileIndex="218" Line="79" Column="5" EndLine="79" EndColumn="6" Covered="True" />
            <Statement FileIndex="218" Line="81" Column="9" EndLine="83" EndColumn="23" Covered="True" />
            <Statement FileIndex="218" Line="86" Column="9" EndLine="86" EndColumn="86" Covered="True" />
            <Statement FileIndex="218" Line="89" Column="9" EndLine="89" EndColumn="88" Covered="True" />
            <Statement FileIndex="218" Line="90" Column="5" EndLine="90" EndColumn="6" Covered="True" />
          </Method>
        </Type>
        <Type Name="&lt;InvalidPrice_ShouldThrowValidationError&gt;d__5" CoveredStatements="5" TotalStatements="5" CoveragePercent="100">
          <Method Name="MoveNext():System.Void" CoveredStatements="5" TotalStatements="5" CoveragePercent="100">
            <Statement FileIndex="218" Line="61" Column="5" EndLine="61" EndColumn="6" Covered="True" />
            <Statement FileIndex="218" Line="63" Column="9" EndLine="65" EndColumn="23" Covered="True" />
            <Statement FileIndex="218" Line="68" Column="9" EndLine="68" EndColumn="86" Covered="True" />
            <Statement FileIndex="218" Line="71" Column="9" EndLine="71" EndColumn="89" Covered="True" />
            <Statement FileIndex="218" Line="72" Column="5" EndLine="72" EndColumn="6" Covered="True" />
          </Method>
        </Type>
        <Type Name="&lt;InvalidQuantity_ShouldThrowValidationError&gt;d__7" CoveredStatements="5" TotalStatements="5" CoveragePercent="100">
          <Method Name="MoveNext():System.Void" CoveredStatements="5" TotalStatements="5" CoveragePercent="100">
            <Statement FileIndex="218" Line="96" Column="5" EndLine="96" EndColumn="6" Covered="True" />
            <Statement FileIndex="218" Line="98" Column="9" EndLine="100" EndColumn="23" Covered="True" />
            <Statement FileIndex="218" Line="103" Column="9" EndLine="103" EndColumn="86" Covered="True" />
            <Statement FileIndex="218" Line="106" Column="9" EndLine="106" EndColumn="88" Covered="True" />
            <Statement FileIndex="218" Line="107" Column="5" EndLine="107" EndColumn="6" Covered="True" />
          </Method>
        </Type>
        <Type Name="&lt;InvalidTitle_ShouldThrowValidationError&gt;d__3" CoveredStatements="5" TotalStatements="5" CoveragePercent="100">
          <Method Name="MoveNext():System.Void" CoveredStatements="5" TotalStatements="5" CoveragePercent="100">
            <Statement FileIndex="218" Line="25" Column="5" EndLine="25" EndColumn="6" Covered="True" />
            <Statement FileIndex="218" Line="27" Column="9" EndLine="29" EndColumn="23" Covered="True" />
            <Statement FileIndex="218" Line="32" Column="9" EndLine="32" EndColumn="86" Covered="True" />
            <Statement FileIndex="218" Line="35" Column="9" EndLine="35" EndColumn="85" Covered="True" />
            <Statement FileIndex="218" Line="36" Column="5" EndLine="36" EndColumn="6" Covered="True" />
          </Method>
        </Type>
        <Type Name="&lt;ValidProperties_ShouldNotThrowAnyValidationErrors&gt;d__8" CoveredStatements="5" TotalStatements="5" CoveragePercent="100">
          <Method Name="MoveNext():System.Void" CoveredStatements="5" TotalStatements="5" CoveragePercent="100">
            <Statement FileIndex="218" Line="111" Column="5" EndLine="111" EndColumn="6" Covered="True" />
            <Statement FileIndex="218" Line="113" Column="9" EndLine="117" EndColumn="23" Covered="True" />
            <Statement FileIndex="218" Line="120" Column="9" EndLine="120" EndColumn="86" Covered="True" />
            <Statement FileIndex="218" Line="123" Column="9" EndLine="123" EndColumn="51" Covered="True" />
            <Statement FileIndex="218" Line="124" Column="5" EndLine="124" EndColumn="6" Covered="True" />
          </Method>
        </Type>
        <Method Name=".ctor():System.Void" CoveredStatements="5" TotalStatements="5" CoveragePercent="100">
          <Statement FileIndex="218" Line="14" Column="5" EndLine="14" EndColumn="48" Covered="True" />
          <Statement FileIndex="218" Line="15" Column="5" EndLine="15" EndColumn="6" Covered="True" />
          <Statement FileIndex="218" Line="16" Column="9" EndLine="16" EndColumn="78" Covered="True" />
          <Statement FileIndex="218" Line="17" Column="9" EndLine="17" EndColumn="34" Covered="True" />
          <Statement FileIndex="218" Line="18" Column="5" EndLine="18" EndColumn="6" Covered="True" />
        </Method>
      </Type>
    </Namespace>
  </Assembly>
  <Assembly Name="CoffeeSpace.ProductApi.Tests.Acceptance" CoveredStatements="161" TotalStatements="162" CoveragePercent="99">
    <Namespace Name="CoffeeSpace.ProductApi.Application.Contracts.Responses" CoveredStatements="12" TotalStatements="12" CoveragePercent="100">
      <Type Name="ProductResponse" CoveredStatements="12" TotalStatements="12" CoveragePercent="100">
        <Method Name="get_Description():System.String" CoveredStatements="1" TotalStatements="1" CoveragePercent="100">
          <Statement FileIndex="443" Line="9" Column="42" EndLine="9" EndColumn="46" Covered="True" />
        </Method>
        <Method Name="get_Discount():System.Single" CoveredStatements="1" TotalStatements="1" CoveragePercent="100">
          <Statement FileIndex="443" Line="13" Column="38" EndLine="13" EndColumn="42" Covered="True" />
        </Method>
        <Method Name="get_Id():System.String" CoveredStatements="1" TotalStatements="1" CoveragePercent="100">
          <Statement FileIndex="443" Line="5" Column="33" EndLine="5" EndColumn="37" Covered="True" />
        </Method>
        <Method Name="get_Quantity():System.Int32" CoveredStatements="1" TotalStatements="1" CoveragePercent="100">
          <Statement FileIndex="443" Line="15" Column="37" EndLine="15" EndColumn="41" Covered="True" />
        </Method>
        <Method Name="get_Title():System.String" CoveredStatements="1" TotalStatements="1" CoveragePercent="100">
          <Statement FileIndex="443" Line="7" Column="36" EndLine="7" EndColumn="40" Covered="True" />
        </Method>
        <Method Name="get_UnitPrice():System.Single" CoveredStatements="1" TotalStatements="1" CoveragePercent="100">
          <Statement FileIndex="443" Line="11" Column="39" EndLine="11" EndColumn="43" Covered="True" />
        </Method>
        <Method Name="set_Description(System.String):System.Void" CoveredStatements="1" TotalStatements="1" CoveragePercent="100">
          <Statement FileIndex="443" Line="9" Column="47" EndLine="9" EndColumn="52" Covered="True" />
        </Method>
        <Method Name="set_Discount(System.Single):System.Void" CoveredStatements="1" TotalStatements="1" CoveragePercent="100">
          <Statement FileIndex="443" Line="13" Column="43" EndLine="13" EndColumn="48" Covered="True" />
        </Method>
        <Method Name="set_Id(System.String):System.Void" CoveredStatements="1" TotalStatements="1" CoveragePercent="100">
          <Statement FileIndex="443" Line="5" Column="38" EndLine="5" EndColumn="43" Covered="True" />
        </Method>
        <Method Name="set_Quantity(System.Int32):System.Void" CoveredStatements="1" TotalStatements="1" CoveragePercent="100">
          <Statement FileIndex="443" Line="15" Column="42" EndLine="15" EndColumn="47" Covered="True" />
        </Method>
        <Method Name="set_Title(System.String):System.Void" CoveredStatements="1" TotalStatements="1" CoveragePercent="100">
          <Statement FileIndex="443" Line="7" Column="41" EndLine="7" EndColumn="46" Covered="True" />
        </Method>
        <Method Name="set_UnitPrice(System.Single):System.Void" CoveredStatements="1" TotalStatements="1" CoveragePercent="100">
          <Statement FileIndex="443" Line="11" Column="44" EndLine="11" EndColumn="49" Covered="True" />
        </Method>
      </Type>
    </Namespace>
    <Namespace Name="CoffeeSpace.ProductApi.Tests.Acceptance.Helpers" CoveredStatements="3" TotalStatements="3" CoveragePercent="100">
      <Type Name="ApiEndpoints" CoveredStatements="3" TotalStatements="3" CoveragePercent="100">
        <Type Name="Products" CoveredStatements="3" TotalStatements="3" CoveragePercent="100">
          <Method Name="Delete(System.String):System.String" CoveredStatements="1" TotalStatements="1" CoveragePercent="100">
            <Statement FileIndex="440" Line="17" Column="58" EndLine="17" EndColumn="79" Covered="True" />
          </Method>
          <Method Name="Get(System.String):System.String" CoveredStatements="1" TotalStatements="1" CoveragePercent="100">
            <Statement FileIndex="440" Line="15" Column="55" EndLine="15" EndColumn="76" Covered="True" />
          </Method>
          <Method Name="Update(System.String):System.String" CoveredStatements="1" TotalStatements="1" CoveragePercent="100">
            <Statement FileIndex="440" Line="16" Column="58" EndLine="16" EndColumn="79" Covered="True" />
          </Method>
        </Type>
      </Type>
    </Namespace>
    <Namespace Name="CoffeeSpace.ProductApi.Tests.Acceptance.Hooks" CoveredStatements="33" TotalStatements="33" CoveragePercent="100">
      <Type Name="DockerControllerHooks" CoveredStatements="33" TotalStatements="33" CoveragePercent="100">
        <Type Name="&lt;&gt;c" CoveredStatements="2" TotalStatements="2" CoveragePercent="100">
          <Method Name="&lt;DockerComposeUp&gt;b__4_0(Ductus.FluentDocker.Common.RequestResponse,System.Int32):System.Int64" CoveredStatements="1" TotalStatements="1" CoveragePercent="100">
            <Statement FileIndex="441" Line="35" Column="48" EndLine="35" EndColumn="93" Covered="True" />
          </Method>
          <Method Name="&lt;DockerComposeUp&gt;b__4_1(Ductus.FluentDocker.Common.RequestResponse,System.Int32):System.Int64" CoveredStatements="1" TotalStatements="1" CoveragePercent="100">
            <Statement FileIndex="441" Line="37" Column="48" EndLine="37" EndColumn="93" Covered="True" />
          </Method>
        </Type>
        <Type Name="&lt;&gt;c__DisplayClass8_0" CoveredStatements="1" TotalStatements="1" CoveragePercent="100">
          <Method Name="&lt;GetDockerComposeLocation&gt;b__0(System.String):System.Boolean" CoveredStatements="1" TotalStatements="1" CoveragePercent="100">
            <Statement FileIndex="441" Line="83" Column="74" EndLine="83" EndColumn="110" Covered="True" />
          </Method>
        </Type>
        <Type Name="&lt;AuthenticateHttpClient&gt;d__6" CoveredStatements="5" TotalStatements="5" CoveragePercent="100">
          <Method Name="MoveNext():System.Void" CoveredStatements="5" TotalStatements="5" CoveragePercent="100">
            <Statement FileIndex="441" Line="51" Column="5" EndLine="51" EndColumn="6" Covered="True" />
            <Statement FileIndex="441" Line="52" Column="9" EndLine="55" EndColumn="11" Covered="True" />
            <Statement FileIndex="441" Line="56" Column="9" EndLine="63" EndColumn="12" Covered="True" />
            <Statement FileIndex="441" Line="65" Column="9" EndLine="65" EndColumn="61" Covered="True" />
            <Statement FileIndex="441" Line="66" Column="5" EndLine="66" EndColumn="6" Covered="True" />
          </Method>
        </Type>
        <Method Name=".ctor(BoDi.IObjectContainer):System.Void" CoveredStatements="4" TotalStatements="4" CoveragePercent="100">
          <Statement FileIndex="441" Line="21" Column="5" EndLine="21" EndColumn="67" Covered="True" />
          <Statement FileIndex="441" Line="22" Column="5" EndLine="22" EndColumn="6" Covered="True" />
          <Statement FileIndex="441" Line="23" Column="9" EndLine="23" EndColumn="44" Covered="True" />
          <Statement FileIndex="441" Line="24" Column="5" EndLine="24" EndColumn="6" Covered="True" />
        </Method>
        <Method Name="AddAuthenticatedHttpClient():System.Void" CoveredStatements="5" TotalStatements="5" CoveragePercent="100">
          <Statement FileIndex="441" Line="70" Column="5" EndLine="70" EndColumn="6" Covered="True" />
          <Statement FileIndex="441" Line="71" Column="9" EndLine="74" EndColumn="11" Covered="True" />
          <Statement FileIndex="441" Line="76" Column="9" EndLine="76" EndColumn="119" Covered="True" />
          <Statement FileIndex="441" Line="77" Column="9" EndLine="77" EndColumn="70" Covered="True" />
          <Statement FileIndex="441" Line="78" Column="5" EndLine="78" EndColumn="6" Covered="True" />
        </Method>
        <Method Name="DockerComposeDown():System.Void" CoveredStatements="4" TotalStatements="4" CoveragePercent="100">
          <Statement FileIndex="441" Line="44" Column="5" EndLine="44" EndColumn="6" Covered="True" />
          <Statement FileIndex="441" Line="45" Column="9" EndLine="45" EndColumn="34" Covered="True" />
          <Statement FileIndex="441" Line="46" Column="9" EndLine="46" EndColumn="37" Covered="True" />
          <Statement FileIndex="441" Line="47" Column="5" EndLine="47" EndColumn="6" Covered="True" />
        </Method>
        <Method Name="DockerComposeUp():System.Void" CoveredStatements="4" TotalStatements="4" CoveragePercent="100">
          <Statement FileIndex="441" Line="28" Column="5" EndLine="28" EndColumn="6" Covered="True" />
          <Statement FileIndex="441" Line="29" Column="9" EndLine="29" EndColumn="100" Covered="True" />
          <Statement FileIndex="441" Line="30" Column="10" EndLine="39" EndColumn="22" Covered="True" />
          <Statement FileIndex="441" Line="40" Column="5" EndLine="40" EndColumn="6" Covered="True" />
        </Method>
        <Method Name="GetDockerComposeLocation(System.String):System.String" CoveredStatements="8" TotalStatements="8" CoveragePercent="100">
          <Statement FileIndex="441" Line="81" Column="5" EndLine="81" EndColumn="6" Covered="True" />
          <Statement FileIndex="441" Line="82" Column="9" EndLine="82" EndColumn="60" Covered="True" />
          <Statement FileIndex="441" Line="84" Column="9" EndLine="84" EndColumn="10" Covered="True" />
          <Statement FileIndex="441" Line="85" Column="13" EndLine="85" EndColumn="89" Covered="True" />
          <Statement FileIndex="441" Line="86" Column="9" EndLine="86" EndColumn="10" Covered="True" />
          <Statement FileIndex="441" Line="83" Column="9" EndLine="83" EndColumn="112" Covered="True" />
          <Statement FileIndex="441" Line="88" Column="9" EndLine="88" EndColumn="63" Covered="True" />
          <Statement FileIndex="441" Line="89" Column="5" EndLine="89" EndColumn="6" Covered="True" />
        </Method>
      </Type>
    </Namespace>
    <Namespace Name="CoffeeSpace.ProductApi.Tests.Acceptance.Models" CoveredStatements="33" TotalStatements="34" CoveragePercent="97">
      <Type Name="CreateProductRequest" CoveredStatements="12" TotalStatements="12" CoveragePercent="100">
        <Method Name=".ctor():System.Void" CoveredStatements="1" TotalStatements="1" CoveragePercent="100">
          <Statement FileIndex="442" Line="5" Column="31" EndLine="5" EndColumn="45" Covered="True" />
        </Method>
        <Method Name="get_Description():System.String" CoveredStatements="1" TotalStatements="1" CoveragePercent="100">
          <Statement FileIndex="442" Line="9" Column="42" EndLine="9" EndColumn="46" Covered="True" />
        </Method>
        <Method Name="get_Discount():System.Single" CoveredStatements="1" TotalStatements="1" CoveragePercent="100">
          <Statement FileIndex="442" Line="13" Column="38" EndLine="13" EndColumn="42" Covered="True" />
        </Method>
        <Method Name="get_Id():System.Guid" CoveredStatements="1" TotalStatements="1" CoveragePercent="100">
          <Statement FileIndex="442" Line="5" Column="22" EndLine="5" EndColumn="26" Covered="True" />
        </Method>
        <Method Name="get_Quantity():System.Int32" CoveredStatements="1" TotalStatements="1" CoveragePercent="100">
          <Statement FileIndex="442" Line="15" Column="37" EndLine="15" EndColumn="41" Covered="True" />
        </Method>
        <Method Name="get_Title():System.String" CoveredStatements="1" TotalStatements="1" CoveragePercent="100">
          <Statement FileIndex="442" Line="7" Column="36" EndLine="7" EndColumn="40" Covered="True" />
        </Method>
        <Method Name="get_UnitPrice():System.Single" CoveredStatements="1" TotalStatements="1" CoveragePercent="100">
          <Statement FileIndex="442" Line="11" Column="39" EndLine="11" EndColumn="43" Covered="True" />
        </Method>
        <Method Name="set_Description(System.String):System.Void" CoveredStatements="1" TotalStatements="1" CoveragePercent="100">
          <Statement FileIndex="442" Line="9" Column="47" EndLine="9" EndColumn="52" Covered="True" />
        </Method>
        <Method Name="set_Discount(System.Single):System.Void" CoveredStatements="1" TotalStatements="1" CoveragePercent="100">
          <Statement FileIndex="442" Line="13" Column="43" EndLine="13" EndColumn="48" Covered="True" />
        </Method>
        <Method Name="set_Quantity(System.Int32):System.Void" CoveredStatements="1" TotalStatements="1" CoveragePercent="100">
          <Statement FileIndex="442" Line="15" Column="42" EndLine="15" EndColumn="47" Covered="True" />
        </Method>
        <Method Name="set_Title(System.String):System.Void" CoveredStatements="1" TotalStatements="1" CoveragePercent="100">
          <Statement FileIndex="442" Line="7" Column="41" EndLine="7" EndColumn="46" Covered="True" />
        </Method>
        <Method Name="set_UnitPrice(System.Single):System.Void" CoveredStatements="1" TotalStatements="1" CoveragePercent="100">
          <Statement FileIndex="442" Line="11" Column="44" EndLine="11" EndColumn="49" Covered="True" />
        </Method>
      </Type>
      <Type Name="RegisterRequest" CoveredStatements="10" TotalStatements="10" CoveragePercent="100">
        <Method Name="get_Email():System.String" CoveredStatements="1" TotalStatements="1" CoveragePercent="100">
          <Statement FileIndex="444" Line="11" Column="36" EndLine="11" EndColumn="40" Covered="True" />
        </Method>
        <Method Name="get_LastName():System.String" CoveredStatements="1" TotalStatements="1" CoveragePercent="100">
          <Statement FileIndex="444" Line="7" Column="39" EndLine="7" EndColumn="43" Covered="True" />
        </Method>
        <Method Name="get_Name():System.String" CoveredStatements="1" TotalStatements="1" CoveragePercent="100">
          <Statement FileIndex="444" Line="5" Column="35" EndLine="5" EndColumn="39" Covered="True" />
        </Method>
        <Method Name="get_Password():System.String" CoveredStatements="1" TotalStatements="1" CoveragePercent="100">
          <Statement FileIndex="444" Line="13" Column="39" EndLine="13" EndColumn="43" Covered="True" />
        </Method>
        <Method Name="get_UserName():System.String" CoveredStatements="1" TotalStatements="1" CoveragePercent="100">
          <Statement FileIndex="444" Line="9" Column="39" EndLine="9" EndColumn="43" Covered="True" />
        </Method>
        <Method Name="set_Email(System.String):System.Void" CoveredStatements="1" TotalStatements="1" CoveragePercent="100">
          <Statement FileIndex="444" Line="11" Column="41" EndLine="11" EndColumn="46" Covered="True" />
        </Method>
        <Method Name="set_LastName(System.String):System.Void" CoveredStatements="1" TotalStatements="1" CoveragePercent="100">
          <Statement FileIndex="444" Line="7" Column="44" EndLine="7" EndColumn="49" Covered="True" />
        </Method>
        <Method Name="set_Name(System.String):System.Void" CoveredStatements="1" TotalStatements="1" CoveragePercent="100">
          <Statement FileIndex="444" Line="5" Column="40" EndLine="5" EndColumn="45" Covered="True" />
        </Method>
        <Method Name="set_Password(System.String):System.Void" CoveredStatements="1" TotalStatements="1" CoveragePercent="100">
          <Statement FileIndex="444" Line="13" Column="44" EndLine="13" EndColumn="49" Covered="True" />
        </Method>
        <Method Name="set_UserName(System.String):System.Void" CoveredStatements="1" TotalStatements="1" CoveragePercent="100">
          <Statement FileIndex="444" Line="9" Column="44" EndLine="9" EndColumn="49" Covered="True" />
        </Method>
      </Type>
      <Type Name="UpdateProductRequest" CoveredStatements="11" TotalStatements="12" CoveragePercent="92">
        <Method Name="get_Description():System.String" CoveredStatements="1" TotalStatements="1" CoveragePercent="100">
          <Statement FileIndex="445" Line="9" Column="42" EndLine="9" EndColumn="46" Covered="True" />
        </Method>
        <Method Name="get_Discount():System.Single" CoveredStatements="1" TotalStatements="1" CoveragePercent="100">
          <Statement FileIndex="445" Line="13" Column="38" EndLine="13" EndColumn="42" Covered="True" />
        </Method>
        <Method Name="get_Id():System.Guid" CoveredStatements="1" TotalStatements="1" CoveragePercent="100">
          <Statement FileIndex="445" Line="5" Column="22" EndLine="5" EndColumn="26" Covered="True" />
        </Method>
        <Method Name="get_Quantity():System.Int32" CoveredStatements="1" TotalStatements="1" CoveragePercent="100">
          <Statement FileIndex="445" Line="15" Column="37" EndLine="15" EndColumn="41" Covered="True" />
        </Method>
        <Method Name="get_Title():System.String" CoveredStatements="1" TotalStatements="1" CoveragePercent="100">
          <Statement FileIndex="445" Line="7" Column="36" EndLine="7" EndColumn="40" Covered="True" />
        </Method>
        <Method Name="get_UnitPrice():System.Single" CoveredStatements="1" TotalStatements="1" CoveragePercent="100">
          <Statement FileIndex="445" Line="11" Column="39" EndLine="11" EndColumn="43" Covered="True" />
        </Method>
        <Method Name="set_Description(System.String):System.Void" CoveredStatements="1" TotalStatements="1" CoveragePercent="100">
          <Statement FileIndex="445" Line="9" Column="47" EndLine="9" EndColumn="52" Covered="True" />
        </Method>
        <Method Name="set_Discount(System.Single):System.Void" CoveredStatements="1" TotalStatements="1" CoveragePercent="100">
          <Statement FileIndex="445" Line="13" Column="43" EndLine="13" EndColumn="48" Covered="True" />
        </Method>
        <Method Name="set_Id(System.Guid):System.Void" CoveredStatements="0" TotalStatements="1" CoveragePercent="0">
          <Statement FileIndex="445" Line="5" Column="27" EndLine="5" EndColumn="40" Covered="False" />
        </Method>
        <Method Name="set_Quantity(System.Int32):System.Void" CoveredStatements="1" TotalStatements="1" CoveragePercent="100">
          <Statement FileIndex="445" Line="15" Column="42" EndLine="15" EndColumn="47" Covered="True" />
        </Method>
        <Method Name="set_Title(System.String):System.Void" CoveredStatements="1" TotalStatements="1" CoveragePercent="100">
          <Statement FileIndex="445" Line="7" Column="41" EndLine="7" EndColumn="46" Covered="True" />
        </Method>
        <Method Name="set_UnitPrice(System.Single):System.Void" CoveredStatements="1" TotalStatements="1" CoveragePercent="100">
          <Statement FileIndex="445" Line="11" Column="44" EndLine="11" EndColumn="49" Covered="True" />
        </Method>
      </Type>
    </Namespace>
    <Namespace Name="CoffeeSpace.ProductApi.Tests.Acceptance.StepDefinitions" CoveredStatements="80" TotalStatements="80" CoveragePercent="100">
      <Type Name="ProductManagementSteps" CoveredStatements="80" TotalStatements="80" CoveragePercent="100">
        <Type Name="&lt;GivenTheFollowingProductsInTheSystem&gt;d__3" CoveredStatements="14" TotalStatements="14" CoveragePercent="100">
          <Method Name="MoveNext():System.Void" CoveredStatements="14" TotalStatements="14" CoveragePercent="100">
            <Statement FileIndex="446" Line="26" Column="5" EndLine="26" EndColumn="6" Covered="True" />
            <Statement FileIndex="446" Line="27" Column="9" EndLine="27" EndColumn="77" Covered="True" />
            <Statement FileIndex="446" Line="28" Column="9" EndLine="28" EndColumn="59" Covered="True" />
            <Statement FileIndex="446" Line="30" Column="9" EndLine="30" EndColumn="16" Covered="True" />
            <Statement FileIndex="446" Line="30" Column="46" EndLine="30" EndColumn="67" Covered="True" />
            <Statement FileIndex="446" Line="30" Column="18" EndLine="30" EndColumn="42" Covered="True" />
            <Statement FileIndex="446" Line="31" Column="9" EndLine="31" EndColumn="10" Covered="True" />
            <Statement FileIndex="446" Line="32" Column="13" EndLine="32" EndColumn="114" Covered="True" />
            <Statement FileIndex="446" Line="33" Column="13" EndLine="33" EndColumn="94" Covered="True" />
            <Statement FileIndex="446" Line="35" Column="13" EndLine="35" EndColumn="50" Covered="True" />
            <Statement FileIndex="446" Line="36" Column="9" EndLine="36" EndColumn="10" Covered="True" />
            <Statement FileIndex="446" Line="30" Column="43" EndLine="30" EndColumn="45" Covered="True" />
            <Statement FileIndex="446" Line="37" Column="9" EndLine="37" EndColumn="67" Covered="True" />
            <Statement FileIndex="446" Line="38" Column="5" EndLine="38" EndColumn="6" Covered="True" />
          </Method>
        </Type>
        <Type Name="&lt;ThenAgetRequestToRetrieveTheDeletedProductShouldReturnAStatusCodeOfNotFound&gt;d__12" CoveredStatements="6" TotalStatements="6" CoveragePercent="100">
          <Method Name="MoveNext():System.Void" CoveredStatements="6" TotalStatements="6" CoveragePercent="100">
            <Statement FileIndex="446" Line="131" Column="5" EndLine="131" EndColumn="6" Covered="True" />
            <Statement FileIndex="446" Line="132" Column="9" EndLine="132" EndColumn="88" Covered="True" />
            <Statement FileIndex="446" Line="133" Column="9" EndLine="133" EndColumn="84" Covered="True" />
            <Statement FileIndex="446" Line="135" Column="9" EndLine="135" EndColumn="74" Covered="True" />
            <Statement FileIndex="446" Line="136" Column="9" EndLine="136" EndColumn="77" Covered="True" />
            <Statement FileIndex="446" Line="137" Column="5" EndLine="137" EndColumn="6" Covered="True" />
          </Method>
        </Type>
        <Type Name="&lt;ThenTheProductAreCreatedSuccessfully&gt;d__5" CoveredStatements="6" TotalStatements="6" CoveragePercent="100">
          <Method Name="MoveNext():System.Void" CoveredStatements="6" TotalStatements="6" CoveragePercent="100">
            <Statement FileIndex="446" Line="53" Column="5" EndLine="53" EndColumn="6" Covered="True" />
            <Statement FileIndex="446" Line="54" Column="9" EndLine="54" EndColumn="87" Covered="True" />
            <Statement FileIndex="446" Line="55" Column="9" EndLine="55" EndColumn="85" Covered="True" />
            <Statement FileIndex="446" Line="57" Column="9" EndLine="57" EndColumn="106" Covered="True" />
            <Statement FileIndex="446" Line="58" Column="9" EndLine="58" EndColumn="65" Covered="True" />
            <Statement FileIndex="446" Line="59" Column="5" EndLine="59" EndColumn="6" Covered="True" />
          </Method>
        </Type>
        <Type Name="&lt;WhenAdeleteRequestIsSentToDeleteTheProductById&gt;d__11" CoveredStatements="7" TotalStatements="7" CoveragePercent="100">
          <Method Name="MoveNext():System.Void" CoveredStatements="7" TotalStatements="7" CoveragePercent="100">
            <Statement FileIndex="446" Line="120" Column="5" EndLine="120" EndColumn="6" Covered="True" />
            <Statement FileIndex="446" Line="121" Column="9" EndLine="121" EndColumn="103" Covered="True" />
            <Statement FileIndex="446" Line="122" Column="9" EndLine="122" EndColumn="92" Covered="True" />
            <Statement FileIndex="446" Line="124" Column="9" EndLine="124" EndColumn="80" Covered="True" />
            <Statement FileIndex="446" Line="125" Column="9" EndLine="125" EndColumn="75" Covered="True" />
            <Statement FileIndex="446" Line="126" Column="9" EndLine="126" EndColumn="74" Covered="True" />
            <Statement FileIndex="446" Line="127" Column="5" EndLine="127" EndColumn="6" Covered="True" />
          </Method>
        </Type>
        <Type Name="&lt;WhenAgetRequestIsSentToRetrieveTheProductById&gt;d__7" CoveredStatements="9" TotalStatements="9" CoveragePercent="100">
          <Method Name="MoveNext():System.Void" CoveredStatements="9" TotalStatements="9" CoveragePercent="100">
            <Statement FileIndex="446" Line="70" Column="5" EndLine="70" EndColumn="6" Covered="True" />
            <Statement FileIndex="446" Line="71" Column="9" EndLine="71" EndColumn="95" Covered="True" />
            <Statement FileIndex="446" Line="72" Column="9" EndLine="72" EndColumn="57" Covered="True" />
            <Statement FileIndex="446" Line="74" Column="9" EndLine="74" EndColumn="88" Covered="True" />
            <Statement FileIndex="446" Line="75" Column="9" EndLine="75" EndColumn="74" Covered="True" />
            <Statement FileIndex="446" Line="76" Column="9" EndLine="76" EndColumn="91" Covered="True" />
            <Statement FileIndex="446" Line="78" Column="9" EndLine="78" EndColumn="77" Covered="True" />
            <Statement FileIndex="446" Line="79" Column="9" EndLine="79" EndColumn="75" Covered="True" />
            <Statement FileIndex="446" Line="80" Column="5" EndLine="80" EndColumn="6" Covered="True" />
          </Method>
        </Type>
        <Type Name="&lt;WhenAgetRequestToRetrieveTheUpdatedProductShouldReturnTheCorrectUpdatedProductInformationWithStatusCode&gt;d__10" CoveredStatements="8" TotalStatements="8" CoveragePercent="100">
          <Method Name="MoveNext():System.Void" CoveredStatements="8" TotalStatements="8" CoveragePercent="100">
            <Statement FileIndex="446" Line="107" Column="5" EndLine="107" EndColumn="6" Covered="True" />
            <Statement FileIndex="446" Line="108" Column="9" EndLine="108" EndColumn="96" Covered="True" />
            <Statement FileIndex="446" Line="109" Column="9" EndLine="109" EndColumn="85" Covered="True" />
            <Statement FileIndex="446" Line="111" Column="9" EndLine="111" EndColumn="74" Covered="True" />
            <Statement FileIndex="446" Line="112" Column="9" EndLine="112" EndColumn="91" Covered="True" />
            <Statement FileIndex="446" Line="114" Column="9" EndLine="114" EndColumn="77" Covered="True" />
            <Statement FileIndex="446" Line="115" Column="9" EndLine="115" EndColumn="65" Covered="True" />
            <Statement FileIndex="446" Line="116" Column="5" EndLine="116" EndColumn="6" Covered="True" />
          </Method>
        </Type>
        <Type Name="&lt;WhenAputRequestIsSentToUpdateTheProductWithUpdatedProductData&gt;d__9" CoveredStatements="9" TotalStatements="9" CoveragePercent="100">
          <Method Name="MoveNext():System.Void" CoveredStatements="9" TotalStatements="9" CoveragePercent="100">
            <Statement FileIndex="446" Line="93" Column="5" EndLine="93" EndColumn="6" Covered="True" />
            <Statement FileIndex="446" Line="94" Column="9" EndLine="94" EndColumn="81" Covered="True" />
            <Statement FileIndex="446" Line="95" Column="9" EndLine="95" EndColumn="103" Covered="True" />
            <Statement FileIndex="446" Line="96" Column="9" EndLine="96" EndColumn="92" Covered="True" />
            <Statement FileIndex="446" Line="98" Column="9" EndLine="98" EndColumn="105" Covered="True" />
            <Statement FileIndex="446" Line="99" Column="9" EndLine="99" EndColumn="98" Covered="True" />
            <Statement FileIndex="446" Line="101" Column="9" EndLine="101" EndColumn="82" Covered="True" />
            <Statement FileIndex="446" Line="102" Column="9" EndLine="102" EndColumn="75" Covered="True" />
            <Statement FileIndex="446" Line="103" Column="5" EndLine="103" EndColumn="6" Covered="True" />
          </Method>
        </Type>
        <Type Name="&lt;WhenThePostRequestIsSentWithFollowingRequest&gt;d__4" CoveredStatements="7" TotalStatements="7" CoveragePercent="100">
          <Method Name="MoveNext():System.Void" CoveredStatements="7" TotalStatements="7" CoveragePercent="100">
            <Statement FileIndex="446" Line="42" Column="5" EndLine="42" EndColumn="6" Covered="True" />
            <Statement FileIndex="446" Line="43" Column="9" EndLine="43" EndColumn="81" Covered="True" />
            <Statement FileIndex="446" Line="44" Column="9" EndLine="44" EndColumn="110" Covered="True" />
            <Statement FileIndex="446" Line="46" Column="9" EndLine="46" EndColumn="90" Covered="True" />
            <Statement FileIndex="446" Line="47" Column="9" EndLine="47" EndColumn="65" Covered="True" />
            <Statement FileIndex="446" Line="48" Column="9" EndLine="48" EndColumn="75" Covered="True" />
            <Statement FileIndex="446" Line="49" Column="5" EndLine="49" EndColumn="6" Covered="True" />
          </Method>
        </Type>
        <Method Name=".ctor(System.Net.Http.HttpClient,TechTalk.SpecFlow.ScenarioContext):System.Void" CoveredStatements="5" TotalStatements="5" CoveragePercent="100">
          <Statement FileIndex="446" Line="18" Column="5" EndLine="18" EndColumn="90" Covered="True" />
          <Statement FileIndex="446" Line="19" Column="5" EndLine="19" EndColumn="6" Covered="True" />
          <Statement FileIndex="446" Line="20" Column="9" EndLine="20" EndColumn="34" Covered="True" />
          <Statement FileIndex="446" Line="21" Column="9" EndLine="21" EndColumn="44" Covered="True" />
          <Statement FileIndex="446" Line="22" Column="5" EndLine="22" EndColumn="6" Covered="True" />
        </Method>
        <Method Name="ThenTheResponseBodyShouldContainTheCorrectProductInformation():System.Void" CoveredStatements="5" TotalStatements="5" CoveragePercent="100">
          <Statement FileIndex="446" Line="84" Column="5" EndLine="84" EndColumn="6" Covered="True" />
          <Statement FileIndex="446" Line="85" Column="9" EndLine="85" EndColumn="92" Covered="True" />
          <Statement FileIndex="446" Line="86" Column="9" EndLine="86" EndColumn="105" Covered="True" />
          <Statement FileIndex="446" Line="88" Column="9" EndLine="88" EndColumn="61" Covered="True" />
          <Statement FileIndex="446" Line="89" Column="5" EndLine="89" EndColumn="6" Covered="True" />
        </Method>
        <Method Name="ThenTheResponseStatusCodeShouldBe(System.Int32):System.Void" CoveredStatements="4" TotalStatements="4" CoveragePercent="100">
          <Statement FileIndex="446" Line="63" Column="5" EndLine="63" EndColumn="6" Covered="True" />
          <Statement FileIndex="446" Line="64" Column="9" EndLine="64" EndColumn="93" Covered="True" />
          <Statement FileIndex="446" Line="65" Column="9" EndLine="65" EndColumn="74" Covered="True" />
          <Statement FileIndex="446" Line="66" Column="5" EndLine="66" EndColumn="6" Covered="True" />
        </Method>
      </Type>
    </Namespace>
  </Assembly>
  <Assembly Name="CoffeeSpace.ProductApi.Tests.Integration" CoveredStatements="146" TotalStatements="146" CoveragePercent="100">
    <Namespace Name="CoffeeSpace.ProductApi.Tests.Integration.Controllers" CoveredStatements="47" TotalStatements="47" CoveragePercent="100">
      <Type Name="ProductsApiControllerTests" CoveredStatements="47" TotalStatements="47" CoveragePercent="100">
        <Type Name="&lt;Create_ShouldReturn201_AndCreateProduct&gt;d__5" CoveredStatements="6" TotalStatements="6" CoveragePercent="100">
          <Method Name="MoveNext():System.Void" CoveredStatements="6" TotalStatements="6" CoveragePercent="100">
            <Statement FileIndex="292" Line="71" Column="5" EndLine="71" EndColumn="6" Covered="True" />
            <Statement FileIndex="292" Line="73" Column="9" EndLine="73" EndColumn="101" Covered="True" />
            <Statement FileIndex="292" Line="77" Column="9" EndLine="77" EndColumn="87" Covered="True" />
            <Statement FileIndex="292" Line="80" Column="9" EndLine="80" EndColumn="64" Covered="True" />
            <Statement FileIndex="292" Line="81" Column="9" EndLine="85" EndColumn="55" Covered="True" />
            <Statement FileIndex="292" Line="86" Column="5" EndLine="86" EndColumn="6" Covered="True" />
          </Method>
        </Type>
        <Type Name="&lt;Delete_ShouldReturn200_AndDeleteProduct&gt;d__7" CoveredStatements="7" TotalStatements="7" CoveragePercent="100">
          <Method Name="MoveNext():System.Void" CoveredStatements="7" TotalStatements="7" CoveragePercent="100">
            <Statement FileIndex="292" Line="110" Column="5" EndLine="110" EndColumn="6" Covered="True" />
            <Statement FileIndex="292" Line="112" Column="9" EndLine="112" EndColumn="48" Covered="True" />
            <Statement FileIndex="292" Line="113" Column="9" EndLine="113" EndColumn="99" Covered="True" />
            <Statement FileIndex="292" Line="116" Column="9" EndLine="116" EndColumn="66" Covered="True" />
            <Statement FileIndex="292" Line="119" Column="9" EndLine="119" EndColumn="64" Covered="True" />
            <Statement FileIndex="292" Line="120" Column="9" EndLine="124" EndColumn="57" Covered="True" />
            <Statement FileIndex="292" Line="125" Column="5" EndLine="125" EndColumn="6" Covered="True" />
          </Method>
        </Type>
        <Type Name="&lt;GetAll_ShouldReturn200_AndAllProducts&gt;d__3" CoveredStatements="6" TotalStatements="6" CoveragePercent="100">
          <Method Name="MoveNext():System.Void" CoveredStatements="6" TotalStatements="6" CoveragePercent="100">
            <Statement FileIndex="292" Line="28" Column="5" EndLine="28" EndColumn="6" Covered="True" />
            <Statement FileIndex="292" Line="33" Column="9" EndLine="33" EndColumn="63" Covered="True" />
            <Statement FileIndex="292" Line="36" Column="9" EndLine="36" EndColumn="105" Covered="True" />
            <Statement FileIndex="292" Line="37" Column="9" EndLine="37" EndColumn="64" Covered="True" />
            <Statement FileIndex="292" Line="39" Column="9" EndLine="44" EndColumn="42" Covered="True" />
            <Statement FileIndex="292" Line="45" Column="5" EndLine="45" EndColumn="6" Covered="True" />
          </Method>
        </Type>
        <Type Name="&lt;GetById_ShouldReturn200_AndExistingProduct&gt;d__4" CoveredStatements="8" TotalStatements="8" CoveragePercent="100">
          <Method Name="MoveNext():System.Void" CoveredStatements="8" TotalStatements="8" CoveragePercent="100">
            <Statement FileIndex="292" Line="49" Column="5" EndLine="49" EndColumn="6" Covered="True" />
            <Statement FileIndex="292" Line="51" Column="9" EndLine="51" EndColumn="70" Covered="True" />
            <Statement FileIndex="292" Line="52" Column="9" EndLine="52" EndColumn="104" Covered="True" />
            <Statement FileIndex="292" Line="55" Column="9" EndLine="55" EndColumn="63" Covered="True" />
            <Statement FileIndex="292" Line="58" Column="9" EndLine="58" EndColumn="91" Covered="True" />
            <Statement FileIndex="292" Line="59" Column="9" EndLine="59" EndColumn="64" Covered="True" />
            <Statement FileIndex="292" Line="61" Column="9" EndLine="66" EndColumn="42" Covered="True" />
            <Statement FileIndex="292" Line="67" Column="5" EndLine="67" EndColumn="6" Covered="True" />
          </Method>
        </Type>
        <Type Name="&lt;Update_ShouldReturn200_AndUpdateProduct&gt;d__6" CoveredStatements="8" TotalStatements="8" CoveragePercent="100">
          <Method Name="MoveNext():System.Void" CoveredStatements="8" TotalStatements="8" CoveragePercent="100">
            <Statement FileIndex="292" Line="90" Column="5" EndLine="90" EndColumn="6" Covered="True" />
            <Statement FileIndex="292" Line="92" Column="9" EndLine="92" EndColumn="49" Covered="True" />
            <Statement FileIndex="292" Line="93" Column="9" EndLine="93" EndColumn="100" Covered="True" />
            <Statement FileIndex="292" Line="94" Column="9" EndLine="94" EndColumn="99" Covered="True" />
            <Statement FileIndex="292" Line="97" Column="9" EndLine="97" EndColumn="85" Covered="True" />
            <Statement FileIndex="292" Line="100" Column="9" EndLine="100" EndColumn="64" Covered="True" />
            <Statement FileIndex="292" Line="101" Column="9" EndLine="105" EndColumn="42" Covered="True" />
            <Statement FileIndex="292" Line="106" Column="5" EndLine="106" EndColumn="6" Covered="True" />
          </Method>
        </Type>
        <Method Name=".ctor(CoffeeSpace.ProductApi.Tests.Integration.Fixtures.ProductApiFactory):System.Void" CoveredStatements="5" TotalStatements="5" CoveragePercent="100">
          <Statement FileIndex="292" Line="20" Column="5" EndLine="20" EndColumn="68" Covered="True" />
          <Statement FileIndex="292" Line="21" Column="5" EndLine="21" EndColumn="6" Covered="True" />
          <Statement FileIndex="292" Line="22" Column="9" EndLine="22" EndColumn="49" Covered="True" />
          <Statement FileIndex="292" Line="23" Column="9" EndLine="23" EndColumn="41" Covered="True" />
          <Statement FileIndex="292" Line="24" Column="5" EndLine="24" EndColumn="6" Covered="True" />
        </Method>
        <Method Name="DisposeAsync():System.Threading.Tasks.Task" CoveredStatements="3" TotalStatements="3" CoveragePercent="100">
          <Statement FileIndex="292" Line="134" Column="5" EndLine="134" EndColumn="6" Covered="True" />
          <Statement FileIndex="292" Line="135" Column="9" EndLine="135" EndColumn="35" Covered="True" />
          <Statement FileIndex="292" Line="136" Column="5" EndLine="136" EndColumn="6" Covered="True" />
        </Method>
        <Method Name="InitializeAsync():System.Threading.Tasks.Task" CoveredStatements="4" TotalStatements="4" CoveragePercent="100">
          <Statement FileIndex="292" Line="128" Column="5" EndLine="128" EndColumn="6" Covered="True" />
          <Statement FileIndex="292" Line="129" Column="9" EndLine="129" EndColumn="49" Covered="True" />
          <Statement FileIndex="292" Line="130" Column="9" EndLine="130" EndColumn="35" Covered="True" />
          <Statement FileIndex="292" Line="131" Column="5" EndLine="131" EndColumn="6" Covered="True" />
        </Method>
      </Type>
    </Namespace>
    <Namespace Name="CoffeeSpace.ProductApi.Tests.Integration.Fakers" CoveredStatements="45" TotalStatements="45" CoveragePercent="100">
      <Type Name="CreateProductRequestFaker" CoveredStatements="14" TotalStatements="14" CoveragePercent="100">
        <Type Name="&lt;&gt;c" CoveredStatements="5" TotalStatements="5" CoveragePercent="100">
          <Method Name="&lt;.ctor&gt;b__0_1(Bogus.Faker):System.String" CoveredStatements="1" TotalStatements="1" CoveragePercent="100">
            <Statement FileIndex="293" Line="12" Column="52" EndLine="12" EndColumn="80" Covered="True" />
          </Method>
          <Method Name="&lt;.ctor&gt;b__0_3(Bogus.Faker):System.String" CoveredStatements="1" TotalStatements="1" CoveragePercent="100">
            <Statement FileIndex="293" Line="13" Column="58" EndLine="13" EndColumn="93" Covered="True" />
          </Method>
          <Method Name="&lt;.ctor&gt;b__0_5(Bogus.Faker):System.Int32" CoveredStatements="1" TotalStatements="1" CoveragePercent="100">
            <Statement FileIndex="293" Line="14" Column="55" EndLine="14" EndColumn="78" Covered="True" />
          </Method>
          <Method Name="&lt;.ctor&gt;b__0_7(Bogus.Faker):System.Single" CoveredStatements="1" TotalStatements="1" CoveragePercent="100">
            <Statement FileIndex="293" Line="15" Column="55" EndLine="15" EndColumn="75" Covered="True" />
          </Method>
          <Method Name="&lt;.ctor&gt;b__0_9(Bogus.Faker):System.Single" CoveredStatements="1" TotalStatements="1" CoveragePercent="100">
            <Statement FileIndex="293" Line="16" Column="56" EndLine="16" EndColumn="81" Covered="True" />
          </Method>
        </Type>
        <Method Name=".ctor():System.Void" CoveredStatements="9" TotalStatements="9" CoveragePercent="100">
          <Statement FileIndex="293" Line="8" Column="5" EndLine="8" EndColumn="39" Covered="True" />
          <Statement FileIndex="293" Line="9" Column="5" EndLine="9" EndColumn="6" Covered="True" />
          <Statement FileIndex="293" Line="10" Column="9" EndLine="10" EndColumn="21" Covered="True" />
          <Statement FileIndex="293" Line="12" Column="9" EndLine="12" EndColumn="82" Covered="True" />
          <Statement FileIndex="293" Line="13" Column="9" EndLine="13" EndColumn="95" Covered="True" />
          <Statement FileIndex="293" Line="14" Column="9" EndLine="14" EndColumn="80" Covered="True" />
          <Statement FileIndex="293" Line="15" Column="9" EndLine="15" EndColumn="77" Covered="True" />
          <Statement FileIndex="293" Line="16" Column="9" EndLine="16" EndColumn="83" Covered="True" />
          <Statement FileIndex="293" Line="17" Column="5" EndLine="17" EndColumn="6" Covered="True" />
        </Method>
      </Type>
      <Type Name="ProductFaker" CoveredStatements="16" TotalStatements="16" CoveragePercent="100">
        <Type Name="&lt;&gt;c" CoveredStatements="6" TotalStatements="6" CoveragePercent="100">
          <Method Name="&lt;.ctor&gt;b__0_1(Bogus.Faker):System.String" CoveredStatements="1" TotalStatements="1" CoveragePercent="100">
            <Statement FileIndex="294" Line="12" Column="49" EndLine="12" EndColumn="79" Covered="True" />
          </Method>
          <Method Name="&lt;.ctor&gt;b__0_11(Bogus.Faker):System.Single" CoveredStatements="1" TotalStatements="1" CoveragePercent="100">
            <Statement FileIndex="294" Line="17" Column="56" EndLine="17" EndColumn="81" Covered="True" />
          </Method>
          <Method Name="&lt;.ctor&gt;b__0_3(Bogus.Faker):System.String" CoveredStatements="1" TotalStatements="1" CoveragePercent="100">
            <Statement FileIndex="294" Line="13" Column="52" EndLine="13" EndColumn="80" Covered="True" />
          </Method>
          <Method Name="&lt;.ctor&gt;b__0_5(Bogus.Faker):System.String" CoveredStatements="1" TotalStatements="1" CoveragePercent="100">
            <Statement FileIndex="294" Line="14" Column="58" EndLine="14" EndColumn="93" Covered="True" />
          </Method>
          <Method Name="&lt;.ctor&gt;b__0_7(Bogus.Faker):System.Int32" CoveredStatements="1" TotalStatements="1" CoveragePercent="100">
            <Statement FileIndex="294" Line="15" Column="55" EndLine="15" EndColumn="78" Covered="True" />
          </Method>
          <Method Name="&lt;.ctor&gt;b__0_9(Bogus.Faker):System.Single" CoveredStatements="1" TotalStatements="1" CoveragePercent="100">
            <Statement FileIndex="294" Line="16" Column="55" EndLine="16" EndColumn="75" Covered="True" />
          </Method>
        </Type>
        <Method Name=".ctor():System.Void" CoveredStatements="10" TotalStatements="10" CoveragePercent="100">
          <Statement FileIndex="294" Line="8" Column="5" EndLine="8" EndColumn="26" Covered="True" />
          <Statement FileIndex="294" Line="9" Column="5" EndLine="9" EndColumn="6" Covered="True" />
          <Statement FileIndex="294" Line="10" Column="9" EndLine="10" EndColumn="21" Covered="True" />
          <Statement FileIndex="294" Line="12" Column="9" EndLine="12" EndColumn="81" Covered="True" />
          <Statement FileIndex="294" Line="13" Column="9" EndLine="13" EndColumn="82" Covered="True" />
          <Statement FileIndex="294" Line="14" Column="9" EndLine="14" EndColumn="95" Covered="True" />
          <Statement FileIndex="294" Line="15" Column="9" EndLine="15" EndColumn="80" Covered="True" />
          <Statement FileIndex="294" Line="16" Column="9" EndLine="16" EndColumn="77" Covered="True" />
          <Statement FileIndex="294" Line="17" Column="9" EndLine="17" EndColumn="83" Covered="True" />
          <Statement FileIndex="294" Line="18" Column="5" EndLine="18" EndColumn="6" Covered="True" />
        </Method>
      </Type>
      <Type Name="UpdateProductRequestFaker" CoveredStatements="15" TotalStatements="15" CoveragePercent="100">
        <Type Name="&lt;&gt;c" CoveredStatements="5" TotalStatements="5" CoveragePercent="100">
          <Method Name="&lt;.ctor&gt;b__0_10(Bogus.Faker):System.Single" CoveredStatements="1" TotalStatements="1" CoveragePercent="100">
            <Statement FileIndex="295" Line="17" Column="56" EndLine="17" EndColumn="81" Covered="True" />
          </Method>
          <Method Name="&lt;.ctor&gt;b__0_2(Bogus.Faker):System.String" CoveredStatements="1" TotalStatements="1" CoveragePercent="100">
            <Statement FileIndex="295" Line="13" Column="52" EndLine="13" EndColumn="80" Covered="True" />
          </Method>
          <Method Name="&lt;.ctor&gt;b__0_4(Bogus.Faker):System.String" CoveredStatements="1" TotalStatements="1" CoveragePercent="100">
            <Statement FileIndex="295" Line="14" Column="58" EndLine="14" EndColumn="93" Covered="True" />
          </Method>
          <Method Name="&lt;.ctor&gt;b__0_6(Bogus.Faker):System.Int32" CoveredStatements="1" TotalStatements="1" CoveragePercent="100">
            <Statement FileIndex="295" Line="15" Column="55" EndLine="15" EndColumn="78" Covered="True" />
          </Method>
          <Method Name="&lt;.ctor&gt;b__0_8(Bogus.Faker):System.Single" CoveredStatements="1" TotalStatements="1" CoveragePercent="100">
            <Statement FileIndex="295" Line="16" Column="55" EndLine="16" EndColumn="75" Covered="True" />
          </Method>
        </Type>
        <Method Name=".ctor():System.Void" CoveredStatements="10" TotalStatements="10" CoveragePercent="100">
          <Statement FileIndex="295" Line="8" Column="5" EndLine="8" EndColumn="39" Covered="True" />
          <Statement FileIndex="295" Line="9" Column="5" EndLine="9" EndColumn="6" Covered="True" />
          <Statement FileIndex="295" Line="10" Column="9" EndLine="10" EndColumn="21" Covered="True" />
          <Statement FileIndex="295" Line="12" Column="9" EndLine="12" EndColumn="39" Covered="True" />
          <Statement FileIndex="295" Line="13" Column="9" EndLine="13" EndColumn="82" Covered="True" />
          <Statement FileIndex="295" Line="14" Column="9" EndLine="14" EndColumn="95" Covered="True" />
          <Statement FileIndex="295" Line="15" Column="9" EndLine="15" EndColumn="80" Covered="True" />
          <Statement FileIndex="295" Line="16" Column="9" EndLine="16" EndColumn="77" Covered="True" />
          <Statement FileIndex="295" Line="17" Column="9" EndLine="17" EndColumn="83" Covered="True" />
          <Statement FileIndex="295" Line="18" Column="5" EndLine="18" EndColumn="6" Covered="True" />
        </Method>
      </Type>
    </Namespace>
    <Namespace Name="CoffeeSpace.ProductApi.Tests.Integration.Fixtures" CoveredStatements="54" TotalStatements="54" CoveragePercent="100">
      <Type Name="ProductApiFactory" CoveredStatements="54" TotalStatements="54" CoveragePercent="100">
        <Type Name="&lt;DisposeAsync&gt;d__12" CoveredStatements="4" TotalStatements="4" CoveragePercent="100">
          <Method Name="MoveNext():System.Void" CoveredStatements="4" TotalStatements="4" CoveragePercent="100">
            <Statement FileIndex="296" Line="109" Column="5" EndLine="109" EndColumn="6" Covered="True" />
            <Statement FileIndex="296" Line="110" Column="9" EndLine="110" EndColumn="48" Covered="True" />
            <Statement FileIndex="296" Line="111" Column="9" EndLine="111" EndColumn="43" Covered="True" />
            <Statement FileIndex="296" Line="112" Column="5" EndLine="112" EndColumn="6" Covered="True" />
          </Method>
        </Type>
        <Type Name="&lt;InitializeAsync&gt;d__11" CoveredStatements="4" TotalStatements="4" CoveragePercent="100">
          <Method Name="MoveNext():System.Void" CoveredStatements="4" TotalStatements="4" CoveragePercent="100">
            <Statement FileIndex="296" Line="103" Column="5" EndLine="103" EndColumn="6" Covered="True" />
            <Statement FileIndex="296" Line="104" Column="9" EndLine="104" EndColumn="49" Covered="True" />
            <Statement FileIndex="296" Line="105" Column="9" EndLine="105" EndColumn="44" Covered="True" />
            <Statement FileIndex="296" Line="106" Column="5" EndLine="106" EndColumn="6" Covered="True" />
          </Method>
        </Type>
        <Method Name=".ctor():System.Void" CoveredStatements="6" TotalStatements="6" CoveragePercent="100">
          <Statement FileIndex="296" Line="37" Column="5" EndLine="37" EndColumn="31" Covered="True" />
          <Statement FileIndex="296" Line="38" Column="5" EndLine="38" EndColumn="6" Covered="True" />
          <Statement FileIndex="296" Line="39" Column="9" EndLine="45" EndColumn="22" Covered="True" />
          <Statement FileIndex="296" Line="47" Column="9" EndLine="50" EndColumn="22" Covered="True" />
          <Statement FileIndex="296" Line="52" Column="9" EndLine="52" EndColumn="66" Covered="True" />
          <Statement FileIndex="296" Line="53" Column="5" EndLine="53" EndColumn="6" Covered="True" />
        </Method>
        <Method Name="&lt;ConfigureWebHost&gt;b__8_0(Microsoft.Extensions.DependencyInjection.IServiceCollection):System.Void" CoveredStatements="10" TotalStatements="10" CoveragePercent="100">
          <Statement FileIndex="296" Line="71" Column="9" EndLine="71" EndColumn="10" Covered="True" />
          <Statement FileIndex="296" Line="72" Column="13" EndLine="75" EndColumn="27" Covered="True" />
          <Statement FileIndex="296" Line="77" Column="13" EndLine="77" EndColumn="91" Covered="True" />
          <Statement FileIndex="296" Line="78" Column="13" EndLine="78" EndColumn="100" Covered="True" />
          <Statement FileIndex="296" Line="80" Column="13" EndLine="80" EndColumn="48" Covered="True" />
          <Statement FileIndex="296" Line="81" Column="13" EndLine="81" EndColumn="51" Covered="True" />
          <Statement FileIndex="296" Line="83" Column="13" EndLine="83" EndColumn="37" Covered="True" />
          <Statement FileIndex="296" Line="84" Column="13" EndLine="84" EndColumn="40" Covered="True" />
          <Statement FileIndex="296" Line="85" Column="9" EndLine="85" EndColumn="10" Covered="True" />
          <Statement FileIndex="296" Line="85" Column="9" EndLine="85" EndColumn="10" Covered="True" />
        </Method>
        <Method Name="&lt;ConfigureWebHost&gt;b__8_1(System.IServiceProvider):Microsoft.EntityFrameworkCore.DbContextOptions&lt;CoffeeSpace.ProductApi.Persistence.ProductDbContext&gt;" CoveredStatements="1" TotalStatements="1" CoveragePercent="100">
          <Statement FileIndex="296" Line="72" Column="37" EndLine="75" EndColumn="25" Covered="True" />
        </Method>
        <Method Name="ConfigureClient(System.Net.Http.HttpClient):System.Void" CoveredStatements="5" TotalStatements="5" CoveragePercent="100">
          <Statement FileIndex="296" Line="89" Column="5" EndLine="89" EndColumn="6" Covered="True" />
          <Statement FileIndex="296" Line="90" Column="9" EndLine="90" EndColumn="86" Covered="True" />
          <Statement FileIndex="296" Line="91" Column="9" EndLine="91" EndColumn="48" Covered="True" />
          <Statement FileIndex="296" Line="93" Column="9" EndLine="93" EndColumn="101" Covered="True" />
          <Statement FileIndex="296" Line="94" Column="5" EndLine="94" EndColumn="6" Covered="True" />
        </Method>
        <Method Name="ConfigureWebHost(Microsoft.AspNetCore.Hosting.IWebHostBuilder):System.Void" CoveredStatements="13" TotalStatements="13" CoveragePercent="100">
          <Statement FileIndex="296" Line="56" Column="5" EndLine="56" EndColumn="6" Covered="True" />
          <Statement FileIndex="296" Line="57" Column="9" EndLine="57" EndColumn="103" Covered="True" />
          <Statement FileIndex="296" Line="58" Column="9" EndLine="58" EndColumn="93" Covered="True" />
          <Statement FileIndex="296" Line="60" Column="9" EndLine="60" EndColumn="48" Covered="True" />
          <Statement FileIndex="296" Line="61" Column="9" EndLine="61" EndColumn="53" Covered="True" />
          <Statement FileIndex="296" Line="62" Column="9" EndLine="62" EndColumn="53" Covered="True" />
          <Statement FileIndex="296" Line="64" Column="9" EndLine="64" EndColumn="68" Covered="True" />
          <Statement FileIndex="296" Line="65" Column="9" EndLine="65" EndColumn="66" Covered="True" />
          <Statement FileIndex="296" Line="66" Column="9" EndLine="66" EndColumn="65" Covered="True" />
          <Statement FileIndex="296" Line="67" Column="9" EndLine="67" EndColumn="47" Covered="True" />
          <Statement FileIndex="296" Line="69" Column="9" EndLine="69" EndColumn="77" Covered="True" />
          <Statement FileIndex="296" Line="70" Column="9" EndLine="85" EndColumn="12" Covered="True" />
          <Statement FileIndex="296" Line="86" Column="5" EndLine="86" EndColumn="6" Covered="True" />
        </Method>
        <Method Name="get_Products():System.Collections.Generic.IEnumerable&lt;CoffeeSpace.Domain.Products.Product&gt;" CoveredStatements="1" TotalStatements="1" CoveragePercent="100">
          <Statement FileIndex="296" Line="35" Column="44" EndLine="35" EndColumn="48" Covered="True" />
        </Method>
        <Method Name="InitializeVerify():System.Void" CoveredStatements="3" TotalStatements="3" CoveragePercent="100">
          <Statement FileIndex="296" Line="98" Column="5" EndLine="98" EndColumn="6" Covered="True" />
          <Statement FileIndex="296" Line="99" Column="9" EndLine="99" EndColumn="52" Covered="True" />
          <Statement FileIndex="296" Line="100" Column="5" EndLine="100" EndColumn="6" Covered="True" />
        </Method>
        <Method Name="set_Products(System.Collections.Generic.IEnumerable&lt;CoffeeSpace.Domain.Products.Product&gt;):System.Void" CoveredStatements="1" TotalStatements="1" CoveragePercent="100">
          <Statement FileIndex="296" Line="35" Column="49" EndLine="35" EndColumn="54" Covered="True" />
        </Method>
        <Method Name="WriteToken(CoffeeSpace.Core.Settings.JwtSettings):System.String" CoveredStatements="6" TotalStatements="6" CoveragePercent="100">
          <Statement FileIndex="296" Line="115" Column="5" EndLine="115" EndColumn="6" Covered="True" />
          <Statement FileIndex="296" Line="116" Column="9" EndLine="116" EndColumn="94" Covered="True" />
          <Statement FileIndex="296" Line="117" Column="9" EndLine="117" EndColumn="104" Covered="True" />
          <Statement FileIndex="296" Line="118" Column="9" EndLine="124" EndColumn="26" Covered="True" />
          <Statement FileIndex="296" Line="126" Column="9" EndLine="126" EndColumn="75" Covered="True" />
          <Statement FileIndex="296" Line="127" Column="5" EndLine="127" EndColumn="6" Covered="True" />
        </Method>
      </Type>
    </Namespace>
  </Assembly>
  <Assembly Name="CoffeeSpace.ShipmentService" CoveredStatements="9" TotalStatements="35" CoveragePercent="26">
    <Namespace Name="CoffeeSpace.ShipmentService.Consumers" CoveredStatements="9" TotalStatements="9" CoveragePercent="100">
      <Type Name="RequestOrderShipmentConsumer" CoveredStatements="9" TotalStatements="9" CoveragePercent="100">
        <Type Name="&lt;Consume&gt;d__2" CoveredStatements="5" TotalStatements="5" CoveragePercent="100">
          <Method Name="MoveNext():System.Void" CoveredStatements="5" TotalStatements="5" CoveragePercent="100">
            <Statement FileIndex="41" Line="17" Column="5" EndLine="17" EndColumn="6" Covered="True" />
            <Statement FileIndex="41" Line="19" Column="9" EndLine="19" EndColumn="51" Covered="True" />
            <Statement FileIndex="41" Line="21" Column="9" EndLine="21" EndColumn="138" Covered="True" />
            <Statement FileIndex="41" Line="22" Column="9" EndLine="26" EndColumn="12" Covered="True" />
            <Statement FileIndex="41" Line="27" Column="5" EndLine="27" EndColumn="6" Covered="True" />
          </Method>
        </Type>
        <Method Name=".ctor(Microsoft.Extensions.Logging.ILogger&lt;CoffeeSpace.ShipmentService.Consumers.RequestOrderShipmentConsumer&gt;):System.Void" CoveredStatements="4" TotalStatements="4" CoveragePercent="100">
          <Statement FileIndex="41" Line="11" Column="5" EndLine="11" EndColumn="86" Covered="True" />
          <Statement FileIndex="41" Line="12" Column="5" EndLine="12" EndColumn="6" Covered="True" />
          <Statement FileIndex="41" Line="13" Column="9" EndLine="13" EndColumn="26" Covered="True" />
          <Statement FileIndex="41" Line="14" Column="5" EndLine="14" EndColumn="6" Covered="True" />
        </Method>
      </Type>
    </Namespace>
    <Type Name="Program" CoveredStatements="0" TotalStatements="26" CoveragePercent="0">
      <Type Name="&lt;&gt;c" CoveredStatements="0" TotalStatements="13" CoveragePercent="0">
        <Method Name="&lt;&lt;Main&gt;$&gt;b__0_0(Microsoft.Extensions.Hosting.HostBuilderContext,Serilog.LoggerConfiguration):System.Void" CoveredStatements="0" TotalStatements="1" CoveragePercent="0">
          <Statement FileIndex="42" Line="11" Column="5" EndLine="11" EndColumn="64" Covered="False" />
        </Method>
        <Method Name="&lt;&lt;Main&gt;$&gt;b__0_1(MassTransit.IBusRegistrationConfigurator):System.Void" CoveredStatements="0" TotalStatements="5" CoveragePercent="0">
          <Statement FileIndex="42" Line="20" Column="1" EndLine="20" EndColumn="2" Covered="False" />
          <Statement FileIndex="42" Line="21" Column="5" EndLine="21" EndColumn="43" Covered="False" />
          <Statement FileIndex="42" Line="22" Column="5" EndLine="22" EndColumn="51" Covered="False" />
          <Statement FileIndex="42" Line="24" Column="5" EndLine="36" EndColumn="8" Covered="False" />
          <Statement FileIndex="42" Line="37" Column="1" EndLine="37" EndColumn="2" Covered="False" />
        </Method>
        <Method Name="&lt;&lt;Main&gt;$&gt;b__0_2(MassTransit.IBusRegistrationContext,MassTransit.IAmazonSqsBusFactoryConfigurator):System.Void" CoveredStatements="0" TotalStatements="7" CoveragePercent="0">
          <Statement FileIndex="42" Line="25" Column="5" EndLine="25" EndColumn="6" Covered="False" />
          <Statement FileIndex="42" Line="26" Column="9" EndLine="26" EndColumn="94" Covered="False" />
          <Statement FileIndex="42" Line="27" Column="9" EndLine="31" EndColumn="12" Covered="False" />
          <Statement FileIndex="42" Line="32" Column="9" EndLine="32" EndColumn="46" Covered="False" />
          <Statement FileIndex="42" Line="33" Column="9" EndLine="33" EndColumn="48" Covered="False" />
          <Statement FileIndex="42" Line="35" Column="9" EndLine="35" EndColumn="44" Covered="False" />
          <Statement FileIndex="42" Line="36" Column="5" EndLine="36" EndColumn="6" Covered="False" />
        </Method>
      </Type>
      <Type Name="&lt;&gt;c__DisplayClass0_0" CoveredStatements="0" TotalStatements="4" CoveragePercent="0">
        <Method Name="&lt;&lt;Main&gt;$&gt;b__3(MassTransit.IAmazonSqsHostConfigurator):System.Void" CoveredStatements="0" TotalStatements="4" CoveragePercent="0">
          <Statement FileIndex="42" Line="28" Column="9" EndLine="28" EndColumn="10" Covered="False" />
          <Statement FileIndex="42" Line="29" Column="13" EndLine="29" EndColumn="57" Covered="False" />
          <Statement FileIndex="42" Line="30" Column="13" EndLine="30" EndColumn="57" Covered="False" />
          <Statement FileIndex="42" Line="31" Column="9" EndLine="31" EndColumn="10" Covered="False" />
        </Method>
      </Type>
      <Method Name="&lt;Main&gt;$(System.String[]):System.Void" CoveredStatements="0" TotalStatements="9" CoveragePercent="0">
        <Statement FileIndex="42" Line="8" Column="1" EndLine="8" EndColumn="50" Covered="False" />
        <Statement FileIndex="42" Line="10" Column="1" EndLine="11" EndColumn="66" Covered="False" />
        <Statement FileIndex="42" Line="13" Column="1" EndLine="13" EndColumn="42" Covered="False" />
        <Statement FileIndex="42" Line="15" Column="2" EndLine="17" EndColumn="25" Covered="False" />
        <Statement FileIndex="42" Line="19" Column="1" EndLine="37" EndColumn="4" Covered="False" />
        <Statement FileIndex="42" Line="39" Column="1" EndLine="39" EndColumn="36" Covered="False" />
        <Statement FileIndex="42" Line="41" Column="1" EndLine="41" EndColumn="27" Covered="False" />
        <Statement FileIndex="42" Line="43" Column="1" EndLine="43" EndColumn="33" Covered="False" />
        <Statement FileIndex="42" Line="45" Column="1" EndLine="45" EndColumn="11" Covered="False" />
      </Method>
    </Type>
  </Assembly>
  <Assembly Name="CoffeeSpace.ShipmentService.Tests" CoveredStatements="20" TotalStatements="20" CoveragePercent="100">
    <Namespace Name="CoffeeSpace.ShipmentService.Tests.Consumers" CoveredStatements="20" TotalStatements="20" CoveragePercent="100">
      <Type Name="RequestOrderShipmentConsumerTests" CoveredStatements="20" TotalStatements="20" CoveragePercent="100">
        <Type Name="&lt;&gt;c" CoveredStatements="1" TotalStatements="1" CoveragePercent="100">
          <Method Name="&lt;.ctor&gt;b__3_0(MassTransit.IBusRegistrationConfigurator):System.Void" CoveredStatements="1" TotalStatements="1" CoveragePercent="100">
            <Statement FileIndex="490" Line="24" Column="50" EndLine="24" EndColumn="100" Covered="True" />
          </Method>
        </Type>
        <Type Name="&lt;Consume_ShouldConsumeMessage_AndReturnResponse&gt;d__4" CoveredStatements="6" TotalStatements="6" CoveragePercent="100">
          <Method Name="MoveNext():System.Void" CoveredStatements="6" TotalStatements="6" CoveragePercent="100">
            <Statement FileIndex="490" Line="33" Column="5" EndLine="33" EndColumn="6" Covered="True" />
            <Statement FileIndex="490" Line="35" Column="9" EndLine="35" EndColumn="103" Covered="True" />
            <Statement FileIndex="490" Line="38" Column="9" EndLine="41" EndColumn="12" Covered="True" />
            <Statement FileIndex="490" Line="44" Column="9" EndLine="44" EndColumn="92" Covered="True" />
            <Statement FileIndex="490" Line="45" Column="9" EndLine="45" EndColumn="39" Covered="True" />
            <Statement FileIndex="490" Line="46" Column="5" EndLine="46" EndColumn="6" Covered="True" />
          </Method>
        </Type>
        <Type Name="&lt;DisposeAsync&gt;d__6" CoveredStatements="3" TotalStatements="3" CoveragePercent="100">
          <Method Name="MoveNext():System.Void" CoveredStatements="3" TotalStatements="3" CoveragePercent="100">
            <Statement FileIndex="490" Line="54" Column="5" EndLine="54" EndColumn="6" Covered="True" />
            <Statement FileIndex="490" Line="55" Column="9" EndLine="55" EndColumn="35" Covered="True" />
            <Statement FileIndex="490" Line="56" Column="5" EndLine="56" EndColumn="6" Covered="True" />
          </Method>
        </Type>
        <Type Name="&lt;InitializeAsync&gt;d__5" CoveredStatements="3" TotalStatements="3" CoveragePercent="100">
          <Method Name="MoveNext():System.Void" CoveredStatements="3" TotalStatements="3" CoveragePercent="100">
            <Statement FileIndex="490" Line="49" Column="5" EndLine="49" EndColumn="6" Covered="True" />
            <Statement FileIndex="490" Line="50" Column="9" EndLine="50" EndColumn="36" Covered="True" />
            <Statement FileIndex="490" Line="51" Column="5" EndLine="51" EndColumn="6" Covered="True" />
          </Method>
        </Type>
        <Method Name=".ctor():System.Void" CoveredStatements="7" TotalStatements="7" CoveragePercent="100">
          <Statement FileIndex="490" Line="20" Column="5" EndLine="20" EndColumn="47" Covered="True" />
          <Statement FileIndex="490" Line="21" Column="5" EndLine="21" EndColumn="6" Covered="True" />
          <Statement FileIndex="490" Line="22" Column="9" EndLine="22" EndColumn="34" Covered="True" />
          <Statement FileIndex="490" Line="23" Column="9" EndLine="25" EndColumn="41" Covered="True" />
          <Statement FileIndex="490" Line="27" Column="9" EndLine="27" EndColumn="57" Covered="True" />
          <Statement FileIndex="490" Line="28" Column="9" EndLine="28" EndColumn="96" Covered="True" />
          <Statement FileIndex="490" Line="29" Column="5" EndLine="29" EndColumn="6" Covered="True" />
        </Method>
      </Type>
    </Namespace>
  </Assembly>
</Root>